{"type":"operationStart","subtype":"profile","data":{"_id":"xlOTezL8NxV4JGlO","timestamp":"2022-10-05T21:20:23.357Z","state":"queued","mode":"standard","creationDate":"2022-10-05T21:20:23.365Z","modificationDate":"2022-10-05T21:20:23.365Z","shortid":"oCEaqcJ","$entitySet":"profiles"},"doDiffs":false,"timestamp":1665004823363,"id":"vx995tg53dih7i1","previousOperationId":null,"operationId":"67mhr5z686wfip0"}
{"type":"log","level":"info","message":"Render request 1 queued for execution and waiting for available worker","previousOperationId":"67mhr5z686wfip0","timestamp":1665004823363,"id":"1wtlszvvdy2hfwn"}
{"type":"operationStart","subtype":"render","name":"anonymous","previousOperationId":"67mhr5z686wfip0","timestamp":1665004823438,"id":"vcdgxovj0b65wpm","previousEventId":"vx995tg53dih7i1","operationId":"zidt59co347n1l2"}
{"type":"log","timestamp":1665004823446,"level":"info","message":"Starting rendering request 1 (user: null)","meta":{"rootId":"0mgty2a7f4y0pds","id":"0mgty2a7f4y0pds"},"id":"p484088ddidv8tw","previousOperationId":"zidt59co347n1l2"}
{"type":"log","timestamp":1665004823484,"level":"info","message":"Rendering anonymous template { recipe: chrome-pdf, engine: handlebars }","meta":{"rootId":"0mgty2a7f4y0pds","id":"0mgty2a7f4y0pds"},"id":"pho8c999gmn7432","previousOperationId":"zidt59co347n1l2"}
{"type":"log","timestamp":1665004823492,"level":"debug","message":"Inline data specified.","meta":{"rootId":"0mgty2a7f4y0pds","id":"0mgty2a7f4y0pds"},"id":"9owdgevz6io09iv","previousOperationId":"zidt59co347n1l2"}
{"type":"log","timestamp":1665004823506,"level":"debug","message":"Base url not specified, skipping its injection.","meta":{"rootId":"0mgty2a7f4y0pds","id":"0mgty2a7f4y0pds"},"id":"4olg6zarz7csg4t","previousOperationId":"zidt59co347n1l2"}
{"type":"operationStart","subtype":"engine","name":"handlebars","timestamp":1665004823509,"id":"jvn9ltpuwqubgas","previousEventId":"vcdgxovj0b65wpm","operationId":"hzwwsi1mstfimt3","previousOperationId":"zidt59co347n1l2"}
{"type":"log","timestamp":1665004823509,"level":"debug","message":"Rendering engine handlebars","meta":{"rootId":"0mgty2a7f4y0pds","id":"0mgty2a7f4y0pds"},"id":"r59d9qfjv3zh6ac","previousOperationId":"hzwwsi1mstfimt3"}
{"type":"operationEnd","operationId":"hzwwsi1mstfimt3","timestamp":1665004825537,"id":"1o459yu460kv4jr","previousEventId":"jvn9ltpuwqubgas","previousOperationId":"hzwwsi1mstfimt3"}
{"type":"operationStart","subtype":"recipe","name":"chrome-pdf","timestamp":1665004825538,"id":"qrdkp70tefklo55","previousEventId":"1o459yu460kv4jr","operationId":"ekce3zec8nqxghi","previousOperationId":"hzwwsi1mstfimt3"}
{"type":"log","timestamp":1665004825538,"level":"debug","message":"Executing recipe chrome-pdf","meta":{"rootId":"0mgty2a7f4y0pds","id":"0mgty2a7f4y0pds"},"id":"hpjw0c0z671wlox","previousOperationId":"ekce3zec8nqxghi"}
{"type":"log","timestamp":1665004825743,"level":"debug","message":"Starting child request to render pdf header","meta":{"rootId":"0mgty2a7f4y0pds","id":"0mgty2a7f4y0pds"},"id":"rghbcm71azvzshs","previousOperationId":"ekce3zec8nqxghi"}
{"type":"operationStart","subtype":"render","name":"anonymous","previousOperationId":"ekce3zec8nqxghi","timestamp":1665004825745,"id":"6hxv02w3xywtvv8","previousEventId":"qrdkp70tefklo55","operationId":"zxt7rq0spcow8lt"}
{"type":"log","timestamp":1665004825745,"level":"info","message":"Starting rendering request 1 (user: null)","meta":{"rootId":"0mgty2a7f4y0pds","id":"6r7k9l97xin9yn1"},"id":"2quugxml6uzgyqe","previousOperationId":"zxt7rq0spcow8lt"}
{"type":"log","timestamp":1665004825745,"level":"info","message":"Rendering anonymous template { recipe: html, engine: handlebars }","meta":{"rootId":"0mgty2a7f4y0pds","id":"6r7k9l97xin9yn1"},"id":"s187r9ukaco1shh","previousOperationId":"zxt7rq0spcow8lt"}
{"type":"log","timestamp":1665004825745,"level":"debug","message":"Inline data specified.","meta":{"rootId":"0mgty2a7f4y0pds","id":"6r7k9l97xin9yn1"},"id":"t406qbff4jvezj5","previousOperationId":"zxt7rq0spcow8lt"}
{"type":"log","timestamp":1665004825753,"level":"debug","message":"Base url not specified, skipping its injection.","meta":{"rootId":"0mgty2a7f4y0pds","id":"6r7k9l97xin9yn1"},"id":"9boa9muno6lcefa","previousOperationId":"zxt7rq0spcow8lt"}
{"type":"log","timestamp":1665004825763,"level":"debug","message":"Replaced assets [\"./src/reporting/assets/logo.png\"]","meta":{"rootId":"0mgty2a7f4y0pds","id":"6r7k9l97xin9yn1"},"id":"tll9khpap013a53","previousOperationId":"zxt7rq0spcow8lt"}
{"type":"operationStart","subtype":"engine","name":"handlebars","timestamp":1665004825764,"id":"nvt5hr675wsn8la","previousEventId":"6hxv02w3xywtvv8","operationId":"o5poiv65tioj6yg","previousOperationId":"zxt7rq0spcow8lt"}
{"type":"log","timestamp":1665004825764,"level":"debug","message":"Rendering engine handlebars","meta":{"rootId":"0mgty2a7f4y0pds","id":"6r7k9l97xin9yn1"},"id":"uq0qd5wrd8fy95h","previousOperationId":"o5poiv65tioj6yg"}
{"type":"operationEnd","operationId":"o5poiv65tioj6yg","timestamp":1665004825801,"id":"0r5ifq1m1gn07w6","previousEventId":"nvt5hr675wsn8la","previousOperationId":"o5poiv65tioj6yg"}
{"type":"operationStart","subtype":"recipe","name":"html","timestamp":1665004825803,"id":"gx7zf2betpqgkjl","previousEventId":"0r5ifq1m1gn07w6","operationId":"odmuvzlyjiz4ws8","previousOperationId":"o5poiv65tioj6yg"}
{"type":"log","timestamp":1665004825803,"level":"debug","message":"Executing recipe html","meta":{"rootId":"0mgty2a7f4y0pds","id":"6r7k9l97xin9yn1"},"id":"4mncs02epekfthz","previousOperationId":"odmuvzlyjiz4ws8"}
{"type":"operationEnd","operationId":"odmuvzlyjiz4ws8","timestamp":1665004825803,"id":"s2bj8udn4y4zntr","previousEventId":"gx7zf2betpqgkjl","previousOperationId":"odmuvzlyjiz4ws8"}
{"type":"log","timestamp":1665004825805,"level":"debug","message":"Skipping storing report.","meta":{"rootId":"0mgty2a7f4y0pds","id":"6r7k9l97xin9yn1"},"id":"pkxwrdhnuv4xllr","previousOperationId":"odmuvzlyjiz4ws8"}
{"type":"log","timestamp":1665004825806,"level":"info","message":"Rendering request 1 finished in 2451 ms","meta":{"rootId":"0mgty2a7f4y0pds","id":"6r7k9l97xin9yn1"},"id":"yukrkmy8d0y725w","previousOperationId":"odmuvzlyjiz4ws8"}
{"type":"operationEnd","subtype":"render","operationId":"zxt7rq0spcow8lt","timestamp":1665004825806,"id":"llf3he2urv1c374","previousEventId":"s2bj8udn4y4zntr","previousOperationId":"odmuvzlyjiz4ws8"}
{"type":"log","timestamp":1665004825807,"level":"debug","message":"Starting child request to render pdf footer","meta":{"rootId":"0mgty2a7f4y0pds","id":"0mgty2a7f4y0pds"},"id":"3bdz82j7tn9ayb4","previousOperationId":"ekce3zec8nqxghi"}
{"type":"operationStart","subtype":"render","name":"anonymous","previousOperationId":"ekce3zec8nqxghi","timestamp":1665004825807,"id":"2v7wygxrgvmtp0c","previousEventId":"qrdkp70tefklo55","operationId":"9py8mduqmmvp8ag"}
{"type":"log","timestamp":1665004825807,"level":"info","message":"Starting rendering request 1 (user: null)","meta":{"rootId":"0mgty2a7f4y0pds","id":"6924ld7m1gl53yc"},"id":"l9kd62n98z93di8","previousOperationId":"9py8mduqmmvp8ag"}
{"type":"log","timestamp":1665004825808,"level":"info","message":"Rendering anonymous template { recipe: html, engine: handlebars }","meta":{"rootId":"0mgty2a7f4y0pds","id":"6924ld7m1gl53yc"},"id":"mhxp4yb6umryi4e","previousOperationId":"9py8mduqmmvp8ag"}
{"type":"log","timestamp":1665004825808,"level":"debug","message":"Inline data specified.","meta":{"rootId":"0mgty2a7f4y0pds","id":"6924ld7m1gl53yc"},"id":"mporvcnh6j8241n","previousOperationId":"9py8mduqmmvp8ag"}
{"type":"log","timestamp":1665004825815,"level":"debug","message":"Base url not specified, skipping its injection.","meta":{"rootId":"0mgty2a7f4y0pds","id":"6924ld7m1gl53yc"},"id":"2xxsxxtq00omxhd","previousOperationId":"9py8mduqmmvp8ag"}
{"type":"operationStart","subtype":"engine","name":"handlebars","timestamp":1665004825815,"id":"upoqkkjapgxr1p3","previousEventId":"2v7wygxrgvmtp0c","operationId":"efuiltdf86rn1nl","previousOperationId":"9py8mduqmmvp8ag"}
{"type":"log","timestamp":1665004825815,"level":"debug","message":"Rendering engine handlebars","meta":{"rootId":"0mgty2a7f4y0pds","id":"6924ld7m1gl53yc"},"id":"6t4xc6j0wfcnht2","previousOperationId":"efuiltdf86rn1nl"}
{"type":"operationEnd","operationId":"efuiltdf86rn1nl","timestamp":1665004825848,"id":"9om3aqgah5s2p1e","previousEventId":"upoqkkjapgxr1p3","previousOperationId":"efuiltdf86rn1nl"}
{"type":"operationStart","subtype":"recipe","name":"html","timestamp":1665004825849,"id":"3udxfqzf821l5r1","previousEventId":"9om3aqgah5s2p1e","operationId":"oxhy5u9svsrr8dv","previousOperationId":"efuiltdf86rn1nl"}
{"type":"log","timestamp":1665004825849,"level":"debug","message":"Executing recipe html","meta":{"rootId":"0mgty2a7f4y0pds","id":"6924ld7m1gl53yc"},"id":"79xa5c456437771","previousOperationId":"oxhy5u9svsrr8dv"}
{"type":"operationEnd","operationId":"oxhy5u9svsrr8dv","timestamp":1665004825849,"id":"fmk2x1tis27o1b2","previousEventId":"3udxfqzf821l5r1","previousOperationId":"oxhy5u9svsrr8dv"}
{"type":"log","timestamp":1665004825849,"level":"debug","message":"Skipping storing report.","meta":{"rootId":"0mgty2a7f4y0pds","id":"6924ld7m1gl53yc"},"id":"75b18hs6kc5jg4x","previousOperationId":"oxhy5u9svsrr8dv"}
{"type":"log","timestamp":1665004825849,"level":"info","message":"Rendering request 1 finished in 2494 ms","meta":{"rootId":"0mgty2a7f4y0pds","id":"6924ld7m1gl53yc"},"id":"rnj3126846bgr3s","previousOperationId":"oxhy5u9svsrr8dv"}
{"type":"operationEnd","subtype":"render","operationId":"9py8mduqmmvp8ag","timestamp":1665004825849,"id":"6jd5b4ybniikyqt","previousEventId":"fmk2x1tis27o1b2","previousOperationId":"oxhy5u9svsrr8dv"}
{"type":"log","timestamp":1665004827041,"level":"debug","message":"Converting with chrome HeadlessChrome/98.0.4758.0 using chrome-pool strategy","meta":{"rootId":"0mgty2a7f4y0pds","id":"0mgty2a7f4y0pds"},"id":"4s46ilu1dctp2ks","previousOperationId":"ekce3zec8nqxghi"}
{"type":"log","timestamp":1665004828319,"level":"debug","message":"Page request: GET (document) file:///var/folders/8m/98z140gs3yzbw6jqmpbh8b8m0000gn/T/jsreport/autocleanup/e7b6f5e4-889f-46a4-867f-b5ae883d0ee9-chrome-pdf.html","meta":{"rootId":"0mgty2a7f4y0pds","id":"0mgty2a7f4y0pds"},"id":"9cdhks7250g1rf7","previousOperationId":"ekce3zec8nqxghi"}
{"type":"log","timestamp":1665004828347,"level":"debug","message":"Page request finished: GET (document) file:///var/folders/8m/98z140gs3yzbw6jqmpbh8b8m0000gn/T/jsreport/autocleanup/e7b6f5e4-889f-46a4-867f-b5ae883d0ee9-chrome-pdf.html","meta":{"rootId":"0mgty2a7f4y0pds","id":"0mgty2a7f4y0pds"},"id":"eglh9i80ms4ibio","previousOperationId":"ekce3zec8nqxghi"}
{"type":"log","timestamp":1665004828359,"level":"debug","message":"Page request: GET (stylesheet) https://fonts.googleapis.com/css2?family=Montserrat:wght@500&family=Open+Sans:wght@300&display=swap","meta":{"rootId":"0mgty2a7f4y0pds","id":"0mgty2a7f4y0pds"},"id":"d6hrovtr509mmhr","previousOperationId":"ekce3zec8nqxghi"}
{"type":"log","timestamp":1665004829936,"level":"debug","message":"Page request finished: GET (stylesheet) 200 https://fonts.googleapis.com/css2?family=Montserrat:wght@500&family=Open+Sans:wght@300&display=swap","meta":{"rootId":"0mgty2a7f4y0pds","id":"0mgty2a7f4y0pds"},"id":"qglsebvnkko5mgq","previousOperationId":"ekce3zec8nqxghi"}
{"type":"log","timestamp":1665004830009,"level":"debug","message":"Page request: GET (font) https://fonts.gstatic.com/s/opensans/v34/memSYaGs126MiZpBA-UvWbX2vVnXBbObj2OVZyOOSr4dVJWUgsiH0B4gaVQUwaEQbjA.woff","meta":{"rootId":"0mgty2a7f4y0pds","id":"0mgty2a7f4y0pds"},"id":"nspgw5aixpue5rj","previousOperationId":"ekce3zec8nqxghi"}
{"type":"log","timestamp":1665004830018,"level":"debug","message":"Running chrome with params {\"scale\":1,\"displayHeaderFooter\":true,\"headerTemplate\":\"...\",\"footerTemplate\":\"...\",\"printBackground\":true,\"pageRanges\":\"\",\"format\":\"A4\",\"width\":\"\",\"height\":\"\",\"marginTop\":\"470px\",\"marginRight\":\"20px\",\"marginBottom\":\"80px\",\"marginLeft\":\"20px\",\"waitForJS\":false,\"waitForNetworkIddle\":false,\"timeout\":57505,\"waitForNetworkIdle\":false,\"margin\":{\"top\":\"470px\",\"right\":\"20px\",\"bottom\":\"80px\",\"left\":\"20px\"}}","meta":{"rootId":"0mgty2a7f4y0pds","id":"0mgty2a7f4y0pds"},"id":"9hv8mycdfnhoi43","previousOperationId":"ekce3zec8nqxghi"}
{"type":"log","timestamp":1665004830027,"level":"debug","message":"Page request: GET (font) https://fonts.gstatic.com/s/opensans/v34/memSYaGs126MiZpBA-UvWbX2vVnXBbObj2OVZyOOSr4dVJWUgsiH0B4gaVQUwaEQbjA.woff","meta":{"rootId":"0mgty2a7f4y0pds","id":"0mgty2a7f4y0pds"},"id":"vfxr74qgzijug4u","previousOperationId":"ekce3zec8nqxghi"}
{"type":"operationEnd","operationId":"ekce3zec8nqxghi","timestamp":1665004830427,"id":"2dcl1lnuq20fixy","previousEventId":"qrdkp70tefklo55","previousOperationId":"ekce3zec8nqxghi"}
{"type":"log","timestamp":1665004830427,"level":"debug","message":"Skipping storing report.","meta":{"rootId":"0mgty2a7f4y0pds","id":"0mgty2a7f4y0pds"},"id":"11elz81raubmyfd","previousOperationId":"ekce3zec8nqxghi"}
{"type":"log","timestamp":1665004830428,"level":"info","message":"Rendering request 1 finished in 7073 ms","meta":{"rootId":"0mgty2a7f4y0pds","id":"0mgty2a7f4y0pds"},"id":"wfkb6zin0n005sd","previousOperationId":"ekce3zec8nqxghi"}
{"type":"operationEnd","subtype":"render","operationId":"zidt59co347n1l2","timestamp":1665004830428,"id":"j83vc2fivmkunbu","previousEventId":"2dcl1lnuq20fixy","previousOperationId":"ekce3zec8nqxghi"}
{"type":"operationEnd","doDiffs":false,"previousEventId":"vx995tg53dih7i1","previousOperationId":"67mhr5z686wfip0","operationId":"67mhr5z686wfip0","timestamp":1665004830443,"id":"jwfy2f60obdkqdp"}
