{"type":"operationStart","subtype":"profile","data":{"_id":"MHRsYdYx7f5TjYzY","timestamp":"2023-01-29T10:16:35.960Z","state":"queued","mode":"standard","creationDate":"2023-01-29T10:16:35.963Z","modificationDate":"2023-01-29T10:16:35.963Z","shortid":"ZzszuA8","$entitySet":"profiles"},"doDiffs":false,"timestamp":1674987395961,"id":"lctkj8siqd0etf9","previousOperationId":null,"operationId":"8r2l0u4xoesjbw9"}
{"type":"log","level":"info","message":"Render request 1 queued for execution and waiting for available worker","previousOperationId":"8r2l0u4xoesjbw9","timestamp":1674987395961,"id":"g6dfz2ezvdap7cx"}
{"type":"operationStart","subtype":"render","name":"anonymous","previousOperationId":"8r2l0u4xoesjbw9","timestamp":1674987395983,"id":"bxzu1f3s7udikat","previousEventId":"lctkj8siqd0etf9","operationId":"de0cjfbwb1mhq6y"}
{"type":"log","timestamp":1674987395985,"level":"info","message":"Starting rendering request 1 (user: null)","meta":{"rootId":"0td9vkr9oz45qwq","id":"0td9vkr9oz45qwq"},"id":"qfq8tran8236pcv","previousOperationId":"de0cjfbwb1mhq6y"}
{"type":"log","timestamp":1674987395987,"level":"info","message":"Rendering anonymous template { recipe: chrome-pdf, engine: handlebars }","meta":{"rootId":"0td9vkr9oz45qwq","id":"0td9vkr9oz45qwq"},"id":"kf7f5p6gyavlmgb","previousOperationId":"de0cjfbwb1mhq6y"}
{"type":"log","timestamp":1674987395987,"level":"debug","message":"Inline data specified.","meta":{"rootId":"0td9vkr9oz45qwq","id":"0td9vkr9oz45qwq"},"id":"uz91rl47ear9if0","previousOperationId":"de0cjfbwb1mhq6y"}
{"type":"log","timestamp":1674987395990,"level":"debug","message":"Base url not specified, skipping its injection.","meta":{"rootId":"0td9vkr9oz45qwq","id":"0td9vkr9oz45qwq"},"id":"3yz3oril69a40f8","previousOperationId":"de0cjfbwb1mhq6y"}
{"type":"operationStart","subtype":"engine","name":"handlebars","timestamp":1674987395992,"id":"p98mcpavu6czrol","previousEventId":"bxzu1f3s7udikat","operationId":"anf3ze9c3b9t8lo","previousOperationId":"de0cjfbwb1mhq6y"}
{"type":"log","timestamp":1674987395992,"level":"debug","message":"Rendering engine handlebars","meta":{"rootId":"0td9vkr9oz45qwq","id":"0td9vkr9oz45qwq"},"id":"zlikm7dtx7qm68d","previousOperationId":"anf3ze9c3b9t8lo"}
{"type":"operationEnd","operationId":"anf3ze9c3b9t8lo","timestamp":1674987396827,"id":"n3l3jpsrz2bda97","previousEventId":"p98mcpavu6czrol","previousOperationId":"anf3ze9c3b9t8lo"}
{"type":"operationStart","subtype":"recipe","name":"chrome-pdf","timestamp":1674987396828,"id":"ppirwb3a97tuw22","previousEventId":"n3l3jpsrz2bda97","operationId":"6xyb6s1fbb65kbr","previousOperationId":"anf3ze9c3b9t8lo"}
{"type":"log","timestamp":1674987396828,"level":"debug","message":"Executing recipe chrome-pdf","meta":{"rootId":"0td9vkr9oz45qwq","id":"0td9vkr9oz45qwq"},"id":"nbd0xx2fdbdd9ya","previousOperationId":"6xyb6s1fbb65kbr"}
{"type":"log","timestamp":1674987396982,"level":"debug","message":"Starting child request to render pdf header","meta":{"rootId":"0td9vkr9oz45qwq","id":"0td9vkr9oz45qwq"},"id":"rey5q2whukqzb0a","previousOperationId":"6xyb6s1fbb65kbr"}
{"type":"operationStart","subtype":"render","name":"anonymous","previousOperationId":"6xyb6s1fbb65kbr","timestamp":1674987396983,"id":"v33thomuy7cld4w","previousEventId":"ppirwb3a97tuw22","operationId":"6kmj2qk0ua8bpif"}
{"type":"log","timestamp":1674987396983,"level":"info","message":"Starting rendering request 1 (user: null)","meta":{"rootId":"0td9vkr9oz45qwq","id":"0eixmnuelnuaa6v"},"id":"2pqsn53xmybflee","previousOperationId":"6kmj2qk0ua8bpif"}
{"type":"log","timestamp":1674987396984,"level":"info","message":"Rendering anonymous template { recipe: html, engine: handlebars }","meta":{"rootId":"0td9vkr9oz45qwq","id":"0eixmnuelnuaa6v"},"id":"51kf9d0z8sjfiwg","previousOperationId":"6kmj2qk0ua8bpif"}
{"type":"log","timestamp":1674987396984,"level":"debug","message":"Inline data specified.","meta":{"rootId":"0td9vkr9oz45qwq","id":"0eixmnuelnuaa6v"},"id":"9sv33498cr6gco3","previousOperationId":"6kmj2qk0ua8bpif"}
{"type":"log","timestamp":1674987396986,"level":"debug","message":"Base url not specified, skipping its injection.","meta":{"rootId":"0td9vkr9oz45qwq","id":"0eixmnuelnuaa6v"},"id":"tr88fwm958l3tmg","previousOperationId":"6kmj2qk0ua8bpif"}
{"type":"log","timestamp":1674987396993,"level":"debug","message":"Replaced assets [\"./src/reporting/assets/logo.png\"]","meta":{"rootId":"0td9vkr9oz45qwq","id":"0eixmnuelnuaa6v"},"id":"qcueiobpdih8zr0","previousOperationId":"6kmj2qk0ua8bpif"}
{"type":"operationStart","subtype":"engine","name":"handlebars","timestamp":1674987396993,"id":"dz2alm9lsac68d9","previousEventId":"v33thomuy7cld4w","operationId":"4mtihdvd107ol5m","previousOperationId":"6kmj2qk0ua8bpif"}
{"type":"log","timestamp":1674987396993,"level":"debug","message":"Rendering engine handlebars","meta":{"rootId":"0td9vkr9oz45qwq","id":"0eixmnuelnuaa6v"},"id":"e6dhs7m69wyvia3","previousOperationId":"4mtihdvd107ol5m"}
{"type":"operationEnd","operationId":"4mtihdvd107ol5m","timestamp":1674987397014,"id":"b3clw1v5ghrerz1","previousEventId":"dz2alm9lsac68d9","previousOperationId":"4mtihdvd107ol5m"}
{"type":"operationStart","subtype":"recipe","name":"html","timestamp":1674987397015,"id":"0xgw2jherxkp8vy","previousEventId":"b3clw1v5ghrerz1","operationId":"9h7tt0b5mw9i6oc","previousOperationId":"4mtihdvd107ol5m"}
{"type":"log","timestamp":1674987397015,"level":"debug","message":"Executing recipe html","meta":{"rootId":"0td9vkr9oz45qwq","id":"0eixmnuelnuaa6v"},"id":"jlu091kn3j6vgfj","previousOperationId":"9h7tt0b5mw9i6oc"}
{"type":"operationEnd","operationId":"9h7tt0b5mw9i6oc","timestamp":1674987397015,"id":"j375qq2zebonezs","previousEventId":"0xgw2jherxkp8vy","previousOperationId":"9h7tt0b5mw9i6oc"}
{"type":"log","timestamp":1674987397016,"level":"debug","message":"Skipping storing report.","meta":{"rootId":"0td9vkr9oz45qwq","id":"0eixmnuelnuaa6v"},"id":"m7xhdff8j0ht1gz","previousOperationId":"9h7tt0b5mw9i6oc"}
{"type":"log","timestamp":1674987397016,"level":"info","message":"Rendering request 1 finished in 1060 ms","meta":{"rootId":"0td9vkr9oz45qwq","id":"0eixmnuelnuaa6v"},"id":"8c406n3sman78wh","previousOperationId":"9h7tt0b5mw9i6oc"}
{"type":"operationEnd","subtype":"render","operationId":"6kmj2qk0ua8bpif","timestamp":1674987397016,"id":"3u6019vz9mu34vh","previousEventId":"j375qq2zebonezs","previousOperationId":"9h7tt0b5mw9i6oc"}
{"type":"log","timestamp":1674987397016,"level":"debug","message":"Starting child request to render pdf footer","meta":{"rootId":"0td9vkr9oz45qwq","id":"0td9vkr9oz45qwq"},"id":"b6lytl64md5fn9i","previousOperationId":"6xyb6s1fbb65kbr"}
{"type":"operationStart","subtype":"render","name":"anonymous","previousOperationId":"6xyb6s1fbb65kbr","timestamp":1674987397016,"id":"lxmev84p2rwo5e3","previousEventId":"ppirwb3a97tuw22","operationId":"45b6ihblakbya7v"}
{"type":"log","timestamp":1674987397017,"level":"info","message":"Starting rendering request 1 (user: null)","meta":{"rootId":"0td9vkr9oz45qwq","id":"fzxk7pw1vs4rz3i"},"id":"t82exycqc0wwuvm","previousOperationId":"45b6ihblakbya7v"}
{"type":"log","timestamp":1674987397017,"level":"info","message":"Rendering anonymous template { recipe: html, engine: handlebars }","meta":{"rootId":"0td9vkr9oz45qwq","id":"fzxk7pw1vs4rz3i"},"id":"beqyv0nuvlopjwj","previousOperationId":"45b6ihblakbya7v"}
{"type":"log","timestamp":1674987397017,"level":"debug","message":"Inline data specified.","meta":{"rootId":"0td9vkr9oz45qwq","id":"fzxk7pw1vs4rz3i"},"id":"ini2hghza256nyw","previousOperationId":"45b6ihblakbya7v"}
{"type":"log","timestamp":1674987397019,"level":"debug","message":"Base url not specified, skipping its injection.","meta":{"rootId":"0td9vkr9oz45qwq","id":"fzxk7pw1vs4rz3i"},"id":"f5z92sdgywvg15r","previousOperationId":"45b6ihblakbya7v"}
{"type":"operationStart","subtype":"engine","name":"handlebars","timestamp":1674987397020,"id":"a43r348e4rafojx","previousEventId":"lxmev84p2rwo5e3","operationId":"d00idvk6fpq0t6n","previousOperationId":"45b6ihblakbya7v"}
{"type":"log","timestamp":1674987397020,"level":"debug","message":"Rendering engine handlebars","meta":{"rootId":"0td9vkr9oz45qwq","id":"fzxk7pw1vs4rz3i"},"id":"p22hl5ddbh4dft9","previousOperationId":"d00idvk6fpq0t6n"}
{"type":"operationEnd","operationId":"d00idvk6fpq0t6n","timestamp":1674987397040,"id":"5akxqlys34ancmr","previousEventId":"a43r348e4rafojx","previousOperationId":"d00idvk6fpq0t6n"}
{"type":"operationStart","subtype":"recipe","name":"html","timestamp":1674987397040,"id":"jgvd585tqny5py7","previousEventId":"5akxqlys34ancmr","operationId":"du190pbpmb6oga6","previousOperationId":"d00idvk6fpq0t6n"}
{"type":"log","timestamp":1674987397040,"level":"debug","message":"Executing recipe html","meta":{"rootId":"0td9vkr9oz45qwq","id":"fzxk7pw1vs4rz3i"},"id":"g4zz5n4brwruxpu","previousOperationId":"du190pbpmb6oga6"}
{"type":"operationEnd","operationId":"du190pbpmb6oga6","timestamp":1674987397040,"id":"1red5g51vli5rmf","previousEventId":"jgvd585tqny5py7","previousOperationId":"du190pbpmb6oga6"}
{"type":"log","timestamp":1674987397040,"level":"debug","message":"Skipping storing report.","meta":{"rootId":"0td9vkr9oz45qwq","id":"fzxk7pw1vs4rz3i"},"id":"t7onjtozn5g8o5d","previousOperationId":"du190pbpmb6oga6"}
{"type":"log","timestamp":1674987397040,"level":"info","message":"Rendering request 1 finished in 1084 ms","meta":{"rootId":"0td9vkr9oz45qwq","id":"fzxk7pw1vs4rz3i"},"id":"6ng9tdf92hq0j63","previousOperationId":"du190pbpmb6oga6"}
{"type":"operationEnd","subtype":"render","operationId":"45b6ihblakbya7v","timestamp":1674987397040,"id":"dqvdmzwdau2rizr","previousEventId":"1red5g51vli5rmf","previousOperationId":"du190pbpmb6oga6"}
{"type":"log","timestamp":1674987397252,"level":"debug","message":"Converting with chrome HeadlessChrome/98.0.4758.0 using chrome-pool strategy","meta":{"rootId":"0td9vkr9oz45qwq","id":"0td9vkr9oz45qwq"},"id":"rqtmm4mkm8yi5bn","previousOperationId":"6xyb6s1fbb65kbr"}
{"type":"log","timestamp":1674987397523,"level":"debug","message":"Page request: GET (document) file:///C:/Users/ADMINI~1/AppData/Local/Temp/jsreport/autocleanup/ca52e786-103f-4164-85d8-0c948bc00039-chrome-pdf.html","meta":{"rootId":"0td9vkr9oz45qwq","id":"0td9vkr9oz45qwq"},"id":"o5gfgeixl4g36la","previousOperationId":"6xyb6s1fbb65kbr"}
{"type":"log","timestamp":1674987397550,"level":"debug","message":"Page request finished: GET (document) file:///C:/Users/ADMINI~1/AppData/Local/Temp/jsreport/autocleanup/ca52e786-103f-4164-85d8-0c948bc00039-chrome-pdf.html","meta":{"rootId":"0td9vkr9oz45qwq","id":"0td9vkr9oz45qwq"},"id":"8pqqrisnymxlvbs","previousOperationId":"6xyb6s1fbb65kbr"}
{"type":"log","timestamp":1674987397576,"level":"debug","message":"Page request: GET (stylesheet) https://fonts.googleapis.com/css2?family=Montserrat:wght@500&family=Open+Sans:wght@300&display=swap","meta":{"rootId":"0td9vkr9oz45qwq","id":"0td9vkr9oz45qwq"},"id":"8smudg3s1taffqm","previousOperationId":"6xyb6s1fbb65kbr"}
{"type":"log","timestamp":1674987398003,"level":"debug","message":"Page request finished: GET (stylesheet) 200 https://fonts.googleapis.com/css2?family=Montserrat:wght@500&family=Open+Sans:wght@300&display=swap","meta":{"rootId":"0td9vkr9oz45qwq","id":"0td9vkr9oz45qwq"},"id":"qz47s9xuh4z29h8","previousOperationId":"6xyb6s1fbb65kbr"}
{"type":"log","timestamp":1674987398087,"level":"debug","message":"Page request: GET (font) https://fonts.gstatic.com/s/opensans/v34/memSYaGs126MiZpBA-UvWbX2vVnXBbObj2OVZyOOSr4dVJWUgsiH0B4gaVI.woff2","meta":{"rootId":"0td9vkr9oz45qwq","id":"0td9vkr9oz45qwq"},"id":"b8f5o75bhiqybei","previousOperationId":"6xyb6s1fbb65kbr"}
{"type":"log","timestamp":1674987398091,"level":"debug","message":"Running chrome with params {\"scale\":1,\"displayHeaderFooter\":true,\"headerTemplate\":\"...\",\"footerTemplate\":\"...\",\"printBackground\":true,\"pageRanges\":\"\",\"format\":\"A4\",\"width\":\"\",\"height\":\"\",\"marginTop\":\"350px\",\"marginRight\":\"20px\",\"marginBottom\":\"80px\",\"marginLeft\":\"20px\",\"waitForJS\":false,\"waitForNetworkIddle\":false,\"timeout\":58916,\"waitForNetworkIdle\":false,\"margin\":{\"top\":\"350px\",\"right\":\"20px\",\"bottom\":\"80px\",\"left\":\"20px\"}}","meta":{"rootId":"0td9vkr9oz45qwq","id":"0td9vkr9oz45qwq"},"id":"ombg62m8n23w927","previousOperationId":"6xyb6s1fbb65kbr"}
{"type":"log","timestamp":1674987398099,"level":"debug","message":"Page request: GET (font) https://fonts.gstatic.com/s/opensans/v34/memSYaGs126MiZpBA-UvWbX2vVnXBbObj2OVZyOOSr4dVJWUgsiH0B4gaVI.woff2","meta":{"rootId":"0td9vkr9oz45qwq","id":"0td9vkr9oz45qwq"},"id":"vi2wq6gce8ev8z7","previousOperationId":"6xyb6s1fbb65kbr"}
{"type":"log","timestamp":1674987398444,"level":"debug","message":"Page request finished: GET (font) 200 https://fonts.gstatic.com/s/opensans/v34/memSYaGs126MiZpBA-UvWbX2vVnXBbObj2OVZyOOSr4dVJWUgsiH0B4gaVI.woff2","meta":{"rootId":"0td9vkr9oz45qwq","id":"0td9vkr9oz45qwq"},"id":"75t0ftpazf8x0k9","previousOperationId":"6xyb6s1fbb65kbr"}
{"type":"operationEnd","operationId":"6xyb6s1fbb65kbr","timestamp":1674987398736,"id":"9ogsmjjxxo98n4b","previousEventId":"ppirwb3a97tuw22","previousOperationId":"6xyb6s1fbb65kbr"}
{"type":"log","timestamp":1674987398736,"level":"debug","message":"Skipping storing report.","meta":{"rootId":"0td9vkr9oz45qwq","id":"0td9vkr9oz45qwq"},"id":"vmnuw60x2d98hak","previousOperationId":"6xyb6s1fbb65kbr"}
{"type":"log","timestamp":1674987398736,"level":"info","message":"Rendering request 1 finished in 2780 ms","meta":{"rootId":"0td9vkr9oz45qwq","id":"0td9vkr9oz45qwq"},"id":"ez6hz4qxtto1rme","previousOperationId":"6xyb6s1fbb65kbr"}
{"type":"operationEnd","subtype":"render","operationId":"de0cjfbwb1mhq6y","timestamp":1674987398737,"id":"uyui1uv8kprj26t","previousEventId":"9ogsmjjxxo98n4b","previousOperationId":"6xyb6s1fbb65kbr"}
{"type":"operationEnd","doDiffs":false,"previousEventId":"lctkj8siqd0etf9","previousOperationId":"8r2l0u4xoesjbw9","operationId":"8r2l0u4xoesjbw9","timestamp":1674987398745,"id":"ox667voph8j6la2"}
