{"type":"operationStart","subtype":"profile","data":{"_id":"gM0LRigHkkc44gvu","timestamp":"2022-10-02T11:30:23.820Z","state":"queued","mode":"standard","creationDate":"2022-10-02T11:30:23.831Z","modificationDate":"2022-10-02T11:30:23.831Z","shortid":"jkbR7jK","$entitySet":"profiles"},"doDiffs":false,"timestamp":1664710223828,"id":"5q2iit9gls9kvhx","previousOperationId":null,"operationId":"7tidknkf5vz2d9m"}
{"type":"log","level":"info","message":"Render request 1 queued for execution and waiting for available worker","previousOperationId":"7tidknkf5vz2d9m","timestamp":1664710223828,"id":"z8kl9ggwpzoekru"}
{"type":"operationStart","subtype":"render","name":"anonymous","previousOperationId":"7tidknkf5vz2d9m","timestamp":1664710223881,"id":"mprbi5ozwmqmeun","previousEventId":"5q2iit9gls9kvhx","operationId":"dgtfhj3cd28210r"}
{"type":"log","timestamp":1664710223883,"level":"info","message":"Starting rendering request 1 (user: null)","meta":{"rootId":"0xf6obu7ektjkkv","id":"0xf6obu7ektjkkv"},"id":"lipm98qn5a8n5ay","previousOperationId":"dgtfhj3cd28210r"}
{"type":"log","timestamp":1664710223887,"level":"info","message":"Rendering anonymous template { recipe: chrome-pdf, engine: handlebars }","meta":{"rootId":"0xf6obu7ektjkkv","id":"0xf6obu7ektjkkv"},"id":"69lao89c1j774ww","previousOperationId":"dgtfhj3cd28210r"}
{"type":"log","timestamp":1664710223888,"level":"debug","message":"Inline data specified.","meta":{"rootId":"0xf6obu7ektjkkv","id":"0xf6obu7ektjkkv"},"id":"qvfrd6r58l7oe47","previousOperationId":"dgtfhj3cd28210r"}
{"type":"log","timestamp":1664710223896,"level":"debug","message":"Base url not specified, skipping its injection.","meta":{"rootId":"0xf6obu7ektjkkv","id":"0xf6obu7ektjkkv"},"id":"5rnf80d23o2jpsy","previousOperationId":"dgtfhj3cd28210r"}
{"type":"operationStart","subtype":"engine","name":"handlebars","timestamp":1664710223898,"id":"m9pwybsqyab4wfx","previousEventId":"mprbi5ozwmqmeun","operationId":"55a2gdfrp4zt1qi","previousOperationId":"dgtfhj3cd28210r"}
{"type":"log","timestamp":1664710223898,"level":"debug","message":"Rendering engine handlebars","meta":{"rootId":"0xf6obu7ektjkkv","id":"0xf6obu7ektjkkv"},"id":"jriitrj6hwu3np2","previousOperationId":"55a2gdfrp4zt1qi"}
{"type":"operationEnd","operationId":"55a2gdfrp4zt1qi","timestamp":1664710225962,"id":"oldza1vz3jt5zeu","previousEventId":"m9pwybsqyab4wfx","previousOperationId":"55a2gdfrp4zt1qi"}
{"type":"operationStart","subtype":"recipe","name":"chrome-pdf","timestamp":1664710225964,"id":"nylmi39lffvv1dy","previousEventId":"oldza1vz3jt5zeu","operationId":"t860oze5tg8wv5w","previousOperationId":"55a2gdfrp4zt1qi"}
{"type":"log","timestamp":1664710225964,"level":"debug","message":"Executing recipe chrome-pdf","meta":{"rootId":"0xf6obu7ektjkkv","id":"0xf6obu7ektjkkv"},"id":"z5l1qny4m9yi15l","previousOperationId":"t860oze5tg8wv5w"}
{"type":"log","timestamp":1664710226233,"level":"debug","message":"Starting child request to render pdf header","meta":{"rootId":"0xf6obu7ektjkkv","id":"0xf6obu7ektjkkv"},"id":"pqlx3x7wqb1wdyp","previousOperationId":"t860oze5tg8wv5w"}
{"type":"operationStart","subtype":"render","name":"anonymous","previousOperationId":"t860oze5tg8wv5w","timestamp":1664710226234,"id":"5va6c6ptl5r2szn","previousEventId":"nylmi39lffvv1dy","operationId":"emwe3g7tb8b5n43"}
{"type":"log","timestamp":1664710226234,"level":"info","message":"Starting rendering request 1 (user: null)","meta":{"rootId":"0xf6obu7ektjkkv","id":"kgi4hkfjyc36hl3"},"id":"b035dz0xirhe3nr","previousOperationId":"emwe3g7tb8b5n43"}
{"type":"log","timestamp":1664710226234,"level":"info","message":"Rendering anonymous template { recipe: html, engine: handlebars }","meta":{"rootId":"0xf6obu7ektjkkv","id":"kgi4hkfjyc36hl3"},"id":"1isgii7hn09hlyu","previousOperationId":"emwe3g7tb8b5n43"}
{"type":"log","timestamp":1664710226234,"level":"debug","message":"Inline data specified.","meta":{"rootId":"0xf6obu7ektjkkv","id":"kgi4hkfjyc36hl3"},"id":"4ghz9x4mmehxrz5","previousOperationId":"emwe3g7tb8b5n43"}
{"type":"log","timestamp":1664710226244,"level":"debug","message":"Base url not specified, skipping its injection.","meta":{"rootId":"0xf6obu7ektjkkv","id":"kgi4hkfjyc36hl3"},"id":"tqazyhog0v0oz29","previousOperationId":"emwe3g7tb8b5n43"}
{"type":"log","timestamp":1664710226298,"level":"debug","message":"Replaced assets [\"./src/reporting/assets/logo.png\"]","meta":{"rootId":"0xf6obu7ektjkkv","id":"kgi4hkfjyc36hl3"},"id":"bj870yqgssohub1","previousOperationId":"emwe3g7tb8b5n43"}
{"type":"operationStart","subtype":"engine","name":"handlebars","timestamp":1664710226298,"id":"mgh7m8lae3b300j","previousEventId":"5va6c6ptl5r2szn","operationId":"lf59ge0qp3214vi","previousOperationId":"emwe3g7tb8b5n43"}
{"type":"log","timestamp":1664710226298,"level":"debug","message":"Rendering engine handlebars","meta":{"rootId":"0xf6obu7ektjkkv","id":"kgi4hkfjyc36hl3"},"id":"o9s5i1zjwipltk5","previousOperationId":"lf59ge0qp3214vi"}
{"type":"operationEnd","operationId":"lf59ge0qp3214vi","timestamp":1664710226403,"id":"u0k1snko25la6o7","previousEventId":"mgh7m8lae3b300j","previousOperationId":"lf59ge0qp3214vi"}
{"type":"operationStart","subtype":"recipe","name":"html","timestamp":1664710226404,"id":"lzs3p4c3a6nkdd7","previousEventId":"u0k1snko25la6o7","operationId":"pkt0f9s2fsd61kt","previousOperationId":"lf59ge0qp3214vi"}
{"type":"log","timestamp":1664710226404,"level":"debug","message":"Executing recipe html","meta":{"rootId":"0xf6obu7ektjkkv","id":"kgi4hkfjyc36hl3"},"id":"xpk4a6k3tqufc73","previousOperationId":"pkt0f9s2fsd61kt"}
{"type":"operationEnd","operationId":"pkt0f9s2fsd61kt","timestamp":1664710226404,"id":"v8y0cugjsp8tx70","previousEventId":"lzs3p4c3a6nkdd7","previousOperationId":"pkt0f9s2fsd61kt"}
{"type":"log","timestamp":1664710226408,"level":"debug","message":"Skipping storing report.","meta":{"rootId":"0xf6obu7ektjkkv","id":"kgi4hkfjyc36hl3"},"id":"za188qxgh49rh2b","previousOperationId":"pkt0f9s2fsd61kt"}
{"type":"log","timestamp":1664710226408,"level":"info","message":"Rendering request 1 finished in 2590 ms","meta":{"rootId":"0xf6obu7ektjkkv","id":"kgi4hkfjyc36hl3"},"id":"f3vjhajwtqllzzr","previousOperationId":"pkt0f9s2fsd61kt"}
{"type":"operationEnd","subtype":"render","operationId":"emwe3g7tb8b5n43","timestamp":1664710226409,"id":"bg35szq3n6b8256","previousEventId":"v8y0cugjsp8tx70","previousOperationId":"pkt0f9s2fsd61kt"}
{"type":"log","timestamp":1664710226409,"level":"debug","message":"Starting child request to render pdf footer","meta":{"rootId":"0xf6obu7ektjkkv","id":"0xf6obu7ektjkkv"},"id":"gatf3sbeyyncn6u","previousOperationId":"t860oze5tg8wv5w"}
{"type":"operationStart","subtype":"render","name":"anonymous","previousOperationId":"t860oze5tg8wv5w","timestamp":1664710226409,"id":"ht5m54ii1althav","previousEventId":"nylmi39lffvv1dy","operationId":"665k13yps934qrb"}
{"type":"log","timestamp":1664710226409,"level":"info","message":"Starting rendering request 1 (user: null)","meta":{"rootId":"0xf6obu7ektjkkv","id":"0h41mo95mz8zst4"},"id":"wwvkekhfr47q5ib","previousOperationId":"665k13yps934qrb"}
{"type":"log","timestamp":1664710226409,"level":"info","message":"Rendering anonymous template { recipe: html, engine: handlebars }","meta":{"rootId":"0xf6obu7ektjkkv","id":"0h41mo95mz8zst4"},"id":"yhy47v78xu8l64o","previousOperationId":"665k13yps934qrb"}
{"type":"log","timestamp":1664710226410,"level":"debug","message":"Inline data specified.","meta":{"rootId":"0xf6obu7ektjkkv","id":"0h41mo95mz8zst4"},"id":"badatryypst4o0n","previousOperationId":"665k13yps934qrb"}
{"type":"log","timestamp":1664710226508,"level":"debug","message":"Base url not specified, skipping its injection.","meta":{"rootId":"0xf6obu7ektjkkv","id":"0h41mo95mz8zst4"},"id":"ckxdaj0qwo7qwyj","previousOperationId":"665k13yps934qrb"}
{"type":"operationStart","subtype":"engine","name":"handlebars","timestamp":1664710226509,"id":"5egf27re83ntq80","previousEventId":"ht5m54ii1althav","operationId":"mbpk8wz5o0f3qc6","previousOperationId":"665k13yps934qrb"}
{"type":"log","timestamp":1664710226509,"level":"debug","message":"Rendering engine handlebars","meta":{"rootId":"0xf6obu7ektjkkv","id":"0h41mo95mz8zst4"},"id":"66b2b6y6piv53wl","previousOperationId":"mbpk8wz5o0f3qc6"}
{"type":"operationEnd","operationId":"mbpk8wz5o0f3qc6","timestamp":1664710226552,"id":"4cy5fw6uix7pgwc","previousEventId":"5egf27re83ntq80","previousOperationId":"mbpk8wz5o0f3qc6"}
{"type":"operationStart","subtype":"recipe","name":"html","timestamp":1664710226553,"id":"8279325lcpne8kv","previousEventId":"4cy5fw6uix7pgwc","operationId":"fkgwquxty5w33ja","previousOperationId":"mbpk8wz5o0f3qc6"}
{"type":"log","timestamp":1664710226553,"level":"debug","message":"Executing recipe html","meta":{"rootId":"0xf6obu7ektjkkv","id":"0h41mo95mz8zst4"},"id":"l2ht6n56522uv20","previousOperationId":"fkgwquxty5w33ja"}
{"type":"operationEnd","operationId":"fkgwquxty5w33ja","timestamp":1664710226553,"id":"jkr3s9o09t02d7i","previousEventId":"8279325lcpne8kv","previousOperationId":"fkgwquxty5w33ja"}
{"type":"log","timestamp":1664710226553,"level":"debug","message":"Skipping storing report.","meta":{"rootId":"0xf6obu7ektjkkv","id":"0h41mo95mz8zst4"},"id":"ikj3jwnb4ttbvr7","previousOperationId":"fkgwquxty5w33ja"}
{"type":"log","timestamp":1664710226553,"level":"info","message":"Rendering request 1 finished in 2735 ms","meta":{"rootId":"0xf6obu7ektjkkv","id":"0h41mo95mz8zst4"},"id":"m3o0c7ja22dst9g","previousOperationId":"fkgwquxty5w33ja"}
{"type":"operationEnd","subtype":"render","operationId":"665k13yps934qrb","timestamp":1664710226553,"id":"txph5xv6tlx82gy","previousEventId":"jkr3s9o09t02d7i","previousOperationId":"fkgwquxty5w33ja"}
{"type":"log","timestamp":1664710228263,"level":"debug","message":"Converting with chrome HeadlessChrome/98.0.4758.0 using chrome-pool strategy","meta":{"rootId":"0xf6obu7ektjkkv","id":"0xf6obu7ektjkkv"},"id":"e9ad65018ghcibl","previousOperationId":"t860oze5tg8wv5w"}
{"type":"log","timestamp":1664710230023,"level":"debug","message":"Page request: GET (document) file:///var/folders/8m/98z140gs3yzbw6jqmpbh8b8m0000gn/T/jsreport/autocleanup/4af3c1fa-7c03-4f27-89d6-c37008a38fe3-chrome-pdf.html","meta":{"rootId":"0xf6obu7ektjkkv","id":"0xf6obu7ektjkkv"},"id":"szzhp36j2i0ujrp","previousOperationId":"t860oze5tg8wv5w"}
{"type":"log","timestamp":1664710230065,"level":"debug","message":"Page request finished: GET (document) file:///var/folders/8m/98z140gs3yzbw6jqmpbh8b8m0000gn/T/jsreport/autocleanup/4af3c1fa-7c03-4f27-89d6-c37008a38fe3-chrome-pdf.html","meta":{"rootId":"0xf6obu7ektjkkv","id":"0xf6obu7ektjkkv"},"id":"emkfukk47wxxzdg","previousOperationId":"t860oze5tg8wv5w"}
{"type":"log","timestamp":1664710230071,"level":"debug","message":"Page request: GET (stylesheet) https://fonts.googleapis.com/css2?family=Montserrat:wght@500&family=Open+Sans:wght@300&display=swap","meta":{"rootId":"0xf6obu7ektjkkv","id":"0xf6obu7ektjkkv"},"id":"s5pq80avcu89avz","previousOperationId":"t860oze5tg8wv5w"}
{"type":"log","timestamp":1664710230449,"level":"debug","message":"Page request finished: GET (stylesheet) 200 https://fonts.googleapis.com/css2?family=Montserrat:wght@500&family=Open+Sans:wght@300&display=swap","meta":{"rootId":"0xf6obu7ektjkkv","id":"0xf6obu7ektjkkv"},"id":"ltv85iwd2zxdpji","previousOperationId":"t860oze5tg8wv5w"}
{"type":"log","timestamp":1664710230546,"level":"debug","message":"Page request: GET (font) https://fonts.gstatic.com/s/opensans/v34/memSYaGs126MiZpBA-UvWbX2vVnXBbObj2OVZyOOSr4dVJWUgsiH0B4gaVQUwaEQbjA.woff","meta":{"rootId":"0xf6obu7ektjkkv","id":"0xf6obu7ektjkkv"},"id":"p09wqqncjb351r7","previousOperationId":"t860oze5tg8wv5w"}
{"type":"log","timestamp":1664710230578,"level":"debug","message":"Running chrome with params {\"scale\":1,\"displayHeaderFooter\":true,\"headerTemplate\":\"...\",\"footerTemplate\":\"...\",\"printBackground\":true,\"pageRanges\":\"\",\"format\":\"A4\",\"width\":\"\",\"height\":\"\",\"marginTop\":\"500px\",\"marginRight\":\"20px\",\"marginBottom\":\"80px\",\"marginLeft\":\"20px\",\"waitForJS\":false,\"waitForNetworkIddle\":false,\"timeout\":57263,\"waitForNetworkIdle\":false,\"margin\":{\"top\":\"500px\",\"right\":\"20px\",\"bottom\":\"80px\",\"left\":\"20px\"}}","meta":{"rootId":"0xf6obu7ektjkkv","id":"0xf6obu7ektjkkv"},"id":"42sd76o0ds0tiis","previousOperationId":"t860oze5tg8wv5w"}
{"type":"log","timestamp":1664710230588,"level":"debug","message":"Page request: GET (font) https://fonts.gstatic.com/s/opensans/v34/memSYaGs126MiZpBA-UvWbX2vVnXBbObj2OVZyOOSr4dVJWUgsiH0B4gaVQUwaEQbjA.woff","meta":{"rootId":"0xf6obu7ektjkkv","id":"0xf6obu7ektjkkv"},"id":"cxpfsclkp07v3t0","previousOperationId":"t860oze5tg8wv5w"}
{"type":"log","timestamp":1664710231052,"level":"debug","message":"Page request finished: GET (font) 200 https://fonts.gstatic.com/s/opensans/v34/memSYaGs126MiZpBA-UvWbX2vVnXBbObj2OVZyOOSr4dVJWUgsiH0B4gaVQUwaEQbjA.woff","meta":{"rootId":"0xf6obu7ektjkkv","id":"0xf6obu7ektjkkv"},"id":"dvcgbxppwnn8htj","previousOperationId":"t860oze5tg8wv5w"}
{"type":"operationEnd","operationId":"t860oze5tg8wv5w","timestamp":1664710231094,"id":"qjgyw6bobgc74u6","previousEventId":"nylmi39lffvv1dy","previousOperationId":"t860oze5tg8wv5w"}
{"type":"log","timestamp":1664710231094,"level":"debug","message":"Skipping storing report.","meta":{"rootId":"0xf6obu7ektjkkv","id":"0xf6obu7ektjkkv"},"id":"a96pr9uohx0j7ow","previousOperationId":"t860oze5tg8wv5w"}
{"type":"log","timestamp":1664710231095,"level":"info","message":"Rendering request 1 finished in 7277 ms","meta":{"rootId":"0xf6obu7ektjkkv","id":"0xf6obu7ektjkkv"},"id":"obgl41djf824b03","previousOperationId":"t860oze5tg8wv5w"}
{"type":"operationEnd","subtype":"render","operationId":"dgtfhj3cd28210r","timestamp":1664710231095,"id":"6djdwvos264m29r","previousEventId":"qjgyw6bobgc74u6","previousOperationId":"t860oze5tg8wv5w"}
{"type":"operationEnd","doDiffs":false,"previousEventId":"5q2iit9gls9kvhx","previousOperationId":"7tidknkf5vz2d9m","operationId":"7tidknkf5vz2d9m","timestamp":1664710231104,"id":"w2kuluv4utbj0q5"}
