{"type":"operationStart","subtype":"profile","data":{"_id":"H7CH3T4BDsPavZzD","timestamp":"2022-10-02T11:40:03.037Z","state":"queued","mode":"standard","creationDate":"2022-10-02T11:40:03.042Z","modificationDate":"2022-10-02T11:40:03.042Z","shortid":"J5p9-Xw","$entitySet":"profiles"},"doDiffs":false,"timestamp":1664710803040,"id":"m96wavxq5v9k5rk","previousOperationId":null,"operationId":"lmk4gioo4yonk7q"}
{"type":"log","level":"info","message":"Render request 1 queued for execution and waiting for available worker","previousOperationId":"lmk4gioo4yonk7q","timestamp":1664710803040,"id":"o5xjam6ecqqhz9a"}
{"type":"operationStart","subtype":"render","name":"anonymous","previousOperationId":"lmk4gioo4yonk7q","timestamp":1664710803097,"id":"mol71laa6h6yf23","previousEventId":"m96wavxq5v9k5rk","operationId":"g52v6e1ysw1bhk6"}
{"type":"log","timestamp":1664710803100,"level":"info","message":"Starting rendering request 1 (user: null)","meta":{"rootId":"122di6i54g9b4fv","id":"122di6i54g9b4fv"},"id":"bb32ssjsf6765xj","previousOperationId":"g52v6e1ysw1bhk6"}
{"type":"log","timestamp":1664710803103,"level":"info","message":"Rendering anonymous template { recipe: chrome-pdf, engine: handlebars }","meta":{"rootId":"122di6i54g9b4fv","id":"122di6i54g9b4fv"},"id":"olhd9anxykn6luv","previousOperationId":"g52v6e1ysw1bhk6"}
{"type":"log","timestamp":1664710803104,"level":"debug","message":"Inline data specified.","meta":{"rootId":"122di6i54g9b4fv","id":"122di6i54g9b4fv"},"id":"sugqwy01oc14zte","previousOperationId":"g52v6e1ysw1bhk6"}
{"type":"log","timestamp":1664710803109,"level":"debug","message":"Base url not specified, skipping its injection.","meta":{"rootId":"122di6i54g9b4fv","id":"122di6i54g9b4fv"},"id":"er7bsfkzgyqrf6i","previousOperationId":"g52v6e1ysw1bhk6"}
{"type":"operationStart","subtype":"engine","name":"handlebars","timestamp":1664710803112,"id":"0tzw1prbe5oeyh1","previousEventId":"mol71laa6h6yf23","operationId":"jmc1vf76w4sppwf","previousOperationId":"g52v6e1ysw1bhk6"}
{"type":"log","timestamp":1664710803112,"level":"debug","message":"Rendering engine handlebars","meta":{"rootId":"122di6i54g9b4fv","id":"122di6i54g9b4fv"},"id":"1azadazlpviut0n","previousOperationId":"jmc1vf76w4sppwf"}
{"type":"operationEnd","operationId":"jmc1vf76w4sppwf","timestamp":1664710804581,"id":"osmfhxf57yvxw3h","previousEventId":"0tzw1prbe5oeyh1","previousOperationId":"jmc1vf76w4sppwf"}
{"type":"operationStart","subtype":"recipe","name":"chrome-pdf","timestamp":1664710804583,"id":"6110sx8mbtaj5ak","previousEventId":"osmfhxf57yvxw3h","operationId":"yf9fv43d3gogllw","previousOperationId":"jmc1vf76w4sppwf"}
{"type":"log","timestamp":1664710804583,"level":"debug","message":"Executing recipe chrome-pdf","meta":{"rootId":"122di6i54g9b4fv","id":"122di6i54g9b4fv"},"id":"8bewqwernawrcc1","previousOperationId":"yf9fv43d3gogllw"}
{"type":"log","timestamp":1664710804811,"level":"debug","message":"Starting child request to render pdf header","meta":{"rootId":"122di6i54g9b4fv","id":"122di6i54g9b4fv"},"id":"2690wou1uqvi9yz","previousOperationId":"yf9fv43d3gogllw"}
{"type":"operationStart","subtype":"render","name":"anonymous","previousOperationId":"yf9fv43d3gogllw","timestamp":1664710804812,"id":"113kop86n2kqmve","previousEventId":"6110sx8mbtaj5ak","operationId":"zuvi2pi21f6vvek"}
{"type":"log","timestamp":1664710804812,"level":"info","message":"Starting rendering request 1 (user: null)","meta":{"rootId":"122di6i54g9b4fv","id":"0corwznucxy82cq"},"id":"7pnk6rid5v9mve9","previousOperationId":"zuvi2pi21f6vvek"}
{"type":"log","timestamp":1664710804813,"level":"info","message":"Rendering anonymous template { recipe: html, engine: handlebars }","meta":{"rootId":"122di6i54g9b4fv","id":"0corwznucxy82cq"},"id":"xskk09gobhgqveo","previousOperationId":"zuvi2pi21f6vvek"}
{"type":"log","timestamp":1664710804813,"level":"debug","message":"Inline data specified.","meta":{"rootId":"122di6i54g9b4fv","id":"0corwznucxy82cq"},"id":"9cf4fsuiynrf5zw","previousOperationId":"zuvi2pi21f6vvek"}
{"type":"log","timestamp":1664710804815,"level":"debug","message":"Base url not specified, skipping its injection.","meta":{"rootId":"122di6i54g9b4fv","id":"0corwznucxy82cq"},"id":"bfaj1w9wphy4eq2","previousOperationId":"zuvi2pi21f6vvek"}
{"type":"operationStart","subtype":"engine","name":"handlebars","timestamp":1664710804815,"id":"sg0oqthxwe7f4ci","previousEventId":"113kop86n2kqmve","operationId":"5tak0a7nxuc1qqj","previousOperationId":"zuvi2pi21f6vvek"}
{"type":"log","timestamp":1664710804815,"level":"debug","message":"Rendering engine handlebars","meta":{"rootId":"122di6i54g9b4fv","id":"0corwznucxy82cq"},"id":"fogqljkaioch0i3","previousOperationId":"5tak0a7nxuc1qqj"}
{"type":"operationEnd","operationId":"5tak0a7nxuc1qqj","timestamp":1664710804886,"id":"wvymq8j04o9zfww","previousEventId":"sg0oqthxwe7f4ci","previousOperationId":"5tak0a7nxuc1qqj"}
{"type":"operationStart","subtype":"recipe","name":"html","timestamp":1664710804886,"id":"uypfjrmg1ulsk8y","previousEventId":"wvymq8j04o9zfww","operationId":"9i4og99zundb5iw","previousOperationId":"5tak0a7nxuc1qqj"}
{"type":"log","timestamp":1664710804886,"level":"debug","message":"Executing recipe html","meta":{"rootId":"122di6i54g9b4fv","id":"0corwznucxy82cq"},"id":"f6i6oxmtk2uoen7","previousOperationId":"9i4og99zundb5iw"}
{"type":"operationEnd","operationId":"9i4og99zundb5iw","timestamp":1664710804886,"id":"f4zf1sg2fuhlgcs","previousEventId":"uypfjrmg1ulsk8y","previousOperationId":"9i4og99zundb5iw"}
{"type":"log","timestamp":1664710804887,"level":"debug","message":"Skipping storing report.","meta":{"rootId":"122di6i54g9b4fv","id":"0corwznucxy82cq"},"id":"bx3mgj4p9namg3a","previousOperationId":"9i4og99zundb5iw"}
{"type":"log","timestamp":1664710804888,"level":"info","message":"Rendering request 1 finished in 1853 ms","meta":{"rootId":"122di6i54g9b4fv","id":"0corwznucxy82cq"},"id":"jyyaz8kqavftzke","previousOperationId":"9i4og99zundb5iw"}
{"type":"operationEnd","subtype":"render","operationId":"zuvi2pi21f6vvek","timestamp":1664710804888,"id":"7vimgd22vxfbn6b","previousEventId":"f4zf1sg2fuhlgcs","previousOperationId":"9i4og99zundb5iw"}
{"type":"log","timestamp":1664710804888,"level":"debug","message":"Starting child request to render pdf footer","meta":{"rootId":"122di6i54g9b4fv","id":"122di6i54g9b4fv"},"id":"5giuhb5o0m0jakx","previousOperationId":"yf9fv43d3gogllw"}
{"type":"operationStart","subtype":"render","name":"anonymous","previousOperationId":"yf9fv43d3gogllw","timestamp":1664710804889,"id":"3ns9erw244mlc2o","previousEventId":"6110sx8mbtaj5ak","operationId":"rq1qk8dqhfk9gmy"}
{"type":"log","timestamp":1664710804889,"level":"info","message":"Starting rendering request 1 (user: null)","meta":{"rootId":"122di6i54g9b4fv","id":"rt0lquezlx4phub"},"id":"7mno42kneqqtmxi","previousOperationId":"rq1qk8dqhfk9gmy"}
{"type":"log","timestamp":1664710804889,"level":"info","message":"Rendering anonymous template { recipe: html, engine: handlebars }","meta":{"rootId":"122di6i54g9b4fv","id":"rt0lquezlx4phub"},"id":"lvy7er6syr59991","previousOperationId":"rq1qk8dqhfk9gmy"}
{"type":"log","timestamp":1664710804889,"level":"debug","message":"Inline data specified.","meta":{"rootId":"122di6i54g9b4fv","id":"rt0lquezlx4phub"},"id":"kqttrog2bn01mz8","previousOperationId":"rq1qk8dqhfk9gmy"}
{"type":"log","timestamp":1664710804892,"level":"debug","message":"Base url not specified, skipping its injection.","meta":{"rootId":"122di6i54g9b4fv","id":"rt0lquezlx4phub"},"id":"yh6qd6xjgpqzfv3","previousOperationId":"rq1qk8dqhfk9gmy"}
{"type":"operationStart","subtype":"engine","name":"handlebars","timestamp":1664710804893,"id":"f80kx0a5hz9sfft","previousEventId":"3ns9erw244mlc2o","operationId":"x6sszlz0bwli1yv","previousOperationId":"rq1qk8dqhfk9gmy"}
{"type":"log","timestamp":1664710804893,"level":"debug","message":"Rendering engine handlebars","meta":{"rootId":"122di6i54g9b4fv","id":"rt0lquezlx4phub"},"id":"au5hd5gln6mw9h6","previousOperationId":"x6sszlz0bwli1yv"}
{"type":"operationEnd","operationId":"x6sszlz0bwli1yv","timestamp":1664710804938,"id":"nwcoojw8r4e49y3","previousEventId":"f80kx0a5hz9sfft","previousOperationId":"x6sszlz0bwli1yv"}
{"type":"operationStart","subtype":"recipe","name":"html","timestamp":1664710804938,"id":"vha2of2qi5bcfqu","previousEventId":"nwcoojw8r4e49y3","operationId":"334rl0ibe373c2k","previousOperationId":"x6sszlz0bwli1yv"}
{"type":"log","timestamp":1664710804938,"level":"debug","message":"Executing recipe html","meta":{"rootId":"122di6i54g9b4fv","id":"rt0lquezlx4phub"},"id":"tdgfhow1tu1kzy8","previousOperationId":"334rl0ibe373c2k"}
{"type":"operationEnd","operationId":"334rl0ibe373c2k","timestamp":1664710804938,"id":"x6cm7fyvdeq2zbb","previousEventId":"vha2of2qi5bcfqu","previousOperationId":"334rl0ibe373c2k"}
{"type":"log","timestamp":1664710804938,"level":"debug","message":"Skipping storing report.","meta":{"rootId":"122di6i54g9b4fv","id":"rt0lquezlx4phub"},"id":"90xv843yfiqrojs","previousOperationId":"334rl0ibe373c2k"}
{"type":"log","timestamp":1664710804938,"level":"info","message":"Rendering request 1 finished in 1903 ms","meta":{"rootId":"122di6i54g9b4fv","id":"rt0lquezlx4phub"},"id":"pjcp6e0kv5xk958","previousOperationId":"334rl0ibe373c2k"}
{"type":"operationEnd","subtype":"render","operationId":"rq1qk8dqhfk9gmy","timestamp":1664710804938,"id":"zhnsquz0c1jpq9x","previousEventId":"x6cm7fyvdeq2zbb","previousOperationId":"334rl0ibe373c2k"}
{"type":"log","timestamp":1664710806563,"level":"debug","message":"Converting with chrome HeadlessChrome/98.0.4758.0 using chrome-pool strategy","meta":{"rootId":"122di6i54g9b4fv","id":"122di6i54g9b4fv"},"id":"davrk6jf3ug80bo","previousOperationId":"yf9fv43d3gogllw"}
{"type":"log","timestamp":1664710807096,"level":"debug","message":"Page request: GET (document) file:///var/folders/8m/98z140gs3yzbw6jqmpbh8b8m0000gn/T/jsreport/autocleanup/8be78613-78a3-44d4-80a5-b06f0d065020-chrome-pdf.html","meta":{"rootId":"122di6i54g9b4fv","id":"122di6i54g9b4fv"},"id":"f9yh8az6lq5mtxf","previousOperationId":"yf9fv43d3gogllw"}
{"type":"log","timestamp":1664710807125,"level":"debug","message":"Page request finished: GET (document) file:///var/folders/8m/98z140gs3yzbw6jqmpbh8b8m0000gn/T/jsreport/autocleanup/8be78613-78a3-44d4-80a5-b06f0d065020-chrome-pdf.html","meta":{"rootId":"122di6i54g9b4fv","id":"122di6i54g9b4fv"},"id":"4e09z879ejl9usu","previousOperationId":"yf9fv43d3gogllw"}
{"type":"log","timestamp":1664710807139,"level":"debug","message":"Page request: GET (stylesheet) https://fonts.googleapis.com/css2?family=Montserrat:wght@500&family=Open+Sans:wght@300&display=swap","meta":{"rootId":"122di6i54g9b4fv","id":"122di6i54g9b4fv"},"id":"rl5do3h2nxbejxy","previousOperationId":"yf9fv43d3gogllw"}
{"type":"log","timestamp":1664710807514,"level":"debug","message":"Page request finished: GET (stylesheet) 200 https://fonts.googleapis.com/css2?family=Montserrat:wght@500&family=Open+Sans:wght@300&display=swap","meta":{"rootId":"122di6i54g9b4fv","id":"122di6i54g9b4fv"},"id":"meuwxpwi7mjh3yt","previousOperationId":"yf9fv43d3gogllw"}
{"type":"log","timestamp":1664710807686,"level":"debug","message":"Page request: GET (font) https://fonts.gstatic.com/s/opensans/v34/memSYaGs126MiZpBA-UvWbX2vVnXBbObj2OVZyOOSr4dVJWUgsiH0B4gaVQUwaEQbjA.woff","meta":{"rootId":"122di6i54g9b4fv","id":"122di6i54g9b4fv"},"id":"3ee6pi039xtxqel","previousOperationId":"yf9fv43d3gogllw"}
{"type":"log","timestamp":1664710807700,"level":"debug","message":"Running chrome with params {\"scale\":1,\"displayHeaderFooter\":true,\"headerTemplate\":\"...\",\"footerTemplate\":\"...\",\"printBackground\":true,\"pageRanges\":\"\",\"format\":\"A4\",\"width\":\"\",\"height\":\"\",\"marginTop\":\"500px\",\"marginRight\":\"20px\",\"marginBottom\":\"80px\",\"marginLeft\":\"20px\",\"waitForJS\":false,\"waitForNetworkIddle\":false,\"timeout\":58096,\"waitForNetworkIdle\":false,\"margin\":{\"top\":\"500px\",\"right\":\"20px\",\"bottom\":\"80px\",\"left\":\"20px\"}}","meta":{"rootId":"122di6i54g9b4fv","id":"122di6i54g9b4fv"},"id":"xz798wo07pzqfan","previousOperationId":"yf9fv43d3gogllw"}
{"type":"log","timestamp":1664710807707,"level":"debug","message":"Page request: GET (font) https://fonts.gstatic.com/s/opensans/v34/memSYaGs126MiZpBA-UvWbX2vVnXBbObj2OVZyOOSr4dVJWUgsiH0B4gaVQUwaEQbjA.woff","meta":{"rootId":"122di6i54g9b4fv","id":"122di6i54g9b4fv"},"id":"ig2d1onktb3l9zs","previousOperationId":"yf9fv43d3gogllw"}
{"type":"operationEnd","operationId":"yf9fv43d3gogllw","timestamp":1664710808032,"id":"7d0lbyaok4d8kys","previousEventId":"6110sx8mbtaj5ak","previousOperationId":"yf9fv43d3gogllw"}
{"type":"log","timestamp":1664710808033,"level":"debug","message":"Skipping storing report.","meta":{"rootId":"122di6i54g9b4fv","id":"122di6i54g9b4fv"},"id":"4vtrxbyyidnpjue","previousOperationId":"yf9fv43d3gogllw"}
{"type":"log","timestamp":1664710808033,"level":"info","message":"Rendering request 1 finished in 4998 ms","meta":{"rootId":"122di6i54g9b4fv","id":"122di6i54g9b4fv"},"id":"frqvuv2ztxng4gp","previousOperationId":"yf9fv43d3gogllw"}
{"type":"operationEnd","subtype":"render","operationId":"g52v6e1ysw1bhk6","timestamp":1664710808033,"id":"v74uzveh4w69dp0","previousEventId":"7d0lbyaok4d8kys","previousOperationId":"yf9fv43d3gogllw"}
{"type":"operationEnd","doDiffs":false,"previousEventId":"m96wavxq5v9k5rk","previousOperationId":"lmk4gioo4yonk7q","operationId":"lmk4gioo4yonk7q","timestamp":1664710808040,"id":"03abn7m3gcr9zf1"}
