{"type":"operationStart","subtype":"profile","data":{"_id":"ZuYSs0yUuoQ8Ib7P","timestamp":"2022-09-01T09:34:41.464Z","state":"queued","mode":"standard","creationDate":"2022-09-01T09:34:41.469Z","modificationDate":"2022-09-01T09:34:41.469Z","shortid":"bU9Qw7_","$entitySet":"profiles"},"doDiffs":false,"timestamp":1662024881467,"id":"irbgvcuz3tvyv0d","previousOperationId":null,"operationId":"fs2xwd2n9kwlf7n"}
{"type":"log","level":"info","message":"Render request 1 queued for execution and waiting for available worker","previousOperationId":"fs2xwd2n9kwlf7n","timestamp":1662024881468,"id":"f4kciilfvbulorr"}
{"type":"operationStart","subtype":"render","name":"anonymous","previousOperationId":"fs2xwd2n9kwlf7n","timestamp":1662024881521,"id":"lbrxj0lbe0p6jar","previousEventId":"irbgvcuz3tvyv0d","operationId":"siwts66fyn6gate"}
{"type":"log","timestamp":1662024881527,"level":"info","message":"Starting rendering request 1 (user: null)","meta":{"rootId":"1k25jnpsl10e3yn","id":"1k25jnpsl10e3yn"},"id":"vkgqtooyd5a3zdl","previousOperationId":"siwts66fyn6gate"}
{"type":"log","timestamp":1662024881530,"level":"info","message":"Rendering anonymous template { recipe: chrome-pdf, engine: handlebars }","meta":{"rootId":"1k25jnpsl10e3yn","id":"1k25jnpsl10e3yn"},"id":"cg6wap33xxycx07","previousOperationId":"siwts66fyn6gate"}
{"type":"log","timestamp":1662024881530,"level":"debug","message":"Inline data specified.","meta":{"rootId":"1k25jnpsl10e3yn","id":"1k25jnpsl10e3yn"},"id":"5gfvku6ik2lgdys","previousOperationId":"siwts66fyn6gate"}
{"type":"log","timestamp":1662024881535,"level":"debug","message":"Base url not specified, skipping its injection.","meta":{"rootId":"1k25jnpsl10e3yn","id":"1k25jnpsl10e3yn"},"id":"uziztlka4y5o4xy","previousOperationId":"siwts66fyn6gate"}
{"type":"operationStart","subtype":"engine","name":"handlebars","timestamp":1662024881537,"id":"60zrrm5d120i405","previousEventId":"lbrxj0lbe0p6jar","operationId":"52bjmpqk6rgbysj","previousOperationId":"siwts66fyn6gate"}
{"type":"log","timestamp":1662024881537,"level":"debug","message":"Rendering engine handlebars","meta":{"rootId":"1k25jnpsl10e3yn","id":"1k25jnpsl10e3yn"},"id":"gnm890k45fhs0tf","previousOperationId":"52bjmpqk6rgbysj"}
{"type":"operationEnd","operationId":"52bjmpqk6rgbysj","timestamp":1662024882667,"id":"yghibycopctbr41","previousEventId":"60zrrm5d120i405","previousOperationId":"52bjmpqk6rgbysj"}
{"type":"operationStart","subtype":"recipe","name":"chrome-pdf","timestamp":1662024882668,"id":"gtm3ppfq3tu7whh","previousEventId":"yghibycopctbr41","operationId":"sop2t87t2bs9o9o","previousOperationId":"52bjmpqk6rgbysj"}
{"type":"log","timestamp":1662024882668,"level":"debug","message":"Executing recipe chrome-pdf","meta":{"rootId":"1k25jnpsl10e3yn","id":"1k25jnpsl10e3yn"},"id":"4l7esw62gsxxac9","previousOperationId":"sop2t87t2bs9o9o"}
{"type":"log","timestamp":1662024882915,"level":"debug","message":"Starting child request to render pdf header","meta":{"rootId":"1k25jnpsl10e3yn","id":"1k25jnpsl10e3yn"},"id":"qxxghaos78km0zw","previousOperationId":"sop2t87t2bs9o9o"}
{"type":"operationStart","subtype":"render","name":"anonymous","previousOperationId":"sop2t87t2bs9o9o","timestamp":1662024882918,"id":"y8v16a74ixouq5z","previousEventId":"gtm3ppfq3tu7whh","operationId":"wafcuqubwkoa4kj"}
{"type":"log","timestamp":1662024882918,"level":"info","message":"Starting rendering request 1 (user: null)","meta":{"rootId":"1k25jnpsl10e3yn","id":"4drfy6p600xavt9"},"id":"omaertx7lui6eio","previousOperationId":"wafcuqubwkoa4kj"}
{"type":"log","timestamp":1662024882918,"level":"info","message":"Rendering anonymous template { recipe: html, engine: handlebars }","meta":{"rootId":"1k25jnpsl10e3yn","id":"4drfy6p600xavt9"},"id":"nn4cbgu8ce7ystb","previousOperationId":"wafcuqubwkoa4kj"}
{"type":"log","timestamp":1662024882919,"level":"debug","message":"Inline data specified.","meta":{"rootId":"1k25jnpsl10e3yn","id":"4drfy6p600xavt9"},"id":"er2dqwj2umjjwrc","previousOperationId":"wafcuqubwkoa4kj"}
{"type":"log","timestamp":1662024882930,"level":"debug","message":"Base url not specified, skipping its injection.","meta":{"rootId":"1k25jnpsl10e3yn","id":"4drfy6p600xavt9"},"id":"fro3ziip0qvu07y","previousOperationId":"wafcuqubwkoa4kj"}
{"type":"log","timestamp":1662024882954,"level":"debug","message":"Replaced assets [\"./src/reporting/assets/logo.png\"]","meta":{"rootId":"1k25jnpsl10e3yn","id":"4drfy6p600xavt9"},"id":"b59ujxdl2wiyfou","previousOperationId":"wafcuqubwkoa4kj"}
{"type":"operationStart","subtype":"engine","name":"handlebars","timestamp":1662024882954,"id":"4kjfvdutbdphu0v","previousEventId":"y8v16a74ixouq5z","operationId":"pm7oqws2ns30yck","previousOperationId":"wafcuqubwkoa4kj"}
{"type":"log","timestamp":1662024882954,"level":"debug","message":"Rendering engine handlebars","meta":{"rootId":"1k25jnpsl10e3yn","id":"4drfy6p600xavt9"},"id":"xll463tqyjmenh7","previousOperationId":"pm7oqws2ns30yck"}
{"type":"operationEnd","operationId":"pm7oqws2ns30yck","timestamp":1662024883015,"id":"djb7c758eild5k6","previousEventId":"4kjfvdutbdphu0v","previousOperationId":"pm7oqws2ns30yck"}
{"type":"operationStart","subtype":"recipe","name":"html","timestamp":1662024883016,"id":"9prpomi28utik27","previousEventId":"djb7c758eild5k6","operationId":"adrkaektcwn2fpf","previousOperationId":"pm7oqws2ns30yck"}
{"type":"log","timestamp":1662024883016,"level":"debug","message":"Executing recipe html","meta":{"rootId":"1k25jnpsl10e3yn","id":"4drfy6p600xavt9"},"id":"89sdafzfn23mwii","previousOperationId":"adrkaektcwn2fpf"}
{"type":"operationEnd","operationId":"adrkaektcwn2fpf","timestamp":1662024883016,"id":"wxyvzzudxc7h55p","previousEventId":"9prpomi28utik27","previousOperationId":"adrkaektcwn2fpf"}
{"type":"log","timestamp":1662024883018,"level":"debug","message":"Skipping storing report.","meta":{"rootId":"1k25jnpsl10e3yn","id":"4drfy6p600xavt9"},"id":"2d18wuym0kx12h4","previousOperationId":"adrkaektcwn2fpf"}
{"type":"log","timestamp":1662024883019,"level":"info","message":"Rendering request 1 finished in 1556 ms","meta":{"rootId":"1k25jnpsl10e3yn","id":"4drfy6p600xavt9"},"id":"9y0a0huv28qlot2","previousOperationId":"adrkaektcwn2fpf"}
{"type":"operationEnd","subtype":"render","operationId":"wafcuqubwkoa4kj","timestamp":1662024883019,"id":"xl2l8vzis7nhgg1","previousEventId":"wxyvzzudxc7h55p","previousOperationId":"adrkaektcwn2fpf"}
{"type":"log","timestamp":1662024883019,"level":"debug","message":"Starting child request to render pdf footer","meta":{"rootId":"1k25jnpsl10e3yn","id":"1k25jnpsl10e3yn"},"id":"wrejinw4urv317a","previousOperationId":"sop2t87t2bs9o9o"}
{"type":"operationStart","subtype":"render","name":"anonymous","previousOperationId":"sop2t87t2bs9o9o","timestamp":1662024883019,"id":"6h460u4ljdd3g55","previousEventId":"gtm3ppfq3tu7whh","operationId":"ooqw9jyjyg6p0kz"}
{"type":"log","timestamp":1662024883019,"level":"info","message":"Starting rendering request 1 (user: null)","meta":{"rootId":"1k25jnpsl10e3yn","id":"o6nsyblkpg9zqsh"},"id":"qmly3aa7w08s88k","previousOperationId":"ooqw9jyjyg6p0kz"}
{"type":"log","timestamp":1662024883020,"level":"info","message":"Rendering anonymous template { recipe: html, engine: handlebars }","meta":{"rootId":"1k25jnpsl10e3yn","id":"o6nsyblkpg9zqsh"},"id":"8ci4yq34i9xswez","previousOperationId":"ooqw9jyjyg6p0kz"}
{"type":"log","timestamp":1662024883020,"level":"debug","message":"Inline data specified.","meta":{"rootId":"1k25jnpsl10e3yn","id":"o6nsyblkpg9zqsh"},"id":"xb5cok7sfupoq9c","previousOperationId":"ooqw9jyjyg6p0kz"}
{"type":"log","timestamp":1662024883023,"level":"debug","message":"Base url not specified, skipping its injection.","meta":{"rootId":"1k25jnpsl10e3yn","id":"o6nsyblkpg9zqsh"},"id":"mudlqpewulfvnle","previousOperationId":"ooqw9jyjyg6p0kz"}
{"type":"operationStart","subtype":"engine","name":"handlebars","timestamp":1662024883024,"id":"h9lg30xl2d1s8wv","previousEventId":"6h460u4ljdd3g55","operationId":"8r65omdcd6kc2fx","previousOperationId":"ooqw9jyjyg6p0kz"}
{"type":"log","timestamp":1662024883024,"level":"debug","message":"Rendering engine handlebars","meta":{"rootId":"1k25jnpsl10e3yn","id":"o6nsyblkpg9zqsh"},"id":"u0hs1f1ipwt2b66","previousOperationId":"8r65omdcd6kc2fx"}
{"type":"operationEnd","operationId":"8r65omdcd6kc2fx","timestamp":1662024883101,"id":"g4zq03usqr2saok","previousEventId":"h9lg30xl2d1s8wv","previousOperationId":"8r65omdcd6kc2fx"}
{"type":"operationStart","subtype":"recipe","name":"html","timestamp":1662024883102,"id":"iu1vo74fdzf092x","previousEventId":"g4zq03usqr2saok","operationId":"fwv0g0httwsxoqt","previousOperationId":"8r65omdcd6kc2fx"}
{"type":"log","timestamp":1662024883102,"level":"debug","message":"Executing recipe html","meta":{"rootId":"1k25jnpsl10e3yn","id":"o6nsyblkpg9zqsh"},"id":"ege1ses9rvkbiwx","previousOperationId":"fwv0g0httwsxoqt"}
{"type":"operationEnd","operationId":"fwv0g0httwsxoqt","timestamp":1662024883102,"id":"9z7c5kajvdpd3pk","previousEventId":"iu1vo74fdzf092x","previousOperationId":"fwv0g0httwsxoqt"}
{"type":"log","timestamp":1662024883102,"level":"debug","message":"Skipping storing report.","meta":{"rootId":"1k25jnpsl10e3yn","id":"o6nsyblkpg9zqsh"},"id":"ie4jrmhyt7331o1","previousOperationId":"fwv0g0httwsxoqt"}
{"type":"log","timestamp":1662024883102,"level":"info","message":"Rendering request 1 finished in 1639 ms","meta":{"rootId":"1k25jnpsl10e3yn","id":"o6nsyblkpg9zqsh"},"id":"glyim3n0x08k6sl","previousOperationId":"fwv0g0httwsxoqt"}
{"type":"operationEnd","subtype":"render","operationId":"ooqw9jyjyg6p0kz","timestamp":1662024883102,"id":"4ldewi8h9vf91zl","previousEventId":"9z7c5kajvdpd3pk","previousOperationId":"fwv0g0httwsxoqt"}
{"type":"log","timestamp":1662024885113,"level":"debug","message":"Converting with chrome HeadlessChrome/98.0.4758.0 using chrome-pool strategy","meta":{"rootId":"1k25jnpsl10e3yn","id":"1k25jnpsl10e3yn"},"id":"j23n13mfl8urtl0","previousOperationId":"sop2t87t2bs9o9o"}
{"type":"log","timestamp":1662024885926,"level":"debug","message":"Page request: GET (document) file:///var/folders/8m/98z140gs3yzbw6jqmpbh8b8m0000gn/T/jsreport/autocleanup/ea7268d9-af70-48f9-9416-fbfd73b4454a-chrome-pdf.html","meta":{"rootId":"1k25jnpsl10e3yn","id":"1k25jnpsl10e3yn"},"id":"22klfkmzojzr6p8","previousOperationId":"sop2t87t2bs9o9o"}
{"type":"log","timestamp":1662024885961,"level":"debug","message":"Page request finished: GET (document) file:///var/folders/8m/98z140gs3yzbw6jqmpbh8b8m0000gn/T/jsreport/autocleanup/ea7268d9-af70-48f9-9416-fbfd73b4454a-chrome-pdf.html","meta":{"rootId":"1k25jnpsl10e3yn","id":"1k25jnpsl10e3yn"},"id":"trek72bzg0fxrmh","previousOperationId":"sop2t87t2bs9o9o"}
{"type":"log","timestamp":1662024885973,"level":"debug","message":"Page request: GET (stylesheet) https://fonts.googleapis.com/css2?family=Montserrat:wght@500&family=Open+Sans:wght@300&display=swap","meta":{"rootId":"1k25jnpsl10e3yn","id":"1k25jnpsl10e3yn"},"id":"xje7umfx3ltvsmj","previousOperationId":"sop2t87t2bs9o9o"}
{"type":"log","timestamp":1662024886377,"level":"debug","message":"Page request finished: GET (stylesheet) 200 https://fonts.googleapis.com/css2?family=Montserrat:wght@500&family=Open+Sans:wght@300&display=swap","meta":{"rootId":"1k25jnpsl10e3yn","id":"1k25jnpsl10e3yn"},"id":"4flsbq2m48led4g","previousOperationId":"sop2t87t2bs9o9o"}
{"type":"log","timestamp":1662024886464,"level":"debug","message":"Page request: GET (font) https://fonts.gstatic.com/s/opensans/v34/memSYaGs126MiZpBA-UvWbX2vVnXBbObj2OVZyOOSr4dVJWUgsiH0B4gaVQUwaEQbjA.woff","meta":{"rootId":"1k25jnpsl10e3yn","id":"1k25jnpsl10e3yn"},"id":"mbvmvfkbai5xgln","previousOperationId":"sop2t87t2bs9o9o"}
{"type":"log","timestamp":1662024886476,"level":"debug","message":"Page request: GET (font) https://fonts.gstatic.com/s/opensans/v34/memSYaGs126MiZpBA-UvWbX2vVnXBbObj2OVZyOOSr4dVJWUgsiH0B4gaVQUwaEQbjA.woff","meta":{"rootId":"1k25jnpsl10e3yn","id":"1k25jnpsl10e3yn"},"id":"7weqctq2ig81niq","previousOperationId":"sop2t87t2bs9o9o"}
{"type":"log","timestamp":1662024886476,"level":"debug","message":"Running chrome with params {\"scale\":1,\"displayHeaderFooter\":true,\"headerTemplate\":\"...\",\"footerTemplate\":\"...\",\"printBackground\":true,\"pageRanges\":\"\",\"format\":\"A4\",\"width\":\"\",\"height\":\"\",\"marginTop\":\"350px\",\"marginRight\":\"20px\",\"marginBottom\":\"80px\",\"marginLeft\":\"20px\",\"waitForJS\":false,\"waitForNetworkIddle\":false,\"timeout\":58360,\"waitForNetworkIdle\":false,\"margin\":{\"top\":\"350px\",\"right\":\"20px\",\"bottom\":\"80px\",\"left\":\"20px\"}}","meta":{"rootId":"1k25jnpsl10e3yn","id":"1k25jnpsl10e3yn"},"id":"knu73mv043bxrrb","previousOperationId":"sop2t87t2bs9o9o"}
{"type":"operationEnd","operationId":"sop2t87t2bs9o9o","timestamp":1662024886742,"id":"ztx8eqg8l5rgknj","previousEventId":"gtm3ppfq3tu7whh","previousOperationId":"sop2t87t2bs9o9o"}
{"type":"log","timestamp":1662024886743,"level":"debug","message":"Skipping storing report.","meta":{"rootId":"1k25jnpsl10e3yn","id":"1k25jnpsl10e3yn"},"id":"vy5rono01l5fut5","previousOperationId":"sop2t87t2bs9o9o"}
{"type":"log","timestamp":1662024886743,"level":"info","message":"Rendering request 1 finished in 5280 ms","meta":{"rootId":"1k25jnpsl10e3yn","id":"1k25jnpsl10e3yn"},"id":"6s6jvy1alb6vqxl","previousOperationId":"sop2t87t2bs9o9o"}
{"type":"operationEnd","subtype":"render","operationId":"siwts66fyn6gate","timestamp":1662024886743,"id":"4ejuqyvi6aurmo5","previousEventId":"ztx8eqg8l5rgknj","previousOperationId":"sop2t87t2bs9o9o"}
{"type":"operationEnd","doDiffs":false,"previousEventId":"irbgvcuz3tvyv0d","previousOperationId":"fs2xwd2n9kwlf7n","operationId":"fs2xwd2n9kwlf7n","timestamp":1662024886752,"id":"e8p0cddowurywhx"}
