{"type":"operationStart","subtype":"profile","data":{"_id":"4sY3cCqQp8GS0mrB","timestamp":"2022-10-02T11:12:54.226Z","state":"queued","mode":"standard","creationDate":"2022-10-02T11:12:54.232Z","modificationDate":"2022-10-02T11:12:54.232Z","shortid":"9Ge80zs","$entitySet":"profiles"},"doDiffs":false,"timestamp":1664709174229,"id":"u3pksw50qhjc6ol","previousOperationId":null,"operationId":"jsevh5g03tqta4p"}
{"type":"log","level":"info","message":"Render request 1 queued for execution and waiting for available worker","previousOperationId":"jsevh5g03tqta4p","timestamp":1664709174229,"id":"sa5c88p2v0u8olz"}
{"type":"operationStart","subtype":"render","name":"anonymous","previousOperationId":"jsevh5g03tqta4p","timestamp":1664709174291,"id":"t5wwdk82c27505k","previousEventId":"u3pksw50qhjc6ol","operationId":"40ypwc3zgqiz0my"}
{"type":"log","timestamp":1664709174294,"level":"info","message":"Starting rendering request 1 (user: null)","meta":{"rootId":"2s90mkahazx5f8y","id":"2s90mkahazx5f8y"},"id":"twd5hz9bex3s6s8","previousOperationId":"40ypwc3zgqiz0my"}
{"type":"log","timestamp":1664709174298,"level":"info","message":"Rendering anonymous template { recipe: chrome-pdf, engine: handlebars }","meta":{"rootId":"2s90mkahazx5f8y","id":"2s90mkahazx5f8y"},"id":"1dcznty8gtehssl","previousOperationId":"40ypwc3zgqiz0my"}
{"type":"log","timestamp":1664709174298,"level":"debug","message":"Inline data specified.","meta":{"rootId":"2s90mkahazx5f8y","id":"2s90mkahazx5f8y"},"id":"zfhfu35iqoscpy8","previousOperationId":"40ypwc3zgqiz0my"}
{"type":"log","timestamp":1664709174329,"level":"debug","message":"Base url not specified, skipping its injection.","meta":{"rootId":"2s90mkahazx5f8y","id":"2s90mkahazx5f8y"},"id":"fqnv64s4y3xrh16","previousOperationId":"40ypwc3zgqiz0my"}
{"type":"operationStart","subtype":"engine","name":"handlebars","timestamp":1664709174331,"id":"o45q960aruyi4ys","previousEventId":"t5wwdk82c27505k","operationId":"sarchvcptgbtskk","previousOperationId":"40ypwc3zgqiz0my"}
{"type":"log","timestamp":1664709174331,"level":"debug","message":"Rendering engine handlebars","meta":{"rootId":"2s90mkahazx5f8y","id":"2s90mkahazx5f8y"},"id":"x4jbqysdsfnk41z","previousOperationId":"sarchvcptgbtskk"}
{"type":"operationEnd","operationId":"sarchvcptgbtskk","timestamp":1664709176020,"id":"myeo4xpi35jjmz5","previousEventId":"o45q960aruyi4ys","previousOperationId":"sarchvcptgbtskk"}
{"type":"operationStart","subtype":"recipe","name":"chrome-pdf","timestamp":1664709176021,"id":"mj51xdswsh32556","previousEventId":"myeo4xpi35jjmz5","operationId":"pzv62jsjpe2oy4i","previousOperationId":"sarchvcptgbtskk"}
{"type":"log","timestamp":1664709176021,"level":"debug","message":"Executing recipe chrome-pdf","meta":{"rootId":"2s90mkahazx5f8y","id":"2s90mkahazx5f8y"},"id":"qgwct3veanr1qsc","previousOperationId":"pzv62jsjpe2oy4i"}
{"type":"log","timestamp":1664709176271,"level":"debug","message":"Starting child request to render pdf header","meta":{"rootId":"2s90mkahazx5f8y","id":"2s90mkahazx5f8y"},"id":"mwna0buoatn8kme","previousOperationId":"pzv62jsjpe2oy4i"}
{"type":"operationStart","subtype":"render","name":"anonymous","previousOperationId":"pzv62jsjpe2oy4i","timestamp":1664709176272,"id":"knoz6k293vmcvxo","previousEventId":"mj51xdswsh32556","operationId":"yusfuo7ypbhd1xe"}
{"type":"log","timestamp":1664709176272,"level":"info","message":"Starting rendering request 1 (user: null)","meta":{"rootId":"2s90mkahazx5f8y","id":"lbsl2luqvwjdey6"},"id":"ce1gf5polcyy5cb","previousOperationId":"yusfuo7ypbhd1xe"}
{"type":"log","timestamp":1664709176272,"level":"info","message":"Rendering anonymous template { recipe: html, engine: handlebars }","meta":{"rootId":"2s90mkahazx5f8y","id":"lbsl2luqvwjdey6"},"id":"0ylacds9wq0dbdj","previousOperationId":"yusfuo7ypbhd1xe"}
{"type":"log","timestamp":1664709176272,"level":"debug","message":"Inline data specified.","meta":{"rootId":"2s90mkahazx5f8y","id":"lbsl2luqvwjdey6"},"id":"70oil5k42bhaf0o","previousOperationId":"yusfuo7ypbhd1xe"}
{"type":"log","timestamp":1664709176275,"level":"debug","message":"Base url not specified, skipping its injection.","meta":{"rootId":"2s90mkahazx5f8y","id":"lbsl2luqvwjdey6"},"id":"oxx0eugd7eyzbpf","previousOperationId":"yusfuo7ypbhd1xe"}
{"type":"log","timestamp":1664709176285,"level":"debug","message":"Replaced assets [\"./src/reporting/assets/logo.png\"]","meta":{"rootId":"2s90mkahazx5f8y","id":"lbsl2luqvwjdey6"},"id":"ap2ktcprw60thcs","previousOperationId":"yusfuo7ypbhd1xe"}
{"type":"operationStart","subtype":"engine","name":"handlebars","timestamp":1664709176285,"id":"old77vk1b0l837o","previousEventId":"knoz6k293vmcvxo","operationId":"rh80uh84x9mgely","previousOperationId":"yusfuo7ypbhd1xe"}
{"type":"log","timestamp":1664709176285,"level":"debug","message":"Rendering engine handlebars","meta":{"rootId":"2s90mkahazx5f8y","id":"lbsl2luqvwjdey6"},"id":"smnmrl2xsbc8bas","previousOperationId":"rh80uh84x9mgely"}
{"type":"operationEnd","operationId":"rh80uh84x9mgely","timestamp":1664709176343,"id":"93rs4typ1cj99lg","previousEventId":"old77vk1b0l837o","previousOperationId":"rh80uh84x9mgely"}
{"type":"operationStart","subtype":"recipe","name":"html","timestamp":1664709176344,"id":"zfwn1zjjlugk3mu","previousEventId":"93rs4typ1cj99lg","operationId":"75iu6km3phih9ai","previousOperationId":"rh80uh84x9mgely"}
{"type":"log","timestamp":1664709176344,"level":"debug","message":"Executing recipe html","meta":{"rootId":"2s90mkahazx5f8y","id":"lbsl2luqvwjdey6"},"id":"dw1c3fwdvq6k2lk","previousOperationId":"75iu6km3phih9ai"}
{"type":"operationEnd","operationId":"75iu6km3phih9ai","timestamp":1664709176344,"id":"7sjgma5mouwmum7","previousEventId":"zfwn1zjjlugk3mu","previousOperationId":"75iu6km3phih9ai"}
{"type":"log","timestamp":1664709176345,"level":"debug","message":"Skipping storing report.","meta":{"rootId":"2s90mkahazx5f8y","id":"lbsl2luqvwjdey6"},"id":"8tefsbmetg7ko7x","previousOperationId":"75iu6km3phih9ai"}
{"type":"log","timestamp":1664709176346,"level":"info","message":"Rendering request 1 finished in 2121 ms","meta":{"rootId":"2s90mkahazx5f8y","id":"lbsl2luqvwjdey6"},"id":"zjtxfu0ftn8xyen","previousOperationId":"75iu6km3phih9ai"}
{"type":"operationEnd","subtype":"render","operationId":"yusfuo7ypbhd1xe","timestamp":1664709176346,"id":"o8wpbegzpij4w6s","previousEventId":"7sjgma5mouwmum7","previousOperationId":"75iu6km3phih9ai"}
{"type":"log","timestamp":1664709176347,"level":"debug","message":"Starting child request to render pdf footer","meta":{"rootId":"2s90mkahazx5f8y","id":"2s90mkahazx5f8y"},"id":"dd1u43dw4zrtmdi","previousOperationId":"pzv62jsjpe2oy4i"}
{"type":"operationStart","subtype":"render","name":"anonymous","previousOperationId":"pzv62jsjpe2oy4i","timestamp":1664709176347,"id":"xcqkkmtoqj4h7si","previousEventId":"mj51xdswsh32556","operationId":"pncaxwu45am494h"}
{"type":"log","timestamp":1664709176347,"level":"info","message":"Starting rendering request 1 (user: null)","meta":{"rootId":"2s90mkahazx5f8y","id":"579gjnrx5xws9j9"},"id":"hnvskhf75c3mgcs","previousOperationId":"pncaxwu45am494h"}
{"type":"log","timestamp":1664709176347,"level":"info","message":"Rendering anonymous template { recipe: html, engine: handlebars }","meta":{"rootId":"2s90mkahazx5f8y","id":"579gjnrx5xws9j9"},"id":"vn9f4qlijac5qkl","previousOperationId":"pncaxwu45am494h"}
{"type":"log","timestamp":1664709176347,"level":"debug","message":"Inline data specified.","meta":{"rootId":"2s90mkahazx5f8y","id":"579gjnrx5xws9j9"},"id":"mliryd2y3yg2q04","previousOperationId":"pncaxwu45am494h"}
{"type":"log","timestamp":1664709176350,"level":"debug","message":"Base url not specified, skipping its injection.","meta":{"rootId":"2s90mkahazx5f8y","id":"579gjnrx5xws9j9"},"id":"yofzgiacyqerwu0","previousOperationId":"pncaxwu45am494h"}
{"type":"operationStart","subtype":"engine","name":"handlebars","timestamp":1664709176350,"id":"b0yyrn3ewh7vjk0","previousEventId":"xcqkkmtoqj4h7si","operationId":"mrbm32gi9gnyrlo","previousOperationId":"pncaxwu45am494h"}
{"type":"log","timestamp":1664709176350,"level":"debug","message":"Rendering engine handlebars","meta":{"rootId":"2s90mkahazx5f8y","id":"579gjnrx5xws9j9"},"id":"yy0im2hv8q7hujt","previousOperationId":"mrbm32gi9gnyrlo"}
{"type":"operationEnd","operationId":"mrbm32gi9gnyrlo","timestamp":1664709176393,"id":"syipeoh0pi8bks0","previousEventId":"b0yyrn3ewh7vjk0","previousOperationId":"mrbm32gi9gnyrlo"}
{"type":"operationStart","subtype":"recipe","name":"html","timestamp":1664709176393,"id":"yzzuqf1tf6k52x8","previousEventId":"syipeoh0pi8bks0","operationId":"lpbi6l29nyigr62","previousOperationId":"mrbm32gi9gnyrlo"}
{"type":"log","timestamp":1664709176393,"level":"debug","message":"Executing recipe html","meta":{"rootId":"2s90mkahazx5f8y","id":"579gjnrx5xws9j9"},"id":"pua9gee4b62ah0o","previousOperationId":"lpbi6l29nyigr62"}
{"type":"operationEnd","operationId":"lpbi6l29nyigr62","timestamp":1664709176393,"id":"5neh4ln0oiqol5b","previousEventId":"yzzuqf1tf6k52x8","previousOperationId":"lpbi6l29nyigr62"}
{"type":"log","timestamp":1664709176393,"level":"debug","message":"Skipping storing report.","meta":{"rootId":"2s90mkahazx5f8y","id":"579gjnrx5xws9j9"},"id":"lt2aagyb9ej4al1","previousOperationId":"lpbi6l29nyigr62"}
{"type":"log","timestamp":1664709176393,"level":"info","message":"Rendering request 1 finished in 2168 ms","meta":{"rootId":"2s90mkahazx5f8y","id":"579gjnrx5xws9j9"},"id":"xccsiu81jgjxxbv","previousOperationId":"lpbi6l29nyigr62"}
{"type":"operationEnd","subtype":"render","operationId":"pncaxwu45am494h","timestamp":1664709176394,"id":"3poxuoemugwfbre","previousEventId":"5neh4ln0oiqol5b","previousOperationId":"lpbi6l29nyigr62"}
{"type":"log","timestamp":1664709179820,"level":"debug","message":"Converting with chrome HeadlessChrome/98.0.4758.0 using chrome-pool strategy","meta":{"rootId":"2s90mkahazx5f8y","id":"2s90mkahazx5f8y"},"id":"9p00fsm839tr91a","previousOperationId":"pzv62jsjpe2oy4i"}
{"type":"log","timestamp":1664709180414,"level":"debug","message":"Page request: GET (document) file:///var/folders/8m/98z140gs3yzbw6jqmpbh8b8m0000gn/T/jsreport/autocleanup/3e1af1ec-b300-4565-a044-4de922b785ad-chrome-pdf.html","meta":{"rootId":"2s90mkahazx5f8y","id":"2s90mkahazx5f8y"},"id":"0tsm9ug62yxsap8","previousOperationId":"pzv62jsjpe2oy4i"}
{"type":"log","timestamp":1664709180470,"level":"debug","message":"Page request finished: GET (document) file:///var/folders/8m/98z140gs3yzbw6jqmpbh8b8m0000gn/T/jsreport/autocleanup/3e1af1ec-b300-4565-a044-4de922b785ad-chrome-pdf.html","meta":{"rootId":"2s90mkahazx5f8y","id":"2s90mkahazx5f8y"},"id":"sen6z2hcabb8m4i","previousOperationId":"pzv62jsjpe2oy4i"}
{"type":"log","timestamp":1664709180542,"level":"debug","message":"Page request: GET (stylesheet) https://fonts.googleapis.com/css2?family=Montserrat:wght@500&family=Open+Sans:wght@300&display=swap","meta":{"rootId":"2s90mkahazx5f8y","id":"2s90mkahazx5f8y"},"id":"zj00sd3zfvjd5nt","previousOperationId":"pzv62jsjpe2oy4i"}
{"type":"log","timestamp":1664709181082,"level":"debug","message":"Page request finished: GET (stylesheet) 200 https://fonts.googleapis.com/css2?family=Montserrat:wght@500&family=Open+Sans:wght@300&display=swap","meta":{"rootId":"2s90mkahazx5f8y","id":"2s90mkahazx5f8y"},"id":"3gdti8r5uxskh4j","previousOperationId":"pzv62jsjpe2oy4i"}
{"type":"log","timestamp":1664709181199,"level":"debug","message":"Page request: GET (font) https://fonts.gstatic.com/s/opensans/v34/memSYaGs126MiZpBA-UvWbX2vVnXBbObj2OVZyOOSr4dVJWUgsiH0B4gaVQUwaEQbjA.woff","meta":{"rootId":"2s90mkahazx5f8y","id":"2s90mkahazx5f8y"},"id":"7fgnv89usj6pich","previousOperationId":"pzv62jsjpe2oy4i"}
{"type":"log","timestamp":1664709181286,"level":"debug","message":"Page request: GET (font) https://fonts.gstatic.com/s/opensans/v34/memSYaGs126MiZpBA-UvWbX2vVnXBbObj2OVZyOOSr4dVJWUgsiH0B4gaVQUwaEQbjA.woff","meta":{"rootId":"2s90mkahazx5f8y","id":"2s90mkahazx5f8y"},"id":"e8adqp7vkay2are","previousOperationId":"pzv62jsjpe2oy4i"}
{"type":"log","timestamp":1664709181685,"level":"debug","message":"Page request finished: GET (font) 200 https://fonts.gstatic.com/s/opensans/v34/memSYaGs126MiZpBA-UvWbX2vVnXBbObj2OVZyOOSr4dVJWUgsiH0B4gaVQUwaEQbjA.woff","meta":{"rootId":"2s90mkahazx5f8y","id":"2s90mkahazx5f8y"},"id":"h3i9ue1l4ea1p1o","previousOperationId":"pzv62jsjpe2oy4i"}
{"type":"log","timestamp":1664709181696,"level":"debug","message":"Running chrome with params {\"scale\":1,\"displayHeaderFooter\":true,\"headerTemplate\":\"...\",\"footerTemplate\":\"...\",\"printBackground\":true,\"pageRanges\":\"\",\"format\":\"A4\",\"width\":\"\",\"height\":\"\",\"marginTop\":\"350px\",\"marginRight\":\"20px\",\"marginBottom\":\"80px\",\"marginLeft\":\"20px\",\"waitForJS\":false,\"waitForNetworkIddle\":false,\"timeout\":57831,\"waitForNetworkIdle\":false,\"margin\":{\"top\":\"350px\",\"right\":\"20px\",\"bottom\":\"80px\",\"left\":\"20px\"}}","meta":{"rootId":"2s90mkahazx5f8y","id":"2s90mkahazx5f8y"},"id":"15dvfs5bc3ukd1g","previousOperationId":"pzv62jsjpe2oy4i"}
{"type":"operationEnd","operationId":"pzv62jsjpe2oy4i","timestamp":1664709182251,"id":"lam13og41pnzy2r","previousEventId":"mj51xdswsh32556","previousOperationId":"pzv62jsjpe2oy4i"}
{"type":"log","timestamp":1664709182251,"level":"debug","message":"Skipping storing report.","meta":{"rootId":"2s90mkahazx5f8y","id":"2s90mkahazx5f8y"},"id":"9e17efspq8alr2v","previousOperationId":"pzv62jsjpe2oy4i"}
{"type":"log","timestamp":1664709182252,"level":"info","message":"Rendering request 1 finished in 8027 ms","meta":{"rootId":"2s90mkahazx5f8y","id":"2s90mkahazx5f8y"},"id":"2voyrk1yz3ungzp","previousOperationId":"pzv62jsjpe2oy4i"}
{"type":"operationEnd","subtype":"render","operationId":"40ypwc3zgqiz0my","timestamp":1664709182252,"id":"v9l5m44ueeza4mp","previousEventId":"lam13og41pnzy2r","previousOperationId":"pzv62jsjpe2oy4i"}
{"type":"operationEnd","doDiffs":false,"previousEventId":"u3pksw50qhjc6ol","previousOperationId":"jsevh5g03tqta4p","operationId":"jsevh5g03tqta4p","timestamp":1664709182264,"id":"0vtx1jt81v6rdby"}
