{"type":"operationStart","subtype":"profile","data":{"_id":"6Uswyca3JY7jcJ5M","timestamp":"2022-09-03T20:30:17.340Z","state":"queued","mode":"standard","creationDate":"2022-09-03T20:30:17.344Z","modificationDate":"2022-09-03T20:30:17.344Z","shortid":"wcx0x9a","$entitySet":"profiles"},"doDiffs":false,"timestamp":1662237017342,"id":"eqgh5nrtm3xx27d","previousOperationId":null,"operationId":"d1xanpxd9i1omp8"}
{"type":"log","level":"info","message":"Render request 1 queued for execution and waiting for available worker","previousOperationId":"d1xanpxd9i1omp8","timestamp":1662237017343,"id":"zzkhvpaa8b0ftde"}
{"type":"operationStart","subtype":"render","name":"anonymous","previousOperationId":"d1xanpxd9i1omp8","timestamp":1662237017399,"id":"oz75eao57chm8rj","previousEventId":"eqgh5nrtm3xx27d","operationId":"duxjbqvwak1a7py"}
{"type":"log","timestamp":1662237017403,"level":"info","message":"Starting rendering request 1 (user: null)","meta":{"rootId":"30f1mg7dnksfyd5","id":"30f1mg7dnksfyd5"},"id":"1nz1i78c85d6q7m","previousOperationId":"duxjbqvwak1a7py"}
{"type":"log","timestamp":1662237017407,"level":"info","message":"Rendering anonymous template { recipe: chrome-pdf, engine: handlebars }","meta":{"rootId":"30f1mg7dnksfyd5","id":"30f1mg7dnksfyd5"},"id":"l2pord5mun6viwf","previousOperationId":"duxjbqvwak1a7py"}
{"type":"log","timestamp":1662237017408,"level":"debug","message":"Inline data specified.","meta":{"rootId":"30f1mg7dnksfyd5","id":"30f1mg7dnksfyd5"},"id":"iajrumslafl6dwm","previousOperationId":"duxjbqvwak1a7py"}
{"type":"log","timestamp":1662237017415,"level":"debug","message":"Base url not specified, skipping its injection.","meta":{"rootId":"30f1mg7dnksfyd5","id":"30f1mg7dnksfyd5"},"id":"vr0tj16ds1eoyb1","previousOperationId":"duxjbqvwak1a7py"}
{"type":"operationStart","subtype":"engine","name":"handlebars","timestamp":1662237017418,"id":"tl4nxtz7cihzvnj","previousEventId":"oz75eao57chm8rj","operationId":"q43432ba6ypvn7u","previousOperationId":"duxjbqvwak1a7py"}
{"type":"log","timestamp":1662237017418,"level":"debug","message":"Rendering engine handlebars","meta":{"rootId":"30f1mg7dnksfyd5","id":"30f1mg7dnksfyd5"},"id":"sqrdyrw5z7flma0","previousOperationId":"q43432ba6ypvn7u"}
{"type":"operationEnd","operationId":"q43432ba6ypvn7u","timestamp":1662237018774,"id":"f9822yzexlbl0fy","previousEventId":"tl4nxtz7cihzvnj","previousOperationId":"q43432ba6ypvn7u"}
{"type":"operationStart","subtype":"recipe","name":"chrome-pdf","timestamp":1662237018776,"id":"m8kdw4ibhcyhfa7","previousEventId":"f9822yzexlbl0fy","operationId":"4w12ejrvfq2ml5r","previousOperationId":"q43432ba6ypvn7u"}
{"type":"log","timestamp":1662237018776,"level":"debug","message":"Executing recipe chrome-pdf","meta":{"rootId":"30f1mg7dnksfyd5","id":"30f1mg7dnksfyd5"},"id":"s7v2gxtq53ujtld","previousOperationId":"4w12ejrvfq2ml5r"}
{"type":"log","timestamp":1662237019294,"level":"debug","message":"Starting child request to render pdf header","meta":{"rootId":"30f1mg7dnksfyd5","id":"30f1mg7dnksfyd5"},"id":"g1pn3vidqn7x3vv","previousOperationId":"4w12ejrvfq2ml5r"}
{"type":"operationStart","subtype":"render","name":"anonymous","previousOperationId":"4w12ejrvfq2ml5r","timestamp":1662237019296,"id":"yt19v3f63c9gyeo","previousEventId":"m8kdw4ibhcyhfa7","operationId":"95pkg3pnyg0j3w1"}
{"type":"log","timestamp":1662237019296,"level":"info","message":"Starting rendering request 1 (user: null)","meta":{"rootId":"30f1mg7dnksfyd5","id":"fhf7q0nvwbkj08a"},"id":"eszzdknqwvvnqfu","previousOperationId":"95pkg3pnyg0j3w1"}
{"type":"log","timestamp":1662237019296,"level":"info","message":"Rendering anonymous template { recipe: html, engine: handlebars }","meta":{"rootId":"30f1mg7dnksfyd5","id":"fhf7q0nvwbkj08a"},"id":"70eyvzc92n3b6u0","previousOperationId":"95pkg3pnyg0j3w1"}
{"type":"log","timestamp":1662237019297,"level":"debug","message":"Inline data specified.","meta":{"rootId":"30f1mg7dnksfyd5","id":"fhf7q0nvwbkj08a"},"id":"a4skrnx1np7j93s","previousOperationId":"95pkg3pnyg0j3w1"}
{"type":"log","timestamp":1662237019303,"level":"debug","message":"Base url not specified, skipping its injection.","meta":{"rootId":"30f1mg7dnksfyd5","id":"fhf7q0nvwbkj08a"},"id":"h56lni2pu791jkc","previousOperationId":"95pkg3pnyg0j3w1"}
{"type":"log","timestamp":1662237019332,"level":"debug","message":"Replaced assets [\"./src/reporting/assets/logo.png\"]","meta":{"rootId":"30f1mg7dnksfyd5","id":"fhf7q0nvwbkj08a"},"id":"6u88wvup2moc2pp","previousOperationId":"95pkg3pnyg0j3w1"}
{"type":"operationStart","subtype":"engine","name":"handlebars","timestamp":1662237019332,"id":"ypxq47geo4igknb","previousEventId":"yt19v3f63c9gyeo","operationId":"v9ot89rtoqr1l7h","previousOperationId":"95pkg3pnyg0j3w1"}
{"type":"log","timestamp":1662237019332,"level":"debug","message":"Rendering engine handlebars","meta":{"rootId":"30f1mg7dnksfyd5","id":"fhf7q0nvwbkj08a"},"id":"ecwjdfahxf5sbr8","previousOperationId":"v9ot89rtoqr1l7h"}
{"type":"operationEnd","operationId":"v9ot89rtoqr1l7h","timestamp":1662237019406,"id":"ybq54njqkl78q1e","previousEventId":"ypxq47geo4igknb","previousOperationId":"v9ot89rtoqr1l7h"}
{"type":"operationStart","subtype":"recipe","name":"html","timestamp":1662237019407,"id":"tcib8bbvy3jh4fw","previousEventId":"ybq54njqkl78q1e","operationId":"7m523ho97c7559u","previousOperationId":"v9ot89rtoqr1l7h"}
{"type":"log","timestamp":1662237019407,"level":"debug","message":"Executing recipe html","meta":{"rootId":"30f1mg7dnksfyd5","id":"fhf7q0nvwbkj08a"},"id":"jmxamvuql0bgrhh","previousOperationId":"7m523ho97c7559u"}
{"type":"operationEnd","operationId":"7m523ho97c7559u","timestamp":1662237019407,"id":"zhkczro36xonjwa","previousEventId":"tcib8bbvy3jh4fw","previousOperationId":"7m523ho97c7559u"}
{"type":"log","timestamp":1662237019408,"level":"debug","message":"Skipping storing report.","meta":{"rootId":"30f1mg7dnksfyd5","id":"fhf7q0nvwbkj08a"},"id":"c5tgckhogfddlvh","previousOperationId":"7m523ho97c7559u"}
{"type":"log","timestamp":1662237019409,"level":"info","message":"Rendering request 1 finished in 2070 ms","meta":{"rootId":"30f1mg7dnksfyd5","id":"fhf7q0nvwbkj08a"},"id":"cxuqvahuwpun1ha","previousOperationId":"7m523ho97c7559u"}
{"type":"operationEnd","subtype":"render","operationId":"95pkg3pnyg0j3w1","timestamp":1662237019409,"id":"3k84m6gitc05yy3","previousEventId":"zhkczro36xonjwa","previousOperationId":"7m523ho97c7559u"}
{"type":"log","timestamp":1662237019409,"level":"debug","message":"Starting child request to render pdf footer","meta":{"rootId":"30f1mg7dnksfyd5","id":"30f1mg7dnksfyd5"},"id":"c8v2yab02esmf7i","previousOperationId":"4w12ejrvfq2ml5r"}
{"type":"operationStart","subtype":"render","name":"anonymous","previousOperationId":"4w12ejrvfq2ml5r","timestamp":1662237019417,"id":"5fmbcig3nexmq93","previousEventId":"m8kdw4ibhcyhfa7","operationId":"2yb2ejzi6oew8qb"}
{"type":"log","timestamp":1662237019418,"level":"info","message":"Starting rendering request 1 (user: null)","meta":{"rootId":"30f1mg7dnksfyd5","id":"ekb5vovl5uir7wx"},"id":"jgnz7tjo9qu745s","previousOperationId":"2yb2ejzi6oew8qb"}
{"type":"log","timestamp":1662237019420,"level":"info","message":"Rendering anonymous template { recipe: html, engine: handlebars }","meta":{"rootId":"30f1mg7dnksfyd5","id":"ekb5vovl5uir7wx"},"id":"3i01jbb8eumkxcl","previousOperationId":"2yb2ejzi6oew8qb"}
{"type":"log","timestamp":1662237019420,"level":"debug","message":"Inline data specified.","meta":{"rootId":"30f1mg7dnksfyd5","id":"ekb5vovl5uir7wx"},"id":"hi1g13fy9owccw2","previousOperationId":"2yb2ejzi6oew8qb"}
{"type":"log","timestamp":1662237019448,"level":"debug","message":"Base url not specified, skipping its injection.","meta":{"rootId":"30f1mg7dnksfyd5","id":"ekb5vovl5uir7wx"},"id":"wq3t982pozui10g","previousOperationId":"2yb2ejzi6oew8qb"}
{"type":"operationStart","subtype":"engine","name":"handlebars","timestamp":1662237019449,"id":"kd60v3n8931nn1a","previousEventId":"5fmbcig3nexmq93","operationId":"mlsenl4dsxg5pml","previousOperationId":"2yb2ejzi6oew8qb"}
{"type":"log","timestamp":1662237019449,"level":"debug","message":"Rendering engine handlebars","meta":{"rootId":"30f1mg7dnksfyd5","id":"ekb5vovl5uir7wx"},"id":"jmt3mt9p794ihg4","previousOperationId":"mlsenl4dsxg5pml"}
{"type":"operationEnd","operationId":"mlsenl4dsxg5pml","timestamp":1662237019472,"id":"ij92dob3invpob2","previousEventId":"kd60v3n8931nn1a","previousOperationId":"mlsenl4dsxg5pml"}
{"type":"operationStart","subtype":"recipe","name":"html","timestamp":1662237019472,"id":"hkrr912diy65kjm","previousEventId":"ij92dob3invpob2","operationId":"f03t5yp9cerpwnc","previousOperationId":"mlsenl4dsxg5pml"}
{"type":"log","timestamp":1662237019472,"level":"debug","message":"Executing recipe html","meta":{"rootId":"30f1mg7dnksfyd5","id":"ekb5vovl5uir7wx"},"id":"lm5o7k01zy6di0j","previousOperationId":"f03t5yp9cerpwnc"}
{"type":"operationEnd","operationId":"f03t5yp9cerpwnc","timestamp":1662237019472,"id":"pftc46i4x1tog8t","previousEventId":"hkrr912diy65kjm","previousOperationId":"f03t5yp9cerpwnc"}
{"type":"log","timestamp":1662237019472,"level":"debug","message":"Skipping storing report.","meta":{"rootId":"30f1mg7dnksfyd5","id":"ekb5vovl5uir7wx"},"id":"srhc37g6xn2sgvg","previousOperationId":"f03t5yp9cerpwnc"}
{"type":"log","timestamp":1662237019473,"level":"info","message":"Rendering request 1 finished in 2134 ms","meta":{"rootId":"30f1mg7dnksfyd5","id":"ekb5vovl5uir7wx"},"id":"5exp32lazs2c5ym","previousOperationId":"f03t5yp9cerpwnc"}
{"type":"operationEnd","subtype":"render","operationId":"2yb2ejzi6oew8qb","timestamp":1662237019473,"id":"hrxhq6zj6xen43z","previousEventId":"pftc46i4x1tog8t","previousOperationId":"f03t5yp9cerpwnc"}
{"type":"log","timestamp":1662237021014,"level":"debug","message":"Converting with chrome HeadlessChrome/98.0.4758.0 using chrome-pool strategy","meta":{"rootId":"30f1mg7dnksfyd5","id":"30f1mg7dnksfyd5"},"id":"9jn9pk78qwyhw8t","previousOperationId":"4w12ejrvfq2ml5r"}
{"type":"log","timestamp":1662237021944,"level":"debug","message":"Page request: GET (document) file:///var/folders/8m/98z140gs3yzbw6jqmpbh8b8m0000gn/T/jsreport/autocleanup/e267172a-ea03-4589-9978-b27882231137-chrome-pdf.html","meta":{"rootId":"30f1mg7dnksfyd5","id":"30f1mg7dnksfyd5"},"id":"u1uelc3i8hou79d","previousOperationId":"4w12ejrvfq2ml5r"}
{"type":"log","timestamp":1662237021966,"level":"debug","message":"Page request finished: GET (document) file:///var/folders/8m/98z140gs3yzbw6jqmpbh8b8m0000gn/T/jsreport/autocleanup/e267172a-ea03-4589-9978-b27882231137-chrome-pdf.html","meta":{"rootId":"30f1mg7dnksfyd5","id":"30f1mg7dnksfyd5"},"id":"wql4gawa41w1116","previousOperationId":"4w12ejrvfq2ml5r"}
{"type":"log","timestamp":1662237021976,"level":"debug","message":"Page request: GET (stylesheet) https://fonts.googleapis.com/css2?family=Montserrat:wght@500&family=Open+Sans:wght@300&display=swap","meta":{"rootId":"30f1mg7dnksfyd5","id":"30f1mg7dnksfyd5"},"id":"0d1rgo3cbw3yv4h","previousOperationId":"4w12ejrvfq2ml5r"}
{"type":"log","timestamp":1662237022355,"level":"debug","message":"Page request finished: GET (stylesheet) 200 https://fonts.googleapis.com/css2?family=Montserrat:wght@500&family=Open+Sans:wght@300&display=swap","meta":{"rootId":"30f1mg7dnksfyd5","id":"30f1mg7dnksfyd5"},"id":"77hqhqx6w8cziwf","previousOperationId":"4w12ejrvfq2ml5r"}
{"type":"log","timestamp":1662237022395,"level":"debug","message":"Page request: GET (font) https://fonts.gstatic.com/s/opensans/v34/memSYaGs126MiZpBA-UvWbX2vVnXBbObj2OVZyOOSr4dVJWUgsiH0B4gaVQUwaEQbjA.woff","meta":{"rootId":"30f1mg7dnksfyd5","id":"30f1mg7dnksfyd5"},"id":"ljfpvbggbz2el32","previousOperationId":"4w12ejrvfq2ml5r"}
{"type":"log","timestamp":1662237022405,"level":"debug","message":"Page request: GET (font) https://fonts.gstatic.com/s/opensans/v34/memSYaGs126MiZpBA-UvWbX2vVnXBbObj2OVZyOOSr4dVJWUgsiH0B4gaVQUwaEQbjA.woff","meta":{"rootId":"30f1mg7dnksfyd5","id":"30f1mg7dnksfyd5"},"id":"6yr4lny7lxjz2go","previousOperationId":"4w12ejrvfq2ml5r"}
{"type":"log","timestamp":1662237022416,"level":"debug","message":"Running chrome with params {\"scale\":1,\"displayHeaderFooter\":true,\"headerTemplate\":\"...\",\"footerTemplate\":\"...\",\"printBackground\":true,\"pageRanges\":\"\",\"format\":\"A4\",\"width\":\"\",\"height\":\"\",\"marginTop\":\"350px\",\"marginRight\":\"20px\",\"marginBottom\":\"80px\",\"marginLeft\":\"20px\",\"waitForJS\":false,\"waitForNetworkIddle\":false,\"timeout\":57866,\"waitForNetworkIdle\":false,\"margin\":{\"top\":\"350px\",\"right\":\"20px\",\"bottom\":\"80px\",\"left\":\"20px\"}}","meta":{"rootId":"30f1mg7dnksfyd5","id":"30f1mg7dnksfyd5"},"id":"3l58dqx15s92m2e","previousOperationId":"4w12ejrvfq2ml5r"}
{"type":"operationEnd","operationId":"4w12ejrvfq2ml5r","timestamp":1662237022722,"id":"93nulwkph9strzl","previousEventId":"m8kdw4ibhcyhfa7","previousOperationId":"4w12ejrvfq2ml5r"}
{"type":"log","timestamp":1662237022722,"level":"debug","message":"Skipping storing report.","meta":{"rootId":"30f1mg7dnksfyd5","id":"30f1mg7dnksfyd5"},"id":"sxl1smfue2ed61e","previousOperationId":"4w12ejrvfq2ml5r"}
{"type":"log","timestamp":1662237022723,"level":"info","message":"Rendering request 1 finished in 5384 ms","meta":{"rootId":"30f1mg7dnksfyd5","id":"30f1mg7dnksfyd5"},"id":"9uxbowyf848qzfd","previousOperationId":"4w12ejrvfq2ml5r"}
{"type":"operationEnd","subtype":"render","operationId":"duxjbqvwak1a7py","timestamp":1662237022723,"id":"tgwfhc1lrskdv88","previousEventId":"93nulwkph9strzl","previousOperationId":"4w12ejrvfq2ml5r"}
{"type":"operationEnd","doDiffs":false,"previousEventId":"eqgh5nrtm3xx27d","previousOperationId":"d1xanpxd9i1omp8","operationId":"d1xanpxd9i1omp8","timestamp":1662237022733,"id":"z443uxtyskkegw0"}
