{"type":"operationStart","subtype":"profile","data":{"_id":"AxJoTTxoaLso6rjx","timestamp":"2023-01-29T10:00:28.449Z","state":"queued","mode":"standard","creationDate":"2023-01-29T10:00:28.453Z","modificationDate":"2023-01-29T10:00:28.453Z","shortid":"oBDoJzo","$entitySet":"profiles"},"doDiffs":false,"timestamp":1674986428451,"id":"eckip4uovt0b2no","previousOperationId":null,"operationId":"dbn3kswj2ogtmoy"}
{"type":"log","level":"info","message":"Render request 1 queued for execution and waiting for available worker","previousOperationId":"dbn3kswj2ogtmoy","timestamp":1674986428451,"id":"fryus2m77t1o5r0"}
{"type":"operationStart","subtype":"render","name":"anonymous","previousOperationId":"dbn3kswj2ogtmoy","timestamp":1674986428475,"id":"oq4trp6sl9q0eju","previousEventId":"eckip4uovt0b2no","operationId":"7dd6b3vc1paadfu"}
{"type":"log","timestamp":1674986428477,"level":"info","message":"Starting rendering request 1 (user: null)","meta":{"rootId":"37tdnlh2h71eecj","id":"37tdnlh2h71eecj"},"id":"mpibt7px70tkrwa","previousOperationId":"7dd6b3vc1paadfu"}
{"type":"log","timestamp":1674986428480,"level":"info","message":"Rendering anonymous template { recipe: chrome-pdf, engine: handlebars }","meta":{"rootId":"37tdnlh2h71eecj","id":"37tdnlh2h71eecj"},"id":"iit68ppltpfy2f9","previousOperationId":"7dd6b3vc1paadfu"}
{"type":"log","timestamp":1674986428480,"level":"debug","message":"Inline data specified.","meta":{"rootId":"37tdnlh2h71eecj","id":"37tdnlh2h71eecj"},"id":"k5i8xfeao5ofhbo","previousOperationId":"7dd6b3vc1paadfu"}
{"type":"log","timestamp":1674986428485,"level":"debug","message":"Base url not specified, skipping its injection.","meta":{"rootId":"37tdnlh2h71eecj","id":"37tdnlh2h71eecj"},"id":"tr73pzcmbui2mtz","previousOperationId":"7dd6b3vc1paadfu"}
{"type":"operationStart","subtype":"engine","name":"handlebars","timestamp":1674986428487,"id":"0rdtjtr5f9fiilr","previousEventId":"oq4trp6sl9q0eju","operationId":"8myxcveyb0napsh","previousOperationId":"7dd6b3vc1paadfu"}
{"type":"log","timestamp":1674986428487,"level":"debug","message":"Rendering engine handlebars","meta":{"rootId":"37tdnlh2h71eecj","id":"37tdnlh2h71eecj"},"id":"nh94ciziz00tmqp","previousOperationId":"8myxcveyb0napsh"}
{"type":"operationEnd","operationId":"8myxcveyb0napsh","timestamp":1674986429397,"id":"upvylnevnqls64d","previousEventId":"0rdtjtr5f9fiilr","previousOperationId":"8myxcveyb0napsh"}
{"type":"operationStart","subtype":"recipe","name":"chrome-pdf","timestamp":1674986429399,"id":"fbgypz11dmm3hrm","previousEventId":"upvylnevnqls64d","operationId":"e571iv0qf87ddfq","previousOperationId":"8myxcveyb0napsh"}
{"type":"log","timestamp":1674986429399,"level":"debug","message":"Executing recipe chrome-pdf","meta":{"rootId":"37tdnlh2h71eecj","id":"37tdnlh2h71eecj"},"id":"he9gaeef1ljtjqb","previousOperationId":"e571iv0qf87ddfq"}
{"type":"log","timestamp":1674986429575,"level":"debug","message":"Starting child request to render pdf header","meta":{"rootId":"37tdnlh2h71eecj","id":"37tdnlh2h71eecj"},"id":"fi9oyrktt8j443i","previousOperationId":"e571iv0qf87ddfq"}
{"type":"operationStart","subtype":"render","name":"anonymous","previousOperationId":"e571iv0qf87ddfq","timestamp":1674986429576,"id":"45yufhvp71i1vyv","previousEventId":"fbgypz11dmm3hrm","operationId":"vetq3pk5fhl6fpp"}
{"type":"log","timestamp":1674986429576,"level":"info","message":"Starting rendering request 1 (user: null)","meta":{"rootId":"37tdnlh2h71eecj","id":"or50p2fct1jxo2d"},"id":"8lza6zhjqyl6esd","previousOperationId":"vetq3pk5fhl6fpp"}
{"type":"log","timestamp":1674986429577,"level":"info","message":"Rendering anonymous template { recipe: html, engine: handlebars }","meta":{"rootId":"37tdnlh2h71eecj","id":"or50p2fct1jxo2d"},"id":"ahh0ygnbau5ewuz","previousOperationId":"vetq3pk5fhl6fpp"}
{"type":"log","timestamp":1674986429577,"level":"debug","message":"Inline data specified.","meta":{"rootId":"37tdnlh2h71eecj","id":"or50p2fct1jxo2d"},"id":"phr5fy8tuwd1bql","previousOperationId":"vetq3pk5fhl6fpp"}
{"type":"log","timestamp":1674986429578,"level":"debug","message":"Base url not specified, skipping its injection.","meta":{"rootId":"37tdnlh2h71eecj","id":"or50p2fct1jxo2d"},"id":"5uepqw6y0i7cekp","previousOperationId":"vetq3pk5fhl6fpp"}
{"type":"log","timestamp":1674986429587,"level":"debug","message":"Replaced assets [\"./src/reporting/assets/logo.png\"]","meta":{"rootId":"37tdnlh2h71eecj","id":"or50p2fct1jxo2d"},"id":"9w4uz1fvuist5n7","previousOperationId":"vetq3pk5fhl6fpp"}
{"type":"operationStart","subtype":"engine","name":"handlebars","timestamp":1674986429587,"id":"6u41ceqgg9n7u1e","previousEventId":"45yufhvp71i1vyv","operationId":"hkprf2unyll99l4","previousOperationId":"vetq3pk5fhl6fpp"}
{"type":"log","timestamp":1674986429587,"level":"debug","message":"Rendering engine handlebars","meta":{"rootId":"37tdnlh2h71eecj","id":"or50p2fct1jxo2d"},"id":"hnmcm8iiox0i72y","previousOperationId":"hkprf2unyll99l4"}
{"type":"operationEnd","operationId":"hkprf2unyll99l4","timestamp":1674986429608,"id":"x8cr1ze3n0bucnh","previousEventId":"6u41ceqgg9n7u1e","previousOperationId":"hkprf2unyll99l4"}
{"type":"operationStart","subtype":"recipe","name":"html","timestamp":1674986429610,"id":"awvym158qyagnh7","previousEventId":"x8cr1ze3n0bucnh","operationId":"m3q2j8fipkvwsbk","previousOperationId":"hkprf2unyll99l4"}
{"type":"log","timestamp":1674986429610,"level":"debug","message":"Executing recipe html","meta":{"rootId":"37tdnlh2h71eecj","id":"or50p2fct1jxo2d"},"id":"ge7b0jheyb2a9yx","previousOperationId":"m3q2j8fipkvwsbk"}
{"type":"operationEnd","operationId":"m3q2j8fipkvwsbk","timestamp":1674986429610,"id":"0u6f2i3568m292x","previousEventId":"awvym158qyagnh7","previousOperationId":"m3q2j8fipkvwsbk"}
{"type":"log","timestamp":1674986429611,"level":"debug","message":"Skipping storing report.","meta":{"rootId":"37tdnlh2h71eecj","id":"or50p2fct1jxo2d"},"id":"qci9ybzs2l7jhnq","previousOperationId":"m3q2j8fipkvwsbk"}
{"type":"log","timestamp":1674986429612,"level":"info","message":"Rendering request 1 finished in 1164 ms","meta":{"rootId":"37tdnlh2h71eecj","id":"or50p2fct1jxo2d"},"id":"sh2v47jvaf1i8l0","previousOperationId":"m3q2j8fipkvwsbk"}
{"type":"operationEnd","subtype":"render","operationId":"vetq3pk5fhl6fpp","timestamp":1674986429612,"id":"ziyoig284kinzgb","previousEventId":"0u6f2i3568m292x","previousOperationId":"m3q2j8fipkvwsbk"}
{"type":"log","timestamp":1674986429612,"level":"debug","message":"Starting child request to render pdf footer","meta":{"rootId":"37tdnlh2h71eecj","id":"37tdnlh2h71eecj"},"id":"v3dfdumys6l1s01","previousOperationId":"e571iv0qf87ddfq"}
{"type":"operationStart","subtype":"render","name":"anonymous","previousOperationId":"e571iv0qf87ddfq","timestamp":1674986429612,"id":"g06pgb1z85dr4ru","previousEventId":"fbgypz11dmm3hrm","operationId":"r4pt15ud3zlrv4o"}
{"type":"log","timestamp":1674986429612,"level":"info","message":"Starting rendering request 1 (user: null)","meta":{"rootId":"37tdnlh2h71eecj","id":"os8ibw0du2u7cii"},"id":"qs5rq8ght9s8wss","previousOperationId":"r4pt15ud3zlrv4o"}
{"type":"log","timestamp":1674986429612,"level":"info","message":"Rendering anonymous template { recipe: html, engine: handlebars }","meta":{"rootId":"37tdnlh2h71eecj","id":"os8ibw0du2u7cii"},"id":"pxybhpwggfrz819","previousOperationId":"r4pt15ud3zlrv4o"}
{"type":"log","timestamp":1674986429613,"level":"debug","message":"Inline data specified.","meta":{"rootId":"37tdnlh2h71eecj","id":"os8ibw0du2u7cii"},"id":"68vz6ufrjzsq10w","previousOperationId":"r4pt15ud3zlrv4o"}
{"type":"log","timestamp":1674986429616,"level":"debug","message":"Base url not specified, skipping its injection.","meta":{"rootId":"37tdnlh2h71eecj","id":"os8ibw0du2u7cii"},"id":"zsve0uv4914ljj1","previousOperationId":"r4pt15ud3zlrv4o"}
{"type":"operationStart","subtype":"engine","name":"handlebars","timestamp":1674986429617,"id":"p9q3p3i73y2lod5","previousEventId":"g06pgb1z85dr4ru","operationId":"h7l1eoevgr8ike8","previousOperationId":"r4pt15ud3zlrv4o"}
{"type":"log","timestamp":1674986429617,"level":"debug","message":"Rendering engine handlebars","meta":{"rootId":"37tdnlh2h71eecj","id":"os8ibw0du2u7cii"},"id":"2fap967boyal9d3","previousOperationId":"h7l1eoevgr8ike8"}
{"type":"operationEnd","operationId":"h7l1eoevgr8ike8","timestamp":1674986429637,"id":"p7scisgbut236qj","previousEventId":"p9q3p3i73y2lod5","previousOperationId":"h7l1eoevgr8ike8"}
{"type":"operationStart","subtype":"recipe","name":"html","timestamp":1674986429637,"id":"w91m4sxedlf2yd8","previousEventId":"p7scisgbut236qj","operationId":"5ev1yvf633gh6rd","previousOperationId":"h7l1eoevgr8ike8"}
{"type":"log","timestamp":1674986429637,"level":"debug","message":"Executing recipe html","meta":{"rootId":"37tdnlh2h71eecj","id":"os8ibw0du2u7cii"},"id":"lm8ici11157gk1f","previousOperationId":"5ev1yvf633gh6rd"}
{"type":"operationEnd","operationId":"5ev1yvf633gh6rd","timestamp":1674986429637,"id":"9m0wl56235keasy","previousEventId":"w91m4sxedlf2yd8","previousOperationId":"5ev1yvf633gh6rd"}
{"type":"log","timestamp":1674986429637,"level":"debug","message":"Skipping storing report.","meta":{"rootId":"37tdnlh2h71eecj","id":"os8ibw0du2u7cii"},"id":"9c3wbev2wi9oyne","previousOperationId":"5ev1yvf633gh6rd"}
{"type":"log","timestamp":1674986429637,"level":"info","message":"Rendering request 1 finished in 1189 ms","meta":{"rootId":"37tdnlh2h71eecj","id":"os8ibw0du2u7cii"},"id":"plim0ctpw2e3jz5","previousOperationId":"5ev1yvf633gh6rd"}
{"type":"operationEnd","subtype":"render","operationId":"r4pt15ud3zlrv4o","timestamp":1674986429637,"id":"llicl8pvqmwfj7g","previousEventId":"9m0wl56235keasy","previousOperationId":"5ev1yvf633gh6rd"}
{"type":"log","timestamp":1674986429840,"level":"debug","message":"Converting with chrome HeadlessChrome/98.0.4758.0 using chrome-pool strategy","meta":{"rootId":"37tdnlh2h71eecj","id":"37tdnlh2h71eecj"},"id":"jzwlxxrc38kbz4d","previousOperationId":"e571iv0qf87ddfq"}
{"type":"log","timestamp":1674986430083,"level":"debug","message":"Page request: GET (document) file:///C:/Users/ADMINI~1/AppData/Local/Temp/jsreport/autocleanup/1b3d8ccb-62df-4bac-b589-8e272e99c356-chrome-pdf.html","meta":{"rootId":"37tdnlh2h71eecj","id":"37tdnlh2h71eecj"},"id":"tqcy5h6jfxrix92","previousOperationId":"e571iv0qf87ddfq"}
{"type":"log","timestamp":1674986430126,"level":"debug","message":"Page request finished: GET (document) file:///C:/Users/ADMINI~1/AppData/Local/Temp/jsreport/autocleanup/1b3d8ccb-62df-4bac-b589-8e272e99c356-chrome-pdf.html","meta":{"rootId":"37tdnlh2h71eecj","id":"37tdnlh2h71eecj"},"id":"obiy4dlawcubeof","previousOperationId":"e571iv0qf87ddfq"}
{"type":"log","timestamp":1674986430131,"level":"debug","message":"Page request: GET (stylesheet) https://fonts.googleapis.com/css2?family=Montserrat:wght@500&family=Open+Sans:wght@300&display=swap","meta":{"rootId":"37tdnlh2h71eecj","id":"37tdnlh2h71eecj"},"id":"poso1vpshrwiy0h","previousOperationId":"e571iv0qf87ddfq"}
{"type":"log","timestamp":1674986430362,"level":"debug","message":"Page request finished: GET (stylesheet) 200 https://fonts.googleapis.com/css2?family=Montserrat:wght@500&family=Open+Sans:wght@300&display=swap","meta":{"rootId":"37tdnlh2h71eecj","id":"37tdnlh2h71eecj"},"id":"6mpkgults0xlq0v","previousOperationId":"e571iv0qf87ddfq"}
{"type":"log","timestamp":1674986430409,"level":"debug","message":"Page request: GET (font) https://fonts.gstatic.com/s/opensans/v34/memSYaGs126MiZpBA-UvWbX2vVnXBbObj2OVZyOOSr4dVJWUgsiH0B4gaVI.woff2","meta":{"rootId":"37tdnlh2h71eecj","id":"37tdnlh2h71eecj"},"id":"ugmw9w1v2zzki5p","previousOperationId":"e571iv0qf87ddfq"}
{"type":"log","timestamp":1674986430412,"level":"debug","message":"Page request: GET (font) https://fonts.gstatic.com/s/opensans/v34/memSYaGs126MiZpBA-UvWbX2vVnXBbObj2OVZyOOSr4dVJWUgsiH0B4gaVI.woff2","meta":{"rootId":"37tdnlh2h71eecj","id":"37tdnlh2h71eecj"},"id":"ccg6uttt0ewu5qt","previousOperationId":"e571iv0qf87ddfq"}
{"type":"log","timestamp":1674986430587,"level":"debug","message":"Page request finished: GET (font) 200 https://fonts.gstatic.com/s/opensans/v34/memSYaGs126MiZpBA-UvWbX2vVnXBbObj2OVZyOOSr4dVJWUgsiH0B4gaVI.woff2","meta":{"rootId":"37tdnlh2h71eecj","id":"37tdnlh2h71eecj"},"id":"0daxv092wu2tdyg","previousOperationId":"e571iv0qf87ddfq"}
{"type":"log","timestamp":1674986430635,"level":"debug","message":"Running chrome with params {\"scale\":1,\"displayHeaderFooter\":true,\"headerTemplate\":\"...\",\"footerTemplate\":\"...\",\"printBackground\":true,\"pageRanges\":\"\",\"format\":\"A4\",\"width\":\"\",\"height\":\"\",\"marginTop\":\"350px\",\"marginRight\":\"20px\",\"marginBottom\":\"80px\",\"marginLeft\":\"20px\",\"waitForJS\":false,\"waitForNetworkIddle\":false,\"timeout\":58811,\"waitForNetworkIdle\":false,\"margin\":{\"top\":\"350px\",\"right\":\"20px\",\"bottom\":\"80px\",\"left\":\"20px\"}}","meta":{"rootId":"37tdnlh2h71eecj","id":"37tdnlh2h71eecj"},"id":"11uds25ao7gjesf","previousOperationId":"e571iv0qf87ddfq"}
{"type":"operationEnd","operationId":"e571iv0qf87ddfq","timestamp":1674986431299,"id":"lfusa3ucpt1xj1i","previousEventId":"fbgypz11dmm3hrm","previousOperationId":"e571iv0qf87ddfq"}
{"type":"log","timestamp":1674986431299,"level":"debug","message":"Skipping storing report.","meta":{"rootId":"37tdnlh2h71eecj","id":"37tdnlh2h71eecj"},"id":"vu4rnxv15mb063e","previousOperationId":"e571iv0qf87ddfq"}
{"type":"log","timestamp":1674986431299,"level":"info","message":"Rendering request 1 finished in 2851 ms","meta":{"rootId":"37tdnlh2h71eecj","id":"37tdnlh2h71eecj"},"id":"wwmtdyffpjty747","previousOperationId":"e571iv0qf87ddfq"}
{"type":"operationEnd","subtype":"render","operationId":"7dd6b3vc1paadfu","timestamp":1674986431299,"id":"mqsrwg8exoifg4t","previousEventId":"lfusa3ucpt1xj1i","previousOperationId":"e571iv0qf87ddfq"}
{"type":"operationEnd","doDiffs":false,"previousEventId":"eckip4uovt0b2no","previousOperationId":"dbn3kswj2ogtmoy","operationId":"dbn3kswj2ogtmoy","timestamp":1674986431308,"id":"hzershv8shpffqk"}
