{"type":"operationStart","subtype":"profile","data":{"_id":"L53ldfY9OnEYSsin","timestamp":"2022-10-05T21:14:08.158Z","state":"queued","mode":"standard","creationDate":"2022-10-05T21:14:08.166Z","modificationDate":"2022-10-05T21:14:08.166Z","shortid":"qTPQWkf","$entitySet":"profiles"},"doDiffs":false,"timestamp":1665004448161,"id":"atbu54m4iqv7bv3","previousOperationId":null,"operationId":"2zbhblutzqdpv8u"}
{"type":"log","level":"info","message":"Render request 1 queued for execution and waiting for available worker","previousOperationId":"2zbhblutzqdpv8u","timestamp":1665004448161,"id":"akjpfnxtnikgrc3"}
{"type":"operationStart","subtype":"render","name":"anonymous","previousOperationId":"2zbhblutzqdpv8u","timestamp":1665004448224,"id":"jj1ctwrigmfdifq","previousEventId":"atbu54m4iqv7bv3","operationId":"xp6o8uxd0b9bw29"}
{"type":"log","timestamp":1665004448247,"level":"info","message":"Starting rendering request 1 (user: null)","meta":{"rootId":"3d6o4ep5262ixyq","id":"3d6o4ep5262ixyq"},"id":"hhhm1nnr498vohb","previousOperationId":"xp6o8uxd0b9bw29"}
{"type":"log","timestamp":1665004448250,"level":"info","message":"Rendering anonymous template { recipe: chrome-pdf, engine: handlebars }","meta":{"rootId":"3d6o4ep5262ixyq","id":"3d6o4ep5262ixyq"},"id":"ig904eu5qtav3m8","previousOperationId":"xp6o8uxd0b9bw29"}
{"type":"log","timestamp":1665004448251,"level":"debug","message":"Inline data specified.","meta":{"rootId":"3d6o4ep5262ixyq","id":"3d6o4ep5262ixyq"},"id":"wtwjefbswdg72j3","previousOperationId":"xp6o8uxd0b9bw29"}
{"type":"log","timestamp":1665004448272,"level":"debug","message":"Base url not specified, skipping its injection.","meta":{"rootId":"3d6o4ep5262ixyq","id":"3d6o4ep5262ixyq"},"id":"pil146vfi0a7hhe","previousOperationId":"xp6o8uxd0b9bw29"}
{"type":"operationStart","subtype":"engine","name":"handlebars","timestamp":1665004448274,"id":"3y3aalp9k98jjki","previousEventId":"jj1ctwrigmfdifq","operationId":"95ev58rtcsi0t26","previousOperationId":"xp6o8uxd0b9bw29"}
{"type":"log","timestamp":1665004448274,"level":"debug","message":"Rendering engine handlebars","meta":{"rootId":"3d6o4ep5262ixyq","id":"3d6o4ep5262ixyq"},"id":"93t3djj2yqdt2nj","previousOperationId":"95ev58rtcsi0t26"}
{"type":"operationEnd","operationId":"95ev58rtcsi0t26","timestamp":1665004449654,"id":"4lllhoizz3yup3s","previousEventId":"3y3aalp9k98jjki","previousOperationId":"95ev58rtcsi0t26"}
{"type":"operationStart","subtype":"recipe","name":"chrome-pdf","timestamp":1665004449656,"id":"b55ufiv54brjvs4","previousEventId":"4lllhoizz3yup3s","operationId":"lmsg832da1ketu5","previousOperationId":"95ev58rtcsi0t26"}
{"type":"log","timestamp":1665004449656,"level":"debug","message":"Executing recipe chrome-pdf","meta":{"rootId":"3d6o4ep5262ixyq","id":"3d6o4ep5262ixyq"},"id":"klhdyt9iacqv0kc","previousOperationId":"lmsg832da1ketu5"}
{"type":"log","timestamp":1665004449810,"level":"debug","message":"Starting child request to render pdf header","meta":{"rootId":"3d6o4ep5262ixyq","id":"3d6o4ep5262ixyq"},"id":"yi17l1hcjfe5xfk","previousOperationId":"lmsg832da1ketu5"}
{"type":"operationStart","subtype":"render","name":"anonymous","previousOperationId":"lmsg832da1ketu5","timestamp":1665004449811,"id":"ns72hbb8rnbfbvu","previousEventId":"b55ufiv54brjvs4","operationId":"r89hc05yzjbhz8k"}
{"type":"log","timestamp":1665004449811,"level":"info","message":"Starting rendering request 1 (user: null)","meta":{"rootId":"3d6o4ep5262ixyq","id":"47cgxxm8anmuhbj"},"id":"ruaohupfqyehseh","previousOperationId":"r89hc05yzjbhz8k"}
{"type":"log","timestamp":1665004449811,"level":"info","message":"Rendering anonymous template { recipe: html, engine: handlebars }","meta":{"rootId":"3d6o4ep5262ixyq","id":"47cgxxm8anmuhbj"},"id":"nrdfqw7lt1yf6wx","previousOperationId":"r89hc05yzjbhz8k"}
{"type":"log","timestamp":1665004449812,"level":"debug","message":"Inline data specified.","meta":{"rootId":"3d6o4ep5262ixyq","id":"47cgxxm8anmuhbj"},"id":"i7qukh8l4jgza2g","previousOperationId":"r89hc05yzjbhz8k"}
{"type":"log","timestamp":1665004449833,"level":"debug","message":"Base url not specified, skipping its injection.","meta":{"rootId":"3d6o4ep5262ixyq","id":"47cgxxm8anmuhbj"},"id":"pdl18afvoaipphp","previousOperationId":"r89hc05yzjbhz8k"}
{"type":"log","timestamp":1665004449845,"level":"debug","message":"Replaced assets [\"./src/reporting/assets/logo.png\"]","meta":{"rootId":"3d6o4ep5262ixyq","id":"47cgxxm8anmuhbj"},"id":"d2y45qfxj9fo9wf","previousOperationId":"r89hc05yzjbhz8k"}
{"type":"operationStart","subtype":"engine","name":"handlebars","timestamp":1665004449845,"id":"vdifm8yhwfk7too","previousEventId":"ns72hbb8rnbfbvu","operationId":"ugo9nagw6kdrwgb","previousOperationId":"r89hc05yzjbhz8k"}
{"type":"log","timestamp":1665004449845,"level":"debug","message":"Rendering engine handlebars","meta":{"rootId":"3d6o4ep5262ixyq","id":"47cgxxm8anmuhbj"},"id":"dfgqz4klgw9bdb5","previousOperationId":"ugo9nagw6kdrwgb"}
{"type":"operationEnd","operationId":"ugo9nagw6kdrwgb","timestamp":1665004449885,"id":"b3afr7v7zswb2b6","previousEventId":"vdifm8yhwfk7too","previousOperationId":"ugo9nagw6kdrwgb"}
{"type":"operationStart","subtype":"recipe","name":"html","timestamp":1665004449886,"id":"vmhfdl0pl3fhy1w","previousEventId":"b3afr7v7zswb2b6","operationId":"2v2lnaa9dft80z4","previousOperationId":"ugo9nagw6kdrwgb"}
{"type":"log","timestamp":1665004449886,"level":"debug","message":"Executing recipe html","meta":{"rootId":"3d6o4ep5262ixyq","id":"47cgxxm8anmuhbj"},"id":"g11rw10f4obx0ys","previousOperationId":"2v2lnaa9dft80z4"}
{"type":"operationEnd","operationId":"2v2lnaa9dft80z4","timestamp":1665004449886,"id":"5ks5iwe2700s7pq","previousEventId":"vmhfdl0pl3fhy1w","previousOperationId":"2v2lnaa9dft80z4"}
{"type":"log","timestamp":1665004449887,"level":"debug","message":"Skipping storing report.","meta":{"rootId":"3d6o4ep5262ixyq","id":"47cgxxm8anmuhbj"},"id":"lac27w81j4lkuw3","previousOperationId":"2v2lnaa9dft80z4"}
{"type":"log","timestamp":1665004449888,"level":"info","message":"Rendering request 1 finished in 1732 ms","meta":{"rootId":"3d6o4ep5262ixyq","id":"47cgxxm8anmuhbj"},"id":"2bexuqba69v3kpp","previousOperationId":"2v2lnaa9dft80z4"}
{"type":"operationEnd","subtype":"render","operationId":"r89hc05yzjbhz8k","timestamp":1665004449888,"id":"kmzrvleglo7t4q9","previousEventId":"5ks5iwe2700s7pq","previousOperationId":"2v2lnaa9dft80z4"}
{"type":"log","timestamp":1665004449888,"level":"debug","message":"Starting child request to render pdf footer","meta":{"rootId":"3d6o4ep5262ixyq","id":"3d6o4ep5262ixyq"},"id":"cr12clvcuzy8dhu","previousOperationId":"lmsg832da1ketu5"}
{"type":"operationStart","subtype":"render","name":"anonymous","previousOperationId":"lmsg832da1ketu5","timestamp":1665004449888,"id":"3yps9uyunc8lcqm","previousEventId":"b55ufiv54brjvs4","operationId":"8n0n0nojl3csb1p"}
{"type":"log","timestamp":1665004449889,"level":"info","message":"Starting rendering request 1 (user: null)","meta":{"rootId":"3d6o4ep5262ixyq","id":"uht2j78ia24weqw"},"id":"wfbqhf9c1t7ygoh","previousOperationId":"8n0n0nojl3csb1p"}
{"type":"log","timestamp":1665004449889,"level":"info","message":"Rendering anonymous template { recipe: html, engine: handlebars }","meta":{"rootId":"3d6o4ep5262ixyq","id":"uht2j78ia24weqw"},"id":"jlvhgpz1o3eje9j","previousOperationId":"8n0n0nojl3csb1p"}
{"type":"log","timestamp":1665004449889,"level":"debug","message":"Inline data specified.","meta":{"rootId":"3d6o4ep5262ixyq","id":"uht2j78ia24weqw"},"id":"11tgderp1unhxck","previousOperationId":"8n0n0nojl3csb1p"}
{"type":"log","timestamp":1665004449906,"level":"debug","message":"Base url not specified, skipping its injection.","meta":{"rootId":"3d6o4ep5262ixyq","id":"uht2j78ia24weqw"},"id":"2y39eyukksrfm9s","previousOperationId":"8n0n0nojl3csb1p"}
{"type":"operationStart","subtype":"engine","name":"handlebars","timestamp":1665004449907,"id":"2nil410uyd52154","previousEventId":"3yps9uyunc8lcqm","operationId":"dsavfz9g09jzad3","previousOperationId":"8n0n0nojl3csb1p"}
{"type":"log","timestamp":1665004449907,"level":"debug","message":"Rendering engine handlebars","meta":{"rootId":"3d6o4ep5262ixyq","id":"uht2j78ia24weqw"},"id":"0raqh3n4rdf61yo","previousOperationId":"dsavfz9g09jzad3"}
{"type":"operationEnd","operationId":"dsavfz9g09jzad3","timestamp":1665004449939,"id":"7mpn6bv1bbkfmx8","previousEventId":"2nil410uyd52154","previousOperationId":"dsavfz9g09jzad3"}
{"type":"operationStart","subtype":"recipe","name":"html","timestamp":1665004449940,"id":"sr9yxnldzys906n","previousEventId":"7mpn6bv1bbkfmx8","operationId":"ohdsyyuluhnbp7k","previousOperationId":"dsavfz9g09jzad3"}
{"type":"log","timestamp":1665004449940,"level":"debug","message":"Executing recipe html","meta":{"rootId":"3d6o4ep5262ixyq","id":"uht2j78ia24weqw"},"id":"43x1shikgv3g1xs","previousOperationId":"ohdsyyuluhnbp7k"}
{"type":"operationEnd","operationId":"ohdsyyuluhnbp7k","timestamp":1665004449940,"id":"upixpo1npqb89i4","previousEventId":"sr9yxnldzys906n","previousOperationId":"ohdsyyuluhnbp7k"}
{"type":"log","timestamp":1665004449940,"level":"debug","message":"Skipping storing report.","meta":{"rootId":"3d6o4ep5262ixyq","id":"uht2j78ia24weqw"},"id":"if4cim07z2cajmk","previousOperationId":"ohdsyyuluhnbp7k"}
{"type":"log","timestamp":1665004449940,"level":"info","message":"Rendering request 1 finished in 1784 ms","meta":{"rootId":"3d6o4ep5262ixyq","id":"uht2j78ia24weqw"},"id":"8j14ja9tw8qom7a","previousOperationId":"ohdsyyuluhnbp7k"}
{"type":"operationEnd","subtype":"render","operationId":"8n0n0nojl3csb1p","timestamp":1665004449940,"id":"fbqajqkvhz880jm","previousEventId":"upixpo1npqb89i4","previousOperationId":"ohdsyyuluhnbp7k"}
{"type":"log","timestamp":1665004452341,"level":"debug","message":"Converting with chrome HeadlessChrome/98.0.4758.0 using chrome-pool strategy","meta":{"rootId":"3d6o4ep5262ixyq","id":"3d6o4ep5262ixyq"},"id":"7hocsq8t9yvfrw9","previousOperationId":"lmsg832da1ketu5"}
{"type":"log","timestamp":1665004452628,"level":"debug","message":"Page request: GET (document) file:///var/folders/8m/98z140gs3yzbw6jqmpbh8b8m0000gn/T/jsreport/autocleanup/57c6c6bd-f53a-493e-80d2-f88ca250391d-chrome-pdf.html","meta":{"rootId":"3d6o4ep5262ixyq","id":"3d6o4ep5262ixyq"},"id":"7txngd237y4cgd6","previousOperationId":"lmsg832da1ketu5"}
{"type":"log","timestamp":1665004452647,"level":"debug","message":"Page request finished: GET (document) file:///var/folders/8m/98z140gs3yzbw6jqmpbh8b8m0000gn/T/jsreport/autocleanup/57c6c6bd-f53a-493e-80d2-f88ca250391d-chrome-pdf.html","meta":{"rootId":"3d6o4ep5262ixyq","id":"3d6o4ep5262ixyq"},"id":"0mfbm2ap61r6c3f","previousOperationId":"lmsg832da1ketu5"}
{"type":"log","timestamp":1665004452654,"level":"debug","message":"Page request: GET (stylesheet) https://fonts.googleapis.com/css2?family=Montserrat:wght@500&family=Open+Sans:wght@300&display=swap","meta":{"rootId":"3d6o4ep5262ixyq","id":"3d6o4ep5262ixyq"},"id":"34gpqysia5qsix4","previousOperationId":"lmsg832da1ketu5"}
{"type":"log","timestamp":1665004453927,"level":"debug","message":"Page request finished: GET (stylesheet) 200 https://fonts.googleapis.com/css2?family=Montserrat:wght@500&family=Open+Sans:wght@300&display=swap","meta":{"rootId":"3d6o4ep5262ixyq","id":"3d6o4ep5262ixyq"},"id":"q0iolzmdckvkqmg","previousOperationId":"lmsg832da1ketu5"}
{"type":"log","timestamp":1665004453968,"level":"debug","message":"Page request: GET (font) https://fonts.gstatic.com/s/opensans/v34/memSYaGs126MiZpBA-UvWbX2vVnXBbObj2OVZyOOSr4dVJWUgsiH0B4gaVQUwaEQbjA.woff","meta":{"rootId":"3d6o4ep5262ixyq","id":"3d6o4ep5262ixyq"},"id":"776b60vcgnj5pt7","previousOperationId":"lmsg832da1ketu5"}
{"type":"log","timestamp":1665004453972,"level":"debug","message":"Running chrome with params {\"scale\":1,\"displayHeaderFooter\":true,\"headerTemplate\":\"...\",\"footerTemplate\":\"...\",\"printBackground\":true,\"pageRanges\":\"\",\"format\":\"A4\",\"width\":\"\",\"height\":\"\",\"marginTop\":\"470px\",\"marginRight\":\"20px\",\"marginBottom\":\"80px\",\"marginLeft\":\"20px\",\"waitForJS\":false,\"waitForNetworkIddle\":false,\"timeout\":58215,\"waitForNetworkIdle\":false,\"margin\":{\"top\":\"470px\",\"right\":\"20px\",\"bottom\":\"80px\",\"left\":\"20px\"}}","meta":{"rootId":"3d6o4ep5262ixyq","id":"3d6o4ep5262ixyq"},"id":"vlnaiy94986i6s6","previousOperationId":"lmsg832da1ketu5"}
{"type":"log","timestamp":1665004453977,"level":"debug","message":"Page request: GET (font) https://fonts.gstatic.com/s/opensans/v34/memSYaGs126MiZpBA-UvWbX2vVnXBbObj2OVZyOOSr4dVJWUgsiH0B4gaVQUwaEQbjA.woff","meta":{"rootId":"3d6o4ep5262ixyq","id":"3d6o4ep5262ixyq"},"id":"9aa8sm909ny781x","previousOperationId":"lmsg832da1ketu5"}
{"type":"operationEnd","operationId":"lmsg832da1ketu5","timestamp":1665004454173,"id":"27yen6z4x8vpnll","previousEventId":"b55ufiv54brjvs4","previousOperationId":"lmsg832da1ketu5"}
{"type":"log","timestamp":1665004454173,"level":"debug","message":"Skipping storing report.","meta":{"rootId":"3d6o4ep5262ixyq","id":"3d6o4ep5262ixyq"},"id":"ielviqhhekeby7t","previousOperationId":"lmsg832da1ketu5"}
{"type":"log","timestamp":1665004454173,"level":"info","message":"Rendering request 1 finished in 6017 ms","meta":{"rootId":"3d6o4ep5262ixyq","id":"3d6o4ep5262ixyq"},"id":"axlmcn93pkzyix1","previousOperationId":"lmsg832da1ketu5"}
{"type":"operationEnd","subtype":"render","operationId":"xp6o8uxd0b9bw29","timestamp":1665004454173,"id":"vp39xpa2me26fyt","previousEventId":"27yen6z4x8vpnll","previousOperationId":"lmsg832da1ketu5"}
{"type":"operationEnd","doDiffs":false,"previousEventId":"atbu54m4iqv7bv3","previousOperationId":"2zbhblutzqdpv8u","operationId":"2zbhblutzqdpv8u","timestamp":1665004454179,"id":"2uvz9kwcxn8sw78"}
