{"type":"operationStart","subtype":"profile","data":{"_id":"Rtjmi3rof12Itu6t","timestamp":"2022-09-09T19:11:56.891Z","state":"queued","mode":"standard","creationDate":"2022-09-09T19:11:56.901Z","modificationDate":"2022-09-09T19:11:56.901Z","shortid":"7zJwY6C","$entitySet":"profiles"},"doDiffs":false,"timestamp":1662750716898,"id":"twf23gn1zykyedg","previousOperationId":null,"operationId":"k7z1629ny95qngz"}
{"type":"log","level":"info","message":"Render request 1 queued for execution and waiting for available worker","previousOperationId":"k7z1629ny95qngz","timestamp":1662750716899,"id":"klyrqae08pkkwv4"}
{"type":"operationStart","subtype":"render","name":"anonymous","previousOperationId":"k7z1629ny95qngz","timestamp":1662750716956,"id":"te4iw1sbwmt7k66","previousEventId":"twf23gn1zykyedg","operationId":"3mk2cxasnwdhdhh"}
{"type":"log","timestamp":1662750716959,"level":"info","message":"Starting rendering request 1 (user: null)","meta":{"rootId":"3teewkp9geb99ie","id":"3teewkp9geb99ie"},"id":"a7itnw4rl0xlmyj","previousOperationId":"3mk2cxasnwdhdhh"}
{"type":"log","timestamp":1662750716993,"level":"info","message":"Rendering anonymous template { recipe: chrome-pdf, engine: handlebars }","meta":{"rootId":"3teewkp9geb99ie","id":"3teewkp9geb99ie"},"id":"2hw1h186cpcvf3f","previousOperationId":"3mk2cxasnwdhdhh"}
{"type":"log","timestamp":1662750716997,"level":"debug","message":"Inline data specified.","meta":{"rootId":"3teewkp9geb99ie","id":"3teewkp9geb99ie"},"id":"24xevkpebutyiaf","previousOperationId":"3mk2cxasnwdhdhh"}
{"type":"log","timestamp":1662750717012,"level":"debug","message":"Base url not specified, skipping its injection.","meta":{"rootId":"3teewkp9geb99ie","id":"3teewkp9geb99ie"},"id":"zl9jr4aq8h2n228","previousOperationId":"3mk2cxasnwdhdhh"}
{"type":"operationStart","subtype":"engine","name":"handlebars","timestamp":1662750717014,"id":"a1tujj19uymg7gg","previousEventId":"te4iw1sbwmt7k66","operationId":"ekj0610uffzny2j","previousOperationId":"3mk2cxasnwdhdhh"}
{"type":"log","timestamp":1662750717014,"level":"debug","message":"Rendering engine handlebars","meta":{"rootId":"3teewkp9geb99ie","id":"3teewkp9geb99ie"},"id":"59pv4npgo9zbt0j","previousOperationId":"ekj0610uffzny2j"}
{"type":"operationEnd","operationId":"ekj0610uffzny2j","timestamp":1662750718937,"id":"8yl6q4xweu5n5b1","previousEventId":"a1tujj19uymg7gg","previousOperationId":"ekj0610uffzny2j"}
{"type":"operationStart","subtype":"recipe","name":"chrome-pdf","timestamp":1662750718939,"id":"spsc5p2xs8nstkh","previousEventId":"8yl6q4xweu5n5b1","operationId":"4k250lr1d4dsdg8","previousOperationId":"ekj0610uffzny2j"}
{"type":"log","timestamp":1662750718939,"level":"debug","message":"Executing recipe chrome-pdf","meta":{"rootId":"3teewkp9geb99ie","id":"3teewkp9geb99ie"},"id":"9mg3i3mrh40r9jo","previousOperationId":"4k250lr1d4dsdg8"}
{"type":"log","timestamp":1662750719252,"level":"debug","message":"Starting child request to render pdf header","meta":{"rootId":"3teewkp9geb99ie","id":"3teewkp9geb99ie"},"id":"niv8hto21odd87t","previousOperationId":"4k250lr1d4dsdg8"}
{"type":"operationStart","subtype":"render","name":"anonymous","previousOperationId":"4k250lr1d4dsdg8","timestamp":1662750719253,"id":"x0hnazm0oyw9j51","previousEventId":"spsc5p2xs8nstkh","operationId":"zregw5z038fg1rt"}
{"type":"log","timestamp":1662750719253,"level":"info","message":"Starting rendering request 1 (user: null)","meta":{"rootId":"3teewkp9geb99ie","id":"endo7s7rb34q9wc"},"id":"5qaxqsko0nm30sj","previousOperationId":"zregw5z038fg1rt"}
{"type":"log","timestamp":1662750719254,"level":"info","message":"Rendering anonymous template { recipe: html, engine: handlebars }","meta":{"rootId":"3teewkp9geb99ie","id":"endo7s7rb34q9wc"},"id":"x9q5tb87w9gl094","previousOperationId":"zregw5z038fg1rt"}
{"type":"log","timestamp":1662750719254,"level":"debug","message":"Inline data specified.","meta":{"rootId":"3teewkp9geb99ie","id":"endo7s7rb34q9wc"},"id":"jwyzew9mat34ova","previousOperationId":"zregw5z038fg1rt"}
{"type":"log","timestamp":1662750719257,"level":"debug","message":"Base url not specified, skipping its injection.","meta":{"rootId":"3teewkp9geb99ie","id":"endo7s7rb34q9wc"},"id":"w3fz9w547xiupc2","previousOperationId":"zregw5z038fg1rt"}
{"type":"log","timestamp":1662750719286,"level":"debug","message":"Replaced assets [\"./src/reporting/assets/logo.png\"]","meta":{"rootId":"3teewkp9geb99ie","id":"endo7s7rb34q9wc"},"id":"lrluv1tkj5mhez6","previousOperationId":"zregw5z038fg1rt"}
{"type":"operationStart","subtype":"engine","name":"handlebars","timestamp":1662750719287,"id":"mmw83xmwtw96zbc","previousEventId":"x0hnazm0oyw9j51","operationId":"1fnvme3pd6zcvyd","previousOperationId":"zregw5z038fg1rt"}
{"type":"log","timestamp":1662750719287,"level":"debug","message":"Rendering engine handlebars","meta":{"rootId":"3teewkp9geb99ie","id":"endo7s7rb34q9wc"},"id":"5cob15s95rjfjdy","previousOperationId":"1fnvme3pd6zcvyd"}
{"type":"operationEnd","operationId":"1fnvme3pd6zcvyd","timestamp":1662750719378,"id":"qagpem8te19cfwj","previousEventId":"mmw83xmwtw96zbc","previousOperationId":"1fnvme3pd6zcvyd"}
{"type":"operationStart","subtype":"recipe","name":"html","timestamp":1662750719379,"id":"0deur1vohkyhg7i","previousEventId":"qagpem8te19cfwj","operationId":"afq0ng9gpbdwney","previousOperationId":"1fnvme3pd6zcvyd"}
{"type":"log","timestamp":1662750719379,"level":"debug","message":"Executing recipe html","meta":{"rootId":"3teewkp9geb99ie","id":"endo7s7rb34q9wc"},"id":"csk5enamidhrkho","previousOperationId":"afq0ng9gpbdwney"}
{"type":"operationEnd","operationId":"afq0ng9gpbdwney","timestamp":1662750719380,"id":"jplg6jomfnpt15m","previousEventId":"0deur1vohkyhg7i","previousOperationId":"afq0ng9gpbdwney"}
{"type":"log","timestamp":1662750719382,"level":"debug","message":"Skipping storing report.","meta":{"rootId":"3teewkp9geb99ie","id":"endo7s7rb34q9wc"},"id":"iqxs3rarc2bpm14","previousOperationId":"afq0ng9gpbdwney"}
{"type":"log","timestamp":1662750719383,"level":"info","message":"Rendering request 1 finished in 2494 ms","meta":{"rootId":"3teewkp9geb99ie","id":"endo7s7rb34q9wc"},"id":"gel06cpnwhtm25b","previousOperationId":"afq0ng9gpbdwney"}
{"type":"operationEnd","subtype":"render","operationId":"zregw5z038fg1rt","timestamp":1662750719383,"id":"ewg4lq43upd3qxk","previousEventId":"jplg6jomfnpt15m","previousOperationId":"afq0ng9gpbdwney"}
{"type":"log","timestamp":1662750719383,"level":"debug","message":"Starting child request to render pdf footer","meta":{"rootId":"3teewkp9geb99ie","id":"3teewkp9geb99ie"},"id":"oygzt6onh22wcs7","previousOperationId":"4k250lr1d4dsdg8"}
{"type":"operationStart","subtype":"render","name":"anonymous","previousOperationId":"4k250lr1d4dsdg8","timestamp":1662750719383,"id":"3tl30uar0nj62vm","previousEventId":"spsc5p2xs8nstkh","operationId":"d4dc06bau6y8g1y"}
{"type":"log","timestamp":1662750719384,"level":"info","message":"Starting rendering request 1 (user: null)","meta":{"rootId":"3teewkp9geb99ie","id":"c6vtvgdcw53duk3"},"id":"q9d48s2fkhyldcg","previousOperationId":"d4dc06bau6y8g1y"}
{"type":"log","timestamp":1662750719384,"level":"info","message":"Rendering anonymous template { recipe: html, engine: handlebars }","meta":{"rootId":"3teewkp9geb99ie","id":"c6vtvgdcw53duk3"},"id":"gbcik4f83yp9szn","previousOperationId":"d4dc06bau6y8g1y"}
{"type":"log","timestamp":1662750719384,"level":"debug","message":"Inline data specified.","meta":{"rootId":"3teewkp9geb99ie","id":"c6vtvgdcw53duk3"},"id":"qxcidcigll25jw0","previousOperationId":"d4dc06bau6y8g1y"}
{"type":"log","timestamp":1662750719403,"level":"debug","message":"Base url not specified, skipping its injection.","meta":{"rootId":"3teewkp9geb99ie","id":"c6vtvgdcw53duk3"},"id":"72ljn16dndb2ksy","previousOperationId":"d4dc06bau6y8g1y"}
{"type":"operationStart","subtype":"engine","name":"handlebars","timestamp":1662750719405,"id":"tf1qnumrso35bs0","previousEventId":"3tl30uar0nj62vm","operationId":"yhr1wnf0recwl12","previousOperationId":"d4dc06bau6y8g1y"}
{"type":"log","timestamp":1662750719405,"level":"debug","message":"Rendering engine handlebars","meta":{"rootId":"3teewkp9geb99ie","id":"c6vtvgdcw53duk3"},"id":"6m3x2ces6gwtvgz","previousOperationId":"yhr1wnf0recwl12"}
{"type":"operationEnd","operationId":"yhr1wnf0recwl12","timestamp":1662750719473,"id":"yld4wz2l4i0oukb","previousEventId":"tf1qnumrso35bs0","previousOperationId":"yhr1wnf0recwl12"}
{"type":"operationStart","subtype":"recipe","name":"html","timestamp":1662750719489,"id":"utzbhlyo3u0lcot","previousEventId":"yld4wz2l4i0oukb","operationId":"v4ua5o3bnvolsdz","previousOperationId":"yhr1wnf0recwl12"}
{"type":"log","timestamp":1662750719489,"level":"debug","message":"Executing recipe html","meta":{"rootId":"3teewkp9geb99ie","id":"c6vtvgdcw53duk3"},"id":"pffbyhn07jjjb4f","previousOperationId":"v4ua5o3bnvolsdz"}
{"type":"operationEnd","operationId":"v4ua5o3bnvolsdz","timestamp":1662750719489,"id":"hg4ia4yi8ckyq1l","previousEventId":"utzbhlyo3u0lcot","previousOperationId":"v4ua5o3bnvolsdz"}
{"type":"log","timestamp":1662750719489,"level":"debug","message":"Skipping storing report.","meta":{"rootId":"3teewkp9geb99ie","id":"c6vtvgdcw53duk3"},"id":"qga1nf3d2ey947f","previousOperationId":"v4ua5o3bnvolsdz"}
{"type":"log","timestamp":1662750719490,"level":"info","message":"Rendering request 1 finished in 2601 ms","meta":{"rootId":"3teewkp9geb99ie","id":"c6vtvgdcw53duk3"},"id":"t3888tdnyzzjgi4","previousOperationId":"v4ua5o3bnvolsdz"}
{"type":"operationEnd","subtype":"render","operationId":"d4dc06bau6y8g1y","timestamp":1662750719490,"id":"wwmm3eyfwp7c5ai","previousEventId":"hg4ia4yi8ckyq1l","previousOperationId":"v4ua5o3bnvolsdz"}
{"type":"log","timestamp":1662750721298,"level":"debug","message":"Converting with chrome HeadlessChrome/98.0.4758.0 using chrome-pool strategy","meta":{"rootId":"3teewkp9geb99ie","id":"3teewkp9geb99ie"},"id":"r25ivfws0e4zfy5","previousOperationId":"4k250lr1d4dsdg8"}
{"type":"log","timestamp":1662750722583,"level":"debug","message":"Page request: GET (document) file:///var/folders/8m/98z140gs3yzbw6jqmpbh8b8m0000gn/T/jsreport/autocleanup/75d206f7-c528-438f-9db6-39669bcd6d3a-chrome-pdf.html","meta":{"rootId":"3teewkp9geb99ie","id":"3teewkp9geb99ie"},"id":"6vb5p69edjv2u9g","previousOperationId":"4k250lr1d4dsdg8"}
{"type":"log","timestamp":1662750722623,"level":"debug","message":"Page request finished: GET (document) file:///var/folders/8m/98z140gs3yzbw6jqmpbh8b8m0000gn/T/jsreport/autocleanup/75d206f7-c528-438f-9db6-39669bcd6d3a-chrome-pdf.html","meta":{"rootId":"3teewkp9geb99ie","id":"3teewkp9geb99ie"},"id":"6p0xnwfwyk309kl","previousOperationId":"4k250lr1d4dsdg8"}
{"type":"log","timestamp":1662750722638,"level":"debug","message":"Page request: GET (stylesheet) https://fonts.googleapis.com/css2?family=Montserrat:wght@500&family=Open+Sans:wght@300&display=swap","meta":{"rootId":"3teewkp9geb99ie","id":"3teewkp9geb99ie"},"id":"lzpwhbw8dp1e77p","previousOperationId":"4k250lr1d4dsdg8"}
{"type":"log","timestamp":1662750723350,"level":"debug","message":"Page request finished: GET (stylesheet) 200 https://fonts.googleapis.com/css2?family=Montserrat:wght@500&family=Open+Sans:wght@300&display=swap","meta":{"rootId":"3teewkp9geb99ie","id":"3teewkp9geb99ie"},"id":"e4cgwid5aeuatwq","previousOperationId":"4k250lr1d4dsdg8"}
{"type":"log","timestamp":1662750723433,"level":"debug","message":"Page request: GET (font) https://fonts.gstatic.com/s/opensans/v34/memSYaGs126MiZpBA-UvWbX2vVnXBbObj2OVZyOOSr4dVJWUgsiH0B4gaVQUwaEQbjA.woff","meta":{"rootId":"3teewkp9geb99ie","id":"3teewkp9geb99ie"},"id":"ixzdg17lzhoo285","previousOperationId":"4k250lr1d4dsdg8"}
{"type":"log","timestamp":1662750723450,"level":"debug","message":"Page request: GET (font) https://fonts.gstatic.com/s/opensans/v34/memSYaGs126MiZpBA-UvWbX2vVnXBbObj2OVZyOOSr4dVJWUgsiH0B4gaVQUwaEQbjA.woff","meta":{"rootId":"3teewkp9geb99ie","id":"3teewkp9geb99ie"},"id":"z1or4omqma82oaw","previousOperationId":"4k250lr1d4dsdg8"}
{"type":"log","timestamp":1662750723834,"level":"debug","message":"Page request finished: GET (font) 200 https://fonts.gstatic.com/s/opensans/v34/memSYaGs126MiZpBA-UvWbX2vVnXBbObj2OVZyOOSr4dVJWUgsiH0B4gaVQUwaEQbjA.woff","meta":{"rootId":"3teewkp9geb99ie","id":"3teewkp9geb99ie"},"id":"euex205evyd5zjh","previousOperationId":"4k250lr1d4dsdg8"}
{"type":"log","timestamp":1662750723863,"level":"debug","message":"Running chrome with params {\"scale\":1,\"displayHeaderFooter\":true,\"headerTemplate\":\"...\",\"footerTemplate\":\"...\",\"printBackground\":true,\"pageRanges\":\"\",\"format\":\"A4\",\"width\":\"\",\"height\":\"\",\"marginTop\":\"350px\",\"marginRight\":\"20px\",\"marginBottom\":\"80px\",\"marginLeft\":\"20px\",\"waitForJS\":false,\"waitForNetworkIddle\":false,\"timeout\":57399,\"waitForNetworkIdle\":false,\"margin\":{\"top\":\"350px\",\"right\":\"20px\",\"bottom\":\"80px\",\"left\":\"20px\"}}","meta":{"rootId":"3teewkp9geb99ie","id":"3teewkp9geb99ie"},"id":"0awgegwwjof72hl","previousOperationId":"4k250lr1d4dsdg8"}
{"type":"operationEnd","operationId":"4k250lr1d4dsdg8","timestamp":1662750724350,"id":"bfofxkwf2e3te07","previousEventId":"spsc5p2xs8nstkh","previousOperationId":"4k250lr1d4dsdg8"}
{"type":"log","timestamp":1662750724350,"level":"debug","message":"Skipping storing report.","meta":{"rootId":"3teewkp9geb99ie","id":"3teewkp9geb99ie"},"id":"znarh5dv1dgaj6q","previousOperationId":"4k250lr1d4dsdg8"}
{"type":"log","timestamp":1662750724351,"level":"info","message":"Rendering request 1 finished in 7462 ms","meta":{"rootId":"3teewkp9geb99ie","id":"3teewkp9geb99ie"},"id":"9ruqtbf1p2nlciy","previousOperationId":"4k250lr1d4dsdg8"}
{"type":"operationEnd","subtype":"render","operationId":"3mk2cxasnwdhdhh","timestamp":1662750724351,"id":"qdnpe5sxdl8dq3e","previousEventId":"bfofxkwf2e3te07","previousOperationId":"4k250lr1d4dsdg8"}
{"type":"operationEnd","doDiffs":false,"previousEventId":"twf23gn1zykyedg","previousOperationId":"k7z1629ny95qngz","operationId":"k7z1629ny95qngz","timestamp":1662750724359,"id":"a0xgcl7fnr34ta2"}
