{"type":"operationStart","subtype":"profile","data":{"_id":"NvqlkvUflhTJx8Ax","timestamp":"2023-03-13T21:05:18.532Z","state":"queued","mode":"standard","creationDate":"2023-03-13T21:05:18.536Z","modificationDate":"2023-03-13T21:05:18.536Z","shortid":"38qgRy4","$entitySet":"profiles"},"doDiffs":false,"timestamp":1678741518535,"id":"38qcocm3j8agr2b","previousOperationId":null,"operationId":"tmk7pnln3ykw059"}
{"type":"log","level":"info","message":"Render request 1 queued for execution and waiting for available worker","previousOperationId":"tmk7pnln3ykw059","timestamp":1678741518535,"id":"yc8444j912lha3w"}
{"type":"operationStart","subtype":"render","name":"anonymous","previousOperationId":"tmk7pnln3ykw059","timestamp":1678741518566,"id":"j6f9h8rpi5n5ul3","previousEventId":"38qcocm3j8agr2b","operationId":"b493z0ay8i2ubok"}
{"type":"log","timestamp":1678741518568,"level":"info","message":"Starting rendering request 1 (user: null)","meta":{"rootId":"3y781ou7njuzsct","id":"3y781ou7njuzsct"},"id":"i317yr52jvloicq","previousOperationId":"b493z0ay8i2ubok"}
{"type":"log","timestamp":1678741518571,"level":"info","message":"Rendering anonymous template { recipe: chrome-pdf, engine: handlebars }","meta":{"rootId":"3y781ou7njuzsct","id":"3y781ou7njuzsct"},"id":"57g94z206it3p75","previousOperationId":"b493z0ay8i2ubok"}
{"type":"log","timestamp":1678741518572,"level":"debug","message":"Inline data specified.","meta":{"rootId":"3y781ou7njuzsct","id":"3y781ou7njuzsct"},"id":"n6lo0gcxpsozcu9","previousOperationId":"b493z0ay8i2ubok"}
{"type":"log","timestamp":1678741518576,"level":"debug","message":"Base url not specified, skipping its injection.","meta":{"rootId":"3y781ou7njuzsct","id":"3y781ou7njuzsct"},"id":"jl5ixnb0y6opz3q","previousOperationId":"b493z0ay8i2ubok"}
{"type":"operationStart","subtype":"engine","name":"handlebars","timestamp":1678741518580,"id":"xt6zsfk8qb6bv7l","previousEventId":"j6f9h8rpi5n5ul3","operationId":"311b5z4w4zg5p9e","previousOperationId":"b493z0ay8i2ubok"}
{"type":"log","timestamp":1678741518580,"level":"debug","message":"Rendering engine handlebars","meta":{"rootId":"3y781ou7njuzsct","id":"3y781ou7njuzsct"},"id":"au3ma1ab8o4y6ir","previousOperationId":"311b5z4w4zg5p9e"}
{"type":"operationEnd","operationId":"311b5z4w4zg5p9e","timestamp":1678741520365,"id":"kz9d9spwze5cz2d","previousEventId":"xt6zsfk8qb6bv7l","previousOperationId":"311b5z4w4zg5p9e"}
{"type":"operationStart","subtype":"recipe","name":"chrome-pdf","timestamp":1678741520366,"id":"bdt6ct9mp1na6t4","previousEventId":"kz9d9spwze5cz2d","operationId":"1v796rbu8osyjh0","previousOperationId":"311b5z4w4zg5p9e"}
{"type":"log","timestamp":1678741520366,"level":"debug","message":"Executing recipe chrome-pdf","meta":{"rootId":"3y781ou7njuzsct","id":"3y781ou7njuzsct"},"id":"0rl9cl4i0whtisx","previousOperationId":"1v796rbu8osyjh0"}
{"type":"log","timestamp":1678741520543,"level":"debug","message":"Starting child request to render pdf header","meta":{"rootId":"3y781ou7njuzsct","id":"3y781ou7njuzsct"},"id":"63mpptpu25dulza","previousOperationId":"1v796rbu8osyjh0"}
{"type":"operationStart","subtype":"render","name":"anonymous","previousOperationId":"1v796rbu8osyjh0","timestamp":1678741520544,"id":"4bz03htbdozupny","previousEventId":"bdt6ct9mp1na6t4","operationId":"6owkw4zgg6wvsnn"}
{"type":"log","timestamp":1678741520544,"level":"info","message":"Starting rendering request 1 (user: null)","meta":{"rootId":"3y781ou7njuzsct","id":"waihbqnp5pm8xju"},"id":"2svycjcy8nw1z38","previousOperationId":"6owkw4zgg6wvsnn"}
{"type":"log","timestamp":1678741520545,"level":"info","message":"Rendering anonymous template { recipe: html, engine: handlebars }","meta":{"rootId":"3y781ou7njuzsct","id":"waihbqnp5pm8xju"},"id":"egds7zae87d0lr6","previousOperationId":"6owkw4zgg6wvsnn"}
{"type":"log","timestamp":1678741520545,"level":"debug","message":"Inline data specified.","meta":{"rootId":"3y781ou7njuzsct","id":"waihbqnp5pm8xju"},"id":"zoraq40u59xilr9","previousOperationId":"6owkw4zgg6wvsnn"}
{"type":"log","timestamp":1678741520547,"level":"debug","message":"Base url not specified, skipping its injection.","meta":{"rootId":"3y781ou7njuzsct","id":"waihbqnp5pm8xju"},"id":"944wyfkprq2tbl3","previousOperationId":"6owkw4zgg6wvsnn"}
{"type":"log","timestamp":1678741520555,"level":"debug","message":"Replaced assets [\"./src/reporting/assets/logo.png\"]","meta":{"rootId":"3y781ou7njuzsct","id":"waihbqnp5pm8xju"},"id":"uoqvvxueh2tk4hw","previousOperationId":"6owkw4zgg6wvsnn"}
{"type":"operationStart","subtype":"engine","name":"handlebars","timestamp":1678741520556,"id":"vrl3dyciafc4kf5","previousEventId":"4bz03htbdozupny","operationId":"idaat70ut3hf4vc","previousOperationId":"6owkw4zgg6wvsnn"}
{"type":"log","timestamp":1678741520556,"level":"debug","message":"Rendering engine handlebars","meta":{"rootId":"3y781ou7njuzsct","id":"waihbqnp5pm8xju"},"id":"8j9wczuj98v53pr","previousOperationId":"idaat70ut3hf4vc"}
{"type":"operationEnd","operationId":"idaat70ut3hf4vc","timestamp":1678741520579,"id":"gvyxusqcf02hhpv","previousEventId":"vrl3dyciafc4kf5","previousOperationId":"idaat70ut3hf4vc"}
{"type":"operationStart","subtype":"recipe","name":"html","timestamp":1678741520580,"id":"r9stdfn4jsgpvip","previousEventId":"gvyxusqcf02hhpv","operationId":"1l45rq0aiqpwfnj","previousOperationId":"idaat70ut3hf4vc"}
{"type":"log","timestamp":1678741520580,"level":"debug","message":"Executing recipe html","meta":{"rootId":"3y781ou7njuzsct","id":"waihbqnp5pm8xju"},"id":"zpqvro0zaisogd4","previousOperationId":"1l45rq0aiqpwfnj"}
{"type":"operationEnd","operationId":"1l45rq0aiqpwfnj","timestamp":1678741520580,"id":"ob72nwhs1xbbwjx","previousEventId":"r9stdfn4jsgpvip","previousOperationId":"1l45rq0aiqpwfnj"}
{"type":"log","timestamp":1678741520583,"level":"debug","message":"Skipping storing report.","meta":{"rootId":"3y781ou7njuzsct","id":"waihbqnp5pm8xju"},"id":"p9b87xabomo8d7j","previousOperationId":"1l45rq0aiqpwfnj"}
{"type":"log","timestamp":1678741520583,"level":"info","message":"Rendering request 1 finished in 2053 ms","meta":{"rootId":"3y781ou7njuzsct","id":"waihbqnp5pm8xju"},"id":"1koaqm3v95gdpta","previousOperationId":"1l45rq0aiqpwfnj"}
{"type":"operationEnd","subtype":"render","operationId":"6owkw4zgg6wvsnn","timestamp":1678741520583,"id":"5nhla3jahhqznfr","previousEventId":"ob72nwhs1xbbwjx","previousOperationId":"1l45rq0aiqpwfnj"}
{"type":"log","timestamp":1678741520584,"level":"debug","message":"Starting child request to render pdf footer","meta":{"rootId":"3y781ou7njuzsct","id":"3y781ou7njuzsct"},"id":"ky5pzum0t7k5n4d","previousOperationId":"1v796rbu8osyjh0"}
{"type":"operationStart","subtype":"render","name":"anonymous","previousOperationId":"1v796rbu8osyjh0","timestamp":1678741520584,"id":"iapuelsy6t4xr24","previousEventId":"bdt6ct9mp1na6t4","operationId":"nw7g2ppg1ith4tt"}
{"type":"log","timestamp":1678741520584,"level":"info","message":"Starting rendering request 1 (user: null)","meta":{"rootId":"3y781ou7njuzsct","id":"ff1askd0b40cz14"},"id":"a6877q3w8l89zq1","previousOperationId":"nw7g2ppg1ith4tt"}
{"type":"log","timestamp":1678741520584,"level":"info","message":"Rendering anonymous template { recipe: html, engine: handlebars }","meta":{"rootId":"3y781ou7njuzsct","id":"ff1askd0b40cz14"},"id":"aqf05gw6urhurxz","previousOperationId":"nw7g2ppg1ith4tt"}
{"type":"log","timestamp":1678741520584,"level":"debug","message":"Inline data specified.","meta":{"rootId":"3y781ou7njuzsct","id":"ff1askd0b40cz14"},"id":"vk6bfy8egmjifx9","previousOperationId":"nw7g2ppg1ith4tt"}
{"type":"log","timestamp":1678741520586,"level":"debug","message":"Base url not specified, skipping its injection.","meta":{"rootId":"3y781ou7njuzsct","id":"ff1askd0b40cz14"},"id":"etqutl59qpbem21","previousOperationId":"nw7g2ppg1ith4tt"}
{"type":"operationStart","subtype":"engine","name":"handlebars","timestamp":1678741520586,"id":"7o959zjymtzxeyx","previousEventId":"iapuelsy6t4xr24","operationId":"4ww4dcz4lgl4b81","previousOperationId":"nw7g2ppg1ith4tt"}
{"type":"log","timestamp":1678741520586,"level":"debug","message":"Rendering engine handlebars","meta":{"rootId":"3y781ou7njuzsct","id":"ff1askd0b40cz14"},"id":"0im4gff5rshf0z2","previousOperationId":"4ww4dcz4lgl4b81"}
{"type":"operationEnd","operationId":"4ww4dcz4lgl4b81","timestamp":1678741520609,"id":"ulrw0zdagxcxdec","previousEventId":"7o959zjymtzxeyx","previousOperationId":"4ww4dcz4lgl4b81"}
{"type":"operationStart","subtype":"recipe","name":"html","timestamp":1678741520611,"id":"sd1x1vusctyr4oq","previousEventId":"ulrw0zdagxcxdec","operationId":"cmsch3e3xjb44c1","previousOperationId":"4ww4dcz4lgl4b81"}
{"type":"log","timestamp":1678741520611,"level":"debug","message":"Executing recipe html","meta":{"rootId":"3y781ou7njuzsct","id":"ff1askd0b40cz14"},"id":"eskfgw2z80lp81a","previousOperationId":"cmsch3e3xjb44c1"}
{"type":"operationEnd","operationId":"cmsch3e3xjb44c1","timestamp":1678741520611,"id":"mdp4hcl815x26pf","previousEventId":"sd1x1vusctyr4oq","previousOperationId":"cmsch3e3xjb44c1"}
{"type":"log","timestamp":1678741520611,"level":"debug","message":"Skipping storing report.","meta":{"rootId":"3y781ou7njuzsct","id":"ff1askd0b40cz14"},"id":"exhm7wrnld3l2ud","previousOperationId":"cmsch3e3xjb44c1"}
{"type":"log","timestamp":1678741520611,"level":"info","message":"Rendering request 1 finished in 2081 ms","meta":{"rootId":"3y781ou7njuzsct","id":"ff1askd0b40cz14"},"id":"hwb4itzork79kfq","previousOperationId":"cmsch3e3xjb44c1"}
{"type":"operationEnd","subtype":"render","operationId":"nw7g2ppg1ith4tt","timestamp":1678741520612,"id":"9ot6sq0jbk36pv2","previousEventId":"mdp4hcl815x26pf","previousOperationId":"cmsch3e3xjb44c1"}
{"type":"log","timestamp":1678741520996,"level":"debug","message":"Converting with chrome HeadlessChrome/98.0.4758.0 using chrome-pool strategy","meta":{"rootId":"3y781ou7njuzsct","id":"3y781ou7njuzsct"},"id":"jeyupczya8h2983","previousOperationId":"1v796rbu8osyjh0"}
{"type":"log","timestamp":1678741521188,"level":"debug","message":"Page request: GET (document) file:///C:/Users/ADMINI~1/AppData/Local/Temp/jsreport/autocleanup/b05073fa-b7de-4019-b738-16a6ca36c110-chrome-pdf.html","meta":{"rootId":"3y781ou7njuzsct","id":"3y781ou7njuzsct"},"id":"qflowr819va8k38","previousOperationId":"1v796rbu8osyjh0"}
{"type":"log","timestamp":1678741521232,"level":"debug","message":"Page request finished: GET (document) file:///C:/Users/ADMINI~1/AppData/Local/Temp/jsreport/autocleanup/b05073fa-b7de-4019-b738-16a6ca36c110-chrome-pdf.html","meta":{"rootId":"3y781ou7njuzsct","id":"3y781ou7njuzsct"},"id":"d617ucqe7397xa5","previousOperationId":"1v796rbu8osyjh0"}
{"type":"log","timestamp":1678741521233,"level":"debug","message":"Page request: GET (stylesheet) https://fonts.googleapis.com/css2?family=Montserrat:wght@500&family=Open+Sans:wght@300&display=swap","meta":{"rootId":"3y781ou7njuzsct","id":"3y781ou7njuzsct"},"id":"ndpneg669gsesf3","previousOperationId":"1v796rbu8osyjh0"}
{"type":"log","timestamp":1678741521551,"level":"debug","message":"Page request finished: GET (stylesheet) 200 https://fonts.googleapis.com/css2?family=Montserrat:wght@500&family=Open+Sans:wght@300&display=swap","meta":{"rootId":"3y781ou7njuzsct","id":"3y781ou7njuzsct"},"id":"pmplzdmqq9ln2p8","previousOperationId":"1v796rbu8osyjh0"}
{"type":"log","timestamp":1678741521614,"level":"debug","message":"Page request: GET (font) https://fonts.gstatic.com/s/opensans/v34/memSYaGs126MiZpBA-UvWbX2vVnXBbObj2OVZyOOSr4dVJWUgsiH0B4gaVI.woff2","meta":{"rootId":"3y781ou7njuzsct","id":"3y781ou7njuzsct"},"id":"g2mx7ngcjm380pl","previousOperationId":"1v796rbu8osyjh0"}
{"type":"log","timestamp":1678741521618,"level":"debug","message":"Page request: GET (font) https://fonts.gstatic.com/s/opensans/v34/memSYaGs126MiZpBA-UvWbX2vVnXBbObj2OVZyOOSr4dVJWUgsiH0B4gaVI.woff2","meta":{"rootId":"3y781ou7njuzsct","id":"3y781ou7njuzsct"},"id":"ecxg2vpk6htvv8u","previousOperationId":"1v796rbu8osyjh0"}
{"type":"log","timestamp":1678741521813,"level":"debug","message":"Page request finished: GET (font) 200 https://fonts.gstatic.com/s/opensans/v34/memSYaGs126MiZpBA-UvWbX2vVnXBbObj2OVZyOOSr4dVJWUgsiH0B4gaVI.woff2","meta":{"rootId":"3y781ou7njuzsct","id":"3y781ou7njuzsct"},"id":"s8zh9rlzjj3rstk","previousOperationId":"1v796rbu8osyjh0"}
{"type":"log","timestamp":1678741521869,"level":"debug","message":"Running chrome with params {\"scale\":1,\"displayHeaderFooter\":true,\"headerTemplate\":\"...\",\"footerTemplate\":\"...\",\"printBackground\":true,\"pageRanges\":\"\",\"format\":\"A4\",\"width\":\"\",\"height\":\"\",\"marginTop\":\"350px\",\"marginRight\":\"20px\",\"marginBottom\":\"80px\",\"marginLeft\":\"20px\",\"waitForJS\":false,\"waitForNetworkIddle\":false,\"timeout\":57918,\"waitForNetworkIdle\":false,\"margin\":{\"top\":\"350px\",\"right\":\"20px\",\"bottom\":\"80px\",\"left\":\"20px\"}}","meta":{"rootId":"3y781ou7njuzsct","id":"3y781ou7njuzsct"},"id":"mhzt0rozg1ao5zk","previousOperationId":"1v796rbu8osyjh0"}
{"type":"operationEnd","operationId":"1v796rbu8osyjh0","timestamp":1678741522136,"id":"4spg8muthpzh3tv","previousEventId":"bdt6ct9mp1na6t4","previousOperationId":"1v796rbu8osyjh0"}
{"type":"log","timestamp":1678741522136,"level":"debug","message":"Skipping storing report.","meta":{"rootId":"3y781ou7njuzsct","id":"3y781ou7njuzsct"},"id":"u2lfm03sie64wbw","previousOperationId":"1v796rbu8osyjh0"}
{"type":"log","timestamp":1678741522137,"level":"info","message":"Rendering request 1 finished in 3607 ms","meta":{"rootId":"3y781ou7njuzsct","id":"3y781ou7njuzsct"},"id":"oklfm0aebqoinqa","previousOperationId":"1v796rbu8osyjh0"}
{"type":"operationEnd","subtype":"render","operationId":"b493z0ay8i2ubok","timestamp":1678741522137,"id":"exyrypzp3khztfy","previousEventId":"4spg8muthpzh3tv","previousOperationId":"1v796rbu8osyjh0"}
{"type":"operationEnd","doDiffs":false,"previousEventId":"38qcocm3j8agr2b","previousOperationId":"tmk7pnln3ykw059","operationId":"tmk7pnln3ykw059","timestamp":1678741522145,"id":"qej9rafmnbsu747"}
