{"type":"operationStart","subtype":"profile","data":{"_id":"NhzJM3ieqGTGDoZp","timestamp":"2022-10-05T20:37:02.037Z","state":"queued","mode":"standard","creationDate":"2022-10-05T20:37:02.046Z","modificationDate":"2022-10-05T20:37:02.046Z","shortid":"m8g7OmT","$entitySet":"profiles"},"doDiffs":false,"timestamp":1665002222043,"id":"jv1sj2vxzeu7tym","previousOperationId":null,"operationId":"zjpi2vr8dhfg8xq"}
{"type":"log","level":"info","message":"Render request 1 queued for execution and waiting for available worker","previousOperationId":"zjpi2vr8dhfg8xq","timestamp":1665002222043,"id":"5pvjy6ps88rqqia"}
{"type":"operationStart","subtype":"render","name":"anonymous","previousOperationId":"zjpi2vr8dhfg8xq","timestamp":1665002222099,"id":"oxp0ivxqs0w07bb","previousEventId":"jv1sj2vxzeu7tym","operationId":"qwl66wbyzdq4als"}
{"type":"log","timestamp":1665002222107,"level":"info","message":"Starting rendering request 1 (user: null)","meta":{"rootId":"41s49iw6h1jo3l4","id":"41s49iw6h1jo3l4"},"id":"4rd2p9fcu3t7mdd","previousOperationId":"qwl66wbyzdq4als"}
{"type":"log","timestamp":1665002222111,"level":"info","message":"Rendering anonymous template { recipe: chrome-pdf, engine: handlebars }","meta":{"rootId":"41s49iw6h1jo3l4","id":"41s49iw6h1jo3l4"},"id":"epbeswzi08ajs97","previousOperationId":"qwl66wbyzdq4als"}
{"type":"log","timestamp":1665002222112,"level":"debug","message":"Inline data specified.","meta":{"rootId":"41s49iw6h1jo3l4","id":"41s49iw6h1jo3l4"},"id":"wujnnaqz2mmnljy","previousOperationId":"qwl66wbyzdq4als"}
{"type":"log","timestamp":1665002222122,"level":"debug","message":"Base url not specified, skipping its injection.","meta":{"rootId":"41s49iw6h1jo3l4","id":"41s49iw6h1jo3l4"},"id":"ex9v2xm9tl9ly63","previousOperationId":"qwl66wbyzdq4als"}
{"type":"operationStart","subtype":"engine","name":"handlebars","timestamp":1665002222129,"id":"je79qj4nphpi67r","previousEventId":"oxp0ivxqs0w07bb","operationId":"mxnwl031dimc5gk","previousOperationId":"qwl66wbyzdq4als"}
{"type":"log","timestamp":1665002222130,"level":"debug","message":"Rendering engine handlebars","meta":{"rootId":"41s49iw6h1jo3l4","id":"41s49iw6h1jo3l4"},"id":"m4up27evsyy2o5g","previousOperationId":"mxnwl031dimc5gk"}
{"type":"operationEnd","operationId":"mxnwl031dimc5gk","timestamp":1665002224051,"id":"mmbzlc85ahpa6q8","previousEventId":"je79qj4nphpi67r","previousOperationId":"mxnwl031dimc5gk"}
{"type":"operationStart","subtype":"recipe","name":"chrome-pdf","timestamp":1665002224053,"id":"22mk3891u3uxrcf","previousEventId":"mmbzlc85ahpa6q8","operationId":"6558uwgns9mdoyh","previousOperationId":"mxnwl031dimc5gk"}
{"type":"log","timestamp":1665002224053,"level":"debug","message":"Executing recipe chrome-pdf","meta":{"rootId":"41s49iw6h1jo3l4","id":"41s49iw6h1jo3l4"},"id":"d0m43dfq01swbqd","previousOperationId":"6558uwgns9mdoyh"}
{"type":"log","timestamp":1665002224300,"level":"debug","message":"Starting child request to render pdf header","meta":{"rootId":"41s49iw6h1jo3l4","id":"41s49iw6h1jo3l4"},"id":"dp9tje55fwxqfav","previousOperationId":"6558uwgns9mdoyh"}
{"type":"operationStart","subtype":"render","name":"anonymous","previousOperationId":"6558uwgns9mdoyh","timestamp":1665002224301,"id":"dl8609k8bvlwp89","previousEventId":"22mk3891u3uxrcf","operationId":"4bj5ofcyd07kjl8"}
{"type":"log","timestamp":1665002224301,"level":"info","message":"Starting rendering request 1 (user: null)","meta":{"rootId":"41s49iw6h1jo3l4","id":"463msymjk18gcnb"},"id":"z872sj75j1rdum9","previousOperationId":"4bj5ofcyd07kjl8"}
{"type":"log","timestamp":1665002224301,"level":"info","message":"Rendering anonymous template { recipe: html, engine: handlebars }","meta":{"rootId":"41s49iw6h1jo3l4","id":"463msymjk18gcnb"},"id":"57lwaxflv8i3ikf","previousOperationId":"4bj5ofcyd07kjl8"}
{"type":"log","timestamp":1665002224302,"level":"debug","message":"Inline data specified.","meta":{"rootId":"41s49iw6h1jo3l4","id":"463msymjk18gcnb"},"id":"oiz459tkqwsw2go","previousOperationId":"4bj5ofcyd07kjl8"}
{"type":"log","timestamp":1665002224308,"level":"debug","message":"Base url not specified, skipping its injection.","meta":{"rootId":"41s49iw6h1jo3l4","id":"463msymjk18gcnb"},"id":"bmnb2duf0s83mkd","previousOperationId":"4bj5ofcyd07kjl8"}
{"type":"log","timestamp":1665002224318,"level":"debug","message":"Replaced assets [\"./src/reporting/assets/logo.png\"]","meta":{"rootId":"41s49iw6h1jo3l4","id":"463msymjk18gcnb"},"id":"2p0317rb0at1bzg","previousOperationId":"4bj5ofcyd07kjl8"}
{"type":"operationStart","subtype":"engine","name":"handlebars","timestamp":1665002224318,"id":"hfrodsh16gxdo1v","previousEventId":"dl8609k8bvlwp89","operationId":"bk90yyeb0ogku8x","previousOperationId":"4bj5ofcyd07kjl8"}
{"type":"log","timestamp":1665002224318,"level":"debug","message":"Rendering engine handlebars","meta":{"rootId":"41s49iw6h1jo3l4","id":"463msymjk18gcnb"},"id":"ll9lf213cfb3pee","previousOperationId":"bk90yyeb0ogku8x"}
{"type":"operationEnd","operationId":"bk90yyeb0ogku8x","timestamp":1665002224348,"id":"u3itdvzzryamx4c","previousEventId":"hfrodsh16gxdo1v","previousOperationId":"bk90yyeb0ogku8x"}
{"type":"operationStart","subtype":"recipe","name":"html","timestamp":1665002224349,"id":"3yub416a1dj38c6","previousEventId":"u3itdvzzryamx4c","operationId":"4h6w27vqtfy9gho","previousOperationId":"bk90yyeb0ogku8x"}
{"type":"log","timestamp":1665002224349,"level":"debug","message":"Executing recipe html","meta":{"rootId":"41s49iw6h1jo3l4","id":"463msymjk18gcnb"},"id":"s0h33jjw6sbp56x","previousOperationId":"4h6w27vqtfy9gho"}
{"type":"operationEnd","operationId":"4h6w27vqtfy9gho","timestamp":1665002224349,"id":"tsmqom7cy68740e","previousEventId":"3yub416a1dj38c6","previousOperationId":"4h6w27vqtfy9gho"}
{"type":"log","timestamp":1665002224350,"level":"debug","message":"Skipping storing report.","meta":{"rootId":"41s49iw6h1jo3l4","id":"463msymjk18gcnb"},"id":"2cil04kc38mzym8","previousOperationId":"4h6w27vqtfy9gho"}
{"type":"log","timestamp":1665002224351,"level":"info","message":"Rendering request 1 finished in 2319 ms","meta":{"rootId":"41s49iw6h1jo3l4","id":"463msymjk18gcnb"},"id":"5l34p4r33rvoldw","previousOperationId":"4h6w27vqtfy9gho"}
{"type":"operationEnd","subtype":"render","operationId":"4bj5ofcyd07kjl8","timestamp":1665002224351,"id":"vqxkvxyivdb9vzn","previousEventId":"tsmqom7cy68740e","previousOperationId":"4h6w27vqtfy9gho"}
{"type":"log","timestamp":1665002224351,"level":"debug","message":"Starting child request to render pdf footer","meta":{"rootId":"41s49iw6h1jo3l4","id":"41s49iw6h1jo3l4"},"id":"rl1k1juicd71kml","previousOperationId":"6558uwgns9mdoyh"}
{"type":"operationStart","subtype":"render","name":"anonymous","previousOperationId":"6558uwgns9mdoyh","timestamp":1665002224351,"id":"ns0jta8qbtey1xo","previousEventId":"22mk3891u3uxrcf","operationId":"ke1zqkv8ha1yygb"}
{"type":"log","timestamp":1665002224351,"level":"info","message":"Starting rendering request 1 (user: null)","meta":{"rootId":"41s49iw6h1jo3l4","id":"5f9q18wngzzva69"},"id":"dxsoftnq3qcq0ja","previousOperationId":"ke1zqkv8ha1yygb"}
{"type":"log","timestamp":1665002224352,"level":"info","message":"Rendering anonymous template { recipe: html, engine: handlebars }","meta":{"rootId":"41s49iw6h1jo3l4","id":"5f9q18wngzzva69"},"id":"uvqyi4w60za993u","previousOperationId":"ke1zqkv8ha1yygb"}
{"type":"log","timestamp":1665002224352,"level":"debug","message":"Inline data specified.","meta":{"rootId":"41s49iw6h1jo3l4","id":"5f9q18wngzzva69"},"id":"npqiri3qpy0jgui","previousOperationId":"ke1zqkv8ha1yygb"}
{"type":"log","timestamp":1665002224374,"level":"debug","message":"Base url not specified, skipping its injection.","meta":{"rootId":"41s49iw6h1jo3l4","id":"5f9q18wngzzva69"},"id":"5naff8hit15busn","previousOperationId":"ke1zqkv8ha1yygb"}
{"type":"operationStart","subtype":"engine","name":"handlebars","timestamp":1665002224375,"id":"zb2imvno2p5blj6","previousEventId":"ns0jta8qbtey1xo","operationId":"ltso315m5jg5km3","previousOperationId":"ke1zqkv8ha1yygb"}
{"type":"log","timestamp":1665002224375,"level":"debug","message":"Rendering engine handlebars","meta":{"rootId":"41s49iw6h1jo3l4","id":"5f9q18wngzzva69"},"id":"hy5ruyy2gjnpma7","previousOperationId":"ltso315m5jg5km3"}
{"type":"operationEnd","operationId":"ltso315m5jg5km3","timestamp":1665002224412,"id":"9uadkxh2h4bzdjs","previousEventId":"zb2imvno2p5blj6","previousOperationId":"ltso315m5jg5km3"}
{"type":"operationStart","subtype":"recipe","name":"html","timestamp":1665002224412,"id":"m2aik2r21az9qlp","previousEventId":"9uadkxh2h4bzdjs","operationId":"mmbo585r94god7s","previousOperationId":"ltso315m5jg5km3"}
{"type":"log","timestamp":1665002224412,"level":"debug","message":"Executing recipe html","meta":{"rootId":"41s49iw6h1jo3l4","id":"5f9q18wngzzva69"},"id":"2c5b86w5r8vhmh8","previousOperationId":"mmbo585r94god7s"}
{"type":"operationEnd","operationId":"mmbo585r94god7s","timestamp":1665002224412,"id":"75yru3h53h526zm","previousEventId":"m2aik2r21az9qlp","previousOperationId":"mmbo585r94god7s"}
{"type":"log","timestamp":1665002224412,"level":"debug","message":"Skipping storing report.","meta":{"rootId":"41s49iw6h1jo3l4","id":"5f9q18wngzzva69"},"id":"w7b60tpzi0vunbs","previousOperationId":"mmbo585r94god7s"}
{"type":"log","timestamp":1665002224412,"level":"info","message":"Rendering request 1 finished in 2380 ms","meta":{"rootId":"41s49iw6h1jo3l4","id":"5f9q18wngzzva69"},"id":"oizbee3to3z0jid","previousOperationId":"mmbo585r94god7s"}
{"type":"operationEnd","subtype":"render","operationId":"ke1zqkv8ha1yygb","timestamp":1665002224412,"id":"h4b1gg6ok5p7l86","previousEventId":"75yru3h53h526zm","previousOperationId":"mmbo585r94god7s"}
{"type":"log","timestamp":1665002226353,"level":"debug","message":"Converting with chrome HeadlessChrome/98.0.4758.0 using chrome-pool strategy","meta":{"rootId":"41s49iw6h1jo3l4","id":"41s49iw6h1jo3l4"},"id":"j2ypt832cstrp3a","previousOperationId":"6558uwgns9mdoyh"}
{"type":"log","timestamp":1665002226693,"level":"debug","message":"Page request: GET (document) file:///var/folders/8m/98z140gs3yzbw6jqmpbh8b8m0000gn/T/jsreport/autocleanup/91fabbd0-1804-4085-a5cb-b60c595afc0f-chrome-pdf.html","meta":{"rootId":"41s49iw6h1jo3l4","id":"41s49iw6h1jo3l4"},"id":"8atu2b9vuxtdfut","previousOperationId":"6558uwgns9mdoyh"}
{"type":"log","timestamp":1665002226712,"level":"debug","message":"Page request finished: GET (document) file:///var/folders/8m/98z140gs3yzbw6jqmpbh8b8m0000gn/T/jsreport/autocleanup/91fabbd0-1804-4085-a5cb-b60c595afc0f-chrome-pdf.html","meta":{"rootId":"41s49iw6h1jo3l4","id":"41s49iw6h1jo3l4"},"id":"dvyfnpfb8b0en4n","previousOperationId":"6558uwgns9mdoyh"}
{"type":"log","timestamp":1665002226721,"level":"debug","message":"Page request: GET (stylesheet) https://fonts.googleapis.com/css2?family=Montserrat:wght@500&family=Open+Sans:wght@300&display=swap","meta":{"rootId":"41s49iw6h1jo3l4","id":"41s49iw6h1jo3l4"},"id":"4gw11x1mtjrsz74","previousOperationId":"6558uwgns9mdoyh"}
{"type":"log","timestamp":1665002227345,"level":"debug","message":"Page request finished: GET (stylesheet) 200 https://fonts.googleapis.com/css2?family=Montserrat:wght@500&family=Open+Sans:wght@300&display=swap","meta":{"rootId":"41s49iw6h1jo3l4","id":"41s49iw6h1jo3l4"},"id":"j8l3bccxwy408we","previousOperationId":"6558uwgns9mdoyh"}
{"type":"log","timestamp":1665002227383,"level":"debug","message":"Page request: GET (font) https://fonts.gstatic.com/s/opensans/v34/memSYaGs126MiZpBA-UvWbX2vVnXBbObj2OVZyOOSr4dVJWUgsiH0B4gaVQUwaEQbjA.woff","meta":{"rootId":"41s49iw6h1jo3l4","id":"41s49iw6h1jo3l4"},"id":"oyr4dg02lzalzs6","previousOperationId":"6558uwgns9mdoyh"}
{"type":"log","timestamp":1665002227393,"level":"debug","message":"Running chrome with params {\"scale\":1,\"displayHeaderFooter\":true,\"headerTemplate\":\"...\",\"footerTemplate\":\"...\",\"printBackground\":true,\"pageRanges\":\"\",\"format\":\"A4\",\"width\":\"\",\"height\":\"\",\"marginTop\":\"470px\",\"marginRight\":\"20px\",\"marginBottom\":\"80px\",\"marginLeft\":\"20px\",\"waitForJS\":false,\"waitForNetworkIddle\":false,\"timeout\":57619,\"waitForNetworkIdle\":false,\"margin\":{\"top\":\"470px\",\"right\":\"20px\",\"bottom\":\"80px\",\"left\":\"20px\"}}","meta":{"rootId":"41s49iw6h1jo3l4","id":"41s49iw6h1jo3l4"},"id":"fxl8qfjsdx165fn","previousOperationId":"6558uwgns9mdoyh"}
{"type":"log","timestamp":1665002227398,"level":"debug","message":"Page request: GET (font) https://fonts.gstatic.com/s/opensans/v34/memSYaGs126MiZpBA-UvWbX2vVnXBbObj2OVZyOOSr4dVJWUgsiH0B4gaVQUwaEQbjA.woff","meta":{"rootId":"41s49iw6h1jo3l4","id":"41s49iw6h1jo3l4"},"id":"z76y2a1v8komxec","previousOperationId":"6558uwgns9mdoyh"}
{"type":"operationEnd","operationId":"6558uwgns9mdoyh","timestamp":1665002227677,"id":"065gk06676c04vg","previousEventId":"22mk3891u3uxrcf","previousOperationId":"6558uwgns9mdoyh"}
{"type":"log","timestamp":1665002227677,"level":"debug","message":"Skipping storing report.","meta":{"rootId":"41s49iw6h1jo3l4","id":"41s49iw6h1jo3l4"},"id":"lq5mzj31d9oygds","previousOperationId":"6558uwgns9mdoyh"}
{"type":"log","timestamp":1665002227677,"level":"info","message":"Rendering request 1 finished in 5645 ms","meta":{"rootId":"41s49iw6h1jo3l4","id":"41s49iw6h1jo3l4"},"id":"7j20a66j9r31qb8","previousOperationId":"6558uwgns9mdoyh"}
{"type":"operationEnd","subtype":"render","operationId":"qwl66wbyzdq4als","timestamp":1665002227677,"id":"msjbyyrbew6n30h","previousEventId":"065gk06676c04vg","previousOperationId":"6558uwgns9mdoyh"}
{"type":"operationEnd","doDiffs":false,"previousEventId":"jv1sj2vxzeu7tym","previousOperationId":"zjpi2vr8dhfg8xq","operationId":"zjpi2vr8dhfg8xq","timestamp":1665002227686,"id":"gikgdbwi8sbbnoa"}
