{"type":"operationStart","subtype":"profile","data":{"_id":"KvGhrRxFiosqNU1R","timestamp":"2022-09-01T09:14:30.068Z","state":"queued","mode":"standard","creationDate":"2022-09-01T09:14:30.072Z","modificationDate":"2022-09-01T09:14:30.072Z","shortid":"29E-aUK","$entitySet":"profiles"},"doDiffs":false,"timestamp":1662023670070,"id":"ctn8ti2bospu3k3","previousOperationId":null,"operationId":"b09om5ax7shcdya"}
{"type":"log","level":"info","message":"Render request 1 queued for execution and waiting for available worker","previousOperationId":"b09om5ax7shcdya","timestamp":1662023670070,"id":"ia734sqfnqo4y5r"}
{"type":"operationStart","subtype":"render","name":"anonymous","previousOperationId":"b09om5ax7shcdya","timestamp":1662023670121,"id":"n9r2k80d2id8as9","previousEventId":"ctn8ti2bospu3k3","operationId":"ucr343a6b7vq7v1"}
{"type":"log","timestamp":1662023670142,"level":"info","message":"Starting rendering request 1 (user: null)","meta":{"rootId":"463mdh2duzvz7ff","id":"463mdh2duzvz7ff"},"id":"kqzvyom8lwjhxm1","previousOperationId":"ucr343a6b7vq7v1"}
{"type":"log","timestamp":1662023670202,"level":"info","message":"Rendering anonymous template { recipe: chrome-pdf, engine: handlebars }","meta":{"rootId":"463mdh2duzvz7ff","id":"463mdh2duzvz7ff"},"id":"eygh7dgidr8nb9a","previousOperationId":"ucr343a6b7vq7v1"}
{"type":"log","timestamp":1662023670202,"level":"debug","message":"Inline data specified.","meta":{"rootId":"463mdh2duzvz7ff","id":"463mdh2duzvz7ff"},"id":"ne2dkv13q7fflxo","previousOperationId":"ucr343a6b7vq7v1"}
{"type":"log","timestamp":1662023670259,"level":"debug","message":"Base url not specified, skipping its injection.","meta":{"rootId":"463mdh2duzvz7ff","id":"463mdh2duzvz7ff"},"id":"0s5gtmqe4jgf81o","previousOperationId":"ucr343a6b7vq7v1"}
{"type":"operationStart","subtype":"engine","name":"handlebars","timestamp":1662023670264,"id":"nen1xbexjnlgk6p","previousEventId":"n9r2k80d2id8as9","operationId":"a3j688thlwhi0qr","previousOperationId":"ucr343a6b7vq7v1"}
{"type":"log","timestamp":1662023670264,"level":"debug","message":"Rendering engine handlebars","meta":{"rootId":"463mdh2duzvz7ff","id":"463mdh2duzvz7ff"},"id":"91spn2u5f52qkm8","previousOperationId":"a3j688thlwhi0qr"}
{"type":"operationEnd","operationId":"a3j688thlwhi0qr","timestamp":1662023672987,"id":"jxntl1v35c0tj8b","previousEventId":"nen1xbexjnlgk6p","previousOperationId":"a3j688thlwhi0qr"}
{"type":"operationStart","subtype":"recipe","name":"chrome-pdf","timestamp":1662023672988,"id":"zorvruvepcx5ovs","previousEventId":"jxntl1v35c0tj8b","operationId":"u9f3dyclniij6a5","previousOperationId":"a3j688thlwhi0qr"}
{"type":"log","timestamp":1662023672988,"level":"debug","message":"Executing recipe chrome-pdf","meta":{"rootId":"463mdh2duzvz7ff","id":"463mdh2duzvz7ff"},"id":"5rrnu97iijfivzg","previousOperationId":"u9f3dyclniij6a5"}
{"type":"log","timestamp":1662023673559,"level":"debug","message":"Starting child request to render pdf header","meta":{"rootId":"463mdh2duzvz7ff","id":"463mdh2duzvz7ff"},"id":"gjmwtbbh6siho7l","previousOperationId":"u9f3dyclniij6a5"}
{"type":"operationStart","subtype":"render","name":"anonymous","previousOperationId":"u9f3dyclniij6a5","timestamp":1662023673560,"id":"mcc5kh9p8lnkeuc","previousEventId":"zorvruvepcx5ovs","operationId":"6ilsais8jjyfqpa"}
{"type":"log","timestamp":1662023673560,"level":"info","message":"Starting rendering request 1 (user: null)","meta":{"rootId":"463mdh2duzvz7ff","id":"34ujbnfxdn6i3l2"},"id":"v2hd5wd4oc8h2lz","previousOperationId":"6ilsais8jjyfqpa"}
{"type":"log","timestamp":1662023673560,"level":"info","message":"Rendering anonymous template { recipe: html, engine: handlebars }","meta":{"rootId":"463mdh2duzvz7ff","id":"34ujbnfxdn6i3l2"},"id":"pmzk69twtbzk4sp","previousOperationId":"6ilsais8jjyfqpa"}
{"type":"log","timestamp":1662023673560,"level":"debug","message":"Inline data specified.","meta":{"rootId":"463mdh2duzvz7ff","id":"34ujbnfxdn6i3l2"},"id":"mfpw7am1kmfejdt","previousOperationId":"6ilsais8jjyfqpa"}
{"type":"log","timestamp":1662023673568,"level":"debug","message":"Base url not specified, skipping its injection.","meta":{"rootId":"463mdh2duzvz7ff","id":"34ujbnfxdn6i3l2"},"id":"3hoewlhfpqp6aae","previousOperationId":"6ilsais8jjyfqpa"}
{"type":"log","timestamp":1662023673582,"level":"debug","message":"Replaced assets [\"./src/reporting/assets/logo.png\"]","meta":{"rootId":"463mdh2duzvz7ff","id":"34ujbnfxdn6i3l2"},"id":"biin8g5x5q4swcq","previousOperationId":"6ilsais8jjyfqpa"}
{"type":"operationStart","subtype":"engine","name":"handlebars","timestamp":1662023673582,"id":"ithw9yk69706rag","previousEventId":"mcc5kh9p8lnkeuc","operationId":"rdn9pdqn5j8l7ov","previousOperationId":"6ilsais8jjyfqpa"}
{"type":"log","timestamp":1662023673582,"level":"debug","message":"Rendering engine handlebars","meta":{"rootId":"463mdh2duzvz7ff","id":"34ujbnfxdn6i3l2"},"id":"kunvbay0s03kkw9","previousOperationId":"rdn9pdqn5j8l7ov"}
{"type":"operationEnd","operationId":"rdn9pdqn5j8l7ov","timestamp":1662023673617,"id":"3f6df40rtqppr4j","previousEventId":"ithw9yk69706rag","previousOperationId":"rdn9pdqn5j8l7ov"}
{"type":"operationStart","subtype":"recipe","name":"html","timestamp":1662023673618,"id":"lu6mg4hwzi3nxjj","previousEventId":"3f6df40rtqppr4j","operationId":"26arokyktzh3kd7","previousOperationId":"rdn9pdqn5j8l7ov"}
{"type":"log","timestamp":1662023673618,"level":"debug","message":"Executing recipe html","meta":{"rootId":"463mdh2duzvz7ff","id":"34ujbnfxdn6i3l2"},"id":"al1l5uleuszg5j2","previousOperationId":"26arokyktzh3kd7"}
{"type":"operationEnd","operationId":"26arokyktzh3kd7","timestamp":1662023673618,"id":"uajlj94xvu1q3gv","previousEventId":"lu6mg4hwzi3nxjj","previousOperationId":"26arokyktzh3kd7"}
{"type":"log","timestamp":1662023673621,"level":"debug","message":"Skipping storing report.","meta":{"rootId":"463mdh2duzvz7ff","id":"34ujbnfxdn6i3l2"},"id":"gpq7vkhmuaa7iln","previousOperationId":"26arokyktzh3kd7"}
{"type":"log","timestamp":1662023673622,"level":"info","message":"Rendering request 1 finished in 3556 ms","meta":{"rootId":"463mdh2duzvz7ff","id":"34ujbnfxdn6i3l2"},"id":"r2t1fpjt2mmqczg","previousOperationId":"26arokyktzh3kd7"}
{"type":"operationEnd","subtype":"render","operationId":"6ilsais8jjyfqpa","timestamp":1662023673622,"id":"9uet0bj6vrerwti","previousEventId":"uajlj94xvu1q3gv","previousOperationId":"26arokyktzh3kd7"}
{"type":"log","timestamp":1662023673622,"level":"debug","message":"Starting child request to render pdf footer","meta":{"rootId":"463mdh2duzvz7ff","id":"463mdh2duzvz7ff"},"id":"hdvg0e40za925zm","previousOperationId":"u9f3dyclniij6a5"}
{"type":"operationStart","subtype":"render","name":"anonymous","previousOperationId":"u9f3dyclniij6a5","timestamp":1662023673622,"id":"2aiyssonbv31awp","previousEventId":"zorvruvepcx5ovs","operationId":"065c0s4zdst54xu"}
{"type":"log","timestamp":1662023673623,"level":"info","message":"Starting rendering request 1 (user: null)","meta":{"rootId":"463mdh2duzvz7ff","id":"meseexjl4y8dgm5"},"id":"2ic7q3bt849jmei","previousOperationId":"065c0s4zdst54xu"}
{"type":"log","timestamp":1662023673628,"level":"info","message":"Rendering anonymous template { recipe: html, engine: handlebars }","meta":{"rootId":"463mdh2duzvz7ff","id":"meseexjl4y8dgm5"},"id":"gp0eqezfdd3npw1","previousOperationId":"065c0s4zdst54xu"}
{"type":"log","timestamp":1662023673628,"level":"debug","message":"Inline data specified.","meta":{"rootId":"463mdh2duzvz7ff","id":"meseexjl4y8dgm5"},"id":"5n4l19jva9gpl4q","previousOperationId":"065c0s4zdst54xu"}
{"type":"log","timestamp":1662023673632,"level":"debug","message":"Base url not specified, skipping its injection.","meta":{"rootId":"463mdh2duzvz7ff","id":"meseexjl4y8dgm5"},"id":"drkfbmlt5tdq9y3","previousOperationId":"065c0s4zdst54xu"}
{"type":"operationStart","subtype":"engine","name":"handlebars","timestamp":1662023673632,"id":"s8l0jcxwv1bcz8y","previousEventId":"2aiyssonbv31awp","operationId":"7l5zm350vpg0qfx","previousOperationId":"065c0s4zdst54xu"}
{"type":"log","timestamp":1662023673632,"level":"debug","message":"Rendering engine handlebars","meta":{"rootId":"463mdh2duzvz7ff","id":"meseexjl4y8dgm5"},"id":"dsnxiluzyr3rsja","previousOperationId":"7l5zm350vpg0qfx"}
{"type":"operationEnd","operationId":"7l5zm350vpg0qfx","timestamp":1662023673665,"id":"6kyf39v5rik0btr","previousEventId":"s8l0jcxwv1bcz8y","previousOperationId":"7l5zm350vpg0qfx"}
{"type":"operationStart","subtype":"recipe","name":"html","timestamp":1662023673665,"id":"v7q540bclj74cs4","previousEventId":"6kyf39v5rik0btr","operationId":"6zsbzuah1q6l2q5","previousOperationId":"7l5zm350vpg0qfx"}
{"type":"log","timestamp":1662023673665,"level":"debug","message":"Executing recipe html","meta":{"rootId":"463mdh2duzvz7ff","id":"meseexjl4y8dgm5"},"id":"ole1i0tzl3qxogu","previousOperationId":"6zsbzuah1q6l2q5"}
{"type":"operationEnd","operationId":"6zsbzuah1q6l2q5","timestamp":1662023673665,"id":"5qtucf2x2w4edk4","previousEventId":"v7q540bclj74cs4","previousOperationId":"6zsbzuah1q6l2q5"}
{"type":"log","timestamp":1662023673669,"level":"debug","message":"Skipping storing report.","meta":{"rootId":"463mdh2duzvz7ff","id":"meseexjl4y8dgm5"},"id":"3iq0gmv4ai5xahc","previousOperationId":"6zsbzuah1q6l2q5"}
{"type":"log","timestamp":1662023673672,"level":"info","message":"Rendering request 1 finished in 3606 ms","meta":{"rootId":"463mdh2duzvz7ff","id":"meseexjl4y8dgm5"},"id":"amuzsa5cyj388au","previousOperationId":"6zsbzuah1q6l2q5"}
{"type":"operationEnd","subtype":"render","operationId":"065c0s4zdst54xu","timestamp":1662023673672,"id":"9ymnkabtcq73hl9","previousEventId":"5qtucf2x2w4edk4","previousOperationId":"6zsbzuah1q6l2q5"}
{"type":"log","timestamp":1662023675650,"level":"debug","message":"Converting with chrome HeadlessChrome/98.0.4758.0 using chrome-pool strategy","meta":{"rootId":"463mdh2duzvz7ff","id":"463mdh2duzvz7ff"},"id":"ftlpx3o05u5draf","previousOperationId":"u9f3dyclniij6a5"}
{"type":"log","timestamp":1662023677325,"level":"debug","message":"Page request: GET (document) file:///var/folders/8m/98z140gs3yzbw6jqmpbh8b8m0000gn/T/jsreport/autocleanup/71932c4a-e2e4-4aa6-be79-3a125c01a96f-chrome-pdf.html","meta":{"rootId":"463mdh2duzvz7ff","id":"463mdh2duzvz7ff"},"id":"e00b21d9z0en43j","previousOperationId":"u9f3dyclniij6a5"}
{"type":"log","timestamp":1662023677370,"level":"debug","message":"Page request finished: GET (document) file:///var/folders/8m/98z140gs3yzbw6jqmpbh8b8m0000gn/T/jsreport/autocleanup/71932c4a-e2e4-4aa6-be79-3a125c01a96f-chrome-pdf.html","meta":{"rootId":"463mdh2duzvz7ff","id":"463mdh2duzvz7ff"},"id":"8mm65y12ozjl7g5","previousOperationId":"u9f3dyclniij6a5"}
{"type":"log","timestamp":1662023677385,"level":"debug","message":"Page request: GET (stylesheet) https://fonts.googleapis.com/css2?family=Montserrat:wght@500&family=Open+Sans:wght@300&display=swap","meta":{"rootId":"463mdh2duzvz7ff","id":"463mdh2duzvz7ff"},"id":"9x9v5nl5wzr2tra","previousOperationId":"u9f3dyclniij6a5"}
{"type":"log","timestamp":1662023677870,"level":"debug","message":"Page request finished: GET (stylesheet) 200 https://fonts.googleapis.com/css2?family=Montserrat:wght@500&family=Open+Sans:wght@300&display=swap","meta":{"rootId":"463mdh2duzvz7ff","id":"463mdh2duzvz7ff"},"id":"oo86pcg93zhpt2j","previousOperationId":"u9f3dyclniij6a5"}
{"type":"log","timestamp":1662023677978,"level":"debug","message":"Page request: GET (font) https://fonts.gstatic.com/s/opensans/v34/memSYaGs126MiZpBA-UvWbX2vVnXBbObj2OVZyOOSr4dVJWUgsiH0B4gaVQUwaEQbjA.woff","meta":{"rootId":"463mdh2duzvz7ff","id":"463mdh2duzvz7ff"},"id":"8r6qdbf3x41ere8","previousOperationId":"u9f3dyclniij6a5"}
{"type":"log","timestamp":1662023678003,"level":"debug","message":"Running chrome with params {\"scale\":1,\"displayHeaderFooter\":true,\"headerTemplate\":\"...\",\"footerTemplate\":\"...\",\"printBackground\":true,\"pageRanges\":\"\",\"format\":\"A4\",\"width\":\"\",\"height\":\"\",\"marginTop\":\"350px\",\"marginRight\":\"20px\",\"marginBottom\":\"80px\",\"marginLeft\":\"20px\",\"waitForJS\":false,\"waitForNetworkIddle\":false,\"timeout\":56393,\"waitForNetworkIdle\":false,\"margin\":{\"top\":\"350px\",\"right\":\"20px\",\"bottom\":\"80px\",\"left\":\"20px\"}}","meta":{"rootId":"463mdh2duzvz7ff","id":"463mdh2duzvz7ff"},"id":"78k7mkmi6sosi55","previousOperationId":"u9f3dyclniij6a5"}
{"type":"log","timestamp":1662023678023,"level":"debug","message":"Page request: GET (font) https://fonts.gstatic.com/s/opensans/v34/memSYaGs126MiZpBA-UvWbX2vVnXBbObj2OVZyOOSr4dVJWUgsiH0B4gaVQUwaEQbjA.woff","meta":{"rootId":"463mdh2duzvz7ff","id":"463mdh2duzvz7ff"},"id":"cl3jzzks9oy844s","previousOperationId":"u9f3dyclniij6a5"}
{"type":"operationEnd","operationId":"u9f3dyclniij6a5","timestamp":1662023678724,"id":"f32xejia54o7hjm","previousEventId":"zorvruvepcx5ovs","previousOperationId":"u9f3dyclniij6a5"}
{"type":"log","timestamp":1662023678724,"level":"debug","message":"Skipping storing report.","meta":{"rootId":"463mdh2duzvz7ff","id":"463mdh2duzvz7ff"},"id":"01n5qcwvhwtu615","previousOperationId":"u9f3dyclniij6a5"}
{"type":"log","timestamp":1662023678724,"level":"info","message":"Rendering request 1 finished in 8658 ms","meta":{"rootId":"463mdh2duzvz7ff","id":"463mdh2duzvz7ff"},"id":"iiz4wp99oarbjf3","previousOperationId":"u9f3dyclniij6a5"}
{"type":"operationEnd","subtype":"render","operationId":"ucr343a6b7vq7v1","timestamp":1662023678725,"id":"zisf868s2er7lal","previousEventId":"f32xejia54o7hjm","previousOperationId":"u9f3dyclniij6a5"}
{"type":"operationEnd","doDiffs":false,"previousEventId":"ctn8ti2bospu3k3","previousOperationId":"b09om5ax7shcdya","operationId":"b09om5ax7shcdya","timestamp":1662023678732,"id":"ezj6qdamezliue5"}
