{"type":"operationStart","subtype":"profile","data":{"_id":"nlpys3HOs41N5Tlh","timestamp":"2022-10-05T17:46:55.254Z","state":"queued","mode":"standard","creationDate":"2022-10-05T17:46:55.257Z","modificationDate":"2022-10-05T17:46:55.257Z","shortid":"LzrMPGG","$entitySet":"profiles"},"doDiffs":false,"timestamp":1664992015256,"id":"yafqzrjtag9aib7","previousOperationId":null,"operationId":"mnqmxpdrpvxb7qj"}
{"type":"log","level":"info","message":"Render request 1 queued for execution and waiting for available worker","previousOperationId":"mnqmxpdrpvxb7qj","timestamp":1664992015256,"id":"9qz3cv9x5l3ehxr"}
{"type":"operationStart","subtype":"render","name":"anonymous","previousOperationId":"mnqmxpdrpvxb7qj","timestamp":1664992015301,"id":"qi8cec3medb3n4f","previousEventId":"yafqzrjtag9aib7","operationId":"bs4895bj668ozf9"}
{"type":"log","timestamp":1664992015303,"level":"info","message":"Starting rendering request 1 (user: null)","meta":{"rootId":"4dmtc2xoem822q9","id":"4dmtc2xoem822q9"},"id":"p01rq6kswrzn32a","previousOperationId":"bs4895bj668ozf9"}
{"type":"log","timestamp":1664992015306,"level":"info","message":"Rendering anonymous template { recipe: chrome-pdf, engine: handlebars }","meta":{"rootId":"4dmtc2xoem822q9","id":"4dmtc2xoem822q9"},"id":"sc1sr2tx51fv8zc","previousOperationId":"bs4895bj668ozf9"}
{"type":"log","timestamp":1664992015306,"level":"debug","message":"Inline data specified.","meta":{"rootId":"4dmtc2xoem822q9","id":"4dmtc2xoem822q9"},"id":"8uv2rb50ooqsgah","previousOperationId":"bs4895bj668ozf9"}
{"type":"log","timestamp":1664992015323,"level":"debug","message":"Base url not specified, skipping its injection.","meta":{"rootId":"4dmtc2xoem822q9","id":"4dmtc2xoem822q9"},"id":"fenucajg62rpij6","previousOperationId":"bs4895bj668ozf9"}
{"type":"operationStart","subtype":"engine","name":"handlebars","timestamp":1664992015325,"id":"r8kccyrzcwk6cxv","previousEventId":"qi8cec3medb3n4f","operationId":"qxv1f56e1q4xfix","previousOperationId":"bs4895bj668ozf9"}
{"type":"log","timestamp":1664992015325,"level":"debug","message":"Rendering engine handlebars","meta":{"rootId":"4dmtc2xoem822q9","id":"4dmtc2xoem822q9"},"id":"ek3h4z4ijw4dp8g","previousOperationId":"qxv1f56e1q4xfix"}
{"type":"operationEnd","operationId":"qxv1f56e1q4xfix","timestamp":1664992016812,"id":"6r1v4odb144dhez","previousEventId":"r8kccyrzcwk6cxv","previousOperationId":"qxv1f56e1q4xfix"}
{"type":"operationStart","subtype":"recipe","name":"chrome-pdf","timestamp":1664992016813,"id":"cd99ptekn6iida2","previousEventId":"6r1v4odb144dhez","operationId":"4awo7gj0krvbtun","previousOperationId":"qxv1f56e1q4xfix"}
{"type":"log","timestamp":1664992016813,"level":"debug","message":"Executing recipe chrome-pdf","meta":{"rootId":"4dmtc2xoem822q9","id":"4dmtc2xoem822q9"},"id":"vgseqfwhuu7layc","previousOperationId":"4awo7gj0krvbtun"}
{"type":"log","timestamp":1664992016999,"level":"debug","message":"Starting child request to render pdf header","meta":{"rootId":"4dmtc2xoem822q9","id":"4dmtc2xoem822q9"},"id":"zk4gip1vystt982","previousOperationId":"4awo7gj0krvbtun"}
{"type":"operationStart","subtype":"render","name":"anonymous","previousOperationId":"4awo7gj0krvbtun","timestamp":1664992017000,"id":"ms248fu6dcawwkh","previousEventId":"cd99ptekn6iida2","operationId":"tm83b2oknotyg57"}
{"type":"log","timestamp":1664992017001,"level":"info","message":"Starting rendering request 1 (user: null)","meta":{"rootId":"4dmtc2xoem822q9","id":"aikfrht8q28r5te"},"id":"bmwktegx39jmxb9","previousOperationId":"tm83b2oknotyg57"}
{"type":"log","timestamp":1664992017001,"level":"info","message":"Rendering anonymous template { recipe: html, engine: handlebars }","meta":{"rootId":"4dmtc2xoem822q9","id":"aikfrht8q28r5te"},"id":"w4phhhrti5b33fb","previousOperationId":"tm83b2oknotyg57"}
{"type":"log","timestamp":1664992017001,"level":"debug","message":"Inline data specified.","meta":{"rootId":"4dmtc2xoem822q9","id":"aikfrht8q28r5te"},"id":"w5hod005tl1mvru","previousOperationId":"tm83b2oknotyg57"}
{"type":"log","timestamp":1664992017006,"level":"debug","message":"Base url not specified, skipping its injection.","meta":{"rootId":"4dmtc2xoem822q9","id":"aikfrht8q28r5te"},"id":"t8yiqnbt6qetxvn","previousOperationId":"tm83b2oknotyg57"}
{"type":"log","timestamp":1664992017034,"level":"debug","message":"Replaced assets [\"./src/reporting/assets/logo.png\"]","meta":{"rootId":"4dmtc2xoem822q9","id":"aikfrht8q28r5te"},"id":"30aamc35ifw9ovu","previousOperationId":"tm83b2oknotyg57"}
{"type":"operationStart","subtype":"engine","name":"handlebars","timestamp":1664992017035,"id":"d89kzfwittgfei1","previousEventId":"ms248fu6dcawwkh","operationId":"95aw3knlpi0rbaa","previousOperationId":"tm83b2oknotyg57"}
{"type":"log","timestamp":1664992017035,"level":"debug","message":"Rendering engine handlebars","meta":{"rootId":"4dmtc2xoem822q9","id":"aikfrht8q28r5te"},"id":"m9czceqhx13vxi6","previousOperationId":"95aw3knlpi0rbaa"}
{"type":"operationEnd","operationId":"95aw3knlpi0rbaa","timestamp":1664992017165,"id":"sdk9is7801hdy7b","previousEventId":"d89kzfwittgfei1","previousOperationId":"95aw3knlpi0rbaa"}
{"type":"operationStart","subtype":"recipe","name":"html","timestamp":1664992017165,"id":"4pzu0anfuvwaeza","previousEventId":"sdk9is7801hdy7b","operationId":"8dww0xffnypebbm","previousOperationId":"95aw3knlpi0rbaa"}
{"type":"log","timestamp":1664992017165,"level":"debug","message":"Executing recipe html","meta":{"rootId":"4dmtc2xoem822q9","id":"aikfrht8q28r5te"},"id":"8fpi3a3enlaxe4f","previousOperationId":"8dww0xffnypebbm"}
{"type":"operationEnd","operationId":"8dww0xffnypebbm","timestamp":1664992017165,"id":"9oknmlqyzw1avfb","previousEventId":"4pzu0anfuvwaeza","previousOperationId":"8dww0xffnypebbm"}
{"type":"log","timestamp":1664992017167,"level":"debug","message":"Skipping storing report.","meta":{"rootId":"4dmtc2xoem822q9","id":"aikfrht8q28r5te"},"id":"vpcodyhxm3mhdyt","previousOperationId":"8dww0xffnypebbm"}
{"type":"log","timestamp":1664992017167,"level":"info","message":"Rendering request 1 finished in 1915 ms","meta":{"rootId":"4dmtc2xoem822q9","id":"aikfrht8q28r5te"},"id":"bsx4jo67jj1ct9e","previousOperationId":"8dww0xffnypebbm"}
{"type":"operationEnd","subtype":"render","operationId":"tm83b2oknotyg57","timestamp":1664992017167,"id":"udz9tbagjs40q70","previousEventId":"9oknmlqyzw1avfb","previousOperationId":"8dww0xffnypebbm"}
{"type":"log","timestamp":1664992017168,"level":"debug","message":"Starting child request to render pdf footer","meta":{"rootId":"4dmtc2xoem822q9","id":"4dmtc2xoem822q9"},"id":"uedm3mh6ttl0x6q","previousOperationId":"4awo7gj0krvbtun"}
{"type":"operationStart","subtype":"render","name":"anonymous","previousOperationId":"4awo7gj0krvbtun","timestamp":1664992017168,"id":"39l1vrrihjg4kj5","previousEventId":"cd99ptekn6iida2","operationId":"y6resr6rweartbu"}
{"type":"log","timestamp":1664992017169,"level":"info","message":"Starting rendering request 1 (user: null)","meta":{"rootId":"4dmtc2xoem822q9","id":"4k6k8iwaecxpnwl"},"id":"g01twr7gua6hphq","previousOperationId":"y6resr6rweartbu"}
{"type":"log","timestamp":1664992017169,"level":"info","message":"Rendering anonymous template { recipe: html, engine: handlebars }","meta":{"rootId":"4dmtc2xoem822q9","id":"4k6k8iwaecxpnwl"},"id":"rnu1e8mn3mdhi7g","previousOperationId":"y6resr6rweartbu"}
{"type":"log","timestamp":1664992017169,"level":"debug","message":"Inline data specified.","meta":{"rootId":"4dmtc2xoem822q9","id":"4k6k8iwaecxpnwl"},"id":"f89oml7cno3g31w","previousOperationId":"y6resr6rweartbu"}
{"type":"log","timestamp":1664992017173,"level":"debug","message":"Base url not specified, skipping its injection.","meta":{"rootId":"4dmtc2xoem822q9","id":"4k6k8iwaecxpnwl"},"id":"5pbc0hlkaz6xxsd","previousOperationId":"y6resr6rweartbu"}
{"type":"operationStart","subtype":"engine","name":"handlebars","timestamp":1664992017174,"id":"aauvp7ztz7pbam6","previousEventId":"39l1vrrihjg4kj5","operationId":"8n4k0xf0yrtbydb","previousOperationId":"y6resr6rweartbu"}
{"type":"log","timestamp":1664992017174,"level":"debug","message":"Rendering engine handlebars","meta":{"rootId":"4dmtc2xoem822q9","id":"4k6k8iwaecxpnwl"},"id":"exihy6urcxwsjsh","previousOperationId":"8n4k0xf0yrtbydb"}
{"type":"operationEnd","operationId":"8n4k0xf0yrtbydb","timestamp":1664992017302,"id":"8te3n62mmt61mzn","previousEventId":"aauvp7ztz7pbam6","previousOperationId":"8n4k0xf0yrtbydb"}
{"type":"operationStart","subtype":"recipe","name":"html","timestamp":1664992017302,"id":"g50svbk2bij31jh","previousEventId":"8te3n62mmt61mzn","operationId":"bbi32bsfkxe71ho","previousOperationId":"8n4k0xf0yrtbydb"}
{"type":"log","timestamp":1664992017302,"level":"debug","message":"Executing recipe html","meta":{"rootId":"4dmtc2xoem822q9","id":"4k6k8iwaecxpnwl"},"id":"029jvs6atgjj4ng","previousOperationId":"bbi32bsfkxe71ho"}
{"type":"operationEnd","operationId":"bbi32bsfkxe71ho","timestamp":1664992017302,"id":"qbvcpbt75ezu1nl","previousEventId":"g50svbk2bij31jh","previousOperationId":"bbi32bsfkxe71ho"}
{"type":"log","timestamp":1664992017302,"level":"debug","message":"Skipping storing report.","meta":{"rootId":"4dmtc2xoem822q9","id":"4k6k8iwaecxpnwl"},"id":"is1ez6vb45oxpq2","previousOperationId":"bbi32bsfkxe71ho"}
{"type":"log","timestamp":1664992017303,"level":"info","message":"Rendering request 1 finished in 2051 ms","meta":{"rootId":"4dmtc2xoem822q9","id":"4k6k8iwaecxpnwl"},"id":"xv28ydo4yrpsxko","previousOperationId":"bbi32bsfkxe71ho"}
{"type":"operationEnd","subtype":"render","operationId":"y6resr6rweartbu","timestamp":1664992017303,"id":"ymbputb6eo72fhq","previousEventId":"qbvcpbt75ezu1nl","previousOperationId":"bbi32bsfkxe71ho"}
{"type":"log","timestamp":1664992019701,"level":"debug","message":"Converting with chrome HeadlessChrome/98.0.4758.0 using chrome-pool strategy","meta":{"rootId":"4dmtc2xoem822q9","id":"4dmtc2xoem822q9"},"id":"l45b71m0gew1ho1","previousOperationId":"4awo7gj0krvbtun"}
{"type":"log","timestamp":1664992020088,"level":"debug","message":"Page request: GET (document) file:///var/folders/8m/98z140gs3yzbw6jqmpbh8b8m0000gn/T/jsreport/autocleanup/3468036e-ce1b-4f73-92ba-97059ce30a42-chrome-pdf.html","meta":{"rootId":"4dmtc2xoem822q9","id":"4dmtc2xoem822q9"},"id":"kub9an8dtnnm8vc","previousOperationId":"4awo7gj0krvbtun"}
{"type":"log","timestamp":1664992020148,"level":"debug","message":"Page request finished: GET (document) file:///var/folders/8m/98z140gs3yzbw6jqmpbh8b8m0000gn/T/jsreport/autocleanup/3468036e-ce1b-4f73-92ba-97059ce30a42-chrome-pdf.html","meta":{"rootId":"4dmtc2xoem822q9","id":"4dmtc2xoem822q9"},"id":"xpn31xie4hqqpsy","previousOperationId":"4awo7gj0krvbtun"}
{"type":"log","timestamp":1664992020158,"level":"debug","message":"Page request: GET (stylesheet) https://fonts.googleapis.com/css2?family=Montserrat:wght@500&family=Open+Sans:wght@300&display=swap","meta":{"rootId":"4dmtc2xoem822q9","id":"4dmtc2xoem822q9"},"id":"0em4ydexhu1mbrq","previousOperationId":"4awo7gj0krvbtun"}
{"type":"log","timestamp":1664992020518,"level":"debug","message":"Page request finished: GET (stylesheet) 200 https://fonts.googleapis.com/css2?family=Montserrat:wght@500&family=Open+Sans:wght@300&display=swap","meta":{"rootId":"4dmtc2xoem822q9","id":"4dmtc2xoem822q9"},"id":"5iw87er0tfetkq6","previousOperationId":"4awo7gj0krvbtun"}
{"type":"log","timestamp":1664992020563,"level":"debug","message":"Page request: GET (font) https://fonts.gstatic.com/s/opensans/v34/memSYaGs126MiZpBA-UvWbX2vVnXBbObj2OVZyOOSr4dVJWUgsiH0B4gaVQUwaEQbjA.woff","meta":{"rootId":"4dmtc2xoem822q9","id":"4dmtc2xoem822q9"},"id":"0cupj7d446c8z4c","previousOperationId":"4awo7gj0krvbtun"}
{"type":"log","timestamp":1664992020583,"level":"debug","message":"Running chrome with params {\"scale\":1,\"displayHeaderFooter\":true,\"headerTemplate\":\"...\",\"footerTemplate\":\"...\",\"printBackground\":true,\"pageRanges\":\"\",\"format\":\"A4\",\"width\":\"\",\"height\":\"\",\"marginTop\":\"470px\",\"marginRight\":\"20px\",\"marginBottom\":\"80px\",\"marginLeft\":\"20px\",\"waitForJS\":false,\"waitForNetworkIddle\":false,\"timeout\":57949,\"waitForNetworkIdle\":false,\"margin\":{\"top\":\"470px\",\"right\":\"20px\",\"bottom\":\"80px\",\"left\":\"20px\"}}","meta":{"rootId":"4dmtc2xoem822q9","id":"4dmtc2xoem822q9"},"id":"jadj5jv2z5yxwsy","previousOperationId":"4awo7gj0krvbtun"}
{"type":"log","timestamp":1664992020590,"level":"debug","message":"Page request: GET (font) https://fonts.gstatic.com/s/opensans/v34/memSYaGs126MiZpBA-UvWbX2vVnXBbObj2OVZyOOSr4dVJWUgsiH0B4gaVQUwaEQbjA.woff","meta":{"rootId":"4dmtc2xoem822q9","id":"4dmtc2xoem822q9"},"id":"fkfdt7zaj80yp9f","previousOperationId":"4awo7gj0krvbtun"}
{"type":"operationEnd","operationId":"4awo7gj0krvbtun","timestamp":1664992020881,"id":"ih6kehiniiwtye5","previousEventId":"cd99ptekn6iida2","previousOperationId":"4awo7gj0krvbtun"}
{"type":"log","timestamp":1664992020882,"level":"debug","message":"Skipping storing report.","meta":{"rootId":"4dmtc2xoem822q9","id":"4dmtc2xoem822q9"},"id":"cpb85eesjbhitsj","previousOperationId":"4awo7gj0krvbtun"}
{"type":"log","timestamp":1664992020882,"level":"info","message":"Rendering request 1 finished in 5630 ms","meta":{"rootId":"4dmtc2xoem822q9","id":"4dmtc2xoem822q9"},"id":"fcc6nq1bedcix6z","previousOperationId":"4awo7gj0krvbtun"}
{"type":"operationEnd","subtype":"render","operationId":"bs4895bj668ozf9","timestamp":1664992020882,"id":"1a2rm1dtjhoev21","previousEventId":"ih6kehiniiwtye5","previousOperationId":"4awo7gj0krvbtun"}
{"type":"operationEnd","doDiffs":false,"previousEventId":"yafqzrjtag9aib7","previousOperationId":"mnqmxpdrpvxb7qj","operationId":"mnqmxpdrpvxb7qj","timestamp":1664992020898,"id":"5w91s4u70f4xrya"}
