{"type":"operationStart","subtype":"profile","data":{"_id":"AGpx75W3V0MOGm9Z","timestamp":"2022-08-28T12:26:38.008Z","state":"queued","mode":"standard","creationDate":"2022-08-28T12:26:38.013Z","modificationDate":"2022-08-28T12:26:38.013Z","shortid":"RBUAIbm","$entitySet":"profiles"},"doDiffs":false,"timestamp":1661689598011,"id":"5fsdnffwfvs8fi9","previousOperationId":null,"operationId":"xqmbj8hx46c4anx"}
{"type":"log","level":"info","message":"Render request 1 queued for execution and waiting for available worker","previousOperationId":"xqmbj8hx46c4anx","timestamp":1661689598011,"id":"xmitwli3b2vwi3i"}
{"type":"operationStart","subtype":"render","name":"anonymous","previousOperationId":"xqmbj8hx46c4anx","timestamp":1661689598040,"id":"u40je2a41g8vj8y","previousEventId":"5fsdnffwfvs8fi9","operationId":"f6242eyygvx0vwx"}
{"type":"log","timestamp":1661689598042,"level":"info","message":"Starting rendering request 1 (user: null)","meta":{"rootId":"4gip6wqhjqgxy9i","id":"4gip6wqhjqgxy9i"},"id":"oxl9xmlzh2ilajj","previousOperationId":"f6242eyygvx0vwx"}
{"type":"log","timestamp":1661689598045,"level":"info","message":"Rendering anonymous template { recipe: chrome-pdf, engine: handlebars }","meta":{"rootId":"4gip6wqhjqgxy9i","id":"4gip6wqhjqgxy9i"},"id":"bxv2jvac78zpogw","previousOperationId":"f6242eyygvx0vwx"}
{"type":"log","timestamp":1661689598045,"level":"debug","message":"Inline data specified.","meta":{"rootId":"4gip6wqhjqgxy9i","id":"4gip6wqhjqgxy9i"},"id":"la36v8d2qgigjp5","previousOperationId":"f6242eyygvx0vwx"}
{"type":"log","timestamp":1661689598055,"level":"debug","message":"Base url not specified, skipping its injection.","meta":{"rootId":"4gip6wqhjqgxy9i","id":"4gip6wqhjqgxy9i"},"id":"woj7uiqw2faezr4","previousOperationId":"f6242eyygvx0vwx"}
{"type":"operationStart","subtype":"engine","name":"handlebars","timestamp":1661689598058,"id":"28xsg965jw9ojtf","previousEventId":"u40je2a41g8vj8y","operationId":"nr0g258xt3eai6t","previousOperationId":"f6242eyygvx0vwx"}
{"type":"log","timestamp":1661689598058,"level":"debug","message":"Rendering engine handlebars","meta":{"rootId":"4gip6wqhjqgxy9i","id":"4gip6wqhjqgxy9i"},"id":"6r8gyw51uouwucg","previousOperationId":"nr0g258xt3eai6t"}
{"type":"operationEnd","operationId":"nr0g258xt3eai6t","timestamp":1661689599281,"id":"v2ks52eqyl3vlrd","previousEventId":"28xsg965jw9ojtf","previousOperationId":"nr0g258xt3eai6t"}
{"type":"operationStart","subtype":"recipe","name":"chrome-pdf","timestamp":1661689599282,"id":"j0fvz3zvx0lrtom","previousEventId":"v2ks52eqyl3vlrd","operationId":"s8sqy11m8evkbqj","previousOperationId":"nr0g258xt3eai6t"}
{"type":"log","timestamp":1661689599282,"level":"debug","message":"Executing recipe chrome-pdf","meta":{"rootId":"4gip6wqhjqgxy9i","id":"4gip6wqhjqgxy9i"},"id":"b4poh3g96qtbegf","previousOperationId":"s8sqy11m8evkbqj"}
{"type":"log","timestamp":1661689599434,"level":"debug","message":"Starting child request to render pdf header","meta":{"rootId":"4gip6wqhjqgxy9i","id":"4gip6wqhjqgxy9i"},"id":"s8gofjtzn0nt8va","previousOperationId":"s8sqy11m8evkbqj"}
{"type":"operationStart","subtype":"render","name":"anonymous","previousOperationId":"s8sqy11m8evkbqj","timestamp":1661689599435,"id":"yl0lyg21zaai4bg","previousEventId":"j0fvz3zvx0lrtom","operationId":"f7t3krlaoqhnlrk"}
{"type":"log","timestamp":1661689599435,"level":"info","message":"Starting rendering request 1 (user: null)","meta":{"rootId":"4gip6wqhjqgxy9i","id":"gqe5f8kuqdn7wf6"},"id":"3gii0d85mr9a2ns","previousOperationId":"f7t3krlaoqhnlrk"}
{"type":"log","timestamp":1661689599436,"level":"info","message":"Rendering anonymous template { recipe: html, engine: handlebars }","meta":{"rootId":"4gip6wqhjqgxy9i","id":"gqe5f8kuqdn7wf6"},"id":"ttabilfd1278w5d","previousOperationId":"f7t3krlaoqhnlrk"}
{"type":"log","timestamp":1661689599436,"level":"debug","message":"Inline data specified.","meta":{"rootId":"4gip6wqhjqgxy9i","id":"gqe5f8kuqdn7wf6"},"id":"d25m40uic9orrma","previousOperationId":"f7t3krlaoqhnlrk"}
{"type":"log","timestamp":1661689599440,"level":"debug","message":"Base url not specified, skipping its injection.","meta":{"rootId":"4gip6wqhjqgxy9i","id":"gqe5f8kuqdn7wf6"},"id":"46qohg2acnibqvh","previousOperationId":"f7t3krlaoqhnlrk"}
{"type":"log","timestamp":1661689599501,"level":"debug","message":"Replaced assets [\"./src/reporting/assets/logo.png\"]","meta":{"rootId":"4gip6wqhjqgxy9i","id":"gqe5f8kuqdn7wf6"},"id":"ux4jwgdj4l9k655","previousOperationId":"f7t3krlaoqhnlrk"}
{"type":"operationStart","subtype":"engine","name":"handlebars","timestamp":1661689599502,"id":"ur6jvrhzg4d6mlr","previousEventId":"yl0lyg21zaai4bg","operationId":"x3o0j2e56ggswun","previousOperationId":"f7t3krlaoqhnlrk"}
{"type":"log","timestamp":1661689599502,"level":"debug","message":"Rendering engine handlebars","meta":{"rootId":"4gip6wqhjqgxy9i","id":"gqe5f8kuqdn7wf6"},"id":"xo756volp1swtps","previousOperationId":"x3o0j2e56ggswun"}
{"type":"operationEnd","operationId":"x3o0j2e56ggswun","timestamp":1661689599593,"id":"eoamhr5mdw3ejnb","previousEventId":"ur6jvrhzg4d6mlr","previousOperationId":"x3o0j2e56ggswun"}
{"type":"operationStart","subtype":"recipe","name":"html","timestamp":1661689599601,"id":"sl1p3y7zkk3uepu","previousEventId":"eoamhr5mdw3ejnb","operationId":"zcj0vjf6d9dmq2n","previousOperationId":"x3o0j2e56ggswun"}
{"type":"log","timestamp":1661689599601,"level":"debug","message":"Executing recipe html","meta":{"rootId":"4gip6wqhjqgxy9i","id":"gqe5f8kuqdn7wf6"},"id":"dl3f2xjjfy12mcv","previousOperationId":"zcj0vjf6d9dmq2n"}
{"type":"operationEnd","operationId":"zcj0vjf6d9dmq2n","timestamp":1661689599601,"id":"x7vbhg38d1i9m9g","previousEventId":"sl1p3y7zkk3uepu","previousOperationId":"zcj0vjf6d9dmq2n"}
{"type":"log","timestamp":1661689599602,"level":"debug","message":"Skipping storing report.","meta":{"rootId":"4gip6wqhjqgxy9i","id":"gqe5f8kuqdn7wf6"},"id":"q4zzmcuql6r6xoy","previousOperationId":"zcj0vjf6d9dmq2n"}
{"type":"log","timestamp":1661689599603,"level":"info","message":"Rendering request 1 finished in 1597 ms","meta":{"rootId":"4gip6wqhjqgxy9i","id":"gqe5f8kuqdn7wf6"},"id":"p3gfsp9zhhedhwx","previousOperationId":"zcj0vjf6d9dmq2n"}
{"type":"operationEnd","subtype":"render","operationId":"f7t3krlaoqhnlrk","timestamp":1661689599612,"id":"ry8xggh687yy5sm","previousEventId":"x7vbhg38d1i9m9g","previousOperationId":"zcj0vjf6d9dmq2n"}
{"type":"log","timestamp":1661689599613,"level":"debug","message":"Starting child request to render pdf footer","meta":{"rootId":"4gip6wqhjqgxy9i","id":"4gip6wqhjqgxy9i"},"id":"d97c1pij2uye09a","previousOperationId":"s8sqy11m8evkbqj"}
{"type":"operationStart","subtype":"render","name":"anonymous","previousOperationId":"s8sqy11m8evkbqj","timestamp":1661689599613,"id":"tlxk1btxsg1rtuo","previousEventId":"j0fvz3zvx0lrtom","operationId":"cagtl5zcgnnm2hw"}
{"type":"log","timestamp":1661689599615,"level":"info","message":"Starting rendering request 1 (user: null)","meta":{"rootId":"4gip6wqhjqgxy9i","id":"qkalpcuowxgljts"},"id":"duhwyx5i30lqd2o","previousOperationId":"cagtl5zcgnnm2hw"}
{"type":"log","timestamp":1661689599616,"level":"info","message":"Rendering anonymous template { recipe: html, engine: handlebars }","meta":{"rootId":"4gip6wqhjqgxy9i","id":"qkalpcuowxgljts"},"id":"zi9ru8o9h4egucu","previousOperationId":"cagtl5zcgnnm2hw"}
{"type":"log","timestamp":1661689599616,"level":"debug","message":"Inline data specified.","meta":{"rootId":"4gip6wqhjqgxy9i","id":"qkalpcuowxgljts"},"id":"njdvbqankh4p0l6","previousOperationId":"cagtl5zcgnnm2hw"}
{"type":"log","timestamp":1661689599620,"level":"debug","message":"Base url not specified, skipping its injection.","meta":{"rootId":"4gip6wqhjqgxy9i","id":"qkalpcuowxgljts"},"id":"mkm8tdl7x0y4acp","previousOperationId":"cagtl5zcgnnm2hw"}
{"type":"operationStart","subtype":"engine","name":"handlebars","timestamp":1661689599621,"id":"rji2irdgafxut8v","previousEventId":"tlxk1btxsg1rtuo","operationId":"adewdhb833pxhbt","previousOperationId":"cagtl5zcgnnm2hw"}
{"type":"log","timestamp":1661689599621,"level":"debug","message":"Rendering engine handlebars","meta":{"rootId":"4gip6wqhjqgxy9i","id":"qkalpcuowxgljts"},"id":"f89b6ttsv9keufd","previousOperationId":"adewdhb833pxhbt"}
{"type":"operationEnd","operationId":"adewdhb833pxhbt","timestamp":1661689599674,"id":"o9gv4uyatmm62v5","previousEventId":"rji2irdgafxut8v","previousOperationId":"adewdhb833pxhbt"}
{"type":"operationStart","subtype":"recipe","name":"html","timestamp":1661689599682,"id":"8tc19108bj7ub0g","previousEventId":"o9gv4uyatmm62v5","operationId":"7evo6hchy2edy3b","previousOperationId":"adewdhb833pxhbt"}
{"type":"log","timestamp":1661689599682,"level":"debug","message":"Executing recipe html","meta":{"rootId":"4gip6wqhjqgxy9i","id":"qkalpcuowxgljts"},"id":"m42nf5reex3wwfr","previousOperationId":"7evo6hchy2edy3b"}
{"type":"operationEnd","operationId":"7evo6hchy2edy3b","timestamp":1661689599683,"id":"i5supnnsjyjyqkt","previousEventId":"8tc19108bj7ub0g","previousOperationId":"7evo6hchy2edy3b"}
{"type":"log","timestamp":1661689599683,"level":"debug","message":"Skipping storing report.","meta":{"rootId":"4gip6wqhjqgxy9i","id":"qkalpcuowxgljts"},"id":"ydmj8tao9oxvren","previousOperationId":"7evo6hchy2edy3b"}
{"type":"log","timestamp":1661689599683,"level":"info","message":"Rendering request 1 finished in 1677 ms","meta":{"rootId":"4gip6wqhjqgxy9i","id":"qkalpcuowxgljts"},"id":"pfv13aefc5oj8n8","previousOperationId":"7evo6hchy2edy3b"}
{"type":"operationEnd","subtype":"render","operationId":"cagtl5zcgnnm2hw","timestamp":1661689599683,"id":"dll9b3gyf2aohhu","previousEventId":"i5supnnsjyjyqkt","previousOperationId":"7evo6hchy2edy3b"}
{"type":"log","timestamp":1661689599705,"level":"error","message":"Error when processing render request 1 Could not find expected browser (chrome) locally. Run `npm install` to download the correct Chromium revision (950341). Error: Could not find expected browser (chrome) locally. Run `npm install` to download the correct Chromium revision (950341).\n    at ChromeLauncher.launch (/Users/bchahrazed/backend-erp-acsiome/node_modules/puppeteer/lib/cjs/puppeteer/node/Launcher.js:109:27)\n    at async createBrowser (/Users/bchahrazed/backend-erp-acsiome/node_modules/@jsreport/jsreport-chrome-pdf/lib/chromePoolStrategy.js:98:26)\n    at async allocateBrowser (/Users/bchahrazed/backend-erp-acsiome/node_modules/@jsreport/jsreport-chrome-pdf/lib/chromePoolStrategy.js:113:5)\n    at async getBrowser (/Users/bchahrazed/backend-erp-acsiome/node_modules/@jsreport/jsreport-chrome-pdf/lib/chromePoolStrategy.js:23:30)\n    at async module.exports (/Users/bchahrazed/backend-erp-acsiome/node_modules/@jsreport/jsreport-chrome-pdf/lib/conversion.js:11:19)\n    at async execute (/Users/bchahrazed/backend-erp-acsiome/node_modules/@jsreport/jsreport-chrome-pdf/lib/chromePoolStrategy.js:20:22)\n    at async /Users/bchahrazed/backend-erp-acsiome/node_modules/@jsreport/jsreport-chrome-pdf/lib/lazyRecipe.js:62:20\n    at async invokeRender (/Users/bchahrazed/backend-erp-acsiome/node_modules/@jsreport/jsreport-core/lib/worker/render/render.js:95:5)\n    at async WorkerReporter._render (/Users/bchahrazed/backend-erp-acsiome/node_modules/@jsreport/jsreport-core/lib/worker/render/render.js:147:7)\n    at async /Users/bchahrazed/backend-erp-acsiome/node_modules/@jsreport/jsreport-core/lib/worker/reporter.js:179:19","meta":{"rootId":"4gip6wqhjqgxy9i","id":"4gip6wqhjqgxy9i"},"id":"sf3vij4manyjncd","previousOperationId":"s8sqy11m8evkbqj"}
{"type":"log","timestamp":1661689599705,"level":"error","message":"Rendering request 1 finished with error in 1699 ms","meta":{"rootId":"4gip6wqhjqgxy9i","id":"4gip6wqhjqgxy9i"},"id":"bs6eqrubsvk66nn","previousOperationId":"s8sqy11m8evkbqj"}
{"type":"error","timestamp":1661689599738,"logged":true,"previousOperationId":"s8sqy11m8evkbqj","id":"tu3q7wb6gh9p456","stack":"Error: Could not find expected browser (chrome) locally. Run `npm install` to download the correct Chromium revision (950341).\n    at ChromeLauncher.launch (/Users/bchahrazed/backend-erp-acsiome/node_modules/puppeteer/lib/cjs/puppeteer/node/Launcher.js:109:27)\n    at async createBrowser (/Users/bchahrazed/backend-erp-acsiome/node_modules/@jsreport/jsreport-chrome-pdf/lib/chromePoolStrategy.js:98:26)\n    at async allocateBrowser (/Users/bchahrazed/backend-erp-acsiome/node_modules/@jsreport/jsreport-chrome-pdf/lib/chromePoolStrategy.js:113:5)\n    at async getBrowser (/Users/bchahrazed/backend-erp-acsiome/node_modules/@jsreport/jsreport-chrome-pdf/lib/chromePoolStrategy.js:23:30)\n    at async module.exports (/Users/bchahrazed/backend-erp-acsiome/node_modules/@jsreport/jsreport-chrome-pdf/lib/conversion.js:11:19)\n    at async execute (/Users/bchahrazed/backend-erp-acsiome/node_modules/@jsreport/jsreport-chrome-pdf/lib/chromePoolStrategy.js:20:22)\n    at async /Users/bchahrazed/backend-erp-acsiome/node_modules/@jsreport/jsreport-chrome-pdf/lib/lazyRecipe.js:62:20\n    at async invokeRender (/Users/bchahrazed/backend-erp-acsiome/node_modules/@jsreport/jsreport-core/lib/worker/render/render.js:95:5)\n    at async WorkerReporter._render (/Users/bchahrazed/backend-erp-acsiome/node_modules/@jsreport/jsreport-core/lib/worker/render/render.js:147:7)\n    at async /Users/bchahrazed/backend-erp-acsiome/node_modules/@jsreport/jsreport-core/lib/worker/reporter.js:179:19","message":"Could not find expected browser (chrome) locally. Run `npm install` to download the correct Chromium revision (950341)."}
