{"type":"operationStart","subtype":"profile","data":{"_id":"WpV0PEhDDGrRFtdq","timestamp":"2023-01-29T09:27:01.629Z","state":"queued","mode":"standard","creationDate":"2023-01-29T09:27:01.641Z","modificationDate":"2023-01-29T09:27:01.641Z","shortid":"CLYdueb","$entitySet":"profiles"},"doDiffs":false,"timestamp":1674984421631,"id":"amlzpeyro3sxdha","previousOperationId":null,"operationId":"5vfkskex4ija41b"}
{"type":"log","level":"info","message":"Render request 1 queued for execution and waiting for available worker","previousOperationId":"5vfkskex4ija41b","timestamp":1674984421631,"id":"1id9mu1aen2vco0"}
{"type":"operationStart","subtype":"render","name":"anonymous","previousOperationId":"5vfkskex4ija41b","timestamp":1674984421678,"id":"5hv8ga4y5l5x0xi","previousEventId":"amlzpeyro3sxdha","operationId":"437yqlfft5k08u3"}
{"type":"log","timestamp":1674984421682,"level":"info","message":"Starting rendering request 1 (user: null)","meta":{"rootId":"55gd9yebzgdm0p7","id":"55gd9yebzgdm0p7"},"id":"9sp8thh9msc7lhi","previousOperationId":"437yqlfft5k08u3"}
{"type":"log","timestamp":1674984421690,"level":"info","message":"Rendering anonymous template { recipe: chrome-pdf, engine: handlebars }","meta":{"rootId":"55gd9yebzgdm0p7","id":"55gd9yebzgdm0p7"},"id":"tzb5t378xnlzy10","previousOperationId":"437yqlfft5k08u3"}
{"type":"log","timestamp":1674984421691,"level":"debug","message":"Inline data specified.","meta":{"rootId":"55gd9yebzgdm0p7","id":"55gd9yebzgdm0p7"},"id":"wo3en1bjq2zgv30","previousOperationId":"437yqlfft5k08u3"}
{"type":"log","timestamp":1674984421705,"level":"debug","message":"Base url not specified, skipping its injection.","meta":{"rootId":"55gd9yebzgdm0p7","id":"55gd9yebzgdm0p7"},"id":"7k6uzgz00oiqnew","previousOperationId":"437yqlfft5k08u3"}
{"type":"operationStart","subtype":"engine","name":"handlebars","timestamp":1674984421707,"id":"pcjjwlbp4dlv934","previousEventId":"5hv8ga4y5l5x0xi","operationId":"t00tn3h8s6n8c4z","previousOperationId":"437yqlfft5k08u3"}
{"type":"log","timestamp":1674984421708,"level":"debug","message":"Rendering engine handlebars","meta":{"rootId":"55gd9yebzgdm0p7","id":"55gd9yebzgdm0p7"},"id":"pyp8mhl9h7apmek","previousOperationId":"t00tn3h8s6n8c4z"}
{"type":"operationEnd","operationId":"t00tn3h8s6n8c4z","timestamp":1674984423202,"id":"nph6u0db474w16x","previousEventId":"pcjjwlbp4dlv934","previousOperationId":"t00tn3h8s6n8c4z"}
{"type":"operationStart","subtype":"recipe","name":"chrome-pdf","timestamp":1674984423206,"id":"cto72r83pmex0ej","previousEventId":"nph6u0db474w16x","operationId":"9jkizqib39ph8jo","previousOperationId":"t00tn3h8s6n8c4z"}
{"type":"log","timestamp":1674984423206,"level":"debug","message":"Executing recipe chrome-pdf","meta":{"rootId":"55gd9yebzgdm0p7","id":"55gd9yebzgdm0p7"},"id":"7z6ylfvljai1ol9","previousOperationId":"9jkizqib39ph8jo"}
{"type":"log","timestamp":1674984423496,"level":"debug","message":"Starting child request to render pdf header","meta":{"rootId":"55gd9yebzgdm0p7","id":"55gd9yebzgdm0p7"},"id":"tek0ry3mzwzt814","previousOperationId":"9jkizqib39ph8jo"}
{"type":"operationStart","subtype":"render","name":"anonymous","previousOperationId":"9jkizqib39ph8jo","timestamp":1674984423498,"id":"f5yukr97pmlaymt","previousEventId":"cto72r83pmex0ej","operationId":"yhs0hgrv56ruro1"}
{"type":"log","timestamp":1674984423498,"level":"info","message":"Starting rendering request 1 (user: null)","meta":{"rootId":"55gd9yebzgdm0p7","id":"mego7j9hp8yrmc9"},"id":"f9ygq0tvn85pujh","previousOperationId":"yhs0hgrv56ruro1"}
{"type":"log","timestamp":1674984423505,"level":"info","message":"Rendering anonymous template { recipe: html, engine: handlebars }","meta":{"rootId":"55gd9yebzgdm0p7","id":"mego7j9hp8yrmc9"},"id":"37ctw30fc9er3ai","previousOperationId":"yhs0hgrv56ruro1"}
{"type":"log","timestamp":1674984423506,"level":"debug","message":"Inline data specified.","meta":{"rootId":"55gd9yebzgdm0p7","id":"mego7j9hp8yrmc9"},"id":"38xhvl1y51ra12t","previousOperationId":"yhs0hgrv56ruro1"}
{"type":"log","timestamp":1674984423509,"level":"debug","message":"Base url not specified, skipping its injection.","meta":{"rootId":"55gd9yebzgdm0p7","id":"mego7j9hp8yrmc9"},"id":"hzatdqh61l772ax","previousOperationId":"yhs0hgrv56ruro1"}
{"type":"log","timestamp":1674984423544,"level":"debug","message":"Replaced assets [\"./src/reporting/assets/logo.png\"]","meta":{"rootId":"55gd9yebzgdm0p7","id":"mego7j9hp8yrmc9"},"id":"bv3co0cy33baaey","previousOperationId":"yhs0hgrv56ruro1"}
{"type":"operationStart","subtype":"engine","name":"handlebars","timestamp":1674984423545,"id":"eee6kna3jlzk778","previousEventId":"f5yukr97pmlaymt","operationId":"45w2hr3eqzkydki","previousOperationId":"yhs0hgrv56ruro1"}
{"type":"log","timestamp":1674984423545,"level":"debug","message":"Rendering engine handlebars","meta":{"rootId":"55gd9yebzgdm0p7","id":"mego7j9hp8yrmc9"},"id":"2vwe57prml1dvi8","previousOperationId":"45w2hr3eqzkydki"}
{"type":"operationEnd","operationId":"45w2hr3eqzkydki","timestamp":1674984423578,"id":"dku12qnywmcv48n","previousEventId":"eee6kna3jlzk778","previousOperationId":"45w2hr3eqzkydki"}
{"type":"operationStart","subtype":"recipe","name":"html","timestamp":1674984423578,"id":"jo254hnzykpnt2i","previousEventId":"dku12qnywmcv48n","operationId":"mktwnrgalwibozj","previousOperationId":"45w2hr3eqzkydki"}
{"type":"log","timestamp":1674984423578,"level":"debug","message":"Executing recipe html","meta":{"rootId":"55gd9yebzgdm0p7","id":"mego7j9hp8yrmc9"},"id":"tjetz6gxpkgsqai","previousOperationId":"mktwnrgalwibozj"}
{"type":"operationEnd","operationId":"mktwnrgalwibozj","timestamp":1674984423579,"id":"0gxicni5k350co3","previousEventId":"jo254hnzykpnt2i","previousOperationId":"mktwnrgalwibozj"}
{"type":"log","timestamp":1674984423580,"level":"debug","message":"Skipping storing report.","meta":{"rootId":"55gd9yebzgdm0p7","id":"mego7j9hp8yrmc9"},"id":"oaj30z22vbs1dva","previousOperationId":"mktwnrgalwibozj"}
{"type":"log","timestamp":1674984423580,"level":"info","message":"Rendering request 1 finished in 1953 ms","meta":{"rootId":"55gd9yebzgdm0p7","id":"mego7j9hp8yrmc9"},"id":"5ruzpewnliitrod","previousOperationId":"mktwnrgalwibozj"}
{"type":"operationEnd","subtype":"render","operationId":"yhs0hgrv56ruro1","timestamp":1674984423580,"id":"ga5axrjer8rle5w","previousEventId":"0gxicni5k350co3","previousOperationId":"mktwnrgalwibozj"}
{"type":"log","timestamp":1674984423580,"level":"debug","message":"Starting child request to render pdf footer","meta":{"rootId":"55gd9yebzgdm0p7","id":"55gd9yebzgdm0p7"},"id":"l8wtkx6oshbht1y","previousOperationId":"9jkizqib39ph8jo"}
{"type":"operationStart","subtype":"render","name":"anonymous","previousOperationId":"9jkizqib39ph8jo","timestamp":1674984423581,"id":"1eengdh2cobwk4w","previousEventId":"cto72r83pmex0ej","operationId":"uytorggeio3p2yt"}
{"type":"log","timestamp":1674984423588,"level":"info","message":"Starting rendering request 1 (user: null)","meta":{"rootId":"55gd9yebzgdm0p7","id":"iui3pb2v8q9t6yr"},"id":"gqtja51xm09pr22","previousOperationId":"uytorggeio3p2yt"}
{"type":"log","timestamp":1674984423589,"level":"info","message":"Rendering anonymous template { recipe: html, engine: handlebars }","meta":{"rootId":"55gd9yebzgdm0p7","id":"iui3pb2v8q9t6yr"},"id":"i8dws8lrrstlbtq","previousOperationId":"uytorggeio3p2yt"}
{"type":"log","timestamp":1674984423589,"level":"debug","message":"Inline data specified.","meta":{"rootId":"55gd9yebzgdm0p7","id":"iui3pb2v8q9t6yr"},"id":"f8mw26dbzljgl88","previousOperationId":"uytorggeio3p2yt"}
{"type":"log","timestamp":1674984423594,"level":"debug","message":"Base url not specified, skipping its injection.","meta":{"rootId":"55gd9yebzgdm0p7","id":"iui3pb2v8q9t6yr"},"id":"ol8kgkp9fn1y6yi","previousOperationId":"uytorggeio3p2yt"}
{"type":"operationStart","subtype":"engine","name":"handlebars","timestamp":1674984423596,"id":"6smnpf25f1lzee7","previousEventId":"1eengdh2cobwk4w","operationId":"j62vo402vi4eaiz","previousOperationId":"uytorggeio3p2yt"}
{"type":"log","timestamp":1674984423596,"level":"debug","message":"Rendering engine handlebars","meta":{"rootId":"55gd9yebzgdm0p7","id":"iui3pb2v8q9t6yr"},"id":"4nmc5msmr5hvm81","previousOperationId":"j62vo402vi4eaiz"}
{"type":"operationEnd","operationId":"j62vo402vi4eaiz","timestamp":1674984423653,"id":"setfijv71zp59kb","previousEventId":"6smnpf25f1lzee7","previousOperationId":"j62vo402vi4eaiz"}
{"type":"operationStart","subtype":"recipe","name":"html","timestamp":1674984423653,"id":"0imm3dwe0v9fw13","previousEventId":"setfijv71zp59kb","operationId":"8qvw78oenc9jy9s","previousOperationId":"j62vo402vi4eaiz"}
{"type":"log","timestamp":1674984423653,"level":"debug","message":"Executing recipe html","meta":{"rootId":"55gd9yebzgdm0p7","id":"iui3pb2v8q9t6yr"},"id":"aky2uezd2c6hmye","previousOperationId":"8qvw78oenc9jy9s"}
{"type":"operationEnd","operationId":"8qvw78oenc9jy9s","timestamp":1674984423653,"id":"qmu3tjcg40pozr3","previousEventId":"0imm3dwe0v9fw13","previousOperationId":"8qvw78oenc9jy9s"}
{"type":"log","timestamp":1674984423654,"level":"debug","message":"Skipping storing report.","meta":{"rootId":"55gd9yebzgdm0p7","id":"iui3pb2v8q9t6yr"},"id":"pnf6z9rec58t5uu","previousOperationId":"8qvw78oenc9jy9s"}
{"type":"log","timestamp":1674984423654,"level":"info","message":"Rendering request 1 finished in 2027 ms","meta":{"rootId":"55gd9yebzgdm0p7","id":"iui3pb2v8q9t6yr"},"id":"2pov45un0n3yzbi","previousOperationId":"8qvw78oenc9jy9s"}
{"type":"operationEnd","subtype":"render","operationId":"uytorggeio3p2yt","timestamp":1674984423654,"id":"wa0hdteqlk1rhfx","previousEventId":"qmu3tjcg40pozr3","previousOperationId":"8qvw78oenc9jy9s"}
{"type":"log","timestamp":1674984424379,"level":"debug","message":"Converting with chrome HeadlessChrome/98.0.4758.0 using chrome-pool strategy","meta":{"rootId":"55gd9yebzgdm0p7","id":"55gd9yebzgdm0p7"},"id":"dqaq52xrsqg02vo","previousOperationId":"9jkizqib39ph8jo"}
{"type":"log","timestamp":1674984424825,"level":"debug","message":"Page request: GET (document) file:///C:/Users/ADMINI~1/AppData/Local/Temp/jsreport/autocleanup/821f4f37-9e48-4054-a163-ed504abdca4e-chrome-pdf.html","meta":{"rootId":"55gd9yebzgdm0p7","id":"55gd9yebzgdm0p7"},"id":"lzhj25siu4pl9ut","previousOperationId":"9jkizqib39ph8jo"}
{"type":"log","timestamp":1674984424844,"level":"debug","message":"Page request finished: GET (document) file:///C:/Users/ADMINI~1/AppData/Local/Temp/jsreport/autocleanup/821f4f37-9e48-4054-a163-ed504abdca4e-chrome-pdf.html","meta":{"rootId":"55gd9yebzgdm0p7","id":"55gd9yebzgdm0p7"},"id":"wv626u93elf9y0u","previousOperationId":"9jkizqib39ph8jo"}
{"type":"log","timestamp":1674984424847,"level":"debug","message":"Page request: GET (stylesheet) https://fonts.googleapis.com/css2?family=Montserrat:wght@500&family=Open+Sans:wght@300&display=swap","meta":{"rootId":"55gd9yebzgdm0p7","id":"55gd9yebzgdm0p7"},"id":"yx7kk0ph5rcnj60","previousOperationId":"9jkizqib39ph8jo"}
{"type":"log","timestamp":1674984425119,"level":"debug","message":"Page request finished: GET (stylesheet) 200 https://fonts.googleapis.com/css2?family=Montserrat:wght@500&family=Open+Sans:wght@300&display=swap","meta":{"rootId":"55gd9yebzgdm0p7","id":"55gd9yebzgdm0p7"},"id":"4s9hqsfz3uid6p9","previousOperationId":"9jkizqib39ph8jo"}
{"type":"log","timestamp":1674984425219,"level":"debug","message":"Page request: GET (font) https://fonts.gstatic.com/s/opensans/v34/memSYaGs126MiZpBA-UvWbX2vVnXBbObj2OVZyOOSr4dVJWUgsiH0B4gaVI.woff2","meta":{"rootId":"55gd9yebzgdm0p7","id":"55gd9yebzgdm0p7"},"id":"enza7zuhbrj7ihp","previousOperationId":"9jkizqib39ph8jo"}
{"type":"log","timestamp":1674984425220,"level":"debug","message":"Running chrome with params {\"scale\":1,\"displayHeaderFooter\":true,\"headerTemplate\":\"...\",\"footerTemplate\":\"...\",\"printBackground\":true,\"pageRanges\":\"\",\"format\":\"A4\",\"width\":\"\",\"height\":\"\",\"marginTop\":\"350px\",\"marginRight\":\"20px\",\"marginBottom\":\"80px\",\"marginLeft\":\"20px\",\"waitForJS\":false,\"waitForNetworkIddle\":false,\"timeout\":57973,\"waitForNetworkIdle\":false,\"margin\":{\"top\":\"350px\",\"right\":\"20px\",\"bottom\":\"80px\",\"left\":\"20px\"}}","meta":{"rootId":"55gd9yebzgdm0p7","id":"55gd9yebzgdm0p7"},"id":"555w5urnekb8ve7","previousOperationId":"9jkizqib39ph8jo"}
{"type":"log","timestamp":1674984425788,"level":"debug","message":"Page request: GET (font) https://fonts.gstatic.com/s/opensans/v34/memSYaGs126MiZpBA-UvWbX2vVnXBbObj2OVZyOOSr4dVJWUgsiH0B4gaVI.woff2","meta":{"rootId":"55gd9yebzgdm0p7","id":"55gd9yebzgdm0p7"},"id":"mjws8rxsevvjmhr","previousOperationId":"9jkizqib39ph8jo"}
{"type":"operationEnd","operationId":"9jkizqib39ph8jo","timestamp":1674984426078,"id":"a78h0f1llmsji7k","previousEventId":"cto72r83pmex0ej","previousOperationId":"9jkizqib39ph8jo"}
{"type":"log","timestamp":1674984426078,"level":"debug","message":"Skipping storing report.","meta":{"rootId":"55gd9yebzgdm0p7","id":"55gd9yebzgdm0p7"},"id":"cts4s89nvf4e2m1","previousOperationId":"9jkizqib39ph8jo"}
{"type":"log","timestamp":1674984426079,"level":"info","message":"Rendering request 1 finished in 4452 ms","meta":{"rootId":"55gd9yebzgdm0p7","id":"55gd9yebzgdm0p7"},"id":"5olcbrnlrydh7e2","previousOperationId":"9jkizqib39ph8jo"}
{"type":"operationEnd","subtype":"render","operationId":"437yqlfft5k08u3","timestamp":1674984426079,"id":"caa1uupdgm4xxtq","previousEventId":"a78h0f1llmsji7k","previousOperationId":"9jkizqib39ph8jo"}
{"type":"operationEnd","doDiffs":false,"previousEventId":"amlzpeyro3sxdha","previousOperationId":"5vfkskex4ija41b","operationId":"5vfkskex4ija41b","timestamp":1674984426108,"id":"dan20j78i8tbndq"}
