{"type":"operationStart","subtype":"profile","data":{"_id":"LjGLsV8TiH4tgCG6","timestamp":"2022-09-17T18:43:15.478Z","state":"queued","mode":"standard","creationDate":"2022-09-17T18:43:15.484Z","modificationDate":"2022-09-17T18:43:15.484Z","shortid":"pqsdJNi","$entitySet":"profiles"},"doDiffs":false,"timestamp":1663440195482,"id":"q0b0n83i8dh1j0a","previousOperationId":null,"operationId":"9bw1aq6g3419sdp"}
{"type":"log","level":"info","message":"Render request 1 queued for execution and waiting for available worker","previousOperationId":"9bw1aq6g3419sdp","timestamp":1663440195482,"id":"cb8wu3q659vlacd"}
{"type":"operationStart","subtype":"render","name":"anonymous","previousOperationId":"9bw1aq6g3419sdp","timestamp":1663440195516,"id":"0fmsy0wfdmgpg93","previousEventId":"q0b0n83i8dh1j0a","operationId":"qqm4v4resg4sa8x"}
{"type":"log","timestamp":1663440195518,"level":"info","message":"Starting rendering request 1 (user: null)","meta":{"rootId":"578ro8u5kyk9cre","id":"578ro8u5kyk9cre"},"id":"lvppvjptzatrxg3","previousOperationId":"qqm4v4resg4sa8x"}
{"type":"log","timestamp":1663440195529,"level":"info","message":"Rendering anonymous template { recipe: chrome-pdf, engine: handlebars }","meta":{"rootId":"578ro8u5kyk9cre","id":"578ro8u5kyk9cre"},"id":"hasc2v3ht8h8gbw","previousOperationId":"qqm4v4resg4sa8x"}
{"type":"log","timestamp":1663440195530,"level":"debug","message":"Inline data specified.","meta":{"rootId":"578ro8u5kyk9cre","id":"578ro8u5kyk9cre"},"id":"iq90aog8gyjkdmb","previousOperationId":"qqm4v4resg4sa8x"}
{"type":"log","timestamp":1663440195535,"level":"debug","message":"Base url not specified, skipping its injection.","meta":{"rootId":"578ro8u5kyk9cre","id":"578ro8u5kyk9cre"},"id":"hcsmfx0qe5kyhdw","previousOperationId":"qqm4v4resg4sa8x"}
{"type":"operationStart","subtype":"engine","name":"handlebars","timestamp":1663440195537,"id":"jfpfbhv44w31mmh","previousEventId":"0fmsy0wfdmgpg93","operationId":"whk9w8m0tyjx19u","previousOperationId":"qqm4v4resg4sa8x"}
{"type":"log","timestamp":1663440195537,"level":"debug","message":"Rendering engine handlebars","meta":{"rootId":"578ro8u5kyk9cre","id":"578ro8u5kyk9cre"},"id":"t1uulal5o5uincc","previousOperationId":"whk9w8m0tyjx19u"}
{"type":"operationEnd","operationId":"whk9w8m0tyjx19u","timestamp":1663440197008,"id":"fbdo24z9einhegs","previousEventId":"jfpfbhv44w31mmh","previousOperationId":"whk9w8m0tyjx19u"}
{"type":"operationStart","subtype":"recipe","name":"chrome-pdf","timestamp":1663440197010,"id":"kqov5ooytju29wi","previousEventId":"fbdo24z9einhegs","operationId":"jhtmydd1wq7bvgl","previousOperationId":"whk9w8m0tyjx19u"}
{"type":"log","timestamp":1663440197010,"level":"debug","message":"Executing recipe chrome-pdf","meta":{"rootId":"578ro8u5kyk9cre","id":"578ro8u5kyk9cre"},"id":"s4fp1yb6mpfagdb","previousOperationId":"jhtmydd1wq7bvgl"}
{"type":"log","timestamp":1663440197257,"level":"debug","message":"Starting child request to render pdf header","meta":{"rootId":"578ro8u5kyk9cre","id":"578ro8u5kyk9cre"},"id":"3bntvf3lbr5y82w","previousOperationId":"jhtmydd1wq7bvgl"}
{"type":"operationStart","subtype":"render","name":"anonymous","previousOperationId":"jhtmydd1wq7bvgl","timestamp":1663440197258,"id":"c3w85wf4fzx5cm5","previousEventId":"kqov5ooytju29wi","operationId":"fj830sh3982lkb5"}
{"type":"log","timestamp":1663440197258,"level":"info","message":"Starting rendering request 1 (user: null)","meta":{"rootId":"578ro8u5kyk9cre","id":"gw99lkma0t4dxhs"},"id":"97f03zz0ths2sje","previousOperationId":"fj830sh3982lkb5"}
{"type":"log","timestamp":1663440197259,"level":"info","message":"Rendering anonymous template { recipe: html, engine: handlebars }","meta":{"rootId":"578ro8u5kyk9cre","id":"gw99lkma0t4dxhs"},"id":"zpuvrs0b51o31wg","previousOperationId":"fj830sh3982lkb5"}
{"type":"log","timestamp":1663440197259,"level":"debug","message":"Inline data specified.","meta":{"rootId":"578ro8u5kyk9cre","id":"gw99lkma0t4dxhs"},"id":"oeyezwilrcgnctk","previousOperationId":"fj830sh3982lkb5"}
{"type":"log","timestamp":1663440197277,"level":"debug","message":"Base url not specified, skipping its injection.","meta":{"rootId":"578ro8u5kyk9cre","id":"gw99lkma0t4dxhs"},"id":"9pi6wd0u85kqg8c","previousOperationId":"fj830sh3982lkb5"}
{"type":"log","timestamp":1663440197465,"level":"debug","message":"Replaced assets [\"./src/reporting/assets/logo.png\"]","meta":{"rootId":"578ro8u5kyk9cre","id":"gw99lkma0t4dxhs"},"id":"5ptfnummh8kl2sv","previousOperationId":"fj830sh3982lkb5"}
{"type":"operationStart","subtype":"engine","name":"handlebars","timestamp":1663440197465,"id":"38i1kii079mif09","previousEventId":"c3w85wf4fzx5cm5","operationId":"8z4nwghdk8c82mo","previousOperationId":"fj830sh3982lkb5"}
{"type":"log","timestamp":1663440197465,"level":"debug","message":"Rendering engine handlebars","meta":{"rootId":"578ro8u5kyk9cre","id":"gw99lkma0t4dxhs"},"id":"33hvj7l5zdi3kkq","previousOperationId":"8z4nwghdk8c82mo"}
{"type":"operationEnd","operationId":"8z4nwghdk8c82mo","timestamp":1663440197509,"id":"odj6o2nfrua1r1i","previousEventId":"38i1kii079mif09","previousOperationId":"8z4nwghdk8c82mo"}
{"type":"operationStart","subtype":"recipe","name":"html","timestamp":1663440197510,"id":"f4qs9nk1mybuqbc","previousEventId":"odj6o2nfrua1r1i","operationId":"71oklv3pl8d310g","previousOperationId":"8z4nwghdk8c82mo"}
{"type":"log","timestamp":1663440197510,"level":"debug","message":"Executing recipe html","meta":{"rootId":"578ro8u5kyk9cre","id":"gw99lkma0t4dxhs"},"id":"6c0gnt7r0wbdy93","previousOperationId":"71oklv3pl8d310g"}
{"type":"operationEnd","operationId":"71oklv3pl8d310g","timestamp":1663440197510,"id":"zsoolxozn48pnmo","previousEventId":"f4qs9nk1mybuqbc","previousOperationId":"71oklv3pl8d310g"}
{"type":"log","timestamp":1663440197511,"level":"debug","message":"Skipping storing report.","meta":{"rootId":"578ro8u5kyk9cre","id":"gw99lkma0t4dxhs"},"id":"0fl0bnm8xf6fhs5","previousOperationId":"71oklv3pl8d310g"}
{"type":"log","timestamp":1663440197512,"level":"info","message":"Rendering request 1 finished in 2036 ms","meta":{"rootId":"578ro8u5kyk9cre","id":"gw99lkma0t4dxhs"},"id":"k0meoz1tiy2mj3l","previousOperationId":"71oklv3pl8d310g"}
{"type":"operationEnd","subtype":"render","operationId":"fj830sh3982lkb5","timestamp":1663440197512,"id":"yiaiy5xsw9at7gf","previousEventId":"zsoolxozn48pnmo","previousOperationId":"71oklv3pl8d310g"}
{"type":"log","timestamp":1663440197512,"level":"debug","message":"Starting child request to render pdf footer","meta":{"rootId":"578ro8u5kyk9cre","id":"578ro8u5kyk9cre"},"id":"37m3nxmrosvybt2","previousOperationId":"jhtmydd1wq7bvgl"}
{"type":"operationStart","subtype":"render","name":"anonymous","previousOperationId":"jhtmydd1wq7bvgl","timestamp":1663440197513,"id":"lycmytjqbgw0jm1","previousEventId":"kqov5ooytju29wi","operationId":"xzw6wams6ijv90y"}
{"type":"log","timestamp":1663440197513,"level":"info","message":"Starting rendering request 1 (user: null)","meta":{"rootId":"578ro8u5kyk9cre","id":"7qynzsv2evm99dx"},"id":"c3kbudd6a8rkl4p","previousOperationId":"xzw6wams6ijv90y"}
{"type":"log","timestamp":1663440197513,"level":"info","message":"Rendering anonymous template { recipe: html, engine: handlebars }","meta":{"rootId":"578ro8u5kyk9cre","id":"7qynzsv2evm99dx"},"id":"a72oi4yntv0ii7l","previousOperationId":"xzw6wams6ijv90y"}
{"type":"log","timestamp":1663440197514,"level":"debug","message":"Inline data specified.","meta":{"rootId":"578ro8u5kyk9cre","id":"7qynzsv2evm99dx"},"id":"v6drd4dg8uf5i8q","previousOperationId":"xzw6wams6ijv90y"}
{"type":"log","timestamp":1663440197520,"level":"debug","message":"Base url not specified, skipping its injection.","meta":{"rootId":"578ro8u5kyk9cre","id":"7qynzsv2evm99dx"},"id":"1xmj42l79thchis","previousOperationId":"xzw6wams6ijv90y"}
{"type":"operationStart","subtype":"engine","name":"handlebars","timestamp":1663440197520,"id":"glk56v4s7yaqule","previousEventId":"lycmytjqbgw0jm1","operationId":"rbj4o06tuxhwhhn","previousOperationId":"xzw6wams6ijv90y"}
{"type":"log","timestamp":1663440197520,"level":"debug","message":"Rendering engine handlebars","meta":{"rootId":"578ro8u5kyk9cre","id":"7qynzsv2evm99dx"},"id":"tcqt8wur4jicsff","previousOperationId":"rbj4o06tuxhwhhn"}
{"type":"operationEnd","operationId":"rbj4o06tuxhwhhn","timestamp":1663440197559,"id":"6hfu7zf4x9aaira","previousEventId":"glk56v4s7yaqule","previousOperationId":"rbj4o06tuxhwhhn"}
{"type":"operationStart","subtype":"recipe","name":"html","timestamp":1663440197560,"id":"p9n0rdyy95b7qc6","previousEventId":"6hfu7zf4x9aaira","operationId":"q9qa3ufb57i7126","previousOperationId":"rbj4o06tuxhwhhn"}
{"type":"log","timestamp":1663440197560,"level":"debug","message":"Executing recipe html","meta":{"rootId":"578ro8u5kyk9cre","id":"7qynzsv2evm99dx"},"id":"n3nz3z92wqwnh19","previousOperationId":"q9qa3ufb57i7126"}
{"type":"operationEnd","operationId":"q9qa3ufb57i7126","timestamp":1663440197560,"id":"5uzfx30v9a6dhdl","previousEventId":"p9n0rdyy95b7qc6","previousOperationId":"q9qa3ufb57i7126"}
{"type":"log","timestamp":1663440197560,"level":"debug","message":"Skipping storing report.","meta":{"rootId":"578ro8u5kyk9cre","id":"7qynzsv2evm99dx"},"id":"eosoefkzumxbafb","previousOperationId":"q9qa3ufb57i7126"}
{"type":"log","timestamp":1663440197560,"level":"info","message":"Rendering request 1 finished in 2084 ms","meta":{"rootId":"578ro8u5kyk9cre","id":"7qynzsv2evm99dx"},"id":"1qdl94todg88c8c","previousOperationId":"q9qa3ufb57i7126"}
{"type":"operationEnd","subtype":"render","operationId":"xzw6wams6ijv90y","timestamp":1663440197560,"id":"g9x22vf78fd4awm","previousEventId":"5uzfx30v9a6dhdl","previousOperationId":"q9qa3ufb57i7126"}
{"type":"log","timestamp":1663440199451,"level":"debug","message":"Converting with chrome HeadlessChrome/98.0.4758.0 using chrome-pool strategy","meta":{"rootId":"578ro8u5kyk9cre","id":"578ro8u5kyk9cre"},"id":"isc114s2po2272d","previousOperationId":"jhtmydd1wq7bvgl"}
{"type":"log","timestamp":1663440199943,"level":"debug","message":"Page request: GET (document) file:///var/folders/8m/98z140gs3yzbw6jqmpbh8b8m0000gn/T/jsreport/autocleanup/76c3862e-02b5-4b04-91a0-b1415f3e7797-chrome-pdf.html","meta":{"rootId":"578ro8u5kyk9cre","id":"578ro8u5kyk9cre"},"id":"m4ue1hm6f4x0mlg","previousOperationId":"jhtmydd1wq7bvgl"}
{"type":"log","timestamp":1663440200067,"level":"debug","message":"Page request finished: GET (document) file:///var/folders/8m/98z140gs3yzbw6jqmpbh8b8m0000gn/T/jsreport/autocleanup/76c3862e-02b5-4b04-91a0-b1415f3e7797-chrome-pdf.html","meta":{"rootId":"578ro8u5kyk9cre","id":"578ro8u5kyk9cre"},"id":"9at2qm5vj5ncdfz","previousOperationId":"jhtmydd1wq7bvgl"}
{"type":"log","timestamp":1663440200076,"level":"debug","message":"Page request: GET (stylesheet) https://fonts.googleapis.com/css2?family=Montserrat:wght@500&family=Open+Sans:wght@300&display=swap","meta":{"rootId":"578ro8u5kyk9cre","id":"578ro8u5kyk9cre"},"id":"39kybi9a7d9ays4","previousOperationId":"jhtmydd1wq7bvgl"}
{"type":"log","timestamp":1663440200394,"level":"debug","message":"Page request finished: GET (stylesheet) 200 https://fonts.googleapis.com/css2?family=Montserrat:wght@500&family=Open+Sans:wght@300&display=swap","meta":{"rootId":"578ro8u5kyk9cre","id":"578ro8u5kyk9cre"},"id":"yvq6k7p2ipohfgz","previousOperationId":"jhtmydd1wq7bvgl"}
{"type":"log","timestamp":1663440200455,"level":"debug","message":"Page request: GET (font) https://fonts.gstatic.com/s/opensans/v34/memSYaGs126MiZpBA-UvWbX2vVnXBbObj2OVZyOOSr4dVJWUgsiH0B4gaVQUwaEQbjA.woff","meta":{"rootId":"578ro8u5kyk9cre","id":"578ro8u5kyk9cre"},"id":"18jz0e7dplkyqeg","previousOperationId":"jhtmydd1wq7bvgl"}
{"type":"log","timestamp":1663440200505,"level":"debug","message":"Running chrome with params {\"scale\":1,\"displayHeaderFooter\":true,\"headerTemplate\":\"...\",\"footerTemplate\":\"...\",\"printBackground\":true,\"pageRanges\":\"\",\"format\":\"A4\",\"width\":\"\",\"height\":\"\",\"marginTop\":\"350px\",\"marginRight\":\"20px\",\"marginBottom\":\"80px\",\"marginLeft\":\"20px\",\"waitForJS\":false,\"waitForNetworkIddle\":false,\"timeout\":57915,\"waitForNetworkIdle\":false,\"margin\":{\"top\":\"350px\",\"right\":\"20px\",\"bottom\":\"80px\",\"left\":\"20px\"}}","meta":{"rootId":"578ro8u5kyk9cre","id":"578ro8u5kyk9cre"},"id":"n9o3m62bxiraffo","previousOperationId":"jhtmydd1wq7bvgl"}
{"type":"log","timestamp":1663440200520,"level":"debug","message":"Page request: GET (font) https://fonts.gstatic.com/s/opensans/v34/memSYaGs126MiZpBA-UvWbX2vVnXBbObj2OVZyOOSr4dVJWUgsiH0B4gaVQUwaEQbjA.woff","meta":{"rootId":"578ro8u5kyk9cre","id":"578ro8u5kyk9cre"},"id":"sqw941vfhec3eug","previousOperationId":"jhtmydd1wq7bvgl"}
{"type":"operationEnd","operationId":"jhtmydd1wq7bvgl","timestamp":1663440200791,"id":"65w3mbpzfwq8yi9","previousEventId":"kqov5ooytju29wi","previousOperationId":"jhtmydd1wq7bvgl"}
{"type":"log","timestamp":1663440200791,"level":"debug","message":"Skipping storing report.","meta":{"rootId":"578ro8u5kyk9cre","id":"578ro8u5kyk9cre"},"id":"a6r5bmu4gq6uxds","previousOperationId":"jhtmydd1wq7bvgl"}
{"type":"log","timestamp":1663440200791,"level":"info","message":"Rendering request 1 finished in 5315 ms","meta":{"rootId":"578ro8u5kyk9cre","id":"578ro8u5kyk9cre"},"id":"r4bsn38mgohb6f7","previousOperationId":"jhtmydd1wq7bvgl"}
{"type":"operationEnd","subtype":"render","operationId":"qqm4v4resg4sa8x","timestamp":1663440200791,"id":"3m5le71ada0esqr","previousEventId":"65w3mbpzfwq8yi9","previousOperationId":"jhtmydd1wq7bvgl"}
{"type":"operationEnd","doDiffs":false,"previousEventId":"q0b0n83i8dh1j0a","previousOperationId":"9bw1aq6g3419sdp","operationId":"9bw1aq6g3419sdp","timestamp":1663440200801,"id":"hx4zwqqpxbvjgwa"}
