{"type":"operationStart","subtype":"profile","data":{"_id":"cPs3sQt0HUbm0JYY","timestamp":"2022-09-17T15:31:10.413Z","state":"queued","mode":"standard","creationDate":"2022-09-17T15:31:10.418Z","modificationDate":"2022-09-17T15:31:10.418Z","shortid":"aAJssbt","$entitySet":"profiles"},"doDiffs":false,"timestamp":1663428670416,"id":"1yc0h71apd6gu7u","previousOperationId":null,"operationId":"m26fs533hu7ccbu"}
{"type":"log","level":"info","message":"Render request 1 queued for execution and waiting for available worker","previousOperationId":"m26fs533hu7ccbu","timestamp":1663428670416,"id":"w0l618py0qjg54w"}
{"type":"operationStart","subtype":"render","name":"anonymous","previousOperationId":"m26fs533hu7ccbu","timestamp":1663428670449,"id":"k6j69mioxjxk5xd","previousEventId":"1yc0h71apd6gu7u","operationId":"zazvxb1pcu9lcay"}
{"type":"log","timestamp":1663428670451,"level":"info","message":"Starting rendering request 1 (user: null)","meta":{"rootId":"5do9jpsn2c4lz7k","id":"5do9jpsn2c4lz7k"},"id":"8dlg38idzd3mtj1","previousOperationId":"zazvxb1pcu9lcay"}
{"type":"log","timestamp":1663428670454,"level":"info","message":"Rendering anonymous template { recipe: chrome-pdf, engine: handlebars }","meta":{"rootId":"5do9jpsn2c4lz7k","id":"5do9jpsn2c4lz7k"},"id":"aexln9zkphj401b","previousOperationId":"zazvxb1pcu9lcay"}
{"type":"log","timestamp":1663428670455,"level":"debug","message":"Inline data specified.","meta":{"rootId":"5do9jpsn2c4lz7k","id":"5do9jpsn2c4lz7k"},"id":"4qi2pimmm3f21sd","previousOperationId":"zazvxb1pcu9lcay"}
{"type":"log","timestamp":1663428670463,"level":"debug","message":"Base url not specified, skipping its injection.","meta":{"rootId":"5do9jpsn2c4lz7k","id":"5do9jpsn2c4lz7k"},"id":"fxs728knp7n7x2t","previousOperationId":"zazvxb1pcu9lcay"}
{"type":"operationStart","subtype":"engine","name":"handlebars","timestamp":1663428670465,"id":"i511pz1u8n7awha","previousEventId":"k6j69mioxjxk5xd","operationId":"0e3if5ndgdjyvfj","previousOperationId":"zazvxb1pcu9lcay"}
{"type":"log","timestamp":1663428670465,"level":"debug","message":"Rendering engine handlebars","meta":{"rootId":"5do9jpsn2c4lz7k","id":"5do9jpsn2c4lz7k"},"id":"frz9fslk2qqit4p","previousOperationId":"0e3if5ndgdjyvfj"}
{"type":"operationEnd","operationId":"0e3if5ndgdjyvfj","timestamp":1663428671580,"id":"fnumec8go8d8zcs","previousEventId":"i511pz1u8n7awha","previousOperationId":"0e3if5ndgdjyvfj"}
{"type":"operationStart","subtype":"recipe","name":"chrome-pdf","timestamp":1663428671581,"id":"qu42p7dokbsd2bn","previousEventId":"fnumec8go8d8zcs","operationId":"2811lp3e58uy4m7","previousOperationId":"0e3if5ndgdjyvfj"}
{"type":"log","timestamp":1663428671581,"level":"debug","message":"Executing recipe chrome-pdf","meta":{"rootId":"5do9jpsn2c4lz7k","id":"5do9jpsn2c4lz7k"},"id":"9fwb0g1vq91or2q","previousOperationId":"2811lp3e58uy4m7"}
{"type":"log","timestamp":1663428671694,"level":"debug","message":"Starting child request to render pdf header","meta":{"rootId":"5do9jpsn2c4lz7k","id":"5do9jpsn2c4lz7k"},"id":"f2fvoekx9rhrwd3","previousOperationId":"2811lp3e58uy4m7"}
{"type":"operationStart","subtype":"render","name":"anonymous","previousOperationId":"2811lp3e58uy4m7","timestamp":1663428671695,"id":"sg2vzfoc92u0yxz","previousEventId":"qu42p7dokbsd2bn","operationId":"edcuvs4fsl0r8sj"}
{"type":"log","timestamp":1663428671695,"level":"info","message":"Starting rendering request 1 (user: null)","meta":{"rootId":"5do9jpsn2c4lz7k","id":"2me9b77901cxr9b"},"id":"an421mwdsk4ba9t","previousOperationId":"edcuvs4fsl0r8sj"}
{"type":"log","timestamp":1663428671696,"level":"info","message":"Rendering anonymous template { recipe: html, engine: handlebars }","meta":{"rootId":"5do9jpsn2c4lz7k","id":"2me9b77901cxr9b"},"id":"p863u5lzugfjlct","previousOperationId":"edcuvs4fsl0r8sj"}
{"type":"log","timestamp":1663428671696,"level":"debug","message":"Inline data specified.","meta":{"rootId":"5do9jpsn2c4lz7k","id":"2me9b77901cxr9b"},"id":"kin66guwkm910jc","previousOperationId":"edcuvs4fsl0r8sj"}
{"type":"log","timestamp":1663428671712,"level":"debug","message":"Base url not specified, skipping its injection.","meta":{"rootId":"5do9jpsn2c4lz7k","id":"2me9b77901cxr9b"},"id":"koyxe5v7ya63a1x","previousOperationId":"edcuvs4fsl0r8sj"}
{"type":"log","timestamp":1663428671728,"level":"debug","message":"Replaced assets [\"./src/reporting/assets/logo.png\"]","meta":{"rootId":"5do9jpsn2c4lz7k","id":"2me9b77901cxr9b"},"id":"dedpt6glqc8es67","previousOperationId":"edcuvs4fsl0r8sj"}
{"type":"operationStart","subtype":"engine","name":"handlebars","timestamp":1663428671728,"id":"az5k1od58qxca96","previousEventId":"sg2vzfoc92u0yxz","operationId":"gi0q6kui3c2xk47","previousOperationId":"edcuvs4fsl0r8sj"}
{"type":"log","timestamp":1663428671728,"level":"debug","message":"Rendering engine handlebars","meta":{"rootId":"5do9jpsn2c4lz7k","id":"2me9b77901cxr9b"},"id":"73tgcrmxa5trki3","previousOperationId":"gi0q6kui3c2xk47"}
{"type":"operationEnd","operationId":"gi0q6kui3c2xk47","timestamp":1663428671752,"id":"9rn5edh8nrq8ow3","previousEventId":"az5k1od58qxca96","previousOperationId":"gi0q6kui3c2xk47"}
{"type":"operationStart","subtype":"recipe","name":"html","timestamp":1663428671753,"id":"91nxm7omubivtez","previousEventId":"9rn5edh8nrq8ow3","operationId":"h044r6zdgeyj95b","previousOperationId":"gi0q6kui3c2xk47"}
{"type":"log","timestamp":1663428671753,"level":"debug","message":"Executing recipe html","meta":{"rootId":"5do9jpsn2c4lz7k","id":"2me9b77901cxr9b"},"id":"zh4uafgsmlj0ce8","previousOperationId":"h044r6zdgeyj95b"}
{"type":"operationEnd","operationId":"h044r6zdgeyj95b","timestamp":1663428671753,"id":"sxtk2sdkujb99dq","previousEventId":"91nxm7omubivtez","previousOperationId":"h044r6zdgeyj95b"}
{"type":"log","timestamp":1663428671754,"level":"debug","message":"Skipping storing report.","meta":{"rootId":"5do9jpsn2c4lz7k","id":"2me9b77901cxr9b"},"id":"6hidxmpio20kaio","previousOperationId":"h044r6zdgeyj95b"}
{"type":"log","timestamp":1663428671754,"level":"info","message":"Rendering request 1 finished in 1342 ms","meta":{"rootId":"5do9jpsn2c4lz7k","id":"2me9b77901cxr9b"},"id":"oaccw3w40zs70il","previousOperationId":"h044r6zdgeyj95b"}
{"type":"operationEnd","subtype":"render","operationId":"edcuvs4fsl0r8sj","timestamp":1663428671755,"id":"968wxx7ebfbkavg","previousEventId":"sxtk2sdkujb99dq","previousOperationId":"h044r6zdgeyj95b"}
{"type":"log","timestamp":1663428671755,"level":"debug","message":"Starting child request to render pdf footer","meta":{"rootId":"5do9jpsn2c4lz7k","id":"5do9jpsn2c4lz7k"},"id":"hpnzzsfnraznwbv","previousOperationId":"2811lp3e58uy4m7"}
{"type":"operationStart","subtype":"render","name":"anonymous","previousOperationId":"2811lp3e58uy4m7","timestamp":1663428671755,"id":"t6vpxrobvosopri","previousEventId":"qu42p7dokbsd2bn","operationId":"9qdipssh4ctmbs2"}
{"type":"log","timestamp":1663428671755,"level":"info","message":"Starting rendering request 1 (user: null)","meta":{"rootId":"5do9jpsn2c4lz7k","id":"i0hj4kz5yzoffyl"},"id":"cvbgfxszm7rr69m","previousOperationId":"9qdipssh4ctmbs2"}
{"type":"log","timestamp":1663428671756,"level":"info","message":"Rendering anonymous template { recipe: html, engine: handlebars }","meta":{"rootId":"5do9jpsn2c4lz7k","id":"i0hj4kz5yzoffyl"},"id":"yh1a3zfkj4j5fyf","previousOperationId":"9qdipssh4ctmbs2"}
{"type":"log","timestamp":1663428671756,"level":"debug","message":"Inline data specified.","meta":{"rootId":"5do9jpsn2c4lz7k","id":"i0hj4kz5yzoffyl"},"id":"77kxkabpc5bdj3a","previousOperationId":"9qdipssh4ctmbs2"}
{"type":"log","timestamp":1663428671759,"level":"debug","message":"Base url not specified, skipping its injection.","meta":{"rootId":"5do9jpsn2c4lz7k","id":"i0hj4kz5yzoffyl"},"id":"38duf594ewptvpc","previousOperationId":"9qdipssh4ctmbs2"}
{"type":"operationStart","subtype":"engine","name":"handlebars","timestamp":1663428671760,"id":"hihlc11p0kvfktw","previousEventId":"t6vpxrobvosopri","operationId":"436lyhu54zvk3kw","previousOperationId":"9qdipssh4ctmbs2"}
{"type":"log","timestamp":1663428671760,"level":"debug","message":"Rendering engine handlebars","meta":{"rootId":"5do9jpsn2c4lz7k","id":"i0hj4kz5yzoffyl"},"id":"y605zckczp2tpit","previousOperationId":"436lyhu54zvk3kw"}
{"type":"operationEnd","operationId":"436lyhu54zvk3kw","timestamp":1663428671804,"id":"f0cnjr71f09fvj1","previousEventId":"hihlc11p0kvfktw","previousOperationId":"436lyhu54zvk3kw"}
{"type":"operationStart","subtype":"recipe","name":"html","timestamp":1663428671805,"id":"w08q043u7n8ngqg","previousEventId":"f0cnjr71f09fvj1","operationId":"319ehe0356pzmwy","previousOperationId":"436lyhu54zvk3kw"}
{"type":"log","timestamp":1663428671805,"level":"debug","message":"Executing recipe html","meta":{"rootId":"5do9jpsn2c4lz7k","id":"i0hj4kz5yzoffyl"},"id":"wvd3u7bef5wl5yr","previousOperationId":"319ehe0356pzmwy"}
{"type":"operationEnd","operationId":"319ehe0356pzmwy","timestamp":1663428671805,"id":"r2ka9rboxgyyy12","previousEventId":"w08q043u7n8ngqg","previousOperationId":"319ehe0356pzmwy"}
{"type":"log","timestamp":1663428671805,"level":"debug","message":"Skipping storing report.","meta":{"rootId":"5do9jpsn2c4lz7k","id":"i0hj4kz5yzoffyl"},"id":"yp1rx48c09pzplx","previousOperationId":"319ehe0356pzmwy"}
{"type":"log","timestamp":1663428671805,"level":"info","message":"Rendering request 1 finished in 1393 ms","meta":{"rootId":"5do9jpsn2c4lz7k","id":"i0hj4kz5yzoffyl"},"id":"1ihkfz4bfykg749","previousOperationId":"319ehe0356pzmwy"}
{"type":"operationEnd","subtype":"render","operationId":"9qdipssh4ctmbs2","timestamp":1663428671805,"id":"43hm3x2s9vc4uov","previousEventId":"r2ka9rboxgyyy12","previousOperationId":"319ehe0356pzmwy"}
{"type":"log","timestamp":1663428673527,"level":"debug","message":"Converting with chrome HeadlessChrome/98.0.4758.0 using chrome-pool strategy","meta":{"rootId":"5do9jpsn2c4lz7k","id":"5do9jpsn2c4lz7k"},"id":"h6si79dr3dp78c3","previousOperationId":"2811lp3e58uy4m7"}
{"type":"log","timestamp":1663428673798,"level":"debug","message":"Page request: GET (document) file:///var/folders/8m/98z140gs3yzbw6jqmpbh8b8m0000gn/T/jsreport/autocleanup/1ae4c075-3238-4d2a-a971-7297ed60323d-chrome-pdf.html","meta":{"rootId":"5do9jpsn2c4lz7k","id":"5do9jpsn2c4lz7k"},"id":"71zostps27hglsb","previousOperationId":"2811lp3e58uy4m7"}
{"type":"log","timestamp":1663428673816,"level":"debug","message":"Page request finished: GET (document) file:///var/folders/8m/98z140gs3yzbw6jqmpbh8b8m0000gn/T/jsreport/autocleanup/1ae4c075-3238-4d2a-a971-7297ed60323d-chrome-pdf.html","meta":{"rootId":"5do9jpsn2c4lz7k","id":"5do9jpsn2c4lz7k"},"id":"sbefdp6n920j3fa","previousOperationId":"2811lp3e58uy4m7"}
{"type":"log","timestamp":1663428673822,"level":"debug","message":"Page request: GET (stylesheet) https://fonts.googleapis.com/css2?family=Montserrat:wght@500&family=Open+Sans:wght@300&display=swap","meta":{"rootId":"5do9jpsn2c4lz7k","id":"5do9jpsn2c4lz7k"},"id":"dh5072mh1eydddw","previousOperationId":"2811lp3e58uy4m7"}
{"type":"log","timestamp":1663428674129,"level":"debug","message":"Page request finished: GET (stylesheet) 200 https://fonts.googleapis.com/css2?family=Montserrat:wght@500&family=Open+Sans:wght@300&display=swap","meta":{"rootId":"5do9jpsn2c4lz7k","id":"5do9jpsn2c4lz7k"},"id":"zak3l03eazrz9n7","previousOperationId":"2811lp3e58uy4m7"}
{"type":"log","timestamp":1663428674164,"level":"debug","message":"Page request: GET (font) https://fonts.gstatic.com/s/opensans/v34/memSYaGs126MiZpBA-UvWbX2vVnXBbObj2OVZyOOSr4dVJWUgsiH0B4gaVQUwaEQbjA.woff","meta":{"rootId":"5do9jpsn2c4lz7k","id":"5do9jpsn2c4lz7k"},"id":"jtqr1hxzyb81ww9","previousOperationId":"2811lp3e58uy4m7"}
{"type":"log","timestamp":1663428674209,"level":"debug","message":"Running chrome with params {\"scale\":1,\"displayHeaderFooter\":true,\"headerTemplate\":\"...\",\"footerTemplate\":\"...\",\"printBackground\":true,\"pageRanges\":\"\",\"format\":\"A4\",\"width\":\"\",\"height\":\"\",\"marginTop\":\"350px\",\"marginRight\":\"20px\",\"marginBottom\":\"80px\",\"marginLeft\":\"20px\",\"waitForJS\":false,\"waitForNetworkIddle\":false,\"timeout\":58606,\"waitForNetworkIdle\":false,\"margin\":{\"top\":\"350px\",\"right\":\"20px\",\"bottom\":\"80px\",\"left\":\"20px\"}}","meta":{"rootId":"5do9jpsn2c4lz7k","id":"5do9jpsn2c4lz7k"},"id":"kgono0hm5ao5cao","previousOperationId":"2811lp3e58uy4m7"}
{"type":"log","timestamp":1663428674216,"level":"debug","message":"Page request: GET (font) https://fonts.gstatic.com/s/opensans/v34/memSYaGs126MiZpBA-UvWbX2vVnXBbObj2OVZyOOSr4dVJWUgsiH0B4gaVQUwaEQbjA.woff","meta":{"rootId":"5do9jpsn2c4lz7k","id":"5do9jpsn2c4lz7k"},"id":"9zde54j03opkd3t","previousOperationId":"2811lp3e58uy4m7"}
{"type":"operationEnd","operationId":"2811lp3e58uy4m7","timestamp":1663428674450,"id":"wh7gpr8zhvhuooj","previousEventId":"qu42p7dokbsd2bn","previousOperationId":"2811lp3e58uy4m7"}
{"type":"log","timestamp":1663428674451,"level":"debug","message":"Skipping storing report.","meta":{"rootId":"5do9jpsn2c4lz7k","id":"5do9jpsn2c4lz7k"},"id":"c2nmmjs5bxw6bi1","previousOperationId":"2811lp3e58uy4m7"}
{"type":"log","timestamp":1663428674451,"level":"info","message":"Rendering request 1 finished in 4039 ms","meta":{"rootId":"5do9jpsn2c4lz7k","id":"5do9jpsn2c4lz7k"},"id":"3jf01vabinwulg1","previousOperationId":"2811lp3e58uy4m7"}
{"type":"operationEnd","subtype":"render","operationId":"zazvxb1pcu9lcay","timestamp":1663428674451,"id":"vsh91dgwcw5hskn","previousEventId":"wh7gpr8zhvhuooj","previousOperationId":"2811lp3e58uy4m7"}
{"type":"operationEnd","doDiffs":false,"previousEventId":"1yc0h71apd6gu7u","previousOperationId":"m26fs533hu7ccbu","operationId":"m26fs533hu7ccbu","timestamp":1663428674457,"id":"bknexhj3hze8wi5"}
