{"type":"operationStart","subtype":"profile","data":{"_id":"vL81sLZeX0JFvVzh","timestamp":"2023-01-28T15:30:42.668Z","state":"queued","mode":"standard","creationDate":"2023-01-28T15:30:42.680Z","modificationDate":"2023-01-28T15:30:42.680Z","shortid":"lGDGhXC","$entitySet":"profiles"},"doDiffs":false,"timestamp":1674919842671,"id":"mwh09s12kw8tczz","previousOperationId":null,"operationId":"vmbjzcjp8z48bho"}
{"type":"log","level":"info","message":"Render request 1 queued for execution and waiting for available worker","previousOperationId":"vmbjzcjp8z48bho","timestamp":1674919842671,"id":"cupflqsb9zz9sdu"}
{"type":"operationStart","subtype":"render","name":"anonymous","previousOperationId":"vmbjzcjp8z48bho","timestamp":1674919842733,"id":"m24u2aubs7103oh","previousEventId":"mwh09s12kw8tczz","operationId":"kjuvssasfrfz642"}
{"type":"log","timestamp":1674919842735,"level":"info","message":"Starting rendering request 1 (user: null)","meta":{"rootId":"5kw2y86o2q66yq1","id":"5kw2y86o2q66yq1"},"id":"2f5dbjxqllb5fpl","previousOperationId":"kjuvssasfrfz642"}
{"type":"log","timestamp":1674919842738,"level":"info","message":"Rendering anonymous template { recipe: chrome-pdf, engine: handlebars }","meta":{"rootId":"5kw2y86o2q66yq1","id":"5kw2y86o2q66yq1"},"id":"zs97mz1na3udz6x","previousOperationId":"kjuvssasfrfz642"}
{"type":"log","timestamp":1674919842739,"level":"debug","message":"Inline data specified.","meta":{"rootId":"5kw2y86o2q66yq1","id":"5kw2y86o2q66yq1"},"id":"f2818ddan4t67jr","previousOperationId":"kjuvssasfrfz642"}
{"type":"log","timestamp":1674919842753,"level":"debug","message":"Base url not specified, skipping its injection.","meta":{"rootId":"5kw2y86o2q66yq1","id":"5kw2y86o2q66yq1"},"id":"lrp21wylewpzlsc","previousOperationId":"kjuvssasfrfz642"}
{"type":"operationStart","subtype":"engine","name":"handlebars","timestamp":1674919842759,"id":"f5obv6ms3s168g9","previousEventId":"m24u2aubs7103oh","operationId":"7do278a4benbdpo","previousOperationId":"kjuvssasfrfz642"}
{"type":"log","timestamp":1674919842759,"level":"debug","message":"Rendering engine handlebars","meta":{"rootId":"5kw2y86o2q66yq1","id":"5kw2y86o2q66yq1"},"id":"ecujivwai1dbhuv","previousOperationId":"7do278a4benbdpo"}
{"type":"operationEnd","operationId":"7do278a4benbdpo","timestamp":1674919844020,"id":"zg48nqi7sk0r7qz","previousEventId":"f5obv6ms3s168g9","previousOperationId":"7do278a4benbdpo"}
{"type":"operationStart","subtype":"recipe","name":"chrome-pdf","timestamp":1674919844021,"id":"5agvsbrf8zkza7m","previousEventId":"zg48nqi7sk0r7qz","operationId":"7sb58id3ib5qcj8","previousOperationId":"7do278a4benbdpo"}
{"type":"log","timestamp":1674919844021,"level":"debug","message":"Executing recipe chrome-pdf","meta":{"rootId":"5kw2y86o2q66yq1","id":"5kw2y86o2q66yq1"},"id":"2hdatttuztu0hi1","previousOperationId":"7sb58id3ib5qcj8"}
{"type":"log","timestamp":1674919844168,"level":"debug","message":"Starting child request to render pdf header","meta":{"rootId":"5kw2y86o2q66yq1","id":"5kw2y86o2q66yq1"},"id":"ql1519xqjje1tbn","previousOperationId":"7sb58id3ib5qcj8"}
{"type":"operationStart","subtype":"render","name":"anonymous","previousOperationId":"7sb58id3ib5qcj8","timestamp":1674919844169,"id":"njo35y6zx5t0kay","previousEventId":"5agvsbrf8zkza7m","operationId":"84v94moxwvdlt23"}
{"type":"log","timestamp":1674919844169,"level":"info","message":"Starting rendering request 1 (user: null)","meta":{"rootId":"5kw2y86o2q66yq1","id":"ljsuupq5toz9pjw"},"id":"coi4m43cata5nym","previousOperationId":"84v94moxwvdlt23"}
{"type":"log","timestamp":1674919844169,"level":"info","message":"Rendering anonymous template { recipe: html, engine: handlebars }","meta":{"rootId":"5kw2y86o2q66yq1","id":"ljsuupq5toz9pjw"},"id":"qjfsc2zzi6lnmqw","previousOperationId":"84v94moxwvdlt23"}
{"type":"log","timestamp":1674919844170,"level":"debug","message":"Inline data specified.","meta":{"rootId":"5kw2y86o2q66yq1","id":"ljsuupq5toz9pjw"},"id":"wcsyi882w4hvdbq","previousOperationId":"84v94moxwvdlt23"}
{"type":"log","timestamp":1674919844173,"level":"debug","message":"Base url not specified, skipping its injection.","meta":{"rootId":"5kw2y86o2q66yq1","id":"ljsuupq5toz9pjw"},"id":"3vyt20izlgmyskn","previousOperationId":"84v94moxwvdlt23"}
{"type":"log","timestamp":1674919844183,"level":"debug","message":"Replaced assets [\"./src/reporting/assets/logo.png\"]","meta":{"rootId":"5kw2y86o2q66yq1","id":"ljsuupq5toz9pjw"},"id":"2n4paeszud798uo","previousOperationId":"84v94moxwvdlt23"}
{"type":"operationStart","subtype":"engine","name":"handlebars","timestamp":1674919844183,"id":"6x4lrdp3e6rwk3j","previousEventId":"njo35y6zx5t0kay","operationId":"7v9e8rb4wps56b2","previousOperationId":"84v94moxwvdlt23"}
{"type":"log","timestamp":1674919844183,"level":"debug","message":"Rendering engine handlebars","meta":{"rootId":"5kw2y86o2q66yq1","id":"ljsuupq5toz9pjw"},"id":"f23m2e0zsla9snp","previousOperationId":"7v9e8rb4wps56b2"}
{"type":"operationEnd","operationId":"7v9e8rb4wps56b2","timestamp":1674919844210,"id":"e42cj3ubi6wh0qm","previousEventId":"6x4lrdp3e6rwk3j","previousOperationId":"7v9e8rb4wps56b2"}
{"type":"operationStart","subtype":"recipe","name":"html","timestamp":1674919844211,"id":"91l3wdkk7rllimg","previousEventId":"e42cj3ubi6wh0qm","operationId":"zvutjwxzao07ll0","previousOperationId":"7v9e8rb4wps56b2"}
{"type":"log","timestamp":1674919844211,"level":"debug","message":"Executing recipe html","meta":{"rootId":"5kw2y86o2q66yq1","id":"ljsuupq5toz9pjw"},"id":"siojhgk7uoipafx","previousOperationId":"zvutjwxzao07ll0"}
{"type":"operationEnd","operationId":"zvutjwxzao07ll0","timestamp":1674919844211,"id":"x4p8aaqerdk34sb","previousEventId":"91l3wdkk7rllimg","previousOperationId":"zvutjwxzao07ll0"}
{"type":"log","timestamp":1674919844212,"level":"debug","message":"Skipping storing report.","meta":{"rootId":"5kw2y86o2q66yq1","id":"ljsuupq5toz9pjw"},"id":"nqitbe7tnvc6s17","previousOperationId":"zvutjwxzao07ll0"}
{"type":"log","timestamp":1674919844213,"level":"info","message":"Rendering request 1 finished in 1546 ms","meta":{"rootId":"5kw2y86o2q66yq1","id":"ljsuupq5toz9pjw"},"id":"vwvam9yvyd9lfwp","previousOperationId":"zvutjwxzao07ll0"}
{"type":"operationEnd","subtype":"render","operationId":"84v94moxwvdlt23","timestamp":1674919844213,"id":"vqd0a8tw1rwixsr","previousEventId":"x4p8aaqerdk34sb","previousOperationId":"zvutjwxzao07ll0"}
{"type":"log","timestamp":1674919844213,"level":"debug","message":"Starting child request to render pdf footer","meta":{"rootId":"5kw2y86o2q66yq1","id":"5kw2y86o2q66yq1"},"id":"euwci14do2mf3r7","previousOperationId":"7sb58id3ib5qcj8"}
{"type":"operationStart","subtype":"render","name":"anonymous","previousOperationId":"7sb58id3ib5qcj8","timestamp":1674919844213,"id":"gfgdkvr099p79jn","previousEventId":"5agvsbrf8zkza7m","operationId":"bq2zgrjg148g7xc"}
{"type":"log","timestamp":1674919844213,"level":"info","message":"Starting rendering request 1 (user: null)","meta":{"rootId":"5kw2y86o2q66yq1","id":"im7n4gelhfp6kya"},"id":"74oi4tx095ugzme","previousOperationId":"bq2zgrjg148g7xc"}
{"type":"log","timestamp":1674919844214,"level":"info","message":"Rendering anonymous template { recipe: html, engine: handlebars }","meta":{"rootId":"5kw2y86o2q66yq1","id":"im7n4gelhfp6kya"},"id":"23emrof00ulcuxn","previousOperationId":"bq2zgrjg148g7xc"}
{"type":"log","timestamp":1674919844214,"level":"debug","message":"Inline data specified.","meta":{"rootId":"5kw2y86o2q66yq1","id":"im7n4gelhfp6kya"},"id":"2bt3cjvffqg3vdg","previousOperationId":"bq2zgrjg148g7xc"}
{"type":"log","timestamp":1674919844216,"level":"debug","message":"Base url not specified, skipping its injection.","meta":{"rootId":"5kw2y86o2q66yq1","id":"im7n4gelhfp6kya"},"id":"n3tc67rt78zs167","previousOperationId":"bq2zgrjg148g7xc"}
{"type":"operationStart","subtype":"engine","name":"handlebars","timestamp":1674919844216,"id":"7cq03s48p0tqxbw","previousEventId":"gfgdkvr099p79jn","operationId":"ly756m9igif65d5","previousOperationId":"bq2zgrjg148g7xc"}
{"type":"log","timestamp":1674919844217,"level":"debug","message":"Rendering engine handlebars","meta":{"rootId":"5kw2y86o2q66yq1","id":"im7n4gelhfp6kya"},"id":"vtslelircidrjj0","previousOperationId":"ly756m9igif65d5"}
{"type":"operationEnd","operationId":"ly756m9igif65d5","timestamp":1674919844252,"id":"md1v0m882yspv4f","previousEventId":"7cq03s48p0tqxbw","previousOperationId":"ly756m9igif65d5"}
{"type":"operationStart","subtype":"recipe","name":"html","timestamp":1674919844253,"id":"halx66pfspry6m4","previousEventId":"md1v0m882yspv4f","operationId":"e8ns72ul0ybxuab","previousOperationId":"ly756m9igif65d5"}
{"type":"log","timestamp":1674919844253,"level":"debug","message":"Executing recipe html","meta":{"rootId":"5kw2y86o2q66yq1","id":"im7n4gelhfp6kya"},"id":"46p6g2uhfq9m8vk","previousOperationId":"e8ns72ul0ybxuab"}
{"type":"operationEnd","operationId":"e8ns72ul0ybxuab","timestamp":1674919844253,"id":"xr114clluv70cnw","previousEventId":"halx66pfspry6m4","previousOperationId":"e8ns72ul0ybxuab"}
{"type":"log","timestamp":1674919844253,"level":"debug","message":"Skipping storing report.","meta":{"rootId":"5kw2y86o2q66yq1","id":"im7n4gelhfp6kya"},"id":"e31xy6yhypdne8h","previousOperationId":"e8ns72ul0ybxuab"}
{"type":"log","timestamp":1674919844253,"level":"info","message":"Rendering request 1 finished in 1586 ms","meta":{"rootId":"5kw2y86o2q66yq1","id":"im7n4gelhfp6kya"},"id":"gh4yxwex39lu0ux","previousOperationId":"e8ns72ul0ybxuab"}
{"type":"operationEnd","subtype":"render","operationId":"bq2zgrjg148g7xc","timestamp":1674919844253,"id":"g2inafdazat5gdy","previousEventId":"xr114clluv70cnw","previousOperationId":"e8ns72ul0ybxuab"}
{"type":"log","timestamp":1674919844463,"level":"debug","message":"Converting with chrome HeadlessChrome/98.0.4758.0 using chrome-pool strategy","meta":{"rootId":"5kw2y86o2q66yq1","id":"5kw2y86o2q66yq1"},"id":"o5jymfw1ov13yhl","previousOperationId":"7sb58id3ib5qcj8"}
{"type":"log","timestamp":1674919844704,"level":"debug","message":"Page request: GET (document) file:///C:/Users/ADMINI~1/AppData/Local/Temp/jsreport/autocleanup/7517322a-d0ff-4f9e-a3f2-cddefe50666b-chrome-pdf.html","meta":{"rootId":"5kw2y86o2q66yq1","id":"5kw2y86o2q66yq1"},"id":"q7fdrjkcefwg9ma","previousOperationId":"7sb58id3ib5qcj8"}
{"type":"log","timestamp":1674919844739,"level":"debug","message":"Page request finished: GET (document) file:///C:/Users/ADMINI~1/AppData/Local/Temp/jsreport/autocleanup/7517322a-d0ff-4f9e-a3f2-cddefe50666b-chrome-pdf.html","meta":{"rootId":"5kw2y86o2q66yq1","id":"5kw2y86o2q66yq1"},"id":"vu8joh1ialnozv6","previousOperationId":"7sb58id3ib5qcj8"}
{"type":"log","timestamp":1674919844743,"level":"debug","message":"Page request: GET (stylesheet) https://fonts.googleapis.com/css2?family=Montserrat:wght@500&family=Open+Sans:wght@300&display=swap","meta":{"rootId":"5kw2y86o2q66yq1","id":"5kw2y86o2q66yq1"},"id":"pm7e7drzns4yxn7","previousOperationId":"7sb58id3ib5qcj8"}
{"type":"log","timestamp":1674919844990,"level":"debug","message":"Page request finished: GET (stylesheet) 200 https://fonts.googleapis.com/css2?family=Montserrat:wght@500&family=Open+Sans:wght@300&display=swap","meta":{"rootId":"5kw2y86o2q66yq1","id":"5kw2y86o2q66yq1"},"id":"4gv4acipkrgtprk","previousOperationId":"7sb58id3ib5qcj8"}
{"type":"log","timestamp":1674919845039,"level":"debug","message":"Page request: GET (font) https://fonts.gstatic.com/s/opensans/v34/memSYaGs126MiZpBA-UvWbX2vVnXBbObj2OVZyOOSr4dVJWUgsiH0B4gaVI.woff2","meta":{"rootId":"5kw2y86o2q66yq1","id":"5kw2y86o2q66yq1"},"id":"59bd47csjm9uf08","previousOperationId":"7sb58id3ib5qcj8"}
{"type":"log","timestamp":1674919845047,"level":"debug","message":"Running chrome with params {\"scale\":1,\"displayHeaderFooter\":true,\"headerTemplate\":\"...\",\"footerTemplate\":\"...\",\"printBackground\":true,\"pageRanges\":\"\",\"format\":\"A4\",\"width\":\"\",\"height\":\"\",\"marginTop\":\"350px\",\"marginRight\":\"20px\",\"marginBottom\":\"80px\",\"marginLeft\":\"20px\",\"waitForJS\":false,\"waitForNetworkIddle\":false,\"timeout\":58413,\"waitForNetworkIdle\":false,\"margin\":{\"top\":\"350px\",\"right\":\"20px\",\"bottom\":\"80px\",\"left\":\"20px\"}}","meta":{"rootId":"5kw2y86o2q66yq1","id":"5kw2y86o2q66yq1"},"id":"n4pzwg7ku6l50jt","previousOperationId":"7sb58id3ib5qcj8"}
{"type":"log","timestamp":1674919845051,"level":"debug","message":"Page request: GET (font) https://fonts.gstatic.com/s/opensans/v34/memSYaGs126MiZpBA-UvWbX2vVnXBbObj2OVZyOOSr4dVJWUgsiH0B4gaVI.woff2","meta":{"rootId":"5kw2y86o2q66yq1","id":"5kw2y86o2q66yq1"},"id":"3zox6zj28vfetki","previousOperationId":"7sb58id3ib5qcj8"}
{"type":"log","timestamp":1674919845308,"level":"debug","message":"Page request finished: GET (font) 200 https://fonts.gstatic.com/s/opensans/v34/memSYaGs126MiZpBA-UvWbX2vVnXBbObj2OVZyOOSr4dVJWUgsiH0B4gaVI.woff2","meta":{"rootId":"5kw2y86o2q66yq1","id":"5kw2y86o2q66yq1"},"id":"wjk50nzljiz2502","previousOperationId":"7sb58id3ib5qcj8"}
{"type":"operationEnd","operationId":"7sb58id3ib5qcj8","timestamp":1674919845360,"id":"rwp4rp1fl1kpztu","previousEventId":"5agvsbrf8zkza7m","previousOperationId":"7sb58id3ib5qcj8"}
{"type":"log","timestamp":1674919845360,"level":"debug","message":"Skipping storing report.","meta":{"rootId":"5kw2y86o2q66yq1","id":"5kw2y86o2q66yq1"},"id":"w4vve1qd88ph816","previousOperationId":"7sb58id3ib5qcj8"}
{"type":"log","timestamp":1674919845360,"level":"info","message":"Rendering request 1 finished in 2693 ms","meta":{"rootId":"5kw2y86o2q66yq1","id":"5kw2y86o2q66yq1"},"id":"j9sa5t4kbhz3n90","previousOperationId":"7sb58id3ib5qcj8"}
{"type":"operationEnd","subtype":"render","operationId":"kjuvssasfrfz642","timestamp":1674919845360,"id":"y40np4dcjfiaveb","previousEventId":"rwp4rp1fl1kpztu","previousOperationId":"7sb58id3ib5qcj8"}
{"type":"operationEnd","doDiffs":false,"previousEventId":"mwh09s12kw8tczz","previousOperationId":"vmbjzcjp8z48bho","operationId":"vmbjzcjp8z48bho","timestamp":1674919845369,"id":"njbifj1zb7tdk6j"}
