{"type":"operationStart","subtype":"profile","data":{"_id":"Rt7ggU4Kfbw10rtF","timestamp":"2022-10-05T20:41:36.325Z","state":"queued","mode":"standard","creationDate":"2022-10-05T20:41:36.330Z","modificationDate":"2022-10-05T20:41:36.330Z","shortid":"uRt5gKX","$entitySet":"profiles"},"doDiffs":false,"timestamp":1665002496329,"id":"qmn4xqtc5q3lxwc","previousOperationId":null,"operationId":"hpf29oiqauhv5ci"}
{"type":"log","level":"info","message":"Render request 2 queued for execution and waiting for available worker","previousOperationId":"hpf29oiqauhv5ci","timestamp":1665002496329,"id":"s8lfblnagqvzf4l"}
{"type":"operationStart","subtype":"render","name":"anonymous","previousOperationId":"hpf29oiqauhv5ci","timestamp":1665002496350,"id":"8o0ckv8y4md8729","previousEventId":"qmn4xqtc5q3lxwc","operationId":"5gqvrsgozy1kywa"}
{"type":"log","timestamp":1665002496352,"level":"info","message":"Starting rendering request 2 (user: null)","meta":{"rootId":"5l0pvrf8wgktmvk","id":"5l0pvrf8wgktmvk"},"id":"po0zaklu7mviu4l","previousOperationId":"5gqvrsgozy1kywa"}
{"type":"log","timestamp":1665002496355,"level":"info","message":"Rendering anonymous template { recipe: chrome-pdf, engine: handlebars }","meta":{"rootId":"5l0pvrf8wgktmvk","id":"5l0pvrf8wgktmvk"},"id":"ti470vnjwmi9nxr","previousOperationId":"5gqvrsgozy1kywa"}
{"type":"log","timestamp":1665002496356,"level":"debug","message":"Inline data specified.","meta":{"rootId":"5l0pvrf8wgktmvk","id":"5l0pvrf8wgktmvk"},"id":"l2hy1ieovdjzo18","previousOperationId":"5gqvrsgozy1kywa"}
{"type":"log","timestamp":1665002496360,"level":"debug","message":"Base url not specified, skipping its injection.","meta":{"rootId":"5l0pvrf8wgktmvk","id":"5l0pvrf8wgktmvk"},"id":"odpqbglhrelqkdx","previousOperationId":"5gqvrsgozy1kywa"}
{"type":"operationStart","subtype":"engine","name":"handlebars","timestamp":1665002496364,"id":"doiwvdxq4z8tgvt","previousEventId":"8o0ckv8y4md8729","operationId":"kjqrf9i6deysy6e","previousOperationId":"5gqvrsgozy1kywa"}
{"type":"log","timestamp":1665002496364,"level":"debug","message":"Rendering engine handlebars","meta":{"rootId":"5l0pvrf8wgktmvk","id":"5l0pvrf8wgktmvk"},"id":"rr5y4lbvpj8xubl","previousOperationId":"kjqrf9i6deysy6e"}
{"type":"operationEnd","operationId":"kjqrf9i6deysy6e","timestamp":1665002498253,"id":"qdydiv1h33y684z","previousEventId":"doiwvdxq4z8tgvt","previousOperationId":"kjqrf9i6deysy6e"}
{"type":"operationStart","subtype":"recipe","name":"chrome-pdf","timestamp":1665002498255,"id":"2fl5xbxex3kgwtk","previousEventId":"qdydiv1h33y684z","operationId":"5plxwh039ndmrbe","previousOperationId":"kjqrf9i6deysy6e"}
{"type":"log","timestamp":1665002498255,"level":"debug","message":"Executing recipe chrome-pdf","meta":{"rootId":"5l0pvrf8wgktmvk","id":"5l0pvrf8wgktmvk"},"id":"3md7k5tg8yy6qkc","previousOperationId":"5plxwh039ndmrbe"}
{"type":"log","timestamp":1665002498632,"level":"debug","message":"Starting child request to render pdf header","meta":{"rootId":"5l0pvrf8wgktmvk","id":"5l0pvrf8wgktmvk"},"id":"bbwwzoaocwwrkrn","previousOperationId":"5plxwh039ndmrbe"}
{"type":"operationStart","subtype":"render","name":"anonymous","previousOperationId":"5plxwh039ndmrbe","timestamp":1665002498635,"id":"xcitx60ybayaemc","previousEventId":"2fl5xbxex3kgwtk","operationId":"fgwnge6afxf6bdb"}
{"type":"log","timestamp":1665002498635,"level":"info","message":"Starting rendering request 2 (user: null)","meta":{"rootId":"5l0pvrf8wgktmvk","id":"a9bn26ew90upt01"},"id":"6q90468e1jagp5d","previousOperationId":"fgwnge6afxf6bdb"}
{"type":"log","timestamp":1665002498635,"level":"info","message":"Rendering anonymous template { recipe: html, engine: handlebars }","meta":{"rootId":"5l0pvrf8wgktmvk","id":"a9bn26ew90upt01"},"id":"jvkho879ik3nyqx","previousOperationId":"fgwnge6afxf6bdb"}
{"type":"log","timestamp":1665002498636,"level":"debug","message":"Inline data specified.","meta":{"rootId":"5l0pvrf8wgktmvk","id":"a9bn26ew90upt01"},"id":"3ljvuidaieu9pnd","previousOperationId":"fgwnge6afxf6bdb"}
{"type":"log","timestamp":1665002498639,"level":"debug","message":"Base url not specified, skipping its injection.","meta":{"rootId":"5l0pvrf8wgktmvk","id":"a9bn26ew90upt01"},"id":"2g9k25l6bb40qak","previousOperationId":"fgwnge6afxf6bdb"}
{"type":"log","timestamp":1665002498650,"level":"debug","message":"Replaced assets [\"./src/reporting/assets/logo.png\"]","meta":{"rootId":"5l0pvrf8wgktmvk","id":"a9bn26ew90upt01"},"id":"6n7hduqhy3xcgcv","previousOperationId":"fgwnge6afxf6bdb"}
{"type":"operationStart","subtype":"engine","name":"handlebars","timestamp":1665002498651,"id":"ftc1ek1ux188ppm","previousEventId":"xcitx60ybayaemc","operationId":"we0rsg1jl8thz8l","previousOperationId":"fgwnge6afxf6bdb"}
{"type":"log","timestamp":1665002498651,"level":"debug","message":"Rendering engine handlebars","meta":{"rootId":"5l0pvrf8wgktmvk","id":"a9bn26ew90upt01"},"id":"hqx6e0hyljby3gp","previousOperationId":"we0rsg1jl8thz8l"}
{"type":"operationEnd","operationId":"we0rsg1jl8thz8l","timestamp":1665002498689,"id":"fe7qkcdmawj5y86","previousEventId":"ftc1ek1ux188ppm","previousOperationId":"we0rsg1jl8thz8l"}
{"type":"operationStart","subtype":"recipe","name":"html","timestamp":1665002498690,"id":"kf25or6uny2k8ma","previousEventId":"fe7qkcdmawj5y86","operationId":"vlzo6ghhpcmzg69","previousOperationId":"we0rsg1jl8thz8l"}
{"type":"log","timestamp":1665002498690,"level":"debug","message":"Executing recipe html","meta":{"rootId":"5l0pvrf8wgktmvk","id":"a9bn26ew90upt01"},"id":"7qy4m4zeesz4hw9","previousOperationId":"vlzo6ghhpcmzg69"}
{"type":"operationEnd","operationId":"vlzo6ghhpcmzg69","timestamp":1665002498690,"id":"1ei7esfal47b8v5","previousEventId":"kf25or6uny2k8ma","previousOperationId":"vlzo6ghhpcmzg69"}
{"type":"log","timestamp":1665002498691,"level":"debug","message":"Skipping storing report.","meta":{"rootId":"5l0pvrf8wgktmvk","id":"a9bn26ew90upt01"},"id":"hxo6qwsopo757qa","previousOperationId":"vlzo6ghhpcmzg69"}
{"type":"log","timestamp":1665002498692,"level":"info","message":"Rendering request 2 finished in 2369 ms","meta":{"rootId":"5l0pvrf8wgktmvk","id":"a9bn26ew90upt01"},"id":"v3gbmdk4cs9lkl5","previousOperationId":"vlzo6ghhpcmzg69"}
{"type":"operationEnd","subtype":"render","operationId":"fgwnge6afxf6bdb","timestamp":1665002498692,"id":"q2ap1mu0frckg3x","previousEventId":"1ei7esfal47b8v5","previousOperationId":"vlzo6ghhpcmzg69"}
{"type":"log","timestamp":1665002498692,"level":"debug","message":"Starting child request to render pdf footer","meta":{"rootId":"5l0pvrf8wgktmvk","id":"5l0pvrf8wgktmvk"},"id":"o2s99vcjac3z21n","previousOperationId":"5plxwh039ndmrbe"}
{"type":"operationStart","subtype":"render","name":"anonymous","previousOperationId":"5plxwh039ndmrbe","timestamp":1665002498692,"id":"0qvrusofw939j1g","previousEventId":"2fl5xbxex3kgwtk","operationId":"zuf7uvp9x9z7ah3"}
{"type":"log","timestamp":1665002498692,"level":"info","message":"Starting rendering request 2 (user: null)","meta":{"rootId":"5l0pvrf8wgktmvk","id":"jpcepj7lq5z3mkx"},"id":"lcaxlujvp4lsss1","previousOperationId":"zuf7uvp9x9z7ah3"}
{"type":"log","timestamp":1665002498693,"level":"info","message":"Rendering anonymous template { recipe: html, engine: handlebars }","meta":{"rootId":"5l0pvrf8wgktmvk","id":"jpcepj7lq5z3mkx"},"id":"oz1ben6xmw6u30v","previousOperationId":"zuf7uvp9x9z7ah3"}
{"type":"log","timestamp":1665002498693,"level":"debug","message":"Inline data specified.","meta":{"rootId":"5l0pvrf8wgktmvk","id":"jpcepj7lq5z3mkx"},"id":"qthb8yudz7uc1ue","previousOperationId":"zuf7uvp9x9z7ah3"}
{"type":"log","timestamp":1665002498695,"level":"debug","message":"Base url not specified, skipping its injection.","meta":{"rootId":"5l0pvrf8wgktmvk","id":"jpcepj7lq5z3mkx"},"id":"dilvqy6wat7thn0","previousOperationId":"zuf7uvp9x9z7ah3"}
{"type":"operationStart","subtype":"engine","name":"handlebars","timestamp":1665002498696,"id":"jt6ynlk1svdkr2s","previousEventId":"0qvrusofw939j1g","operationId":"b6zibcygjxvvybw","previousOperationId":"zuf7uvp9x9z7ah3"}
{"type":"log","timestamp":1665002498696,"level":"debug","message":"Rendering engine handlebars","meta":{"rootId":"5l0pvrf8wgktmvk","id":"jpcepj7lq5z3mkx"},"id":"do1hiimh7dk5ddm","previousOperationId":"b6zibcygjxvvybw"}
{"type":"operationEnd","operationId":"b6zibcygjxvvybw","timestamp":1665002498722,"id":"odrlp4p7qt7v7lp","previousEventId":"jt6ynlk1svdkr2s","previousOperationId":"b6zibcygjxvvybw"}
{"type":"operationStart","subtype":"recipe","name":"html","timestamp":1665002498722,"id":"g36txpl5qmbpdh2","previousEventId":"odrlp4p7qt7v7lp","operationId":"8gdkmokczf7jlm3","previousOperationId":"b6zibcygjxvvybw"}
{"type":"log","timestamp":1665002498722,"level":"debug","message":"Executing recipe html","meta":{"rootId":"5l0pvrf8wgktmvk","id":"jpcepj7lq5z3mkx"},"id":"i2m114wu19pvchw","previousOperationId":"8gdkmokczf7jlm3"}
{"type":"operationEnd","operationId":"8gdkmokczf7jlm3","timestamp":1665002498722,"id":"5vj4l9er41zbdnq","previousEventId":"g36txpl5qmbpdh2","previousOperationId":"8gdkmokczf7jlm3"}
{"type":"log","timestamp":1665002498723,"level":"debug","message":"Skipping storing report.","meta":{"rootId":"5l0pvrf8wgktmvk","id":"jpcepj7lq5z3mkx"},"id":"ci5odygvvyg0g7i","previousOperationId":"8gdkmokczf7jlm3"}
{"type":"log","timestamp":1665002498723,"level":"info","message":"Rendering request 2 finished in 2400 ms","meta":{"rootId":"5l0pvrf8wgktmvk","id":"jpcepj7lq5z3mkx"},"id":"is7xiid0w3caira","previousOperationId":"8gdkmokczf7jlm3"}
{"type":"operationEnd","subtype":"render","operationId":"zuf7uvp9x9z7ah3","timestamp":1665002498723,"id":"l6xhrzit4263taj","previousEventId":"5vj4l9er41zbdnq","previousOperationId":"8gdkmokczf7jlm3"}
{"type":"log","timestamp":1665002501278,"level":"debug","message":"Converting with chrome HeadlessChrome/98.0.4758.0 using chrome-pool strategy","meta":{"rootId":"5l0pvrf8wgktmvk","id":"5l0pvrf8wgktmvk"},"id":"x44fm4uvq5bb6jv","previousOperationId":"5plxwh039ndmrbe"}
{"type":"log","timestamp":1665002501655,"level":"debug","message":"Page request: GET (document) file:///var/folders/8m/98z140gs3yzbw6jqmpbh8b8m0000gn/T/jsreport/autocleanup/ab045688-464e-44e3-95bb-d110399a84e8-chrome-pdf.html","meta":{"rootId":"5l0pvrf8wgktmvk","id":"5l0pvrf8wgktmvk"},"id":"3nik6iokz7p3ai9","previousOperationId":"5plxwh039ndmrbe"}
{"type":"log","timestamp":1665002501680,"level":"debug","message":"Page request finished: GET (document) file:///var/folders/8m/98z140gs3yzbw6jqmpbh8b8m0000gn/T/jsreport/autocleanup/ab045688-464e-44e3-95bb-d110399a84e8-chrome-pdf.html","meta":{"rootId":"5l0pvrf8wgktmvk","id":"5l0pvrf8wgktmvk"},"id":"agxo6d2xhiiiz2i","previousOperationId":"5plxwh039ndmrbe"}
{"type":"log","timestamp":1665002501691,"level":"debug","message":"Page request: GET (stylesheet) https://fonts.googleapis.com/css2?family=Montserrat:wght@500&family=Open+Sans:wght@300&display=swap","meta":{"rootId":"5l0pvrf8wgktmvk","id":"5l0pvrf8wgktmvk"},"id":"ueidpghknkhxihc","previousOperationId":"5plxwh039ndmrbe"}
{"type":"log","timestamp":1665002503536,"level":"debug","message":"Page request finished: GET (stylesheet) 200 https://fonts.googleapis.com/css2?family=Montserrat:wght@500&family=Open+Sans:wght@300&display=swap","meta":{"rootId":"5l0pvrf8wgktmvk","id":"5l0pvrf8wgktmvk"},"id":"izspc9bhzy416bm","previousOperationId":"5plxwh039ndmrbe"}
{"type":"log","timestamp":1665002503576,"level":"debug","message":"Page request: GET (font) https://fonts.gstatic.com/s/opensans/v34/memSYaGs126MiZpBA-UvWbX2vVnXBbObj2OVZyOOSr4dVJWUgsiH0B4gaVQUwaEQbjA.woff","meta":{"rootId":"5l0pvrf8wgktmvk","id":"5l0pvrf8wgktmvk"},"id":"zlteeoxxy5bcol2","previousOperationId":"5plxwh039ndmrbe"}
{"type":"log","timestamp":1665002503579,"level":"debug","message":"Running chrome with params {\"scale\":1,\"displayHeaderFooter\":true,\"headerTemplate\":\"...\",\"footerTemplate\":\"...\",\"printBackground\":true,\"pageRanges\":\"\",\"format\":\"A4\",\"width\":\"\",\"height\":\"\",\"marginTop\":\"470px\",\"marginRight\":\"20px\",\"marginBottom\":\"80px\",\"marginLeft\":\"20px\",\"waitForJS\":false,\"waitForNetworkIddle\":false,\"timeout\":57599,\"waitForNetworkIdle\":false,\"margin\":{\"top\":\"470px\",\"right\":\"20px\",\"bottom\":\"80px\",\"left\":\"20px\"}}","meta":{"rootId":"5l0pvrf8wgktmvk","id":"5l0pvrf8wgktmvk"},"id":"ce98xm3bh2twn3a","previousOperationId":"5plxwh039ndmrbe"}
{"type":"log","timestamp":1665002503587,"level":"debug","message":"Page request: GET (font) https://fonts.gstatic.com/s/opensans/v34/memSYaGs126MiZpBA-UvWbX2vVnXBbObj2OVZyOOSr4dVJWUgsiH0B4gaVQUwaEQbjA.woff","meta":{"rootId":"5l0pvrf8wgktmvk","id":"5l0pvrf8wgktmvk"},"id":"itgoc2iqsloi6fh","previousOperationId":"5plxwh039ndmrbe"}
{"type":"operationEnd","operationId":"5plxwh039ndmrbe","timestamp":1665002503785,"id":"jqjtmw9q3u5v2kw","previousEventId":"2fl5xbxex3kgwtk","previousOperationId":"5plxwh039ndmrbe"}
{"type":"log","timestamp":1665002503786,"level":"debug","message":"Skipping storing report.","meta":{"rootId":"5l0pvrf8wgktmvk","id":"5l0pvrf8wgktmvk"},"id":"iqqb1n3jl04k3bj","previousOperationId":"5plxwh039ndmrbe"}
{"type":"log","timestamp":1665002503786,"level":"info","message":"Rendering request 2 finished in 7463 ms","meta":{"rootId":"5l0pvrf8wgktmvk","id":"5l0pvrf8wgktmvk"},"id":"nkpd3lr3txiegaa","previousOperationId":"5plxwh039ndmrbe"}
{"type":"operationEnd","subtype":"render","operationId":"5gqvrsgozy1kywa","timestamp":1665002503786,"id":"ea7bpk3jblp8o60","previousEventId":"jqjtmw9q3u5v2kw","previousOperationId":"5plxwh039ndmrbe"}
{"type":"operationEnd","doDiffs":false,"previousEventId":"qmn4xqtc5q3lxwc","previousOperationId":"hpf29oiqauhv5ci","operationId":"hpf29oiqauhv5ci","timestamp":1665002503803,"id":"wjwgoww051jx028"}
