{"type":"operationStart","subtype":"profile","data":{"_id":"1rETHMj2xse1mtlC","timestamp":"2022-10-05T21:27:26.952Z","state":"queued","mode":"standard","creationDate":"2022-10-05T21:27:26.959Z","modificationDate":"2022-10-05T21:27:26.959Z","shortid":"eufDn6u","$entitySet":"profiles"},"doDiffs":false,"timestamp":1665005246956,"id":"b59iob0iq05u88n","previousOperationId":null,"operationId":"m9c07c96o15tmdu"}
{"type":"log","level":"info","message":"Render request 1 queued for execution and waiting for available worker","previousOperationId":"m9c07c96o15tmdu","timestamp":1665005246956,"id":"6xrtxux9kt5m5de"}
{"type":"operationStart","subtype":"render","name":"anonymous","previousOperationId":"m9c07c96o15tmdu","timestamp":1665005247014,"id":"ylp48ptxbg6bslt","previousEventId":"b59iob0iq05u88n","operationId":"cygjtr0274ipmrn"}
{"type":"log","timestamp":1665005247016,"level":"info","message":"Starting rendering request 1 (user: null)","meta":{"rootId":"5nup8ivhulqb6ye","id":"5nup8ivhulqb6ye"},"id":"yjopmou06izcurq","previousOperationId":"cygjtr0274ipmrn"}
{"type":"log","timestamp":1665005247021,"level":"info","message":"Rendering anonymous template { recipe: chrome-pdf, engine: handlebars }","meta":{"rootId":"5nup8ivhulqb6ye","id":"5nup8ivhulqb6ye"},"id":"4rwkok4ogkv2j7m","previousOperationId":"cygjtr0274ipmrn"}
{"type":"log","timestamp":1665005247021,"level":"debug","message":"Inline data specified.","meta":{"rootId":"5nup8ivhulqb6ye","id":"5nup8ivhulqb6ye"},"id":"apbc1pwdkq2yoeq","previousOperationId":"cygjtr0274ipmrn"}
{"type":"log","timestamp":1665005247027,"level":"debug","message":"Base url not specified, skipping its injection.","meta":{"rootId":"5nup8ivhulqb6ye","id":"5nup8ivhulqb6ye"},"id":"8z90uawpwsfb05l","previousOperationId":"cygjtr0274ipmrn"}
{"type":"operationStart","subtype":"engine","name":"handlebars","timestamp":1665005247030,"id":"fkxkkmquzuvw020","previousEventId":"ylp48ptxbg6bslt","operationId":"p3cy54kzfdrsua7","previousOperationId":"cygjtr0274ipmrn"}
{"type":"log","timestamp":1665005247030,"level":"debug","message":"Rendering engine handlebars","meta":{"rootId":"5nup8ivhulqb6ye","id":"5nup8ivhulqb6ye"},"id":"uc7iips0j5m9k4v","previousOperationId":"p3cy54kzfdrsua7"}
{"type":"operationEnd","operationId":"p3cy54kzfdrsua7","timestamp":1665005248135,"id":"cuqc1au7k3t9qia","previousEventId":"fkxkkmquzuvw020","previousOperationId":"p3cy54kzfdrsua7"}
{"type":"operationStart","subtype":"recipe","name":"chrome-pdf","timestamp":1665005248136,"id":"ezkabvqgdtgd1b5","previousEventId":"cuqc1au7k3t9qia","operationId":"g2qsck81xa1o938","previousOperationId":"p3cy54kzfdrsua7"}
{"type":"log","timestamp":1665005248136,"level":"debug","message":"Executing recipe chrome-pdf","meta":{"rootId":"5nup8ivhulqb6ye","id":"5nup8ivhulqb6ye"},"id":"ol6jmebwhqvy61m","previousOperationId":"g2qsck81xa1o938"}
{"type":"log","timestamp":1665005248341,"level":"debug","message":"Starting child request to render pdf header","meta":{"rootId":"5nup8ivhulqb6ye","id":"5nup8ivhulqb6ye"},"id":"r5w2wqs2i9mnb9w","previousOperationId":"g2qsck81xa1o938"}
{"type":"operationStart","subtype":"render","name":"anonymous","previousOperationId":"g2qsck81xa1o938","timestamp":1665005248343,"id":"9y80g35u3blpwv8","previousEventId":"ezkabvqgdtgd1b5","operationId":"lf5pf3l0lid0msi"}
{"type":"log","timestamp":1665005248343,"level":"info","message":"Starting rendering request 1 (user: null)","meta":{"rootId":"5nup8ivhulqb6ye","id":"yxqdixlpcw7hj53"},"id":"nekdjd2z44z2krd","previousOperationId":"lf5pf3l0lid0msi"}
{"type":"log","timestamp":1665005248343,"level":"info","message":"Rendering anonymous template { recipe: html, engine: handlebars }","meta":{"rootId":"5nup8ivhulqb6ye","id":"yxqdixlpcw7hj53"},"id":"nxjh5mp95yur2ai","previousOperationId":"lf5pf3l0lid0msi"}
{"type":"log","timestamp":1665005248344,"level":"debug","message":"Inline data specified.","meta":{"rootId":"5nup8ivhulqb6ye","id":"yxqdixlpcw7hj53"},"id":"lasto7g1t4urppz","previousOperationId":"lf5pf3l0lid0msi"}
{"type":"log","timestamp":1665005248349,"level":"debug","message":"Base url not specified, skipping its injection.","meta":{"rootId":"5nup8ivhulqb6ye","id":"yxqdixlpcw7hj53"},"id":"px3dh8yfvulzwj5","previousOperationId":"lf5pf3l0lid0msi"}
{"type":"log","timestamp":1665005248371,"level":"debug","message":"Replaced assets [\"./src/reporting/assets/logo.png\"]","meta":{"rootId":"5nup8ivhulqb6ye","id":"yxqdixlpcw7hj53"},"id":"x010ozqc6xep4uk","previousOperationId":"lf5pf3l0lid0msi"}
{"type":"operationStart","subtype":"engine","name":"handlebars","timestamp":1665005248371,"id":"r582h8l6rejrkyw","previousEventId":"9y80g35u3blpwv8","operationId":"syhd1h6y5uhcbhm","previousOperationId":"lf5pf3l0lid0msi"}
{"type":"log","timestamp":1665005248371,"level":"debug","message":"Rendering engine handlebars","meta":{"rootId":"5nup8ivhulqb6ye","id":"yxqdixlpcw7hj53"},"id":"pxk8gl08x5c3lqf","previousOperationId":"syhd1h6y5uhcbhm"}
{"type":"operationEnd","operationId":"syhd1h6y5uhcbhm","timestamp":1665005248432,"id":"kr4vl60z7qrpb82","previousEventId":"r582h8l6rejrkyw","previousOperationId":"syhd1h6y5uhcbhm"}
{"type":"operationStart","subtype":"recipe","name":"html","timestamp":1665005248433,"id":"8kfmyiscxugdwgv","previousEventId":"kr4vl60z7qrpb82","operationId":"2wkdi9nn3gvjylp","previousOperationId":"syhd1h6y5uhcbhm"}
{"type":"log","timestamp":1665005248433,"level":"debug","message":"Executing recipe html","meta":{"rootId":"5nup8ivhulqb6ye","id":"yxqdixlpcw7hj53"},"id":"ewbs8fhsrpre3n0","previousOperationId":"2wkdi9nn3gvjylp"}
{"type":"operationEnd","operationId":"2wkdi9nn3gvjylp","timestamp":1665005248433,"id":"smr3kp4noqqd59b","previousEventId":"8kfmyiscxugdwgv","previousOperationId":"2wkdi9nn3gvjylp"}
{"type":"log","timestamp":1665005248434,"level":"debug","message":"Skipping storing report.","meta":{"rootId":"5nup8ivhulqb6ye","id":"yxqdixlpcw7hj53"},"id":"wlae1itxt74p26b","previousOperationId":"2wkdi9nn3gvjylp"}
{"type":"log","timestamp":1665005248435,"level":"info","message":"Rendering request 1 finished in 1485 ms","meta":{"rootId":"5nup8ivhulqb6ye","id":"yxqdixlpcw7hj53"},"id":"saagmweocha5dwp","previousOperationId":"2wkdi9nn3gvjylp"}
{"type":"operationEnd","subtype":"render","operationId":"lf5pf3l0lid0msi","timestamp":1665005248435,"id":"rz5nbozftpj6l64","previousEventId":"smr3kp4noqqd59b","previousOperationId":"2wkdi9nn3gvjylp"}
{"type":"log","timestamp":1665005248435,"level":"debug","message":"Starting child request to render pdf footer","meta":{"rootId":"5nup8ivhulqb6ye","id":"5nup8ivhulqb6ye"},"id":"idmcgqqefi0baep","previousOperationId":"g2qsck81xa1o938"}
{"type":"operationStart","subtype":"render","name":"anonymous","previousOperationId":"g2qsck81xa1o938","timestamp":1665005248435,"id":"g8nsrxkz6oyn5ld","previousEventId":"ezkabvqgdtgd1b5","operationId":"rbtft7oqn94asz7"}
{"type":"log","timestamp":1665005248436,"level":"info","message":"Starting rendering request 1 (user: null)","meta":{"rootId":"5nup8ivhulqb6ye","id":"0cbcpqk2nmcyaym"},"id":"16cet8prdpr17a8","previousOperationId":"rbtft7oqn94asz7"}
{"type":"log","timestamp":1665005248437,"level":"info","message":"Rendering anonymous template { recipe: html, engine: handlebars }","meta":{"rootId":"5nup8ivhulqb6ye","id":"0cbcpqk2nmcyaym"},"id":"gdpygwn4ig4zbce","previousOperationId":"rbtft7oqn94asz7"}
{"type":"log","timestamp":1665005248437,"level":"debug","message":"Inline data specified.","meta":{"rootId":"5nup8ivhulqb6ye","id":"0cbcpqk2nmcyaym"},"id":"mxtwmopegpo3r5b","previousOperationId":"rbtft7oqn94asz7"}
{"type":"log","timestamp":1665005248442,"level":"debug","message":"Base url not specified, skipping its injection.","meta":{"rootId":"5nup8ivhulqb6ye","id":"0cbcpqk2nmcyaym"},"id":"0i0ceift7blt0l5","previousOperationId":"rbtft7oqn94asz7"}
{"type":"operationStart","subtype":"engine","name":"handlebars","timestamp":1665005248443,"id":"uhtq1ieckfuww6o","previousEventId":"g8nsrxkz6oyn5ld","operationId":"sp1vqe5v8r34duj","previousOperationId":"rbtft7oqn94asz7"}
{"type":"log","timestamp":1665005248443,"level":"debug","message":"Rendering engine handlebars","meta":{"rootId":"5nup8ivhulqb6ye","id":"0cbcpqk2nmcyaym"},"id":"baacxyw75yfmh8r","previousOperationId":"sp1vqe5v8r34duj"}
{"type":"operationEnd","operationId":"sp1vqe5v8r34duj","timestamp":1665005248467,"id":"b8wvbokeeige6li","previousEventId":"uhtq1ieckfuww6o","previousOperationId":"sp1vqe5v8r34duj"}
{"type":"operationStart","subtype":"recipe","name":"html","timestamp":1665005248468,"id":"q0j0dcylqrot2k1","previousEventId":"b8wvbokeeige6li","operationId":"nrbqgeulse20ase","previousOperationId":"sp1vqe5v8r34duj"}
{"type":"log","timestamp":1665005248468,"level":"debug","message":"Executing recipe html","meta":{"rootId":"5nup8ivhulqb6ye","id":"0cbcpqk2nmcyaym"},"id":"r1i4hbeakiijtkz","previousOperationId":"nrbqgeulse20ase"}
{"type":"operationEnd","operationId":"nrbqgeulse20ase","timestamp":1665005248468,"id":"qh9r64vx32ab8lm","previousEventId":"q0j0dcylqrot2k1","previousOperationId":"nrbqgeulse20ase"}
{"type":"log","timestamp":1665005248468,"level":"debug","message":"Skipping storing report.","meta":{"rootId":"5nup8ivhulqb6ye","id":"0cbcpqk2nmcyaym"},"id":"bo7vhwq6qzz3xjt","previousOperationId":"nrbqgeulse20ase"}
{"type":"log","timestamp":1665005248468,"level":"info","message":"Rendering request 1 finished in 1518 ms","meta":{"rootId":"5nup8ivhulqb6ye","id":"0cbcpqk2nmcyaym"},"id":"0d2s9jkbwqe2tmo","previousOperationId":"nrbqgeulse20ase"}
{"type":"operationEnd","subtype":"render","operationId":"rbtft7oqn94asz7","timestamp":1665005248468,"id":"cqfg15sitsr0c6b","previousEventId":"qh9r64vx32ab8lm","previousOperationId":"nrbqgeulse20ase"}
{"type":"log","timestamp":1665005250076,"level":"debug","message":"Converting with chrome HeadlessChrome/98.0.4758.0 using chrome-pool strategy","meta":{"rootId":"5nup8ivhulqb6ye","id":"5nup8ivhulqb6ye"},"id":"6b1k6yof6feyhcn","previousOperationId":"g2qsck81xa1o938"}
{"type":"log","timestamp":1665005250462,"level":"debug","message":"Page request: GET (document) file:///var/folders/8m/98z140gs3yzbw6jqmpbh8b8m0000gn/T/jsreport/autocleanup/5505f27d-bd3d-410c-b562-e5401f91cfa1-chrome-pdf.html","meta":{"rootId":"5nup8ivhulqb6ye","id":"5nup8ivhulqb6ye"},"id":"k3jfwpnuq5kk8ui","previousOperationId":"g2qsck81xa1o938"}
{"type":"log","timestamp":1665005250495,"level":"debug","message":"Page request finished: GET (document) file:///var/folders/8m/98z140gs3yzbw6jqmpbh8b8m0000gn/T/jsreport/autocleanup/5505f27d-bd3d-410c-b562-e5401f91cfa1-chrome-pdf.html","meta":{"rootId":"5nup8ivhulqb6ye","id":"5nup8ivhulqb6ye"},"id":"rcalf3fqo552of5","previousOperationId":"g2qsck81xa1o938"}
{"type":"log","timestamp":1665005250506,"level":"debug","message":"Page request: GET (stylesheet) https://fonts.googleapis.com/css2?family=Montserrat:wght@500&family=Open+Sans:wght@300&display=swap","meta":{"rootId":"5nup8ivhulqb6ye","id":"5nup8ivhulqb6ye"},"id":"5q7ovgwoqoca8mk","previousOperationId":"g2qsck81xa1o938"}
{"type":"log","timestamp":1665005251001,"level":"debug","message":"Page request finished: GET (stylesheet) 200 https://fonts.googleapis.com/css2?family=Montserrat:wght@500&family=Open+Sans:wght@300&display=swap","meta":{"rootId":"5nup8ivhulqb6ye","id":"5nup8ivhulqb6ye"},"id":"l2d2tpvdw33jswe","previousOperationId":"g2qsck81xa1o938"}
{"type":"log","timestamp":1665005251038,"level":"debug","message":"Page request: GET (font) https://fonts.gstatic.com/s/opensans/v34/memSYaGs126MiZpBA-UvWbX2vVnXBbObj2OVZyOOSr4dVJWUgsiH0B4gaVQUwaEQbjA.woff","meta":{"rootId":"5nup8ivhulqb6ye","id":"5nup8ivhulqb6ye"},"id":"ymqo2ymqhthixbo","previousOperationId":"g2qsck81xa1o938"}
{"type":"log","timestamp":1665005251046,"level":"debug","message":"Page request: GET (font) https://fonts.gstatic.com/s/opensans/v34/memSYaGs126MiZpBA-UvWbX2vVnXBbObj2OVZyOOSr4dVJWUgsiH0B4gaVQUwaEQbjA.woff","meta":{"rootId":"5nup8ivhulqb6ye","id":"5nup8ivhulqb6ye"},"id":"qdpm5e8wzvzek03","previousOperationId":"g2qsck81xa1o938"}
{"type":"log","timestamp":1665005251046,"level":"debug","message":"Running chrome with params {\"scale\":1,\"displayHeaderFooter\":true,\"headerTemplate\":\"...\",\"footerTemplate\":\"...\",\"printBackground\":true,\"pageRanges\":\"\",\"format\":\"A4\",\"width\":\"\",\"height\":\"\",\"marginTop\":\"470px\",\"marginRight\":\"20px\",\"marginBottom\":\"80px\",\"marginLeft\":\"20px\",\"waitForJS\":false,\"waitForNetworkIddle\":false,\"timeout\":58481,\"waitForNetworkIdle\":false,\"margin\":{\"top\":\"470px\",\"right\":\"20px\",\"bottom\":\"80px\",\"left\":\"20px\"}}","meta":{"rootId":"5nup8ivhulqb6ye","id":"5nup8ivhulqb6ye"},"id":"fdzpv5bivcolbe3","previousOperationId":"g2qsck81xa1o938"}
{"type":"operationEnd","operationId":"g2qsck81xa1o938","timestamp":1665005251274,"id":"ceyaq297hqxm8rm","previousEventId":"ezkabvqgdtgd1b5","previousOperationId":"g2qsck81xa1o938"}
{"type":"log","timestamp":1665005251278,"level":"debug","message":"Skipping storing report.","meta":{"rootId":"5nup8ivhulqb6ye","id":"5nup8ivhulqb6ye"},"id":"nb1c4zq6wgxg2pn","previousOperationId":"g2qsck81xa1o938"}
{"type":"log","timestamp":1665005251278,"level":"info","message":"Rendering request 1 finished in 4328 ms","meta":{"rootId":"5nup8ivhulqb6ye","id":"5nup8ivhulqb6ye"},"id":"4hrs43wrml3t33h","previousOperationId":"g2qsck81xa1o938"}
{"type":"operationEnd","subtype":"render","operationId":"cygjtr0274ipmrn","timestamp":1665005251278,"id":"zrulcted8nynxu7","previousEventId":"ceyaq297hqxm8rm","previousOperationId":"g2qsck81xa1o938"}
{"type":"operationEnd","doDiffs":false,"previousEventId":"b59iob0iq05u88n","previousOperationId":"m9c07c96o15tmdu","operationId":"m9c07c96o15tmdu","timestamp":1665005251283,"id":"iza9av9q2ual7o6"}
