{"type":"operationStart","subtype":"profile","data":{"_id":"DK8m6x4KYgc4D976","timestamp":"2023-01-29T10:01:18.872Z","state":"queued","mode":"standard","creationDate":"2023-01-29T10:01:18.874Z","modificationDate":"2023-01-29T10:01:18.874Z","shortid":"jwBBNn9","$entitySet":"profiles"},"doDiffs":false,"timestamp":1674986478873,"id":"j9xqjddzm1i26ec","previousOperationId":null,"operationId":"veususvuoblz8mu"}
{"type":"log","level":"info","message":"Render request 2 queued for execution and waiting for available worker","previousOperationId":"veususvuoblz8mu","timestamp":1674986478873,"id":"aefrxdon19sfy06"}
{"type":"operationStart","subtype":"render","name":"anonymous","previousOperationId":"veususvuoblz8mu","timestamp":1674986478907,"id":"lxkvlig8b1hhl59","previousEventId":"j9xqjddzm1i26ec","operationId":"djqzfz91ekbt3bp"}
{"type":"log","timestamp":1674986478910,"level":"info","message":"Starting rendering request 2 (user: null)","meta":{"rootId":"5to19x45bthx7co","id":"5to19x45bthx7co"},"id":"5yymtnu375jck0y","previousOperationId":"djqzfz91ekbt3bp"}
{"type":"log","timestamp":1674986478913,"level":"info","message":"Rendering anonymous template { recipe: chrome-pdf, engine: handlebars }","meta":{"rootId":"5to19x45bthx7co","id":"5to19x45bthx7co"},"id":"qu40nc4amb8588n","previousOperationId":"djqzfz91ekbt3bp"}
{"type":"log","timestamp":1674986478914,"level":"debug","message":"Inline data specified.","meta":{"rootId":"5to19x45bthx7co","id":"5to19x45bthx7co"},"id":"k3xpw3g8y00f8ip","previousOperationId":"djqzfz91ekbt3bp"}
{"type":"log","timestamp":1674986478918,"level":"debug","message":"Base url not specified, skipping its injection.","meta":{"rootId":"5to19x45bthx7co","id":"5to19x45bthx7co"},"id":"qeqvyqnuy4nv6b2","previousOperationId":"djqzfz91ekbt3bp"}
{"type":"operationStart","subtype":"engine","name":"handlebars","timestamp":1674986478920,"id":"0lkstdvhwa72905","previousEventId":"lxkvlig8b1hhl59","operationId":"3euovuz29x2ej1g","previousOperationId":"djqzfz91ekbt3bp"}
{"type":"log","timestamp":1674986478920,"level":"debug","message":"Rendering engine handlebars","meta":{"rootId":"5to19x45bthx7co","id":"5to19x45bthx7co"},"id":"vb3f3k2nifewp2q","previousOperationId":"3euovuz29x2ej1g"}
{"type":"operationEnd","operationId":"3euovuz29x2ej1g","timestamp":1674986479796,"id":"sbssa4w0swtrs6m","previousEventId":"0lkstdvhwa72905","previousOperationId":"3euovuz29x2ej1g"}
{"type":"operationStart","subtype":"recipe","name":"chrome-pdf","timestamp":1674986479797,"id":"zag7v9u3xs2udwu","previousEventId":"sbssa4w0swtrs6m","operationId":"saz02uvaysv2hbg","previousOperationId":"3euovuz29x2ej1g"}
{"type":"log","timestamp":1674986479797,"level":"debug","message":"Executing recipe chrome-pdf","meta":{"rootId":"5to19x45bthx7co","id":"5to19x45bthx7co"},"id":"fhapfn5c2yjaopx","previousOperationId":"saz02uvaysv2hbg"}
{"type":"log","timestamp":1674986479978,"level":"debug","message":"Starting child request to render pdf header","meta":{"rootId":"5to19x45bthx7co","id":"5to19x45bthx7co"},"id":"423jannykv5gxi9","previousOperationId":"saz02uvaysv2hbg"}
{"type":"operationStart","subtype":"render","name":"anonymous","previousOperationId":"saz02uvaysv2hbg","timestamp":1674986479979,"id":"dwabc3e1y21kpn8","previousEventId":"zag7v9u3xs2udwu","operationId":"mscwoylw8rcndjh"}
{"type":"log","timestamp":1674986479979,"level":"info","message":"Starting rendering request 2 (user: null)","meta":{"rootId":"5to19x45bthx7co","id":"bim2iaco9wz56xc"},"id":"fnfalysg7bumf3b","previousOperationId":"mscwoylw8rcndjh"}
{"type":"log","timestamp":1674986479989,"level":"info","message":"Rendering anonymous template { recipe: html, engine: handlebars }","meta":{"rootId":"5to19x45bthx7co","id":"bim2iaco9wz56xc"},"id":"a4q6412gnr5xvu4","previousOperationId":"mscwoylw8rcndjh"}
{"type":"log","timestamp":1674986479989,"level":"debug","message":"Inline data specified.","meta":{"rootId":"5to19x45bthx7co","id":"bim2iaco9wz56xc"},"id":"5o9lt5rvi3cxb3h","previousOperationId":"mscwoylw8rcndjh"}
{"type":"log","timestamp":1674986480006,"level":"debug","message":"Base url not specified, skipping its injection.","meta":{"rootId":"5to19x45bthx7co","id":"bim2iaco9wz56xc"},"id":"gvv9s70yv6j4d3g","previousOperationId":"mscwoylw8rcndjh"}
{"type":"log","timestamp":1674986480036,"level":"debug","message":"Replaced assets [\"./src/reporting/assets/logo.png\"]","meta":{"rootId":"5to19x45bthx7co","id":"bim2iaco9wz56xc"},"id":"0sfflivvvw86aru","previousOperationId":"mscwoylw8rcndjh"}
{"type":"operationStart","subtype":"engine","name":"handlebars","timestamp":1674986480036,"id":"fo789djtqgs0yac","previousEventId":"dwabc3e1y21kpn8","operationId":"o20bcyuwzedxetz","previousOperationId":"mscwoylw8rcndjh"}
{"type":"log","timestamp":1674986480036,"level":"debug","message":"Rendering engine handlebars","meta":{"rootId":"5to19x45bthx7co","id":"bim2iaco9wz56xc"},"id":"pja7sohaiwl6ppk","previousOperationId":"o20bcyuwzedxetz"}
{"type":"operationEnd","operationId":"o20bcyuwzedxetz","timestamp":1674986480079,"id":"taiqkmyee6acjmg","previousEventId":"fo789djtqgs0yac","previousOperationId":"o20bcyuwzedxetz"}
{"type":"operationStart","subtype":"recipe","name":"html","timestamp":1674986480079,"id":"k7rabe2fa0a4fht","previousEventId":"taiqkmyee6acjmg","operationId":"602pmt6lt63pkek","previousOperationId":"o20bcyuwzedxetz"}
{"type":"log","timestamp":1674986480079,"level":"debug","message":"Executing recipe html","meta":{"rootId":"5to19x45bthx7co","id":"bim2iaco9wz56xc"},"id":"f7vh3ofq0pcvlm9","previousOperationId":"602pmt6lt63pkek"}
{"type":"operationEnd","operationId":"602pmt6lt63pkek","timestamp":1674986480079,"id":"6vrs33bj6r4h4r2","previousEventId":"k7rabe2fa0a4fht","previousOperationId":"602pmt6lt63pkek"}
{"type":"log","timestamp":1674986480080,"level":"debug","message":"Skipping storing report.","meta":{"rootId":"5to19x45bthx7co","id":"bim2iaco9wz56xc"},"id":"aybrpk50tz63oz3","previousOperationId":"602pmt6lt63pkek"}
{"type":"log","timestamp":1674986480081,"level":"info","message":"Rendering request 2 finished in 1210 ms","meta":{"rootId":"5to19x45bthx7co","id":"bim2iaco9wz56xc"},"id":"lc1v6mpm5gb4smu","previousOperationId":"602pmt6lt63pkek"}
{"type":"operationEnd","subtype":"render","operationId":"mscwoylw8rcndjh","timestamp":1674986480081,"id":"hmskt8mpsk4q9hx","previousEventId":"6vrs33bj6r4h4r2","previousOperationId":"602pmt6lt63pkek"}
{"type":"log","timestamp":1674986480081,"level":"debug","message":"Starting child request to render pdf footer","meta":{"rootId":"5to19x45bthx7co","id":"5to19x45bthx7co"},"id":"hlf3ci3y8nr85of","previousOperationId":"saz02uvaysv2hbg"}
{"type":"operationStart","subtype":"render","name":"anonymous","previousOperationId":"saz02uvaysv2hbg","timestamp":1674986480081,"id":"jeptymft8dr566b","previousEventId":"zag7v9u3xs2udwu","operationId":"d8ynl9ggyrk87e6"}
{"type":"log","timestamp":1674986480082,"level":"info","message":"Starting rendering request 2 (user: null)","meta":{"rootId":"5to19x45bthx7co","id":"xjmw1suytp5taeh"},"id":"fq4ivwgtoqmqfnz","previousOperationId":"d8ynl9ggyrk87e6"}
{"type":"log","timestamp":1674986480082,"level":"info","message":"Rendering anonymous template { recipe: html, engine: handlebars }","meta":{"rootId":"5to19x45bthx7co","id":"xjmw1suytp5taeh"},"id":"cviq7lygxqu1mk4","previousOperationId":"d8ynl9ggyrk87e6"}
{"type":"log","timestamp":1674986480082,"level":"debug","message":"Inline data specified.","meta":{"rootId":"5to19x45bthx7co","id":"xjmw1suytp5taeh"},"id":"3b69ir3vto6ovri","previousOperationId":"d8ynl9ggyrk87e6"}
{"type":"log","timestamp":1674986480083,"level":"debug","message":"Base url not specified, skipping its injection.","meta":{"rootId":"5to19x45bthx7co","id":"xjmw1suytp5taeh"},"id":"51h5hp7u836dpzm","previousOperationId":"d8ynl9ggyrk87e6"}
{"type":"operationStart","subtype":"engine","name":"handlebars","timestamp":1674986480084,"id":"uh8juhb44z53nws","previousEventId":"jeptymft8dr566b","operationId":"1022731djea3u59","previousOperationId":"d8ynl9ggyrk87e6"}
{"type":"log","timestamp":1674986480084,"level":"debug","message":"Rendering engine handlebars","meta":{"rootId":"5to19x45bthx7co","id":"xjmw1suytp5taeh"},"id":"lccfzcs4ek34h9p","previousOperationId":"1022731djea3u59"}
{"type":"operationEnd","operationId":"1022731djea3u59","timestamp":1674986480120,"id":"hkyy0vf8kloajqi","previousEventId":"uh8juhb44z53nws","previousOperationId":"1022731djea3u59"}
{"type":"operationStart","subtype":"recipe","name":"html","timestamp":1674986480121,"id":"akboypaot9tmtdw","previousEventId":"hkyy0vf8kloajqi","operationId":"y6q4iqeiz6z9brm","previousOperationId":"1022731djea3u59"}
{"type":"log","timestamp":1674986480121,"level":"debug","message":"Executing recipe html","meta":{"rootId":"5to19x45bthx7co","id":"xjmw1suytp5taeh"},"id":"km08r87ssls13xs","previousOperationId":"y6q4iqeiz6z9brm"}
{"type":"operationEnd","operationId":"y6q4iqeiz6z9brm","timestamp":1674986480121,"id":"79ia6k3zvk7ohpu","previousEventId":"akboypaot9tmtdw","previousOperationId":"y6q4iqeiz6z9brm"}
{"type":"log","timestamp":1674986480121,"level":"debug","message":"Skipping storing report.","meta":{"rootId":"5to19x45bthx7co","id":"xjmw1suytp5taeh"},"id":"rbro95uvt5cokk1","previousOperationId":"y6q4iqeiz6z9brm"}
{"type":"log","timestamp":1674986480121,"level":"info","message":"Rendering request 2 finished in 1250 ms","meta":{"rootId":"5to19x45bthx7co","id":"xjmw1suytp5taeh"},"id":"lmm4173n3ckvvlb","previousOperationId":"y6q4iqeiz6z9brm"}
{"type":"operationEnd","subtype":"render","operationId":"d8ynl9ggyrk87e6","timestamp":1674986480121,"id":"6vlbcwc8kktmjko","previousEventId":"79ia6k3zvk7ohpu","previousOperationId":"y6q4iqeiz6z9brm"}
{"type":"log","timestamp":1674986481571,"level":"debug","message":"Converting with chrome HeadlessChrome/98.0.4758.0 using chrome-pool strategy","meta":{"rootId":"5to19x45bthx7co","id":"5to19x45bthx7co"},"id":"lgala5kug7c2t6l","previousOperationId":"saz02uvaysv2hbg"}
{"type":"log","timestamp":1674986481805,"level":"debug","message":"Page request: GET (document) file:///C:/Users/ADMINI~1/AppData/Local/Temp/jsreport/autocleanup/ff7ab061-c773-4daf-9390-b683686250dc-chrome-pdf.html","meta":{"rootId":"5to19x45bthx7co","id":"5to19x45bthx7co"},"id":"e15zskzz353lqnx","previousOperationId":"saz02uvaysv2hbg"}
{"type":"log","timestamp":1674986481825,"level":"debug","message":"Page request finished: GET (document) file:///C:/Users/ADMINI~1/AppData/Local/Temp/jsreport/autocleanup/ff7ab061-c773-4daf-9390-b683686250dc-chrome-pdf.html","meta":{"rootId":"5to19x45bthx7co","id":"5to19x45bthx7co"},"id":"70odjny90uannls","previousOperationId":"saz02uvaysv2hbg"}
{"type":"log","timestamp":1674986481828,"level":"debug","message":"Page request: GET (stylesheet) https://fonts.googleapis.com/css2?family=Montserrat:wght@500&family=Open+Sans:wght@300&display=swap","meta":{"rootId":"5to19x45bthx7co","id":"5to19x45bthx7co"},"id":"g4495m52xmh42cb","previousOperationId":"saz02uvaysv2hbg"}
{"type":"log","timestamp":1674986482059,"level":"debug","message":"Page request finished: GET (stylesheet) 200 https://fonts.googleapis.com/css2?family=Montserrat:wght@500&family=Open+Sans:wght@300&display=swap","meta":{"rootId":"5to19x45bthx7co","id":"5to19x45bthx7co"},"id":"qj6cxfi90kgjc09","previousOperationId":"saz02uvaysv2hbg"}
{"type":"log","timestamp":1674986482137,"level":"debug","message":"Page request: GET (font) https://fonts.gstatic.com/s/opensans/v34/memSYaGs126MiZpBA-UvWbX2vVnXBbObj2OVZyOOSr4dVJWUgsiH0B4gaVI.woff2","meta":{"rootId":"5to19x45bthx7co","id":"5to19x45bthx7co"},"id":"qscpzw2p0chi9yo","previousOperationId":"saz02uvaysv2hbg"}
{"type":"log","timestamp":1674986482143,"level":"debug","message":"Page request: GET (font) https://fonts.gstatic.com/s/opensans/v34/memSYaGs126MiZpBA-UvWbX2vVnXBbObj2OVZyOOSr4dVJWUgsiH0B4gaVI.woff2","meta":{"rootId":"5to19x45bthx7co","id":"5to19x45bthx7co"},"id":"ys9mgic7ezp5xln","previousOperationId":"saz02uvaysv2hbg"}
{"type":"log","timestamp":1674986482348,"level":"debug","message":"Page request finished: GET (font) 200 https://fonts.gstatic.com/s/opensans/v34/memSYaGs126MiZpBA-UvWbX2vVnXBbObj2OVZyOOSr4dVJWUgsiH0B4gaVI.woff2","meta":{"rootId":"5to19x45bthx7co","id":"5to19x45bthx7co"},"id":"pwu3cnkjz5vs8pr","previousOperationId":"saz02uvaysv2hbg"}
{"type":"log","timestamp":1674986482380,"level":"debug","message":"Running chrome with params {\"scale\":1,\"displayHeaderFooter\":true,\"headerTemplate\":\"...\",\"footerTemplate\":\"...\",\"printBackground\":true,\"pageRanges\":\"\",\"format\":\"A4\",\"width\":\"\",\"height\":\"\",\"marginTop\":\"350px\",\"marginRight\":\"20px\",\"marginBottom\":\"80px\",\"marginLeft\":\"20px\",\"waitForJS\":false,\"waitForNetworkIddle\":false,\"timeout\":58749,\"waitForNetworkIdle\":false,\"margin\":{\"top\":\"350px\",\"right\":\"20px\",\"bottom\":\"80px\",\"left\":\"20px\"}}","meta":{"rootId":"5to19x45bthx7co","id":"5to19x45bthx7co"},"id":"dp6auoi3jk5os43","previousOperationId":"saz02uvaysv2hbg"}
{"type":"operationEnd","operationId":"saz02uvaysv2hbg","timestamp":1674986485526,"id":"2z6lxg7jsvhk021","previousEventId":"zag7v9u3xs2udwu","previousOperationId":"saz02uvaysv2hbg"}
{"type":"log","timestamp":1674986485526,"level":"debug","message":"Skipping storing report.","meta":{"rootId":"5to19x45bthx7co","id":"5to19x45bthx7co"},"id":"9hht4au4hzw21bz","previousOperationId":"saz02uvaysv2hbg"}
{"type":"log","timestamp":1674986485527,"level":"info","message":"Rendering request 2 finished in 6656 ms","meta":{"rootId":"5to19x45bthx7co","id":"5to19x45bthx7co"},"id":"94cluv9k19umw2u","previousOperationId":"saz02uvaysv2hbg"}
{"type":"operationEnd","subtype":"render","operationId":"djqzfz91ekbt3bp","timestamp":1674986485527,"id":"egk9vlov5bu9nq9","previousEventId":"2z6lxg7jsvhk021","previousOperationId":"saz02uvaysv2hbg"}
{"type":"operationEnd","doDiffs":false,"previousEventId":"j9xqjddzm1i26ec","previousOperationId":"veususvuoblz8mu","operationId":"veususvuoblz8mu","timestamp":1674986485531,"id":"r296lifmw7z2mol"}
