{"type":"operationStart","subtype":"profile","data":{"_id":"yCfnceae9xVPX0z4","timestamp":"2022-09-23T16:10:24.093Z","state":"queued","mode":"standard","creationDate":"2022-09-23T16:10:24.098Z","modificationDate":"2022-09-23T16:10:24.098Z","shortid":"5Rqnh2D","$entitySet":"profiles"},"doDiffs":false,"timestamp":1663949424096,"id":"dsoy82s3727xd7z","previousOperationId":null,"operationId":"woaq01pmd315fdp"}
{"type":"log","level":"info","message":"Render request 1 queued for execution and waiting for available worker","previousOperationId":"woaq01pmd315fdp","timestamp":1663949424096,"id":"wg8ng6c1213q77a"}
{"type":"operationStart","subtype":"render","name":"anonymous","previousOperationId":"woaq01pmd315fdp","timestamp":1663949424146,"id":"f3qkidmg1mjypej","previousEventId":"dsoy82s3727xd7z","operationId":"97toosr1ybocbyz"}
{"type":"log","timestamp":1663949424147,"level":"info","message":"Starting rendering request 1 (user: null)","meta":{"rootId":"66lb93frtu4sv2b","id":"66lb93frtu4sv2b"},"id":"pkv4na0h4i4p4eq","previousOperationId":"97toosr1ybocbyz"}
{"type":"log","timestamp":1663949424161,"level":"info","message":"Rendering anonymous template { recipe: chrome-pdf, engine: handlebars }","meta":{"rootId":"66lb93frtu4sv2b","id":"66lb93frtu4sv2b"},"id":"p6j8ift6vjbvcs3","previousOperationId":"97toosr1ybocbyz"}
{"type":"log","timestamp":1663949424162,"level":"debug","message":"Inline data specified.","meta":{"rootId":"66lb93frtu4sv2b","id":"66lb93frtu4sv2b"},"id":"oq1m3rmta2atdmv","previousOperationId":"97toosr1ybocbyz"}
{"type":"log","timestamp":1663949424193,"level":"debug","message":"Base url not specified, skipping its injection.","meta":{"rootId":"66lb93frtu4sv2b","id":"66lb93frtu4sv2b"},"id":"fk7xts75fecy6i9","previousOperationId":"97toosr1ybocbyz"}
{"type":"operationStart","subtype":"engine","name":"handlebars","timestamp":1663949424198,"id":"wozo2p6t9843izn","previousEventId":"f3qkidmg1mjypej","operationId":"jotxhgzvuyhwsm0","previousOperationId":"97toosr1ybocbyz"}
{"type":"log","timestamp":1663949424198,"level":"debug","message":"Rendering engine handlebars","meta":{"rootId":"66lb93frtu4sv2b","id":"66lb93frtu4sv2b"},"id":"l91zpsyh65fdoyg","previousOperationId":"jotxhgzvuyhwsm0"}
{"type":"operationEnd","operationId":"jotxhgzvuyhwsm0","timestamp":1663949425865,"id":"x7cj2o7u3e66bzr","previousEventId":"wozo2p6t9843izn","previousOperationId":"jotxhgzvuyhwsm0"}
{"type":"operationStart","subtype":"recipe","name":"chrome-pdf","timestamp":1663949425866,"id":"2094i5himrvh21c","previousEventId":"x7cj2o7u3e66bzr","operationId":"kfb4ejjbsn1cuig","previousOperationId":"jotxhgzvuyhwsm0"}
{"type":"log","timestamp":1663949425866,"level":"debug","message":"Executing recipe chrome-pdf","meta":{"rootId":"66lb93frtu4sv2b","id":"66lb93frtu4sv2b"},"id":"qvofmkt2vt6wpt2","previousOperationId":"kfb4ejjbsn1cuig"}
{"type":"log","timestamp":1663949426032,"level":"debug","message":"Starting child request to render pdf header","meta":{"rootId":"66lb93frtu4sv2b","id":"66lb93frtu4sv2b"},"id":"b6wpqyzqkzineyx","previousOperationId":"kfb4ejjbsn1cuig"}
{"type":"operationStart","subtype":"render","name":"anonymous","previousOperationId":"kfb4ejjbsn1cuig","timestamp":1663949426034,"id":"ryng009rmcqnglg","previousEventId":"2094i5himrvh21c","operationId":"xlwwyjly3hd3v49"}
{"type":"log","timestamp":1663949426034,"level":"info","message":"Starting rendering request 1 (user: null)","meta":{"rootId":"66lb93frtu4sv2b","id":"83n14ahaaip6i9e"},"id":"p9jbb2nrkt731uj","previousOperationId":"xlwwyjly3hd3v49"}
{"type":"log","timestamp":1663949426037,"level":"info","message":"Rendering anonymous template { recipe: html, engine: handlebars }","meta":{"rootId":"66lb93frtu4sv2b","id":"83n14ahaaip6i9e"},"id":"sgrsfusfuccwdvw","previousOperationId":"xlwwyjly3hd3v49"}
{"type":"log","timestamp":1663949426044,"level":"debug","message":"Inline data specified.","meta":{"rootId":"66lb93frtu4sv2b","id":"83n14ahaaip6i9e"},"id":"qslg4st7eagcj78","previousOperationId":"xlwwyjly3hd3v49"}
{"type":"log","timestamp":1663949426049,"level":"debug","message":"Base url not specified, skipping its injection.","meta":{"rootId":"66lb93frtu4sv2b","id":"83n14ahaaip6i9e"},"id":"mphkls2vz04sma4","previousOperationId":"xlwwyjly3hd3v49"}
{"type":"log","timestamp":1663949426074,"level":"debug","message":"Replaced assets [\"./src/reporting/assets/logo.png\"]","meta":{"rootId":"66lb93frtu4sv2b","id":"83n14ahaaip6i9e"},"id":"nu030coo1kk4t7a","previousOperationId":"xlwwyjly3hd3v49"}
{"type":"operationStart","subtype":"engine","name":"handlebars","timestamp":1663949426074,"id":"2bx1iq8mfnyt8bs","previousEventId":"ryng009rmcqnglg","operationId":"8tv8qx7k05q5dan","previousOperationId":"xlwwyjly3hd3v49"}
{"type":"log","timestamp":1663949426074,"level":"debug","message":"Rendering engine handlebars","meta":{"rootId":"66lb93frtu4sv2b","id":"83n14ahaaip6i9e"},"id":"2kl9gtj1r88eyix","previousOperationId":"8tv8qx7k05q5dan"}
{"type":"operationEnd","operationId":"8tv8qx7k05q5dan","timestamp":1663949426131,"id":"wp8usgtpydtzn7j","previousEventId":"2bx1iq8mfnyt8bs","previousOperationId":"8tv8qx7k05q5dan"}
{"type":"operationStart","subtype":"recipe","name":"html","timestamp":1663949426132,"id":"s7bsen7a7egbllw","previousEventId":"wp8usgtpydtzn7j","operationId":"nqv7bfwtyrg6c5f","previousOperationId":"8tv8qx7k05q5dan"}
{"type":"log","timestamp":1663949426132,"level":"debug","message":"Executing recipe html","meta":{"rootId":"66lb93frtu4sv2b","id":"83n14ahaaip6i9e"},"id":"xd5snzl90d4ltly","previousOperationId":"nqv7bfwtyrg6c5f"}
{"type":"operationEnd","operationId":"nqv7bfwtyrg6c5f","timestamp":1663949426132,"id":"elueet11zglx9mr","previousEventId":"s7bsen7a7egbllw","previousOperationId":"nqv7bfwtyrg6c5f"}
{"type":"log","timestamp":1663949426133,"level":"debug","message":"Skipping storing report.","meta":{"rootId":"66lb93frtu4sv2b","id":"83n14ahaaip6i9e"},"id":"hka9nv8fvxsquf9","previousOperationId":"nqv7bfwtyrg6c5f"}
{"type":"log","timestamp":1663949426135,"level":"info","message":"Rendering request 1 finished in 2044 ms","meta":{"rootId":"66lb93frtu4sv2b","id":"83n14ahaaip6i9e"},"id":"zqm97rqtvwxdw77","previousOperationId":"nqv7bfwtyrg6c5f"}
{"type":"operationEnd","subtype":"render","operationId":"xlwwyjly3hd3v49","timestamp":1663949426135,"id":"z6lzhh9k2v681fx","previousEventId":"elueet11zglx9mr","previousOperationId":"nqv7bfwtyrg6c5f"}
{"type":"log","timestamp":1663949426139,"level":"debug","message":"Starting child request to render pdf footer","meta":{"rootId":"66lb93frtu4sv2b","id":"66lb93frtu4sv2b"},"id":"vy53xd43bd3umxb","previousOperationId":"kfb4ejjbsn1cuig"}
{"type":"operationStart","subtype":"render","name":"anonymous","previousOperationId":"kfb4ejjbsn1cuig","timestamp":1663949426140,"id":"7mlycm24sm9z39d","previousEventId":"2094i5himrvh21c","operationId":"ln0x9xatpin27bn"}
{"type":"log","timestamp":1663949426140,"level":"info","message":"Starting rendering request 1 (user: null)","meta":{"rootId":"66lb93frtu4sv2b","id":"g52y6myqzndllbn"},"id":"8r2hzagueu6r6ce","previousOperationId":"ln0x9xatpin27bn"}
{"type":"log","timestamp":1663949426140,"level":"info","message":"Rendering anonymous template { recipe: html, engine: handlebars }","meta":{"rootId":"66lb93frtu4sv2b","id":"g52y6myqzndllbn"},"id":"8rml7sxophclkbj","previousOperationId":"ln0x9xatpin27bn"}
{"type":"log","timestamp":1663949426140,"level":"debug","message":"Inline data specified.","meta":{"rootId":"66lb93frtu4sv2b","id":"g52y6myqzndllbn"},"id":"3qaudr9di4ci2cu","previousOperationId":"ln0x9xatpin27bn"}
{"type":"log","timestamp":1663949426149,"level":"debug","message":"Base url not specified, skipping its injection.","meta":{"rootId":"66lb93frtu4sv2b","id":"g52y6myqzndllbn"},"id":"tymftc2429ojbox","previousOperationId":"ln0x9xatpin27bn"}
{"type":"operationStart","subtype":"engine","name":"handlebars","timestamp":1663949426150,"id":"xepi96wbsmkxzct","previousEventId":"7mlycm24sm9z39d","operationId":"kvb1xgl3i8ne7tz","previousOperationId":"ln0x9xatpin27bn"}
{"type":"log","timestamp":1663949426150,"level":"debug","message":"Rendering engine handlebars","meta":{"rootId":"66lb93frtu4sv2b","id":"g52y6myqzndllbn"},"id":"vifoxaxim2hzvlg","previousOperationId":"kvb1xgl3i8ne7tz"}
{"type":"operationEnd","operationId":"kvb1xgl3i8ne7tz","timestamp":1663949426167,"id":"ujqbf1z025hkes8","previousEventId":"xepi96wbsmkxzct","previousOperationId":"kvb1xgl3i8ne7tz"}
{"type":"operationStart","subtype":"recipe","name":"html","timestamp":1663949426168,"id":"vv7b85rkuok38sk","previousEventId":"ujqbf1z025hkes8","operationId":"wwuzbdm964ncco9","previousOperationId":"kvb1xgl3i8ne7tz"}
{"type":"log","timestamp":1663949426168,"level":"debug","message":"Executing recipe html","meta":{"rootId":"66lb93frtu4sv2b","id":"g52y6myqzndllbn"},"id":"czpfb1krxpata5c","previousOperationId":"wwuzbdm964ncco9"}
{"type":"operationEnd","operationId":"wwuzbdm964ncco9","timestamp":1663949426168,"id":"3e627djhwlm2jjj","previousEventId":"vv7b85rkuok38sk","previousOperationId":"wwuzbdm964ncco9"}
{"type":"log","timestamp":1663949426168,"level":"debug","message":"Skipping storing report.","meta":{"rootId":"66lb93frtu4sv2b","id":"g52y6myqzndllbn"},"id":"63od6taoj2c490g","previousOperationId":"wwuzbdm964ncco9"}
{"type":"log","timestamp":1663949426168,"level":"info","message":"Rendering request 1 finished in 2077 ms","meta":{"rootId":"66lb93frtu4sv2b","id":"g52y6myqzndllbn"},"id":"1fw3ge6ell87xy1","previousOperationId":"wwuzbdm964ncco9"}
{"type":"operationEnd","subtype":"render","operationId":"ln0x9xatpin27bn","timestamp":1663949426168,"id":"nj9kes39lznrx3l","previousEventId":"3e627djhwlm2jjj","previousOperationId":"wwuzbdm964ncco9"}
{"type":"log","timestamp":1663949428284,"level":"debug","message":"Converting with chrome HeadlessChrome/98.0.4758.0 using chrome-pool strategy","meta":{"rootId":"66lb93frtu4sv2b","id":"66lb93frtu4sv2b"},"id":"xzo5dhwn0ooxt3d","previousOperationId":"kfb4ejjbsn1cuig"}
{"type":"log","timestamp":1663949428631,"level":"debug","message":"Page request: GET (document) file:///var/folders/8m/98z140gs3yzbw6jqmpbh8b8m0000gn/T/jsreport/autocleanup/bc027632-d499-434f-8798-2508b73adf7e-chrome-pdf.html","meta":{"rootId":"66lb93frtu4sv2b","id":"66lb93frtu4sv2b"},"id":"znwzy0x2gvf72jk","previousOperationId":"kfb4ejjbsn1cuig"}
{"type":"log","timestamp":1663949428656,"level":"debug","message":"Page request finished: GET (document) file:///var/folders/8m/98z140gs3yzbw6jqmpbh8b8m0000gn/T/jsreport/autocleanup/bc027632-d499-434f-8798-2508b73adf7e-chrome-pdf.html","meta":{"rootId":"66lb93frtu4sv2b","id":"66lb93frtu4sv2b"},"id":"lev3ubrmu51fnoa","previousOperationId":"kfb4ejjbsn1cuig"}
{"type":"log","timestamp":1663949428666,"level":"debug","message":"Page request: GET (stylesheet) https://fonts.googleapis.com/css2?family=Montserrat:wght@500&family=Open+Sans:wght@300&display=swap","meta":{"rootId":"66lb93frtu4sv2b","id":"66lb93frtu4sv2b"},"id":"rku2u8nj8g4xu3z","previousOperationId":"kfb4ejjbsn1cuig"}
{"type":"log","timestamp":1663949428950,"level":"debug","message":"Page request finished: GET (stylesheet) 200 https://fonts.googleapis.com/css2?family=Montserrat:wght@500&family=Open+Sans:wght@300&display=swap","meta":{"rootId":"66lb93frtu4sv2b","id":"66lb93frtu4sv2b"},"id":"vz4xdb9teokipfi","previousOperationId":"kfb4ejjbsn1cuig"}
{"type":"log","timestamp":1663949428988,"level":"debug","message":"Page request: GET (font) https://fonts.gstatic.com/s/opensans/v34/memSYaGs126MiZpBA-UvWbX2vVnXBbObj2OVZyOOSr4dVJWUgsiH0B4gaVQUwaEQbjA.woff","meta":{"rootId":"66lb93frtu4sv2b","id":"66lb93frtu4sv2b"},"id":"oau10vw257kz9c8","previousOperationId":"kfb4ejjbsn1cuig"}
{"type":"log","timestamp":1663949429000,"level":"debug","message":"Running chrome with params {\"scale\":1,\"displayHeaderFooter\":true,\"headerTemplate\":\"...\",\"footerTemplate\":\"...\",\"printBackground\":true,\"pageRanges\":\"\",\"format\":\"A4\",\"width\":\"\",\"height\":\"\",\"marginTop\":\"350px\",\"marginRight\":\"20px\",\"marginBottom\":\"80px\",\"marginLeft\":\"20px\",\"waitForJS\":false,\"waitForNetworkIddle\":false,\"timeout\":57922,\"waitForNetworkIdle\":false,\"margin\":{\"top\":\"350px\",\"right\":\"20px\",\"bottom\":\"80px\",\"left\":\"20px\"}}","meta":{"rootId":"66lb93frtu4sv2b","id":"66lb93frtu4sv2b"},"id":"jro35v8jt5qch5m","previousOperationId":"kfb4ejjbsn1cuig"}
{"type":"log","timestamp":1663949429009,"level":"debug","message":"Page request: GET (font) https://fonts.gstatic.com/s/opensans/v34/memSYaGs126MiZpBA-UvWbX2vVnXBbObj2OVZyOOSr4dVJWUgsiH0B4gaVQUwaEQbjA.woff","meta":{"rootId":"66lb93frtu4sv2b","id":"66lb93frtu4sv2b"},"id":"tarog4500609r76","previousOperationId":"kfb4ejjbsn1cuig"}
{"type":"operationEnd","operationId":"kfb4ejjbsn1cuig","timestamp":1663949429278,"id":"p8pzvxpjjlf5qq2","previousEventId":"2094i5himrvh21c","previousOperationId":"kfb4ejjbsn1cuig"}
{"type":"log","timestamp":1663949429278,"level":"debug","message":"Skipping storing report.","meta":{"rootId":"66lb93frtu4sv2b","id":"66lb93frtu4sv2b"},"id":"gaeg2gbiy5sv03v","previousOperationId":"kfb4ejjbsn1cuig"}
{"type":"log","timestamp":1663949429278,"level":"info","message":"Rendering request 1 finished in 5187 ms","meta":{"rootId":"66lb93frtu4sv2b","id":"66lb93frtu4sv2b"},"id":"za1qikeo61vsrq2","previousOperationId":"kfb4ejjbsn1cuig"}
{"type":"operationEnd","subtype":"render","operationId":"97toosr1ybocbyz","timestamp":1663949429279,"id":"jezdo6i9gsnsh5x","previousEventId":"p8pzvxpjjlf5qq2","previousOperationId":"kfb4ejjbsn1cuig"}
{"type":"operationEnd","doDiffs":false,"previousEventId":"dsoy82s3727xd7z","previousOperationId":"woaq01pmd315fdp","operationId":"woaq01pmd315fdp","timestamp":1663949429284,"id":"lx0sd931jw5jysv"}
