{"type":"operationStart","subtype":"profile","data":{"_id":"AisYJqagcHfHm1Dr","timestamp":"2022-09-17T15:28:06.293Z","state":"queued","mode":"standard","creationDate":"2022-09-17T15:28:06.299Z","modificationDate":"2022-09-17T15:28:06.299Z","shortid":"XFq7nDn","$entitySet":"profiles"},"doDiffs":false,"timestamp":1663428486296,"id":"0col4vklny0e8pq","previousOperationId":null,"operationId":"ud4azc1zmk8cvw4"}
{"type":"log","level":"info","message":"Render request 1 queued for execution and waiting for available worker","previousOperationId":"ud4azc1zmk8cvw4","timestamp":1663428486297,"id":"3ci9pn9uee0190f"}
{"type":"operationStart","subtype":"render","name":"anonymous","previousOperationId":"ud4azc1zmk8cvw4","timestamp":1663428486372,"id":"5k1zdok0hbypctz","previousEventId":"0col4vklny0e8pq","operationId":"yhg4zr6w1rg3l6l"}
{"type":"log","timestamp":1663428486374,"level":"info","message":"Starting rendering request 1 (user: null)","meta":{"rootId":"6a86nqmcnqj683q","id":"6a86nqmcnqj683q"},"id":"5xcps3xpq47bty3","previousOperationId":"yhg4zr6w1rg3l6l"}
{"type":"log","timestamp":1663428486377,"level":"info","message":"Rendering anonymous template { recipe: chrome-pdf, engine: handlebars }","meta":{"rootId":"6a86nqmcnqj683q","id":"6a86nqmcnqj683q"},"id":"xnodpnzft8e05a4","previousOperationId":"yhg4zr6w1rg3l6l"}
{"type":"log","timestamp":1663428486381,"level":"debug","message":"Inline data specified.","meta":{"rootId":"6a86nqmcnqj683q","id":"6a86nqmcnqj683q"},"id":"mpwqpr0ek7lr4vt","previousOperationId":"yhg4zr6w1rg3l6l"}
{"type":"log","timestamp":1663428486399,"level":"debug","message":"Base url not specified, skipping its injection.","meta":{"rootId":"6a86nqmcnqj683q","id":"6a86nqmcnqj683q"},"id":"gadsoexkrlna07k","previousOperationId":"yhg4zr6w1rg3l6l"}
{"type":"operationStart","subtype":"engine","name":"handlebars","timestamp":1663428486403,"id":"macnq0ht2hjy7gu","previousEventId":"5k1zdok0hbypctz","operationId":"vdhvs5s4ntaisfe","previousOperationId":"yhg4zr6w1rg3l6l"}
{"type":"log","timestamp":1663428486404,"level":"debug","message":"Rendering engine handlebars","meta":{"rootId":"6a86nqmcnqj683q","id":"6a86nqmcnqj683q"},"id":"3xj0wxlghuar4rx","previousOperationId":"vdhvs5s4ntaisfe"}
{"type":"operationEnd","operationId":"vdhvs5s4ntaisfe","timestamp":1663428489341,"id":"gsmnhbv0z532zta","previousEventId":"macnq0ht2hjy7gu","previousOperationId":"vdhvs5s4ntaisfe"}
{"type":"operationStart","subtype":"recipe","name":"chrome-pdf","timestamp":1663428489342,"id":"8z4uschg0hdb864","previousEventId":"gsmnhbv0z532zta","operationId":"fdbelco5z39on0p","previousOperationId":"vdhvs5s4ntaisfe"}
{"type":"log","timestamp":1663428489343,"level":"debug","message":"Executing recipe chrome-pdf","meta":{"rootId":"6a86nqmcnqj683q","id":"6a86nqmcnqj683q"},"id":"5udfi3h1kbozjsu","previousOperationId":"fdbelco5z39on0p"}
{"type":"log","timestamp":1663428489571,"level":"debug","message":"Starting child request to render pdf header","meta":{"rootId":"6a86nqmcnqj683q","id":"6a86nqmcnqj683q"},"id":"9jrvy7mi8h6s93e","previousOperationId":"fdbelco5z39on0p"}
{"type":"operationStart","subtype":"render","name":"anonymous","previousOperationId":"fdbelco5z39on0p","timestamp":1663428489572,"id":"moo2l7gxxo2psvl","previousEventId":"8z4uschg0hdb864","operationId":"1foy32rpaow2r3h"}
{"type":"log","timestamp":1663428489572,"level":"info","message":"Starting rendering request 1 (user: null)","meta":{"rootId":"6a86nqmcnqj683q","id":"i9z8ou92ydq5jz2"},"id":"mx350ytj08n5si0","previousOperationId":"1foy32rpaow2r3h"}
{"type":"log","timestamp":1663428489573,"level":"info","message":"Rendering anonymous template { recipe: html, engine: handlebars }","meta":{"rootId":"6a86nqmcnqj683q","id":"i9z8ou92ydq5jz2"},"id":"ctc1vmeb6vcd294","previousOperationId":"1foy32rpaow2r3h"}
{"type":"log","timestamp":1663428489573,"level":"debug","message":"Inline data specified.","meta":{"rootId":"6a86nqmcnqj683q","id":"i9z8ou92ydq5jz2"},"id":"btxkp7bo5ad6omz","previousOperationId":"1foy32rpaow2r3h"}
{"type":"log","timestamp":1663428489577,"level":"debug","message":"Base url not specified, skipping its injection.","meta":{"rootId":"6a86nqmcnqj683q","id":"i9z8ou92ydq5jz2"},"id":"1m25d3zmwxkk21v","previousOperationId":"1foy32rpaow2r3h"}
{"type":"log","timestamp":1663428489598,"level":"debug","message":"Replaced assets [\"./src/reporting/assets/logo.png\"]","meta":{"rootId":"6a86nqmcnqj683q","id":"i9z8ou92ydq5jz2"},"id":"hplj9mki5lk0ws3","previousOperationId":"1foy32rpaow2r3h"}
{"type":"operationStart","subtype":"engine","name":"handlebars","timestamp":1663428489599,"id":"01o99d7978gaat0","previousEventId":"moo2l7gxxo2psvl","operationId":"zifi8s4xf5fe5fw","previousOperationId":"1foy32rpaow2r3h"}
{"type":"log","timestamp":1663428489599,"level":"debug","message":"Rendering engine handlebars","meta":{"rootId":"6a86nqmcnqj683q","id":"i9z8ou92ydq5jz2"},"id":"5v7gbxdwlyj7d4d","previousOperationId":"zifi8s4xf5fe5fw"}
{"type":"operationEnd","operationId":"zifi8s4xf5fe5fw","timestamp":1663428489641,"id":"lqubnfktoftz3fk","previousEventId":"01o99d7978gaat0","previousOperationId":"zifi8s4xf5fe5fw"}
{"type":"operationStart","subtype":"recipe","name":"html","timestamp":1663428489642,"id":"nnrjq7gu5danuny","previousEventId":"lqubnfktoftz3fk","operationId":"f93p02d517f61t9","previousOperationId":"zifi8s4xf5fe5fw"}
{"type":"log","timestamp":1663428489642,"level":"debug","message":"Executing recipe html","meta":{"rootId":"6a86nqmcnqj683q","id":"i9z8ou92ydq5jz2"},"id":"wrf9s71v9irps3b","previousOperationId":"f93p02d517f61t9"}
{"type":"operationEnd","operationId":"f93p02d517f61t9","timestamp":1663428489642,"id":"umfwav4zk6tksvg","previousEventId":"nnrjq7gu5danuny","previousOperationId":"f93p02d517f61t9"}
{"type":"log","timestamp":1663428489643,"level":"debug","message":"Skipping storing report.","meta":{"rootId":"6a86nqmcnqj683q","id":"i9z8ou92ydq5jz2"},"id":"7h4p2z6zm7e0n26","previousOperationId":"f93p02d517f61t9"}
{"type":"log","timestamp":1663428489644,"level":"info","message":"Rendering request 1 finished in 3353 ms","meta":{"rootId":"6a86nqmcnqj683q","id":"i9z8ou92ydq5jz2"},"id":"yf4z2zyjp7qae5w","previousOperationId":"f93p02d517f61t9"}
{"type":"operationEnd","subtype":"render","operationId":"1foy32rpaow2r3h","timestamp":1663428489644,"id":"0qcqz8uoobt76k8","previousEventId":"umfwav4zk6tksvg","previousOperationId":"f93p02d517f61t9"}
{"type":"log","timestamp":1663428489644,"level":"debug","message":"Starting child request to render pdf footer","meta":{"rootId":"6a86nqmcnqj683q","id":"6a86nqmcnqj683q"},"id":"mk58ar0hxp4zgys","previousOperationId":"fdbelco5z39on0p"}
{"type":"operationStart","subtype":"render","name":"anonymous","previousOperationId":"fdbelco5z39on0p","timestamp":1663428489652,"id":"gbg0g1kb916ezlu","previousEventId":"8z4uschg0hdb864","operationId":"e30zy5ygjei4vpo"}
{"type":"log","timestamp":1663428489653,"level":"info","message":"Starting rendering request 1 (user: null)","meta":{"rootId":"6a86nqmcnqj683q","id":"7l9lz8udxn32jep"},"id":"euo8dw6v4aglghr","previousOperationId":"e30zy5ygjei4vpo"}
{"type":"log","timestamp":1663428489653,"level":"info","message":"Rendering anonymous template { recipe: html, engine: handlebars }","meta":{"rootId":"6a86nqmcnqj683q","id":"7l9lz8udxn32jep"},"id":"nmf57lz90zng9uv","previousOperationId":"e30zy5ygjei4vpo"}
{"type":"log","timestamp":1663428489653,"level":"debug","message":"Inline data specified.","meta":{"rootId":"6a86nqmcnqj683q","id":"7l9lz8udxn32jep"},"id":"bujnz8ozs40313l","previousOperationId":"e30zy5ygjei4vpo"}
{"type":"log","timestamp":1663428489676,"level":"debug","message":"Base url not specified, skipping its injection.","meta":{"rootId":"6a86nqmcnqj683q","id":"7l9lz8udxn32jep"},"id":"8ti8y6xqu7n9c9o","previousOperationId":"e30zy5ygjei4vpo"}
{"type":"operationStart","subtype":"engine","name":"handlebars","timestamp":1663428489677,"id":"jxkt9059j3mhyqk","previousEventId":"gbg0g1kb916ezlu","operationId":"kgo82joynps6mbm","previousOperationId":"e30zy5ygjei4vpo"}
{"type":"log","timestamp":1663428489677,"level":"debug","message":"Rendering engine handlebars","meta":{"rootId":"6a86nqmcnqj683q","id":"7l9lz8udxn32jep"},"id":"lhrtqiu3p8igrr4","previousOperationId":"kgo82joynps6mbm"}
{"type":"operationEnd","operationId":"kgo82joynps6mbm","timestamp":1663428489714,"id":"ipptf7egdvpi04y","previousEventId":"jxkt9059j3mhyqk","previousOperationId":"kgo82joynps6mbm"}
{"type":"operationStart","subtype":"recipe","name":"html","timestamp":1663428489714,"id":"f2dxdbtxzz542pr","previousEventId":"ipptf7egdvpi04y","operationId":"s9dbzas538yowct","previousOperationId":"kgo82joynps6mbm"}
{"type":"log","timestamp":1663428489714,"level":"debug","message":"Executing recipe html","meta":{"rootId":"6a86nqmcnqj683q","id":"7l9lz8udxn32jep"},"id":"oug27pf5ri7x0kg","previousOperationId":"s9dbzas538yowct"}
{"type":"operationEnd","operationId":"s9dbzas538yowct","timestamp":1663428489714,"id":"79cbkbi2261lj30","previousEventId":"f2dxdbtxzz542pr","previousOperationId":"s9dbzas538yowct"}
{"type":"log","timestamp":1663428489715,"level":"debug","message":"Skipping storing report.","meta":{"rootId":"6a86nqmcnqj683q","id":"7l9lz8udxn32jep"},"id":"saz6g1a7c9htt4m","previousOperationId":"s9dbzas538yowct"}
{"type":"log","timestamp":1663428489715,"level":"info","message":"Rendering request 1 finished in 3424 ms","meta":{"rootId":"6a86nqmcnqj683q","id":"7l9lz8udxn32jep"},"id":"kuamsrn6nkdantn","previousOperationId":"s9dbzas538yowct"}
{"type":"operationEnd","subtype":"render","operationId":"e30zy5ygjei4vpo","timestamp":1663428489715,"id":"ninhqvq1i47kzyh","previousEventId":"79cbkbi2261lj30","previousOperationId":"s9dbzas538yowct"}
{"type":"log","timestamp":1663428492578,"level":"debug","message":"Converting with chrome HeadlessChrome/98.0.4758.0 using chrome-pool strategy","meta":{"rootId":"6a86nqmcnqj683q","id":"6a86nqmcnqj683q"},"id":"u9edttvslvn0nm6","previousOperationId":"fdbelco5z39on0p"}
{"type":"log","timestamp":1663428493619,"level":"debug","message":"Page request: GET (document) file:///var/folders/8m/98z140gs3yzbw6jqmpbh8b8m0000gn/T/jsreport/autocleanup/d403d24c-5f57-4130-9dfa-d56e84885a6c-chrome-pdf.html","meta":{"rootId":"6a86nqmcnqj683q","id":"6a86nqmcnqj683q"},"id":"wxihmfri2xop39e","previousOperationId":"fdbelco5z39on0p"}
{"type":"log","timestamp":1663428493717,"level":"debug","message":"Page request finished: GET (document) file:///var/folders/8m/98z140gs3yzbw6jqmpbh8b8m0000gn/T/jsreport/autocleanup/d403d24c-5f57-4130-9dfa-d56e84885a6c-chrome-pdf.html","meta":{"rootId":"6a86nqmcnqj683q","id":"6a86nqmcnqj683q"},"id":"8l1591s71if1am0","previousOperationId":"fdbelco5z39on0p"}
{"type":"log","timestamp":1663428493738,"level":"debug","message":"Page request: GET (stylesheet) https://fonts.googleapis.com/css2?family=Montserrat:wght@500&family=Open+Sans:wght@300&display=swap","meta":{"rootId":"6a86nqmcnqj683q","id":"6a86nqmcnqj683q"},"id":"zjgtje0qlilo72c","previousOperationId":"fdbelco5z39on0p"}
{"type":"log","timestamp":1663428494024,"level":"debug","message":"Page request finished: GET (stylesheet) 200 https://fonts.googleapis.com/css2?family=Montserrat:wght@500&family=Open+Sans:wght@300&display=swap","meta":{"rootId":"6a86nqmcnqj683q","id":"6a86nqmcnqj683q"},"id":"vb3i8ae7lnmumky","previousOperationId":"fdbelco5z39on0p"}
{"type":"log","timestamp":1663428494092,"level":"debug","message":"Page request: GET (font) https://fonts.gstatic.com/s/opensans/v34/memSYaGs126MiZpBA-UvWbX2vVnXBbObj2OVZyOOSr4dVJWUgsiH0B4gaVQUwaEQbjA.woff","meta":{"rootId":"6a86nqmcnqj683q","id":"6a86nqmcnqj683q"},"id":"myoz814ey9a2c80","previousOperationId":"fdbelco5z39on0p"}
{"type":"log","timestamp":1663428494104,"level":"debug","message":"Page request: GET (font) https://fonts.gstatic.com/s/opensans/v34/memSYaGs126MiZpBA-UvWbX2vVnXBbObj2OVZyOOSr4dVJWUgsiH0B4gaVQUwaEQbjA.woff","meta":{"rootId":"6a86nqmcnqj683q","id":"6a86nqmcnqj683q"},"id":"hb5y9slu1m8ibj3","previousOperationId":"fdbelco5z39on0p"}
{"type":"log","timestamp":1663428494348,"level":"debug","message":"Page request finished: GET (font) 200 https://fonts.gstatic.com/s/opensans/v34/memSYaGs126MiZpBA-UvWbX2vVnXBbObj2OVZyOOSr4dVJWUgsiH0B4gaVQUwaEQbjA.woff","meta":{"rootId":"6a86nqmcnqj683q","id":"6a86nqmcnqj683q"},"id":"th78psnvnrbt1oa","previousOperationId":"fdbelco5z39on0p"}
{"type":"log","timestamp":1663428494362,"level":"debug","message":"Running chrome with params {\"scale\":1,\"displayHeaderFooter\":true,\"headerTemplate\":\"...\",\"footerTemplate\":\"...\",\"printBackground\":true,\"pageRanges\":\"\",\"format\":\"A4\",\"width\":\"\",\"height\":\"\",\"marginTop\":\"350px\",\"marginRight\":\"20px\",\"marginBottom\":\"80px\",\"marginLeft\":\"20px\",\"waitForJS\":false,\"waitForNetworkIddle\":false,\"timeout\":56576,\"waitForNetworkIdle\":false,\"margin\":{\"top\":\"350px\",\"right\":\"20px\",\"bottom\":\"80px\",\"left\":\"20px\"}}","meta":{"rootId":"6a86nqmcnqj683q","id":"6a86nqmcnqj683q"},"id":"qrrd1b017h8f65l","previousOperationId":"fdbelco5z39on0p"}
{"type":"operationEnd","operationId":"fdbelco5z39on0p","timestamp":1663428494719,"id":"d4ctk4dh33j7ymi","previousEventId":"8z4uschg0hdb864","previousOperationId":"fdbelco5z39on0p"}
{"type":"log","timestamp":1663428494719,"level":"debug","message":"Skipping storing report.","meta":{"rootId":"6a86nqmcnqj683q","id":"6a86nqmcnqj683q"},"id":"r8y8itlaeh1tz5o","previousOperationId":"fdbelco5z39on0p"}
{"type":"log","timestamp":1663428494719,"level":"info","message":"Rendering request 1 finished in 8428 ms","meta":{"rootId":"6a86nqmcnqj683q","id":"6a86nqmcnqj683q"},"id":"ie0feglatmelp42","previousOperationId":"fdbelco5z39on0p"}
{"type":"operationEnd","subtype":"render","operationId":"yhg4zr6w1rg3l6l","timestamp":1663428494719,"id":"15k22dt5kacsn2v","previousEventId":"d4ctk4dh33j7ymi","previousOperationId":"fdbelco5z39on0p"}
{"type":"operationEnd","doDiffs":false,"previousEventId":"0col4vklny0e8pq","previousOperationId":"ud4azc1zmk8cvw4","operationId":"ud4azc1zmk8cvw4","timestamp":1663428494728,"id":"fb87siz1zjrjzkc"}
