{"type":"operationStart","subtype":"profile","data":{"_id":"YvjL6B3Hkccer2K5","timestamp":"2022-09-17T18:34:45.874Z","state":"queued","mode":"standard","creationDate":"2022-09-17T18:34:45.889Z","modificationDate":"2022-09-17T18:34:45.889Z","shortid":"V00eBxp","$entitySet":"profiles"},"doDiffs":false,"timestamp":1663439685886,"id":"9ksxgx7pbnyce3j","previousOperationId":null,"operationId":"ma3i3ameizsj13o"}
{"type":"log","level":"info","message":"Render request 1 queued for execution and waiting for available worker","previousOperationId":"ma3i3ameizsj13o","timestamp":1663439685887,"id":"fcgvyod6wf81j5m"}
{"type":"operationStart","subtype":"render","name":"anonymous","previousOperationId":"ma3i3ameizsj13o","timestamp":1663439685934,"id":"4nwy6brav9lzcfy","previousEventId":"9ksxgx7pbnyce3j","operationId":"oycvptl1eaqm09o"}
{"type":"log","timestamp":1663439685938,"level":"info","message":"Starting rendering request 1 (user: null)","meta":{"rootId":"6hy61kq63r8tzfg","id":"6hy61kq63r8tzfg"},"id":"zeycxsf6vxis1ga","previousOperationId":"oycvptl1eaqm09o"}
{"type":"log","timestamp":1663439685942,"level":"info","message":"Rendering anonymous template { recipe: chrome-pdf, engine: handlebars }","meta":{"rootId":"6hy61kq63r8tzfg","id":"6hy61kq63r8tzfg"},"id":"ygjf0j1bw3ijvx6","previousOperationId":"oycvptl1eaqm09o"}
{"type":"log","timestamp":1663439685943,"level":"debug","message":"Inline data specified.","meta":{"rootId":"6hy61kq63r8tzfg","id":"6hy61kq63r8tzfg"},"id":"5j3gi0jn57wob89","previousOperationId":"oycvptl1eaqm09o"}
{"type":"log","timestamp":1663439685965,"level":"debug","message":"Base url not specified, skipping its injection.","meta":{"rootId":"6hy61kq63r8tzfg","id":"6hy61kq63r8tzfg"},"id":"a9uic3w7ab3ke57","previousOperationId":"oycvptl1eaqm09o"}
{"type":"operationStart","subtype":"engine","name":"handlebars","timestamp":1663439685973,"id":"uwlhgf49iz6p7pe","previousEventId":"4nwy6brav9lzcfy","operationId":"i8npn4w8atns5y6","previousOperationId":"oycvptl1eaqm09o"}
{"type":"log","timestamp":1663439685973,"level":"debug","message":"Rendering engine handlebars","meta":{"rootId":"6hy61kq63r8tzfg","id":"6hy61kq63r8tzfg"},"id":"gcmjlfxeowkhxvg","previousOperationId":"i8npn4w8atns5y6"}
{"type":"operationEnd","operationId":"i8npn4w8atns5y6","timestamp":1663439687865,"id":"rj72kajx4561g2u","previousEventId":"uwlhgf49iz6p7pe","previousOperationId":"i8npn4w8atns5y6"}
{"type":"operationStart","subtype":"recipe","name":"chrome-pdf","timestamp":1663439687866,"id":"hlzgerau0r5xy47","previousEventId":"rj72kajx4561g2u","operationId":"ew8n35532kur1n5","previousOperationId":"i8npn4w8atns5y6"}
{"type":"log","timestamp":1663439687866,"level":"debug","message":"Executing recipe chrome-pdf","meta":{"rootId":"6hy61kq63r8tzfg","id":"6hy61kq63r8tzfg"},"id":"c7lnkb5rx4c0v81","previousOperationId":"ew8n35532kur1n5"}
{"type":"log","timestamp":1663439688123,"level":"debug","message":"Starting child request to render pdf header","meta":{"rootId":"6hy61kq63r8tzfg","id":"6hy61kq63r8tzfg"},"id":"b7gchshxv26g7k6","previousOperationId":"ew8n35532kur1n5"}
{"type":"operationStart","subtype":"render","name":"anonymous","previousOperationId":"ew8n35532kur1n5","timestamp":1663439688124,"id":"26rfnfel9ggbcof","previousEventId":"hlzgerau0r5xy47","operationId":"a0p1yvoijn3e4pz"}
{"type":"log","timestamp":1663439688124,"level":"info","message":"Starting rendering request 1 (user: null)","meta":{"rootId":"6hy61kq63r8tzfg","id":"r1jd7zrqlejxffb"},"id":"enw6p5t7dvqjme6","previousOperationId":"a0p1yvoijn3e4pz"}
{"type":"log","timestamp":1663439688125,"level":"info","message":"Rendering anonymous template { recipe: html, engine: handlebars }","meta":{"rootId":"6hy61kq63r8tzfg","id":"r1jd7zrqlejxffb"},"id":"lktt0qfsg16c0l3","previousOperationId":"a0p1yvoijn3e4pz"}
{"type":"log","timestamp":1663439688125,"level":"debug","message":"Inline data specified.","meta":{"rootId":"6hy61kq63r8tzfg","id":"r1jd7zrqlejxffb"},"id":"9ro9g1ycp7irr6v","previousOperationId":"a0p1yvoijn3e4pz"}
{"type":"log","timestamp":1663439688127,"level":"debug","message":"Base url not specified, skipping its injection.","meta":{"rootId":"6hy61kq63r8tzfg","id":"r1jd7zrqlejxffb"},"id":"mxly8oicdvs4lpu","previousOperationId":"a0p1yvoijn3e4pz"}
{"type":"log","timestamp":1663439688138,"level":"debug","message":"Replaced assets [\"./src/reporting/assets/logo.png\"]","meta":{"rootId":"6hy61kq63r8tzfg","id":"r1jd7zrqlejxffb"},"id":"wxo2wc24fdd3coy","previousOperationId":"a0p1yvoijn3e4pz"}
{"type":"operationStart","subtype":"engine","name":"handlebars","timestamp":1663439688139,"id":"bb38x3xirikj3ij","previousEventId":"26rfnfel9ggbcof","operationId":"vtgqtetp7w4vvd6","previousOperationId":"a0p1yvoijn3e4pz"}
{"type":"log","timestamp":1663439688139,"level":"debug","message":"Rendering engine handlebars","meta":{"rootId":"6hy61kq63r8tzfg","id":"r1jd7zrqlejxffb"},"id":"s4ky000ocygzx43","previousOperationId":"vtgqtetp7w4vvd6"}
{"type":"operationEnd","operationId":"vtgqtetp7w4vvd6","timestamp":1663439688173,"id":"s90lejxmsuafw63","previousEventId":"bb38x3xirikj3ij","previousOperationId":"vtgqtetp7w4vvd6"}
{"type":"operationStart","subtype":"recipe","name":"html","timestamp":1663439688174,"id":"8ryllvqi3arjuow","previousEventId":"s90lejxmsuafw63","operationId":"0dx11bwdgymuipy","previousOperationId":"vtgqtetp7w4vvd6"}
{"type":"log","timestamp":1663439688174,"level":"debug","message":"Executing recipe html","meta":{"rootId":"6hy61kq63r8tzfg","id":"r1jd7zrqlejxffb"},"id":"xnz5o966u2kkyhj","previousOperationId":"0dx11bwdgymuipy"}
{"type":"operationEnd","operationId":"0dx11bwdgymuipy","timestamp":1663439688174,"id":"mul4s2v19vkf6mf","previousEventId":"8ryllvqi3arjuow","previousOperationId":"0dx11bwdgymuipy"}
{"type":"log","timestamp":1663439688175,"level":"debug","message":"Skipping storing report.","meta":{"rootId":"6hy61kq63r8tzfg","id":"r1jd7zrqlejxffb"},"id":"mo9x7kjufjjkqq0","previousOperationId":"0dx11bwdgymuipy"}
{"type":"log","timestamp":1663439688176,"level":"info","message":"Rendering request 1 finished in 2305 ms","meta":{"rootId":"6hy61kq63r8tzfg","id":"r1jd7zrqlejxffb"},"id":"9pp4tly01nrt7v2","previousOperationId":"0dx11bwdgymuipy"}
{"type":"operationEnd","subtype":"render","operationId":"a0p1yvoijn3e4pz","timestamp":1663439688176,"id":"qnksixihu7mv4i7","previousEventId":"mul4s2v19vkf6mf","previousOperationId":"0dx11bwdgymuipy"}
{"type":"log","timestamp":1663439688176,"level":"debug","message":"Starting child request to render pdf footer","meta":{"rootId":"6hy61kq63r8tzfg","id":"6hy61kq63r8tzfg"},"id":"802tn2q6wqu3ajh","previousOperationId":"ew8n35532kur1n5"}
{"type":"operationStart","subtype":"render","name":"anonymous","previousOperationId":"ew8n35532kur1n5","timestamp":1663439688176,"id":"x9yicg31ekrt173","previousEventId":"hlzgerau0r5xy47","operationId":"pdjkps8nnfrfih5"}
{"type":"log","timestamp":1663439688177,"level":"info","message":"Starting rendering request 1 (user: null)","meta":{"rootId":"6hy61kq63r8tzfg","id":"od4oatnfhk1mn10"},"id":"91od85o6fkl9cfu","previousOperationId":"pdjkps8nnfrfih5"}
{"type":"log","timestamp":1663439688177,"level":"info","message":"Rendering anonymous template { recipe: html, engine: handlebars }","meta":{"rootId":"6hy61kq63r8tzfg","id":"od4oatnfhk1mn10"},"id":"xuot9kx9tsy08d5","previousOperationId":"pdjkps8nnfrfih5"}
{"type":"log","timestamp":1663439688177,"level":"debug","message":"Inline data specified.","meta":{"rootId":"6hy61kq63r8tzfg","id":"od4oatnfhk1mn10"},"id":"uzbx0zfuwmhj2r7","previousOperationId":"pdjkps8nnfrfih5"}
{"type":"log","timestamp":1663439688202,"level":"debug","message":"Base url not specified, skipping its injection.","meta":{"rootId":"6hy61kq63r8tzfg","id":"od4oatnfhk1mn10"},"id":"obcpr9uw4vj5oqr","previousOperationId":"pdjkps8nnfrfih5"}
{"type":"operationStart","subtype":"engine","name":"handlebars","timestamp":1663439688202,"id":"kx32chn1vrqc2tq","previousEventId":"x9yicg31ekrt173","operationId":"1npr8jp5loqgys2","previousOperationId":"pdjkps8nnfrfih5"}
{"type":"log","timestamp":1663439688202,"level":"debug","message":"Rendering engine handlebars","meta":{"rootId":"6hy61kq63r8tzfg","id":"od4oatnfhk1mn10"},"id":"yzmq8qsnqcv66ze","previousOperationId":"1npr8jp5loqgys2"}
{"type":"operationEnd","operationId":"1npr8jp5loqgys2","timestamp":1663439688220,"id":"bldcfg2lhkklerz","previousEventId":"kx32chn1vrqc2tq","previousOperationId":"1npr8jp5loqgys2"}
{"type":"operationStart","subtype":"recipe","name":"html","timestamp":1663439688221,"id":"ssrrnzek3nlh70n","previousEventId":"bldcfg2lhkklerz","operationId":"rp3mp6q5wkp5avc","previousOperationId":"1npr8jp5loqgys2"}
{"type":"log","timestamp":1663439688221,"level":"debug","message":"Executing recipe html","meta":{"rootId":"6hy61kq63r8tzfg","id":"od4oatnfhk1mn10"},"id":"gbks01euvuowiwk","previousOperationId":"rp3mp6q5wkp5avc"}
{"type":"operationEnd","operationId":"rp3mp6q5wkp5avc","timestamp":1663439688221,"id":"tftfsbghy35vcqd","previousEventId":"ssrrnzek3nlh70n","previousOperationId":"rp3mp6q5wkp5avc"}
{"type":"log","timestamp":1663439688221,"level":"debug","message":"Skipping storing report.","meta":{"rootId":"6hy61kq63r8tzfg","id":"od4oatnfhk1mn10"},"id":"0lz1ilqmvzruvrp","previousOperationId":"rp3mp6q5wkp5avc"}
{"type":"log","timestamp":1663439688221,"level":"info","message":"Rendering request 1 finished in 2350 ms","meta":{"rootId":"6hy61kq63r8tzfg","id":"od4oatnfhk1mn10"},"id":"njugevb9y05ha1s","previousOperationId":"rp3mp6q5wkp5avc"}
{"type":"operationEnd","subtype":"render","operationId":"pdjkps8nnfrfih5","timestamp":1663439688221,"id":"dfpdftt6tll8ro7","previousEventId":"tftfsbghy35vcqd","previousOperationId":"rp3mp6q5wkp5avc"}
{"type":"log","timestamp":1663439690061,"level":"debug","message":"Converting with chrome HeadlessChrome/98.0.4758.0 using chrome-pool strategy","meta":{"rootId":"6hy61kq63r8tzfg","id":"6hy61kq63r8tzfg"},"id":"99tz6w6bd3ec1rq","previousOperationId":"ew8n35532kur1n5"}
{"type":"log","timestamp":1663439690434,"level":"debug","message":"Page request: GET (document) file:///var/folders/8m/98z140gs3yzbw6jqmpbh8b8m0000gn/T/jsreport/autocleanup/81fd0e6a-c78a-459b-b796-eda59cb0213e-chrome-pdf.html","meta":{"rootId":"6hy61kq63r8tzfg","id":"6hy61kq63r8tzfg"},"id":"jtzq0p8jpibl21b","previousOperationId":"ew8n35532kur1n5"}
{"type":"log","timestamp":1663439690505,"level":"debug","message":"Page request finished: GET (document) file:///var/folders/8m/98z140gs3yzbw6jqmpbh8b8m0000gn/T/jsreport/autocleanup/81fd0e6a-c78a-459b-b796-eda59cb0213e-chrome-pdf.html","meta":{"rootId":"6hy61kq63r8tzfg","id":"6hy61kq63r8tzfg"},"id":"prxy42y1wduri6r","previousOperationId":"ew8n35532kur1n5"}
{"type":"log","timestamp":1663439690517,"level":"debug","message":"Page request: GET (stylesheet) https://fonts.googleapis.com/css2?family=Montserrat:wght@500&family=Open+Sans:wght@300&display=swap","meta":{"rootId":"6hy61kq63r8tzfg","id":"6hy61kq63r8tzfg"},"id":"z9tz9unuy4udlss","previousOperationId":"ew8n35532kur1n5"}
{"type":"log","timestamp":1663439690766,"level":"debug","message":"Page request finished: GET (stylesheet) 200 https://fonts.googleapis.com/css2?family=Montserrat:wght@500&family=Open+Sans:wght@300&display=swap","meta":{"rootId":"6hy61kq63r8tzfg","id":"6hy61kq63r8tzfg"},"id":"neuyijqb020cvzp","previousOperationId":"ew8n35532kur1n5"}
{"type":"log","timestamp":1663439690809,"level":"debug","message":"Page request: GET (font) https://fonts.gstatic.com/s/opensans/v34/memSYaGs126MiZpBA-UvWbX2vVnXBbObj2OVZyOOSr4dVJWUgsiH0B4gaVQUwaEQbjA.woff","meta":{"rootId":"6hy61kq63r8tzfg","id":"6hy61kq63r8tzfg"},"id":"q5nb59ufal59s15","previousOperationId":"ew8n35532kur1n5"}
{"type":"log","timestamp":1663439690817,"level":"debug","message":"Running chrome with params {\"scale\":1,\"displayHeaderFooter\":true,\"headerTemplate\":\"...\",\"footerTemplate\":\"...\",\"printBackground\":true,\"pageRanges\":\"\",\"format\":\"A4\",\"width\":\"\",\"height\":\"\",\"marginTop\":\"350px\",\"marginRight\":\"20px\",\"marginBottom\":\"80px\",\"marginLeft\":\"20px\",\"waitForJS\":false,\"waitForNetworkIddle\":false,\"timeout\":57649,\"waitForNetworkIdle\":false,\"margin\":{\"top\":\"350px\",\"right\":\"20px\",\"bottom\":\"80px\",\"left\":\"20px\"}}","meta":{"rootId":"6hy61kq63r8tzfg","id":"6hy61kq63r8tzfg"},"id":"w0csfu1miv4s0tx","previousOperationId":"ew8n35532kur1n5"}
{"type":"log","timestamp":1663439690829,"level":"debug","message":"Page request: GET (font) https://fonts.gstatic.com/s/opensans/v34/memSYaGs126MiZpBA-UvWbX2vVnXBbObj2OVZyOOSr4dVJWUgsiH0B4gaVQUwaEQbjA.woff","meta":{"rootId":"6hy61kq63r8tzfg","id":"6hy61kq63r8tzfg"},"id":"28wt6zbgphcnai4","previousOperationId":"ew8n35532kur1n5"}
{"type":"log","timestamp":1663439691885,"level":"debug","message":"Page request finished: GET (font) 200 https://fonts.gstatic.com/s/opensans/v34/memSYaGs126MiZpBA-UvWbX2vVnXBbObj2OVZyOOSr4dVJWUgsiH0B4gaVQUwaEQbjA.woff","meta":{"rootId":"6hy61kq63r8tzfg","id":"6hy61kq63r8tzfg"},"id":"jrrs3p173ypw79h","previousOperationId":"ew8n35532kur1n5"}
{"type":"operationEnd","operationId":"ew8n35532kur1n5","timestamp":1663439692135,"id":"m0z36iugyle5md0","previousEventId":"hlzgerau0r5xy47","previousOperationId":"ew8n35532kur1n5"}
{"type":"log","timestamp":1663439692135,"level":"debug","message":"Skipping storing report.","meta":{"rootId":"6hy61kq63r8tzfg","id":"6hy61kq63r8tzfg"},"id":"n31i5787phi24rh","previousOperationId":"ew8n35532kur1n5"}
{"type":"log","timestamp":1663439692135,"level":"info","message":"Rendering request 1 finished in 6264 ms","meta":{"rootId":"6hy61kq63r8tzfg","id":"6hy61kq63r8tzfg"},"id":"f3kfb279guqmemt","previousOperationId":"ew8n35532kur1n5"}
{"type":"operationEnd","subtype":"render","operationId":"oycvptl1eaqm09o","timestamp":1663439692135,"id":"j2tl82radwecmxr","previousEventId":"m0z36iugyle5md0","previousOperationId":"ew8n35532kur1n5"}
{"type":"operationEnd","doDiffs":false,"previousEventId":"9ksxgx7pbnyce3j","previousOperationId":"ma3i3ameizsj13o","operationId":"ma3i3ameizsj13o","timestamp":1663439692143,"id":"irwodk45qrazsdw"}
