{"type":"operationStart","subtype":"profile","data":{"_id":"OeNGERYIhPH7vf27","timestamp":"2022-09-22T09:28:38.081Z","state":"queued","mode":"standard","creationDate":"2022-09-22T09:28:38.086Z","modificationDate":"2022-09-22T09:28:38.086Z","shortid":"FTilyMt","$entitySet":"profiles"},"doDiffs":false,"timestamp":1663838918084,"id":"jf75p8tqygjymov","previousOperationId":null,"operationId":"xo3v3v80cyb1nd7"}
{"type":"log","level":"info","message":"Render request 1 queued for execution and waiting for available worker","previousOperationId":"xo3v3v80cyb1nd7","timestamp":1663838918084,"id":"hksyb2gibs8vgw7"}
{"type":"operationStart","subtype":"render","name":"anonymous","previousOperationId":"xo3v3v80cyb1nd7","timestamp":1663838918131,"id":"1lgnoqux7vw0wb4","previousEventId":"jf75p8tqygjymov","operationId":"f9ocsd6stla04mm"}
{"type":"log","timestamp":1663838918133,"level":"info","message":"Starting rendering request 1 (user: null)","meta":{"rootId":"6k60odnyjmdlwvl","id":"6k60odnyjmdlwvl"},"id":"hqza71j5p9wajf7","previousOperationId":"f9ocsd6stla04mm"}
{"type":"log","timestamp":1663838918136,"level":"info","message":"Rendering anonymous template { recipe: chrome-pdf, engine: handlebars }","meta":{"rootId":"6k60odnyjmdlwvl","id":"6k60odnyjmdlwvl"},"id":"nhh7jrq8xhz85jj","previousOperationId":"f9ocsd6stla04mm"}
{"type":"log","timestamp":1663838918137,"level":"debug","message":"Inline data specified.","meta":{"rootId":"6k60odnyjmdlwvl","id":"6k60odnyjmdlwvl"},"id":"n9ezvblo2eupiod","previousOperationId":"f9ocsd6stla04mm"}
{"type":"log","timestamp":1663838918144,"level":"debug","message":"Base url not specified, skipping its injection.","meta":{"rootId":"6k60odnyjmdlwvl","id":"6k60odnyjmdlwvl"},"id":"jakugjkym5qcz0f","previousOperationId":"f9ocsd6stla04mm"}
{"type":"operationStart","subtype":"engine","name":"handlebars","timestamp":1663838918149,"id":"uljmxnlorok3wbo","previousEventId":"1lgnoqux7vw0wb4","operationId":"7z0oai9nhx8t389","previousOperationId":"f9ocsd6stla04mm"}
{"type":"log","timestamp":1663838918149,"level":"debug","message":"Rendering engine handlebars","meta":{"rootId":"6k60odnyjmdlwvl","id":"6k60odnyjmdlwvl"},"id":"96q0sk33runn29u","previousOperationId":"7z0oai9nhx8t389"}
{"type":"operationEnd","operationId":"7z0oai9nhx8t389","timestamp":1663838919190,"id":"wnssf2l07q3mbgd","previousEventId":"uljmxnlorok3wbo","previousOperationId":"7z0oai9nhx8t389"}
{"type":"operationStart","subtype":"recipe","name":"chrome-pdf","timestamp":1663838919192,"id":"gjzzucau5j2oohz","previousEventId":"wnssf2l07q3mbgd","operationId":"npogp64rup1gt4v","previousOperationId":"7z0oai9nhx8t389"}
{"type":"log","timestamp":1663838919192,"level":"debug","message":"Executing recipe chrome-pdf","meta":{"rootId":"6k60odnyjmdlwvl","id":"6k60odnyjmdlwvl"},"id":"dssk1xpo7kvm673","previousOperationId":"npogp64rup1gt4v"}
{"type":"log","timestamp":1663838919362,"level":"debug","message":"Starting child request to render pdf header","meta":{"rootId":"6k60odnyjmdlwvl","id":"6k60odnyjmdlwvl"},"id":"5x6nqo5ckv8fzq8","previousOperationId":"npogp64rup1gt4v"}
{"type":"operationStart","subtype":"render","name":"anonymous","previousOperationId":"npogp64rup1gt4v","timestamp":1663838919363,"id":"bd7apioiwhmtrl3","previousEventId":"gjzzucau5j2oohz","operationId":"76mbqjifrszz5rg"}
{"type":"log","timestamp":1663838919363,"level":"info","message":"Starting rendering request 1 (user: null)","meta":{"rootId":"6k60odnyjmdlwvl","id":"qt7l31ccofvj5r3"},"id":"hw5cdwgdwkbsnzl","previousOperationId":"76mbqjifrszz5rg"}
{"type":"log","timestamp":1663838919363,"level":"info","message":"Rendering anonymous template { recipe: html, engine: handlebars }","meta":{"rootId":"6k60odnyjmdlwvl","id":"qt7l31ccofvj5r3"},"id":"co515hsqfyobfld","previousOperationId":"76mbqjifrszz5rg"}
{"type":"log","timestamp":1663838919363,"level":"debug","message":"Inline data specified.","meta":{"rootId":"6k60odnyjmdlwvl","id":"qt7l31ccofvj5r3"},"id":"itg3ocbjapymrw1","previousOperationId":"76mbqjifrszz5rg"}
{"type":"log","timestamp":1663838919366,"level":"debug","message":"Base url not specified, skipping its injection.","meta":{"rootId":"6k60odnyjmdlwvl","id":"qt7l31ccofvj5r3"},"id":"5e89jaup7fvgwos","previousOperationId":"76mbqjifrszz5rg"}
{"type":"log","timestamp":1663838919377,"level":"debug","message":"Replaced assets [\"./src/reporting/assets/logo.png\"]","meta":{"rootId":"6k60odnyjmdlwvl","id":"qt7l31ccofvj5r3"},"id":"7ajjfz1ks3kqyi5","previousOperationId":"76mbqjifrszz5rg"}
{"type":"operationStart","subtype":"engine","name":"handlebars","timestamp":1663838919377,"id":"hkzgmnvcllbl63o","previousEventId":"bd7apioiwhmtrl3","operationId":"c7etxy3qszum44k","previousOperationId":"76mbqjifrszz5rg"}
{"type":"log","timestamp":1663838919377,"level":"debug","message":"Rendering engine handlebars","meta":{"rootId":"6k60odnyjmdlwvl","id":"qt7l31ccofvj5r3"},"id":"ray1zl2pknvh3hv","previousOperationId":"c7etxy3qszum44k"}
{"type":"operationEnd","operationId":"c7etxy3qszum44k","timestamp":1663838919401,"id":"5y26miz7fpmuqv1","previousEventId":"hkzgmnvcllbl63o","previousOperationId":"c7etxy3qszum44k"}
{"type":"operationStart","subtype":"recipe","name":"html","timestamp":1663838919401,"id":"yivnndlz5o7pm18","previousEventId":"5y26miz7fpmuqv1","operationId":"6ispdigqhz55xee","previousOperationId":"c7etxy3qszum44k"}
{"type":"log","timestamp":1663838919401,"level":"debug","message":"Executing recipe html","meta":{"rootId":"6k60odnyjmdlwvl","id":"qt7l31ccofvj5r3"},"id":"gyxnci4gzyf62tm","previousOperationId":"6ispdigqhz55xee"}
{"type":"operationEnd","operationId":"6ispdigqhz55xee","timestamp":1663838919401,"id":"tds0g9llagga02c","previousEventId":"yivnndlz5o7pm18","previousOperationId":"6ispdigqhz55xee"}
{"type":"log","timestamp":1663838919403,"level":"debug","message":"Skipping storing report.","meta":{"rootId":"6k60odnyjmdlwvl","id":"qt7l31ccofvj5r3"},"id":"q3k0s43jyrvavwm","previousOperationId":"6ispdigqhz55xee"}
{"type":"log","timestamp":1663838919403,"level":"info","message":"Rendering request 1 finished in 1324 ms","meta":{"rootId":"6k60odnyjmdlwvl","id":"qt7l31ccofvj5r3"},"id":"cmg75ym0q6erdhl","previousOperationId":"6ispdigqhz55xee"}
{"type":"operationEnd","subtype":"render","operationId":"76mbqjifrszz5rg","timestamp":1663838919403,"id":"x6vlxwo74dr99mh","previousEventId":"tds0g9llagga02c","previousOperationId":"6ispdigqhz55xee"}
{"type":"log","timestamp":1663838919403,"level":"debug","message":"Starting child request to render pdf footer","meta":{"rootId":"6k60odnyjmdlwvl","id":"6k60odnyjmdlwvl"},"id":"eoidutsa1xgq8gp","previousOperationId":"npogp64rup1gt4v"}
{"type":"operationStart","subtype":"render","name":"anonymous","previousOperationId":"npogp64rup1gt4v","timestamp":1663838919403,"id":"9u5q9bhy7xw65x7","previousEventId":"gjzzucau5j2oohz","operationId":"g4yandc8fkmjm9l"}
{"type":"log","timestamp":1663838919404,"level":"info","message":"Starting rendering request 1 (user: null)","meta":{"rootId":"6k60odnyjmdlwvl","id":"zd78ypk4pexaxze"},"id":"jumzkxg8d9rz577","previousOperationId":"g4yandc8fkmjm9l"}
{"type":"log","timestamp":1663838919404,"level":"info","message":"Rendering anonymous template { recipe: html, engine: handlebars }","meta":{"rootId":"6k60odnyjmdlwvl","id":"zd78ypk4pexaxze"},"id":"e85hjfitzi6o3ff","previousOperationId":"g4yandc8fkmjm9l"}
{"type":"log","timestamp":1663838919404,"level":"debug","message":"Inline data specified.","meta":{"rootId":"6k60odnyjmdlwvl","id":"zd78ypk4pexaxze"},"id":"awru27fulstg03x","previousOperationId":"g4yandc8fkmjm9l"}
{"type":"log","timestamp":1663838919406,"level":"debug","message":"Base url not specified, skipping its injection.","meta":{"rootId":"6k60odnyjmdlwvl","id":"zd78ypk4pexaxze"},"id":"1phkdxls32uze6l","previousOperationId":"g4yandc8fkmjm9l"}
{"type":"operationStart","subtype":"engine","name":"handlebars","timestamp":1663838919407,"id":"elkbjjogig2wr0j","previousEventId":"9u5q9bhy7xw65x7","operationId":"bzemyj4h4zi5waa","previousOperationId":"g4yandc8fkmjm9l"}
{"type":"log","timestamp":1663838919407,"level":"debug","message":"Rendering engine handlebars","meta":{"rootId":"6k60odnyjmdlwvl","id":"zd78ypk4pexaxze"},"id":"m5985l6tk8x2tlm","previousOperationId":"bzemyj4h4zi5waa"}
{"type":"operationEnd","operationId":"bzemyj4h4zi5waa","timestamp":1663838919431,"id":"be2y02imhb9kqe1","previousEventId":"elkbjjogig2wr0j","previousOperationId":"bzemyj4h4zi5waa"}
{"type":"operationStart","subtype":"recipe","name":"html","timestamp":1663838919432,"id":"cqk1e3poei5eio9","previousEventId":"be2y02imhb9kqe1","operationId":"0xu7g3h0bxswhmf","previousOperationId":"bzemyj4h4zi5waa"}
{"type":"log","timestamp":1663838919432,"level":"debug","message":"Executing recipe html","meta":{"rootId":"6k60odnyjmdlwvl","id":"zd78ypk4pexaxze"},"id":"jvl3kecmmj3blgv","previousOperationId":"0xu7g3h0bxswhmf"}
{"type":"operationEnd","operationId":"0xu7g3h0bxswhmf","timestamp":1663838919432,"id":"5nyqa4tp5x78aou","previousEventId":"cqk1e3poei5eio9","previousOperationId":"0xu7g3h0bxswhmf"}
{"type":"log","timestamp":1663838919432,"level":"debug","message":"Skipping storing report.","meta":{"rootId":"6k60odnyjmdlwvl","id":"zd78ypk4pexaxze"},"id":"3uy0hvnupkdv6n3","previousOperationId":"0xu7g3h0bxswhmf"}
{"type":"log","timestamp":1663838919432,"level":"info","message":"Rendering request 1 finished in 1353 ms","meta":{"rootId":"6k60odnyjmdlwvl","id":"zd78ypk4pexaxze"},"id":"yhikq5r1o5b3do4","previousOperationId":"0xu7g3h0bxswhmf"}
{"type":"operationEnd","subtype":"render","operationId":"g4yandc8fkmjm9l","timestamp":1663838919432,"id":"xr7jpqmopf9v25d","previousEventId":"5nyqa4tp5x78aou","previousOperationId":"0xu7g3h0bxswhmf"}
{"type":"log","timestamp":1663838921381,"level":"debug","message":"Converting with chrome HeadlessChrome/98.0.4758.0 using chrome-pool strategy","meta":{"rootId":"6k60odnyjmdlwvl","id":"6k60odnyjmdlwvl"},"id":"apna89bqyae30rz","previousOperationId":"npogp64rup1gt4v"}
{"type":"log","timestamp":1663838921727,"level":"debug","message":"Page request: GET (document) file:///var/folders/8m/98z140gs3yzbw6jqmpbh8b8m0000gn/T/jsreport/autocleanup/f5d6be1b-377d-47c9-950b-79682ca92514-chrome-pdf.html","meta":{"rootId":"6k60odnyjmdlwvl","id":"6k60odnyjmdlwvl"},"id":"uwker3zyugitgo5","previousOperationId":"npogp64rup1gt4v"}
{"type":"log","timestamp":1663838921842,"level":"debug","message":"Page request finished: GET (document) file:///var/folders/8m/98z140gs3yzbw6jqmpbh8b8m0000gn/T/jsreport/autocleanup/f5d6be1b-377d-47c9-950b-79682ca92514-chrome-pdf.html","meta":{"rootId":"6k60odnyjmdlwvl","id":"6k60odnyjmdlwvl"},"id":"vr863jlvudnxqvo","previousOperationId":"npogp64rup1gt4v"}
{"type":"log","timestamp":1663838921864,"level":"debug","message":"Page request: GET (stylesheet) https://fonts.googleapis.com/css2?family=Montserrat:wght@500&family=Open+Sans:wght@300&display=swap","meta":{"rootId":"6k60odnyjmdlwvl","id":"6k60odnyjmdlwvl"},"id":"u434m7bsxlsk5on","previousOperationId":"npogp64rup1gt4v"}
{"type":"log","timestamp":1663838922165,"level":"debug","message":"Page request finished: GET (stylesheet) 200 https://fonts.googleapis.com/css2?family=Montserrat:wght@500&family=Open+Sans:wght@300&display=swap","meta":{"rootId":"6k60odnyjmdlwvl","id":"6k60odnyjmdlwvl"},"id":"q9v56al7aekjz45","previousOperationId":"npogp64rup1gt4v"}
{"type":"log","timestamp":1663838922198,"level":"debug","message":"Page request: GET (font) https://fonts.gstatic.com/s/opensans/v34/memSYaGs126MiZpBA-UvWbX2vVnXBbObj2OVZyOOSr4dVJWUgsiH0B4gaVQUwaEQbjA.woff","meta":{"rootId":"6k60odnyjmdlwvl","id":"6k60odnyjmdlwvl"},"id":"xtfforfbssob5bm","previousOperationId":"npogp64rup1gt4v"}
{"type":"log","timestamp":1663838922204,"level":"debug","message":"Running chrome with params {\"scale\":1,\"displayHeaderFooter\":true,\"headerTemplate\":\"...\",\"footerTemplate\":\"...\",\"printBackground\":true,\"pageRanges\":\"\",\"format\":\"A4\",\"width\":\"\",\"height\":\"\",\"marginTop\":\"350px\",\"marginRight\":\"20px\",\"marginBottom\":\"80px\",\"marginLeft\":\"20px\",\"waitForJS\":false,\"waitForNetworkIddle\":false,\"timeout\":58646,\"waitForNetworkIdle\":false,\"margin\":{\"top\":\"350px\",\"right\":\"20px\",\"bottom\":\"80px\",\"left\":\"20px\"}}","meta":{"rootId":"6k60odnyjmdlwvl","id":"6k60odnyjmdlwvl"},"id":"3yiypqj03tihg7u","previousOperationId":"npogp64rup1gt4v"}
{"type":"log","timestamp":1663838922209,"level":"debug","message":"Page request: GET (font) https://fonts.gstatic.com/s/opensans/v34/memSYaGs126MiZpBA-UvWbX2vVnXBbObj2OVZyOOSr4dVJWUgsiH0B4gaVQUwaEQbjA.woff","meta":{"rootId":"6k60odnyjmdlwvl","id":"6k60odnyjmdlwvl"},"id":"uprf4bfmpa12y60","previousOperationId":"npogp64rup1gt4v"}
{"type":"operationEnd","operationId":"npogp64rup1gt4v","timestamp":1663838922419,"id":"kn2h641nn1a1lbo","previousEventId":"gjzzucau5j2oohz","previousOperationId":"npogp64rup1gt4v"}
{"type":"log","timestamp":1663838922420,"level":"debug","message":"Skipping storing report.","meta":{"rootId":"6k60odnyjmdlwvl","id":"6k60odnyjmdlwvl"},"id":"znk7h7lsa0io6vh","previousOperationId":"npogp64rup1gt4v"}
{"type":"log","timestamp":1663838922420,"level":"info","message":"Rendering request 1 finished in 4341 ms","meta":{"rootId":"6k60odnyjmdlwvl","id":"6k60odnyjmdlwvl"},"id":"05hn6h7l8icnfw1","previousOperationId":"npogp64rup1gt4v"}
{"type":"operationEnd","subtype":"render","operationId":"f9ocsd6stla04mm","timestamp":1663838922420,"id":"0pr7ilx11pfyl8k","previousEventId":"kn2h641nn1a1lbo","previousOperationId":"npogp64rup1gt4v"}
{"type":"operationEnd","doDiffs":false,"previousEventId":"jf75p8tqygjymov","previousOperationId":"xo3v3v80cyb1nd7","operationId":"xo3v3v80cyb1nd7","timestamp":1663838922426,"id":"mqphyykg7rbp4da"}
