{"type":"operationStart","subtype":"profile","data":{"_id":"Gm9d4iv94MGSONDa","timestamp":"2023-01-28T15:26:52.527Z","state":"queued","mode":"standard","creationDate":"2023-01-28T15:26:52.533Z","modificationDate":"2023-01-28T15:26:52.533Z","shortid":"NS1jj7_","$entitySet":"profiles"},"doDiffs":false,"timestamp":1674919612531,"id":"0pj5ek0x4aztwd4","previousOperationId":null,"operationId":"apz4cdab7rj926k"}
{"type":"log","level":"info","message":"Render request 1 queued for execution and waiting for available worker","previousOperationId":"apz4cdab7rj926k","timestamp":1674919612531,"id":"iudr9ksm7eab5gi"}
{"type":"operationStart","subtype":"render","name":"anonymous","previousOperationId":"apz4cdab7rj926k","timestamp":1674919612553,"id":"jlixjcu1xe9mdbn","previousEventId":"0pj5ek0x4aztwd4","operationId":"pxdtvfs76a1x7ww"}
{"type":"log","timestamp":1674919612554,"level":"info","message":"Starting rendering request 1 (user: null)","meta":{"rootId":"6rl8eyc4olgu49l","id":"6rl8eyc4olgu49l"},"id":"y8vv2hdg42a2q0p","previousOperationId":"pxdtvfs76a1x7ww"}
{"type":"log","timestamp":1674919612558,"level":"info","message":"Rendering anonymous template { recipe: chrome-pdf, engine: handlebars }","meta":{"rootId":"6rl8eyc4olgu49l","id":"6rl8eyc4olgu49l"},"id":"dira9uzoqn6l9dt","previousOperationId":"pxdtvfs76a1x7ww"}
{"type":"log","timestamp":1674919612558,"level":"debug","message":"Inline data specified.","meta":{"rootId":"6rl8eyc4olgu49l","id":"6rl8eyc4olgu49l"},"id":"sqdj3nn7s9parsr","previousOperationId":"pxdtvfs76a1x7ww"}
{"type":"log","timestamp":1674919612562,"level":"debug","message":"Base url not specified, skipping its injection.","meta":{"rootId":"6rl8eyc4olgu49l","id":"6rl8eyc4olgu49l"},"id":"o5fvspl72l8nid7","previousOperationId":"pxdtvfs76a1x7ww"}
{"type":"operationStart","subtype":"engine","name":"handlebars","timestamp":1674919612564,"id":"k5xmo165yu1c4g5","previousEventId":"jlixjcu1xe9mdbn","operationId":"6qyrp6a3426eyfj","previousOperationId":"pxdtvfs76a1x7ww"}
{"type":"log","timestamp":1674919612564,"level":"debug","message":"Rendering engine handlebars","meta":{"rootId":"6rl8eyc4olgu49l","id":"6rl8eyc4olgu49l"},"id":"e6mzqnhxuihhs78","previousOperationId":"6qyrp6a3426eyfj"}
{"type":"operationEnd","operationId":"6qyrp6a3426eyfj","timestamp":1674919613397,"id":"3hz0ww5xz6t5d7k","previousEventId":"k5xmo165yu1c4g5","previousOperationId":"6qyrp6a3426eyfj"}
{"type":"operationStart","subtype":"recipe","name":"chrome-pdf","timestamp":1674919613398,"id":"gsn1rt1qtcuxw48","previousEventId":"3hz0ww5xz6t5d7k","operationId":"hpgb637cqtig64v","previousOperationId":"6qyrp6a3426eyfj"}
{"type":"log","timestamp":1674919613398,"level":"debug","message":"Executing recipe chrome-pdf","meta":{"rootId":"6rl8eyc4olgu49l","id":"6rl8eyc4olgu49l"},"id":"915t9jjckvde3f8","previousOperationId":"hpgb637cqtig64v"}
{"type":"log","timestamp":1674919613583,"level":"debug","message":"Starting child request to render pdf header","meta":{"rootId":"6rl8eyc4olgu49l","id":"6rl8eyc4olgu49l"},"id":"xu7a2ej7d1vy9oz","previousOperationId":"hpgb637cqtig64v"}
{"type":"operationStart","subtype":"render","name":"anonymous","previousOperationId":"hpgb637cqtig64v","timestamp":1674919613585,"id":"ywimgloxqsvhdp4","previousEventId":"gsn1rt1qtcuxw48","operationId":"sa85knf59cu8dbi"}
{"type":"log","timestamp":1674919613585,"level":"info","message":"Starting rendering request 1 (user: null)","meta":{"rootId":"6rl8eyc4olgu49l","id":"hqh838akmnkotj5"},"id":"p7nfnpy0uo5upnn","previousOperationId":"sa85knf59cu8dbi"}
{"type":"log","timestamp":1674919613585,"level":"info","message":"Rendering anonymous template { recipe: html, engine: handlebars }","meta":{"rootId":"6rl8eyc4olgu49l","id":"hqh838akmnkotj5"},"id":"o9sub89ktgb5rrv","previousOperationId":"sa85knf59cu8dbi"}
{"type":"log","timestamp":1674919613585,"level":"debug","message":"Inline data specified.","meta":{"rootId":"6rl8eyc4olgu49l","id":"hqh838akmnkotj5"},"id":"4gzomhz8wiio03e","previousOperationId":"sa85knf59cu8dbi"}
{"type":"log","timestamp":1674919613588,"level":"debug","message":"Base url not specified, skipping its injection.","meta":{"rootId":"6rl8eyc4olgu49l","id":"hqh838akmnkotj5"},"id":"fjayu3x8s573dbu","previousOperationId":"sa85knf59cu8dbi"}
{"type":"log","timestamp":1674919613599,"level":"debug","message":"Replaced assets [\"./src/reporting/assets/logo.png\"]","meta":{"rootId":"6rl8eyc4olgu49l","id":"hqh838akmnkotj5"},"id":"yc5wl63lb3abexr","previousOperationId":"sa85knf59cu8dbi"}
{"type":"operationStart","subtype":"engine","name":"handlebars","timestamp":1674919613599,"id":"2v1get2t4003764","previousEventId":"ywimgloxqsvhdp4","operationId":"9jwqgw6u5qccc0v","previousOperationId":"sa85knf59cu8dbi"}
{"type":"log","timestamp":1674919613599,"level":"debug","message":"Rendering engine handlebars","meta":{"rootId":"6rl8eyc4olgu49l","id":"hqh838akmnkotj5"},"id":"hguwjljmm20yat1","previousOperationId":"9jwqgw6u5qccc0v"}
{"type":"operationEnd","operationId":"9jwqgw6u5qccc0v","timestamp":1674919613620,"id":"xptd3k8aahtdy5j","previousEventId":"2v1get2t4003764","previousOperationId":"9jwqgw6u5qccc0v"}
{"type":"operationStart","subtype":"recipe","name":"html","timestamp":1674919613621,"id":"ouzkybf6s1cmmjl","previousEventId":"xptd3k8aahtdy5j","operationId":"6v9ltlvysd5ex98","previousOperationId":"9jwqgw6u5qccc0v"}
{"type":"log","timestamp":1674919613621,"level":"debug","message":"Executing recipe html","meta":{"rootId":"6rl8eyc4olgu49l","id":"hqh838akmnkotj5"},"id":"hcn38fv5qbaey2b","previousOperationId":"6v9ltlvysd5ex98"}
{"type":"operationEnd","operationId":"6v9ltlvysd5ex98","timestamp":1674919613621,"id":"vycflbk4mie8w5z","previousEventId":"ouzkybf6s1cmmjl","previousOperationId":"6v9ltlvysd5ex98"}
{"type":"log","timestamp":1674919613622,"level":"debug","message":"Skipping storing report.","meta":{"rootId":"6rl8eyc4olgu49l","id":"hqh838akmnkotj5"},"id":"xclyqo40vwgprwy","previousOperationId":"6v9ltlvysd5ex98"}
{"type":"log","timestamp":1674919613622,"level":"info","message":"Rendering request 1 finished in 1096 ms","meta":{"rootId":"6rl8eyc4olgu49l","id":"hqh838akmnkotj5"},"id":"0n31a6f71be959z","previousOperationId":"6v9ltlvysd5ex98"}
{"type":"operationEnd","subtype":"render","operationId":"sa85knf59cu8dbi","timestamp":1674919613622,"id":"zfw3aeciwn5pfkr","previousEventId":"vycflbk4mie8w5z","previousOperationId":"6v9ltlvysd5ex98"}
{"type":"log","timestamp":1674919613622,"level":"debug","message":"Starting child request to render pdf footer","meta":{"rootId":"6rl8eyc4olgu49l","id":"6rl8eyc4olgu49l"},"id":"2xm4rkzuixrxw6r","previousOperationId":"hpgb637cqtig64v"}
{"type":"operationStart","subtype":"render","name":"anonymous","previousOperationId":"hpgb637cqtig64v","timestamp":1674919613623,"id":"0s1fvkxsw829v9l","previousEventId":"gsn1rt1qtcuxw48","operationId":"cjg31uvb7iaukzd"}
{"type":"log","timestamp":1674919613623,"level":"info","message":"Starting rendering request 1 (user: null)","meta":{"rootId":"6rl8eyc4olgu49l","id":"90vtppxsluoqet7"},"id":"e413pjyjsf92bpz","previousOperationId":"cjg31uvb7iaukzd"}
{"type":"log","timestamp":1674919613623,"level":"info","message":"Rendering anonymous template { recipe: html, engine: handlebars }","meta":{"rootId":"6rl8eyc4olgu49l","id":"90vtppxsluoqet7"},"id":"esgmedxyhnc0xnt","previousOperationId":"cjg31uvb7iaukzd"}
{"type":"log","timestamp":1674919613623,"level":"debug","message":"Inline data specified.","meta":{"rootId":"6rl8eyc4olgu49l","id":"90vtppxsluoqet7"},"id":"ekkru0aacc8noe9","previousOperationId":"cjg31uvb7iaukzd"}
{"type":"log","timestamp":1674919613627,"level":"debug","message":"Base url not specified, skipping its injection.","meta":{"rootId":"6rl8eyc4olgu49l","id":"90vtppxsluoqet7"},"id":"vy299erof4axgmi","previousOperationId":"cjg31uvb7iaukzd"}
{"type":"operationStart","subtype":"engine","name":"handlebars","timestamp":1674919613628,"id":"orc3vljtfc23zbz","previousEventId":"0s1fvkxsw829v9l","operationId":"g8cp9h48fzjjlp9","previousOperationId":"cjg31uvb7iaukzd"}
{"type":"log","timestamp":1674919613628,"level":"debug","message":"Rendering engine handlebars","meta":{"rootId":"6rl8eyc4olgu49l","id":"90vtppxsluoqet7"},"id":"c1enh3u90k9qz6v","previousOperationId":"g8cp9h48fzjjlp9"}
{"type":"operationEnd","operationId":"g8cp9h48fzjjlp9","timestamp":1674919613652,"id":"pq4osjp0nlhkien","previousEventId":"orc3vljtfc23zbz","previousOperationId":"g8cp9h48fzjjlp9"}
{"type":"operationStart","subtype":"recipe","name":"html","timestamp":1674919613652,"id":"cwj6pbnzo0cw89j","previousEventId":"pq4osjp0nlhkien","operationId":"hc7zz6ianq5e951","previousOperationId":"g8cp9h48fzjjlp9"}
{"type":"log","timestamp":1674919613652,"level":"debug","message":"Executing recipe html","meta":{"rootId":"6rl8eyc4olgu49l","id":"90vtppxsluoqet7"},"id":"qbp26dajw77cgi7","previousOperationId":"hc7zz6ianq5e951"}
{"type":"operationEnd","operationId":"hc7zz6ianq5e951","timestamp":1674919613652,"id":"9ypwvuh2hfg5d95","previousEventId":"cwj6pbnzo0cw89j","previousOperationId":"hc7zz6ianq5e951"}
{"type":"log","timestamp":1674919613653,"level":"debug","message":"Skipping storing report.","meta":{"rootId":"6rl8eyc4olgu49l","id":"90vtppxsluoqet7"},"id":"ssajfnkgppju5sk","previousOperationId":"hc7zz6ianq5e951"}
{"type":"log","timestamp":1674919613653,"level":"info","message":"Rendering request 1 finished in 1127 ms","meta":{"rootId":"6rl8eyc4olgu49l","id":"90vtppxsluoqet7"},"id":"wgrjzndpsl52zj3","previousOperationId":"hc7zz6ianq5e951"}
{"type":"operationEnd","subtype":"render","operationId":"cjg31uvb7iaukzd","timestamp":1674919613653,"id":"e3kys3vpi4i6p12","previousEventId":"9ypwvuh2hfg5d95","previousOperationId":"hc7zz6ianq5e951"}
{"type":"log","timestamp":1674919613834,"level":"debug","message":"Converting with chrome HeadlessChrome/98.0.4758.0 using chrome-pool strategy","meta":{"rootId":"6rl8eyc4olgu49l","id":"6rl8eyc4olgu49l"},"id":"f5ehx26qlv1vz2r","previousOperationId":"hpgb637cqtig64v"}
{"type":"log","timestamp":1674919614108,"level":"debug","message":"Page request: GET (document) file:///C:/Users/ADMINI~1/AppData/Local/Temp/jsreport/autocleanup/678a6476-c76d-4ab0-8db9-0ea6bc362444-chrome-pdf.html","meta":{"rootId":"6rl8eyc4olgu49l","id":"6rl8eyc4olgu49l"},"id":"cu0dcxdeozr46b5","previousOperationId":"hpgb637cqtig64v"}
{"type":"log","timestamp":1674919614129,"level":"debug","message":"Page request finished: GET (document) file:///C:/Users/ADMINI~1/AppData/Local/Temp/jsreport/autocleanup/678a6476-c76d-4ab0-8db9-0ea6bc362444-chrome-pdf.html","meta":{"rootId":"6rl8eyc4olgu49l","id":"6rl8eyc4olgu49l"},"id":"7rnibii0mqu00lw","previousOperationId":"hpgb637cqtig64v"}
{"type":"log","timestamp":1674919614137,"level":"debug","message":"Page request: GET (stylesheet) https://fonts.googleapis.com/css2?family=Montserrat:wght@500&family=Open+Sans:wght@300&display=swap","meta":{"rootId":"6rl8eyc4olgu49l","id":"6rl8eyc4olgu49l"},"id":"72r0mge6b7ajv7q","previousOperationId":"hpgb637cqtig64v"}
{"type":"log","timestamp":1674919614638,"level":"debug","message":"Page request finished: GET (stylesheet) 200 https://fonts.googleapis.com/css2?family=Montserrat:wght@500&family=Open+Sans:wght@300&display=swap","meta":{"rootId":"6rl8eyc4olgu49l","id":"6rl8eyc4olgu49l"},"id":"enbgpqpmst991if","previousOperationId":"hpgb637cqtig64v"}
{"type":"log","timestamp":1674919614722,"level":"debug","message":"Page request: GET (font) https://fonts.gstatic.com/s/opensans/v34/memSYaGs126MiZpBA-UvWbX2vVnXBbObj2OVZyOOSr4dVJWUgsiH0B4gaVI.woff2","meta":{"rootId":"6rl8eyc4olgu49l","id":"6rl8eyc4olgu49l"},"id":"kiddw76gq00i0sb","previousOperationId":"hpgb637cqtig64v"}
{"type":"log","timestamp":1674919614723,"level":"debug","message":"Running chrome with params {\"scale\":1,\"displayHeaderFooter\":true,\"headerTemplate\":\"...\",\"footerTemplate\":\"...\",\"printBackground\":true,\"pageRanges\":\"\",\"format\":\"A4\",\"width\":\"\",\"height\":\"\",\"marginTop\":\"350px\",\"marginRight\":\"20px\",\"marginBottom\":\"80px\",\"marginLeft\":\"20px\",\"waitForJS\":false,\"waitForNetworkIddle\":false,\"timeout\":58873,\"waitForNetworkIdle\":false,\"margin\":{\"top\":\"350px\",\"right\":\"20px\",\"bottom\":\"80px\",\"left\":\"20px\"}}","meta":{"rootId":"6rl8eyc4olgu49l","id":"6rl8eyc4olgu49l"},"id":"wnpjlxsijc85w0s","previousOperationId":"hpgb637cqtig64v"}
{"type":"log","timestamp":1674919614764,"level":"debug","message":"Page request: GET (font) https://fonts.gstatic.com/s/opensans/v34/memSYaGs126MiZpBA-UvWbX2vVnXBbObj2OVZyOOSr4dVJWUgsiH0B4gaVI.woff2","meta":{"rootId":"6rl8eyc4olgu49l","id":"6rl8eyc4olgu49l"},"id":"eaovxmt2wgacfcw","previousOperationId":"hpgb637cqtig64v"}
{"type":"log","timestamp":1674919615049,"level":"debug","message":"Page request finished: GET (font) 200 https://fonts.gstatic.com/s/opensans/v34/memSYaGs126MiZpBA-UvWbX2vVnXBbObj2OVZyOOSr4dVJWUgsiH0B4gaVI.woff2","meta":{"rootId":"6rl8eyc4olgu49l","id":"6rl8eyc4olgu49l"},"id":"rvitz9bcp7fkqf6","previousOperationId":"hpgb637cqtig64v"}
{"type":"operationEnd","operationId":"hpgb637cqtig64v","timestamp":1674919616194,"id":"8zisgfqu4i722a3","previousEventId":"gsn1rt1qtcuxw48","previousOperationId":"hpgb637cqtig64v"}
{"type":"log","timestamp":1674919616194,"level":"debug","message":"Skipping storing report.","meta":{"rootId":"6rl8eyc4olgu49l","id":"6rl8eyc4olgu49l"},"id":"bw1xowgi8z37q6h","previousOperationId":"hpgb637cqtig64v"}
{"type":"log","timestamp":1674919616194,"level":"info","message":"Rendering request 1 finished in 3668 ms","meta":{"rootId":"6rl8eyc4olgu49l","id":"6rl8eyc4olgu49l"},"id":"c12bjce3wuptrqy","previousOperationId":"hpgb637cqtig64v"}
{"type":"operationEnd","subtype":"render","operationId":"pxdtvfs76a1x7ww","timestamp":1674919616194,"id":"vty1pvubfz64as3","previousEventId":"8zisgfqu4i722a3","previousOperationId":"hpgb637cqtig64v"}
{"type":"operationEnd","doDiffs":false,"previousEventId":"0pj5ek0x4aztwd4","previousOperationId":"apz4cdab7rj926k","operationId":"apz4cdab7rj926k","timestamp":1674919616204,"id":"wkoc15tqq562ba3"}
