{"type":"operationStart","subtype":"profile","data":{"_id":"FcyjbaSnzstgkyoT","timestamp":"2022-09-01T09:35:46.634Z","state":"queued","mode":"standard","creationDate":"2022-09-01T09:35:46.639Z","modificationDate":"2022-09-01T09:35:46.639Z","shortid":"q7tjAtX","$entitySet":"profiles"},"doDiffs":false,"timestamp":1662024946637,"id":"0w0a30urycjfz6k","previousOperationId":null,"operationId":"4i3iwbktihp9edv"}
{"type":"log","level":"info","message":"Render request 1 queued for execution and waiting for available worker","previousOperationId":"4i3iwbktihp9edv","timestamp":1662024946637,"id":"3kv0kc9pcbp69nb"}
{"type":"operationStart","subtype":"render","name":"anonymous","previousOperationId":"4i3iwbktihp9edv","timestamp":1662024946679,"id":"b0yszssfeqopaxk","previousEventId":"0w0a30urycjfz6k","operationId":"bh1na307ywlf678"}
{"type":"log","timestamp":1662024946682,"level":"info","message":"Starting rendering request 1 (user: null)","meta":{"rootId":"6yjcd3wgbsnr3qa","id":"6yjcd3wgbsnr3qa"},"id":"jk1cxqmf3kl7bx1","previousOperationId":"bh1na307ywlf678"}
{"type":"log","timestamp":1662024946687,"level":"info","message":"Rendering anonymous template { recipe: chrome-pdf, engine: handlebars }","meta":{"rootId":"6yjcd3wgbsnr3qa","id":"6yjcd3wgbsnr3qa"},"id":"p8azneljxtfvzyl","previousOperationId":"bh1na307ywlf678"}
{"type":"log","timestamp":1662024946687,"level":"debug","message":"Inline data specified.","meta":{"rootId":"6yjcd3wgbsnr3qa","id":"6yjcd3wgbsnr3qa"},"id":"o7bf6p0riu88lii","previousOperationId":"bh1na307ywlf678"}
{"type":"log","timestamp":1662024946698,"level":"debug","message":"Base url not specified, skipping its injection.","meta":{"rootId":"6yjcd3wgbsnr3qa","id":"6yjcd3wgbsnr3qa"},"id":"a4g289tkvrgdc0n","previousOperationId":"bh1na307ywlf678"}
{"type":"operationStart","subtype":"engine","name":"handlebars","timestamp":1662024946700,"id":"ayafedxj7zawrdy","previousEventId":"b0yszssfeqopaxk","operationId":"9f2k7dyi2vw0btu","previousOperationId":"bh1na307ywlf678"}
{"type":"log","timestamp":1662024946700,"level":"debug","message":"Rendering engine handlebars","meta":{"rootId":"6yjcd3wgbsnr3qa","id":"6yjcd3wgbsnr3qa"},"id":"m7zvl2el7xjaaso","previousOperationId":"9f2k7dyi2vw0btu"}
{"type":"operationEnd","operationId":"9f2k7dyi2vw0btu","timestamp":1662024947659,"id":"17a9767sd5qffov","previousEventId":"ayafedxj7zawrdy","previousOperationId":"9f2k7dyi2vw0btu"}
{"type":"operationStart","subtype":"recipe","name":"chrome-pdf","timestamp":1662024947660,"id":"31quzt0z52yagsi","previousEventId":"17a9767sd5qffov","operationId":"tydmwxy4to41s3o","previousOperationId":"9f2k7dyi2vw0btu"}
{"type":"log","timestamp":1662024947660,"level":"debug","message":"Executing recipe chrome-pdf","meta":{"rootId":"6yjcd3wgbsnr3qa","id":"6yjcd3wgbsnr3qa"},"id":"4z7wya1ldwceqg8","previousOperationId":"tydmwxy4to41s3o"}
{"type":"log","timestamp":1662024947791,"level":"debug","message":"Starting child request to render pdf header","meta":{"rootId":"6yjcd3wgbsnr3qa","id":"6yjcd3wgbsnr3qa"},"id":"xxx4u4hd1ojoiss","previousOperationId":"tydmwxy4to41s3o"}
{"type":"operationStart","subtype":"render","name":"anonymous","previousOperationId":"tydmwxy4to41s3o","timestamp":1662024947792,"id":"6j96gm3lq88giyc","previousEventId":"31quzt0z52yagsi","operationId":"ncw5iykdvnlraos"}
{"type":"log","timestamp":1662024947792,"level":"info","message":"Starting rendering request 1 (user: null)","meta":{"rootId":"6yjcd3wgbsnr3qa","id":"aupvcwffojwusl5"},"id":"5icsj9s3ck5xat2","previousOperationId":"ncw5iykdvnlraos"}
{"type":"log","timestamp":1662024947792,"level":"info","message":"Rendering anonymous template { recipe: html, engine: handlebars }","meta":{"rootId":"6yjcd3wgbsnr3qa","id":"aupvcwffojwusl5"},"id":"hvuql9lqetp13vh","previousOperationId":"ncw5iykdvnlraos"}
{"type":"log","timestamp":1662024947793,"level":"debug","message":"Inline data specified.","meta":{"rootId":"6yjcd3wgbsnr3qa","id":"aupvcwffojwusl5"},"id":"083iyi9xpczdm5b","previousOperationId":"ncw5iykdvnlraos"}
{"type":"log","timestamp":1662024947796,"level":"debug","message":"Base url not specified, skipping its injection.","meta":{"rootId":"6yjcd3wgbsnr3qa","id":"aupvcwffojwusl5"},"id":"zl0y4ub4i05oyg2","previousOperationId":"ncw5iykdvnlraos"}
{"type":"log","timestamp":1662024947806,"level":"debug","message":"Replaced assets [\"./src/reporting/assets/logo.png\"]","meta":{"rootId":"6yjcd3wgbsnr3qa","id":"aupvcwffojwusl5"},"id":"3sgmssbrwggnlii","previousOperationId":"ncw5iykdvnlraos"}
{"type":"operationStart","subtype":"engine","name":"handlebars","timestamp":1662024947807,"id":"tsxejo6sfh9mleq","previousEventId":"6j96gm3lq88giyc","operationId":"nhjxlohrq089k82","previousOperationId":"ncw5iykdvnlraos"}
{"type":"log","timestamp":1662024947807,"level":"debug","message":"Rendering engine handlebars","meta":{"rootId":"6yjcd3wgbsnr3qa","id":"aupvcwffojwusl5"},"id":"5q0l3s4jg8m1tro","previousOperationId":"nhjxlohrq089k82"}
{"type":"operationEnd","operationId":"nhjxlohrq089k82","timestamp":1662024947870,"id":"d8pvaz29o3rs8c9","previousEventId":"tsxejo6sfh9mleq","previousOperationId":"nhjxlohrq089k82"}
{"type":"operationStart","subtype":"recipe","name":"html","timestamp":1662024947872,"id":"lupohrkz8ev1uhb","previousEventId":"d8pvaz29o3rs8c9","operationId":"kbjba05xxh7nrrn","previousOperationId":"nhjxlohrq089k82"}
{"type":"log","timestamp":1662024947872,"level":"debug","message":"Executing recipe html","meta":{"rootId":"6yjcd3wgbsnr3qa","id":"aupvcwffojwusl5"},"id":"lwtjgamtrhspsjg","previousOperationId":"kbjba05xxh7nrrn"}
{"type":"operationEnd","operationId":"kbjba05xxh7nrrn","timestamp":1662024947872,"id":"pya8qv86822h9iy","previousEventId":"lupohrkz8ev1uhb","previousOperationId":"kbjba05xxh7nrrn"}
{"type":"log","timestamp":1662024947874,"level":"debug","message":"Skipping storing report.","meta":{"rootId":"6yjcd3wgbsnr3qa","id":"aupvcwffojwusl5"},"id":"ly8g2h2shovvqrs","previousOperationId":"kbjba05xxh7nrrn"}
{"type":"log","timestamp":1662024947874,"level":"info","message":"Rendering request 1 finished in 1242 ms","meta":{"rootId":"6yjcd3wgbsnr3qa","id":"aupvcwffojwusl5"},"id":"h0xq3npjfqmn81b","previousOperationId":"kbjba05xxh7nrrn"}
{"type":"operationEnd","subtype":"render","operationId":"ncw5iykdvnlraos","timestamp":1662024947874,"id":"x2w6qljvpcqejby","previousEventId":"pya8qv86822h9iy","previousOperationId":"kbjba05xxh7nrrn"}
{"type":"log","timestamp":1662024947875,"level":"debug","message":"Starting child request to render pdf footer","meta":{"rootId":"6yjcd3wgbsnr3qa","id":"6yjcd3wgbsnr3qa"},"id":"v50eaf4b6vipajc","previousOperationId":"tydmwxy4to41s3o"}
{"type":"operationStart","subtype":"render","name":"anonymous","previousOperationId":"tydmwxy4to41s3o","timestamp":1662024947875,"id":"jszftoo7ftopjgb","previousEventId":"31quzt0z52yagsi","operationId":"r0vxgte1s601571"}
{"type":"log","timestamp":1662024947875,"level":"info","message":"Starting rendering request 1 (user: null)","meta":{"rootId":"6yjcd3wgbsnr3qa","id":"4ncsopw01r0tcgk"},"id":"qgxbus6rg7akovq","previousOperationId":"r0vxgte1s601571"}
{"type":"log","timestamp":1662024947875,"level":"info","message":"Rendering anonymous template { recipe: html, engine: handlebars }","meta":{"rootId":"6yjcd3wgbsnr3qa","id":"4ncsopw01r0tcgk"},"id":"xeiex0cawy1lczw","previousOperationId":"r0vxgte1s601571"}
{"type":"log","timestamp":1662024947875,"level":"debug","message":"Inline data specified.","meta":{"rootId":"6yjcd3wgbsnr3qa","id":"4ncsopw01r0tcgk"},"id":"184b2btbjut7kwa","previousOperationId":"r0vxgte1s601571"}
{"type":"log","timestamp":1662024947925,"level":"debug","message":"Base url not specified, skipping its injection.","meta":{"rootId":"6yjcd3wgbsnr3qa","id":"4ncsopw01r0tcgk"},"id":"i2hqbdwym972nmu","previousOperationId":"r0vxgte1s601571"}
{"type":"operationStart","subtype":"engine","name":"handlebars","timestamp":1662024947926,"id":"3tjiadr31irhz6k","previousEventId":"jszftoo7ftopjgb","operationId":"ia8o1zvjkytxk7w","previousOperationId":"r0vxgte1s601571"}
{"type":"log","timestamp":1662024947926,"level":"debug","message":"Rendering engine handlebars","meta":{"rootId":"6yjcd3wgbsnr3qa","id":"4ncsopw01r0tcgk"},"id":"2m5gcxlf3dn78az","previousOperationId":"ia8o1zvjkytxk7w"}
{"type":"operationEnd","operationId":"ia8o1zvjkytxk7w","timestamp":1662024948001,"id":"31lwd7aehg695nt","previousEventId":"3tjiadr31irhz6k","previousOperationId":"ia8o1zvjkytxk7w"}
{"type":"operationStart","subtype":"recipe","name":"html","timestamp":1662024948002,"id":"dbu3uklf7k1cp5n","previousEventId":"31lwd7aehg695nt","operationId":"u9yed69su0c8zhv","previousOperationId":"ia8o1zvjkytxk7w"}
{"type":"log","timestamp":1662024948002,"level":"debug","message":"Executing recipe html","meta":{"rootId":"6yjcd3wgbsnr3qa","id":"4ncsopw01r0tcgk"},"id":"b1ko9qjw3kfrh0r","previousOperationId":"u9yed69su0c8zhv"}
{"type":"operationEnd","operationId":"u9yed69su0c8zhv","timestamp":1662024948002,"id":"whkuay6jwvyrg8j","previousEventId":"dbu3uklf7k1cp5n","previousOperationId":"u9yed69su0c8zhv"}
{"type":"log","timestamp":1662024948002,"level":"debug","message":"Skipping storing report.","meta":{"rootId":"6yjcd3wgbsnr3qa","id":"4ncsopw01r0tcgk"},"id":"8mpgtaa1epiaoah","previousOperationId":"u9yed69su0c8zhv"}
{"type":"log","timestamp":1662024948002,"level":"info","message":"Rendering request 1 finished in 1370 ms","meta":{"rootId":"6yjcd3wgbsnr3qa","id":"4ncsopw01r0tcgk"},"id":"u9yyf0ooxsdv6qf","previousOperationId":"u9yed69su0c8zhv"}
{"type":"operationEnd","subtype":"render","operationId":"r0vxgte1s601571","timestamp":1662024948003,"id":"sern05jhu7fzt0j","previousEventId":"whkuay6jwvyrg8j","previousOperationId":"u9yed69su0c8zhv"}
{"type":"log","timestamp":1662024950394,"level":"debug","message":"Converting with chrome HeadlessChrome/98.0.4758.0 using chrome-pool strategy","meta":{"rootId":"6yjcd3wgbsnr3qa","id":"6yjcd3wgbsnr3qa"},"id":"n2rwsvvmgt0brt6","previousOperationId":"tydmwxy4to41s3o"}
{"type":"log","timestamp":1662024951241,"level":"debug","message":"Page request: GET (document) file:///var/folders/8m/98z140gs3yzbw6jqmpbh8b8m0000gn/T/jsreport/autocleanup/e76df1ec-3be0-44a7-ba51-2f710dbd83b2-chrome-pdf.html","meta":{"rootId":"6yjcd3wgbsnr3qa","id":"6yjcd3wgbsnr3qa"},"id":"84w88zouwe7v33p","previousOperationId":"tydmwxy4to41s3o"}
{"type":"log","timestamp":1662024951303,"level":"debug","message":"Page request finished: GET (document) file:///var/folders/8m/98z140gs3yzbw6jqmpbh8b8m0000gn/T/jsreport/autocleanup/e76df1ec-3be0-44a7-ba51-2f710dbd83b2-chrome-pdf.html","meta":{"rootId":"6yjcd3wgbsnr3qa","id":"6yjcd3wgbsnr3qa"},"id":"cytuw9p7ofsc5qu","previousOperationId":"tydmwxy4to41s3o"}
{"type":"log","timestamp":1662024951328,"level":"debug","message":"Page request: GET (stylesheet) https://fonts.googleapis.com/css2?family=Montserrat:wght@500&family=Open+Sans:wght@300&display=swap","meta":{"rootId":"6yjcd3wgbsnr3qa","id":"6yjcd3wgbsnr3qa"},"id":"69tgq6ovjd1mei3","previousOperationId":"tydmwxy4to41s3o"}
{"type":"log","timestamp":1662024952011,"level":"debug","message":"Page request finished: GET (stylesheet) 200 https://fonts.googleapis.com/css2?family=Montserrat:wght@500&family=Open+Sans:wght@300&display=swap","meta":{"rootId":"6yjcd3wgbsnr3qa","id":"6yjcd3wgbsnr3qa"},"id":"epx6e395nrxm1km","previousOperationId":"tydmwxy4to41s3o"}
{"type":"log","timestamp":1662024952071,"level":"debug","message":"Page request: GET (font) https://fonts.gstatic.com/s/opensans/v34/memSYaGs126MiZpBA-UvWbX2vVnXBbObj2OVZyOOSr4dVJWUgsiH0B4gaVQUwaEQbjA.woff","meta":{"rootId":"6yjcd3wgbsnr3qa","id":"6yjcd3wgbsnr3qa"},"id":"2pug7d9lmqkpzk3","previousOperationId":"tydmwxy4to41s3o"}
{"type":"log","timestamp":1662024952076,"level":"debug","message":"Page request: GET (font) https://fonts.gstatic.com/s/opensans/v34/memSYaGs126MiZpBA-UvWbX2vVnXBbObj2OVZyOOSr4dVJWUgsiH0B4gaVQUwaEQbjA.woff","meta":{"rootId":"6yjcd3wgbsnr3qa","id":"6yjcd3wgbsnr3qa"},"id":"82dm2bn1bzx3y2b","previousOperationId":"tydmwxy4to41s3o"}
{"type":"log","timestamp":1662024952871,"level":"debug","message":"Page request finished: GET (font) 200 https://fonts.gstatic.com/s/opensans/v34/memSYaGs126MiZpBA-UvWbX2vVnXBbObj2OVZyOOSr4dVJWUgsiH0B4gaVQUwaEQbjA.woff","meta":{"rootId":"6yjcd3wgbsnr3qa","id":"6yjcd3wgbsnr3qa"},"id":"641kzxohldaenub","previousOperationId":"tydmwxy4to41s3o"}
{"type":"log","timestamp":1662024952888,"level":"debug","message":"Running chrome with params {\"scale\":1,\"displayHeaderFooter\":true,\"headerTemplate\":\"...\",\"footerTemplate\":\"...\",\"printBackground\":true,\"pageRanges\":\"\",\"format\":\"A4\",\"width\":\"\",\"height\":\"\",\"marginTop\":\"350px\",\"marginRight\":\"20px\",\"marginBottom\":\"80px\",\"marginLeft\":\"20px\",\"waitForJS\":false,\"waitForNetworkIddle\":false,\"timeout\":58628,\"waitForNetworkIdle\":false,\"margin\":{\"top\":\"350px\",\"right\":\"20px\",\"bottom\":\"80px\",\"left\":\"20px\"}}","meta":{"rootId":"6yjcd3wgbsnr3qa","id":"6yjcd3wgbsnr3qa"},"id":"iehx7epb08usftq","previousOperationId":"tydmwxy4to41s3o"}
{"type":"operationEnd","operationId":"tydmwxy4to41s3o","timestamp":1662024953211,"id":"zpgx5gpsgnrrxki","previousEventId":"31quzt0z52yagsi","previousOperationId":"tydmwxy4to41s3o"}
{"type":"log","timestamp":1662024953212,"level":"debug","message":"Skipping storing report.","meta":{"rootId":"6yjcd3wgbsnr3qa","id":"6yjcd3wgbsnr3qa"},"id":"m0uzdhru0cajt79","previousOperationId":"tydmwxy4to41s3o"}
{"type":"log","timestamp":1662024953212,"level":"info","message":"Rendering request 1 finished in 6580 ms","meta":{"rootId":"6yjcd3wgbsnr3qa","id":"6yjcd3wgbsnr3qa"},"id":"5q1v2sql46h9eu6","previousOperationId":"tydmwxy4to41s3o"}
{"type":"operationEnd","subtype":"render","operationId":"bh1na307ywlf678","timestamp":1662024953212,"id":"mue48jg39cfdqim","previousEventId":"zpgx5gpsgnrrxki","previousOperationId":"tydmwxy4to41s3o"}
{"type":"operationEnd","doDiffs":false,"previousEventId":"0w0a30urycjfz6k","previousOperationId":"4i3iwbktihp9edv","operationId":"4i3iwbktihp9edv","timestamp":1662024953223,"id":"3u4ym8cjerhnpc8"}
