{"type":"operationStart","subtype":"profile","data":{"_id":"rXIK8qaCHBZlzcOz","timestamp":"2023-05-10T09:26:30.201Z","state":"queued","mode":"standard","creationDate":"2023-05-10T09:26:30.210Z","modificationDate":"2023-05-10T09:26:30.210Z","shortid":"WWwlxNw","$entitySet":"profiles"},"doDiffs":false,"timestamp":1683710790208,"id":"ql08i55s38564hp","previousOperationId":null,"operationId":"2x1bjrw90mtjmil"}
{"type":"log","level":"info","message":"Render request 1 queued for execution and waiting for available worker","previousOperationId":"2x1bjrw90mtjmil","timestamp":1683710790208,"id":"guc6zmwhvizo0bn"}
{"type":"operationStart","subtype":"render","name":"anonymous","previousOperationId":"2x1bjrw90mtjmil","timestamp":1683710790237,"id":"qidoiilyfqc9rsg","previousEventId":"ql08i55s38564hp","operationId":"abxxsp9uo5bw8sa"}
{"type":"log","timestamp":1683710790240,"level":"info","message":"Starting rendering request 1","meta":{"rootId":"737b1qrix1r2od1","id":"737b1qrix1r2od1"},"id":"yzs56wa8w5vko2t","previousOperationId":"abxxsp9uo5bw8sa"}
{"type":"log","timestamp":1683710790243,"level":"info","message":"Rendering anonymous template { recipe: chrome-pdf, engine: handlebars }","meta":{"rootId":"737b1qrix1r2od1","id":"737b1qrix1r2od1"},"id":"tfjf9kvhpmikax4","previousOperationId":"abxxsp9uo5bw8sa"}
{"type":"log","timestamp":1683710790244,"level":"debug","message":"Inline data specified.","meta":{"rootId":"737b1qrix1r2od1","id":"737b1qrix1r2od1"},"id":"1q8e9lns35gc6la","previousOperationId":"abxxsp9uo5bw8sa"}
{"type":"log","timestamp":1683710790251,"level":"debug","message":"Base url not specified, skipping its injection.","meta":{"rootId":"737b1qrix1r2od1","id":"737b1qrix1r2od1"},"id":"inwu93v43x67r34","previousOperationId":"abxxsp9uo5bw8sa"}
{"type":"operationStart","subtype":"engine","name":"handlebars","timestamp":1683710790253,"id":"xtukim6mzovne1v","previousEventId":"qidoiilyfqc9rsg","operationId":"w85312pw59wa15v","previousOperationId":"abxxsp9uo5bw8sa"}
{"type":"log","timestamp":1683710790253,"level":"debug","message":"Rendering engine handlebars","meta":{"rootId":"737b1qrix1r2od1","id":"737b1qrix1r2od1"},"id":"r04spj0vwsec6c0","previousOperationId":"w85312pw59wa15v"}
{"type":"operationEnd","operationId":"w85312pw59wa15v","timestamp":1683710791444,"id":"sni2chrghov18jm","previousEventId":"xtukim6mzovne1v","previousOperationId":"w85312pw59wa15v"}
{"type":"operationStart","subtype":"recipe","name":"chrome-pdf","timestamp":1683710791445,"id":"r6fhdgdmaauquop","previousEventId":"sni2chrghov18jm","operationId":"fq6q916fpctxq27","previousOperationId":"w85312pw59wa15v"}
{"type":"log","timestamp":1683710791445,"level":"debug","message":"Executing recipe chrome-pdf","meta":{"rootId":"737b1qrix1r2od1","id":"737b1qrix1r2od1"},"id":"88iz15qkx2mvl1r","previousOperationId":"fq6q916fpctxq27"}
{"type":"log","timestamp":1683710791754,"level":"debug","message":"Starting child request to render pdf header","meta":{"rootId":"737b1qrix1r2od1","id":"737b1qrix1r2od1"},"id":"vgqr0j18uykfywj","previousOperationId":"fq6q916fpctxq27"}
{"type":"operationStart","subtype":"render","name":"anonymous","previousOperationId":"fq6q916fpctxq27","timestamp":1683710791755,"id":"p8px7efeigvsdyq","previousEventId":"r6fhdgdmaauquop","operationId":"zd0g73qu54u0naa"}
{"type":"log","timestamp":1683710791755,"level":"info","message":"Starting rendering (child) request","meta":{"rootId":"737b1qrix1r2od1","id":"lprgagtlm9iu35v"},"id":"j79513xdkjlcloh","previousOperationId":"zd0g73qu54u0naa"}
{"type":"log","timestamp":1683710791758,"level":"info","message":"Rendering anonymous template { recipe: html, engine: handlebars }","meta":{"rootId":"737b1qrix1r2od1","id":"lprgagtlm9iu35v"},"id":"fx25633m1fewgu6","previousOperationId":"zd0g73qu54u0naa"}
{"type":"log","timestamp":1683710791759,"level":"debug","message":"Inline data specified.","meta":{"rootId":"737b1qrix1r2od1","id":"lprgagtlm9iu35v"},"id":"rj97g3ti2azoipf","previousOperationId":"zd0g73qu54u0naa"}
{"type":"log","timestamp":1683710791761,"level":"debug","message":"Base url not specified, skipping its injection.","meta":{"rootId":"737b1qrix1r2od1","id":"lprgagtlm9iu35v"},"id":"k2qop65p92rb4u8","previousOperationId":"zd0g73qu54u0naa"}
{"type":"log","timestamp":1683710791782,"level":"debug","message":"Replaced assets [\"./src/reporting/assets/logo.png\"]","meta":{"rootId":"737b1qrix1r2od1","id":"lprgagtlm9iu35v"},"id":"k5jcstqi52emb45","previousOperationId":"zd0g73qu54u0naa"}
{"type":"operationStart","subtype":"engine","name":"handlebars","timestamp":1683710791782,"id":"229o4bydgk9206l","previousEventId":"p8px7efeigvsdyq","operationId":"7qmcqdmbyi5dxuy","previousOperationId":"zd0g73qu54u0naa"}
{"type":"log","timestamp":1683710791782,"level":"debug","message":"Rendering engine handlebars","meta":{"rootId":"737b1qrix1r2od1","id":"lprgagtlm9iu35v"},"id":"j3f4z8obyufkfod","previousOperationId":"7qmcqdmbyi5dxuy"}
{"type":"operationEnd","operationId":"7qmcqdmbyi5dxuy","timestamp":1683710791805,"id":"ynhzuuczy42v32r","previousEventId":"229o4bydgk9206l","previousOperationId":"7qmcqdmbyi5dxuy"}
{"type":"operationStart","subtype":"recipe","name":"html","timestamp":1683710791808,"id":"bp58r9yox0mdq9l","previousEventId":"ynhzuuczy42v32r","operationId":"ctqxez6euy615bd","previousOperationId":"7qmcqdmbyi5dxuy"}
{"type":"log","timestamp":1683710791808,"level":"debug","message":"Executing recipe html","meta":{"rootId":"737b1qrix1r2od1","id":"lprgagtlm9iu35v"},"id":"lc6ec3uz840wzm8","previousOperationId":"ctqxez6euy615bd"}
{"type":"operationEnd","operationId":"ctqxez6euy615bd","timestamp":1683710791808,"id":"diwn3ntqakuo82x","previousEventId":"bp58r9yox0mdq9l","previousOperationId":"ctqxez6euy615bd"}
{"type":"log","timestamp":1683710791809,"level":"debug","message":"Skipping storing report.","meta":{"rootId":"737b1qrix1r2od1","id":"lprgagtlm9iu35v"},"id":"bqrgd4idh7sb0xv","previousOperationId":"ctqxez6euy615bd"}
{"type":"log","timestamp":1683710791810,"level":"info","message":"Rendering (child) request finished in 1610 ms","meta":{"rootId":"737b1qrix1r2od1","id":"lprgagtlm9iu35v"},"id":"1oeibycgf14j91w","previousOperationId":"ctqxez6euy615bd"}
{"type":"operationEnd","subtype":"render","operationId":"zd0g73qu54u0naa","timestamp":1683710791810,"id":"lqn0anj3hhxad2q","previousEventId":"diwn3ntqakuo82x","previousOperationId":"ctqxez6euy615bd"}
{"type":"log","timestamp":1683710791810,"level":"debug","message":"Starting child request to render pdf footer","meta":{"rootId":"737b1qrix1r2od1","id":"737b1qrix1r2od1"},"id":"z2qgwsrx1n1vevd","previousOperationId":"fq6q916fpctxq27"}
{"type":"operationStart","subtype":"render","name":"anonymous","previousOperationId":"fq6q916fpctxq27","timestamp":1683710791810,"id":"o010704c1gg6xq0","previousEventId":"r6fhdgdmaauquop","operationId":"m2kf1109piy6i9e"}
{"type":"log","timestamp":1683710791810,"level":"info","message":"Starting rendering (child) request","meta":{"rootId":"737b1qrix1r2od1","id":"ul5o181wazfd9re"},"id":"64dryireh31c8jb","previousOperationId":"m2kf1109piy6i9e"}
{"type":"log","timestamp":1683710791811,"level":"info","message":"Rendering anonymous template { recipe: html, engine: handlebars }","meta":{"rootId":"737b1qrix1r2od1","id":"ul5o181wazfd9re"},"id":"vxz9jjh2v5jna0a","previousOperationId":"m2kf1109piy6i9e"}
{"type":"log","timestamp":1683710791811,"level":"debug","message":"Inline data specified.","meta":{"rootId":"737b1qrix1r2od1","id":"ul5o181wazfd9re"},"id":"6imo4jyb0ly1i59","previousOperationId":"m2kf1109piy6i9e"}
{"type":"log","timestamp":1683710791812,"level":"debug","message":"Base url not specified, skipping its injection.","meta":{"rootId":"737b1qrix1r2od1","id":"ul5o181wazfd9re"},"id":"9nvogwj4lprn3ur","previousOperationId":"m2kf1109piy6i9e"}
{"type":"operationStart","subtype":"engine","name":"handlebars","timestamp":1683710791813,"id":"2ckioxpxbjxczfs","previousEventId":"o010704c1gg6xq0","operationId":"rqsy3nfrz2px4qb","previousOperationId":"m2kf1109piy6i9e"}
{"type":"log","timestamp":1683710791813,"level":"debug","message":"Rendering engine handlebars","meta":{"rootId":"737b1qrix1r2od1","id":"ul5o181wazfd9re"},"id":"hm1602z9f0cdefp","previousOperationId":"rqsy3nfrz2px4qb"}
{"type":"operationEnd","operationId":"rqsy3nfrz2px4qb","timestamp":1683710791835,"id":"pjjwwbtocu9t9ep","previousEventId":"2ckioxpxbjxczfs","previousOperationId":"rqsy3nfrz2px4qb"}
{"type":"operationStart","subtype":"recipe","name":"html","timestamp":1683710791836,"id":"b5vik5d4803oyj4","previousEventId":"pjjwwbtocu9t9ep","operationId":"r2fwk4ws4avlygu","previousOperationId":"rqsy3nfrz2px4qb"}
{"type":"log","timestamp":1683710791836,"level":"debug","message":"Executing recipe html","meta":{"rootId":"737b1qrix1r2od1","id":"ul5o181wazfd9re"},"id":"p92ojq7xwb7eijn","previousOperationId":"r2fwk4ws4avlygu"}
{"type":"operationEnd","operationId":"r2fwk4ws4avlygu","timestamp":1683710791836,"id":"ampzfau816nl3yn","previousEventId":"b5vik5d4803oyj4","previousOperationId":"r2fwk4ws4avlygu"}
{"type":"log","timestamp":1683710791836,"level":"debug","message":"Skipping storing report.","meta":{"rootId":"737b1qrix1r2od1","id":"ul5o181wazfd9re"},"id":"no0pkbn7g1n3hrl","previousOperationId":"r2fwk4ws4avlygu"}
{"type":"log","timestamp":1683710791836,"level":"info","message":"Rendering (child) request finished in 1636 ms","meta":{"rootId":"737b1qrix1r2od1","id":"ul5o181wazfd9re"},"id":"tn5z9z6ci5vob1e","previousOperationId":"r2fwk4ws4avlygu"}
{"type":"operationEnd","subtype":"render","operationId":"m2kf1109piy6i9e","timestamp":1683710791836,"id":"extzahaddwnj259","previousEventId":"ampzfau816nl3yn","previousOperationId":"r2fwk4ws4avlygu"}
{"type":"log","timestamp":1683710793443,"level":"debug","message":"Converting with chrome HeadlessChrome/105.0.5173.0 using chrome-pool strategy","meta":{"rootId":"737b1qrix1r2od1","id":"737b1qrix1r2od1"},"id":"d5kpng2cm5ek78v","previousOperationId":"fq6q916fpctxq27"}
{"type":"log","timestamp":1683710793681,"level":"debug","message":"Page request: GET (document) file:///C:/Users/ADMINI~1/AppData/Local/Temp/jsreport/autocleanup/6ff9eaf9-1e5f-49c6-91e1-51bea2b59e0c-chrome-pdf.html","meta":{"rootId":"737b1qrix1r2od1","id":"737b1qrix1r2od1"},"id":"p0u4i3c8n5cxi5i","previousOperationId":"fq6q916fpctxq27"}
{"type":"log","timestamp":1683710793725,"level":"debug","message":"Page request finished: GET (document) 200 file:///C:/Users/ADMINI~1/AppData/Local/Temp/jsreport/autocleanup/6ff9eaf9-1e5f-49c6-91e1-51bea2b59e0c-chrome-pdf.html","meta":{"rootId":"737b1qrix1r2od1","id":"737b1qrix1r2od1"},"id":"lwgzwnq7iochxd0","previousOperationId":"fq6q916fpctxq27"}
{"type":"log","timestamp":1683710793726,"level":"debug","message":"Page request: GET (stylesheet) https://fonts.googleapis.com/css2?family=Montserrat:wght@500&family=Open+Sans:wght@300&display=swap","meta":{"rootId":"737b1qrix1r2od1","id":"737b1qrix1r2od1"},"id":"3tjtkabgs9raqgw","previousOperationId":"fq6q916fpctxq27"}
{"type":"log","timestamp":1683710794227,"level":"debug","message":"Page request finished: GET (stylesheet) 200 https://fonts.googleapis.com/css2?family=Montserrat:wght@500&family=Open+Sans:wght@300&display=swap","meta":{"rootId":"737b1qrix1r2od1","id":"737b1qrix1r2od1"},"id":"hs7y06lrtf4ngm5","previousOperationId":"fq6q916fpctxq27"}
{"type":"log","timestamp":1683710794334,"level":"debug","message":"Page request: GET (font) https://fonts.gstatic.com/s/opensans/v35/memSYaGs126MiZpBA-UvWbX2vVnXBbObj2OVZyOOSr4dVJWUgsiH0B4gaVI.woff2","meta":{"rootId":"737b1qrix1r2od1","id":"737b1qrix1r2od1"},"id":"dc1uarkj1v8am5g","previousOperationId":"fq6q916fpctxq27"}
{"type":"log","timestamp":1683710794338,"level":"debug","message":"Page request: GET (font) https://fonts.gstatic.com/s/opensans/v35/memSYaGs126MiZpBA-UvWbX2vVnXBbObj2OVZyOOSr4dVJWUgsiH0B4gaVI.woff2","meta":{"rootId":"737b1qrix1r2od1","id":"737b1qrix1r2od1"},"id":"a2fsedaglfyoh0h","previousOperationId":"fq6q916fpctxq27"}
{"type":"log","timestamp":1683710794704,"level":"debug","message":"Page request finished: GET (font) 200 https://fonts.gstatic.com/s/opensans/v35/memSYaGs126MiZpBA-UvWbX2vVnXBbObj2OVZyOOSr4dVJWUgsiH0B4gaVI.woff2","meta":{"rootId":"737b1qrix1r2od1","id":"737b1qrix1r2od1"},"id":"j7tarozck24ewf1","previousOperationId":"fq6q916fpctxq27"}
{"type":"log","timestamp":1683710794738,"level":"debug","message":"Running chrome with params {\"scale\":1,\"displayHeaderFooter\":true,\"headerTemplate\":\"...\",\"footerTemplate\":\"...\",\"printBackground\":true,\"pageRanges\":\"\",\"format\":\"A4\",\"width\":\"\",\"height\":\"\",\"marginTop\":\"350px\",\"marginRight\":\"20px\",\"marginBottom\":\"80px\",\"marginLeft\":\"20px\",\"waitForJS\":false,\"waitForNetworkIddle\":false,\"timeout\":58363,\"waitForNetworkIdle\":false,\"margin\":{\"top\":\"350px\",\"right\":\"20px\",\"bottom\":\"80px\",\"left\":\"20px\"}}","meta":{"rootId":"737b1qrix1r2od1","id":"737b1qrix1r2od1"},"id":"1s44u2zy6ennz6q","previousOperationId":"fq6q916fpctxq27"}
{"type":"operationEnd","operationId":"fq6q916fpctxq27","timestamp":1683710795467,"id":"q24ajt4lxc4rj4m","previousEventId":"r6fhdgdmaauquop","previousOperationId":"fq6q916fpctxq27"}
{"type":"log","timestamp":1683710795467,"level":"debug","message":"Skipping storing report.","meta":{"rootId":"737b1qrix1r2od1","id":"737b1qrix1r2od1"},"id":"80nq7rp0gxq7mww","previousOperationId":"fq6q916fpctxq27"}
{"type":"log","timestamp":1683710795467,"level":"info","message":"Rendering request 1 finished in 5267 ms","meta":{"rootId":"737b1qrix1r2od1","id":"737b1qrix1r2od1"},"id":"v32tyxkrhtool3k","previousOperationId":"fq6q916fpctxq27"}
{"type":"operationEnd","subtype":"render","operationId":"abxxsp9uo5bw8sa","timestamp":1683710795467,"id":"g1510rykq6rskam","previousEventId":"q24ajt4lxc4rj4m","previousOperationId":"fq6q916fpctxq27"}
{"type":"operationEnd","doDiffs":false,"previousEventId":"ql08i55s38564hp","previousOperationId":"2x1bjrw90mtjmil","operationId":"2x1bjrw90mtjmil","timestamp":1683710795482,"id":"omxopb0udzlv8k3"}
