{"type":"operationStart","subtype":"profile","data":{"_id":"iVyHRq44GLkwuGFf","timestamp":"2022-08-28T12:14:23.193Z","state":"queued","mode":"standard","creationDate":"2022-08-28T12:14:23.199Z","modificationDate":"2022-08-28T12:14:23.199Z","shortid":"zvpkyEP","$entitySet":"profiles"},"doDiffs":false,"timestamp":1661688863196,"id":"48nfou5a527ok0l","previousOperationId":null,"operationId":"ysh8myrgm8q6yhl"}
{"type":"log","level":"info","message":"Render request 1 queued for execution and waiting for available worker","previousOperationId":"ysh8myrgm8q6yhl","timestamp":1661688863197,"id":"iavt4ax93clhlr5"}
{"type":"operationStart","subtype":"render","name":"anonymous","previousOperationId":"ysh8myrgm8q6yhl","timestamp":1661688863215,"id":"2wuwq9g95gashld","previousEventId":"48nfou5a527ok0l","operationId":"east6ojwvmc35ad"}
{"type":"log","timestamp":1661688863248,"level":"info","message":"Starting rendering request 1 (user: null)","meta":{"rootId":"7hf9c93fs2l4ew9","id":"7hf9c93fs2l4ew9"},"id":"lr43ev3tl1v0m0p","previousOperationId":"east6ojwvmc35ad"}
{"type":"log","timestamp":1661688863280,"level":"info","message":"Rendering anonymous template { recipe: chrome-pdf, engine: handlebars }","meta":{"rootId":"7hf9c93fs2l4ew9","id":"7hf9c93fs2l4ew9"},"id":"wujk6kwbinamxb1","previousOperationId":"east6ojwvmc35ad"}
{"type":"log","timestamp":1661688863281,"level":"debug","message":"Inline data specified.","meta":{"rootId":"7hf9c93fs2l4ew9","id":"7hf9c93fs2l4ew9"},"id":"9byd72e4cbj2tep","previousOperationId":"east6ojwvmc35ad"}
{"type":"log","timestamp":1661688863574,"level":"debug","message":"Base url not specified, skipping its injection.","meta":{"rootId":"7hf9c93fs2l4ew9","id":"7hf9c93fs2l4ew9"},"id":"iuzyarzdqwmx61j","previousOperationId":"east6ojwvmc35ad"}
{"type":"operationStart","subtype":"engine","name":"handlebars","timestamp":1661688863589,"id":"45npj62bo10fp4d","previousEventId":"2wuwq9g95gashld","operationId":"ru429ydqygu3zc9","previousOperationId":"east6ojwvmc35ad"}
{"type":"log","timestamp":1661688863590,"level":"debug","message":"Rendering engine handlebars","meta":{"rootId":"7hf9c93fs2l4ew9","id":"7hf9c93fs2l4ew9"},"id":"rc4zmrd948u6wto","previousOperationId":"ru429ydqygu3zc9"}
{"type":"operationEnd","operationId":"ru429ydqygu3zc9","timestamp":1661688866625,"id":"88oq8tiurihhk5g","previousEventId":"45npj62bo10fp4d","previousOperationId":"ru429ydqygu3zc9"}
{"type":"operationStart","subtype":"recipe","name":"chrome-pdf","timestamp":1661688866629,"id":"9dang0nzq3595th","previousEventId":"88oq8tiurihhk5g","operationId":"rj1he07zz9nv5vu","previousOperationId":"ru429ydqygu3zc9"}
{"type":"log","timestamp":1661688866629,"level":"debug","message":"Executing recipe chrome-pdf","meta":{"rootId":"7hf9c93fs2l4ew9","id":"7hf9c93fs2l4ew9"},"id":"5j75d9hz5xkewfk","previousOperationId":"rj1he07zz9nv5vu"}
{"type":"log","timestamp":1661688866907,"level":"debug","message":"Starting child request to render pdf header","meta":{"rootId":"7hf9c93fs2l4ew9","id":"7hf9c93fs2l4ew9"},"id":"jewl4ek12u81ulm","previousOperationId":"rj1he07zz9nv5vu"}
{"type":"operationStart","subtype":"render","name":"anonymous","previousOperationId":"rj1he07zz9nv5vu","timestamp":1661688866915,"id":"qzf1ai3cyz6xzen","previousEventId":"9dang0nzq3595th","operationId":"rji66tp50osr6oh"}
{"type":"log","timestamp":1661688866916,"level":"info","message":"Starting rendering request 1 (user: null)","meta":{"rootId":"7hf9c93fs2l4ew9","id":"jcgwt3bfnuopp1k"},"id":"smst1a0magg13ui","previousOperationId":"rji66tp50osr6oh"}
{"type":"log","timestamp":1661688866917,"level":"info","message":"Rendering anonymous template { recipe: html, engine: handlebars }","meta":{"rootId":"7hf9c93fs2l4ew9","id":"jcgwt3bfnuopp1k"},"id":"j39wfq6dttjla9d","previousOperationId":"rji66tp50osr6oh"}
{"type":"log","timestamp":1661688866917,"level":"debug","message":"Inline data specified.","meta":{"rootId":"7hf9c93fs2l4ew9","id":"jcgwt3bfnuopp1k"},"id":"f5k92j2j6h74lrd","previousOperationId":"rji66tp50osr6oh"}
{"type":"log","timestamp":1661688866921,"level":"debug","message":"Base url not specified, skipping its injection.","meta":{"rootId":"7hf9c93fs2l4ew9","id":"jcgwt3bfnuopp1k"},"id":"29bpcddbqt0mtho","previousOperationId":"rji66tp50osr6oh"}
{"type":"log","timestamp":1661688866976,"level":"debug","message":"Replaced assets [\"./src/reporting/assets/logo.png\"]","meta":{"rootId":"7hf9c93fs2l4ew9","id":"jcgwt3bfnuopp1k"},"id":"h6nxiymq5rt31rw","previousOperationId":"rji66tp50osr6oh"}
{"type":"operationStart","subtype":"engine","name":"handlebars","timestamp":1661688866976,"id":"yjacq4kuulwbl6y","previousEventId":"qzf1ai3cyz6xzen","operationId":"pykkszumrbee122","previousOperationId":"rji66tp50osr6oh"}
{"type":"log","timestamp":1661688866976,"level":"debug","message":"Rendering engine handlebars","meta":{"rootId":"7hf9c93fs2l4ew9","id":"jcgwt3bfnuopp1k"},"id":"60aoj8y5jil4tu7","previousOperationId":"pykkszumrbee122"}
{"type":"operationEnd","operationId":"pykkszumrbee122","timestamp":1661688867039,"id":"yyl79ljcssthjwo","previousEventId":"yjacq4kuulwbl6y","previousOperationId":"pykkszumrbee122"}
{"type":"operationStart","subtype":"recipe","name":"html","timestamp":1661688867039,"id":"lpvct24ed1h2qlh","previousEventId":"yyl79ljcssthjwo","operationId":"he5eye3qo52y9ff","previousOperationId":"pykkszumrbee122"}
{"type":"log","timestamp":1661688867039,"level":"debug","message":"Executing recipe html","meta":{"rootId":"7hf9c93fs2l4ew9","id":"jcgwt3bfnuopp1k"},"id":"t5sbx0za1e01rml","previousOperationId":"he5eye3qo52y9ff"}
{"type":"operationEnd","operationId":"he5eye3qo52y9ff","timestamp":1661688867040,"id":"2l6s90xat8h8aq9","previousEventId":"lpvct24ed1h2qlh","previousOperationId":"he5eye3qo52y9ff"}
{"type":"log","timestamp":1661688867041,"level":"debug","message":"Skipping storing report.","meta":{"rootId":"7hf9c93fs2l4ew9","id":"jcgwt3bfnuopp1k"},"id":"qo8amsjgx8g1cb0","previousOperationId":"he5eye3qo52y9ff"}
{"type":"log","timestamp":1661688867041,"level":"info","message":"Rendering request 1 finished in 3850 ms","meta":{"rootId":"7hf9c93fs2l4ew9","id":"jcgwt3bfnuopp1k"},"id":"n9s8evdql61vzfz","previousOperationId":"he5eye3qo52y9ff"}
{"type":"operationEnd","subtype":"render","operationId":"rji66tp50osr6oh","timestamp":1661688867041,"id":"m2izy61vwzpifnu","previousEventId":"2l6s90xat8h8aq9","previousOperationId":"he5eye3qo52y9ff"}
{"type":"log","timestamp":1661688867041,"level":"debug","message":"Starting child request to render pdf footer","meta":{"rootId":"7hf9c93fs2l4ew9","id":"7hf9c93fs2l4ew9"},"id":"1it073nic5ublpo","previousOperationId":"rj1he07zz9nv5vu"}
{"type":"operationStart","subtype":"render","name":"anonymous","previousOperationId":"rj1he07zz9nv5vu","timestamp":1661688867042,"id":"vd51vdkpxgb9cw5","previousEventId":"9dang0nzq3595th","operationId":"yyj27at7qrcge8o"}
{"type":"log","timestamp":1661688867042,"level":"info","message":"Starting rendering request 1 (user: null)","meta":{"rootId":"7hf9c93fs2l4ew9","id":"ws28mr2glzkqlvu"},"id":"9qh6any7pl4hyda","previousOperationId":"yyj27at7qrcge8o"}
{"type":"log","timestamp":1661688867042,"level":"info","message":"Rendering anonymous template { recipe: html, engine: handlebars }","meta":{"rootId":"7hf9c93fs2l4ew9","id":"ws28mr2glzkqlvu"},"id":"opp6ydnewre6beo","previousOperationId":"yyj27at7qrcge8o"}
{"type":"log","timestamp":1661688867042,"level":"debug","message":"Inline data specified.","meta":{"rootId":"7hf9c93fs2l4ew9","id":"ws28mr2glzkqlvu"},"id":"m8z4plo59iemepp","previousOperationId":"yyj27at7qrcge8o"}
{"type":"log","timestamp":1661688867065,"level":"debug","message":"Base url not specified, skipping its injection.","meta":{"rootId":"7hf9c93fs2l4ew9","id":"ws28mr2glzkqlvu"},"id":"sxgd8xgi086v05a","previousOperationId":"yyj27at7qrcge8o"}
{"type":"operationStart","subtype":"engine","name":"handlebars","timestamp":1661688867066,"id":"gkvnytghuz63lc1","previousEventId":"vd51vdkpxgb9cw5","operationId":"h5kwymzhxwxuctk","previousOperationId":"yyj27at7qrcge8o"}
{"type":"log","timestamp":1661688867066,"level":"debug","message":"Rendering engine handlebars","meta":{"rootId":"7hf9c93fs2l4ew9","id":"ws28mr2glzkqlvu"},"id":"l7kfpz93mmfjy6m","previousOperationId":"h5kwymzhxwxuctk"}
{"type":"operationEnd","operationId":"h5kwymzhxwxuctk","timestamp":1661688867111,"id":"l1d85asnsdy2kgu","previousEventId":"gkvnytghuz63lc1","previousOperationId":"h5kwymzhxwxuctk"}
{"type":"operationStart","subtype":"recipe","name":"html","timestamp":1661688867112,"id":"g142lpg1zes9e7f","previousEventId":"l1d85asnsdy2kgu","operationId":"yggwvdf9m9mg2sl","previousOperationId":"h5kwymzhxwxuctk"}
{"type":"log","timestamp":1661688867112,"level":"debug","message":"Executing recipe html","meta":{"rootId":"7hf9c93fs2l4ew9","id":"ws28mr2glzkqlvu"},"id":"2jtec4d7maszfxj","previousOperationId":"yggwvdf9m9mg2sl"}
{"type":"operationEnd","operationId":"yggwvdf9m9mg2sl","timestamp":1661688867112,"id":"c63usxija7tuw4a","previousEventId":"g142lpg1zes9e7f","previousOperationId":"yggwvdf9m9mg2sl"}
{"type":"log","timestamp":1661688867112,"level":"debug","message":"Skipping storing report.","meta":{"rootId":"7hf9c93fs2l4ew9","id":"ws28mr2glzkqlvu"},"id":"op6814ly70pmwbk","previousOperationId":"yggwvdf9m9mg2sl"}
{"type":"log","timestamp":1661688867112,"level":"info","message":"Rendering request 1 finished in 3921 ms","meta":{"rootId":"7hf9c93fs2l4ew9","id":"ws28mr2glzkqlvu"},"id":"90ey4k1glv5082c","previousOperationId":"yggwvdf9m9mg2sl"}
{"type":"operationEnd","subtype":"render","operationId":"yyj27at7qrcge8o","timestamp":1661688867112,"id":"rce5inbw8kl099k","previousEventId":"c63usxija7tuw4a","previousOperationId":"yggwvdf9m9mg2sl"}
{"type":"log","timestamp":1661688867132,"level":"error","message":"Error when processing render request 1 Could not find expected browser (chrome) locally. Run `npm install` to download the correct Chromium revision (950341). Error: Could not find expected browser (chrome) locally. Run `npm install` to download the correct Chromium revision (950341).\n    at ChromeLauncher.launch (/Users/bchahrazed/backend-erp-acsiome/node_modules/puppeteer/lib/cjs/puppeteer/node/Launcher.js:109:27)\n    at async createBrowser (/Users/bchahrazed/backend-erp-acsiome/node_modules/@jsreport/jsreport-chrome-pdf/lib/chromePoolStrategy.js:98:26)\n    at async allocateBrowser (/Users/bchahrazed/backend-erp-acsiome/node_modules/@jsreport/jsreport-chrome-pdf/lib/chromePoolStrategy.js:113:5)\n    at async getBrowser (/Users/bchahrazed/backend-erp-acsiome/node_modules/@jsreport/jsreport-chrome-pdf/lib/chromePoolStrategy.js:23:30)\n    at async module.exports (/Users/bchahrazed/backend-erp-acsiome/node_modules/@jsreport/jsreport-chrome-pdf/lib/conversion.js:11:19)\n    at async execute (/Users/bchahrazed/backend-erp-acsiome/node_modules/@jsreport/jsreport-chrome-pdf/lib/chromePoolStrategy.js:20:22)\n    at async /Users/bchahrazed/backend-erp-acsiome/node_modules/@jsreport/jsreport-chrome-pdf/lib/lazyRecipe.js:62:20\n    at async invokeRender (/Users/bchahrazed/backend-erp-acsiome/node_modules/@jsreport/jsreport-core/lib/worker/render/render.js:95:5)\n    at async WorkerReporter._render (/Users/bchahrazed/backend-erp-acsiome/node_modules/@jsreport/jsreport-core/lib/worker/render/render.js:147:7)\n    at async /Users/bchahrazed/backend-erp-acsiome/node_modules/@jsreport/jsreport-core/lib/worker/reporter.js:179:19","meta":{"rootId":"7hf9c93fs2l4ew9","id":"7hf9c93fs2l4ew9"},"id":"6wg9yovbvfk0z7o","previousOperationId":"rj1he07zz9nv5vu"}
{"type":"log","timestamp":1661688867132,"level":"error","message":"Rendering request 1 finished with error in 3941 ms","meta":{"rootId":"7hf9c93fs2l4ew9","id":"7hf9c93fs2l4ew9"},"id":"dneh9d8r9a98s7k","previousOperationId":"rj1he07zz9nv5vu"}
{"type":"error","timestamp":1661688867163,"logged":true,"previousOperationId":"rj1he07zz9nv5vu","id":"0s7zmj85eyrcjoh","stack":"Error: Could not find expected browser (chrome) locally. Run `npm install` to download the correct Chromium revision (950341).\n    at ChromeLauncher.launch (/Users/bchahrazed/backend-erp-acsiome/node_modules/puppeteer/lib/cjs/puppeteer/node/Launcher.js:109:27)\n    at async createBrowser (/Users/bchahrazed/backend-erp-acsiome/node_modules/@jsreport/jsreport-chrome-pdf/lib/chromePoolStrategy.js:98:26)\n    at async allocateBrowser (/Users/bchahrazed/backend-erp-acsiome/node_modules/@jsreport/jsreport-chrome-pdf/lib/chromePoolStrategy.js:113:5)\n    at async getBrowser (/Users/bchahrazed/backend-erp-acsiome/node_modules/@jsreport/jsreport-chrome-pdf/lib/chromePoolStrategy.js:23:30)\n    at async module.exports (/Users/bchahrazed/backend-erp-acsiome/node_modules/@jsreport/jsreport-chrome-pdf/lib/conversion.js:11:19)\n    at async execute (/Users/bchahrazed/backend-erp-acsiome/node_modules/@jsreport/jsreport-chrome-pdf/lib/chromePoolStrategy.js:20:22)\n    at async /Users/bchahrazed/backend-erp-acsiome/node_modules/@jsreport/jsreport-chrome-pdf/lib/lazyRecipe.js:62:20\n    at async invokeRender (/Users/bchahrazed/backend-erp-acsiome/node_modules/@jsreport/jsreport-core/lib/worker/render/render.js:95:5)\n    at async WorkerReporter._render (/Users/bchahrazed/backend-erp-acsiome/node_modules/@jsreport/jsreport-core/lib/worker/render/render.js:147:7)\n    at async /Users/bchahrazed/backend-erp-acsiome/node_modules/@jsreport/jsreport-core/lib/worker/reporter.js:179:19","message":"Could not find expected browser (chrome) locally. Run `npm install` to download the correct Chromium revision (950341)."}
