{"type":"operationStart","subtype":"profile","data":{"_id":"qVg52DC7kfhKQDsb","timestamp":"2022-09-08T09:05:28.065Z","state":"queued","mode":"standard","creationDate":"2022-09-08T09:05:28.073Z","modificationDate":"2022-09-08T09:05:28.073Z","shortid":"B8gsAzA","$entitySet":"profiles"},"doDiffs":false,"timestamp":1662627928070,"id":"pcuf6f7puxd48zr","previousOperationId":null,"operationId":"q18n9cja4h4pqo1"}
{"type":"log","level":"info","message":"Render request 1 queued for execution and waiting for available worker","previousOperationId":"q18n9cja4h4pqo1","timestamp":1662627928070,"id":"bagkopog4iwgct0"}
{"type":"operationStart","subtype":"render","name":"anonymous","previousOperationId":"q18n9cja4h4pqo1","timestamp":1662627928142,"id":"41jlfeudnywrx01","previousEventId":"pcuf6f7puxd48zr","operationId":"9i07w74n64zpa2h"}
{"type":"log","timestamp":1662627928152,"level":"info","message":"Starting rendering request 1 (user: null)","meta":{"rootId":"7xwp2se3q9a71s2","id":"7xwp2se3q9a71s2"},"id":"lx9nffikcxxybmf","previousOperationId":"9i07w74n64zpa2h"}
{"type":"log","timestamp":1662627928178,"level":"info","message":"Rendering anonymous template { recipe: chrome-pdf, engine: handlebars }","meta":{"rootId":"7xwp2se3q9a71s2","id":"7xwp2se3q9a71s2"},"id":"1eclibkthcsiivu","previousOperationId":"9i07w74n64zpa2h"}
{"type":"log","timestamp":1662627928178,"level":"debug","message":"Inline data specified.","meta":{"rootId":"7xwp2se3q9a71s2","id":"7xwp2se3q9a71s2"},"id":"d5epi8xmtgf4277","previousOperationId":"9i07w74n64zpa2h"}
{"type":"log","timestamp":1662627928202,"level":"debug","message":"Base url not specified, skipping its injection.","meta":{"rootId":"7xwp2se3q9a71s2","id":"7xwp2se3q9a71s2"},"id":"bp4q11agwqp4cat","previousOperationId":"9i07w74n64zpa2h"}
{"type":"operationStart","subtype":"engine","name":"handlebars","timestamp":1662627928205,"id":"0qbiuyl14kgs1kp","previousEventId":"41jlfeudnywrx01","operationId":"yko6kcytl4gs6bk","previousOperationId":"9i07w74n64zpa2h"}
{"type":"log","timestamp":1662627928205,"level":"debug","message":"Rendering engine handlebars","meta":{"rootId":"7xwp2se3q9a71s2","id":"7xwp2se3q9a71s2"},"id":"h7jfoy1thbzwx1q","previousOperationId":"yko6kcytl4gs6bk"}
{"type":"operationEnd","operationId":"yko6kcytl4gs6bk","timestamp":1662627930955,"id":"umzasuqcnqkjodn","previousEventId":"0qbiuyl14kgs1kp","previousOperationId":"yko6kcytl4gs6bk"}
{"type":"operationStart","subtype":"recipe","name":"chrome-pdf","timestamp":1662627930988,"id":"krrug5lcewpf0ra","previousEventId":"umzasuqcnqkjodn","operationId":"20x8np6x0bq94kt","previousOperationId":"yko6kcytl4gs6bk"}
{"type":"log","timestamp":1662627930988,"level":"debug","message":"Executing recipe chrome-pdf","meta":{"rootId":"7xwp2se3q9a71s2","id":"7xwp2se3q9a71s2"},"id":"k7xdxru4fie4c7h","previousOperationId":"20x8np6x0bq94kt"}
{"type":"log","timestamp":1662627931507,"level":"debug","message":"Starting child request to render pdf header","meta":{"rootId":"7xwp2se3q9a71s2","id":"7xwp2se3q9a71s2"},"id":"whrzfrl61uc2y7f","previousOperationId":"20x8np6x0bq94kt"}
{"type":"operationStart","subtype":"render","name":"anonymous","previousOperationId":"20x8np6x0bq94kt","timestamp":1662627931508,"id":"1x0u3yev7kcek7j","previousEventId":"krrug5lcewpf0ra","operationId":"77xeyeek96dnhhx"}
{"type":"log","timestamp":1662627931508,"level":"info","message":"Starting rendering request 1 (user: null)","meta":{"rootId":"7xwp2se3q9a71s2","id":"hhe1oicv4sqtb6j"},"id":"xjzmut7ig2rggoi","previousOperationId":"77xeyeek96dnhhx"}
{"type":"log","timestamp":1662627931508,"level":"info","message":"Rendering anonymous template { recipe: html, engine: handlebars }","meta":{"rootId":"7xwp2se3q9a71s2","id":"hhe1oicv4sqtb6j"},"id":"xvkftgrf4ao46y6","previousOperationId":"77xeyeek96dnhhx"}
{"type":"log","timestamp":1662627931509,"level":"debug","message":"Inline data specified.","meta":{"rootId":"7xwp2se3q9a71s2","id":"hhe1oicv4sqtb6j"},"id":"zin9esex2lz8grz","previousOperationId":"77xeyeek96dnhhx"}
{"type":"log","timestamp":1662627931511,"level":"debug","message":"Base url not specified, skipping its injection.","meta":{"rootId":"7xwp2se3q9a71s2","id":"hhe1oicv4sqtb6j"},"id":"srcn2tisiojbnrl","previousOperationId":"77xeyeek96dnhhx"}
{"type":"log","timestamp":1662627931523,"level":"debug","message":"Replaced assets [\"./src/reporting/assets/logo.png\"]","meta":{"rootId":"7xwp2se3q9a71s2","id":"hhe1oicv4sqtb6j"},"id":"a3xb5rbar4gn9fc","previousOperationId":"77xeyeek96dnhhx"}
{"type":"operationStart","subtype":"engine","name":"handlebars","timestamp":1662627931523,"id":"p67kjyyeuovdvmw","previousEventId":"1x0u3yev7kcek7j","operationId":"d7fqfmebtqyv1kb","previousOperationId":"77xeyeek96dnhhx"}
{"type":"log","timestamp":1662627931523,"level":"debug","message":"Rendering engine handlebars","meta":{"rootId":"7xwp2se3q9a71s2","id":"hhe1oicv4sqtb6j"},"id":"vbwj5wsyjvsho8z","previousOperationId":"d7fqfmebtqyv1kb"}
{"type":"operationEnd","operationId":"d7fqfmebtqyv1kb","timestamp":1662627931592,"id":"4it3zkkrdu5knbl","previousEventId":"p67kjyyeuovdvmw","previousOperationId":"d7fqfmebtqyv1kb"}
{"type":"operationStart","subtype":"recipe","name":"html","timestamp":1662627931592,"id":"tqyo21dh9f5po6f","previousEventId":"4it3zkkrdu5knbl","operationId":"velt7qn3idxthls","previousOperationId":"d7fqfmebtqyv1kb"}
{"type":"log","timestamp":1662627931593,"level":"debug","message":"Executing recipe html","meta":{"rootId":"7xwp2se3q9a71s2","id":"hhe1oicv4sqtb6j"},"id":"du1bkma0wjjs6o2","previousOperationId":"velt7qn3idxthls"}
{"type":"operationEnd","operationId":"velt7qn3idxthls","timestamp":1662627931593,"id":"i4qgw75xfz0hywb","previousEventId":"tqyo21dh9f5po6f","previousOperationId":"velt7qn3idxthls"}
{"type":"log","timestamp":1662627931594,"level":"debug","message":"Skipping storing report.","meta":{"rootId":"7xwp2se3q9a71s2","id":"hhe1oicv4sqtb6j"},"id":"n58h68eeulbrkfn","previousOperationId":"velt7qn3idxthls"}
{"type":"log","timestamp":1662627931594,"level":"info","message":"Rendering request 1 finished in 3531 ms","meta":{"rootId":"7xwp2se3q9a71s2","id":"hhe1oicv4sqtb6j"},"id":"6r1ew0kbcuk7ymd","previousOperationId":"velt7qn3idxthls"}
{"type":"operationEnd","subtype":"render","operationId":"77xeyeek96dnhhx","timestamp":1662627931594,"id":"v87m0h2zx7mu9p8","previousEventId":"i4qgw75xfz0hywb","previousOperationId":"velt7qn3idxthls"}
{"type":"log","timestamp":1662627931594,"level":"debug","message":"Starting child request to render pdf footer","meta":{"rootId":"7xwp2se3q9a71s2","id":"7xwp2se3q9a71s2"},"id":"k5kl1r3zpkjntp8","previousOperationId":"20x8np6x0bq94kt"}
{"type":"operationStart","subtype":"render","name":"anonymous","previousOperationId":"20x8np6x0bq94kt","timestamp":1662627931595,"id":"ejfe4uvozpomunm","previousEventId":"krrug5lcewpf0ra","operationId":"l7ruq7i83ssmek6"}
{"type":"log","timestamp":1662627931595,"level":"info","message":"Starting rendering request 1 (user: null)","meta":{"rootId":"7xwp2se3q9a71s2","id":"l9p9bn9gqy1504x"},"id":"fvnyddc4tjegbjd","previousOperationId":"l7ruq7i83ssmek6"}
{"type":"log","timestamp":1662627931595,"level":"info","message":"Rendering anonymous template { recipe: html, engine: handlebars }","meta":{"rootId":"7xwp2se3q9a71s2","id":"l9p9bn9gqy1504x"},"id":"41dqmnxi7s8pvjo","previousOperationId":"l7ruq7i83ssmek6"}
{"type":"log","timestamp":1662627931595,"level":"debug","message":"Inline data specified.","meta":{"rootId":"7xwp2se3q9a71s2","id":"l9p9bn9gqy1504x"},"id":"jnfd62tof8xz6jn","previousOperationId":"l7ruq7i83ssmek6"}
{"type":"log","timestamp":1662627931603,"level":"debug","message":"Base url not specified, skipping its injection.","meta":{"rootId":"7xwp2se3q9a71s2","id":"l9p9bn9gqy1504x"},"id":"cv2vfcfggeoof62","previousOperationId":"l7ruq7i83ssmek6"}
{"type":"operationStart","subtype":"engine","name":"handlebars","timestamp":1662627931604,"id":"vj5x3ff5skx80id","previousEventId":"ejfe4uvozpomunm","operationId":"nxss92mqqkn41w1","previousOperationId":"l7ruq7i83ssmek6"}
{"type":"log","timestamp":1662627931604,"level":"debug","message":"Rendering engine handlebars","meta":{"rootId":"7xwp2se3q9a71s2","id":"l9p9bn9gqy1504x"},"id":"77gwwjtvtc66tr6","previousOperationId":"nxss92mqqkn41w1"}
{"type":"operationEnd","operationId":"nxss92mqqkn41w1","timestamp":1662627931664,"id":"l3gjaya29naqyc8","previousEventId":"vj5x3ff5skx80id","previousOperationId":"nxss92mqqkn41w1"}
{"type":"operationStart","subtype":"recipe","name":"html","timestamp":1662627931665,"id":"5h7jydvr9guukno","previousEventId":"l3gjaya29naqyc8","operationId":"v1kgzpvpabq6bhp","previousOperationId":"nxss92mqqkn41w1"}
{"type":"log","timestamp":1662627931665,"level":"debug","message":"Executing recipe html","meta":{"rootId":"7xwp2se3q9a71s2","id":"l9p9bn9gqy1504x"},"id":"laisyexs4luxk0g","previousOperationId":"v1kgzpvpabq6bhp"}
{"type":"operationEnd","operationId":"v1kgzpvpabq6bhp","timestamp":1662627931665,"id":"5hm4talei671qm2","previousEventId":"5h7jydvr9guukno","previousOperationId":"v1kgzpvpabq6bhp"}
{"type":"log","timestamp":1662627931665,"level":"debug","message":"Skipping storing report.","meta":{"rootId":"7xwp2se3q9a71s2","id":"l9p9bn9gqy1504x"},"id":"ilf3xt59e7c27sv","previousOperationId":"v1kgzpvpabq6bhp"}
{"type":"log","timestamp":1662627931665,"level":"info","message":"Rendering request 1 finished in 3602 ms","meta":{"rootId":"7xwp2se3q9a71s2","id":"l9p9bn9gqy1504x"},"id":"9li2qugfzftol7m","previousOperationId":"v1kgzpvpabq6bhp"}
{"type":"operationEnd","subtype":"render","operationId":"l7ruq7i83ssmek6","timestamp":1662627931665,"id":"czqann8haqslafh","previousEventId":"5hm4talei671qm2","previousOperationId":"v1kgzpvpabq6bhp"}
{"type":"log","timestamp":1662627935091,"level":"debug","message":"Converting with chrome HeadlessChrome/98.0.4758.0 using chrome-pool strategy","meta":{"rootId":"7xwp2se3q9a71s2","id":"7xwp2se3q9a71s2"},"id":"s7xc8jgxzbe4658","previousOperationId":"20x8np6x0bq94kt"}
{"type":"log","timestamp":1662627935507,"level":"debug","message":"Page request: GET (document) file:///var/folders/8m/98z140gs3yzbw6jqmpbh8b8m0000gn/T/jsreport/autocleanup/01b55330-5189-4409-b8a1-51bb6a6effa1-chrome-pdf.html","meta":{"rootId":"7xwp2se3q9a71s2","id":"7xwp2se3q9a71s2"},"id":"etcqvjh3xe3pg7o","previousOperationId":"20x8np6x0bq94kt"}
{"type":"log","timestamp":1662627935547,"level":"debug","message":"Page request finished: GET (document) file:///var/folders/8m/98z140gs3yzbw6jqmpbh8b8m0000gn/T/jsreport/autocleanup/01b55330-5189-4409-b8a1-51bb6a6effa1-chrome-pdf.html","meta":{"rootId":"7xwp2se3q9a71s2","id":"7xwp2se3q9a71s2"},"id":"oay9k03o965b7n4","previousOperationId":"20x8np6x0bq94kt"}
{"type":"log","timestamp":1662627935569,"level":"debug","message":"Page request: GET (stylesheet) https://fonts.googleapis.com/css2?family=Montserrat:wght@500&family=Open+Sans:wght@300&display=swap","meta":{"rootId":"7xwp2se3q9a71s2","id":"7xwp2se3q9a71s2"},"id":"7zvdz4a5f4ia1cl","previousOperationId":"20x8np6x0bq94kt"}
{"type":"log","timestamp":1662627936008,"level":"debug","message":"Page request finished: GET (stylesheet) 200 https://fonts.googleapis.com/css2?family=Montserrat:wght@500&family=Open+Sans:wght@300&display=swap","meta":{"rootId":"7xwp2se3q9a71s2","id":"7xwp2se3q9a71s2"},"id":"ujrtxmqnhh9ucd0","previousOperationId":"20x8np6x0bq94kt"}
{"type":"log","timestamp":1662627936087,"level":"debug","message":"Page request: GET (font) https://fonts.gstatic.com/s/opensans/v34/memSYaGs126MiZpBA-UvWbX2vVnXBbObj2OVZyOOSr4dVJWUgsiH0B4gaVQUwaEQbjA.woff","meta":{"rootId":"7xwp2se3q9a71s2","id":"7xwp2se3q9a71s2"},"id":"6zmuv28vcihg9bi","previousOperationId":"20x8np6x0bq94kt"}
{"type":"log","timestamp":1662627936102,"level":"debug","message":"Running chrome with params {\"scale\":1,\"displayHeaderFooter\":true,\"headerTemplate\":\"...\",\"footerTemplate\":\"...\",\"printBackground\":true,\"pageRanges\":\"\",\"format\":\"A4\",\"width\":\"\",\"height\":\"\",\"marginTop\":\"350px\",\"marginRight\":\"20px\",\"marginBottom\":\"80px\",\"marginLeft\":\"20px\",\"waitForJS\":false,\"waitForNetworkIddle\":false,\"timeout\":56397,\"waitForNetworkIdle\":false,\"margin\":{\"top\":\"350px\",\"right\":\"20px\",\"bottom\":\"80px\",\"left\":\"20px\"}}","meta":{"rootId":"7xwp2se3q9a71s2","id":"7xwp2se3q9a71s2"},"id":"t9xh3mp2ilpxswg","previousOperationId":"20x8np6x0bq94kt"}
{"type":"log","timestamp":1662627936118,"level":"debug","message":"Page request: GET (font) https://fonts.gstatic.com/s/opensans/v34/memSYaGs126MiZpBA-UvWbX2vVnXBbObj2OVZyOOSr4dVJWUgsiH0B4gaVQUwaEQbjA.woff","meta":{"rootId":"7xwp2se3q9a71s2","id":"7xwp2se3q9a71s2"},"id":"nb23j2er4uny6l8","previousOperationId":"20x8np6x0bq94kt"}
{"type":"log","timestamp":1662627936440,"level":"debug","message":"Page request finished: GET (font) 200 https://fonts.gstatic.com/s/opensans/v34/memSYaGs126MiZpBA-UvWbX2vVnXBbObj2OVZyOOSr4dVJWUgsiH0B4gaVQUwaEQbjA.woff","meta":{"rootId":"7xwp2se3q9a71s2","id":"7xwp2se3q9a71s2"},"id":"vrv6q3vr8etyehc","previousOperationId":"20x8np6x0bq94kt"}
{"type":"operationEnd","operationId":"20x8np6x0bq94kt","timestamp":1662627936509,"id":"zdhs8ujffduhh1j","previousEventId":"krrug5lcewpf0ra","previousOperationId":"20x8np6x0bq94kt"}
{"type":"log","timestamp":1662627936509,"level":"debug","message":"Skipping storing report.","meta":{"rootId":"7xwp2se3q9a71s2","id":"7xwp2se3q9a71s2"},"id":"6ipc90twgi74xql","previousOperationId":"20x8np6x0bq94kt"}
{"type":"log","timestamp":1662627936510,"level":"info","message":"Rendering request 1 finished in 8447 ms","meta":{"rootId":"7xwp2se3q9a71s2","id":"7xwp2se3q9a71s2"},"id":"dyb2qoezcv1p2cp","previousOperationId":"20x8np6x0bq94kt"}
{"type":"operationEnd","subtype":"render","operationId":"9i07w74n64zpa2h","timestamp":1662627936510,"id":"0wleg5wyme15s5z","previousEventId":"zdhs8ujffduhh1j","previousOperationId":"20x8np6x0bq94kt"}
{"type":"operationEnd","doDiffs":false,"previousEventId":"pcuf6f7puxd48zr","previousOperationId":"q18n9cja4h4pqo1","operationId":"q18n9cja4h4pqo1","timestamp":1662627936516,"id":"alat4uogfrmem9k"}
