{"type":"operationStart","subtype":"profile","data":{"_id":"nRqZeZp9vxSjE3dD","timestamp":"2022-10-06T09:27:42.152Z","state":"queued","mode":"standard","creationDate":"2022-10-06T09:27:42.161Z","modificationDate":"2022-10-06T09:27:42.161Z","shortid":"yfpwfpk","$entitySet":"profiles"},"doDiffs":false,"timestamp":1665048462156,"id":"o68jl6nu2sxff8h","previousOperationId":null,"operationId":"29ett62c82x4f0h"}
{"type":"log","level":"info","message":"Render request 1 queued for execution and waiting for available worker","previousOperationId":"29ett62c82x4f0h","timestamp":1665048462156,"id":"vbb3brfpxqb36sl"}
{"type":"operationStart","subtype":"render","name":"anonymous","previousOperationId":"29ett62c82x4f0h","timestamp":1665048462260,"id":"qzkvwpfo90ikkbb","previousEventId":"o68jl6nu2sxff8h","operationId":"retb6z608cya6ur"}
{"type":"log","timestamp":1665048462263,"level":"info","message":"Starting rendering request 1 (user: null)","meta":{"rootId":"806n6wf6y6wui2y","id":"806n6wf6y6wui2y"},"id":"s70ri0kge0gydny","previousOperationId":"retb6z608cya6ur"}
{"type":"log","timestamp":1665048462268,"level":"info","message":"Rendering anonymous template { recipe: chrome-pdf, engine: handlebars }","meta":{"rootId":"806n6wf6y6wui2y","id":"806n6wf6y6wui2y"},"id":"32ynw3naul26y0c","previousOperationId":"retb6z608cya6ur"}
{"type":"log","timestamp":1665048462269,"level":"debug","message":"Inline data specified.","meta":{"rootId":"806n6wf6y6wui2y","id":"806n6wf6y6wui2y"},"id":"tc7g00g90sryiw2","previousOperationId":"retb6z608cya6ur"}
{"type":"log","timestamp":1665048462287,"level":"debug","message":"Base url not specified, skipping its injection.","meta":{"rootId":"806n6wf6y6wui2y","id":"806n6wf6y6wui2y"},"id":"a2q6zlnl3n3v0tq","previousOperationId":"retb6z608cya6ur"}
{"type":"operationStart","subtype":"engine","name":"handlebars","timestamp":1665048462290,"id":"waw92uja9w64093","previousEventId":"qzkvwpfo90ikkbb","operationId":"5uqt03fk0x5n5o4","previousOperationId":"retb6z608cya6ur"}
{"type":"log","timestamp":1665048462290,"level":"debug","message":"Rendering engine handlebars","meta":{"rootId":"806n6wf6y6wui2y","id":"806n6wf6y6wui2y"},"id":"4mpm0o3tcxnbhhy","previousOperationId":"5uqt03fk0x5n5o4"}
{"type":"operationEnd","operationId":"5uqt03fk0x5n5o4","timestamp":1665048466143,"id":"asf5mgew978ak54","previousEventId":"waw92uja9w64093","previousOperationId":"5uqt03fk0x5n5o4"}
{"type":"operationStart","subtype":"recipe","name":"chrome-pdf","timestamp":1665048466150,"id":"v2ny8qsm83u1g9p","previousEventId":"asf5mgew978ak54","operationId":"md38h4nodyqvmcc","previousOperationId":"5uqt03fk0x5n5o4"}
{"type":"log","timestamp":1665048466150,"level":"debug","message":"Executing recipe chrome-pdf","meta":{"rootId":"806n6wf6y6wui2y","id":"806n6wf6y6wui2y"},"id":"u0u5n6pknswl3zf","previousOperationId":"md38h4nodyqvmcc"}
{"type":"log","timestamp":1665048466666,"level":"debug","message":"Starting child request to render pdf header","meta":{"rootId":"806n6wf6y6wui2y","id":"806n6wf6y6wui2y"},"id":"fjk6ew500qbmbi2","previousOperationId":"md38h4nodyqvmcc"}
{"type":"operationStart","subtype":"render","name":"anonymous","previousOperationId":"md38h4nodyqvmcc","timestamp":1665048466667,"id":"emtwzndwp52p803","previousEventId":"v2ny8qsm83u1g9p","operationId":"ro9403j2rhwfhu2"}
{"type":"log","timestamp":1665048466667,"level":"info","message":"Starting rendering request 1 (user: null)","meta":{"rootId":"806n6wf6y6wui2y","id":"hs7wwch0wh5p8sm"},"id":"fupaue2oz5vbi2n","previousOperationId":"ro9403j2rhwfhu2"}
{"type":"log","timestamp":1665048466668,"level":"info","message":"Rendering anonymous template { recipe: html, engine: handlebars }","meta":{"rootId":"806n6wf6y6wui2y","id":"hs7wwch0wh5p8sm"},"id":"i0f36fowakvyany","previousOperationId":"ro9403j2rhwfhu2"}
{"type":"log","timestamp":1665048466668,"level":"debug","message":"Inline data specified.","meta":{"rootId":"806n6wf6y6wui2y","id":"hs7wwch0wh5p8sm"},"id":"rq3pwh1vh0055a9","previousOperationId":"ro9403j2rhwfhu2"}
{"type":"log","timestamp":1665048466683,"level":"debug","message":"Base url not specified, skipping its injection.","meta":{"rootId":"806n6wf6y6wui2y","id":"hs7wwch0wh5p8sm"},"id":"5adwbcasxp42ivq","previousOperationId":"ro9403j2rhwfhu2"}
{"type":"log","timestamp":1665048466707,"level":"debug","message":"Replaced assets [\"./src/reporting/assets/logo.png\"]","meta":{"rootId":"806n6wf6y6wui2y","id":"hs7wwch0wh5p8sm"},"id":"0loolm51e0cilbg","previousOperationId":"ro9403j2rhwfhu2"}
{"type":"operationStart","subtype":"engine","name":"handlebars","timestamp":1665048466707,"id":"9gn0tz7vj96rlmn","previousEventId":"emtwzndwp52p803","operationId":"df8i7qme58cjat0","previousOperationId":"ro9403j2rhwfhu2"}
{"type":"log","timestamp":1665048466707,"level":"debug","message":"Rendering engine handlebars","meta":{"rootId":"806n6wf6y6wui2y","id":"hs7wwch0wh5p8sm"},"id":"73mwe32bwq1xcs7","previousOperationId":"df8i7qme58cjat0"}
{"type":"operationEnd","operationId":"df8i7qme58cjat0","timestamp":1665048466759,"id":"ixduz1yqqbl81va","previousEventId":"9gn0tz7vj96rlmn","previousOperationId":"df8i7qme58cjat0"}
{"type":"operationStart","subtype":"recipe","name":"html","timestamp":1665048466762,"id":"9shy5c4bac38c50","previousEventId":"ixduz1yqqbl81va","operationId":"cptsabxwbmswork","previousOperationId":"df8i7qme58cjat0"}
{"type":"log","timestamp":1665048466762,"level":"debug","message":"Executing recipe html","meta":{"rootId":"806n6wf6y6wui2y","id":"hs7wwch0wh5p8sm"},"id":"dubfbjsx9414ix3","previousOperationId":"cptsabxwbmswork"}
{"type":"operationEnd","operationId":"cptsabxwbmswork","timestamp":1665048466762,"id":"umsdyu8vf3ccbuy","previousEventId":"9shy5c4bac38c50","previousOperationId":"cptsabxwbmswork"}
{"type":"log","timestamp":1665048466763,"level":"debug","message":"Skipping storing report.","meta":{"rootId":"806n6wf6y6wui2y","id":"hs7wwch0wh5p8sm"},"id":"r7uqbqx84oaj167","previousOperationId":"cptsabxwbmswork"}
{"type":"log","timestamp":1665048466765,"level":"info","message":"Rendering request 1 finished in 4615 ms","meta":{"rootId":"806n6wf6y6wui2y","id":"hs7wwch0wh5p8sm"},"id":"x4vqx1xku4gwyz1","previousOperationId":"cptsabxwbmswork"}
{"type":"operationEnd","subtype":"render","operationId":"ro9403j2rhwfhu2","timestamp":1665048466765,"id":"w7hmtnqonyln0mg","previousEventId":"umsdyu8vf3ccbuy","previousOperationId":"cptsabxwbmswork"}
{"type":"log","timestamp":1665048466765,"level":"debug","message":"Starting child request to render pdf footer","meta":{"rootId":"806n6wf6y6wui2y","id":"806n6wf6y6wui2y"},"id":"to52ecojafyds0p","previousOperationId":"md38h4nodyqvmcc"}
{"type":"operationStart","subtype":"render","name":"anonymous","previousOperationId":"md38h4nodyqvmcc","timestamp":1665048466772,"id":"55dtz8cjwv728cv","previousEventId":"v2ny8qsm83u1g9p","operationId":"u1h2tpyk50c86p1"}
{"type":"log","timestamp":1665048466772,"level":"info","message":"Starting rendering request 1 (user: null)","meta":{"rootId":"806n6wf6y6wui2y","id":"m8x9um3mfkknw36"},"id":"afq4kj8ao6a3yaj","previousOperationId":"u1h2tpyk50c86p1"}
{"type":"log","timestamp":1665048466773,"level":"info","message":"Rendering anonymous template { recipe: html, engine: handlebars }","meta":{"rootId":"806n6wf6y6wui2y","id":"m8x9um3mfkknw36"},"id":"00vh2kz23k4a7zv","previousOperationId":"u1h2tpyk50c86p1"}
{"type":"log","timestamp":1665048466773,"level":"debug","message":"Inline data specified.","meta":{"rootId":"806n6wf6y6wui2y","id":"m8x9um3mfkknw36"},"id":"fe19ssbor2l7a4x","previousOperationId":"u1h2tpyk50c86p1"}
{"type":"log","timestamp":1665048466891,"level":"debug","message":"Base url not specified, skipping its injection.","meta":{"rootId":"806n6wf6y6wui2y","id":"m8x9um3mfkknw36"},"id":"idu44gepzrz3hst","previousOperationId":"u1h2tpyk50c86p1"}
{"type":"operationStart","subtype":"engine","name":"handlebars","timestamp":1665048466892,"id":"m00622bu8340zyo","previousEventId":"55dtz8cjwv728cv","operationId":"zctqf27dourq3sa","previousOperationId":"u1h2tpyk50c86p1"}
{"type":"log","timestamp":1665048466892,"level":"debug","message":"Rendering engine handlebars","meta":{"rootId":"806n6wf6y6wui2y","id":"m8x9um3mfkknw36"},"id":"6levu322047iy0h","previousOperationId":"zctqf27dourq3sa"}
{"type":"operationEnd","operationId":"zctqf27dourq3sa","timestamp":1665048466925,"id":"m1wsht79wu1nn27","previousEventId":"m00622bu8340zyo","previousOperationId":"zctqf27dourq3sa"}
{"type":"operationStart","subtype":"recipe","name":"html","timestamp":1665048466925,"id":"u8i36sey47o8mpn","previousEventId":"m1wsht79wu1nn27","operationId":"v1b77y3j3ubp2ru","previousOperationId":"zctqf27dourq3sa"}
{"type":"log","timestamp":1665048466925,"level":"debug","message":"Executing recipe html","meta":{"rootId":"806n6wf6y6wui2y","id":"m8x9um3mfkknw36"},"id":"cnrcgtwf1dz1j0x","previousOperationId":"v1b77y3j3ubp2ru"}
{"type":"operationEnd","operationId":"v1b77y3j3ubp2ru","timestamp":1665048466925,"id":"0e2xppewxqnffp8","previousEventId":"u8i36sey47o8mpn","previousOperationId":"v1b77y3j3ubp2ru"}
{"type":"log","timestamp":1665048466925,"level":"debug","message":"Skipping storing report.","meta":{"rootId":"806n6wf6y6wui2y","id":"m8x9um3mfkknw36"},"id":"aaxs0nwiac57trd","previousOperationId":"v1b77y3j3ubp2ru"}
{"type":"log","timestamp":1665048466926,"level":"info","message":"Rendering request 1 finished in 4776 ms","meta":{"rootId":"806n6wf6y6wui2y","id":"m8x9um3mfkknw36"},"id":"kpw4md9a5zxsszw","previousOperationId":"v1b77y3j3ubp2ru"}
{"type":"operationEnd","subtype":"render","operationId":"u1h2tpyk50c86p1","timestamp":1665048466926,"id":"jcbsl8fukindatz","previousEventId":"0e2xppewxqnffp8","previousOperationId":"v1b77y3j3ubp2ru"}
{"type":"log","timestamp":1665048470828,"level":"debug","message":"Converting with chrome HeadlessChrome/98.0.4758.0 using chrome-pool strategy","meta":{"rootId":"806n6wf6y6wui2y","id":"806n6wf6y6wui2y"},"id":"q4s6z5kefezq8q5","previousOperationId":"md38h4nodyqvmcc"}
{"type":"log","timestamp":1665048471294,"level":"debug","message":"Page request: GET (document) file:///var/folders/8m/98z140gs3yzbw6jqmpbh8b8m0000gn/T/jsreport/autocleanup/a6cff2e5-5ecf-43e2-81d7-9b7452806a85-chrome-pdf.html","meta":{"rootId":"806n6wf6y6wui2y","id":"806n6wf6y6wui2y"},"id":"1a43hm9a436qlgx","previousOperationId":"md38h4nodyqvmcc"}
{"type":"log","timestamp":1665048471326,"level":"debug","message":"Page request finished: GET (document) file:///var/folders/8m/98z140gs3yzbw6jqmpbh8b8m0000gn/T/jsreport/autocleanup/a6cff2e5-5ecf-43e2-81d7-9b7452806a85-chrome-pdf.html","meta":{"rootId":"806n6wf6y6wui2y","id":"806n6wf6y6wui2y"},"id":"kuaikcjvntdp6go","previousOperationId":"md38h4nodyqvmcc"}
{"type":"log","timestamp":1665048471341,"level":"debug","message":"Page request: GET (stylesheet) https://fonts.googleapis.com/css2?family=Montserrat:wght@500&family=Open+Sans:wght@300&display=swap","meta":{"rootId":"806n6wf6y6wui2y","id":"806n6wf6y6wui2y"},"id":"png33dr54gl2kw5","previousOperationId":"md38h4nodyqvmcc"}
{"type":"log","timestamp":1665048501376,"level":"warn","message":"Page request failed: GET (stylesheet) https://fonts.googleapis.com/css2?family=Montserrat:wght@500&family=Open+Sans:wght@300&display=swap, failure: net::ERR_NAME_NOT_RESOLVED","meta":{"rootId":"806n6wf6y6wui2y","id":"806n6wf6y6wui2y"},"id":"o2kqkjigtb7kyn1","previousOperationId":"md38h4nodyqvmcc"}
{"type":"log","timestamp":1665048501377,"level":"debug","message":"Failed to load resource: net::ERR_NAME_NOT_RESOLVED","meta":{"userLevel":true,"rootId":"806n6wf6y6wui2y","id":"806n6wf6y6wui2y"},"id":"8r6bh26iirhrsnc","previousOperationId":"md38h4nodyqvmcc"}
{"type":"log","timestamp":1665048501533,"level":"debug","message":"Running chrome with params {\"scale\":1,\"displayHeaderFooter\":true,\"headerTemplate\":\"...\",\"footerTemplate\":\"...\",\"printBackground\":true,\"pageRanges\":\"\",\"format\":\"A4\",\"width\":\"\",\"height\":\"\",\"marginTop\":\"470px\",\"marginRight\":\"20px\",\"marginBottom\":\"80px\",\"marginLeft\":\"20px\",\"waitForJS\":false,\"waitForNetworkIddle\":false,\"timeout\":55224,\"waitForNetworkIdle\":false,\"margin\":{\"top\":\"470px\",\"right\":\"20px\",\"bottom\":\"80px\",\"left\":\"20px\"}}","meta":{"rootId":"806n6wf6y6wui2y","id":"806n6wf6y6wui2y"},"id":"zedcu4tn26qptxy","previousOperationId":"md38h4nodyqvmcc"}
{"type":"operationEnd","operationId":"md38h4nodyqvmcc","timestamp":1665048502039,"id":"w3kw75s6bbs4h2d","previousEventId":"v2ny8qsm83u1g9p","previousOperationId":"md38h4nodyqvmcc"}
{"type":"log","timestamp":1665048502040,"level":"debug","message":"Skipping storing report.","meta":{"rootId":"806n6wf6y6wui2y","id":"806n6wf6y6wui2y"},"id":"k0fbkw85ojv80gj","previousOperationId":"md38h4nodyqvmcc"}
{"type":"log","timestamp":1665048502040,"level":"info","message":"Rendering request 1 finished in 39890 ms","meta":{"rootId":"806n6wf6y6wui2y","id":"806n6wf6y6wui2y"},"id":"abghop6h1ver611","previousOperationId":"md38h4nodyqvmcc"}
{"type":"operationEnd","subtype":"render","operationId":"retb6z608cya6ur","timestamp":1665048502040,"id":"k3rwr8ghk0u10mi","previousEventId":"w3kw75s6bbs4h2d","previousOperationId":"md38h4nodyqvmcc"}
{"type":"operationEnd","doDiffs":false,"previousEventId":"o68jl6nu2sxff8h","previousOperationId":"29ett62c82x4f0h","operationId":"29ett62c82x4f0h","timestamp":1665048502051,"id":"6hoezfvpnn4hlli"}
