{"type":"operationStart","subtype":"profile","data":{"_id":"m0wOIg3nXlosU2CU","timestamp":"2024-04-20T13:32:13.448Z","state":"queued","mode":"standard","creationDate":"2024-04-20T13:32:13.451Z","modificationDate":"2024-04-20T13:32:13.451Z","shortid":"sGY90uj","$entitySet":"profiles"},"doDiffs":false,"timestamp":1713619933449,"id":"kkg93ie08dul7gs","previousOperationId":null,"operationId":"7a7gql63p5m7m82"}
{"type":"log","level":"info","message":"Render request 1 queued for execution and waiting for available worker","previousOperationId":"7a7gql63p5m7m82","timestamp":1713619933449,"id":"t6mil9mrpjbq0nt"}
{"type":"operationStart","subtype":"render","name":"anonymous","previousOperationId":"7a7gql63p5m7m82","timestamp":1713619933475,"id":"043b7wry9rowj7f","previousEventId":"kkg93ie08dul7gs","operationId":"gbdpddh9g8pbamo"}
{"type":"log","timestamp":1713619933478,"level":"info","message":"Starting rendering request 1","meta":{"rootId":"8lhyj06o4o62l16","id":"8lhyj06o4o62l16"},"id":"mom0y4deceo8tc0","previousOperationId":"gbdpddh9g8pbamo"}
{"type":"log","timestamp":1713619933484,"level":"info","message":"Rendering anonymous template { recipe: chrome-pdf, engine: handlebars }","meta":{"rootId":"8lhyj06o4o62l16","id":"8lhyj06o4o62l16"},"id":"o05vxw2l7wequq7","previousOperationId":"gbdpddh9g8pbamo"}
{"type":"log","timestamp":1713619933485,"level":"debug","message":"Inline data specified.","meta":{"rootId":"8lhyj06o4o62l16","id":"8lhyj06o4o62l16"},"id":"6wcc2h2dzbzev9z","previousOperationId":"gbdpddh9g8pbamo"}
{"type":"log","timestamp":1713619933550,"level":"debug","message":"Base url not specified, skipping its injection.","meta":{"rootId":"8lhyj06o4o62l16","id":"8lhyj06o4o62l16"},"id":"67r9ac4bazrsjel","previousOperationId":"gbdpddh9g8pbamo"}
{"type":"operationStart","subtype":"engine","name":"handlebars","timestamp":1713619933560,"id":"fvrwbokr5eepl12","previousEventId":"043b7wry9rowj7f","operationId":"43ydpjvjqxxz594","previousOperationId":"gbdpddh9g8pbamo"}
{"type":"log","timestamp":1713619933560,"level":"debug","message":"Rendering engine handlebars","meta":{"rootId":"8lhyj06o4o62l16","id":"8lhyj06o4o62l16"},"id":"dh56a52fp34va1x","previousOperationId":"43ydpjvjqxxz594"}
{"type":"operationEnd","operationId":"43ydpjvjqxxz594","timestamp":1713619934696,"id":"4a2sj92pw07qccf","previousEventId":"fvrwbokr5eepl12","previousOperationId":"43ydpjvjqxxz594"}
{"type":"operationStart","subtype":"recipe","name":"chrome-pdf","timestamp":1713619934697,"id":"ns9t1swq1d266k1","previousEventId":"4a2sj92pw07qccf","operationId":"yr052tmp7z402zf","previousOperationId":"43ydpjvjqxxz594"}
{"type":"log","timestamp":1713619934697,"level":"debug","message":"Executing recipe chrome-pdf","meta":{"rootId":"8lhyj06o4o62l16","id":"8lhyj06o4o62l16"},"id":"69yil1s5awz77bl","previousOperationId":"yr052tmp7z402zf"}
{"type":"log","timestamp":1713619935461,"level":"debug","message":"Starting child request to render pdf header","meta":{"rootId":"8lhyj06o4o62l16","id":"8lhyj06o4o62l16"},"id":"gylkywjxz74gsc0","previousOperationId":"yr052tmp7z402zf"}
{"type":"operationStart","subtype":"render","name":"anonymous","previousOperationId":"yr052tmp7z402zf","timestamp":1713619935462,"id":"oepty1ypuka0ygl","previousEventId":"ns9t1swq1d266k1","operationId":"33n2czjrajp7zxq"}
{"type":"log","timestamp":1713619935462,"level":"info","message":"Starting rendering (child) request","meta":{"rootId":"8lhyj06o4o62l16","id":"an0p74x5qar6qh6"},"id":"istrpen5fn1oy6d","previousOperationId":"33n2czjrajp7zxq"}
{"type":"log","timestamp":1713619935462,"level":"info","message":"Rendering anonymous template { recipe: html, engine: handlebars }","meta":{"rootId":"8lhyj06o4o62l16","id":"an0p74x5qar6qh6"},"id":"toif6f3asj4cqup","previousOperationId":"33n2czjrajp7zxq"}
{"type":"log","timestamp":1713619935462,"level":"debug","message":"Inline data specified.","meta":{"rootId":"8lhyj06o4o62l16","id":"an0p74x5qar6qh6"},"id":"1rkpz8g7hougvd2","previousOperationId":"33n2czjrajp7zxq"}
{"type":"log","timestamp":1713619935466,"level":"debug","message":"Base url not specified, skipping its injection.","meta":{"rootId":"8lhyj06o4o62l16","id":"an0p74x5qar6qh6"},"id":"bdz7cqgknynw415","previousOperationId":"33n2czjrajp7zxq"}
{"type":"log","timestamp":1713619935484,"level":"debug","message":"Replaced assets [\"./src/reporting/assets/logo.png\"]","meta":{"rootId":"8lhyj06o4o62l16","id":"an0p74x5qar6qh6"},"id":"v9lf0tm1kxagko3","previousOperationId":"33n2czjrajp7zxq"}
{"type":"operationStart","subtype":"engine","name":"handlebars","timestamp":1713619935484,"id":"pcmke3pvj9ltoir","previousEventId":"oepty1ypuka0ygl","operationId":"64wsjsg3l09sis9","previousOperationId":"33n2czjrajp7zxq"}
{"type":"log","timestamp":1713619935484,"level":"debug","message":"Rendering engine handlebars","meta":{"rootId":"8lhyj06o4o62l16","id":"an0p74x5qar6qh6"},"id":"pbffbmh7y9jd0eh","previousOperationId":"64wsjsg3l09sis9"}
{"type":"operationEnd","operationId":"64wsjsg3l09sis9","timestamp":1713619935537,"id":"xbzl7cjedi3jt3h","previousEventId":"pcmke3pvj9ltoir","previousOperationId":"64wsjsg3l09sis9"}
{"type":"operationStart","subtype":"recipe","name":"html","timestamp":1713619935538,"id":"vz1axxhqofuf7uc","previousEventId":"xbzl7cjedi3jt3h","operationId":"c3cofh4w3tqq0i5","previousOperationId":"64wsjsg3l09sis9"}
{"type":"log","timestamp":1713619935538,"level":"debug","message":"Executing recipe html","meta":{"rootId":"8lhyj06o4o62l16","id":"an0p74x5qar6qh6"},"id":"3u9r0jgp8tz5e48","previousOperationId":"c3cofh4w3tqq0i5"}
{"type":"operationEnd","operationId":"c3cofh4w3tqq0i5","timestamp":1713619935538,"id":"lw0im1ntvavd58k","previousEventId":"vz1axxhqofuf7uc","previousOperationId":"c3cofh4w3tqq0i5"}
{"type":"log","timestamp":1713619935539,"level":"debug","message":"Skipping storing report.","meta":{"rootId":"8lhyj06o4o62l16","id":"an0p74x5qar6qh6"},"id":"1fn645fme8j3ywo","previousOperationId":"c3cofh4w3tqq0i5"}
{"type":"log","timestamp":1713619935540,"level":"info","message":"Rendering (child) request finished in 2093 ms","meta":{"rootId":"8lhyj06o4o62l16","id":"an0p74x5qar6qh6"},"id":"0qkdyo5b4yp553x","previousOperationId":"c3cofh4w3tqq0i5"}
{"type":"operationEnd","subtype":"render","operationId":"33n2czjrajp7zxq","timestamp":1713619935540,"id":"gnhs2cb6ci7mv5v","previousEventId":"lw0im1ntvavd58k","previousOperationId":"c3cofh4w3tqq0i5"}
{"type":"log","timestamp":1713619935540,"level":"debug","message":"Starting child request to render pdf footer","meta":{"rootId":"8lhyj06o4o62l16","id":"8lhyj06o4o62l16"},"id":"as2wsvii7xvbys4","previousOperationId":"yr052tmp7z402zf"}
{"type":"operationStart","subtype":"render","name":"anonymous","previousOperationId":"yr052tmp7z402zf","timestamp":1713619935541,"id":"x87pyuogng9qguz","previousEventId":"ns9t1swq1d266k1","operationId":"2gdkzwn7rc03acu"}
{"type":"log","timestamp":1713619935541,"level":"info","message":"Starting rendering (child) request","meta":{"rootId":"8lhyj06o4o62l16","id":"bi4sri1xxx328bq"},"id":"7ar55ghephtf5fm","previousOperationId":"2gdkzwn7rc03acu"}
{"type":"log","timestamp":1713619935541,"level":"info","message":"Rendering anonymous template { recipe: html, engine: handlebars }","meta":{"rootId":"8lhyj06o4o62l16","id":"bi4sri1xxx328bq"},"id":"7lf4jq0du8gfziu","previousOperationId":"2gdkzwn7rc03acu"}
{"type":"log","timestamp":1713619935541,"level":"debug","message":"Inline data specified.","meta":{"rootId":"8lhyj06o4o62l16","id":"bi4sri1xxx328bq"},"id":"mk6hvamzyt6omi2","previousOperationId":"2gdkzwn7rc03acu"}
{"type":"log","timestamp":1713619935557,"level":"debug","message":"Base url not specified, skipping its injection.","meta":{"rootId":"8lhyj06o4o62l16","id":"bi4sri1xxx328bq"},"id":"z6k690nj05qfugn","previousOperationId":"2gdkzwn7rc03acu"}
{"type":"operationStart","subtype":"engine","name":"handlebars","timestamp":1713619935558,"id":"crvo3eliywfhz96","previousEventId":"x87pyuogng9qguz","operationId":"u1pt7xrp5p026ud","previousOperationId":"2gdkzwn7rc03acu"}
{"type":"log","timestamp":1713619935558,"level":"debug","message":"Rendering engine handlebars","meta":{"rootId":"8lhyj06o4o62l16","id":"bi4sri1xxx328bq"},"id":"3y72em7t0xucfr7","previousOperationId":"u1pt7xrp5p026ud"}
{"type":"operationEnd","operationId":"u1pt7xrp5p026ud","timestamp":1713619935619,"id":"ynp3viqr9lh6hek","previousEventId":"crvo3eliywfhz96","previousOperationId":"u1pt7xrp5p026ud"}
{"type":"operationStart","subtype":"recipe","name":"html","timestamp":1713619935620,"id":"sjlzyqmtj496nhk","previousEventId":"ynp3viqr9lh6hek","operationId":"d4wrmifrx8dxzn2","previousOperationId":"u1pt7xrp5p026ud"}
{"type":"log","timestamp":1713619935620,"level":"debug","message":"Executing recipe html","meta":{"rootId":"8lhyj06o4o62l16","id":"bi4sri1xxx328bq"},"id":"s8w492j2wna1zlh","previousOperationId":"d4wrmifrx8dxzn2"}
{"type":"operationEnd","operationId":"d4wrmifrx8dxzn2","timestamp":1713619935620,"id":"ereoofpm0yby4ik","previousEventId":"sjlzyqmtj496nhk","previousOperationId":"d4wrmifrx8dxzn2"}
{"type":"log","timestamp":1713619935621,"level":"debug","message":"Skipping storing report.","meta":{"rootId":"8lhyj06o4o62l16","id":"bi4sri1xxx328bq"},"id":"p2qkmrm7nn4n6nr","previousOperationId":"d4wrmifrx8dxzn2"}
{"type":"log","timestamp":1713619935621,"level":"info","message":"Rendering (child) request finished in 2174 ms","meta":{"rootId":"8lhyj06o4o62l16","id":"bi4sri1xxx328bq"},"id":"qewxdsmrnp8uckx","previousOperationId":"d4wrmifrx8dxzn2"}
{"type":"operationEnd","subtype":"render","operationId":"2gdkzwn7rc03acu","timestamp":1713619935621,"id":"cn2lzfqmoasm3ke","previousEventId":"ereoofpm0yby4ik","previousOperationId":"d4wrmifrx8dxzn2"}
{"type":"log","timestamp":1713619936650,"level":"debug","message":"Converting with chrome HeadlessChrome/114.0.5735.90 using chrome-pool strategy","meta":{"rootId":"8lhyj06o4o62l16","id":"8lhyj06o4o62l16"},"id":"ay3pv2iy45tf5lf","previousOperationId":"yr052tmp7z402zf"}
{"type":"log","timestamp":1713619937856,"level":"debug","message":"Page request: GET (document) file:///C:/Users/ADMINI~1/AppData/Local/Temp/jsreport/autocleanup/c3c2fe4f-d13f-44f9-9a24-1d89e5ad9977-chrome-pdf.html","meta":{"rootId":"8lhyj06o4o62l16","id":"8lhyj06o4o62l16"},"id":"n13fm7mjklnirzi","previousOperationId":"yr052tmp7z402zf"}
{"type":"log","timestamp":1713619937902,"level":"debug","message":"Page request finished: GET (document) 200 file:///C:/Users/ADMINI~1/AppData/Local/Temp/jsreport/autocleanup/c3c2fe4f-d13f-44f9-9a24-1d89e5ad9977-chrome-pdf.html","meta":{"rootId":"8lhyj06o4o62l16","id":"8lhyj06o4o62l16"},"id":"50zzlb4dle7ywa4","previousOperationId":"yr052tmp7z402zf"}
{"type":"log","timestamp":1713619937903,"level":"debug","message":"Page request: GET (stylesheet) https://fonts.googleapis.com/css2?family=Montserrat:wght@500&family=Open+Sans:wght@300&display=swap","meta":{"rootId":"8lhyj06o4o62l16","id":"8lhyj06o4o62l16"},"id":"artnofa48l323nj","previousOperationId":"yr052tmp7z402zf"}
{"type":"log","timestamp":1713619938413,"level":"debug","message":"Page request finished: GET (stylesheet) 200 https://fonts.googleapis.com/css2?family=Montserrat:wght@500&family=Open+Sans:wght@300&display=swap","meta":{"rootId":"8lhyj06o4o62l16","id":"8lhyj06o4o62l16"},"id":"6q4w8w3ckaxo2o5","previousOperationId":"yr052tmp7z402zf"}
{"type":"log","timestamp":1713619938468,"level":"debug","message":"Page request: GET (font) https://fonts.gstatic.com/s/opensans/v40/memSYaGs126MiZpBA-UvWbX2vVnXBbObj2OVZyOOSr4dVJWUgsiH0B4gaVI.woff2","meta":{"rootId":"8lhyj06o4o62l16","id":"8lhyj06o4o62l16"},"id":"djs39g3sx2f8q55","previousOperationId":"yr052tmp7z402zf"}
{"type":"log","timestamp":1713619938470,"level":"debug","message":"Page request: GET (font) https://fonts.gstatic.com/s/opensans/v40/memSYaGs126MiZpBA-UvWbX2vVnXBbObj2OVZyOOSr4dVJWUgsiH0B4gaVI.woff2","meta":{"rootId":"8lhyj06o4o62l16","id":"8lhyj06o4o62l16"},"id":"q7c35i0fo4mpzhu","previousOperationId":"yr052tmp7z402zf"}
{"type":"log","timestamp":1713619938684,"level":"debug","message":"Page request finished: GET (font) 200 https://fonts.gstatic.com/s/opensans/v40/memSYaGs126MiZpBA-UvWbX2vVnXBbObj2OVZyOOSr4dVJWUgsiH0B4gaVI.woff2","meta":{"rootId":"8lhyj06o4o62l16","id":"8lhyj06o4o62l16"},"id":"9by09574vfptq2b","previousOperationId":"yr052tmp7z402zf"}
{"type":"log","timestamp":1713619938712,"level":"debug","message":"Running chrome with params {\"scale\":1,\"displayHeaderFooter\":true,\"headerTemplate\":\"...\",\"footerTemplate\":\"...\",\"printBackground\":true,\"pageRanges\":\"\",\"format\":\"A4\",\"width\":\"\",\"height\":\"\",\"marginTop\":\"350px\",\"marginRight\":\"20px\",\"marginBottom\":\"80px\",\"marginLeft\":\"20px\",\"waitForJS\":false,\"waitForNetworkIddle\":false,\"timeout\":57826,\"waitForNetworkIdle\":false,\"margin\":{\"top\":\"350px\",\"right\":\"20px\",\"bottom\":\"80px\",\"left\":\"20px\"}}","meta":{"rootId":"8lhyj06o4o62l16","id":"8lhyj06o4o62l16"},"id":"r92qspm3o0xqh5q","previousOperationId":"yr052tmp7z402zf"}
{"type":"operationEnd","operationId":"yr052tmp7z402zf","timestamp":1713619939115,"id":"ytviz9aok6sr0fw","previousEventId":"ns9t1swq1d266k1","previousOperationId":"yr052tmp7z402zf"}
{"type":"log","timestamp":1713619939115,"level":"debug","message":"Skipping storing report.","meta":{"rootId":"8lhyj06o4o62l16","id":"8lhyj06o4o62l16"},"id":"kbn05c6nqiztkbd","previousOperationId":"yr052tmp7z402zf"}
{"type":"log","timestamp":1713619939115,"level":"info","message":"Rendering request 1 finished in 5668 ms","meta":{"rootId":"8lhyj06o4o62l16","id":"8lhyj06o4o62l16"},"id":"ekxmi00sx342622","previousOperationId":"yr052tmp7z402zf"}
{"type":"operationEnd","subtype":"render","operationId":"gbdpddh9g8pbamo","timestamp":1713619939115,"id":"h87msg4kpynpcf8","previousEventId":"ytviz9aok6sr0fw","previousOperationId":"yr052tmp7z402zf"}
{"type":"operationEnd","doDiffs":false,"previousEventId":"kkg93ie08dul7gs","previousOperationId":"7a7gql63p5m7m82","operationId":"7a7gql63p5m7m82","timestamp":1713619939120,"id":"0vt3682unpwees6"}
