{"type":"operationStart","subtype":"profile","data":{"_id":"I1z6C4WR5WJE2pGk","timestamp":"2023-03-28T17:32:43.626Z","state":"queued","mode":"standard","creationDate":"2023-03-28T17:32:43.633Z","modificationDate":"2023-03-28T17:32:43.633Z","shortid":"C-EulGR","$entitySet":"profiles"},"doDiffs":false,"timestamp":1680024763630,"id":"a1t601xmmccd5wx","previousOperationId":null,"operationId":"wfyrjsvggvlfpay"}
{"type":"log","level":"info","message":"Render request 1 queued for execution and waiting for available worker","previousOperationId":"wfyrjsvggvlfpay","timestamp":1680024763630,"id":"povyv27xhadxg3b"}
{"type":"operationStart","subtype":"render","name":"anonymous","previousOperationId":"wfyrjsvggvlfpay","timestamp":1680024763656,"id":"ucgcfsxiaa4m3wx","previousEventId":"a1t601xmmccd5wx","operationId":"t5sopc0mqsuczah"}
{"type":"log","timestamp":1680024763658,"level":"info","message":"Starting rendering request 1 (user: null)","meta":{"rootId":"8ss3f9k3q8wkzou","id":"8ss3f9k3q8wkzou"},"id":"lu279tb6w8pz469","previousOperationId":"t5sopc0mqsuczah"}
{"type":"log","timestamp":1680024763661,"level":"info","message":"Rendering anonymous template { recipe: chrome-pdf, engine: handlebars }","meta":{"rootId":"8ss3f9k3q8wkzou","id":"8ss3f9k3q8wkzou"},"id":"ax01dnb6o2e01s5","previousOperationId":"t5sopc0mqsuczah"}
{"type":"log","timestamp":1680024763661,"level":"debug","message":"Inline data specified.","meta":{"rootId":"8ss3f9k3q8wkzou","id":"8ss3f9k3q8wkzou"},"id":"0qq4w9x3gls38cr","previousOperationId":"t5sopc0mqsuczah"}
{"type":"log","timestamp":1680024763666,"level":"debug","message":"Base url not specified, skipping its injection.","meta":{"rootId":"8ss3f9k3q8wkzou","id":"8ss3f9k3q8wkzou"},"id":"r5kvshll6glzxqu","previousOperationId":"t5sopc0mqsuczah"}
{"type":"operationStart","subtype":"engine","name":"handlebars","timestamp":1680024763668,"id":"vkvh3usc68oq3xo","previousEventId":"ucgcfsxiaa4m3wx","operationId":"cgjd51d2p8zalwe","previousOperationId":"t5sopc0mqsuczah"}
{"type":"log","timestamp":1680024763668,"level":"debug","message":"Rendering engine handlebars","meta":{"rootId":"8ss3f9k3q8wkzou","id":"8ss3f9k3q8wkzou"},"id":"9ce1o4uykuck4oh","previousOperationId":"cgjd51d2p8zalwe"}
{"type":"operationEnd","operationId":"cgjd51d2p8zalwe","timestamp":1680024764507,"id":"2bi18z5qwzmsaw0","previousEventId":"vkvh3usc68oq3xo","previousOperationId":"cgjd51d2p8zalwe"}
{"type":"operationStart","subtype":"recipe","name":"chrome-pdf","timestamp":1680024764508,"id":"1cyea3r09y6gmk1","previousEventId":"2bi18z5qwzmsaw0","operationId":"a6mx6rsuszzkjsv","previousOperationId":"cgjd51d2p8zalwe"}
{"type":"log","timestamp":1680024764508,"level":"debug","message":"Executing recipe chrome-pdf","meta":{"rootId":"8ss3f9k3q8wkzou","id":"8ss3f9k3q8wkzou"},"id":"1glijfqej8irj7y","previousOperationId":"a6mx6rsuszzkjsv"}
{"type":"log","timestamp":1680024764656,"level":"debug","message":"Starting child request to render pdf header","meta":{"rootId":"8ss3f9k3q8wkzou","id":"8ss3f9k3q8wkzou"},"id":"nh1gcd8ctyhsdjj","previousOperationId":"a6mx6rsuszzkjsv"}
{"type":"operationStart","subtype":"render","name":"anonymous","previousOperationId":"a6mx6rsuszzkjsv","timestamp":1680024764657,"id":"cpv333k8fa8snrm","previousEventId":"1cyea3r09y6gmk1","operationId":"7sssnxqt1ufu84m"}
{"type":"log","timestamp":1680024764657,"level":"info","message":"Starting rendering request 1 (user: null)","meta":{"rootId":"8ss3f9k3q8wkzou","id":"yrho532j52eii3z"},"id":"2uzrhqdccjur8df","previousOperationId":"7sssnxqt1ufu84m"}
{"type":"log","timestamp":1680024764657,"level":"info","message":"Rendering anonymous template { recipe: html, engine: handlebars }","meta":{"rootId":"8ss3f9k3q8wkzou","id":"yrho532j52eii3z"},"id":"gwl1cop6d44i53k","previousOperationId":"7sssnxqt1ufu84m"}
{"type":"log","timestamp":1680024764658,"level":"debug","message":"Inline data specified.","meta":{"rootId":"8ss3f9k3q8wkzou","id":"yrho532j52eii3z"},"id":"jsah8dt3ja0lrq3","previousOperationId":"7sssnxqt1ufu84m"}
{"type":"log","timestamp":1680024764661,"level":"debug","message":"Base url not specified, skipping its injection.","meta":{"rootId":"8ss3f9k3q8wkzou","id":"yrho532j52eii3z"},"id":"xfsjadaia56j9b1","previousOperationId":"7sssnxqt1ufu84m"}
{"type":"log","timestamp":1680024764671,"level":"debug","message":"Replaced assets [\"./src/reporting/assets/logo.png\"]","meta":{"rootId":"8ss3f9k3q8wkzou","id":"yrho532j52eii3z"},"id":"kgz7741b5s5nugf","previousOperationId":"7sssnxqt1ufu84m"}
{"type":"operationStart","subtype":"engine","name":"handlebars","timestamp":1680024764671,"id":"g5pvpyr3k53bap4","previousEventId":"cpv333k8fa8snrm","operationId":"r23dte3tctpb61h","previousOperationId":"7sssnxqt1ufu84m"}
{"type":"log","timestamp":1680024764671,"level":"debug","message":"Rendering engine handlebars","meta":{"rootId":"8ss3f9k3q8wkzou","id":"yrho532j52eii3z"},"id":"bwzc454w8zzdd95","previousOperationId":"r23dte3tctpb61h"}
{"type":"operationEnd","operationId":"r23dte3tctpb61h","timestamp":1680024764697,"id":"nchem8v7a2mr3yb","previousEventId":"g5pvpyr3k53bap4","previousOperationId":"r23dte3tctpb61h"}
{"type":"operationStart","subtype":"recipe","name":"html","timestamp":1680024764698,"id":"674ddxju6oi5geh","previousEventId":"nchem8v7a2mr3yb","operationId":"hlwo8bs0iv9or32","previousOperationId":"r23dte3tctpb61h"}
{"type":"log","timestamp":1680024764698,"level":"debug","message":"Executing recipe html","meta":{"rootId":"8ss3f9k3q8wkzou","id":"yrho532j52eii3z"},"id":"wupxk80lnv5glhy","previousOperationId":"hlwo8bs0iv9or32"}
{"type":"operationEnd","operationId":"hlwo8bs0iv9or32","timestamp":1680024764698,"id":"dc3ylmbod7u8xea","previousEventId":"674ddxju6oi5geh","previousOperationId":"hlwo8bs0iv9or32"}
{"type":"log","timestamp":1680024764699,"level":"debug","message":"Skipping storing report.","meta":{"rootId":"8ss3f9k3q8wkzou","id":"yrho532j52eii3z"},"id":"63sat7u1epabizj","previousOperationId":"hlwo8bs0iv9or32"}
{"type":"log","timestamp":1680024764700,"level":"info","message":"Rendering request 1 finished in 1076 ms","meta":{"rootId":"8ss3f9k3q8wkzou","id":"yrho532j52eii3z"},"id":"l09v7qbwglth5mi","previousOperationId":"hlwo8bs0iv9or32"}
{"type":"operationEnd","subtype":"render","operationId":"7sssnxqt1ufu84m","timestamp":1680024764700,"id":"4rd9nd5uo99j9po","previousEventId":"dc3ylmbod7u8xea","previousOperationId":"hlwo8bs0iv9or32"}
{"type":"log","timestamp":1680024764700,"level":"debug","message":"Starting child request to render pdf footer","meta":{"rootId":"8ss3f9k3q8wkzou","id":"8ss3f9k3q8wkzou"},"id":"u0utxn1dmjz1acq","previousOperationId":"a6mx6rsuszzkjsv"}
{"type":"operationStart","subtype":"render","name":"anonymous","previousOperationId":"a6mx6rsuszzkjsv","timestamp":1680024764700,"id":"mo5wzpnf8ffknpz","previousEventId":"1cyea3r09y6gmk1","operationId":"bxnncfjpitvoqpe"}
{"type":"log","timestamp":1680024764701,"level":"info","message":"Starting rendering request 1 (user: null)","meta":{"rootId":"8ss3f9k3q8wkzou","id":"dgknekqsh6wtbmy"},"id":"0c4mkbzoevfgygq","previousOperationId":"bxnncfjpitvoqpe"}
{"type":"log","timestamp":1680024764701,"level":"info","message":"Rendering anonymous template { recipe: html, engine: handlebars }","meta":{"rootId":"8ss3f9k3q8wkzou","id":"dgknekqsh6wtbmy"},"id":"kmf7wqak5wxu8r2","previousOperationId":"bxnncfjpitvoqpe"}
{"type":"log","timestamp":1680024764701,"level":"debug","message":"Inline data specified.","meta":{"rootId":"8ss3f9k3q8wkzou","id":"dgknekqsh6wtbmy"},"id":"rv4x9p4olo4hqw8","previousOperationId":"bxnncfjpitvoqpe"}
{"type":"log","timestamp":1680024764704,"level":"debug","message":"Base url not specified, skipping its injection.","meta":{"rootId":"8ss3f9k3q8wkzou","id":"dgknekqsh6wtbmy"},"id":"dcrblyzikob55qp","previousOperationId":"bxnncfjpitvoqpe"}
{"type":"operationStart","subtype":"engine","name":"handlebars","timestamp":1680024764705,"id":"sdygiirkmgjgimo","previousEventId":"mo5wzpnf8ffknpz","operationId":"3rsr5noaiokygrm","previousOperationId":"bxnncfjpitvoqpe"}
{"type":"log","timestamp":1680024764705,"level":"debug","message":"Rendering engine handlebars","meta":{"rootId":"8ss3f9k3q8wkzou","id":"dgknekqsh6wtbmy"},"id":"fr4xum9htmkdtkx","previousOperationId":"3rsr5noaiokygrm"}
{"type":"operationEnd","operationId":"3rsr5noaiokygrm","timestamp":1680024764726,"id":"1ux7677173vk462","previousEventId":"sdygiirkmgjgimo","previousOperationId":"3rsr5noaiokygrm"}
{"type":"operationStart","subtype":"recipe","name":"html","timestamp":1680024764726,"id":"vh6gqiikg7v9s4b","previousEventId":"1ux7677173vk462","operationId":"k95m5abt5f3bokj","previousOperationId":"3rsr5noaiokygrm"}
{"type":"log","timestamp":1680024764726,"level":"debug","message":"Executing recipe html","meta":{"rootId":"8ss3f9k3q8wkzou","id":"dgknekqsh6wtbmy"},"id":"pvweq4czmz3a9np","previousOperationId":"k95m5abt5f3bokj"}
{"type":"operationEnd","operationId":"k95m5abt5f3bokj","timestamp":1680024764726,"id":"ud7j95cc3jcoufl","previousEventId":"vh6gqiikg7v9s4b","previousOperationId":"k95m5abt5f3bokj"}
{"type":"log","timestamp":1680024764726,"level":"debug","message":"Skipping storing report.","meta":{"rootId":"8ss3f9k3q8wkzou","id":"dgknekqsh6wtbmy"},"id":"ftei0c6ef6lq64m","previousOperationId":"k95m5abt5f3bokj"}
{"type":"log","timestamp":1680024764726,"level":"info","message":"Rendering request 1 finished in 1102 ms","meta":{"rootId":"8ss3f9k3q8wkzou","id":"dgknekqsh6wtbmy"},"id":"lfnsm9pgof8zjxh","previousOperationId":"k95m5abt5f3bokj"}
{"type":"operationEnd","subtype":"render","operationId":"bxnncfjpitvoqpe","timestamp":1680024764726,"id":"umcwm453qnqy876","previousEventId":"ud7j95cc3jcoufl","previousOperationId":"k95m5abt5f3bokj"}
{"type":"log","timestamp":1680024764919,"level":"debug","message":"Converting with chrome HeadlessChrome/98.0.4758.0 using chrome-pool strategy","meta":{"rootId":"8ss3f9k3q8wkzou","id":"8ss3f9k3q8wkzou"},"id":"4ygxeiedgmf6n96","previousOperationId":"a6mx6rsuszzkjsv"}
{"type":"log","timestamp":1680024765217,"level":"debug","message":"Page request: GET (document) file:///C:/Users/ADMINI~1/AppData/Local/Temp/jsreport/autocleanup/8cf15aeb-f591-4338-a5fa-915061feced0-chrome-pdf.html","meta":{"rootId":"8ss3f9k3q8wkzou","id":"8ss3f9k3q8wkzou"},"id":"zgg0ijlpu1r4ejv","previousOperationId":"a6mx6rsuszzkjsv"}
{"type":"log","timestamp":1680024765253,"level":"debug","message":"Page request finished: GET (document) file:///C:/Users/ADMINI~1/AppData/Local/Temp/jsreport/autocleanup/8cf15aeb-f591-4338-a5fa-915061feced0-chrome-pdf.html","meta":{"rootId":"8ss3f9k3q8wkzou","id":"8ss3f9k3q8wkzou"},"id":"zr4yjjivupdazv0","previousOperationId":"a6mx6rsuszzkjsv"}
{"type":"log","timestamp":1680024765257,"level":"debug","message":"Page request: GET (stylesheet) https://fonts.googleapis.com/css2?family=Montserrat:wght@500&family=Open+Sans:wght@300&display=swap","meta":{"rootId":"8ss3f9k3q8wkzou","id":"8ss3f9k3q8wkzou"},"id":"m1vzg24w6ra49le","previousOperationId":"a6mx6rsuszzkjsv"}
{"type":"log","timestamp":1680024765523,"level":"debug","message":"Page request finished: GET (stylesheet) 200 https://fonts.googleapis.com/css2?family=Montserrat:wght@500&family=Open+Sans:wght@300&display=swap","meta":{"rootId":"8ss3f9k3q8wkzou","id":"8ss3f9k3q8wkzou"},"id":"7iwil6ye2jtzzhs","previousOperationId":"a6mx6rsuszzkjsv"}
{"type":"log","timestamp":1680024765587,"level":"debug","message":"Page request: GET (font) https://fonts.gstatic.com/s/opensans/v34/memSYaGs126MiZpBA-UvWbX2vVnXBbObj2OVZyOOSr4dVJWUgsiH0B4gaVI.woff2","meta":{"rootId":"8ss3f9k3q8wkzou","id":"8ss3f9k3q8wkzou"},"id":"5or6tqr0lexgo8t","previousOperationId":"a6mx6rsuszzkjsv"}
{"type":"log","timestamp":1680024765589,"level":"debug","message":"Page request: GET (font) https://fonts.gstatic.com/s/opensans/v34/memSYaGs126MiZpBA-UvWbX2vVnXBbObj2OVZyOOSr4dVJWUgsiH0B4gaVI.woff2","meta":{"rootId":"8ss3f9k3q8wkzou","id":"8ss3f9k3q8wkzou"},"id":"w4uovyhpskg3n73","previousOperationId":"a6mx6rsuszzkjsv"}
{"type":"log","timestamp":1680024765796,"level":"debug","message":"Page request finished: GET (font) 200 https://fonts.gstatic.com/s/opensans/v34/memSYaGs126MiZpBA-UvWbX2vVnXBbObj2OVZyOOSr4dVJWUgsiH0B4gaVI.woff2","meta":{"rootId":"8ss3f9k3q8wkzou","id":"8ss3f9k3q8wkzou"},"id":"51hlgw7ycsvyp7m","previousOperationId":"a6mx6rsuszzkjsv"}
{"type":"log","timestamp":1680024765816,"level":"debug","message":"Running chrome with params {\"scale\":1,\"displayHeaderFooter\":true,\"headerTemplate\":\"...\",\"footerTemplate\":\"...\",\"printBackground\":true,\"pageRanges\":\"\",\"format\":\"A4\",\"width\":\"\",\"height\":\"\",\"marginTop\":\"470px\",\"marginRight\":\"20px\",\"marginBottom\":\"80px\",\"marginLeft\":\"20px\",\"waitForJS\":false,\"waitForNetworkIddle\":false,\"timeout\":58897,\"waitForNetworkIdle\":false,\"margin\":{\"top\":\"470px\",\"right\":\"20px\",\"bottom\":\"80px\",\"left\":\"20px\"}}","meta":{"rootId":"8ss3f9k3q8wkzou","id":"8ss3f9k3q8wkzou"},"id":"05ub76il3e6ky7b","previousOperationId":"a6mx6rsuszzkjsv"}
{"type":"operationEnd","operationId":"a6mx6rsuszzkjsv","timestamp":1680024766172,"id":"v9ktfey4reutade","previousEventId":"1cyea3r09y6gmk1","previousOperationId":"a6mx6rsuszzkjsv"}
{"type":"log","timestamp":1680024766172,"level":"debug","message":"Skipping storing report.","meta":{"rootId":"8ss3f9k3q8wkzou","id":"8ss3f9k3q8wkzou"},"id":"81lbpek2i5ldmvq","previousOperationId":"a6mx6rsuszzkjsv"}
{"type":"log","timestamp":1680024766172,"level":"info","message":"Rendering request 1 finished in 2548 ms","meta":{"rootId":"8ss3f9k3q8wkzou","id":"8ss3f9k3q8wkzou"},"id":"uk5vrs2dbmcfc48","previousOperationId":"a6mx6rsuszzkjsv"}
{"type":"operationEnd","subtype":"render","operationId":"t5sopc0mqsuczah","timestamp":1680024766172,"id":"3xdxwwsfxeqjixh","previousEventId":"v9ktfey4reutade","previousOperationId":"a6mx6rsuszzkjsv"}
{"type":"operationEnd","doDiffs":false,"previousEventId":"a1t601xmmccd5wx","previousOperationId":"wfyrjsvggvlfpay","operationId":"wfyrjsvggvlfpay","timestamp":1680024766177,"id":"lfrnm3f75xwkam8"}
