{"type":"operationStart","subtype":"profile","data":{"_id":"tDWkV0u4se8n4dou","timestamp":"2022-10-05T21:35:02.618Z","state":"queued","mode":"standard","creationDate":"2022-10-05T21:35:02.626Z","modificationDate":"2022-10-05T21:35:02.626Z","shortid":"6Ye18PL","$entitySet":"profiles"},"doDiffs":false,"timestamp":1665005702624,"id":"x07uy1wonee1wmd","previousOperationId":null,"operationId":"82kkp7jkphalsam"}
{"type":"log","level":"info","message":"Render request 1 queued for execution and waiting for available worker","previousOperationId":"82kkp7jkphalsam","timestamp":1665005702624,"id":"n9z7edjlrspvr0i"}
{"type":"operationStart","subtype":"render","name":"anonymous","previousOperationId":"82kkp7jkphalsam","timestamp":1665005702697,"id":"wyyxaxy36e135sz","previousEventId":"x07uy1wonee1wmd","operationId":"00h0df4hzsea8oc"}
{"type":"log","timestamp":1665005702708,"level":"info","message":"Starting rendering request 1 (user: null)","meta":{"rootId":"93dfys74id2xg4u","id":"93dfys74id2xg4u"},"id":"g5vfn9yrq2ktd9r","previousOperationId":"00h0df4hzsea8oc"}
{"type":"log","timestamp":1665005702713,"level":"info","message":"Rendering anonymous template { recipe: chrome-pdf, engine: handlebars }","meta":{"rootId":"93dfys74id2xg4u","id":"93dfys74id2xg4u"},"id":"u24kek265fa93uu","previousOperationId":"00h0df4hzsea8oc"}
{"type":"log","timestamp":1665005702716,"level":"debug","message":"Inline data specified.","meta":{"rootId":"93dfys74id2xg4u","id":"93dfys74id2xg4u"},"id":"6tbf2gnfrlzmtqg","previousOperationId":"00h0df4hzsea8oc"}
{"type":"log","timestamp":1665005702726,"level":"debug","message":"Base url not specified, skipping its injection.","meta":{"rootId":"93dfys74id2xg4u","id":"93dfys74id2xg4u"},"id":"r45a7fto3a1y5lo","previousOperationId":"00h0df4hzsea8oc"}
{"type":"operationStart","subtype":"engine","name":"handlebars","timestamp":1665005702730,"id":"ece14w1bzva972c","previousEventId":"wyyxaxy36e135sz","operationId":"rapg8zljv08q7g0","previousOperationId":"00h0df4hzsea8oc"}
{"type":"log","timestamp":1665005702730,"level":"debug","message":"Rendering engine handlebars","meta":{"rootId":"93dfys74id2xg4u","id":"93dfys74id2xg4u"},"id":"8at8fvkw9mcg09r","previousOperationId":"rapg8zljv08q7g0"}
{"type":"operationEnd","operationId":"rapg8zljv08q7g0","timestamp":1665005704404,"id":"v8fwd57yy1ed85y","previousEventId":"ece14w1bzva972c","previousOperationId":"rapg8zljv08q7g0"}
{"type":"operationStart","subtype":"recipe","name":"chrome-pdf","timestamp":1665005704405,"id":"a4j1n68pxq8ya4t","previousEventId":"v8fwd57yy1ed85y","operationId":"wcaim0d58hw7a6s","previousOperationId":"rapg8zljv08q7g0"}
{"type":"log","timestamp":1665005704405,"level":"debug","message":"Executing recipe chrome-pdf","meta":{"rootId":"93dfys74id2xg4u","id":"93dfys74id2xg4u"},"id":"f9drqvkw9utz7f7","previousOperationId":"wcaim0d58hw7a6s"}
{"type":"log","timestamp":1665005704586,"level":"debug","message":"Starting child request to render pdf header","meta":{"rootId":"93dfys74id2xg4u","id":"93dfys74id2xg4u"},"id":"sycbxsxg3xjmhdr","previousOperationId":"wcaim0d58hw7a6s"}
{"type":"operationStart","subtype":"render","name":"anonymous","previousOperationId":"wcaim0d58hw7a6s","timestamp":1665005704588,"id":"k6ie1vysopuruf0","previousEventId":"a4j1n68pxq8ya4t","operationId":"x4t408ho11m4g8p"}
{"type":"log","timestamp":1665005704588,"level":"info","message":"Starting rendering request 1 (user: null)","meta":{"rootId":"93dfys74id2xg4u","id":"l6dypw99cs6pur8"},"id":"9kez4ubzoel2xao","previousOperationId":"x4t408ho11m4g8p"}
{"type":"log","timestamp":1665005704588,"level":"info","message":"Rendering anonymous template { recipe: html, engine: handlebars }","meta":{"rootId":"93dfys74id2xg4u","id":"l6dypw99cs6pur8"},"id":"ymz8ofjmepb0w15","previousOperationId":"x4t408ho11m4g8p"}
{"type":"log","timestamp":1665005704588,"level":"debug","message":"Inline data specified.","meta":{"rootId":"93dfys74id2xg4u","id":"l6dypw99cs6pur8"},"id":"6r0dpiakc3ns07a","previousOperationId":"x4t408ho11m4g8p"}
{"type":"log","timestamp":1665005704596,"level":"debug","message":"Base url not specified, skipping its injection.","meta":{"rootId":"93dfys74id2xg4u","id":"l6dypw99cs6pur8"},"id":"3owpmev8j3816xm","previousOperationId":"x4t408ho11m4g8p"}
{"type":"log","timestamp":1665005704674,"level":"debug","message":"Replaced assets [\"./src/reporting/assets/logo.png\"]","meta":{"rootId":"93dfys74id2xg4u","id":"l6dypw99cs6pur8"},"id":"7i1ebszmpjxla33","previousOperationId":"x4t408ho11m4g8p"}
{"type":"operationStart","subtype":"engine","name":"handlebars","timestamp":1665005704674,"id":"vtaj0w7n781ybo7","previousEventId":"k6ie1vysopuruf0","operationId":"f8kmjkfw3vn219u","previousOperationId":"x4t408ho11m4g8p"}
{"type":"log","timestamp":1665005704674,"level":"debug","message":"Rendering engine handlebars","meta":{"rootId":"93dfys74id2xg4u","id":"l6dypw99cs6pur8"},"id":"896fc2rqrdfghhx","previousOperationId":"f8kmjkfw3vn219u"}
{"type":"operationEnd","operationId":"f8kmjkfw3vn219u","timestamp":1665005704702,"id":"zomdyr6py4xypu6","previousEventId":"vtaj0w7n781ybo7","previousOperationId":"f8kmjkfw3vn219u"}
{"type":"operationStart","subtype":"recipe","name":"html","timestamp":1665005704703,"id":"sxpi636nv0grtha","previousEventId":"zomdyr6py4xypu6","operationId":"4aci626c3g3l7u9","previousOperationId":"f8kmjkfw3vn219u"}
{"type":"log","timestamp":1665005704703,"level":"debug","message":"Executing recipe html","meta":{"rootId":"93dfys74id2xg4u","id":"l6dypw99cs6pur8"},"id":"5i5sqgeebgue36e","previousOperationId":"4aci626c3g3l7u9"}
{"type":"operationEnd","operationId":"4aci626c3g3l7u9","timestamp":1665005704703,"id":"pwlbljzoys5pcb8","previousEventId":"sxpi636nv0grtha","previousOperationId":"4aci626c3g3l7u9"}
{"type":"log","timestamp":1665005704705,"level":"debug","message":"Skipping storing report.","meta":{"rootId":"93dfys74id2xg4u","id":"l6dypw99cs6pur8"},"id":"iz8smvuj0mfl3y0","previousOperationId":"4aci626c3g3l7u9"}
{"type":"log","timestamp":1665005704705,"level":"info","message":"Rendering request 1 finished in 2089 ms","meta":{"rootId":"93dfys74id2xg4u","id":"l6dypw99cs6pur8"},"id":"d01iuro43mbn77p","previousOperationId":"4aci626c3g3l7u9"}
{"type":"operationEnd","subtype":"render","operationId":"x4t408ho11m4g8p","timestamp":1665005704705,"id":"lcbo3rne4tj9ou6","previousEventId":"pwlbljzoys5pcb8","previousOperationId":"4aci626c3g3l7u9"}
{"type":"log","timestamp":1665005704706,"level":"debug","message":"Starting child request to render pdf footer","meta":{"rootId":"93dfys74id2xg4u","id":"93dfys74id2xg4u"},"id":"k3g2y10gre80ov3","previousOperationId":"wcaim0d58hw7a6s"}
{"type":"operationStart","subtype":"render","name":"anonymous","previousOperationId":"wcaim0d58hw7a6s","timestamp":1665005704706,"id":"jzyarfto9ufuusa","previousEventId":"a4j1n68pxq8ya4t","operationId":"b6d4742f9b00k43"}
{"type":"log","timestamp":1665005704706,"level":"info","message":"Starting rendering request 1 (user: null)","meta":{"rootId":"93dfys74id2xg4u","id":"1hkb4b4x5w9tf5w"},"id":"9lnsojq2bs09rfw","previousOperationId":"b6d4742f9b00k43"}
{"type":"log","timestamp":1665005704707,"level":"info","message":"Rendering anonymous template { recipe: html, engine: handlebars }","meta":{"rootId":"93dfys74id2xg4u","id":"1hkb4b4x5w9tf5w"},"id":"7kaygm33y5557gp","previousOperationId":"b6d4742f9b00k43"}
{"type":"log","timestamp":1665005704707,"level":"debug","message":"Inline data specified.","meta":{"rootId":"93dfys74id2xg4u","id":"1hkb4b4x5w9tf5w"},"id":"e0tn4oyk38lcxhw","previousOperationId":"b6d4742f9b00k43"}
{"type":"log","timestamp":1665005704713,"level":"debug","message":"Base url not specified, skipping its injection.","meta":{"rootId":"93dfys74id2xg4u","id":"1hkb4b4x5w9tf5w"},"id":"ujtwflneirkxb7y","previousOperationId":"b6d4742f9b00k43"}
{"type":"operationStart","subtype":"engine","name":"handlebars","timestamp":1665005704713,"id":"x9i0lysrqonqyd7","previousEventId":"jzyarfto9ufuusa","operationId":"hxftts0lb4gw98u","previousOperationId":"b6d4742f9b00k43"}
{"type":"log","timestamp":1665005704713,"level":"debug","message":"Rendering engine handlebars","meta":{"rootId":"93dfys74id2xg4u","id":"1hkb4b4x5w9tf5w"},"id":"jmenqdlmsiskgpa","previousOperationId":"hxftts0lb4gw98u"}
{"type":"operationEnd","operationId":"hxftts0lb4gw98u","timestamp":1665005704737,"id":"mnzf5emmpdtpivu","previousEventId":"x9i0lysrqonqyd7","previousOperationId":"hxftts0lb4gw98u"}
{"type":"operationStart","subtype":"recipe","name":"html","timestamp":1665005704738,"id":"46457pchwkmmvni","previousEventId":"mnzf5emmpdtpivu","operationId":"00hrv6oknpwila7","previousOperationId":"hxftts0lb4gw98u"}
{"type":"log","timestamp":1665005704738,"level":"debug","message":"Executing recipe html","meta":{"rootId":"93dfys74id2xg4u","id":"1hkb4b4x5w9tf5w"},"id":"uvcxj17lsyaiupl","previousOperationId":"00hrv6oknpwila7"}
{"type":"operationEnd","operationId":"00hrv6oknpwila7","timestamp":1665005704738,"id":"w4msysrwc2nfd0s","previousEventId":"46457pchwkmmvni","previousOperationId":"00hrv6oknpwila7"}
{"type":"log","timestamp":1665005704738,"level":"debug","message":"Skipping storing report.","meta":{"rootId":"93dfys74id2xg4u","id":"1hkb4b4x5w9tf5w"},"id":"5m101ip397ogh3e","previousOperationId":"00hrv6oknpwila7"}
{"type":"log","timestamp":1665005704738,"level":"info","message":"Rendering request 1 finished in 2122 ms","meta":{"rootId":"93dfys74id2xg4u","id":"1hkb4b4x5w9tf5w"},"id":"kgpfaob4t86dke7","previousOperationId":"00hrv6oknpwila7"}
{"type":"operationEnd","subtype":"render","operationId":"b6d4742f9b00k43","timestamp":1665005704738,"id":"34ltl0giv93zdpi","previousEventId":"w4msysrwc2nfd0s","previousOperationId":"00hrv6oknpwila7"}
{"type":"log","timestamp":1665005706958,"level":"debug","message":"Converting with chrome HeadlessChrome/98.0.4758.0 using chrome-pool strategy","meta":{"rootId":"93dfys74id2xg4u","id":"93dfys74id2xg4u"},"id":"4ezj3ag1gauz3vj","previousOperationId":"wcaim0d58hw7a6s"}
{"type":"log","timestamp":1665005707262,"level":"debug","message":"Page request: GET (document) file:///var/folders/8m/98z140gs3yzbw6jqmpbh8b8m0000gn/T/jsreport/autocleanup/a96539d7-2982-4e8b-820d-8279bee84e99-chrome-pdf.html","meta":{"rootId":"93dfys74id2xg4u","id":"93dfys74id2xg4u"},"id":"jh0j4qwelnsbpxp","previousOperationId":"wcaim0d58hw7a6s"}
{"type":"log","timestamp":1665005707309,"level":"debug","message":"Page request finished: GET (document) file:///var/folders/8m/98z140gs3yzbw6jqmpbh8b8m0000gn/T/jsreport/autocleanup/a96539d7-2982-4e8b-820d-8279bee84e99-chrome-pdf.html","meta":{"rootId":"93dfys74id2xg4u","id":"93dfys74id2xg4u"},"id":"ebei8up45zid6f4","previousOperationId":"wcaim0d58hw7a6s"}
{"type":"log","timestamp":1665005707331,"level":"debug","message":"Page request: GET (stylesheet) https://fonts.googleapis.com/css2?family=Montserrat:wght@500&family=Open+Sans:wght@300&display=swap","meta":{"rootId":"93dfys74id2xg4u","id":"93dfys74id2xg4u"},"id":"n3gwrml4kw3gdcs","previousOperationId":"wcaim0d58hw7a6s"}
{"type":"log","timestamp":1665005712429,"level":"debug","message":"Page request finished: GET (stylesheet) 200 https://fonts.googleapis.com/css2?family=Montserrat:wght@500&family=Open+Sans:wght@300&display=swap","meta":{"rootId":"93dfys74id2xg4u","id":"93dfys74id2xg4u"},"id":"2fnicuvhhpdb4og","previousOperationId":"wcaim0d58hw7a6s"}
{"type":"log","timestamp":1665005712483,"level":"debug","message":"Page request: GET (font) https://fonts.gstatic.com/s/opensans/v34/memSYaGs126MiZpBA-UvWbX2vVnXBbObj2OVZyOOSr4dVJWUgsiH0B4gaVQUwaEQbjA.woff","meta":{"rootId":"93dfys74id2xg4u","id":"93dfys74id2xg4u"},"id":"hp50zkgkg1tc5ti","previousOperationId":"wcaim0d58hw7a6s"}
{"type":"log","timestamp":1665005712484,"level":"debug","message":"Running chrome with params {\"scale\":1,\"displayHeaderFooter\":true,\"headerTemplate\":\"...\",\"footerTemplate\":\"...\",\"printBackground\":true,\"pageRanges\":\"\",\"format\":\"A4\",\"width\":\"\",\"height\":\"\",\"marginTop\":\"470px\",\"marginRight\":\"20px\",\"marginBottom\":\"80px\",\"marginLeft\":\"20px\",\"waitForJS\":false,\"waitForNetworkIddle\":false,\"timeout\":57877,\"waitForNetworkIdle\":false,\"margin\":{\"top\":\"470px\",\"right\":\"20px\",\"bottom\":\"80px\",\"left\":\"20px\"}}","meta":{"rootId":"93dfys74id2xg4u","id":"93dfys74id2xg4u"},"id":"qj91l3j6ul9tewp","previousOperationId":"wcaim0d58hw7a6s"}
{"type":"log","timestamp":1665005712496,"level":"debug","message":"Page request: GET (font) https://fonts.gstatic.com/s/opensans/v34/memSYaGs126MiZpBA-UvWbX2vVnXBbObj2OVZyOOSr4dVJWUgsiH0B4gaVQUwaEQbjA.woff","meta":{"rootId":"93dfys74id2xg4u","id":"93dfys74id2xg4u"},"id":"xtijprfphm854fd","previousOperationId":"wcaim0d58hw7a6s"}
{"type":"operationEnd","operationId":"wcaim0d58hw7a6s","timestamp":1665005712770,"id":"p2yxu1ipfiaq8ws","previousEventId":"a4j1n68pxq8ya4t","previousOperationId":"wcaim0d58hw7a6s"}
{"type":"log","timestamp":1665005712770,"level":"debug","message":"Skipping storing report.","meta":{"rootId":"93dfys74id2xg4u","id":"93dfys74id2xg4u"},"id":"bmd201ln68ilwgc","previousOperationId":"wcaim0d58hw7a6s"}
{"type":"log","timestamp":1665005712771,"level":"info","message":"Rendering request 1 finished in 10155 ms","meta":{"rootId":"93dfys74id2xg4u","id":"93dfys74id2xg4u"},"id":"anvkl7sf40urgpz","previousOperationId":"wcaim0d58hw7a6s"}
{"type":"operationEnd","subtype":"render","operationId":"00h0df4hzsea8oc","timestamp":1665005712771,"id":"yz11vtzxfd5ffhr","previousEventId":"p2yxu1ipfiaq8ws","previousOperationId":"wcaim0d58hw7a6s"}
{"type":"operationEnd","doDiffs":false,"previousEventId":"x07uy1wonee1wmd","previousOperationId":"82kkp7jkphalsam","operationId":"82kkp7jkphalsam","timestamp":1665005712776,"id":"wvnh1mxbuif7av9"}
