{"type":"operationStart","subtype":"profile","data":{"_id":"SYa8Cfrjh9mjO2Hn","timestamp":"2023-01-29T10:06:22.806Z","state":"queued","mode":"standard","creationDate":"2023-01-29T10:06:22.810Z","modificationDate":"2023-01-29T10:06:22.810Z","shortid":"p43bXUy","$entitySet":"profiles"},"doDiffs":false,"timestamp":1674986782808,"id":"c0ppdumfg6l49ge","previousOperationId":null,"operationId":"r1wk31a61inl2a9"}
{"type":"log","level":"info","message":"Render request 1 queued for execution and waiting for available worker","previousOperationId":"r1wk31a61inl2a9","timestamp":1674986782808,"id":"ibtgo5xoo5zqgp3"}
{"type":"operationStart","subtype":"render","name":"anonymous","previousOperationId":"r1wk31a61inl2a9","timestamp":1674986782829,"id":"9wtm771x1xrnqnl","previousEventId":"c0ppdumfg6l49ge","operationId":"ojn8hwnn7untjbm"}
{"type":"log","timestamp":1674986782831,"level":"info","message":"Starting rendering request 1 (user: null)","meta":{"rootId":"94q7eqnnz25faub","id":"94q7eqnnz25faub"},"id":"u0gfgyvqz0dvdtr","previousOperationId":"ojn8hwnn7untjbm"}
{"type":"log","timestamp":1674986782833,"level":"info","message":"Rendering anonymous template { recipe: chrome-pdf, engine: handlebars }","meta":{"rootId":"94q7eqnnz25faub","id":"94q7eqnnz25faub"},"id":"xmjpuruawnwprbe","previousOperationId":"ojn8hwnn7untjbm"}
{"type":"log","timestamp":1674986782834,"level":"debug","message":"Inline data specified.","meta":{"rootId":"94q7eqnnz25faub","id":"94q7eqnnz25faub"},"id":"c90u1dfi4athrnz","previousOperationId":"ojn8hwnn7untjbm"}
{"type":"log","timestamp":1674986782839,"level":"debug","message":"Base url not specified, skipping its injection.","meta":{"rootId":"94q7eqnnz25faub","id":"94q7eqnnz25faub"},"id":"i80lfnai5bj88ca","previousOperationId":"ojn8hwnn7untjbm"}
{"type":"operationStart","subtype":"engine","name":"handlebars","timestamp":1674986782840,"id":"lwfbs40j1p7n13k","previousEventId":"9wtm771x1xrnqnl","operationId":"wzsar395cxjifm4","previousOperationId":"ojn8hwnn7untjbm"}
{"type":"log","timestamp":1674986782840,"level":"debug","message":"Rendering engine handlebars","meta":{"rootId":"94q7eqnnz25faub","id":"94q7eqnnz25faub"},"id":"cprqd3z6etc29wj","previousOperationId":"wzsar395cxjifm4"}
{"type":"operationEnd","operationId":"wzsar395cxjifm4","timestamp":1674986783696,"id":"s5wfol2avd9o9ls","previousEventId":"lwfbs40j1p7n13k","previousOperationId":"wzsar395cxjifm4"}
{"type":"operationStart","subtype":"recipe","name":"chrome-pdf","timestamp":1674986783696,"id":"ako1fv5l5rmhque","previousEventId":"s5wfol2avd9o9ls","operationId":"vchtmw6vn6v5avi","previousOperationId":"wzsar395cxjifm4"}
{"type":"log","timestamp":1674986783696,"level":"debug","message":"Executing recipe chrome-pdf","meta":{"rootId":"94q7eqnnz25faub","id":"94q7eqnnz25faub"},"id":"2hrtes0lbk1zmps","previousOperationId":"vchtmw6vn6v5avi"}
{"type":"log","timestamp":1674986783859,"level":"debug","message":"Starting child request to render pdf header","meta":{"rootId":"94q7eqnnz25faub","id":"94q7eqnnz25faub"},"id":"z1h1hph4t670h34","previousOperationId":"vchtmw6vn6v5avi"}
{"type":"operationStart","subtype":"render","name":"anonymous","previousOperationId":"vchtmw6vn6v5avi","timestamp":1674986783860,"id":"k68it3sz1erpz53","previousEventId":"ako1fv5l5rmhque","operationId":"683rssoj1lez8ja"}
{"type":"log","timestamp":1674986783860,"level":"info","message":"Starting rendering request 1 (user: null)","meta":{"rootId":"94q7eqnnz25faub","id":"iz6dtytw7bmu5ic"},"id":"cmfse5244wz8d8o","previousOperationId":"683rssoj1lez8ja"}
{"type":"log","timestamp":1674986783861,"level":"info","message":"Rendering anonymous template { recipe: html, engine: handlebars }","meta":{"rootId":"94q7eqnnz25faub","id":"iz6dtytw7bmu5ic"},"id":"wx03d9s71zb7vs5","previousOperationId":"683rssoj1lez8ja"}
{"type":"log","timestamp":1674986783861,"level":"debug","message":"Inline data specified.","meta":{"rootId":"94q7eqnnz25faub","id":"iz6dtytw7bmu5ic"},"id":"rcm01ewjk0xa32w","previousOperationId":"683rssoj1lez8ja"}
{"type":"log","timestamp":1674986783863,"level":"debug","message":"Base url not specified, skipping its injection.","meta":{"rootId":"94q7eqnnz25faub","id":"iz6dtytw7bmu5ic"},"id":"a6sj56i1ywfuusy","previousOperationId":"683rssoj1lez8ja"}
{"type":"log","timestamp":1674986783870,"level":"debug","message":"Replaced assets [\"./src/reporting/assets/logo.png\"]","meta":{"rootId":"94q7eqnnz25faub","id":"iz6dtytw7bmu5ic"},"id":"vt7rgndndwaz708","previousOperationId":"683rssoj1lez8ja"}
{"type":"operationStart","subtype":"engine","name":"handlebars","timestamp":1674986783870,"id":"8h4huzqhbgtk7j7","previousEventId":"k68it3sz1erpz53","operationId":"orzjeejaojo03q1","previousOperationId":"683rssoj1lez8ja"}
{"type":"log","timestamp":1674986783870,"level":"debug","message":"Rendering engine handlebars","meta":{"rootId":"94q7eqnnz25faub","id":"iz6dtytw7bmu5ic"},"id":"ibavg96rv5dhxvj","previousOperationId":"orzjeejaojo03q1"}
{"type":"operationEnd","operationId":"orzjeejaojo03q1","timestamp":1674986783888,"id":"wmwqdmbasc3dw52","previousEventId":"8h4huzqhbgtk7j7","previousOperationId":"orzjeejaojo03q1"}
{"type":"operationStart","subtype":"recipe","name":"html","timestamp":1674986783889,"id":"r4ibhbhqoucv861","previousEventId":"wmwqdmbasc3dw52","operationId":"tzgh9bobk89thiz","previousOperationId":"orzjeejaojo03q1"}
{"type":"log","timestamp":1674986783889,"level":"debug","message":"Executing recipe html","meta":{"rootId":"94q7eqnnz25faub","id":"iz6dtytw7bmu5ic"},"id":"645x9ywuvo03hk3","previousOperationId":"tzgh9bobk89thiz"}
{"type":"operationEnd","operationId":"tzgh9bobk89thiz","timestamp":1674986783889,"id":"pzj75p6fl2c5h2p","previousEventId":"r4ibhbhqoucv861","previousOperationId":"tzgh9bobk89thiz"}
{"type":"log","timestamp":1674986783890,"level":"debug","message":"Skipping storing report.","meta":{"rootId":"94q7eqnnz25faub","id":"iz6dtytw7bmu5ic"},"id":"jvcikijyetqhxj3","previousOperationId":"tzgh9bobk89thiz"}
{"type":"log","timestamp":1674986783890,"level":"info","message":"Rendering request 1 finished in 1086 ms","meta":{"rootId":"94q7eqnnz25faub","id":"iz6dtytw7bmu5ic"},"id":"vu2h47gn5t3fu63","previousOperationId":"tzgh9bobk89thiz"}
{"type":"operationEnd","subtype":"render","operationId":"683rssoj1lez8ja","timestamp":1674986783890,"id":"x8qul4394paib5y","previousEventId":"pzj75p6fl2c5h2p","previousOperationId":"tzgh9bobk89thiz"}
{"type":"log","timestamp":1674986783890,"level":"debug","message":"Starting child request to render pdf footer","meta":{"rootId":"94q7eqnnz25faub","id":"94q7eqnnz25faub"},"id":"swy65intcffgn6a","previousOperationId":"vchtmw6vn6v5avi"}
{"type":"operationStart","subtype":"render","name":"anonymous","previousOperationId":"vchtmw6vn6v5avi","timestamp":1674986783890,"id":"oglotujgvttl3hh","previousEventId":"ako1fv5l5rmhque","operationId":"07p24yn02zo5wqf"}
{"type":"log","timestamp":1674986783891,"level":"info","message":"Starting rendering request 1 (user: null)","meta":{"rootId":"94q7eqnnz25faub","id":"o7eh5n0hkuxyhzu"},"id":"del3bikk1tdbxag","previousOperationId":"07p24yn02zo5wqf"}
{"type":"log","timestamp":1674986783891,"level":"info","message":"Rendering anonymous template { recipe: html, engine: handlebars }","meta":{"rootId":"94q7eqnnz25faub","id":"o7eh5n0hkuxyhzu"},"id":"arv75zx5ndl0o9b","previousOperationId":"07p24yn02zo5wqf"}
{"type":"log","timestamp":1674986783891,"level":"debug","message":"Inline data specified.","meta":{"rootId":"94q7eqnnz25faub","id":"o7eh5n0hkuxyhzu"},"id":"nk56hhrxnw5xqse","previousOperationId":"07p24yn02zo5wqf"}
{"type":"log","timestamp":1674986783894,"level":"debug","message":"Base url not specified, skipping its injection.","meta":{"rootId":"94q7eqnnz25faub","id":"o7eh5n0hkuxyhzu"},"id":"23fm5t8akeu7jw7","previousOperationId":"07p24yn02zo5wqf"}
{"type":"operationStart","subtype":"engine","name":"handlebars","timestamp":1674986783894,"id":"wqdi1dd23jy465f","previousEventId":"oglotujgvttl3hh","operationId":"alrw5ilczobpqqi","previousOperationId":"07p24yn02zo5wqf"}
{"type":"log","timestamp":1674986783894,"level":"debug","message":"Rendering engine handlebars","meta":{"rootId":"94q7eqnnz25faub","id":"o7eh5n0hkuxyhzu"},"id":"zcgikhlrkyr31q9","previousOperationId":"alrw5ilczobpqqi"}
{"type":"operationEnd","operationId":"alrw5ilczobpqqi","timestamp":1674986783913,"id":"w80sqt0rrytegh1","previousEventId":"wqdi1dd23jy465f","previousOperationId":"alrw5ilczobpqqi"}
{"type":"operationStart","subtype":"recipe","name":"html","timestamp":1674986783913,"id":"uh347zi8awiiv2h","previousEventId":"w80sqt0rrytegh1","operationId":"28ksf0kp8ysolkq","previousOperationId":"alrw5ilczobpqqi"}
{"type":"log","timestamp":1674986783913,"level":"debug","message":"Executing recipe html","meta":{"rootId":"94q7eqnnz25faub","id":"o7eh5n0hkuxyhzu"},"id":"pytk4sdiubkebt0","previousOperationId":"28ksf0kp8ysolkq"}
{"type":"operationEnd","operationId":"28ksf0kp8ysolkq","timestamp":1674986783913,"id":"0khlu50twrbhbzy","previousEventId":"uh347zi8awiiv2h","previousOperationId":"28ksf0kp8ysolkq"}
{"type":"log","timestamp":1674986783913,"level":"debug","message":"Skipping storing report.","meta":{"rootId":"94q7eqnnz25faub","id":"o7eh5n0hkuxyhzu"},"id":"nidqw57cz6vfjh8","previousOperationId":"28ksf0kp8ysolkq"}
{"type":"log","timestamp":1674986783913,"level":"info","message":"Rendering request 1 finished in 1109 ms","meta":{"rootId":"94q7eqnnz25faub","id":"o7eh5n0hkuxyhzu"},"id":"57l4hl8sfznho51","previousOperationId":"28ksf0kp8ysolkq"}
{"type":"operationEnd","subtype":"render","operationId":"07p24yn02zo5wqf","timestamp":1674986783913,"id":"v3wevv8t5br97zj","previousEventId":"0khlu50twrbhbzy","previousOperationId":"28ksf0kp8ysolkq"}
{"type":"log","timestamp":1674986784114,"level":"debug","message":"Converting with chrome HeadlessChrome/98.0.4758.0 using chrome-pool strategy","meta":{"rootId":"94q7eqnnz25faub","id":"94q7eqnnz25faub"},"id":"ls4vbo78qneojtj","previousOperationId":"vchtmw6vn6v5avi"}
{"type":"log","timestamp":1674986784319,"level":"debug","message":"Page request: GET (document) file:///C:/Users/ADMINI~1/AppData/Local/Temp/jsreport/autocleanup/2a87d713-79bc-448e-99ad-513922bc5031-chrome-pdf.html","meta":{"rootId":"94q7eqnnz25faub","id":"94q7eqnnz25faub"},"id":"ps56hdeyzcxlvh4","previousOperationId":"vchtmw6vn6v5avi"}
{"type":"log","timestamp":1674986784354,"level":"debug","message":"Page request finished: GET (document) file:///C:/Users/ADMINI~1/AppData/Local/Temp/jsreport/autocleanup/2a87d713-79bc-448e-99ad-513922bc5031-chrome-pdf.html","meta":{"rootId":"94q7eqnnz25faub","id":"94q7eqnnz25faub"},"id":"4873jkhnqg5rj9m","previousOperationId":"vchtmw6vn6v5avi"}
{"type":"log","timestamp":1674986784358,"level":"debug","message":"Page request: GET (stylesheet) https://fonts.googleapis.com/css2?family=Montserrat:wght@500&family=Open+Sans:wght@300&display=swap","meta":{"rootId":"94q7eqnnz25faub","id":"94q7eqnnz25faub"},"id":"xraa8jggno1z7hp","previousOperationId":"vchtmw6vn6v5avi"}
{"type":"log","timestamp":1674986784619,"level":"debug","message":"Page request finished: GET (stylesheet) 200 https://fonts.googleapis.com/css2?family=Montserrat:wght@500&family=Open+Sans:wght@300&display=swap","meta":{"rootId":"94q7eqnnz25faub","id":"94q7eqnnz25faub"},"id":"5mvwtiw0lu49b3h","previousOperationId":"vchtmw6vn6v5avi"}
{"type":"log","timestamp":1674986784665,"level":"debug","message":"Page request: GET (font) https://fonts.gstatic.com/s/opensans/v34/memSYaGs126MiZpBA-UvWbX2vVnXBbObj2OVZyOOSr4dVJWUgsiH0B4gaVI.woff2","meta":{"rootId":"94q7eqnnz25faub","id":"94q7eqnnz25faub"},"id":"ui6loga6e4mfwc3","previousOperationId":"vchtmw6vn6v5avi"}
{"type":"log","timestamp":1674986784669,"level":"debug","message":"Page request: GET (font) https://fonts.gstatic.com/s/opensans/v34/memSYaGs126MiZpBA-UvWbX2vVnXBbObj2OVZyOOSr4dVJWUgsiH0B4gaVI.woff2","meta":{"rootId":"94q7eqnnz25faub","id":"94q7eqnnz25faub"},"id":"wuhm2m655mu9i5s","previousOperationId":"vchtmw6vn6v5avi"}
{"type":"log","timestamp":1674986785021,"level":"debug","message":"Page request finished: GET (font) 200 https://fonts.gstatic.com/s/opensans/v34/memSYaGs126MiZpBA-UvWbX2vVnXBbObj2OVZyOOSr4dVJWUgsiH0B4gaVI.woff2","meta":{"rootId":"94q7eqnnz25faub","id":"94q7eqnnz25faub"},"id":"3hhp55mw8yarm6n","previousOperationId":"vchtmw6vn6v5avi"}
{"type":"log","timestamp":1674986785068,"level":"debug","message":"Running chrome with params {\"scale\":1,\"displayHeaderFooter\":true,\"headerTemplate\":\"...\",\"footerTemplate\":\"...\",\"printBackground\":true,\"pageRanges\":\"\",\"format\":\"A4\",\"width\":\"\",\"height\":\"\",\"marginTop\":\"350px\",\"marginRight\":\"20px\",\"marginBottom\":\"80px\",\"marginLeft\":\"20px\",\"waitForJS\":false,\"waitForNetworkIddle\":false,\"timeout\":58891,\"waitForNetworkIdle\":false,\"margin\":{\"top\":\"350px\",\"right\":\"20px\",\"bottom\":\"80px\",\"left\":\"20px\"}}","meta":{"rootId":"94q7eqnnz25faub","id":"94q7eqnnz25faub"},"id":"hxvzf52fqsipxbq","previousOperationId":"vchtmw6vn6v5avi"}
{"type":"operationEnd","operationId":"vchtmw6vn6v5avi","timestamp":1674986785802,"id":"c7ophncczzmxla4","previousEventId":"ako1fv5l5rmhque","previousOperationId":"vchtmw6vn6v5avi"}
{"type":"log","timestamp":1674986785803,"level":"debug","message":"Skipping storing report.","meta":{"rootId":"94q7eqnnz25faub","id":"94q7eqnnz25faub"},"id":"pzgr2fxsartnv7g","previousOperationId":"vchtmw6vn6v5avi"}
{"type":"log","timestamp":1674986785803,"level":"info","message":"Rendering request 1 finished in 2999 ms","meta":{"rootId":"94q7eqnnz25faub","id":"94q7eqnnz25faub"},"id":"ahn2e8dwzisrnoa","previousOperationId":"vchtmw6vn6v5avi"}
{"type":"operationEnd","subtype":"render","operationId":"ojn8hwnn7untjbm","timestamp":1674986785803,"id":"hh7t53t06t0xw42","previousEventId":"c7ophncczzmxla4","previousOperationId":"vchtmw6vn6v5avi"}
{"type":"operationEnd","doDiffs":false,"previousEventId":"c0ppdumfg6l49ge","previousOperationId":"r1wk31a61inl2a9","operationId":"r1wk31a61inl2a9","timestamp":1674986785813,"id":"r2q5fl6t0wnxp73"}
