{"type":"operationStart","subtype":"profile","data":{"_id":"6QN1FIh2PoEyknCF","timestamp":"2022-10-02T11:25:57.950Z","state":"queued","mode":"standard","creationDate":"2022-10-02T11:25:57.957Z","modificationDate":"2022-10-02T11:25:57.957Z","shortid":"Z8EFkV5","$entitySet":"profiles"},"doDiffs":false,"timestamp":1664709957954,"id":"ro5gqp5o6ot5r0b","previousOperationId":null,"operationId":"5l304hrxcy7gue3"}
{"type":"log","level":"info","message":"Render request 1 queued for execution and waiting for available worker","previousOperationId":"5l304hrxcy7gue3","timestamp":1664709957955,"id":"vszyzgta0uaf8cp"}
{"type":"operationStart","subtype":"render","name":"anonymous","previousOperationId":"5l304hrxcy7gue3","timestamp":1664709958073,"id":"rs5q382wzvdmfgt","previousEventId":"ro5gqp5o6ot5r0b","operationId":"smzkcc5zmw22kct"}
{"type":"log","timestamp":1664709958087,"level":"info","message":"Starting rendering request 1 (user: null)","meta":{"rootId":"95p21jpoityvzvh","id":"95p21jpoityvzvh"},"id":"8e2yqxhfeuetxp9","previousOperationId":"smzkcc5zmw22kct"}
{"type":"log","timestamp":1664709958091,"level":"info","message":"Rendering anonymous template { recipe: chrome-pdf, engine: handlebars }","meta":{"rootId":"95p21jpoityvzvh","id":"95p21jpoityvzvh"},"id":"p620cncxdb7wh8t","previousOperationId":"smzkcc5zmw22kct"}
{"type":"log","timestamp":1664709958092,"level":"debug","message":"Inline data specified.","meta":{"rootId":"95p21jpoityvzvh","id":"95p21jpoityvzvh"},"id":"2b9wizrjtyhcovc","previousOperationId":"smzkcc5zmw22kct"}
{"type":"log","timestamp":1664709958154,"level":"debug","message":"Base url not specified, skipping its injection.","meta":{"rootId":"95p21jpoityvzvh","id":"95p21jpoityvzvh"},"id":"ejn4mn35l71cvjo","previousOperationId":"smzkcc5zmw22kct"}
{"type":"operationStart","subtype":"engine","name":"handlebars","timestamp":1664709958161,"id":"cjzxbjjzfy9f7r1","previousEventId":"rs5q382wzvdmfgt","operationId":"zb5hlspetl0ab4z","previousOperationId":"smzkcc5zmw22kct"}
{"type":"log","timestamp":1664709958161,"level":"debug","message":"Rendering engine handlebars","meta":{"rootId":"95p21jpoityvzvh","id":"95p21jpoityvzvh"},"id":"xczqc11ggx1p9c1","previousOperationId":"zb5hlspetl0ab4z"}
{"type":"operationEnd","operationId":"zb5hlspetl0ab4z","timestamp":1664709960210,"id":"jxx1c7vz5lmgbw9","previousEventId":"cjzxbjjzfy9f7r1","previousOperationId":"zb5hlspetl0ab4z"}
{"type":"operationStart","subtype":"recipe","name":"chrome-pdf","timestamp":1664709960211,"id":"2ahi9fnt43wc61z","previousEventId":"jxx1c7vz5lmgbw9","operationId":"euiyaau7e1g5oei","previousOperationId":"zb5hlspetl0ab4z"}
{"type":"log","timestamp":1664709960211,"level":"debug","message":"Executing recipe chrome-pdf","meta":{"rootId":"95p21jpoityvzvh","id":"95p21jpoityvzvh"},"id":"tlednajr7b933vh","previousOperationId":"euiyaau7e1g5oei"}
{"type":"log","timestamp":1664709961005,"level":"debug","message":"Starting child request to render pdf header","meta":{"rootId":"95p21jpoityvzvh","id":"95p21jpoityvzvh"},"id":"hhdk3sqjlo3mb6s","previousOperationId":"euiyaau7e1g5oei"}
{"type":"operationStart","subtype":"render","name":"anonymous","previousOperationId":"euiyaau7e1g5oei","timestamp":1664709961007,"id":"rqn44qp03itajbi","previousEventId":"2ahi9fnt43wc61z","operationId":"9v7yvqqvqxrqnfe"}
{"type":"log","timestamp":1664709961008,"level":"info","message":"Starting rendering request 1 (user: null)","meta":{"rootId":"95p21jpoityvzvh","id":"kd7olegqmuyuttl"},"id":"dbmlavptwpss1te","previousOperationId":"9v7yvqqvqxrqnfe"}
{"type":"log","timestamp":1664709961008,"level":"info","message":"Rendering anonymous template { recipe: html, engine: handlebars }","meta":{"rootId":"95p21jpoityvzvh","id":"kd7olegqmuyuttl"},"id":"o1ry9sq5xt2ntxp","previousOperationId":"9v7yvqqvqxrqnfe"}
{"type":"log","timestamp":1664709961009,"level":"debug","message":"Inline data specified.","meta":{"rootId":"95p21jpoityvzvh","id":"kd7olegqmuyuttl"},"id":"44j7qzpzqoo188m","previousOperationId":"9v7yvqqvqxrqnfe"}
{"type":"log","timestamp":1664709961016,"level":"debug","message":"Base url not specified, skipping its injection.","meta":{"rootId":"95p21jpoityvzvh","id":"kd7olegqmuyuttl"},"id":"pjybprmrem4gs9s","previousOperationId":"9v7yvqqvqxrqnfe"}
{"type":"log","timestamp":1664709961045,"level":"debug","message":"Replaced assets [\"./src/reporting/assets/logo.png\"]","meta":{"rootId":"95p21jpoityvzvh","id":"kd7olegqmuyuttl"},"id":"uhk39z49wuzu83g","previousOperationId":"9v7yvqqvqxrqnfe"}
{"type":"operationStart","subtype":"engine","name":"handlebars","timestamp":1664709961045,"id":"fch9u46a5k7fg58","previousEventId":"rqn44qp03itajbi","operationId":"pcth1ngp4bw9tyo","previousOperationId":"9v7yvqqvqxrqnfe"}
{"type":"log","timestamp":1664709961046,"level":"debug","message":"Rendering engine handlebars","meta":{"rootId":"95p21jpoityvzvh","id":"kd7olegqmuyuttl"},"id":"40ipziwcoudsj58","previousOperationId":"pcth1ngp4bw9tyo"}
{"type":"operationEnd","operationId":"pcth1ngp4bw9tyo","timestamp":1664709961271,"id":"qem9gs5yzu5ofcc","previousEventId":"fch9u46a5k7fg58","previousOperationId":"pcth1ngp4bw9tyo"}
{"type":"operationStart","subtype":"recipe","name":"html","timestamp":1664709961272,"id":"1n9ik3j6gjq91ic","previousEventId":"qem9gs5yzu5ofcc","operationId":"71evikgznp7txzy","previousOperationId":"pcth1ngp4bw9tyo"}
{"type":"log","timestamp":1664709961272,"level":"debug","message":"Executing recipe html","meta":{"rootId":"95p21jpoityvzvh","id":"kd7olegqmuyuttl"},"id":"omy90l144si1cla","previousOperationId":"71evikgznp7txzy"}
{"type":"operationEnd","operationId":"71evikgznp7txzy","timestamp":1664709961273,"id":"c8ta6j6vtv5agch","previousEventId":"1n9ik3j6gjq91ic","previousOperationId":"71evikgznp7txzy"}
{"type":"log","timestamp":1664709961274,"level":"debug","message":"Skipping storing report.","meta":{"rootId":"95p21jpoityvzvh","id":"kd7olegqmuyuttl"},"id":"r03d76wtx242011","previousOperationId":"71evikgznp7txzy"}
{"type":"log","timestamp":1664709961274,"level":"info","message":"Rendering request 1 finished in 3326 ms","meta":{"rootId":"95p21jpoityvzvh","id":"kd7olegqmuyuttl"},"id":"bd3a6314t2719gl","previousOperationId":"71evikgznp7txzy"}
{"type":"operationEnd","subtype":"render","operationId":"9v7yvqqvqxrqnfe","timestamp":1664709961275,"id":"17uujf3mio3w1qd","previousEventId":"c8ta6j6vtv5agch","previousOperationId":"71evikgznp7txzy"}
{"type":"log","timestamp":1664709961275,"level":"debug","message":"Starting child request to render pdf footer","meta":{"rootId":"95p21jpoityvzvh","id":"95p21jpoityvzvh"},"id":"2mkh6ot4ssys259","previousOperationId":"euiyaau7e1g5oei"}
{"type":"operationStart","subtype":"render","name":"anonymous","previousOperationId":"euiyaau7e1g5oei","timestamp":1664709961276,"id":"w7m37cwb4r3jklc","previousEventId":"2ahi9fnt43wc61z","operationId":"hkddyofdfuff00a"}
{"type":"log","timestamp":1664709961276,"level":"info","message":"Starting rendering request 1 (user: null)","meta":{"rootId":"95p21jpoityvzvh","id":"nmby670pjganauk"},"id":"3izdq736j3kvzod","previousOperationId":"hkddyofdfuff00a"}
{"type":"log","timestamp":1664709961277,"level":"info","message":"Rendering anonymous template { recipe: html, engine: handlebars }","meta":{"rootId":"95p21jpoityvzvh","id":"nmby670pjganauk"},"id":"smhoxkwmip5yjjy","previousOperationId":"hkddyofdfuff00a"}
{"type":"log","timestamp":1664709961277,"level":"debug","message":"Inline data specified.","meta":{"rootId":"95p21jpoityvzvh","id":"nmby670pjganauk"},"id":"i99eq036b05cssr","previousOperationId":"hkddyofdfuff00a"}
{"type":"log","timestamp":1664709961315,"level":"debug","message":"Base url not specified, skipping its injection.","meta":{"rootId":"95p21jpoityvzvh","id":"nmby670pjganauk"},"id":"j55iw2apsjq4g8r","previousOperationId":"hkddyofdfuff00a"}
{"type":"operationStart","subtype":"engine","name":"handlebars","timestamp":1664709961316,"id":"s1quv2mvc7uli17","previousEventId":"w7m37cwb4r3jklc","operationId":"31o1gg9li07ar8i","previousOperationId":"hkddyofdfuff00a"}
{"type":"log","timestamp":1664709961316,"level":"debug","message":"Rendering engine handlebars","meta":{"rootId":"95p21jpoityvzvh","id":"nmby670pjganauk"},"id":"t13nnz7hsb3tq2j","previousOperationId":"31o1gg9li07ar8i"}
{"type":"operationEnd","operationId":"31o1gg9li07ar8i","timestamp":1664709961349,"id":"fvoppiutinnzl2c","previousEventId":"s1quv2mvc7uli17","previousOperationId":"31o1gg9li07ar8i"}
{"type":"operationStart","subtype":"recipe","name":"html","timestamp":1664709961349,"id":"logx7iw2df520hr","previousEventId":"fvoppiutinnzl2c","operationId":"p6cv8g2nh45si2v","previousOperationId":"31o1gg9li07ar8i"}
{"type":"log","timestamp":1664709961349,"level":"debug","message":"Executing recipe html","meta":{"rootId":"95p21jpoityvzvh","id":"nmby670pjganauk"},"id":"5pdfz1a8c5knzfu","previousOperationId":"p6cv8g2nh45si2v"}
{"type":"operationEnd","operationId":"p6cv8g2nh45si2v","timestamp":1664709961349,"id":"rdgg8ozvyq5xd4m","previousEventId":"logx7iw2df520hr","previousOperationId":"p6cv8g2nh45si2v"}
{"type":"log","timestamp":1664709961350,"level":"debug","message":"Skipping storing report.","meta":{"rootId":"95p21jpoityvzvh","id":"nmby670pjganauk"},"id":"3j0rex3rkucodiz","previousOperationId":"p6cv8g2nh45si2v"}
{"type":"log","timestamp":1664709961350,"level":"info","message":"Rendering request 1 finished in 3402 ms","meta":{"rootId":"95p21jpoityvzvh","id":"nmby670pjganauk"},"id":"uanjf2k99gdr148","previousOperationId":"p6cv8g2nh45si2v"}
{"type":"operationEnd","subtype":"render","operationId":"hkddyofdfuff00a","timestamp":1664709961350,"id":"u5afhvv98r4lrzb","previousEventId":"rdgg8ozvyq5xd4m","previousOperationId":"p6cv8g2nh45si2v"}
{"type":"log","timestamp":1664709963758,"level":"debug","message":"Converting with chrome HeadlessChrome/98.0.4758.0 using chrome-pool strategy","meta":{"rootId":"95p21jpoityvzvh","id":"95p21jpoityvzvh"},"id":"hhn4hlks2jte9jv","previousOperationId":"euiyaau7e1g5oei"}
{"type":"log","timestamp":1664709964349,"level":"debug","message":"Page request: GET (document) file:///var/folders/8m/98z140gs3yzbw6jqmpbh8b8m0000gn/T/jsreport/autocleanup/a98800f5-9039-48cf-9713-d7e3e6a8718a-chrome-pdf.html","meta":{"rootId":"95p21jpoityvzvh","id":"95p21jpoityvzvh"},"id":"nu2ikve6pajkgrn","previousOperationId":"euiyaau7e1g5oei"}
{"type":"log","timestamp":1664709964421,"level":"debug","message":"Page request finished: GET (document) file:///var/folders/8m/98z140gs3yzbw6jqmpbh8b8m0000gn/T/jsreport/autocleanup/a98800f5-9039-48cf-9713-d7e3e6a8718a-chrome-pdf.html","meta":{"rootId":"95p21jpoityvzvh","id":"95p21jpoityvzvh"},"id":"ch3ew7wglvjtz5g","previousOperationId":"euiyaau7e1g5oei"}
{"type":"log","timestamp":1664709964441,"level":"debug","message":"Page request: GET (stylesheet) https://fonts.googleapis.com/css2?family=Montserrat:wght@500&family=Open+Sans:wght@300&display=swap","meta":{"rootId":"95p21jpoityvzvh","id":"95p21jpoityvzvh"},"id":"f35m1l2mptng1o4","previousOperationId":"euiyaau7e1g5oei"}
{"type":"log","timestamp":1664709964930,"level":"debug","message":"Page request finished: GET (stylesheet) 200 https://fonts.googleapis.com/css2?family=Montserrat:wght@500&family=Open+Sans:wght@300&display=swap","meta":{"rootId":"95p21jpoityvzvh","id":"95p21jpoityvzvh"},"id":"xtjoxr30qrjgpt6","previousOperationId":"euiyaau7e1g5oei"}
{"type":"log","timestamp":1664709965038,"level":"debug","message":"Page request: GET (font) https://fonts.gstatic.com/s/opensans/v34/memSYaGs126MiZpBA-UvWbX2vVnXBbObj2OVZyOOSr4dVJWUgsiH0B4gaVQUwaEQbjA.woff","meta":{"rootId":"95p21jpoityvzvh","id":"95p21jpoityvzvh"},"id":"ihu7hqz2h8soh4t","previousOperationId":"euiyaau7e1g5oei"}
{"type":"log","timestamp":1664709965046,"level":"debug","message":"Page request: GET (font) https://fonts.gstatic.com/s/opensans/v34/memSYaGs126MiZpBA-UvWbX2vVnXBbObj2OVZyOOSr4dVJWUgsiH0B4gaVQUwaEQbjA.woff","meta":{"rootId":"95p21jpoityvzvh","id":"95p21jpoityvzvh"},"id":"py8qt4by2z8463q","previousOperationId":"euiyaau7e1g5oei"}
{"type":"log","timestamp":1664709965370,"level":"debug","message":"Page request finished: GET (font) 200 https://fonts.gstatic.com/s/opensans/v34/memSYaGs126MiZpBA-UvWbX2vVnXBbObj2OVZyOOSr4dVJWUgsiH0B4gaVQUwaEQbjA.woff","meta":{"rootId":"95p21jpoityvzvh","id":"95p21jpoityvzvh"},"id":"05uyzji7ynptfme","previousOperationId":"euiyaau7e1g5oei"}
{"type":"log","timestamp":1664709965381,"level":"debug","message":"Running chrome with params {\"scale\":1,\"displayHeaderFooter\":true,\"headerTemplate\":\"...\",\"footerTemplate\":\"...\",\"printBackground\":true,\"pageRanges\":\"\",\"format\":\"A4\",\"width\":\"\",\"height\":\"\",\"marginTop\":\"500px\",\"marginRight\":\"20px\",\"marginBottom\":\"80px\",\"marginLeft\":\"20px\",\"waitForJS\":false,\"waitForNetworkIddle\":false,\"timeout\":56589,\"waitForNetworkIdle\":false,\"margin\":{\"top\":\"500px\",\"right\":\"20px\",\"bottom\":\"80px\",\"left\":\"20px\"}}","meta":{"rootId":"95p21jpoityvzvh","id":"95p21jpoityvzvh"},"id":"efyf5z4t5n4y4n9","previousOperationId":"euiyaau7e1g5oei"}
{"type":"operationEnd","operationId":"euiyaau7e1g5oei","timestamp":1664709965624,"id":"2476804m6jdw0vz","previousEventId":"2ahi9fnt43wc61z","previousOperationId":"euiyaau7e1g5oei"}
{"type":"log","timestamp":1664709965627,"level":"debug","message":"Skipping storing report.","meta":{"rootId":"95p21jpoityvzvh","id":"95p21jpoityvzvh"},"id":"ndxv2snbzkd5nim","previousOperationId":"euiyaau7e1g5oei"}
{"type":"log","timestamp":1664709965627,"level":"info","message":"Rendering request 1 finished in 7679 ms","meta":{"rootId":"95p21jpoityvzvh","id":"95p21jpoityvzvh"},"id":"5rw485edfql9tl0","previousOperationId":"euiyaau7e1g5oei"}
{"type":"operationEnd","subtype":"render","operationId":"smzkcc5zmw22kct","timestamp":1664709965627,"id":"mgxd8lxljsvn0t2","previousEventId":"2476804m6jdw0vz","previousOperationId":"euiyaau7e1g5oei"}
{"type":"operationEnd","doDiffs":false,"previousEventId":"ro5gqp5o6ot5r0b","previousOperationId":"5l304hrxcy7gue3","operationId":"5l304hrxcy7gue3","timestamp":1664709965639,"id":"n3shot7z0yqi8w0"}
