{"type":"operationStart","subtype":"profile","data":{"_id":"4jclZLL9AvDFNOvI","timestamp":"2022-09-08T09:15:47.536Z","state":"queued","mode":"standard","creationDate":"2022-09-08T09:15:47.541Z","modificationDate":"2022-09-08T09:15:47.541Z","shortid":"PRLy-mr","$entitySet":"profiles"},"doDiffs":false,"timestamp":1662628547539,"id":"hcbww8zc0kx7tb2","previousOperationId":null,"operationId":"4mxrwwr736fa5tn"}
{"type":"log","level":"info","message":"Render request 1 queued for execution and waiting for available worker","previousOperationId":"4mxrwwr736fa5tn","timestamp":1662628547540,"id":"x51b0lh8uxcn7fd"}
{"type":"operationStart","subtype":"render","name":"anonymous","previousOperationId":"4mxrwwr736fa5tn","timestamp":1662628547591,"id":"3ik62ycjm9chwda","previousEventId":"hcbww8zc0kx7tb2","operationId":"qd4mc8geqywn9sw"}
{"type":"log","timestamp":1662628547594,"level":"info","message":"Starting rendering request 1 (user: null)","meta":{"rootId":"9gq4euq13baw54a","id":"9gq4euq13baw54a"},"id":"tuw6nn2tij5csk5","previousOperationId":"qd4mc8geqywn9sw"}
{"type":"log","timestamp":1662628547597,"level":"info","message":"Rendering anonymous template { recipe: chrome-pdf, engine: handlebars }","meta":{"rootId":"9gq4euq13baw54a","id":"9gq4euq13baw54a"},"id":"1vn3k7bv3q7jtzq","previousOperationId":"qd4mc8geqywn9sw"}
{"type":"log","timestamp":1662628547600,"level":"debug","message":"Inline data specified.","meta":{"rootId":"9gq4euq13baw54a","id":"9gq4euq13baw54a"},"id":"nawqakqzakwr6tj","previousOperationId":"qd4mc8geqywn9sw"}
{"type":"log","timestamp":1662628547618,"level":"debug","message":"Base url not specified, skipping its injection.","meta":{"rootId":"9gq4euq13baw54a","id":"9gq4euq13baw54a"},"id":"p9j0sruhcdijnv4","previousOperationId":"qd4mc8geqywn9sw"}
{"type":"operationStart","subtype":"engine","name":"handlebars","timestamp":1662628547621,"id":"mrwk3uxs438i91r","previousEventId":"3ik62ycjm9chwda","operationId":"xppbcj12akrn0ll","previousOperationId":"qd4mc8geqywn9sw"}
{"type":"log","timestamp":1662628547621,"level":"debug","message":"Rendering engine handlebars","meta":{"rootId":"9gq4euq13baw54a","id":"9gq4euq13baw54a"},"id":"e1cdxpdk894baa3","previousOperationId":"xppbcj12akrn0ll"}
{"type":"operationEnd","operationId":"xppbcj12akrn0ll","timestamp":1662628549169,"id":"qxgl5s25yk8gw6a","previousEventId":"mrwk3uxs438i91r","previousOperationId":"xppbcj12akrn0ll"}
{"type":"operationStart","subtype":"recipe","name":"chrome-pdf","timestamp":1662628549171,"id":"piwwikheo3k5x18","previousEventId":"qxgl5s25yk8gw6a","operationId":"lkk6e8bebxk1lkk","previousOperationId":"xppbcj12akrn0ll"}
{"type":"log","timestamp":1662628549171,"level":"debug","message":"Executing recipe chrome-pdf","meta":{"rootId":"9gq4euq13baw54a","id":"9gq4euq13baw54a"},"id":"dbpm7mdwagwqa47","previousOperationId":"lkk6e8bebxk1lkk"}
{"type":"log","timestamp":1662628549426,"level":"debug","message":"Starting child request to render pdf header","meta":{"rootId":"9gq4euq13baw54a","id":"9gq4euq13baw54a"},"id":"fjf7rk9egqg1bol","previousOperationId":"lkk6e8bebxk1lkk"}
{"type":"operationStart","subtype":"render","name":"anonymous","previousOperationId":"lkk6e8bebxk1lkk","timestamp":1662628549427,"id":"e68veegoij5w8g0","previousEventId":"piwwikheo3k5x18","operationId":"6c2ibv2kgrhjqz1"}
{"type":"log","timestamp":1662628549427,"level":"info","message":"Starting rendering request 1 (user: null)","meta":{"rootId":"9gq4euq13baw54a","id":"re833wyl0t971ib"},"id":"iozlbpmyf9qsmgs","previousOperationId":"6c2ibv2kgrhjqz1"}
{"type":"log","timestamp":1662628549427,"level":"info","message":"Rendering anonymous template { recipe: html, engine: handlebars }","meta":{"rootId":"9gq4euq13baw54a","id":"re833wyl0t971ib"},"id":"m90wekfwdq3sqsg","previousOperationId":"6c2ibv2kgrhjqz1"}
{"type":"log","timestamp":1662628549427,"level":"debug","message":"Inline data specified.","meta":{"rootId":"9gq4euq13baw54a","id":"re833wyl0t971ib"},"id":"cxaddcj8k9gmk4j","previousOperationId":"6c2ibv2kgrhjqz1"}
{"type":"log","timestamp":1662628549440,"level":"debug","message":"Base url not specified, skipping its injection.","meta":{"rootId":"9gq4euq13baw54a","id":"re833wyl0t971ib"},"id":"k6icv99cmsrn2ur","previousOperationId":"6c2ibv2kgrhjqz1"}
{"type":"log","timestamp":1662628549466,"level":"debug","message":"Replaced assets [\"./src/reporting/assets/logo.png\"]","meta":{"rootId":"9gq4euq13baw54a","id":"re833wyl0t971ib"},"id":"uockd9wz39p5amv","previousOperationId":"6c2ibv2kgrhjqz1"}
{"type":"operationStart","subtype":"engine","name":"handlebars","timestamp":1662628549466,"id":"5derxjigskqtxk0","previousEventId":"e68veegoij5w8g0","operationId":"sagmqrozezcuz2a","previousOperationId":"6c2ibv2kgrhjqz1"}
{"type":"log","timestamp":1662628549466,"level":"debug","message":"Rendering engine handlebars","meta":{"rootId":"9gq4euq13baw54a","id":"re833wyl0t971ib"},"id":"zrdk9vk13n9gupv","previousOperationId":"sagmqrozezcuz2a"}
{"type":"operationEnd","operationId":"sagmqrozezcuz2a","timestamp":1662628549698,"id":"dy3vbu4q5kov4cf","previousEventId":"5derxjigskqtxk0","previousOperationId":"sagmqrozezcuz2a"}
{"type":"operationStart","subtype":"recipe","name":"html","timestamp":1662628549698,"id":"h6a306i9eqjdhxu","previousEventId":"dy3vbu4q5kov4cf","operationId":"2nna0z46bfksoq4","previousOperationId":"sagmqrozezcuz2a"}
{"type":"log","timestamp":1662628549698,"level":"debug","message":"Executing recipe html","meta":{"rootId":"9gq4euq13baw54a","id":"re833wyl0t971ib"},"id":"pdadgzi9mruz2h4","previousOperationId":"2nna0z46bfksoq4"}
{"type":"operationEnd","operationId":"2nna0z46bfksoq4","timestamp":1662628549699,"id":"82zjcgtdk6v2uma","previousEventId":"h6a306i9eqjdhxu","previousOperationId":"2nna0z46bfksoq4"}
{"type":"log","timestamp":1662628549700,"level":"debug","message":"Skipping storing report.","meta":{"rootId":"9gq4euq13baw54a","id":"re833wyl0t971ib"},"id":"spsmmto26561tax","previousOperationId":"2nna0z46bfksoq4"}
{"type":"log","timestamp":1662628549703,"level":"info","message":"Rendering request 1 finished in 2169 ms","meta":{"rootId":"9gq4euq13baw54a","id":"re833wyl0t971ib"},"id":"mt886d4jpe6onjw","previousOperationId":"2nna0z46bfksoq4"}
{"type":"operationEnd","subtype":"render","operationId":"6c2ibv2kgrhjqz1","timestamp":1662628549703,"id":"unrjsh1qdvr0wfm","previousEventId":"82zjcgtdk6v2uma","previousOperationId":"2nna0z46bfksoq4"}
{"type":"log","timestamp":1662628549703,"level":"debug","message":"Starting child request to render pdf footer","meta":{"rootId":"9gq4euq13baw54a","id":"9gq4euq13baw54a"},"id":"5jhufmpj2eopibt","previousOperationId":"lkk6e8bebxk1lkk"}
{"type":"operationStart","subtype":"render","name":"anonymous","previousOperationId":"lkk6e8bebxk1lkk","timestamp":1662628549703,"id":"6hq54x7guzv0o19","previousEventId":"piwwikheo3k5x18","operationId":"vpwrtvxll4xusld"}
{"type":"log","timestamp":1662628549704,"level":"info","message":"Starting rendering request 1 (user: null)","meta":{"rootId":"9gq4euq13baw54a","id":"z932uz7uo5wzvq7"},"id":"dyl5m29zb4gtpn4","previousOperationId":"vpwrtvxll4xusld"}
{"type":"log","timestamp":1662628549704,"level":"info","message":"Rendering anonymous template { recipe: html, engine: handlebars }","meta":{"rootId":"9gq4euq13baw54a","id":"z932uz7uo5wzvq7"},"id":"rnegolr3fcroc0d","previousOperationId":"vpwrtvxll4xusld"}
{"type":"log","timestamp":1662628549704,"level":"debug","message":"Inline data specified.","meta":{"rootId":"9gq4euq13baw54a","id":"z932uz7uo5wzvq7"},"id":"ljr5up02u2cd9z5","previousOperationId":"vpwrtvxll4xusld"}
{"type":"log","timestamp":1662628549723,"level":"debug","message":"Base url not specified, skipping its injection.","meta":{"rootId":"9gq4euq13baw54a","id":"z932uz7uo5wzvq7"},"id":"6pxoj58zc14wzpu","previousOperationId":"vpwrtvxll4xusld"}
{"type":"operationStart","subtype":"engine","name":"handlebars","timestamp":1662628549723,"id":"lumwo4riipyelxl","previousEventId":"6hq54x7guzv0o19","operationId":"sxws08eyx0q4mnp","previousOperationId":"vpwrtvxll4xusld"}
{"type":"log","timestamp":1662628549723,"level":"debug","message":"Rendering engine handlebars","meta":{"rootId":"9gq4euq13baw54a","id":"z932uz7uo5wzvq7"},"id":"5y7r93yxnhv4wna","previousOperationId":"sxws08eyx0q4mnp"}
{"type":"operationEnd","operationId":"sxws08eyx0q4mnp","timestamp":1662628549770,"id":"ehudh9lnao62icq","previousEventId":"lumwo4riipyelxl","previousOperationId":"sxws08eyx0q4mnp"}
{"type":"operationStart","subtype":"recipe","name":"html","timestamp":1662628549770,"id":"jstfv7tm5t3qnb5","previousEventId":"ehudh9lnao62icq","operationId":"q7gxoezs8ky5xp4","previousOperationId":"sxws08eyx0q4mnp"}
{"type":"log","timestamp":1662628549770,"level":"debug","message":"Executing recipe html","meta":{"rootId":"9gq4euq13baw54a","id":"z932uz7uo5wzvq7"},"id":"boylmsnmgx6cf8l","previousOperationId":"q7gxoezs8ky5xp4"}
{"type":"operationEnd","operationId":"q7gxoezs8ky5xp4","timestamp":1662628549770,"id":"81c0n13xsem5lg8","previousEventId":"jstfv7tm5t3qnb5","previousOperationId":"q7gxoezs8ky5xp4"}
{"type":"log","timestamp":1662628549770,"level":"debug","message":"Skipping storing report.","meta":{"rootId":"9gq4euq13baw54a","id":"z932uz7uo5wzvq7"},"id":"kqx14mcc6t5z7h7","previousOperationId":"q7gxoezs8ky5xp4"}
{"type":"log","timestamp":1662628549770,"level":"info","message":"Rendering request 1 finished in 2236 ms","meta":{"rootId":"9gq4euq13baw54a","id":"z932uz7uo5wzvq7"},"id":"hnga4s13ven29e1","previousOperationId":"q7gxoezs8ky5xp4"}
{"type":"operationEnd","subtype":"render","operationId":"vpwrtvxll4xusld","timestamp":1662628549771,"id":"qp158vhxswt5s15","previousEventId":"81c0n13xsem5lg8","previousOperationId":"q7gxoezs8ky5xp4"}
{"type":"log","timestamp":1662628551988,"level":"debug","message":"Converting with chrome HeadlessChrome/98.0.4758.0 using chrome-pool strategy","meta":{"rootId":"9gq4euq13baw54a","id":"9gq4euq13baw54a"},"id":"4yx8t9yqgpf6xg9","previousOperationId":"lkk6e8bebxk1lkk"}
{"type":"log","timestamp":1662628552336,"level":"debug","message":"Page request: GET (document) file:///var/folders/8m/98z140gs3yzbw6jqmpbh8b8m0000gn/T/jsreport/autocleanup/12aff96d-1f50-415f-8894-61c8eb61554b-chrome-pdf.html","meta":{"rootId":"9gq4euq13baw54a","id":"9gq4euq13baw54a"},"id":"6jakl5otd8brggg","previousOperationId":"lkk6e8bebxk1lkk"}
{"type":"log","timestamp":1662628552362,"level":"debug","message":"Page request finished: GET (document) file:///var/folders/8m/98z140gs3yzbw6jqmpbh8b8m0000gn/T/jsreport/autocleanup/12aff96d-1f50-415f-8894-61c8eb61554b-chrome-pdf.html","meta":{"rootId":"9gq4euq13baw54a","id":"9gq4euq13baw54a"},"id":"c0m1ndpwh6dlfvm","previousOperationId":"lkk6e8bebxk1lkk"}
{"type":"log","timestamp":1662628552383,"level":"debug","message":"Page request: GET (stylesheet) https://fonts.googleapis.com/css2?family=Montserrat:wght@500&family=Open+Sans:wght@300&display=swap","meta":{"rootId":"9gq4euq13baw54a","id":"9gq4euq13baw54a"},"id":"ezeajcpnsq750hl","previousOperationId":"lkk6e8bebxk1lkk"}
{"type":"log","timestamp":1662628552773,"level":"debug","message":"Page request finished: GET (stylesheet) 200 https://fonts.googleapis.com/css2?family=Montserrat:wght@500&family=Open+Sans:wght@300&display=swap","meta":{"rootId":"9gq4euq13baw54a","id":"9gq4euq13baw54a"},"id":"fntmedp03djgxuq","previousOperationId":"lkk6e8bebxk1lkk"}
{"type":"log","timestamp":1662628552834,"level":"debug","message":"Page request: GET (font) https://fonts.gstatic.com/s/opensans/v34/memSYaGs126MiZpBA-UvWbX2vVnXBbObj2OVZyOOSr4dVJWUgsiH0B4gaVQUwaEQbjA.woff","meta":{"rootId":"9gq4euq13baw54a","id":"9gq4euq13baw54a"},"id":"vpndx355eut6fre","previousOperationId":"lkk6e8bebxk1lkk"}
{"type":"log","timestamp":1662628552847,"level":"debug","message":"Page request: GET (font) https://fonts.gstatic.com/s/opensans/v34/memSYaGs126MiZpBA-UvWbX2vVnXBbObj2OVZyOOSr4dVJWUgsiH0B4gaVQUwaEQbjA.woff","meta":{"rootId":"9gq4euq13baw54a","id":"9gq4euq13baw54a"},"id":"eqcnnew0gebtyem","previousOperationId":"lkk6e8bebxk1lkk"}
{"type":"log","timestamp":1662628553272,"level":"debug","message":"Page request finished: GET (font) 200 https://fonts.gstatic.com/s/opensans/v34/memSYaGs126MiZpBA-UvWbX2vVnXBbObj2OVZyOOSr4dVJWUgsiH0B4gaVQUwaEQbjA.woff","meta":{"rootId":"9gq4euq13baw54a","id":"9gq4euq13baw54a"},"id":"f5bw48cqm9sghjc","previousOperationId":"lkk6e8bebxk1lkk"}
{"type":"log","timestamp":1662628553283,"level":"debug","message":"Running chrome with params {\"scale\":1,\"displayHeaderFooter\":true,\"headerTemplate\":\"...\",\"footerTemplate\":\"...\",\"printBackground\":true,\"pageRanges\":\"\",\"format\":\"A4\",\"width\":\"\",\"height\":\"\",\"marginTop\":\"350px\",\"marginRight\":\"20px\",\"marginBottom\":\"80px\",\"marginLeft\":\"20px\",\"waitForJS\":false,\"waitForNetworkIddle\":false,\"timeout\":57763,\"waitForNetworkIdle\":false,\"margin\":{\"top\":\"350px\",\"right\":\"20px\",\"bottom\":\"80px\",\"left\":\"20px\"}}","meta":{"rootId":"9gq4euq13baw54a","id":"9gq4euq13baw54a"},"id":"ljywrpe1756i4w7","previousOperationId":"lkk6e8bebxk1lkk"}
{"type":"operationEnd","operationId":"lkk6e8bebxk1lkk","timestamp":1662628553845,"id":"hftf4y0jhdof0vc","previousEventId":"piwwikheo3k5x18","previousOperationId":"lkk6e8bebxk1lkk"}
{"type":"log","timestamp":1662628553846,"level":"debug","message":"Skipping storing report.","meta":{"rootId":"9gq4euq13baw54a","id":"9gq4euq13baw54a"},"id":"mji01xbwov3sl61","previousOperationId":"lkk6e8bebxk1lkk"}
{"type":"log","timestamp":1662628553846,"level":"info","message":"Rendering request 1 finished in 6312 ms","meta":{"rootId":"9gq4euq13baw54a","id":"9gq4euq13baw54a"},"id":"5684e9yxtc1ji01","previousOperationId":"lkk6e8bebxk1lkk"}
{"type":"operationEnd","subtype":"render","operationId":"qd4mc8geqywn9sw","timestamp":1662628553846,"id":"fehy237auxhjcnq","previousEventId":"hftf4y0jhdof0vc","previousOperationId":"lkk6e8bebxk1lkk"}
{"type":"operationEnd","doDiffs":false,"previousEventId":"hcbww8zc0kx7tb2","previousOperationId":"4mxrwwr736fa5tn","operationId":"4mxrwwr736fa5tn","timestamp":1662628553852,"id":"ha02hh01nzr1v8g"}
