{"type":"operationStart","subtype":"profile","data":{"_id":"yyh8LMQAPyJVvAY5","timestamp":"2023-03-13T21:11:01.741Z","state":"queued","mode":"standard","creationDate":"2023-03-13T21:11:01.744Z","modificationDate":"2023-03-13T21:11:01.744Z","shortid":"hkyhOm5","$entitySet":"profiles"},"doDiffs":false,"timestamp":1678741861743,"id":"nx3iphshm642j0r","previousOperationId":null,"operationId":"qfav0eyy12m68vb"}
{"type":"log","level":"info","message":"Render request 1 queued for execution and waiting for available worker","previousOperationId":"qfav0eyy12m68vb","timestamp":1678741861743,"id":"5i026v2j2z3yidr"}
{"type":"operationStart","subtype":"render","name":"anonymous","previousOperationId":"qfav0eyy12m68vb","timestamp":1678741861763,"id":"g0e5oeexmc02kcb","previousEventId":"nx3iphshm642j0r","operationId":"3tag8y22yfo5klw"}
{"type":"log","timestamp":1678741861765,"level":"info","message":"Starting rendering request 1 (user: null)","meta":{"rootId":"9uxsvyqo72c2xuk","id":"9uxsvyqo72c2xuk"},"id":"giepfe2f7nuqa42","previousOperationId":"3tag8y22yfo5klw"}
{"type":"log","timestamp":1678741861767,"level":"info","message":"Rendering anonymous template { recipe: chrome-pdf, engine: handlebars }","meta":{"rootId":"9uxsvyqo72c2xuk","id":"9uxsvyqo72c2xuk"},"id":"mwrasftninz24ik","previousOperationId":"3tag8y22yfo5klw"}
{"type":"log","timestamp":1678741861768,"level":"debug","message":"Inline data specified.","meta":{"rootId":"9uxsvyqo72c2xuk","id":"9uxsvyqo72c2xuk"},"id":"ah4vvaw0zsv2x9v","previousOperationId":"3tag8y22yfo5klw"}
{"type":"log","timestamp":1678741861773,"level":"debug","message":"Base url not specified, skipping its injection.","meta":{"rootId":"9uxsvyqo72c2xuk","id":"9uxsvyqo72c2xuk"},"id":"ymh31anbsdb246r","previousOperationId":"3tag8y22yfo5klw"}
{"type":"operationStart","subtype":"engine","name":"handlebars","timestamp":1678741861775,"id":"k5arwjxux6fn8v4","previousEventId":"g0e5oeexmc02kcb","operationId":"355j5379bz4s7nr","previousOperationId":"3tag8y22yfo5klw"}
{"type":"log","timestamp":1678741861775,"level":"debug","message":"Rendering engine handlebars","meta":{"rootId":"9uxsvyqo72c2xuk","id":"9uxsvyqo72c2xuk"},"id":"d02n2ajiy6bs95z","previousOperationId":"355j5379bz4s7nr"}
{"type":"operationEnd","operationId":"355j5379bz4s7nr","timestamp":1678741862798,"id":"x316xhcfwt68k1s","previousEventId":"k5arwjxux6fn8v4","previousOperationId":"355j5379bz4s7nr"}
{"type":"operationStart","subtype":"recipe","name":"chrome-pdf","timestamp":1678741862800,"id":"2plle1fahvzr2hx","previousEventId":"x316xhcfwt68k1s","operationId":"ky7f3hbnzp0ffpe","previousOperationId":"355j5379bz4s7nr"}
{"type":"log","timestamp":1678741862800,"level":"debug","message":"Executing recipe chrome-pdf","meta":{"rootId":"9uxsvyqo72c2xuk","id":"9uxsvyqo72c2xuk"},"id":"oms202l1rn0k2n7","previousOperationId":"ky7f3hbnzp0ffpe"}
{"type":"log","timestamp":1678741863016,"level":"debug","message":"Starting child request to render pdf header","meta":{"rootId":"9uxsvyqo72c2xuk","id":"9uxsvyqo72c2xuk"},"id":"1mawdkt76271oyt","previousOperationId":"ky7f3hbnzp0ffpe"}
{"type":"operationStart","subtype":"render","name":"anonymous","previousOperationId":"ky7f3hbnzp0ffpe","timestamp":1678741863017,"id":"yroz3eyeeiamz3u","previousEventId":"2plle1fahvzr2hx","operationId":"qdhksik9o4up5g7"}
{"type":"log","timestamp":1678741863017,"level":"info","message":"Starting rendering request 1 (user: null)","meta":{"rootId":"9uxsvyqo72c2xuk","id":"7zseuskcybamg1h"},"id":"p2zuyp8g9tzayb9","previousOperationId":"qdhksik9o4up5g7"}
{"type":"log","timestamp":1678741863017,"level":"info","message":"Rendering anonymous template { recipe: html, engine: handlebars }","meta":{"rootId":"9uxsvyqo72c2xuk","id":"7zseuskcybamg1h"},"id":"ohrufpkoamrfn1l","previousOperationId":"qdhksik9o4up5g7"}
{"type":"log","timestamp":1678741863018,"level":"debug","message":"Inline data specified.","meta":{"rootId":"9uxsvyqo72c2xuk","id":"7zseuskcybamg1h"},"id":"6jn84v2iu2r45br","previousOperationId":"qdhksik9o4up5g7"}
{"type":"log","timestamp":1678741863019,"level":"debug","message":"Base url not specified, skipping its injection.","meta":{"rootId":"9uxsvyqo72c2xuk","id":"7zseuskcybamg1h"},"id":"gmj2z75l0vv7tmf","previousOperationId":"qdhksik9o4up5g7"}
{"type":"log","timestamp":1678741863027,"level":"debug","message":"Replaced assets [\"./src/reporting/assets/logo.png\"]","meta":{"rootId":"9uxsvyqo72c2xuk","id":"7zseuskcybamg1h"},"id":"cvp4qde7ksjhxd2","previousOperationId":"qdhksik9o4up5g7"}
{"type":"operationStart","subtype":"engine","name":"handlebars","timestamp":1678741863027,"id":"d9vnqu1sn3ex5d8","previousEventId":"yroz3eyeeiamz3u","operationId":"nrae4hkni06ggnz","previousOperationId":"qdhksik9o4up5g7"}
{"type":"log","timestamp":1678741863027,"level":"debug","message":"Rendering engine handlebars","meta":{"rootId":"9uxsvyqo72c2xuk","id":"7zseuskcybamg1h"},"id":"iuwso78c3zxviwu","previousOperationId":"nrae4hkni06ggnz"}
{"type":"operationEnd","operationId":"nrae4hkni06ggnz","timestamp":1678741863046,"id":"hfz9w80dq9fznov","previousEventId":"d9vnqu1sn3ex5d8","previousOperationId":"nrae4hkni06ggnz"}
{"type":"operationStart","subtype":"recipe","name":"html","timestamp":1678741863047,"id":"tia3fvn0uwga5kb","previousEventId":"hfz9w80dq9fznov","operationId":"gvgh1drogh5by59","previousOperationId":"nrae4hkni06ggnz"}
{"type":"log","timestamp":1678741863047,"level":"debug","message":"Executing recipe html","meta":{"rootId":"9uxsvyqo72c2xuk","id":"7zseuskcybamg1h"},"id":"11lgoee4a3y3kd2","previousOperationId":"gvgh1drogh5by59"}
{"type":"operationEnd","operationId":"gvgh1drogh5by59","timestamp":1678741863047,"id":"e2k4gdvnvehgmpc","previousEventId":"tia3fvn0uwga5kb","previousOperationId":"gvgh1drogh5by59"}
{"type":"log","timestamp":1678741863048,"level":"debug","message":"Skipping storing report.","meta":{"rootId":"9uxsvyqo72c2xuk","id":"7zseuskcybamg1h"},"id":"a51dx8jbpvcje0n","previousOperationId":"gvgh1drogh5by59"}
{"type":"log","timestamp":1678741863048,"level":"info","message":"Rendering request 1 finished in 1311 ms","meta":{"rootId":"9uxsvyqo72c2xuk","id":"7zseuskcybamg1h"},"id":"z24is86kezjzb32","previousOperationId":"gvgh1drogh5by59"}
{"type":"operationEnd","subtype":"render","operationId":"qdhksik9o4up5g7","timestamp":1678741863048,"id":"yku62wmdslwkx8z","previousEventId":"e2k4gdvnvehgmpc","previousOperationId":"gvgh1drogh5by59"}
{"type":"log","timestamp":1678741863049,"level":"debug","message":"Starting child request to render pdf footer","meta":{"rootId":"9uxsvyqo72c2xuk","id":"9uxsvyqo72c2xuk"},"id":"78gcnk8vhfoi3uv","previousOperationId":"ky7f3hbnzp0ffpe"}
{"type":"operationStart","subtype":"render","name":"anonymous","previousOperationId":"ky7f3hbnzp0ffpe","timestamp":1678741863049,"id":"u852cboi5kpwo58","previousEventId":"2plle1fahvzr2hx","operationId":"1f4s1e9m5fl71lh"}
{"type":"log","timestamp":1678741863049,"level":"info","message":"Starting rendering request 1 (user: null)","meta":{"rootId":"9uxsvyqo72c2xuk","id":"ehoc8ei5w2usy5f"},"id":"98cc6tg0ss8fryk","previousOperationId":"1f4s1e9m5fl71lh"}
{"type":"log","timestamp":1678741863049,"level":"info","message":"Rendering anonymous template { recipe: html, engine: handlebars }","meta":{"rootId":"9uxsvyqo72c2xuk","id":"ehoc8ei5w2usy5f"},"id":"e89t211fxt0srah","previousOperationId":"1f4s1e9m5fl71lh"}
{"type":"log","timestamp":1678741863049,"level":"debug","message":"Inline data specified.","meta":{"rootId":"9uxsvyqo72c2xuk","id":"ehoc8ei5w2usy5f"},"id":"zm29zf8clyw177i","previousOperationId":"1f4s1e9m5fl71lh"}
{"type":"log","timestamp":1678741863051,"level":"debug","message":"Base url not specified, skipping its injection.","meta":{"rootId":"9uxsvyqo72c2xuk","id":"ehoc8ei5w2usy5f"},"id":"v83dzi0xvsuu230","previousOperationId":"1f4s1e9m5fl71lh"}
{"type":"operationStart","subtype":"engine","name":"handlebars","timestamp":1678741863051,"id":"g8teq64ihm0igh2","previousEventId":"u852cboi5kpwo58","operationId":"gn2diniof1fwjo8","previousOperationId":"1f4s1e9m5fl71lh"}
{"type":"log","timestamp":1678741863051,"level":"debug","message":"Rendering engine handlebars","meta":{"rootId":"9uxsvyqo72c2xuk","id":"ehoc8ei5w2usy5f"},"id":"1w84380fflwvti8","previousOperationId":"gn2diniof1fwjo8"}
{"type":"operationEnd","operationId":"gn2diniof1fwjo8","timestamp":1678741863069,"id":"jp582k4ssjsltq8","previousEventId":"g8teq64ihm0igh2","previousOperationId":"gn2diniof1fwjo8"}
{"type":"operationStart","subtype":"recipe","name":"html","timestamp":1678741863070,"id":"b7j9emuphdeiyzx","previousEventId":"jp582k4ssjsltq8","operationId":"0sxfvhhby4nu8nu","previousOperationId":"gn2diniof1fwjo8"}
{"type":"log","timestamp":1678741863070,"level":"debug","message":"Executing recipe html","meta":{"rootId":"9uxsvyqo72c2xuk","id":"ehoc8ei5w2usy5f"},"id":"8uieio9cw2koaq4","previousOperationId":"0sxfvhhby4nu8nu"}
{"type":"operationEnd","operationId":"0sxfvhhby4nu8nu","timestamp":1678741863070,"id":"uku9sw9z3xofwoi","previousEventId":"b7j9emuphdeiyzx","previousOperationId":"0sxfvhhby4nu8nu"}
{"type":"log","timestamp":1678741863070,"level":"debug","message":"Skipping storing report.","meta":{"rootId":"9uxsvyqo72c2xuk","id":"ehoc8ei5w2usy5f"},"id":"9lig076da4i2zd6","previousOperationId":"0sxfvhhby4nu8nu"}
{"type":"log","timestamp":1678741863071,"level":"info","message":"Rendering request 1 finished in 1334 ms","meta":{"rootId":"9uxsvyqo72c2xuk","id":"ehoc8ei5w2usy5f"},"id":"010ciufqup5e6xz","previousOperationId":"0sxfvhhby4nu8nu"}
{"type":"operationEnd","subtype":"render","operationId":"1f4s1e9m5fl71lh","timestamp":1678741863071,"id":"xjzxzb8d8348kgt","previousEventId":"uku9sw9z3xofwoi","previousOperationId":"0sxfvhhby4nu8nu"}
{"type":"log","timestamp":1678741863437,"level":"debug","message":"Converting with chrome HeadlessChrome/98.0.4758.0 using chrome-pool strategy","meta":{"rootId":"9uxsvyqo72c2xuk","id":"9uxsvyqo72c2xuk"},"id":"vr9g0cv2we50ovi","previousOperationId":"ky7f3hbnzp0ffpe"}
{"type":"log","timestamp":1678741863619,"level":"debug","message":"Page request: GET (document) file:///C:/Users/ADMINI~1/AppData/Local/Temp/jsreport/autocleanup/f141157e-3fb3-4752-a053-4fc03a0086dc-chrome-pdf.html","meta":{"rootId":"9uxsvyqo72c2xuk","id":"9uxsvyqo72c2xuk"},"id":"iirpu2bc1xgddkd","previousOperationId":"ky7f3hbnzp0ffpe"}
{"type":"log","timestamp":1678741863644,"level":"debug","message":"Page request finished: GET (document) file:///C:/Users/ADMINI~1/AppData/Local/Temp/jsreport/autocleanup/f141157e-3fb3-4752-a053-4fc03a0086dc-chrome-pdf.html","meta":{"rootId":"9uxsvyqo72c2xuk","id":"9uxsvyqo72c2xuk"},"id":"kh4k7eab3a57u6w","previousOperationId":"ky7f3hbnzp0ffpe"}
{"type":"log","timestamp":1678741863646,"level":"debug","message":"Page request: GET (stylesheet) https://fonts.googleapis.com/css2?family=Montserrat:wght@500&family=Open+Sans:wght@300&display=swap","meta":{"rootId":"9uxsvyqo72c2xuk","id":"9uxsvyqo72c2xuk"},"id":"f5fgtzttu78m22r","previousOperationId":"ky7f3hbnzp0ffpe"}
{"type":"log","timestamp":1678741863993,"level":"debug","message":"Page request finished: GET (stylesheet) 200 https://fonts.googleapis.com/css2?family=Montserrat:wght@500&family=Open+Sans:wght@300&display=swap","meta":{"rootId":"9uxsvyqo72c2xuk","id":"9uxsvyqo72c2xuk"},"id":"9teq8g7dv4cdyu1","previousOperationId":"ky7f3hbnzp0ffpe"}
{"type":"log","timestamp":1678741864062,"level":"debug","message":"Page request: GET (font) https://fonts.gstatic.com/s/opensans/v34/memSYaGs126MiZpBA-UvWbX2vVnXBbObj2OVZyOOSr4dVJWUgsiH0B4gaVI.woff2","meta":{"rootId":"9uxsvyqo72c2xuk","id":"9uxsvyqo72c2xuk"},"id":"2v4rmdxenpp3cgp","previousOperationId":"ky7f3hbnzp0ffpe"}
{"type":"log","timestamp":1678741864065,"level":"debug","message":"Page request: GET (font) https://fonts.gstatic.com/s/opensans/v34/memSYaGs126MiZpBA-UvWbX2vVnXBbObj2OVZyOOSr4dVJWUgsiH0B4gaVI.woff2","meta":{"rootId":"9uxsvyqo72c2xuk","id":"9uxsvyqo72c2xuk"},"id":"lvevk6tk5bu0313","previousOperationId":"ky7f3hbnzp0ffpe"}
{"type":"log","timestamp":1678741864243,"level":"debug","message":"Page request finished: GET (font) 200 https://fonts.gstatic.com/s/opensans/v34/memSYaGs126MiZpBA-UvWbX2vVnXBbObj2OVZyOOSr4dVJWUgsiH0B4gaVI.woff2","meta":{"rootId":"9uxsvyqo72c2xuk","id":"9uxsvyqo72c2xuk"},"id":"t1kx50537asc1nd","previousOperationId":"ky7f3hbnzp0ffpe"}
{"type":"log","timestamp":1678741864281,"level":"debug","message":"Running chrome with params {\"scale\":1,\"displayHeaderFooter\":true,\"headerTemplate\":\"...\",\"footerTemplate\":\"...\",\"printBackground\":true,\"pageRanges\":\"\",\"format\":\"A4\",\"width\":\"\",\"height\":\"\",\"marginTop\":\"350px\",\"marginRight\":\"20px\",\"marginBottom\":\"80px\",\"marginLeft\":\"20px\",\"waitForJS\":false,\"waitForNetworkIddle\":false,\"timeout\":58665,\"waitForNetworkIdle\":false,\"margin\":{\"top\":\"350px\",\"right\":\"20px\",\"bottom\":\"80px\",\"left\":\"20px\"}}","meta":{"rootId":"9uxsvyqo72c2xuk","id":"9uxsvyqo72c2xuk"},"id":"hyl8p8x46ruvfd2","previousOperationId":"ky7f3hbnzp0ffpe"}
{"type":"operationEnd","operationId":"ky7f3hbnzp0ffpe","timestamp":1678741864545,"id":"4mbnnsf2wzdir0p","previousEventId":"2plle1fahvzr2hx","previousOperationId":"ky7f3hbnzp0ffpe"}
{"type":"log","timestamp":1678741864545,"level":"debug","message":"Skipping storing report.","meta":{"rootId":"9uxsvyqo72c2xuk","id":"9uxsvyqo72c2xuk"},"id":"7ook2ex5efmyq7l","previousOperationId":"ky7f3hbnzp0ffpe"}
{"type":"log","timestamp":1678741864545,"level":"info","message":"Rendering request 1 finished in 2808 ms","meta":{"rootId":"9uxsvyqo72c2xuk","id":"9uxsvyqo72c2xuk"},"id":"brnm8ri60tkzcsz","previousOperationId":"ky7f3hbnzp0ffpe"}
{"type":"operationEnd","subtype":"render","operationId":"3tag8y22yfo5klw","timestamp":1678741864545,"id":"pjq8544rfipf1v4","previousEventId":"4mbnnsf2wzdir0p","previousOperationId":"ky7f3hbnzp0ffpe"}
{"type":"operationEnd","doDiffs":false,"previousEventId":"nx3iphshm642j0r","previousOperationId":"qfav0eyy12m68vb","operationId":"qfav0eyy12m68vb","timestamp":1678741864549,"id":"kmc8nlc218p5lbf"}
