{"type":"operationStart","subtype":"profile","data":{"_id":"uX6TpLfigrShi2fr","timestamp":"2023-01-29T09:53:07.333Z","state":"queued","mode":"standard","creationDate":"2023-01-29T09:53:07.337Z","modificationDate":"2023-01-29T09:53:07.337Z","shortid":"NDimFtb","$entitySet":"profiles"},"doDiffs":false,"timestamp":1674985987335,"id":"n70phvzfkbayk21","previousOperationId":null,"operationId":"kngz6x9yn7aepgg"}
{"type":"log","level":"info","message":"Render request 1 queued for execution and waiting for available worker","previousOperationId":"kngz6x9yn7aepgg","timestamp":1674985987335,"id":"ht5qifvw03a3scb"}
{"type":"operationStart","subtype":"render","name":"anonymous","previousOperationId":"kngz6x9yn7aepgg","timestamp":1674985987359,"id":"qb6y3fagltdo4wf","previousEventId":"n70phvzfkbayk21","operationId":"73g3gnkv9j9h9zb"}
{"type":"log","timestamp":1674985987361,"level":"info","message":"Starting rendering request 1 (user: null)","meta":{"rootId":"acpjivkn2w0ivnz","id":"acpjivkn2w0ivnz"},"id":"md4vuv8v8sfhteb","previousOperationId":"73g3gnkv9j9h9zb"}
{"type":"log","timestamp":1674985987364,"level":"info","message":"Rendering anonymous template { recipe: chrome-pdf, engine: handlebars }","meta":{"rootId":"acpjivkn2w0ivnz","id":"acpjivkn2w0ivnz"},"id":"jt74ccu78yyfjy5","previousOperationId":"73g3gnkv9j9h9zb"}
{"type":"log","timestamp":1674985987364,"level":"debug","message":"Inline data specified.","meta":{"rootId":"acpjivkn2w0ivnz","id":"acpjivkn2w0ivnz"},"id":"68deony9l5jkqjy","previousOperationId":"73g3gnkv9j9h9zb"}
{"type":"log","timestamp":1674985987367,"level":"debug","message":"Base url not specified, skipping its injection.","meta":{"rootId":"acpjivkn2w0ivnz","id":"acpjivkn2w0ivnz"},"id":"8cgqiw7ug359dpj","previousOperationId":"73g3gnkv9j9h9zb"}
{"type":"operationStart","subtype":"engine","name":"handlebars","timestamp":1674985987369,"id":"tf7d4xtii6rbl0i","previousEventId":"qb6y3fagltdo4wf","operationId":"yvn0j6je1xe6uni","previousOperationId":"73g3gnkv9j9h9zb"}
{"type":"log","timestamp":1674985987369,"level":"debug","message":"Rendering engine handlebars","meta":{"rootId":"acpjivkn2w0ivnz","id":"acpjivkn2w0ivnz"},"id":"xkvzbiqvgqfubzg","previousOperationId":"yvn0j6je1xe6uni"}
{"type":"operationEnd","operationId":"yvn0j6je1xe6uni","timestamp":1674985988240,"id":"exr2u7jz857a5ez","previousEventId":"tf7d4xtii6rbl0i","previousOperationId":"yvn0j6je1xe6uni"}
{"type":"operationStart","subtype":"recipe","name":"chrome-pdf","timestamp":1674985988240,"id":"flh0lc4xwoy1qj4","previousEventId":"exr2u7jz857a5ez","operationId":"ives0gq44o1d8yh","previousOperationId":"yvn0j6je1xe6uni"}
{"type":"log","timestamp":1674985988241,"level":"debug","message":"Executing recipe chrome-pdf","meta":{"rootId":"acpjivkn2w0ivnz","id":"acpjivkn2w0ivnz"},"id":"48ed8ql7ps4hsw2","previousOperationId":"ives0gq44o1d8yh"}
{"type":"log","timestamp":1674985988411,"level":"debug","message":"Starting child request to render pdf header","meta":{"rootId":"acpjivkn2w0ivnz","id":"acpjivkn2w0ivnz"},"id":"pnc5cj1y9be7g5h","previousOperationId":"ives0gq44o1d8yh"}
{"type":"operationStart","subtype":"render","name":"anonymous","previousOperationId":"ives0gq44o1d8yh","timestamp":1674985988412,"id":"g9vsxcd8trxr6x6","previousEventId":"flh0lc4xwoy1qj4","operationId":"fs3m2k6nz1b73c1"}
{"type":"log","timestamp":1674985988412,"level":"info","message":"Starting rendering request 1 (user: null)","meta":{"rootId":"acpjivkn2w0ivnz","id":"ugespij14esypa2"},"id":"pb16qsb47mh4ljm","previousOperationId":"fs3m2k6nz1b73c1"}
{"type":"log","timestamp":1674985988412,"level":"info","message":"Rendering anonymous template { recipe: html, engine: handlebars }","meta":{"rootId":"acpjivkn2w0ivnz","id":"ugespij14esypa2"},"id":"09p5dfbrxw75i0t","previousOperationId":"fs3m2k6nz1b73c1"}
{"type":"log","timestamp":1674985988413,"level":"debug","message":"Inline data specified.","meta":{"rootId":"acpjivkn2w0ivnz","id":"ugespij14esypa2"},"id":"6gv5xihbzui5kdl","previousOperationId":"fs3m2k6nz1b73c1"}
{"type":"log","timestamp":1674985988414,"level":"debug","message":"Base url not specified, skipping its injection.","meta":{"rootId":"acpjivkn2w0ivnz","id":"ugespij14esypa2"},"id":"i58q3601ocxgg8d","previousOperationId":"fs3m2k6nz1b73c1"}
{"type":"log","timestamp":1674985988423,"level":"debug","message":"Replaced assets [\"./src/reporting/assets/logo.png\"]","meta":{"rootId":"acpjivkn2w0ivnz","id":"ugespij14esypa2"},"id":"svyx697xx82qm7s","previousOperationId":"fs3m2k6nz1b73c1"}
{"type":"operationStart","subtype":"engine","name":"handlebars","timestamp":1674985988423,"id":"wzuj5ia8php2u0f","previousEventId":"g9vsxcd8trxr6x6","operationId":"2rr4bj4tj7npfrw","previousOperationId":"fs3m2k6nz1b73c1"}
{"type":"log","timestamp":1674985988423,"level":"debug","message":"Rendering engine handlebars","meta":{"rootId":"acpjivkn2w0ivnz","id":"ugespij14esypa2"},"id":"lb6p48hy71xs8us","previousOperationId":"2rr4bj4tj7npfrw"}
{"type":"operationEnd","operationId":"2rr4bj4tj7npfrw","timestamp":1674985988443,"id":"akvznna9ys680bw","previousEventId":"wzuj5ia8php2u0f","previousOperationId":"2rr4bj4tj7npfrw"}
{"type":"operationStart","subtype":"recipe","name":"html","timestamp":1674985988444,"id":"qlqq5yljf8odhqk","previousEventId":"akvznna9ys680bw","operationId":"z9zv53rshixh811","previousOperationId":"2rr4bj4tj7npfrw"}
{"type":"log","timestamp":1674985988444,"level":"debug","message":"Executing recipe html","meta":{"rootId":"acpjivkn2w0ivnz","id":"ugespij14esypa2"},"id":"1by09e4chskfk05","previousOperationId":"z9zv53rshixh811"}
{"type":"operationEnd","operationId":"z9zv53rshixh811","timestamp":1674985988444,"id":"1xphifzqkp40qoy","previousEventId":"qlqq5yljf8odhqk","previousOperationId":"z9zv53rshixh811"}
{"type":"log","timestamp":1674985988445,"level":"debug","message":"Skipping storing report.","meta":{"rootId":"acpjivkn2w0ivnz","id":"ugespij14esypa2"},"id":"ii9g9ch53zorqz3","previousOperationId":"z9zv53rshixh811"}
{"type":"log","timestamp":1674985988445,"level":"info","message":"Rendering request 1 finished in 1115 ms","meta":{"rootId":"acpjivkn2w0ivnz","id":"ugespij14esypa2"},"id":"xzv9lu04xn5bt0b","previousOperationId":"z9zv53rshixh811"}
{"type":"operationEnd","subtype":"render","operationId":"fs3m2k6nz1b73c1","timestamp":1674985988445,"id":"y23x9cjd7ujgop1","previousEventId":"1xphifzqkp40qoy","previousOperationId":"z9zv53rshixh811"}
{"type":"log","timestamp":1674985988445,"level":"debug","message":"Starting child request to render pdf footer","meta":{"rootId":"acpjivkn2w0ivnz","id":"acpjivkn2w0ivnz"},"id":"dt9y5dnmayoji2x","previousOperationId":"ives0gq44o1d8yh"}
{"type":"operationStart","subtype":"render","name":"anonymous","previousOperationId":"ives0gq44o1d8yh","timestamp":1674985988446,"id":"yk6catafloi4io2","previousEventId":"flh0lc4xwoy1qj4","operationId":"r4uq07lkytk9ccf"}
{"type":"log","timestamp":1674985988446,"level":"info","message":"Starting rendering request 1 (user: null)","meta":{"rootId":"acpjivkn2w0ivnz","id":"4vnwdqnlv7a7s4s"},"id":"9o2y5qowzxkt3m7","previousOperationId":"r4uq07lkytk9ccf"}
{"type":"log","timestamp":1674985988446,"level":"info","message":"Rendering anonymous template { recipe: html, engine: handlebars }","meta":{"rootId":"acpjivkn2w0ivnz","id":"4vnwdqnlv7a7s4s"},"id":"op0lkl0rvr5xdhg","previousOperationId":"r4uq07lkytk9ccf"}
{"type":"log","timestamp":1674985988446,"level":"debug","message":"Inline data specified.","meta":{"rootId":"acpjivkn2w0ivnz","id":"4vnwdqnlv7a7s4s"},"id":"o6ebl32ne034vxo","previousOperationId":"r4uq07lkytk9ccf"}
{"type":"log","timestamp":1674985988448,"level":"debug","message":"Base url not specified, skipping its injection.","meta":{"rootId":"acpjivkn2w0ivnz","id":"4vnwdqnlv7a7s4s"},"id":"pzbfofdb1kpzmwn","previousOperationId":"r4uq07lkytk9ccf"}
{"type":"operationStart","subtype":"engine","name":"handlebars","timestamp":1674985988449,"id":"kuj349epizjloh1","previousEventId":"yk6catafloi4io2","operationId":"22p4w0zsyzht3hy","previousOperationId":"r4uq07lkytk9ccf"}
{"type":"log","timestamp":1674985988449,"level":"debug","message":"Rendering engine handlebars","meta":{"rootId":"acpjivkn2w0ivnz","id":"4vnwdqnlv7a7s4s"},"id":"fojpd6n8rcj4852","previousOperationId":"22p4w0zsyzht3hy"}
{"type":"operationEnd","operationId":"22p4w0zsyzht3hy","timestamp":1674985988468,"id":"cp43lswyi1in2dd","previousEventId":"kuj349epizjloh1","previousOperationId":"22p4w0zsyzht3hy"}
{"type":"operationStart","subtype":"recipe","name":"html","timestamp":1674985988469,"id":"nwzj9mvam4mcogu","previousEventId":"cp43lswyi1in2dd","operationId":"uazidv9bmr1vztb","previousOperationId":"22p4w0zsyzht3hy"}
{"type":"log","timestamp":1674985988469,"level":"debug","message":"Executing recipe html","meta":{"rootId":"acpjivkn2w0ivnz","id":"4vnwdqnlv7a7s4s"},"id":"wzsr4s72c52wxm3","previousOperationId":"uazidv9bmr1vztb"}
{"type":"operationEnd","operationId":"uazidv9bmr1vztb","timestamp":1674985988469,"id":"aqsd3u56cbi6v87","previousEventId":"nwzj9mvam4mcogu","previousOperationId":"uazidv9bmr1vztb"}
{"type":"log","timestamp":1674985988469,"level":"debug","message":"Skipping storing report.","meta":{"rootId":"acpjivkn2w0ivnz","id":"4vnwdqnlv7a7s4s"},"id":"g3xqn4p21xs0wyi","previousOperationId":"uazidv9bmr1vztb"}
{"type":"log","timestamp":1674985988469,"level":"info","message":"Rendering request 1 finished in 1139 ms","meta":{"rootId":"acpjivkn2w0ivnz","id":"4vnwdqnlv7a7s4s"},"id":"d3sqqa87f68082r","previousOperationId":"uazidv9bmr1vztb"}
{"type":"operationEnd","subtype":"render","operationId":"r4uq07lkytk9ccf","timestamp":1674985988469,"id":"f4t0em767xs0e3c","previousEventId":"aqsd3u56cbi6v87","previousOperationId":"uazidv9bmr1vztb"}
{"type":"log","timestamp":1674985988681,"level":"debug","message":"Converting with chrome HeadlessChrome/98.0.4758.0 using chrome-pool strategy","meta":{"rootId":"acpjivkn2w0ivnz","id":"acpjivkn2w0ivnz"},"id":"hys8tdsc1e4qafo","previousOperationId":"ives0gq44o1d8yh"}
{"type":"log","timestamp":1674985988943,"level":"debug","message":"Page request: GET (document) file:///C:/Users/ADMINI~1/AppData/Local/Temp/jsreport/autocleanup/2b97e9fa-d308-4768-a126-0ed1528600a9-chrome-pdf.html","meta":{"rootId":"acpjivkn2w0ivnz","id":"acpjivkn2w0ivnz"},"id":"r9z606x6xtb0885","previousOperationId":"ives0gq44o1d8yh"}
{"type":"log","timestamp":1674985988985,"level":"debug","message":"Page request finished: GET (document) file:///C:/Users/ADMINI~1/AppData/Local/Temp/jsreport/autocleanup/2b97e9fa-d308-4768-a126-0ed1528600a9-chrome-pdf.html","meta":{"rootId":"acpjivkn2w0ivnz","id":"acpjivkn2w0ivnz"},"id":"iwxotxas338woby","previousOperationId":"ives0gq44o1d8yh"}
{"type":"log","timestamp":1674985988992,"level":"debug","message":"Page request: GET (stylesheet) https://fonts.googleapis.com/css2?family=Montserrat:wght@500&family=Open+Sans:wght@300&display=swap","meta":{"rootId":"acpjivkn2w0ivnz","id":"acpjivkn2w0ivnz"},"id":"b0mrt8g4erw4u01","previousOperationId":"ives0gq44o1d8yh"}
{"type":"log","timestamp":1674985989322,"level":"debug","message":"Page request finished: GET (stylesheet) 200 https://fonts.googleapis.com/css2?family=Montserrat:wght@500&family=Open+Sans:wght@300&display=swap","meta":{"rootId":"acpjivkn2w0ivnz","id":"acpjivkn2w0ivnz"},"id":"ew2vu8k9s1zfyz1","previousOperationId":"ives0gq44o1d8yh"}
{"type":"log","timestamp":1674985989411,"level":"debug","message":"Page request: GET (font) https://fonts.gstatic.com/s/opensans/v34/memSYaGs126MiZpBA-UvWbX2vVnXBbObj2OVZyOOSr4dVJWUgsiH0B4gaVI.woff2","meta":{"rootId":"acpjivkn2w0ivnz","id":"acpjivkn2w0ivnz"},"id":"1r1l3hdzs9w8eef","previousOperationId":"ives0gq44o1d8yh"}
{"type":"log","timestamp":1674985989422,"level":"debug","message":"Page request: GET (font) https://fonts.gstatic.com/s/opensans/v34/memSYaGs126MiZpBA-UvWbX2vVnXBbObj2OVZyOOSr4dVJWUgsiH0B4gaVI.woff2","meta":{"rootId":"acpjivkn2w0ivnz","id":"acpjivkn2w0ivnz"},"id":"0s1wz0lc5xj5t57","previousOperationId":"ives0gq44o1d8yh"}
{"type":"log","timestamp":1674985989624,"level":"debug","message":"Page request finished: GET (font) 200 https://fonts.gstatic.com/s/opensans/v34/memSYaGs126MiZpBA-UvWbX2vVnXBbObj2OVZyOOSr4dVJWUgsiH0B4gaVI.woff2","meta":{"rootId":"acpjivkn2w0ivnz","id":"acpjivkn2w0ivnz"},"id":"6cbp4twcuiv5051","previousOperationId":"ives0gq44o1d8yh"}
{"type":"log","timestamp":1674985989652,"level":"debug","message":"Running chrome with params {\"scale\":1,\"displayHeaderFooter\":true,\"headerTemplate\":\"...\",\"footerTemplate\":\"...\",\"printBackground\":true,\"pageRanges\":\"\",\"format\":\"A4\",\"width\":\"\",\"height\":\"\",\"marginTop\":\"350px\",\"marginRight\":\"20px\",\"marginBottom\":\"80px\",\"marginLeft\":\"20px\",\"waitForJS\":false,\"waitForNetworkIddle\":false,\"timeout\":58860,\"waitForNetworkIdle\":false,\"margin\":{\"top\":\"350px\",\"right\":\"20px\",\"bottom\":\"80px\",\"left\":\"20px\"}}","meta":{"rootId":"acpjivkn2w0ivnz","id":"acpjivkn2w0ivnz"},"id":"bxqgs0pv41xjz8f","previousOperationId":"ives0gq44o1d8yh"}
{"type":"operationEnd","operationId":"ives0gq44o1d8yh","timestamp":1674985990232,"id":"gea245pfgavgzp0","previousEventId":"flh0lc4xwoy1qj4","previousOperationId":"ives0gq44o1d8yh"}
{"type":"log","timestamp":1674985990233,"level":"debug","message":"Skipping storing report.","meta":{"rootId":"acpjivkn2w0ivnz","id":"acpjivkn2w0ivnz"},"id":"xwe8e27d3xpj1iv","previousOperationId":"ives0gq44o1d8yh"}
{"type":"log","timestamp":1674985990233,"level":"info","message":"Rendering request 1 finished in 2903 ms","meta":{"rootId":"acpjivkn2w0ivnz","id":"acpjivkn2w0ivnz"},"id":"bkv92t3vax1j1bp","previousOperationId":"ives0gq44o1d8yh"}
{"type":"operationEnd","subtype":"render","operationId":"73g3gnkv9j9h9zb","timestamp":1674985990233,"id":"mbsm5dgf2o9k1r5","previousEventId":"gea245pfgavgzp0","previousOperationId":"ives0gq44o1d8yh"}
{"type":"operationEnd","doDiffs":false,"previousEventId":"n70phvzfkbayk21","previousOperationId":"kngz6x9yn7aepgg","operationId":"kngz6x9yn7aepgg","timestamp":1674985990241,"id":"rrovl6bqnu96ptt"}
