{"type":"operationStart","subtype":"profile","data":{"_id":"MPd8uQC9OaN0Q3Nc","timestamp":"2023-03-13T20:42:43.191Z","state":"queued","mode":"standard","creationDate":"2023-03-13T20:42:43.200Z","modificationDate":"2023-03-13T20:42:43.200Z","shortid":"2qnmkAV","$entitySet":"profiles"},"doDiffs":false,"timestamp":1678740163195,"id":"lfw39gq4jocmb0w","previousOperationId":null,"operationId":"txxf5sw2cq48o95"}
{"type":"log","level":"info","message":"Render request 1 queued for execution and waiting for available worker","previousOperationId":"txxf5sw2cq48o95","timestamp":1678740163195,"id":"bng8cq3jikrqo0m"}
{"type":"operationStart","subtype":"render","name":"anonymous","previousOperationId":"txxf5sw2cq48o95","timestamp":1678740163239,"id":"ya3t5zirzqvve65","previousEventId":"lfw39gq4jocmb0w","operationId":"06t0haepb9n0jut"}
{"type":"log","timestamp":1678740163243,"level":"info","message":"Starting rendering request 1 (user: null)","meta":{"rootId":"aq3iaqncjb9gqf6","id":"aq3iaqncjb9gqf6"},"id":"u3pr1tz7n5r0vc5","previousOperationId":"06t0haepb9n0jut"}
{"type":"log","timestamp":1678740163246,"level":"info","message":"Rendering anonymous template { recipe: chrome-pdf, engine: handlebars }","meta":{"rootId":"aq3iaqncjb9gqf6","id":"aq3iaqncjb9gqf6"},"id":"9phxnyxvka2lzdz","previousOperationId":"06t0haepb9n0jut"}
{"type":"log","timestamp":1678740163247,"level":"debug","message":"Inline data specified.","meta":{"rootId":"aq3iaqncjb9gqf6","id":"aq3iaqncjb9gqf6"},"id":"kuq7mr0ufdi6ch9","previousOperationId":"06t0haepb9n0jut"}
{"type":"log","timestamp":1678740163262,"level":"debug","message":"Base url not specified, skipping its injection.","meta":{"rootId":"aq3iaqncjb9gqf6","id":"aq3iaqncjb9gqf6"},"id":"3wx6as0dquaqij9","previousOperationId":"06t0haepb9n0jut"}
{"type":"operationStart","subtype":"engine","name":"handlebars","timestamp":1678740163265,"id":"6kzcdicaqq64asw","previousEventId":"ya3t5zirzqvve65","operationId":"g7jsf9lt10666oy","previousOperationId":"06t0haepb9n0jut"}
{"type":"log","timestamp":1678740163265,"level":"debug","message":"Rendering engine handlebars","meta":{"rootId":"aq3iaqncjb9gqf6","id":"aq3iaqncjb9gqf6"},"id":"p7t7f7tv2g7im4n","previousOperationId":"g7jsf9lt10666oy"}
{"type":"operationEnd","operationId":"g7jsf9lt10666oy","timestamp":1678740164349,"id":"hms0df99tdmct8d","previousEventId":"6kzcdicaqq64asw","previousOperationId":"g7jsf9lt10666oy"}
{"type":"operationStart","subtype":"recipe","name":"chrome-pdf","timestamp":1678740164350,"id":"efr98t32a8l313y","previousEventId":"hms0df99tdmct8d","operationId":"19pude7mjjwg1dw","previousOperationId":"g7jsf9lt10666oy"}
{"type":"log","timestamp":1678740164350,"level":"debug","message":"Executing recipe chrome-pdf","meta":{"rootId":"aq3iaqncjb9gqf6","id":"aq3iaqncjb9gqf6"},"id":"zq6lxbdfazmslvr","previousOperationId":"19pude7mjjwg1dw"}
{"type":"log","timestamp":1678740164525,"level":"debug","message":"Starting child request to render pdf header","meta":{"rootId":"aq3iaqncjb9gqf6","id":"aq3iaqncjb9gqf6"},"id":"p8eo8yt1e7rt2lk","previousOperationId":"19pude7mjjwg1dw"}
{"type":"operationStart","subtype":"render","name":"anonymous","previousOperationId":"19pude7mjjwg1dw","timestamp":1678740164526,"id":"620b7hldjk04twz","previousEventId":"efr98t32a8l313y","operationId":"bvcykx6c4uzbpdd"}
{"type":"log","timestamp":1678740164526,"level":"info","message":"Starting rendering request 1 (user: null)","meta":{"rootId":"aq3iaqncjb9gqf6","id":"et07hpyb3hheayc"},"id":"jtpbtc4s5fb9wpl","previousOperationId":"bvcykx6c4uzbpdd"}
{"type":"log","timestamp":1678740164526,"level":"info","message":"Rendering anonymous template { recipe: html, engine: handlebars }","meta":{"rootId":"aq3iaqncjb9gqf6","id":"et07hpyb3hheayc"},"id":"vnbnciwfosene54","previousOperationId":"bvcykx6c4uzbpdd"}
{"type":"log","timestamp":1678740164526,"level":"debug","message":"Inline data specified.","meta":{"rootId":"aq3iaqncjb9gqf6","id":"et07hpyb3hheayc"},"id":"9k2zx0lcmbmurrz","previousOperationId":"bvcykx6c4uzbpdd"}
{"type":"log","timestamp":1678740164528,"level":"debug","message":"Base url not specified, skipping its injection.","meta":{"rootId":"aq3iaqncjb9gqf6","id":"et07hpyb3hheayc"},"id":"9kdxtzd1lgec62b","previousOperationId":"bvcykx6c4uzbpdd"}
{"type":"log","timestamp":1678740164536,"level":"debug","message":"Replaced assets [\"./src/reporting/assets/logo.png\"]","meta":{"rootId":"aq3iaqncjb9gqf6","id":"et07hpyb3hheayc"},"id":"d85tqp1v2v16d7s","previousOperationId":"bvcykx6c4uzbpdd"}
{"type":"operationStart","subtype":"engine","name":"handlebars","timestamp":1678740164536,"id":"rpffwnku257v71b","previousEventId":"620b7hldjk04twz","operationId":"wz7iqq1ab94dc7e","previousOperationId":"bvcykx6c4uzbpdd"}
{"type":"log","timestamp":1678740164536,"level":"debug","message":"Rendering engine handlebars","meta":{"rootId":"aq3iaqncjb9gqf6","id":"et07hpyb3hheayc"},"id":"b08s6bblmbjc1qo","previousOperationId":"wz7iqq1ab94dc7e"}
{"type":"operationEnd","operationId":"wz7iqq1ab94dc7e","timestamp":1678740164555,"id":"qlw19p4v5mtidlh","previousEventId":"rpffwnku257v71b","previousOperationId":"wz7iqq1ab94dc7e"}
{"type":"operationStart","subtype":"recipe","name":"html","timestamp":1678740164557,"id":"qjpbgf4170nclrt","previousEventId":"qlw19p4v5mtidlh","operationId":"q0m63yvypxro9lw","previousOperationId":"wz7iqq1ab94dc7e"}
{"type":"log","timestamp":1678740164557,"level":"debug","message":"Executing recipe html","meta":{"rootId":"aq3iaqncjb9gqf6","id":"et07hpyb3hheayc"},"id":"e7uuef4ftmwccf2","previousOperationId":"q0m63yvypxro9lw"}
{"type":"operationEnd","operationId":"q0m63yvypxro9lw","timestamp":1678740164557,"id":"oz1agd1rwl730kw","previousEventId":"qjpbgf4170nclrt","previousOperationId":"q0m63yvypxro9lw"}
{"type":"log","timestamp":1678740164558,"level":"debug","message":"Skipping storing report.","meta":{"rootId":"aq3iaqncjb9gqf6","id":"et07hpyb3hheayc"},"id":"wkpn674v4h9iiad","previousOperationId":"q0m63yvypxro9lw"}
{"type":"log","timestamp":1678740164559,"level":"info","message":"Rendering request 1 finished in 1371 ms","meta":{"rootId":"aq3iaqncjb9gqf6","id":"et07hpyb3hheayc"},"id":"rn5uh2fs24vbapu","previousOperationId":"q0m63yvypxro9lw"}
{"type":"operationEnd","subtype":"render","operationId":"bvcykx6c4uzbpdd","timestamp":1678740164559,"id":"36myaf00hvnnxrf","previousEventId":"oz1agd1rwl730kw","previousOperationId":"q0m63yvypxro9lw"}
{"type":"log","timestamp":1678740164559,"level":"debug","message":"Starting child request to render pdf footer","meta":{"rootId":"aq3iaqncjb9gqf6","id":"aq3iaqncjb9gqf6"},"id":"no38bbe5jdgx0y2","previousOperationId":"19pude7mjjwg1dw"}
{"type":"operationStart","subtype":"render","name":"anonymous","previousOperationId":"19pude7mjjwg1dw","timestamp":1678740164559,"id":"3ig53tps8u5gjua","previousEventId":"efr98t32a8l313y","operationId":"pwgyli3xnnddcwv"}
{"type":"log","timestamp":1678740164560,"level":"info","message":"Starting rendering request 1 (user: null)","meta":{"rootId":"aq3iaqncjb9gqf6","id":"0nnc908hzax3j4r"},"id":"rlgj4cix7jivnjz","previousOperationId":"pwgyli3xnnddcwv"}
{"type":"log","timestamp":1678740164560,"level":"info","message":"Rendering anonymous template { recipe: html, engine: handlebars }","meta":{"rootId":"aq3iaqncjb9gqf6","id":"0nnc908hzax3j4r"},"id":"6uqtp9a64u12eh1","previousOperationId":"pwgyli3xnnddcwv"}
{"type":"log","timestamp":1678740164560,"level":"debug","message":"Inline data specified.","meta":{"rootId":"aq3iaqncjb9gqf6","id":"0nnc908hzax3j4r"},"id":"yw9t4xcvvydp3z8","previousOperationId":"pwgyli3xnnddcwv"}
{"type":"log","timestamp":1678740164562,"level":"debug","message":"Base url not specified, skipping its injection.","meta":{"rootId":"aq3iaqncjb9gqf6","id":"0nnc908hzax3j4r"},"id":"jk7np0owaytaejm","previousOperationId":"pwgyli3xnnddcwv"}
{"type":"operationStart","subtype":"engine","name":"handlebars","timestamp":1678740164563,"id":"i2tt5oi0a4yu5fp","previousEventId":"3ig53tps8u5gjua","operationId":"ahkwc7qrteo5uf8","previousOperationId":"pwgyli3xnnddcwv"}
{"type":"log","timestamp":1678740164563,"level":"debug","message":"Rendering engine handlebars","meta":{"rootId":"aq3iaqncjb9gqf6","id":"0nnc908hzax3j4r"},"id":"i6lo0kppz3isbkp","previousOperationId":"ahkwc7qrteo5uf8"}
{"type":"operationEnd","operationId":"ahkwc7qrteo5uf8","timestamp":1678740164582,"id":"ouxu91weyq3hd43","previousEventId":"i2tt5oi0a4yu5fp","previousOperationId":"ahkwc7qrteo5uf8"}
{"type":"operationStart","subtype":"recipe","name":"html","timestamp":1678740164582,"id":"4d52bv84mk6epsf","previousEventId":"ouxu91weyq3hd43","operationId":"g2kcenzsrr5z18s","previousOperationId":"ahkwc7qrteo5uf8"}
{"type":"log","timestamp":1678740164582,"level":"debug","message":"Executing recipe html","meta":{"rootId":"aq3iaqncjb9gqf6","id":"0nnc908hzax3j4r"},"id":"ghpi8ehw1xd66ma","previousOperationId":"g2kcenzsrr5z18s"}
{"type":"operationEnd","operationId":"g2kcenzsrr5z18s","timestamp":1678740164582,"id":"9f536p0ls8xf8lr","previousEventId":"4d52bv84mk6epsf","previousOperationId":"g2kcenzsrr5z18s"}
{"type":"log","timestamp":1678740164582,"level":"debug","message":"Skipping storing report.","meta":{"rootId":"aq3iaqncjb9gqf6","id":"0nnc908hzax3j4r"},"id":"e3gvo1iv0koarb9","previousOperationId":"g2kcenzsrr5z18s"}
{"type":"log","timestamp":1678740164582,"level":"info","message":"Rendering request 1 finished in 1394 ms","meta":{"rootId":"aq3iaqncjb9gqf6","id":"0nnc908hzax3j4r"},"id":"p1st08bn31ttzha","previousOperationId":"g2kcenzsrr5z18s"}
{"type":"operationEnd","subtype":"render","operationId":"pwgyli3xnnddcwv","timestamp":1678740164582,"id":"jgkjltsoja6bf7h","previousEventId":"9f536p0ls8xf8lr","previousOperationId":"g2kcenzsrr5z18s"}
{"type":"log","timestamp":1678740164799,"level":"debug","message":"Converting with chrome HeadlessChrome/98.0.4758.0 using chrome-pool strategy","meta":{"rootId":"aq3iaqncjb9gqf6","id":"aq3iaqncjb9gqf6"},"id":"cmw9cz0z9tisp2k","previousOperationId":"19pude7mjjwg1dw"}
{"type":"log","timestamp":1678740165046,"level":"debug","message":"Page request: GET (document) file:///C:/Users/ADMINI~1/AppData/Local/Temp/jsreport/autocleanup/08db7571-8b29-45f8-961c-4b54361a6b3d-chrome-pdf.html","meta":{"rootId":"aq3iaqncjb9gqf6","id":"aq3iaqncjb9gqf6"},"id":"zvbgkjubtrngyb1","previousOperationId":"19pude7mjjwg1dw"}
{"type":"log","timestamp":1678740165066,"level":"debug","message":"Page request finished: GET (document) file:///C:/Users/ADMINI~1/AppData/Local/Temp/jsreport/autocleanup/08db7571-8b29-45f8-961c-4b54361a6b3d-chrome-pdf.html","meta":{"rootId":"aq3iaqncjb9gqf6","id":"aq3iaqncjb9gqf6"},"id":"ogx8fk01w2eih7c","previousOperationId":"19pude7mjjwg1dw"}
{"type":"log","timestamp":1678740165069,"level":"debug","message":"Page request: GET (stylesheet) https://fonts.googleapis.com/css2?family=Montserrat:wght@500&family=Open+Sans:wght@300&display=swap","meta":{"rootId":"aq3iaqncjb9gqf6","id":"aq3iaqncjb9gqf6"},"id":"hi03f6a909rik0q","previousOperationId":"19pude7mjjwg1dw"}
{"type":"log","timestamp":1678740165353,"level":"debug","message":"Page request finished: GET (stylesheet) 200 https://fonts.googleapis.com/css2?family=Montserrat:wght@500&family=Open+Sans:wght@300&display=swap","meta":{"rootId":"aq3iaqncjb9gqf6","id":"aq3iaqncjb9gqf6"},"id":"3ky7edgknswfoxj","previousOperationId":"19pude7mjjwg1dw"}
{"type":"log","timestamp":1678740165427,"level":"debug","message":"Page request: GET (font) https://fonts.gstatic.com/s/opensans/v34/memSYaGs126MiZpBA-UvWbX2vVnXBbObj2OVZyOOSr4dVJWUgsiH0B4gaVI.woff2","meta":{"rootId":"aq3iaqncjb9gqf6","id":"aq3iaqncjb9gqf6"},"id":"2bwf86ukyyekroa","previousOperationId":"19pude7mjjwg1dw"}
{"type":"log","timestamp":1678740165431,"level":"debug","message":"Running chrome with params {\"scale\":1,\"displayHeaderFooter\":true,\"headerTemplate\":\"...\",\"footerTemplate\":\"...\",\"printBackground\":true,\"pageRanges\":\"\",\"format\":\"A4\",\"width\":\"\",\"height\":\"\",\"marginTop\":\"350px\",\"marginRight\":\"20px\",\"marginBottom\":\"80px\",\"marginLeft\":\"20px\",\"waitForJS\":false,\"waitForNetworkIddle\":false,\"timeout\":58605,\"waitForNetworkIdle\":false,\"margin\":{\"top\":\"350px\",\"right\":\"20px\",\"bottom\":\"80px\",\"left\":\"20px\"}}","meta":{"rootId":"aq3iaqncjb9gqf6","id":"aq3iaqncjb9gqf6"},"id":"mpacwrl9611vnq8","previousOperationId":"19pude7mjjwg1dw"}
{"type":"log","timestamp":1678740165436,"level":"debug","message":"Page request: GET (font) https://fonts.gstatic.com/s/opensans/v34/memSYaGs126MiZpBA-UvWbX2vVnXBbObj2OVZyOOSr4dVJWUgsiH0B4gaVI.woff2","meta":{"rootId":"aq3iaqncjb9gqf6","id":"aq3iaqncjb9gqf6"},"id":"z9ln7tu2lr4ukpo","previousOperationId":"19pude7mjjwg1dw"}
{"type":"log","timestamp":1678740165737,"level":"debug","message":"Page request finished: GET (font) 200 https://fonts.gstatic.com/s/opensans/v34/memSYaGs126MiZpBA-UvWbX2vVnXBbObj2OVZyOOSr4dVJWUgsiH0B4gaVI.woff2","meta":{"rootId":"aq3iaqncjb9gqf6","id":"aq3iaqncjb9gqf6"},"id":"gg9f3appsxbho5z","previousOperationId":"19pude7mjjwg1dw"}
{"type":"operationEnd","operationId":"19pude7mjjwg1dw","timestamp":1678740165753,"id":"ev79yaqhf6ef1nm","previousEventId":"efr98t32a8l313y","previousOperationId":"19pude7mjjwg1dw"}
{"type":"log","timestamp":1678740165753,"level":"debug","message":"Skipping storing report.","meta":{"rootId":"aq3iaqncjb9gqf6","id":"aq3iaqncjb9gqf6"},"id":"9y6hbtyiz9oi06y","previousOperationId":"19pude7mjjwg1dw"}
{"type":"log","timestamp":1678740165753,"level":"info","message":"Rendering request 1 finished in 2565 ms","meta":{"rootId":"aq3iaqncjb9gqf6","id":"aq3iaqncjb9gqf6"},"id":"h28yybxb3h7v5hs","previousOperationId":"19pude7mjjwg1dw"}
{"type":"operationEnd","subtype":"render","operationId":"06t0haepb9n0jut","timestamp":1678740165753,"id":"ggu5kavk4k4jbq6","previousEventId":"ev79yaqhf6ef1nm","previousOperationId":"19pude7mjjwg1dw"}
{"type":"operationEnd","doDiffs":false,"previousEventId":"lfw39gq4jocmb0w","previousOperationId":"txxf5sw2cq48o95","operationId":"txxf5sw2cq48o95","timestamp":1678740165765,"id":"wfjubia5upegyb6"}
