{"type":"operationStart","subtype":"profile","data":{"_id":"tTWHZeIAqTJs3goB","timestamp":"2022-09-09T19:03:51.672Z","state":"queued","mode":"standard","creationDate":"2022-09-09T19:03:51.677Z","modificationDate":"2022-09-09T19:03:51.677Z","shortid":"-Bz67d0","$entitySet":"profiles"},"doDiffs":false,"timestamp":1662750231676,"id":"irxkufk4ikl0bm8","previousOperationId":null,"operationId":"uim79dvgptdg473"}
{"type":"log","level":"info","message":"Render request 1 queued for execution and waiting for available worker","previousOperationId":"uim79dvgptdg473","timestamp":1662750231676,"id":"3x3cc8gczhhwz3d"}
{"type":"operationStart","subtype":"render","name":"anonymous","previousOperationId":"uim79dvgptdg473","timestamp":1662750231770,"id":"hqza84l47m1pusx","previousEventId":"irxkufk4ikl0bm8","operationId":"9brn5xrkqx7vd32"}
{"type":"log","timestamp":1662750231797,"level":"info","message":"Starting rendering request 1 (user: null)","meta":{"rootId":"bahjz8tionkeq8i","id":"bahjz8tionkeq8i"},"id":"4vhy4rpv83lbky4","previousOperationId":"9brn5xrkqx7vd32"}
{"type":"log","timestamp":1662750231818,"level":"info","message":"Rendering anonymous template { recipe: chrome-pdf, engine: handlebars }","meta":{"rootId":"bahjz8tionkeq8i","id":"bahjz8tionkeq8i"},"id":"kyl1b5yjs6isngt","previousOperationId":"9brn5xrkqx7vd32"}
{"type":"log","timestamp":1662750231818,"level":"debug","message":"Inline data specified.","meta":{"rootId":"bahjz8tionkeq8i","id":"bahjz8tionkeq8i"},"id":"7qaq8p2juzbz381","previousOperationId":"9brn5xrkqx7vd32"}
{"type":"log","timestamp":1662750231829,"level":"debug","message":"Base url not specified, skipping its injection.","meta":{"rootId":"bahjz8tionkeq8i","id":"bahjz8tionkeq8i"},"id":"45azl4gmyh93phk","previousOperationId":"9brn5xrkqx7vd32"}
{"type":"operationStart","subtype":"engine","name":"handlebars","timestamp":1662750231832,"id":"iuze6i4jcl3qdhl","previousEventId":"hqza84l47m1pusx","operationId":"znesyhespl9ah7b","previousOperationId":"9brn5xrkqx7vd32"}
{"type":"log","timestamp":1662750231832,"level":"debug","message":"Rendering engine handlebars","meta":{"rootId":"bahjz8tionkeq8i","id":"bahjz8tionkeq8i"},"id":"drv9pfetzzssuji","previousOperationId":"znesyhespl9ah7b"}
{"type":"operationEnd","operationId":"znesyhespl9ah7b","timestamp":1662750233697,"id":"qlmmq1mwa90fg5j","previousEventId":"iuze6i4jcl3qdhl","previousOperationId":"znesyhespl9ah7b"}
{"type":"operationStart","subtype":"recipe","name":"chrome-pdf","timestamp":1662750233698,"id":"emqq8yb2q6wcmay","previousEventId":"qlmmq1mwa90fg5j","operationId":"8ku6e0vt0mw4y43","previousOperationId":"znesyhespl9ah7b"}
{"type":"log","timestamp":1662750233698,"level":"debug","message":"Executing recipe chrome-pdf","meta":{"rootId":"bahjz8tionkeq8i","id":"bahjz8tionkeq8i"},"id":"nm5w4x96h10bqud","previousOperationId":"8ku6e0vt0mw4y43"}
{"type":"log","timestamp":1662750234027,"level":"debug","message":"Starting child request to render pdf header","meta":{"rootId":"bahjz8tionkeq8i","id":"bahjz8tionkeq8i"},"id":"7dhinzh6rmlems0","previousOperationId":"8ku6e0vt0mw4y43"}
{"type":"operationStart","subtype":"render","name":"anonymous","previousOperationId":"8ku6e0vt0mw4y43","timestamp":1662750234028,"id":"qbl4tr18cnzk9t9","previousEventId":"emqq8yb2q6wcmay","operationId":"lahr29nhgbknr78"}
{"type":"log","timestamp":1662750234028,"level":"info","message":"Starting rendering request 1 (user: null)","meta":{"rootId":"bahjz8tionkeq8i","id":"fh17weh713pdzyh"},"id":"zjnyg3onalfafxu","previousOperationId":"lahr29nhgbknr78"}
{"type":"log","timestamp":1662750234028,"level":"info","message":"Rendering anonymous template { recipe: html, engine: handlebars }","meta":{"rootId":"bahjz8tionkeq8i","id":"fh17weh713pdzyh"},"id":"p5i0hpxarl5lf2k","previousOperationId":"lahr29nhgbknr78"}
{"type":"log","timestamp":1662750234029,"level":"debug","message":"Inline data specified.","meta":{"rootId":"bahjz8tionkeq8i","id":"fh17weh713pdzyh"},"id":"4lux1xask7wmxi6","previousOperationId":"lahr29nhgbknr78"}
{"type":"log","timestamp":1662750234031,"level":"debug","message":"Base url not specified, skipping its injection.","meta":{"rootId":"bahjz8tionkeq8i","id":"fh17weh713pdzyh"},"id":"oos1nljfd1yjmnp","previousOperationId":"lahr29nhgbknr78"}
{"type":"log","timestamp":1662750234044,"level":"debug","message":"Replaced assets [\"./src/reporting/assets/logo.png\"]","meta":{"rootId":"bahjz8tionkeq8i","id":"fh17weh713pdzyh"},"id":"14plmd2vxvhoebj","previousOperationId":"lahr29nhgbknr78"}
{"type":"operationStart","subtype":"engine","name":"handlebars","timestamp":1662750234045,"id":"4lqtamkzl6cgc3k","previousEventId":"qbl4tr18cnzk9t9","operationId":"z1uzo3qjdkv73sl","previousOperationId":"lahr29nhgbknr78"}
{"type":"log","timestamp":1662750234045,"level":"debug","message":"Rendering engine handlebars","meta":{"rootId":"bahjz8tionkeq8i","id":"fh17weh713pdzyh"},"id":"b3cl4yb65i9npll","previousOperationId":"z1uzo3qjdkv73sl"}
{"type":"operationEnd","operationId":"z1uzo3qjdkv73sl","timestamp":1662750234084,"id":"1gbrp9kdh6uod2i","previousEventId":"4lqtamkzl6cgc3k","previousOperationId":"z1uzo3qjdkv73sl"}
{"type":"operationStart","subtype":"recipe","name":"html","timestamp":1662750234085,"id":"4dq94evhct2xt6a","previousEventId":"1gbrp9kdh6uod2i","operationId":"8ntof83yvygjley","previousOperationId":"z1uzo3qjdkv73sl"}
{"type":"log","timestamp":1662750234085,"level":"debug","message":"Executing recipe html","meta":{"rootId":"bahjz8tionkeq8i","id":"fh17weh713pdzyh"},"id":"ob9dl0897dtb09y","previousOperationId":"8ntof83yvygjley"}
{"type":"operationEnd","operationId":"8ntof83yvygjley","timestamp":1662750234085,"id":"83b4hs4y2uacags","previousEventId":"4dq94evhct2xt6a","previousOperationId":"8ntof83yvygjley"}
{"type":"log","timestamp":1662750234086,"level":"debug","message":"Skipping storing report.","meta":{"rootId":"bahjz8tionkeq8i","id":"fh17weh713pdzyh"},"id":"48bxymfrdwlls6p","previousOperationId":"8ntof83yvygjley"}
{"type":"log","timestamp":1662750234087,"level":"info","message":"Rendering request 1 finished in 2417 ms","meta":{"rootId":"bahjz8tionkeq8i","id":"fh17weh713pdzyh"},"id":"dxh1hnppzcr8bhq","previousOperationId":"8ntof83yvygjley"}
{"type":"operationEnd","subtype":"render","operationId":"lahr29nhgbknr78","timestamp":1662750234089,"id":"4rt48i5m2dy62rk","previousEventId":"83b4hs4y2uacags","previousOperationId":"8ntof83yvygjley"}
{"type":"log","timestamp":1662750234089,"level":"debug","message":"Starting child request to render pdf footer","meta":{"rootId":"bahjz8tionkeq8i","id":"bahjz8tionkeq8i"},"id":"v9ivvf7jgkozf05","previousOperationId":"8ku6e0vt0mw4y43"}
{"type":"operationStart","subtype":"render","name":"anonymous","previousOperationId":"8ku6e0vt0mw4y43","timestamp":1662750234093,"id":"tkq8cdaoeg1th49","previousEventId":"emqq8yb2q6wcmay","operationId":"rnozf59cs4n7t3u"}
{"type":"log","timestamp":1662750234093,"level":"info","message":"Starting rendering request 1 (user: null)","meta":{"rootId":"bahjz8tionkeq8i","id":"fq2szcjq8oj5uk7"},"id":"txkjlp6d2xmrt7l","previousOperationId":"rnozf59cs4n7t3u"}
{"type":"log","timestamp":1662750234093,"level":"info","message":"Rendering anonymous template { recipe: html, engine: handlebars }","meta":{"rootId":"bahjz8tionkeq8i","id":"fq2szcjq8oj5uk7"},"id":"lybcq38intai6vi","previousOperationId":"rnozf59cs4n7t3u"}
{"type":"log","timestamp":1662750234093,"level":"debug","message":"Inline data specified.","meta":{"rootId":"bahjz8tionkeq8i","id":"fq2szcjq8oj5uk7"},"id":"a5j543kijx79tl1","previousOperationId":"rnozf59cs4n7t3u"}
{"type":"log","timestamp":1662750234114,"level":"debug","message":"Base url not specified, skipping its injection.","meta":{"rootId":"bahjz8tionkeq8i","id":"fq2szcjq8oj5uk7"},"id":"36g74y4uy577xvi","previousOperationId":"rnozf59cs4n7t3u"}
{"type":"operationStart","subtype":"engine","name":"handlebars","timestamp":1662750234117,"id":"d9xdsdyzwygfib5","previousEventId":"tkq8cdaoeg1th49","operationId":"9moo4a8ahva1kla","previousOperationId":"rnozf59cs4n7t3u"}
{"type":"log","timestamp":1662750234117,"level":"debug","message":"Rendering engine handlebars","meta":{"rootId":"bahjz8tionkeq8i","id":"fq2szcjq8oj5uk7"},"id":"1nrmdnvs86ruts6","previousOperationId":"9moo4a8ahva1kla"}
{"type":"operationEnd","operationId":"9moo4a8ahva1kla","timestamp":1662750234152,"id":"z98o61e1xjjyqt8","previousEventId":"d9xdsdyzwygfib5","previousOperationId":"9moo4a8ahva1kla"}
{"type":"operationStart","subtype":"recipe","name":"html","timestamp":1662750234153,"id":"bh1zpeyomzi8bvs","previousEventId":"z98o61e1xjjyqt8","operationId":"ein0nizqnhf44ng","previousOperationId":"9moo4a8ahva1kla"}
{"type":"log","timestamp":1662750234153,"level":"debug","message":"Executing recipe html","meta":{"rootId":"bahjz8tionkeq8i","id":"fq2szcjq8oj5uk7"},"id":"04elu3obvbpo8yu","previousOperationId":"ein0nizqnhf44ng"}
{"type":"operationEnd","operationId":"ein0nizqnhf44ng","timestamp":1662750234153,"id":"fuemozpbfwgf7ct","previousEventId":"bh1zpeyomzi8bvs","previousOperationId":"ein0nizqnhf44ng"}
{"type":"log","timestamp":1662750234153,"level":"debug","message":"Skipping storing report.","meta":{"rootId":"bahjz8tionkeq8i","id":"fq2szcjq8oj5uk7"},"id":"x3cmivevyx8q9mc","previousOperationId":"ein0nizqnhf44ng"}
{"type":"log","timestamp":1662750234153,"level":"info","message":"Rendering request 1 finished in 2483 ms","meta":{"rootId":"bahjz8tionkeq8i","id":"fq2szcjq8oj5uk7"},"id":"stted7c8inzhqzn","previousOperationId":"ein0nizqnhf44ng"}
{"type":"operationEnd","subtype":"render","operationId":"rnozf59cs4n7t3u","timestamp":1662750234153,"id":"rog50erlgy6pq7o","previousEventId":"fuemozpbfwgf7ct","previousOperationId":"ein0nizqnhf44ng"}
{"type":"log","timestamp":1662750238049,"level":"debug","message":"Converting with chrome HeadlessChrome/98.0.4758.0 using chrome-pool strategy","meta":{"rootId":"bahjz8tionkeq8i","id":"bahjz8tionkeq8i"},"id":"j1877z9xgfjriuj","previousOperationId":"8ku6e0vt0mw4y43"}
{"type":"log","timestamp":1662750239051,"level":"debug","message":"Page request: GET (document) file:///var/folders/8m/98z140gs3yzbw6jqmpbh8b8m0000gn/T/jsreport/autocleanup/89825f7e-9825-42d5-96e1-8994ed99d0f8-chrome-pdf.html","meta":{"rootId":"bahjz8tionkeq8i","id":"bahjz8tionkeq8i"},"id":"d4uyzio2y6k62zm","previousOperationId":"8ku6e0vt0mw4y43"}
{"type":"log","timestamp":1662750239090,"level":"debug","message":"Page request finished: GET (document) file:///var/folders/8m/98z140gs3yzbw6jqmpbh8b8m0000gn/T/jsreport/autocleanup/89825f7e-9825-42d5-96e1-8994ed99d0f8-chrome-pdf.html","meta":{"rootId":"bahjz8tionkeq8i","id":"bahjz8tionkeq8i"},"id":"ih7mzrnr63dr434","previousOperationId":"8ku6e0vt0mw4y43"}
{"type":"log","timestamp":1662750239104,"level":"debug","message":"Page request: GET (stylesheet) https://fonts.googleapis.com/css2?family=Montserrat:wght@500&family=Open+Sans:wght@300&display=swap","meta":{"rootId":"bahjz8tionkeq8i","id":"bahjz8tionkeq8i"},"id":"znv2056n8veqm1k","previousOperationId":"8ku6e0vt0mw4y43"}
{"type":"log","timestamp":1662750239486,"level":"debug","message":"Page request finished: GET (stylesheet) 200 https://fonts.googleapis.com/css2?family=Montserrat:wght@500&family=Open+Sans:wght@300&display=swap","meta":{"rootId":"bahjz8tionkeq8i","id":"bahjz8tionkeq8i"},"id":"cu5ax7vpqbpg66j","previousOperationId":"8ku6e0vt0mw4y43"}
{"type":"log","timestamp":1662750239651,"level":"debug","message":"Page request: GET (font) https://fonts.gstatic.com/s/opensans/v34/memSYaGs126MiZpBA-UvWbX2vVnXBbObj2OVZyOOSr4dVJWUgsiH0B4gaVQUwaEQbjA.woff","meta":{"rootId":"bahjz8tionkeq8i","id":"bahjz8tionkeq8i"},"id":"ieogmm6s4gk9if4","previousOperationId":"8ku6e0vt0mw4y43"}
{"type":"log","timestamp":1662750239665,"level":"debug","message":"Running chrome with params {\"scale\":1,\"displayHeaderFooter\":true,\"headerTemplate\":\"...\",\"footerTemplate\":\"...\",\"printBackground\":true,\"pageRanges\":\"\",\"format\":\"A4\",\"width\":\"\",\"height\":\"\",\"marginTop\":\"350px\",\"marginRight\":\"20px\",\"marginBottom\":\"80px\",\"marginLeft\":\"20px\",\"waitForJS\":false,\"waitForNetworkIddle\":false,\"timeout\":57516,\"waitForNetworkIdle\":false,\"margin\":{\"top\":\"350px\",\"right\":\"20px\",\"bottom\":\"80px\",\"left\":\"20px\"}}","meta":{"rootId":"bahjz8tionkeq8i","id":"bahjz8tionkeq8i"},"id":"29yotzf9xl8eabv","previousOperationId":"8ku6e0vt0mw4y43"}
{"type":"log","timestamp":1662750239690,"level":"debug","message":"Page request: GET (font) https://fonts.gstatic.com/s/opensans/v34/memSYaGs126MiZpBA-UvWbX2vVnXBbObj2OVZyOOSr4dVJWUgsiH0B4gaVQUwaEQbjA.woff","meta":{"rootId":"bahjz8tionkeq8i","id":"bahjz8tionkeq8i"},"id":"2h7kntkvtdjqmr3","previousOperationId":"8ku6e0vt0mw4y43"}
{"type":"operationEnd","operationId":"8ku6e0vt0mw4y43","timestamp":1662750240169,"id":"f4n5aokltkxazie","previousEventId":"emqq8yb2q6wcmay","previousOperationId":"8ku6e0vt0mw4y43"}
{"type":"log","timestamp":1662750240169,"level":"debug","message":"Skipping storing report.","meta":{"rootId":"bahjz8tionkeq8i","id":"bahjz8tionkeq8i"},"id":"59zuzx8yp21no5g","previousOperationId":"8ku6e0vt0mw4y43"}
{"type":"log","timestamp":1662750240169,"level":"info","message":"Rendering request 1 finished in 8499 ms","meta":{"rootId":"bahjz8tionkeq8i","id":"bahjz8tionkeq8i"},"id":"a2vqtrpt65ehp45","previousOperationId":"8ku6e0vt0mw4y43"}
{"type":"operationEnd","subtype":"render","operationId":"9brn5xrkqx7vd32","timestamp":1662750240169,"id":"nkm3f0ostukt3q6","previousEventId":"f4n5aokltkxazie","previousOperationId":"8ku6e0vt0mw4y43"}
{"type":"operationEnd","doDiffs":false,"previousEventId":"irxkufk4ikl0bm8","previousOperationId":"uim79dvgptdg473","operationId":"uim79dvgptdg473","timestamp":1662750240178,"id":"pum8r0latw2l4zt"}
