{"type":"operationStart","subtype":"profile","data":{"_id":"BM7X34EuHy8qARfW","timestamp":"2023-04-26T10:43:18.905Z","state":"queued","mode":"standard","creationDate":"2023-04-26T10:43:18.910Z","modificationDate":"2023-04-26T10:43:18.910Z","shortid":"XBmApgb","$entitySet":"profiles"},"doDiffs":false,"timestamp":1682505798908,"id":"b1wh9i9yqjtmeve","previousOperationId":null,"operationId":"hw3wx096bpyxoop"}
{"type":"log","level":"info","message":"Render request 1 queued for execution and waiting for available worker","previousOperationId":"hw3wx096bpyxoop","timestamp":1682505798908,"id":"wnwludu35k6sqnu"}
{"type":"operationStart","subtype":"render","name":"anonymous","previousOperationId":"hw3wx096bpyxoop","timestamp":1682505798930,"id":"bsl2hv1unj3d8ly","previousEventId":"b1wh9i9yqjtmeve","operationId":"zx4i14j0vvi5dim"}
{"type":"log","timestamp":1682505798932,"level":"info","message":"Starting rendering request 1 (user: null)","meta":{"rootId":"bf77t00rs54nmrq","id":"bf77t00rs54nmrq"},"id":"yrdk3sp4i5x2wgc","previousOperationId":"zx4i14j0vvi5dim"}
{"type":"log","timestamp":1682505798935,"level":"info","message":"Rendering anonymous template { recipe: chrome-pdf, engine: handlebars }","meta":{"rootId":"bf77t00rs54nmrq","id":"bf77t00rs54nmrq"},"id":"anm5bwi7j0jrahx","previousOperationId":"zx4i14j0vvi5dim"}
{"type":"log","timestamp":1682505798936,"level":"debug","message":"Inline data specified.","meta":{"rootId":"bf77t00rs54nmrq","id":"bf77t00rs54nmrq"},"id":"om0da73xrl2z23y","previousOperationId":"zx4i14j0vvi5dim"}
{"type":"log","timestamp":1682505798945,"level":"debug","message":"Base url not specified, skipping its injection.","meta":{"rootId":"bf77t00rs54nmrq","id":"bf77t00rs54nmrq"},"id":"4b5kdzeul3go27u","previousOperationId":"zx4i14j0vvi5dim"}
{"type":"operationStart","subtype":"engine","name":"handlebars","timestamp":1682505798947,"id":"23bjtz8k7qb5kys","previousEventId":"bsl2hv1unj3d8ly","operationId":"0yazp922bejxbjc","previousOperationId":"zx4i14j0vvi5dim"}
{"type":"log","timestamp":1682505798947,"level":"debug","message":"Rendering engine handlebars","meta":{"rootId":"bf77t00rs54nmrq","id":"bf77t00rs54nmrq"},"id":"gzkjdecpeoi34e0","previousOperationId":"0yazp922bejxbjc"}
{"type":"operationEnd","operationId":"0yazp922bejxbjc","timestamp":1682505800233,"id":"uprl7aamgqkml9z","previousEventId":"23bjtz8k7qb5kys","previousOperationId":"0yazp922bejxbjc"}
{"type":"operationStart","subtype":"recipe","name":"chrome-pdf","timestamp":1682505800235,"id":"ql19gp9e4mho67l","previousEventId":"uprl7aamgqkml9z","operationId":"sh31yfg5da6opwt","previousOperationId":"0yazp922bejxbjc"}
{"type":"log","timestamp":1682505800235,"level":"debug","message":"Executing recipe chrome-pdf","meta":{"rootId":"bf77t00rs54nmrq","id":"bf77t00rs54nmrq"},"id":"wjl5djbbeu7hquz","previousOperationId":"sh31yfg5da6opwt"}
{"type":"log","timestamp":1682505800518,"level":"debug","message":"Starting child request to render pdf header","meta":{"rootId":"bf77t00rs54nmrq","id":"bf77t00rs54nmrq"},"id":"fqmk6nr4h8oabm2","previousOperationId":"sh31yfg5da6opwt"}
{"type":"operationStart","subtype":"render","name":"anonymous","previousOperationId":"sh31yfg5da6opwt","timestamp":1682505800519,"id":"n8lkbm0flayqtrr","previousEventId":"ql19gp9e4mho67l","operationId":"lrvz9lo00x3ofhu"}
{"type":"log","timestamp":1682505800519,"level":"info","message":"Starting rendering request 1 (user: null)","meta":{"rootId":"bf77t00rs54nmrq","id":"s4naw33ftowsruw"},"id":"1resyogmvfb9x0m","previousOperationId":"lrvz9lo00x3ofhu"}
{"type":"log","timestamp":1682505800520,"level":"info","message":"Rendering anonymous template { recipe: html, engine: handlebars }","meta":{"rootId":"bf77t00rs54nmrq","id":"s4naw33ftowsruw"},"id":"2p1pjsh2vmvyu8y","previousOperationId":"lrvz9lo00x3ofhu"}
{"type":"log","timestamp":1682505800520,"level":"debug","message":"Inline data specified.","meta":{"rootId":"bf77t00rs54nmrq","id":"s4naw33ftowsruw"},"id":"n6agtwl50qssi5p","previousOperationId":"lrvz9lo00x3ofhu"}
{"type":"log","timestamp":1682505800522,"level":"debug","message":"Base url not specified, skipping its injection.","meta":{"rootId":"bf77t00rs54nmrq","id":"s4naw33ftowsruw"},"id":"ln5lgd5n18laccs","previousOperationId":"lrvz9lo00x3ofhu"}
{"type":"log","timestamp":1682505800533,"level":"debug","message":"Replaced assets [\"./src/reporting/assets/logo.png\"]","meta":{"rootId":"bf77t00rs54nmrq","id":"s4naw33ftowsruw"},"id":"e77nu73bhgjlmku","previousOperationId":"lrvz9lo00x3ofhu"}
{"type":"operationStart","subtype":"engine","name":"handlebars","timestamp":1682505800534,"id":"vfpk6vckbbj43xw","previousEventId":"n8lkbm0flayqtrr","operationId":"4ygjqwqfm7g9k2v","previousOperationId":"lrvz9lo00x3ofhu"}
{"type":"log","timestamp":1682505800534,"level":"debug","message":"Rendering engine handlebars","meta":{"rootId":"bf77t00rs54nmrq","id":"s4naw33ftowsruw"},"id":"pyagg6s8jnria1v","previousOperationId":"4ygjqwqfm7g9k2v"}
{"type":"operationEnd","operationId":"4ygjqwqfm7g9k2v","timestamp":1682505800567,"id":"06bw1szb1jwcqnj","previousEventId":"vfpk6vckbbj43xw","previousOperationId":"4ygjqwqfm7g9k2v"}
{"type":"operationStart","subtype":"recipe","name":"html","timestamp":1682505800567,"id":"t424d5krie4nrqn","previousEventId":"06bw1szb1jwcqnj","operationId":"k3pboir9gumu2y9","previousOperationId":"4ygjqwqfm7g9k2v"}
{"type":"log","timestamp":1682505800567,"level":"debug","message":"Executing recipe html","meta":{"rootId":"bf77t00rs54nmrq","id":"s4naw33ftowsruw"},"id":"wctjfvfefrgpuqe","previousOperationId":"k3pboir9gumu2y9"}
{"type":"operationEnd","operationId":"k3pboir9gumu2y9","timestamp":1682505800567,"id":"6pe1b3qp8t8kuak","previousEventId":"t424d5krie4nrqn","previousOperationId":"k3pboir9gumu2y9"}
{"type":"log","timestamp":1682505800568,"level":"debug","message":"Skipping storing report.","meta":{"rootId":"bf77t00rs54nmrq","id":"s4naw33ftowsruw"},"id":"1i723rq6cgbef03","previousOperationId":"k3pboir9gumu2y9"}
{"type":"log","timestamp":1682505800569,"level":"info","message":"Rendering request 1 finished in 1666 ms","meta":{"rootId":"bf77t00rs54nmrq","id":"s4naw33ftowsruw"},"id":"es3q91exgx5c242","previousOperationId":"k3pboir9gumu2y9"}
{"type":"operationEnd","subtype":"render","operationId":"lrvz9lo00x3ofhu","timestamp":1682505800569,"id":"f6zcz2fa8ez2w8a","previousEventId":"6pe1b3qp8t8kuak","previousOperationId":"k3pboir9gumu2y9"}
{"type":"log","timestamp":1682505800569,"level":"debug","message":"Starting child request to render pdf footer","meta":{"rootId":"bf77t00rs54nmrq","id":"bf77t00rs54nmrq"},"id":"fj7g25lr51ghc1w","previousOperationId":"sh31yfg5da6opwt"}
{"type":"operationStart","subtype":"render","name":"anonymous","previousOperationId":"sh31yfg5da6opwt","timestamp":1682505800569,"id":"5dbckzb5orir6h1","previousEventId":"ql19gp9e4mho67l","operationId":"qu8asvk7gkkvblh"}
{"type":"log","timestamp":1682505800570,"level":"info","message":"Starting rendering request 1 (user: null)","meta":{"rootId":"bf77t00rs54nmrq","id":"8emcwaduiyb75ep"},"id":"9p8poc95i72qg65","previousOperationId":"qu8asvk7gkkvblh"}
{"type":"log","timestamp":1682505800570,"level":"info","message":"Rendering anonymous template { recipe: html, engine: handlebars }","meta":{"rootId":"bf77t00rs54nmrq","id":"8emcwaduiyb75ep"},"id":"ttr5j9bxctth6hl","previousOperationId":"qu8asvk7gkkvblh"}
{"type":"log","timestamp":1682505800570,"level":"debug","message":"Inline data specified.","meta":{"rootId":"bf77t00rs54nmrq","id":"8emcwaduiyb75ep"},"id":"0c9dgwqlpmzef16","previousOperationId":"qu8asvk7gkkvblh"}
{"type":"log","timestamp":1682505800572,"level":"debug","message":"Base url not specified, skipping its injection.","meta":{"rootId":"bf77t00rs54nmrq","id":"8emcwaduiyb75ep"},"id":"s287mi2jewp8dpc","previousOperationId":"qu8asvk7gkkvblh"}
{"type":"operationStart","subtype":"engine","name":"handlebars","timestamp":1682505800572,"id":"rd6li9p5jqrsji8","previousEventId":"5dbckzb5orir6h1","operationId":"ythhq92lpljsynw","previousOperationId":"qu8asvk7gkkvblh"}
{"type":"log","timestamp":1682505800572,"level":"debug","message":"Rendering engine handlebars","meta":{"rootId":"bf77t00rs54nmrq","id":"8emcwaduiyb75ep"},"id":"iffizo4md9w9xki","previousOperationId":"ythhq92lpljsynw"}
{"type":"operationEnd","operationId":"ythhq92lpljsynw","timestamp":1682505800598,"id":"oe1iliysso338ea","previousEventId":"rd6li9p5jqrsji8","previousOperationId":"ythhq92lpljsynw"}
{"type":"operationStart","subtype":"recipe","name":"html","timestamp":1682505800599,"id":"1trjewswa3dy65z","previousEventId":"oe1iliysso338ea","operationId":"st87064ayazj6op","previousOperationId":"ythhq92lpljsynw"}
{"type":"log","timestamp":1682505800599,"level":"debug","message":"Executing recipe html","meta":{"rootId":"bf77t00rs54nmrq","id":"8emcwaduiyb75ep"},"id":"andeoitr9tr0iav","previousOperationId":"st87064ayazj6op"}
{"type":"operationEnd","operationId":"st87064ayazj6op","timestamp":1682505800599,"id":"q51mz3hws3p68gv","previousEventId":"1trjewswa3dy65z","previousOperationId":"st87064ayazj6op"}
{"type":"log","timestamp":1682505800599,"level":"debug","message":"Skipping storing report.","meta":{"rootId":"bf77t00rs54nmrq","id":"8emcwaduiyb75ep"},"id":"yv55djnlel3jsau","previousOperationId":"st87064ayazj6op"}
{"type":"log","timestamp":1682505800599,"level":"info","message":"Rendering request 1 finished in 1696 ms","meta":{"rootId":"bf77t00rs54nmrq","id":"8emcwaduiyb75ep"},"id":"mi7d42cg3pveke8","previousOperationId":"st87064ayazj6op"}
{"type":"operationEnd","subtype":"render","operationId":"qu8asvk7gkkvblh","timestamp":1682505800599,"id":"a2il33zm1ffd5et","previousEventId":"q51mz3hws3p68gv","previousOperationId":"st87064ayazj6op"}
{"type":"log","timestamp":1682505802188,"level":"debug","message":"Converting with chrome HeadlessChrome/98.0.4758.0 using chrome-pool strategy","meta":{"rootId":"bf77t00rs54nmrq","id":"bf77t00rs54nmrq"},"id":"dyr2dt06aj0tgyo","previousOperationId":"sh31yfg5da6opwt"}
{"type":"log","timestamp":1682505802495,"level":"debug","message":"Page request: GET (document) file:///C:/Users/ADMINI~1/AppData/Local/Temp/jsreport/autocleanup/5e381d4d-bd42-4832-9688-d7d7eb2f7c3a-chrome-pdf.html","meta":{"rootId":"bf77t00rs54nmrq","id":"bf77t00rs54nmrq"},"id":"hsez350zzyjbzvj","previousOperationId":"sh31yfg5da6opwt"}
{"type":"log","timestamp":1682505802523,"level":"debug","message":"Page request finished: GET (document) file:///C:/Users/ADMINI~1/AppData/Local/Temp/jsreport/autocleanup/5e381d4d-bd42-4832-9688-d7d7eb2f7c3a-chrome-pdf.html","meta":{"rootId":"bf77t00rs54nmrq","id":"bf77t00rs54nmrq"},"id":"9u10igacclzkq54","previousOperationId":"sh31yfg5da6opwt"}
{"type":"log","timestamp":1682505802528,"level":"debug","message":"Page request: GET (stylesheet) https://fonts.googleapis.com/css2?family=Montserrat:wght@500&family=Open+Sans:wght@300&display=swap","meta":{"rootId":"bf77t00rs54nmrq","id":"bf77t00rs54nmrq"},"id":"i6u3mmh2vjvbwr7","previousOperationId":"sh31yfg5da6opwt"}
{"type":"log","timestamp":1682505803028,"level":"debug","message":"Page request finished: GET (stylesheet) 200 https://fonts.googleapis.com/css2?family=Montserrat:wght@500&family=Open+Sans:wght@300&display=swap","meta":{"rootId":"bf77t00rs54nmrq","id":"bf77t00rs54nmrq"},"id":"y0tvxs1rwboplpq","previousOperationId":"sh31yfg5da6opwt"}
{"type":"log","timestamp":1682505803121,"level":"debug","message":"Page request: GET (font) https://fonts.gstatic.com/s/opensans/v34/memSYaGs126MiZpBA-UvWbX2vVnXBbObj2OVZyOOSr4dVJWUgsiH0B4gaVI.woff2","meta":{"rootId":"bf77t00rs54nmrq","id":"bf77t00rs54nmrq"},"id":"sm840dzt8hpc1ni","previousOperationId":"sh31yfg5da6opwt"}
{"type":"log","timestamp":1682505803124,"level":"debug","message":"Page request: GET (font) https://fonts.gstatic.com/s/opensans/v34/memSYaGs126MiZpBA-UvWbX2vVnXBbObj2OVZyOOSr4dVJWUgsiH0B4gaVI.woff2","meta":{"rootId":"bf77t00rs54nmrq","id":"bf77t00rs54nmrq"},"id":"0jpsnrgilrqso3l","previousOperationId":"sh31yfg5da6opwt"}
{"type":"log","timestamp":1682505803478,"level":"debug","message":"Page request finished: GET (font) 200 https://fonts.gstatic.com/s/opensans/v34/memSYaGs126MiZpBA-UvWbX2vVnXBbObj2OVZyOOSr4dVJWUgsiH0B4gaVI.woff2","meta":{"rootId":"bf77t00rs54nmrq","id":"bf77t00rs54nmrq"},"id":"1i4ws9rrnh972fb","previousOperationId":"sh31yfg5da6opwt"}
{"type":"log","timestamp":1682505803505,"level":"debug","message":"Running chrome with params {\"scale\":1,\"displayHeaderFooter\":true,\"headerTemplate\":\"...\",\"footerTemplate\":\"...\",\"printBackground\":true,\"pageRanges\":\"\",\"format\":\"A4\",\"width\":\"\",\"height\":\"\",\"marginTop\":\"350px\",\"marginRight\":\"20px\",\"marginBottom\":\"80px\",\"marginLeft\":\"20px\",\"waitForJS\":false,\"waitForNetworkIddle\":false,\"timeout\":58304,\"waitForNetworkIdle\":false,\"margin\":{\"top\":\"350px\",\"right\":\"20px\",\"bottom\":\"80px\",\"left\":\"20px\"}}","meta":{"rootId":"bf77t00rs54nmrq","id":"bf77t00rs54nmrq"},"id":"hou0izyv8vhp4ds","previousOperationId":"sh31yfg5da6opwt"}
{"type":"operationEnd","operationId":"sh31yfg5da6opwt","timestamp":1682505804121,"id":"lly08pshtpv7cj4","previousEventId":"ql19gp9e4mho67l","previousOperationId":"sh31yfg5da6opwt"}
{"type":"log","timestamp":1682505804121,"level":"debug","message":"Skipping storing report.","meta":{"rootId":"bf77t00rs54nmrq","id":"bf77t00rs54nmrq"},"id":"72j5pizfv08yps1","previousOperationId":"sh31yfg5da6opwt"}
{"type":"log","timestamp":1682505804122,"level":"info","message":"Rendering request 1 finished in 5219 ms","meta":{"rootId":"bf77t00rs54nmrq","id":"bf77t00rs54nmrq"},"id":"24c6mkvjsshvw75","previousOperationId":"sh31yfg5da6opwt"}
{"type":"operationEnd","subtype":"render","operationId":"zx4i14j0vvi5dim","timestamp":1682505804122,"id":"g9nj336d25934ol","previousEventId":"lly08pshtpv7cj4","previousOperationId":"sh31yfg5da6opwt"}
{"type":"operationEnd","doDiffs":false,"previousEventId":"b1wh9i9yqjtmeve","previousOperationId":"hw3wx096bpyxoop","operationId":"hw3wx096bpyxoop","timestamp":1682505804127,"id":"qzxwzgkk1a2537v"}
