{"type":"operationStart","subtype":"profile","data":{"_id":"WhqqBYXjbumXV4jl","timestamp":"2023-03-28T17:29:27.317Z","state":"queued","mode":"standard","creationDate":"2023-03-28T17:29:27.322Z","modificationDate":"2023-03-28T17:29:27.322Z","shortid":"gukehTu","$entitySet":"profiles"},"doDiffs":false,"timestamp":1680024567319,"id":"uboqob5qsebp05w","previousOperationId":null,"operationId":"8x1zs6hftjjqinh"}
{"type":"log","level":"info","message":"Render request 1 queued for execution and waiting for available worker","previousOperationId":"8x1zs6hftjjqinh","timestamp":1680024567319,"id":"8vrlpo8sixro64y"}
{"type":"operationStart","subtype":"render","name":"anonymous","previousOperationId":"8x1zs6hftjjqinh","timestamp":1680024567341,"id":"tcie1i75q1o3yo6","previousEventId":"uboqob5qsebp05w","operationId":"se963weicp8j0ro"}
{"type":"log","timestamp":1680024567343,"level":"info","message":"Starting rendering request 1 (user: null)","meta":{"rootId":"c7yzmqm5qj9nfu9","id":"c7yzmqm5qj9nfu9"},"id":"fojkts1003vbzva","previousOperationId":"se963weicp8j0ro"}
{"type":"log","timestamp":1680024567345,"level":"info","message":"Rendering anonymous template { recipe: chrome-pdf, engine: handlebars }","meta":{"rootId":"c7yzmqm5qj9nfu9","id":"c7yzmqm5qj9nfu9"},"id":"94el0q9ssthj0rj","previousOperationId":"se963weicp8j0ro"}
{"type":"log","timestamp":1680024567346,"level":"debug","message":"Inline data specified.","meta":{"rootId":"c7yzmqm5qj9nfu9","id":"c7yzmqm5qj9nfu9"},"id":"n72nuy0yp2k04d8","previousOperationId":"se963weicp8j0ro"}
{"type":"log","timestamp":1680024567349,"level":"debug","message":"Base url not specified, skipping its injection.","meta":{"rootId":"c7yzmqm5qj9nfu9","id":"c7yzmqm5qj9nfu9"},"id":"awu0r29sgpf6hjw","previousOperationId":"se963weicp8j0ro"}
{"type":"operationStart","subtype":"engine","name":"handlebars","timestamp":1680024567351,"id":"2fexj4wpl7w57a8","previousEventId":"tcie1i75q1o3yo6","operationId":"9ebh4nh5ps6o1qn","previousOperationId":"se963weicp8j0ro"}
{"type":"log","timestamp":1680024567351,"level":"debug","message":"Rendering engine handlebars","meta":{"rootId":"c7yzmqm5qj9nfu9","id":"c7yzmqm5qj9nfu9"},"id":"a0e5zr8dx6hdsb0","previousOperationId":"9ebh4nh5ps6o1qn"}
{"type":"operationEnd","operationId":"9ebh4nh5ps6o1qn","timestamp":1680024568290,"id":"6ywiytxfy3ty8nv","previousEventId":"2fexj4wpl7w57a8","previousOperationId":"9ebh4nh5ps6o1qn"}
{"type":"operationStart","subtype":"recipe","name":"chrome-pdf","timestamp":1680024568291,"id":"bwh2kyzyvlmgmnw","previousEventId":"6ywiytxfy3ty8nv","operationId":"3j42hmpyamrdkxf","previousOperationId":"9ebh4nh5ps6o1qn"}
{"type":"log","timestamp":1680024568291,"level":"debug","message":"Executing recipe chrome-pdf","meta":{"rootId":"c7yzmqm5qj9nfu9","id":"c7yzmqm5qj9nfu9"},"id":"chb8xajj2jt4z7f","previousOperationId":"3j42hmpyamrdkxf"}
{"type":"log","timestamp":1680024568463,"level":"debug","message":"Starting child request to render pdf header","meta":{"rootId":"c7yzmqm5qj9nfu9","id":"c7yzmqm5qj9nfu9"},"id":"mumpvit7quu9pm5","previousOperationId":"3j42hmpyamrdkxf"}
{"type":"operationStart","subtype":"render","name":"anonymous","previousOperationId":"3j42hmpyamrdkxf","timestamp":1680024568464,"id":"hhjikxzb7vc6iy7","previousEventId":"bwh2kyzyvlmgmnw","operationId":"q9hu15tj41dedd1"}
{"type":"log","timestamp":1680024568464,"level":"info","message":"Starting rendering request 1 (user: null)","meta":{"rootId":"c7yzmqm5qj9nfu9","id":"nc4c73bevzrpkti"},"id":"5pf0yoky3xdt848","previousOperationId":"q9hu15tj41dedd1"}
{"type":"log","timestamp":1680024568464,"level":"info","message":"Rendering anonymous template { recipe: html, engine: handlebars }","meta":{"rootId":"c7yzmqm5qj9nfu9","id":"nc4c73bevzrpkti"},"id":"ywxy020p0thaumz","previousOperationId":"q9hu15tj41dedd1"}
{"type":"log","timestamp":1680024568465,"level":"debug","message":"Inline data specified.","meta":{"rootId":"c7yzmqm5qj9nfu9","id":"nc4c73bevzrpkti"},"id":"17bstdoupbaued9","previousOperationId":"q9hu15tj41dedd1"}
{"type":"log","timestamp":1680024568466,"level":"debug","message":"Base url not specified, skipping its injection.","meta":{"rootId":"c7yzmqm5qj9nfu9","id":"nc4c73bevzrpkti"},"id":"6junwrgnuy9wtp5","previousOperationId":"q9hu15tj41dedd1"}
{"type":"log","timestamp":1680024568474,"level":"debug","message":"Replaced assets [\"./src/reporting/assets/logo.png\"]","meta":{"rootId":"c7yzmqm5qj9nfu9","id":"nc4c73bevzrpkti"},"id":"dzjhfcp29qryr4z","previousOperationId":"q9hu15tj41dedd1"}
{"type":"operationStart","subtype":"engine","name":"handlebars","timestamp":1680024568475,"id":"78azedmjjd3l7re","previousEventId":"hhjikxzb7vc6iy7","operationId":"wd5otgrxwnietc6","previousOperationId":"q9hu15tj41dedd1"}
{"type":"log","timestamp":1680024568475,"level":"debug","message":"Rendering engine handlebars","meta":{"rootId":"c7yzmqm5qj9nfu9","id":"nc4c73bevzrpkti"},"id":"nzkguiivmdxmag2","previousOperationId":"wd5otgrxwnietc6"}
{"type":"operationEnd","operationId":"wd5otgrxwnietc6","timestamp":1680024568496,"id":"zc7awu8ljp5pbzv","previousEventId":"78azedmjjd3l7re","previousOperationId":"wd5otgrxwnietc6"}
{"type":"operationStart","subtype":"recipe","name":"html","timestamp":1680024568497,"id":"eoo9b0iphb7qasy","previousEventId":"zc7awu8ljp5pbzv","operationId":"759t6oyam5dqrdw","previousOperationId":"wd5otgrxwnietc6"}
{"type":"log","timestamp":1680024568497,"level":"debug","message":"Executing recipe html","meta":{"rootId":"c7yzmqm5qj9nfu9","id":"nc4c73bevzrpkti"},"id":"bavqhj8psms3o1b","previousOperationId":"759t6oyam5dqrdw"}
{"type":"operationEnd","operationId":"759t6oyam5dqrdw","timestamp":1680024568497,"id":"17gi17u6cjt44cp","previousEventId":"eoo9b0iphb7qasy","previousOperationId":"759t6oyam5dqrdw"}
{"type":"log","timestamp":1680024568498,"level":"debug","message":"Skipping storing report.","meta":{"rootId":"c7yzmqm5qj9nfu9","id":"nc4c73bevzrpkti"},"id":"mlbkdhlw2eklq6k","previousOperationId":"759t6oyam5dqrdw"}
{"type":"log","timestamp":1680024568498,"level":"info","message":"Rendering request 1 finished in 1183 ms","meta":{"rootId":"c7yzmqm5qj9nfu9","id":"nc4c73bevzrpkti"},"id":"fyj0udfoz3ga1hq","previousOperationId":"759t6oyam5dqrdw"}
{"type":"operationEnd","subtype":"render","operationId":"q9hu15tj41dedd1","timestamp":1680024568498,"id":"338ddodapet1trb","previousEventId":"17gi17u6cjt44cp","previousOperationId":"759t6oyam5dqrdw"}
{"type":"log","timestamp":1680024568498,"level":"debug","message":"Starting child request to render pdf footer","meta":{"rootId":"c7yzmqm5qj9nfu9","id":"c7yzmqm5qj9nfu9"},"id":"3gezrw2x6186ki2","previousOperationId":"3j42hmpyamrdkxf"}
{"type":"operationStart","subtype":"render","name":"anonymous","previousOperationId":"3j42hmpyamrdkxf","timestamp":1680024568498,"id":"3p26dqqph4nn0w8","previousEventId":"bwh2kyzyvlmgmnw","operationId":"z4x4azrnkwljpiu"}
{"type":"log","timestamp":1680024568498,"level":"info","message":"Starting rendering request 1 (user: null)","meta":{"rootId":"c7yzmqm5qj9nfu9","id":"g66ipb4g1w16pc7"},"id":"zxc36de6iqfm3pe","previousOperationId":"z4x4azrnkwljpiu"}
{"type":"log","timestamp":1680024568499,"level":"info","message":"Rendering anonymous template { recipe: html, engine: handlebars }","meta":{"rootId":"c7yzmqm5qj9nfu9","id":"g66ipb4g1w16pc7"},"id":"p9f0leyp898bucd","previousOperationId":"z4x4azrnkwljpiu"}
{"type":"log","timestamp":1680024568499,"level":"debug","message":"Inline data specified.","meta":{"rootId":"c7yzmqm5qj9nfu9","id":"g66ipb4g1w16pc7"},"id":"bgysx16o3yw0dv6","previousOperationId":"z4x4azrnkwljpiu"}
{"type":"log","timestamp":1680024568500,"level":"debug","message":"Base url not specified, skipping its injection.","meta":{"rootId":"c7yzmqm5qj9nfu9","id":"g66ipb4g1w16pc7"},"id":"w3wajzqk9f2zljq","previousOperationId":"z4x4azrnkwljpiu"}
{"type":"operationStart","subtype":"engine","name":"handlebars","timestamp":1680024568500,"id":"59rd2m8f3aa5sug","previousEventId":"3p26dqqph4nn0w8","operationId":"fkqec90c9anmkm8","previousOperationId":"z4x4azrnkwljpiu"}
{"type":"log","timestamp":1680024568500,"level":"debug","message":"Rendering engine handlebars","meta":{"rootId":"c7yzmqm5qj9nfu9","id":"g66ipb4g1w16pc7"},"id":"x04qfxctjvduaqt","previousOperationId":"fkqec90c9anmkm8"}
{"type":"operationEnd","operationId":"fkqec90c9anmkm8","timestamp":1680024568522,"id":"ewjq3ggq4fhpftr","previousEventId":"59rd2m8f3aa5sug","previousOperationId":"fkqec90c9anmkm8"}
{"type":"operationStart","subtype":"recipe","name":"html","timestamp":1680024568522,"id":"tz2jbp59gbghudq","previousEventId":"ewjq3ggq4fhpftr","operationId":"yzqfb0wm5g5r5rr","previousOperationId":"fkqec90c9anmkm8"}
{"type":"log","timestamp":1680024568522,"level":"debug","message":"Executing recipe html","meta":{"rootId":"c7yzmqm5qj9nfu9","id":"g66ipb4g1w16pc7"},"id":"j9094ads6zgcan9","previousOperationId":"yzqfb0wm5g5r5rr"}
{"type":"operationEnd","operationId":"yzqfb0wm5g5r5rr","timestamp":1680024568522,"id":"q3ywfeahmtvl0xd","previousEventId":"tz2jbp59gbghudq","previousOperationId":"yzqfb0wm5g5r5rr"}
{"type":"log","timestamp":1680024568523,"level":"debug","message":"Skipping storing report.","meta":{"rootId":"c7yzmqm5qj9nfu9","id":"g66ipb4g1w16pc7"},"id":"0ke0n1zeifksm5e","previousOperationId":"yzqfb0wm5g5r5rr"}
{"type":"log","timestamp":1680024568523,"level":"info","message":"Rendering request 1 finished in 1208 ms","meta":{"rootId":"c7yzmqm5qj9nfu9","id":"g66ipb4g1w16pc7"},"id":"ihgn5vkuu2z2sqj","previousOperationId":"yzqfb0wm5g5r5rr"}
{"type":"operationEnd","subtype":"render","operationId":"z4x4azrnkwljpiu","timestamp":1680024568523,"id":"xslk1wpgqt38dnz","previousEventId":"q3ywfeahmtvl0xd","previousOperationId":"yzqfb0wm5g5r5rr"}
{"type":"log","timestamp":1680024568746,"level":"debug","message":"Converting with chrome HeadlessChrome/98.0.4758.0 using chrome-pool strategy","meta":{"rootId":"c7yzmqm5qj9nfu9","id":"c7yzmqm5qj9nfu9"},"id":"31n1iwuggcpwjgc","previousOperationId":"3j42hmpyamrdkxf"}
{"type":"log","timestamp":1680024569060,"level":"debug","message":"Page request: GET (document) file:///C:/Users/ADMINI~1/AppData/Local/Temp/jsreport/autocleanup/3b227a99-0544-4390-92f4-f12d2fc1bf34-chrome-pdf.html","meta":{"rootId":"c7yzmqm5qj9nfu9","id":"c7yzmqm5qj9nfu9"},"id":"4ozd8sf3cz6y9se","previousOperationId":"3j42hmpyamrdkxf"}
{"type":"log","timestamp":1680024569104,"level":"debug","message":"Page request finished: GET (document) file:///C:/Users/ADMINI~1/AppData/Local/Temp/jsreport/autocleanup/3b227a99-0544-4390-92f4-f12d2fc1bf34-chrome-pdf.html","meta":{"rootId":"c7yzmqm5qj9nfu9","id":"c7yzmqm5qj9nfu9"},"id":"6uogi7kz2jt9zoh","previousOperationId":"3j42hmpyamrdkxf"}
{"type":"log","timestamp":1680024569108,"level":"debug","message":"Page request: GET (stylesheet) https://fonts.googleapis.com/css2?family=Montserrat:wght@500&family=Open+Sans:wght@300&display=swap","meta":{"rootId":"c7yzmqm5qj9nfu9","id":"c7yzmqm5qj9nfu9"},"id":"k1in0tm8zbwsngd","previousOperationId":"3j42hmpyamrdkxf"}
{"type":"log","timestamp":1680024569344,"level":"debug","message":"Page request finished: GET (stylesheet) 200 https://fonts.googleapis.com/css2?family=Montserrat:wght@500&family=Open+Sans:wght@300&display=swap","meta":{"rootId":"c7yzmqm5qj9nfu9","id":"c7yzmqm5qj9nfu9"},"id":"hcmugu9afgcclb9","previousOperationId":"3j42hmpyamrdkxf"}
{"type":"log","timestamp":1680024569397,"level":"debug","message":"Page request: GET (font) https://fonts.gstatic.com/s/opensans/v34/memSYaGs126MiZpBA-UvWbX2vVnXBbObj2OVZyOOSr4dVJWUgsiH0B4gaVI.woff2","meta":{"rootId":"c7yzmqm5qj9nfu9","id":"c7yzmqm5qj9nfu9"},"id":"1jwteddw3tlzfkf","previousOperationId":"3j42hmpyamrdkxf"}
{"type":"log","timestamp":1680024569401,"level":"debug","message":"Page request: GET (font) https://fonts.gstatic.com/s/opensans/v34/memSYaGs126MiZpBA-UvWbX2vVnXBbObj2OVZyOOSr4dVJWUgsiH0B4gaVI.woff2","meta":{"rootId":"c7yzmqm5qj9nfu9","id":"c7yzmqm5qj9nfu9"},"id":"c539f867iyumtzv","previousOperationId":"3j42hmpyamrdkxf"}
{"type":"log","timestamp":1680024569638,"level":"debug","message":"Page request finished: GET (font) 200 https://fonts.gstatic.com/s/opensans/v34/memSYaGs126MiZpBA-UvWbX2vVnXBbObj2OVZyOOSr4dVJWUgsiH0B4gaVI.woff2","meta":{"rootId":"c7yzmqm5qj9nfu9","id":"c7yzmqm5qj9nfu9"},"id":"q8pwdir5fpin4pd","previousOperationId":"3j42hmpyamrdkxf"}
{"type":"log","timestamp":1680024569655,"level":"debug","message":"Running chrome with params {\"scale\":1,\"displayHeaderFooter\":true,\"headerTemplate\":\"...\",\"footerTemplate\":\"...\",\"printBackground\":true,\"pageRanges\":\"\",\"format\":\"A4\",\"width\":\"\",\"height\":\"\",\"marginTop\":\"470px\",\"marginRight\":\"20px\",\"marginBottom\":\"80px\",\"marginLeft\":\"20px\",\"waitForJS\":false,\"waitForNetworkIddle\":false,\"timeout\":58792,\"waitForNetworkIdle\":false,\"margin\":{\"top\":\"470px\",\"right\":\"20px\",\"bottom\":\"80px\",\"left\":\"20px\"}}","meta":{"rootId":"c7yzmqm5qj9nfu9","id":"c7yzmqm5qj9nfu9"},"id":"4u5h9azhcjppcvb","previousOperationId":"3j42hmpyamrdkxf"}
{"type":"operationEnd","operationId":"3j42hmpyamrdkxf","timestamp":1680024570055,"id":"xs9rgahzqgcku46","previousEventId":"bwh2kyzyvlmgmnw","previousOperationId":"3j42hmpyamrdkxf"}
{"type":"log","timestamp":1680024570055,"level":"debug","message":"Skipping storing report.","meta":{"rootId":"c7yzmqm5qj9nfu9","id":"c7yzmqm5qj9nfu9"},"id":"beje2asdchot4nh","previousOperationId":"3j42hmpyamrdkxf"}
{"type":"log","timestamp":1680024570055,"level":"info","message":"Rendering request 1 finished in 2740 ms","meta":{"rootId":"c7yzmqm5qj9nfu9","id":"c7yzmqm5qj9nfu9"},"id":"dx9tt9f9g4w3iz5","previousOperationId":"3j42hmpyamrdkxf"}
{"type":"operationEnd","subtype":"render","operationId":"se963weicp8j0ro","timestamp":1680024570055,"id":"1arai69mon1jvcw","previousEventId":"xs9rgahzqgcku46","previousOperationId":"3j42hmpyamrdkxf"}
{"type":"operationEnd","doDiffs":false,"previousEventId":"uboqob5qsebp05w","previousOperationId":"8x1zs6hftjjqinh","operationId":"8x1zs6hftjjqinh","timestamp":1680024570061,"id":"fq8x97sbg1bubf9"}
