{"type":"operationStart","subtype":"profile","data":{"_id":"jOO3xIjQIK6nos2g","timestamp":"2023-03-14T08:49:31.768Z","state":"queued","mode":"standard","creationDate":"2023-03-14T08:49:31.775Z","modificationDate":"2023-03-14T08:49:31.775Z","shortid":"Kh8-L43","$entitySet":"profiles"},"doDiffs":false,"timestamp":1678783771770,"id":"00yvgr29jxoi7x2","previousOperationId":null,"operationId":"ecos4scj7o71f36"}
{"type":"log","level":"info","message":"Render request 1 queued for execution and waiting for available worker","previousOperationId":"ecos4scj7o71f36","timestamp":1678783771771,"id":"axh4sg2gn0wx3dk"}
{"type":"operationStart","subtype":"render","name":"anonymous","previousOperationId":"ecos4scj7o71f36","timestamp":1678783771810,"id":"13kkmf4okeu4ncc","previousEventId":"00yvgr29jxoi7x2","operationId":"05cnwnt4ljhoadc"}
{"type":"log","timestamp":1678783771812,"level":"info","message":"Starting rendering request 1 (user: null)","meta":{"rootId":"ccfdbbznpol2my3","id":"ccfdbbznpol2my3"},"id":"6k2iazwgxagrwm9","previousOperationId":"05cnwnt4ljhoadc"}
{"type":"log","timestamp":1678783771815,"level":"info","message":"Rendering anonymous template { recipe: chrome-pdf, engine: handlebars }","meta":{"rootId":"ccfdbbznpol2my3","id":"ccfdbbznpol2my3"},"id":"oebpf8rdgqtdpta","previousOperationId":"05cnwnt4ljhoadc"}
{"type":"log","timestamp":1678783771816,"level":"debug","message":"Inline data specified.","meta":{"rootId":"ccfdbbznpol2my3","id":"ccfdbbznpol2my3"},"id":"1kdfhoyqu74pzpa","previousOperationId":"05cnwnt4ljhoadc"}
{"type":"log","timestamp":1678783771828,"level":"debug","message":"Base url not specified, skipping its injection.","meta":{"rootId":"ccfdbbznpol2my3","id":"ccfdbbznpol2my3"},"id":"1bbu8c5v47qy9c5","previousOperationId":"05cnwnt4ljhoadc"}
{"type":"operationStart","subtype":"engine","name":"handlebars","timestamp":1678783771831,"id":"3shkhgujz7msezj","previousEventId":"13kkmf4okeu4ncc","operationId":"0yoqv0ys0sdscnc","previousOperationId":"05cnwnt4ljhoadc"}
{"type":"log","timestamp":1678783771831,"level":"debug","message":"Rendering engine handlebars","meta":{"rootId":"ccfdbbznpol2my3","id":"ccfdbbznpol2my3"},"id":"0yut069pq79zcxf","previousOperationId":"0yoqv0ys0sdscnc"}
{"type":"operationEnd","operationId":"0yoqv0ys0sdscnc","timestamp":1678783773200,"id":"qolkk1fpfm1vxxz","previousEventId":"3shkhgujz7msezj","previousOperationId":"0yoqv0ys0sdscnc"}
{"type":"operationStart","subtype":"recipe","name":"chrome-pdf","timestamp":1678783773202,"id":"e9r68bic6k0dyyb","previousEventId":"qolkk1fpfm1vxxz","operationId":"l9s75arusbax3w9","previousOperationId":"0yoqv0ys0sdscnc"}
{"type":"log","timestamp":1678783773202,"level":"debug","message":"Executing recipe chrome-pdf","meta":{"rootId":"ccfdbbznpol2my3","id":"ccfdbbznpol2my3"},"id":"t4k7oz5qhw8foze","previousOperationId":"l9s75arusbax3w9"}
{"type":"log","timestamp":1678783773442,"level":"debug","message":"Starting child request to render pdf header","meta":{"rootId":"ccfdbbznpol2my3","id":"ccfdbbznpol2my3"},"id":"tjdh4yqj6wvd1s9","previousOperationId":"l9s75arusbax3w9"}
{"type":"operationStart","subtype":"render","name":"anonymous","previousOperationId":"l9s75arusbax3w9","timestamp":1678783773443,"id":"flisqrzfvntze7q","previousEventId":"e9r68bic6k0dyyb","operationId":"dxkdrzmuprm5egu"}
{"type":"log","timestamp":1678783773443,"level":"info","message":"Starting rendering request 1 (user: null)","meta":{"rootId":"ccfdbbznpol2my3","id":"an8eancuhl8yt9v"},"id":"vpjx5j9enhh2rtx","previousOperationId":"dxkdrzmuprm5egu"}
{"type":"log","timestamp":1678783773443,"level":"info","message":"Rendering anonymous template { recipe: html, engine: handlebars }","meta":{"rootId":"ccfdbbznpol2my3","id":"an8eancuhl8yt9v"},"id":"4geay7cuh7uw4jc","previousOperationId":"dxkdrzmuprm5egu"}
{"type":"log","timestamp":1678783773443,"level":"debug","message":"Inline data specified.","meta":{"rootId":"ccfdbbznpol2my3","id":"an8eancuhl8yt9v"},"id":"an3fo4bl6drwhps","previousOperationId":"dxkdrzmuprm5egu"}
{"type":"log","timestamp":1678783773444,"level":"debug","message":"Base url not specified, skipping its injection.","meta":{"rootId":"ccfdbbznpol2my3","id":"an8eancuhl8yt9v"},"id":"affve5p4cyrv53p","previousOperationId":"dxkdrzmuprm5egu"}
{"type":"log","timestamp":1678783773453,"level":"debug","message":"Replaced assets [\"./src/reporting/assets/logo.png\"]","meta":{"rootId":"ccfdbbznpol2my3","id":"an8eancuhl8yt9v"},"id":"5o3hhewqyxl5ik0","previousOperationId":"dxkdrzmuprm5egu"}
{"type":"operationStart","subtype":"engine","name":"handlebars","timestamp":1678783773453,"id":"c0t6zgat5xf1k3i","previousEventId":"flisqrzfvntze7q","operationId":"rvf5i6njmgcgyy6","previousOperationId":"dxkdrzmuprm5egu"}
{"type":"log","timestamp":1678783773453,"level":"debug","message":"Rendering engine handlebars","meta":{"rootId":"ccfdbbznpol2my3","id":"an8eancuhl8yt9v"},"id":"x6kn1wplwvitnrt","previousOperationId":"rvf5i6njmgcgyy6"}
{"type":"operationEnd","operationId":"rvf5i6njmgcgyy6","timestamp":1678783773477,"id":"uwvujziwpr0ej0t","previousEventId":"c0t6zgat5xf1k3i","previousOperationId":"rvf5i6njmgcgyy6"}
{"type":"operationStart","subtype":"recipe","name":"html","timestamp":1678783773478,"id":"nm1dhpxo3nds5cf","previousEventId":"uwvujziwpr0ej0t","operationId":"m2h2pp41w1eoakx","previousOperationId":"rvf5i6njmgcgyy6"}
{"type":"log","timestamp":1678783773478,"level":"debug","message":"Executing recipe html","meta":{"rootId":"ccfdbbznpol2my3","id":"an8eancuhl8yt9v"},"id":"a99y2r3wnd5ks5y","previousOperationId":"m2h2pp41w1eoakx"}
{"type":"operationEnd","operationId":"m2h2pp41w1eoakx","timestamp":1678783773478,"id":"1wm9t9axvlai6rf","previousEventId":"nm1dhpxo3nds5cf","previousOperationId":"m2h2pp41w1eoakx"}
{"type":"log","timestamp":1678783773480,"level":"debug","message":"Skipping storing report.","meta":{"rootId":"ccfdbbznpol2my3","id":"an8eancuhl8yt9v"},"id":"0tvcexhxcsnvwu4","previousOperationId":"m2h2pp41w1eoakx"}
{"type":"log","timestamp":1678783773481,"level":"info","message":"Rendering request 1 finished in 1715 ms","meta":{"rootId":"ccfdbbznpol2my3","id":"an8eancuhl8yt9v"},"id":"d0axbsqmnh5ldx5","previousOperationId":"m2h2pp41w1eoakx"}
{"type":"operationEnd","subtype":"render","operationId":"dxkdrzmuprm5egu","timestamp":1678783773481,"id":"z20j0d3h4ktqk49","previousEventId":"1wm9t9axvlai6rf","previousOperationId":"m2h2pp41w1eoakx"}
{"type":"log","timestamp":1678783773481,"level":"debug","message":"Starting child request to render pdf footer","meta":{"rootId":"ccfdbbznpol2my3","id":"ccfdbbznpol2my3"},"id":"2e3bf4lcrzzqu98","previousOperationId":"l9s75arusbax3w9"}
{"type":"operationStart","subtype":"render","name":"anonymous","previousOperationId":"l9s75arusbax3w9","timestamp":1678783773481,"id":"xe1teprqvc0nr9s","previousEventId":"e9r68bic6k0dyyb","operationId":"agzpyofvo196qmx"}
{"type":"log","timestamp":1678783773482,"level":"info","message":"Starting rendering request 1 (user: null)","meta":{"rootId":"ccfdbbznpol2my3","id":"c1w3tsqq1xcpld7"},"id":"anux2lgbl7eostt","previousOperationId":"agzpyofvo196qmx"}
{"type":"log","timestamp":1678783773482,"level":"info","message":"Rendering anonymous template { recipe: html, engine: handlebars }","meta":{"rootId":"ccfdbbznpol2my3","id":"c1w3tsqq1xcpld7"},"id":"90ktwfwz5za211j","previousOperationId":"agzpyofvo196qmx"}
{"type":"log","timestamp":1678783773482,"level":"debug","message":"Inline data specified.","meta":{"rootId":"ccfdbbznpol2my3","id":"c1w3tsqq1xcpld7"},"id":"fhkwf0hdck1ok96","previousOperationId":"agzpyofvo196qmx"}
{"type":"log","timestamp":1678783773484,"level":"debug","message":"Base url not specified, skipping its injection.","meta":{"rootId":"ccfdbbznpol2my3","id":"c1w3tsqq1xcpld7"},"id":"th1lsg5gq28vtvu","previousOperationId":"agzpyofvo196qmx"}
{"type":"operationStart","subtype":"engine","name":"handlebars","timestamp":1678783773485,"id":"qkmvoguncdqg69f","previousEventId":"xe1teprqvc0nr9s","operationId":"s0mw41e4xmudjzi","previousOperationId":"agzpyofvo196qmx"}
{"type":"log","timestamp":1678783773485,"level":"debug","message":"Rendering engine handlebars","meta":{"rootId":"ccfdbbznpol2my3","id":"c1w3tsqq1xcpld7"},"id":"15grrr2seo29djz","previousOperationId":"s0mw41e4xmudjzi"}
{"type":"operationEnd","operationId":"s0mw41e4xmudjzi","timestamp":1678783773504,"id":"nu6lhbzlqz4uvhx","previousEventId":"qkmvoguncdqg69f","previousOperationId":"s0mw41e4xmudjzi"}
{"type":"operationStart","subtype":"recipe","name":"html","timestamp":1678783773504,"id":"hgbpibotdmhilz3","previousEventId":"nu6lhbzlqz4uvhx","operationId":"8iuvkewmz0to67h","previousOperationId":"s0mw41e4xmudjzi"}
{"type":"log","timestamp":1678783773504,"level":"debug","message":"Executing recipe html","meta":{"rootId":"ccfdbbznpol2my3","id":"c1w3tsqq1xcpld7"},"id":"c2t1pdmkt504riq","previousOperationId":"8iuvkewmz0to67h"}
{"type":"operationEnd","operationId":"8iuvkewmz0to67h","timestamp":1678783773504,"id":"mhlyogoobobh2uu","previousEventId":"hgbpibotdmhilz3","previousOperationId":"8iuvkewmz0to67h"}
{"type":"log","timestamp":1678783773504,"level":"debug","message":"Skipping storing report.","meta":{"rootId":"ccfdbbznpol2my3","id":"c1w3tsqq1xcpld7"},"id":"orm8r5zogr8cos3","previousOperationId":"8iuvkewmz0to67h"}
{"type":"log","timestamp":1678783773504,"level":"info","message":"Rendering request 1 finished in 1738 ms","meta":{"rootId":"ccfdbbznpol2my3","id":"c1w3tsqq1xcpld7"},"id":"zwgvf5xyp93ml28","previousOperationId":"8iuvkewmz0to67h"}
{"type":"operationEnd","subtype":"render","operationId":"agzpyofvo196qmx","timestamp":1678783773504,"id":"pqd9bictxa1lq8q","previousEventId":"mhlyogoobobh2uu","previousOperationId":"8iuvkewmz0to67h"}
{"type":"log","timestamp":1678783774683,"level":"debug","message":"Converting with chrome HeadlessChrome/98.0.4758.0 using chrome-pool strategy","meta":{"rootId":"ccfdbbznpol2my3","id":"ccfdbbznpol2my3"},"id":"ew1rktj35oep5i3","previousOperationId":"l9s75arusbax3w9"}
{"type":"log","timestamp":1678783775585,"level":"debug","message":"Page request: GET (document) file:///C:/Users/ADMINI~1/AppData/Local/Temp/jsreport/autocleanup/86566f46-8384-42f5-aa0e-5a9cda6818ce-chrome-pdf.html","meta":{"rootId":"ccfdbbznpol2my3","id":"ccfdbbznpol2my3"},"id":"f5b2zphgektrums","previousOperationId":"l9s75arusbax3w9"}
{"type":"log","timestamp":1678783775611,"level":"debug","message":"Page request finished: GET (document) file:///C:/Users/ADMINI~1/AppData/Local/Temp/jsreport/autocleanup/86566f46-8384-42f5-aa0e-5a9cda6818ce-chrome-pdf.html","meta":{"rootId":"ccfdbbznpol2my3","id":"ccfdbbznpol2my3"},"id":"qipoaplydqu8q86","previousOperationId":"l9s75arusbax3w9"}
{"type":"log","timestamp":1678783775616,"level":"debug","message":"Page request: GET (stylesheet) https://fonts.googleapis.com/css2?family=Montserrat:wght@500&family=Open+Sans:wght@300&display=swap","meta":{"rootId":"ccfdbbznpol2my3","id":"ccfdbbznpol2my3"},"id":"6j1aoo3n2cjdi1j","previousOperationId":"l9s75arusbax3w9"}
{"type":"log","timestamp":1678783775901,"level":"debug","message":"Page request finished: GET (stylesheet) 200 https://fonts.googleapis.com/css2?family=Montserrat:wght@500&family=Open+Sans:wght@300&display=swap","meta":{"rootId":"ccfdbbznpol2my3","id":"ccfdbbznpol2my3"},"id":"40auyhiur62q9m5","previousOperationId":"l9s75arusbax3w9"}
{"type":"log","timestamp":1678783775969,"level":"debug","message":"Page request: GET (font) https://fonts.gstatic.com/s/opensans/v34/memSYaGs126MiZpBA-UvWbX2vVnXBbObj2OVZyOOSr4dVJWUgsiH0B4gaVI.woff2","meta":{"rootId":"ccfdbbznpol2my3","id":"ccfdbbznpol2my3"},"id":"qv6kn5xzlluonn8","previousOperationId":"l9s75arusbax3w9"}
{"type":"log","timestamp":1678783775980,"level":"debug","message":"Page request: GET (font) https://fonts.gstatic.com/s/opensans/v34/memSYaGs126MiZpBA-UvWbX2vVnXBbObj2OVZyOOSr4dVJWUgsiH0B4gaVI.woff2","meta":{"rootId":"ccfdbbznpol2my3","id":"ccfdbbznpol2my3"},"id":"opy8mmx91jou1bq","previousOperationId":"l9s75arusbax3w9"}
{"type":"log","timestamp":1678783776135,"level":"debug","message":"Page request finished: GET (font) 200 https://fonts.gstatic.com/s/opensans/v34/memSYaGs126MiZpBA-UvWbX2vVnXBbObj2OVZyOOSr4dVJWUgsiH0B4gaVI.woff2","meta":{"rootId":"ccfdbbznpol2my3","id":"ccfdbbznpol2my3"},"id":"pm3it7ffl17rbjq","previousOperationId":"l9s75arusbax3w9"}
{"type":"log","timestamp":1678783776193,"level":"debug","message":"Running chrome with params {\"scale\":1,\"displayHeaderFooter\":true,\"headerTemplate\":\"...\",\"footerTemplate\":\"...\",\"printBackground\":true,\"pageRanges\":\"\",\"format\":\"A4\",\"width\":\"\",\"height\":\"\",\"marginTop\":\"350px\",\"marginRight\":\"20px\",\"marginBottom\":\"80px\",\"marginLeft\":\"20px\",\"waitForJS\":false,\"waitForNetworkIddle\":false,\"timeout\":58261,\"waitForNetworkIdle\":false,\"margin\":{\"top\":\"350px\",\"right\":\"20px\",\"bottom\":\"80px\",\"left\":\"20px\"}}","meta":{"rootId":"ccfdbbznpol2my3","id":"ccfdbbznpol2my3"},"id":"ma78qh92idg6an1","previousOperationId":"l9s75arusbax3w9"}
{"type":"operationEnd","operationId":"l9s75arusbax3w9","timestamp":1678783776952,"id":"scxr5m2tj6h2ybn","previousEventId":"e9r68bic6k0dyyb","previousOperationId":"l9s75arusbax3w9"}
{"type":"log","timestamp":1678783776952,"level":"debug","message":"Skipping storing report.","meta":{"rootId":"ccfdbbznpol2my3","id":"ccfdbbznpol2my3"},"id":"3n7tbw8ahrlkw3b","previousOperationId":"l9s75arusbax3w9"}
{"type":"log","timestamp":1678783776953,"level":"info","message":"Rendering request 1 finished in 5187 ms","meta":{"rootId":"ccfdbbznpol2my3","id":"ccfdbbznpol2my3"},"id":"x9tqppg0qut0pep","previousOperationId":"l9s75arusbax3w9"}
{"type":"operationEnd","subtype":"render","operationId":"05cnwnt4ljhoadc","timestamp":1678783776953,"id":"6gkk8rgy8ww3o1l","previousEventId":"scxr5m2tj6h2ybn","previousOperationId":"l9s75arusbax3w9"}
{"type":"operationEnd","doDiffs":false,"previousEventId":"00yvgr29jxoi7x2","previousOperationId":"ecos4scj7o71f36","operationId":"ecos4scj7o71f36","timestamp":1678783776959,"id":"jfcw3hjaxbowyv0"}
