{"type":"operationStart","subtype":"profile","data":{"_id":"VyeiDhMDeUIvMCTY","timestamp":"2022-09-17T21:24:04.709Z","state":"queued","mode":"standard","creationDate":"2022-09-17T21:24:04.717Z","modificationDate":"2022-09-17T21:24:04.717Z","shortid":"x6kwiG3","$entitySet":"profiles"},"doDiffs":false,"timestamp":1663449844713,"id":"y5ypzwuengh7bt3","previousOperationId":null,"operationId":"jvzkpnvqi7ky7lp"}
{"type":"log","level":"info","message":"Render request 1 queued for execution and waiting for available worker","previousOperationId":"jvzkpnvqi7ky7lp","timestamp":1663449844714,"id":"km5g1jyz9exw1j0"}
{"type":"operationStart","subtype":"render","name":"anonymous","previousOperationId":"jvzkpnvqi7ky7lp","timestamp":1663449844753,"id":"2fjx2xva860cq0j","previousEventId":"y5ypzwuengh7bt3","operationId":"f4j9loj8l926zh4"}
{"type":"log","timestamp":1663449844754,"level":"info","message":"Starting rendering request 1 (user: null)","meta":{"rootId":"ccv4ffdqxpiq0yv","id":"ccv4ffdqxpiq0yv"},"id":"7qyznc543wmmadd","previousOperationId":"f4j9loj8l926zh4"}
{"type":"log","timestamp":1663449844786,"level":"info","message":"Rendering anonymous template { recipe: chrome-pdf, engine: handlebars }","meta":{"rootId":"ccv4ffdqxpiq0yv","id":"ccv4ffdqxpiq0yv"},"id":"z4l4bqrqldg8luq","previousOperationId":"f4j9loj8l926zh4"}
{"type":"log","timestamp":1663449844787,"level":"debug","message":"Inline data specified.","meta":{"rootId":"ccv4ffdqxpiq0yv","id":"ccv4ffdqxpiq0yv"},"id":"xc70hjd8ii06aqb","previousOperationId":"f4j9loj8l926zh4"}
{"type":"log","timestamp":1663449844812,"level":"debug","message":"Base url not specified, skipping its injection.","meta":{"rootId":"ccv4ffdqxpiq0yv","id":"ccv4ffdqxpiq0yv"},"id":"wgz5za015dqn6k4","previousOperationId":"f4j9loj8l926zh4"}
{"type":"operationStart","subtype":"engine","name":"handlebars","timestamp":1663449844819,"id":"9cadg39bb8pdi4u","previousEventId":"2fjx2xva860cq0j","operationId":"pxgi5inlbdqbucc","previousOperationId":"f4j9loj8l926zh4"}
{"type":"log","timestamp":1663449844819,"level":"debug","message":"Rendering engine handlebars","meta":{"rootId":"ccv4ffdqxpiq0yv","id":"ccv4ffdqxpiq0yv"},"id":"tdj54nmxmy0awx9","previousOperationId":"pxgi5inlbdqbucc"}
{"type":"operationEnd","operationId":"pxgi5inlbdqbucc","timestamp":1663449847388,"id":"97b5soh2qwppaow","previousEventId":"9cadg39bb8pdi4u","previousOperationId":"pxgi5inlbdqbucc"}
{"type":"operationStart","subtype":"recipe","name":"chrome-pdf","timestamp":1663449847390,"id":"139kvmozi5bgwe7","previousEventId":"97b5soh2qwppaow","operationId":"kbz1i0ftqaujpi4","previousOperationId":"pxgi5inlbdqbucc"}
{"type":"log","timestamp":1663449847390,"level":"debug","message":"Executing recipe chrome-pdf","meta":{"rootId":"ccv4ffdqxpiq0yv","id":"ccv4ffdqxpiq0yv"},"id":"pf6uvy613e9vnx3","previousOperationId":"kbz1i0ftqaujpi4"}
{"type":"log","timestamp":1663449848044,"level":"debug","message":"Starting child request to render pdf header","meta":{"rootId":"ccv4ffdqxpiq0yv","id":"ccv4ffdqxpiq0yv"},"id":"z71jib27ak8j4jd","previousOperationId":"kbz1i0ftqaujpi4"}
{"type":"operationStart","subtype":"render","name":"anonymous","previousOperationId":"kbz1i0ftqaujpi4","timestamp":1663449848045,"id":"kq464sp8vjkkouz","previousEventId":"139kvmozi5bgwe7","operationId":"pqxk93fxlsmkfjt"}
{"type":"log","timestamp":1663449848045,"level":"info","message":"Starting rendering request 1 (user: null)","meta":{"rootId":"ccv4ffdqxpiq0yv","id":"3yzjzzyxewzogox"},"id":"0ebn4sp2c419s29","previousOperationId":"pqxk93fxlsmkfjt"}
{"type":"log","timestamp":1663449848046,"level":"info","message":"Rendering anonymous template { recipe: html, engine: handlebars }","meta":{"rootId":"ccv4ffdqxpiq0yv","id":"3yzjzzyxewzogox"},"id":"sckv1uyj6ck59y9","previousOperationId":"pqxk93fxlsmkfjt"}
{"type":"log","timestamp":1663449848046,"level":"debug","message":"Inline data specified.","meta":{"rootId":"ccv4ffdqxpiq0yv","id":"3yzjzzyxewzogox"},"id":"w6avd52s2tqm207","previousOperationId":"pqxk93fxlsmkfjt"}
{"type":"log","timestamp":1663449848608,"level":"debug","message":"Base url not specified, skipping its injection.","meta":{"rootId":"ccv4ffdqxpiq0yv","id":"3yzjzzyxewzogox"},"id":"cgfzoxdzlgoy8zr","previousOperationId":"pqxk93fxlsmkfjt"}
{"type":"log","timestamp":1663449848667,"level":"debug","message":"Replaced assets [\"./src/reporting/assets/logo.png\"]","meta":{"rootId":"ccv4ffdqxpiq0yv","id":"3yzjzzyxewzogox"},"id":"weld8e44i1c8erw","previousOperationId":"pqxk93fxlsmkfjt"}
{"type":"operationStart","subtype":"engine","name":"handlebars","timestamp":1663449848668,"id":"g3olmdsy2x9nziq","previousEventId":"kq464sp8vjkkouz","operationId":"tpai41egdq0kzgo","previousOperationId":"pqxk93fxlsmkfjt"}
{"type":"log","timestamp":1663449848668,"level":"debug","message":"Rendering engine handlebars","meta":{"rootId":"ccv4ffdqxpiq0yv","id":"3yzjzzyxewzogox"},"id":"3tbstws4m3b7edb","previousOperationId":"tpai41egdq0kzgo"}
{"type":"operationEnd","operationId":"tpai41egdq0kzgo","timestamp":1663449848697,"id":"9k54yuwrvosr5st","previousEventId":"g3olmdsy2x9nziq","previousOperationId":"tpai41egdq0kzgo"}
{"type":"operationStart","subtype":"recipe","name":"html","timestamp":1663449848698,"id":"5igm3hewwnhi6to","previousEventId":"9k54yuwrvosr5st","operationId":"5y4hnkab7gmiq23","previousOperationId":"tpai41egdq0kzgo"}
{"type":"log","timestamp":1663449848698,"level":"debug","message":"Executing recipe html","meta":{"rootId":"ccv4ffdqxpiq0yv","id":"3yzjzzyxewzogox"},"id":"5pkpn439n0car7p","previousOperationId":"5y4hnkab7gmiq23"}
{"type":"operationEnd","operationId":"5y4hnkab7gmiq23","timestamp":1663449848698,"id":"vtekxhgeqn9dd9s","previousEventId":"5igm3hewwnhi6to","previousOperationId":"5y4hnkab7gmiq23"}
{"type":"log","timestamp":1663449848700,"level":"debug","message":"Skipping storing report.","meta":{"rootId":"ccv4ffdqxpiq0yv","id":"3yzjzzyxewzogox"},"id":"2mvwncffndt9ivp","previousOperationId":"5y4hnkab7gmiq23"}
{"type":"log","timestamp":1663449848700,"level":"info","message":"Rendering request 1 finished in 3993 ms","meta":{"rootId":"ccv4ffdqxpiq0yv","id":"3yzjzzyxewzogox"},"id":"2sjojtj6ekbhgqc","previousOperationId":"5y4hnkab7gmiq23"}
{"type":"operationEnd","subtype":"render","operationId":"pqxk93fxlsmkfjt","timestamp":1663449848701,"id":"c3zccw56qhtbb1n","previousEventId":"vtekxhgeqn9dd9s","previousOperationId":"5y4hnkab7gmiq23"}
{"type":"log","timestamp":1663449848701,"level":"debug","message":"Starting child request to render pdf footer","meta":{"rootId":"ccv4ffdqxpiq0yv","id":"ccv4ffdqxpiq0yv"},"id":"17kwucgi6xmthv0","previousOperationId":"kbz1i0ftqaujpi4"}
{"type":"operationStart","subtype":"render","name":"anonymous","previousOperationId":"kbz1i0ftqaujpi4","timestamp":1663449848701,"id":"q2yz71gcrdsc9cn","previousEventId":"139kvmozi5bgwe7","operationId":"xuo9jwa3jn0ied3"}
{"type":"log","timestamp":1663449848701,"level":"info","message":"Starting rendering request 1 (user: null)","meta":{"rootId":"ccv4ffdqxpiq0yv","id":"tbqpk9jhdplc9ne"},"id":"vm10tg10fg9kuf0","previousOperationId":"xuo9jwa3jn0ied3"}
{"type":"log","timestamp":1663449848702,"level":"info","message":"Rendering anonymous template { recipe: html, engine: handlebars }","meta":{"rootId":"ccv4ffdqxpiq0yv","id":"tbqpk9jhdplc9ne"},"id":"p7e07vtt7qzus81","previousOperationId":"xuo9jwa3jn0ied3"}
{"type":"log","timestamp":1663449848702,"level":"debug","message":"Inline data specified.","meta":{"rootId":"ccv4ffdqxpiq0yv","id":"tbqpk9jhdplc9ne"},"id":"5u5tuhydqkt0t4j","previousOperationId":"xuo9jwa3jn0ied3"}
{"type":"log","timestamp":1663449848714,"level":"debug","message":"Base url not specified, skipping its injection.","meta":{"rootId":"ccv4ffdqxpiq0yv","id":"tbqpk9jhdplc9ne"},"id":"ks9e9h3ln1i7q0w","previousOperationId":"xuo9jwa3jn0ied3"}
{"type":"operationStart","subtype":"engine","name":"handlebars","timestamp":1663449848714,"id":"h8ck0evts0z4n3s","previousEventId":"q2yz71gcrdsc9cn","operationId":"pftkxy3rfm6jvnx","previousOperationId":"xuo9jwa3jn0ied3"}
{"type":"log","timestamp":1663449848714,"level":"debug","message":"Rendering engine handlebars","meta":{"rootId":"ccv4ffdqxpiq0yv","id":"tbqpk9jhdplc9ne"},"id":"b78gski59hvxhuk","previousOperationId":"pftkxy3rfm6jvnx"}
{"type":"operationEnd","operationId":"pftkxy3rfm6jvnx","timestamp":1663449848754,"id":"vcu17ccxefhcxbe","previousEventId":"h8ck0evts0z4n3s","previousOperationId":"pftkxy3rfm6jvnx"}
{"type":"operationStart","subtype":"recipe","name":"html","timestamp":1663449848754,"id":"8kz4ynlol8nos6k","previousEventId":"vcu17ccxefhcxbe","operationId":"mzb0r86iprzxb0u","previousOperationId":"pftkxy3rfm6jvnx"}
{"type":"log","timestamp":1663449848754,"level":"debug","message":"Executing recipe html","meta":{"rootId":"ccv4ffdqxpiq0yv","id":"tbqpk9jhdplc9ne"},"id":"x8l0err6ptyw5xo","previousOperationId":"mzb0r86iprzxb0u"}
{"type":"operationEnd","operationId":"mzb0r86iprzxb0u","timestamp":1663449848754,"id":"3wrbpelik2flwke","previousEventId":"8kz4ynlol8nos6k","previousOperationId":"mzb0r86iprzxb0u"}
{"type":"log","timestamp":1663449848754,"level":"debug","message":"Skipping storing report.","meta":{"rootId":"ccv4ffdqxpiq0yv","id":"tbqpk9jhdplc9ne"},"id":"hgoc6fxjxtgswou","previousOperationId":"mzb0r86iprzxb0u"}
{"type":"log","timestamp":1663449848754,"level":"info","message":"Rendering request 1 finished in 4047 ms","meta":{"rootId":"ccv4ffdqxpiq0yv","id":"tbqpk9jhdplc9ne"},"id":"cf1y7b5dm7jd9l1","previousOperationId":"mzb0r86iprzxb0u"}
{"type":"operationEnd","subtype":"render","operationId":"xuo9jwa3jn0ied3","timestamp":1663449848754,"id":"dms2dv56rd1eudu","previousEventId":"3wrbpelik2flwke","previousOperationId":"mzb0r86iprzxb0u"}
{"type":"log","timestamp":1663449851839,"level":"debug","message":"Converting with chrome HeadlessChrome/98.0.4758.0 using chrome-pool strategy","meta":{"rootId":"ccv4ffdqxpiq0yv","id":"ccv4ffdqxpiq0yv"},"id":"via39ka4ueia3f6","previousOperationId":"kbz1i0ftqaujpi4"}
{"type":"log","timestamp":1663449852617,"level":"debug","message":"Page request: GET (document) file:///var/folders/8m/98z140gs3yzbw6jqmpbh8b8m0000gn/T/jsreport/autocleanup/97fcf717-2762-444d-9262-6e1b529fdaca-chrome-pdf.html","meta":{"rootId":"ccv4ffdqxpiq0yv","id":"ccv4ffdqxpiq0yv"},"id":"nudt99dm7m73qoj","previousOperationId":"kbz1i0ftqaujpi4"}
{"type":"log","timestamp":1663449852635,"level":"debug","message":"Page request finished: GET (document) file:///var/folders/8m/98z140gs3yzbw6jqmpbh8b8m0000gn/T/jsreport/autocleanup/97fcf717-2762-444d-9262-6e1b529fdaca-chrome-pdf.html","meta":{"rootId":"ccv4ffdqxpiq0yv","id":"ccv4ffdqxpiq0yv"},"id":"ppjeym18de1w9f5","previousOperationId":"kbz1i0ftqaujpi4"}
{"type":"log","timestamp":1663449852733,"level":"debug","message":"Page request: GET (stylesheet) https://fonts.googleapis.com/css2?family=Montserrat:wght@500&family=Open+Sans:wght@300&display=swap","meta":{"rootId":"ccv4ffdqxpiq0yv","id":"ccv4ffdqxpiq0yv"},"id":"pnxp4w6gb9zkl0p","previousOperationId":"kbz1i0ftqaujpi4"}
{"type":"log","timestamp":1663449853016,"level":"debug","message":"Page request finished: GET (stylesheet) 200 https://fonts.googleapis.com/css2?family=Montserrat:wght@500&family=Open+Sans:wght@300&display=swap","meta":{"rootId":"ccv4ffdqxpiq0yv","id":"ccv4ffdqxpiq0yv"},"id":"obmufbl56d0oyd9","previousOperationId":"kbz1i0ftqaujpi4"}
{"type":"log","timestamp":1663449853061,"level":"debug","message":"Page request: GET (font) https://fonts.gstatic.com/s/opensans/v34/memSYaGs126MiZpBA-UvWbX2vVnXBbObj2OVZyOOSr4dVJWUgsiH0B4gaVQUwaEQbjA.woff","meta":{"rootId":"ccv4ffdqxpiq0yv","id":"ccv4ffdqxpiq0yv"},"id":"hexf0yx4qs7ytrr","previousOperationId":"kbz1i0ftqaujpi4"}
{"type":"log","timestamp":1663449853075,"level":"debug","message":"Running chrome with params {\"scale\":1,\"displayHeaderFooter\":true,\"headerTemplate\":\"...\",\"footerTemplate\":\"...\",\"printBackground\":true,\"pageRanges\":\"\",\"format\":\"A4\",\"width\":\"\",\"height\":\"\",\"marginTop\":\"350px\",\"marginRight\":\"20px\",\"marginBottom\":\"80px\",\"marginLeft\":\"20px\",\"waitForJS\":false,\"waitForNetworkIddle\":false,\"timeout\":55952,\"waitForNetworkIdle\":false,\"margin\":{\"top\":\"350px\",\"right\":\"20px\",\"bottom\":\"80px\",\"left\":\"20px\"}}","meta":{"rootId":"ccv4ffdqxpiq0yv","id":"ccv4ffdqxpiq0yv"},"id":"wuynwuhwz58nohi","previousOperationId":"kbz1i0ftqaujpi4"}
{"type":"log","timestamp":1663449853083,"level":"debug","message":"Page request: GET (font) https://fonts.gstatic.com/s/opensans/v34/memSYaGs126MiZpBA-UvWbX2vVnXBbObj2OVZyOOSr4dVJWUgsiH0B4gaVQUwaEQbjA.woff","meta":{"rootId":"ccv4ffdqxpiq0yv","id":"ccv4ffdqxpiq0yv"},"id":"ua85xfq6doh3fkt","previousOperationId":"kbz1i0ftqaujpi4"}
{"type":"operationEnd","operationId":"kbz1i0ftqaujpi4","timestamp":1663449853348,"id":"z2mtgj06ailxa7n","previousEventId":"139kvmozi5bgwe7","previousOperationId":"kbz1i0ftqaujpi4"}
{"type":"log","timestamp":1663449853348,"level":"debug","message":"Skipping storing report.","meta":{"rootId":"ccv4ffdqxpiq0yv","id":"ccv4ffdqxpiq0yv"},"id":"go45hh5lf95b9eq","previousOperationId":"kbz1i0ftqaujpi4"}
{"type":"log","timestamp":1663449853348,"level":"info","message":"Rendering request 1 finished in 8641 ms","meta":{"rootId":"ccv4ffdqxpiq0yv","id":"ccv4ffdqxpiq0yv"},"id":"c62hm1oxenzov7o","previousOperationId":"kbz1i0ftqaujpi4"}
{"type":"operationEnd","subtype":"render","operationId":"f4j9loj8l926zh4","timestamp":1663449853348,"id":"4mpcv7xqbz78mbi","previousEventId":"z2mtgj06ailxa7n","previousOperationId":"kbz1i0ftqaujpi4"}
{"type":"operationEnd","doDiffs":false,"previousEventId":"y5ypzwuengh7bt3","previousOperationId":"jvzkpnvqi7ky7lp","operationId":"jvzkpnvqi7ky7lp","timestamp":1663449853356,"id":"n0trd6efcd993tp"}
