{"type":"operationStart","subtype":"profile","data":{"_id":"RkIrrVPqsHKji4PB","timestamp":"2022-09-08T08:54:40.911Z","state":"queued","mode":"standard","creationDate":"2022-09-08T08:54:40.996Z","modificationDate":"2022-09-08T08:54:40.996Z","shortid":"pvHVnri","$entitySet":"profiles"},"doDiffs":false,"timestamp":1662627280915,"id":"i13ehac56telxzn","previousOperationId":null,"operationId":"wd178o0fnvcqu1i"}
{"type":"log","level":"info","message":"Render request 1 queued for execution and waiting for available worker","previousOperationId":"wd178o0fnvcqu1i","timestamp":1662627280915,"id":"3390abjau8k23pf"}
{"type":"operationStart","subtype":"render","name":"anonymous","previousOperationId":"wd178o0fnvcqu1i","timestamp":1662627281260,"id":"9itly54pme6xl1i","previousEventId":"i13ehac56telxzn","operationId":"btdaaaswgbodm3e"}
{"type":"log","timestamp":1662627281263,"level":"info","message":"Starting rendering request 1 (user: null)","meta":{"rootId":"ck6apujsi5ll8h7","id":"ck6apujsi5ll8h7"},"id":"t5aja3bmereb14a","previousOperationId":"btdaaaswgbodm3e"}
{"type":"log","timestamp":1662627281267,"level":"info","message":"Rendering anonymous template { recipe: chrome-pdf, engine: handlebars }","meta":{"rootId":"ck6apujsi5ll8h7","id":"ck6apujsi5ll8h7"},"id":"ul1dgwhnr4svazr","previousOperationId":"btdaaaswgbodm3e"}
{"type":"log","timestamp":1662627281267,"level":"debug","message":"Inline data specified.","meta":{"rootId":"ck6apujsi5ll8h7","id":"ck6apujsi5ll8h7"},"id":"nk9yz50qqi9cv89","previousOperationId":"btdaaaswgbodm3e"}
{"type":"log","timestamp":1662627281280,"level":"debug","message":"Base url not specified, skipping its injection.","meta":{"rootId":"ck6apujsi5ll8h7","id":"ck6apujsi5ll8h7"},"id":"bhc0jae4ek8abik","previousOperationId":"btdaaaswgbodm3e"}
{"type":"operationStart","subtype":"engine","name":"handlebars","timestamp":1662627281286,"id":"a8wzwe2y5lcepcq","previousEventId":"9itly54pme6xl1i","operationId":"nhj66or8re59i0t","previousOperationId":"btdaaaswgbodm3e"}
{"type":"log","timestamp":1662627281287,"level":"debug","message":"Rendering engine handlebars","meta":{"rootId":"ck6apujsi5ll8h7","id":"ck6apujsi5ll8h7"},"id":"kk3bcw2352nx97y","previousOperationId":"nhj66or8re59i0t"}
{"type":"operationEnd","operationId":"nhj66or8re59i0t","timestamp":1662627282664,"id":"2dlk1k5zge1len0","previousEventId":"a8wzwe2y5lcepcq","previousOperationId":"nhj66or8re59i0t"}
{"type":"operationStart","subtype":"recipe","name":"chrome-pdf","timestamp":1662627282665,"id":"utu12yc8ryf2dww","previousEventId":"2dlk1k5zge1len0","operationId":"7akfl131locej2b","previousOperationId":"nhj66or8re59i0t"}
{"type":"log","timestamp":1662627282665,"level":"debug","message":"Executing recipe chrome-pdf","meta":{"rootId":"ck6apujsi5ll8h7","id":"ck6apujsi5ll8h7"},"id":"xd449enmewptblk","previousOperationId":"7akfl131locej2b"}
{"type":"log","timestamp":1662627282794,"level":"debug","message":"Starting child request to render pdf header","meta":{"rootId":"ck6apujsi5ll8h7","id":"ck6apujsi5ll8h7"},"id":"zw680nwvfiz01id","previousOperationId":"7akfl131locej2b"}
{"type":"operationStart","subtype":"render","name":"anonymous","previousOperationId":"7akfl131locej2b","timestamp":1662627282796,"id":"lyrztda4ej9955p","previousEventId":"utu12yc8ryf2dww","operationId":"i1gpbsmpi424zqd"}
{"type":"log","timestamp":1662627282796,"level":"info","message":"Starting rendering request 1 (user: null)","meta":{"rootId":"ck6apujsi5ll8h7","id":"ggm5x4ni4uudbkq"},"id":"iefu1b0j21oavl4","previousOperationId":"i1gpbsmpi424zqd"}
{"type":"log","timestamp":1662627282796,"level":"info","message":"Rendering anonymous template { recipe: html, engine: handlebars }","meta":{"rootId":"ck6apujsi5ll8h7","id":"ggm5x4ni4uudbkq"},"id":"jdxpu429mhnoknm","previousOperationId":"i1gpbsmpi424zqd"}
{"type":"log","timestamp":1662627282796,"level":"debug","message":"Inline data specified.","meta":{"rootId":"ck6apujsi5ll8h7","id":"ggm5x4ni4uudbkq"},"id":"cbtpdtltdrhd7x5","previousOperationId":"i1gpbsmpi424zqd"}
{"type":"log","timestamp":1662627282800,"level":"debug","message":"Base url not specified, skipping its injection.","meta":{"rootId":"ck6apujsi5ll8h7","id":"ggm5x4ni4uudbkq"},"id":"6lhzgiv1o94pume","previousOperationId":"i1gpbsmpi424zqd"}
{"type":"log","timestamp":1662627282813,"level":"debug","message":"Replaced assets [\"./src/reporting/assets/logo.png\"]","meta":{"rootId":"ck6apujsi5ll8h7","id":"ggm5x4ni4uudbkq"},"id":"b1hz0zkzr4wwvfy","previousOperationId":"i1gpbsmpi424zqd"}
{"type":"operationStart","subtype":"engine","name":"handlebars","timestamp":1662627282813,"id":"sqpw8mbnfy4s97l","previousEventId":"lyrztda4ej9955p","operationId":"osh6qcg0u93cn2t","previousOperationId":"i1gpbsmpi424zqd"}
{"type":"log","timestamp":1662627282813,"level":"debug","message":"Rendering engine handlebars","meta":{"rootId":"ck6apujsi5ll8h7","id":"ggm5x4ni4uudbkq"},"id":"zqsymtxl2en186v","previousOperationId":"osh6qcg0u93cn2t"}
{"type":"operationEnd","operationId":"osh6qcg0u93cn2t","timestamp":1662627282841,"id":"wwptxvksnj3oozf","previousEventId":"sqpw8mbnfy4s97l","previousOperationId":"osh6qcg0u93cn2t"}
{"type":"operationStart","subtype":"recipe","name":"html","timestamp":1662627282842,"id":"nlxuxf1p38to369","previousEventId":"wwptxvksnj3oozf","operationId":"i681xkwu2lamcs0","previousOperationId":"osh6qcg0u93cn2t"}
{"type":"log","timestamp":1662627282842,"level":"debug","message":"Executing recipe html","meta":{"rootId":"ck6apujsi5ll8h7","id":"ggm5x4ni4uudbkq"},"id":"7udlwrfag5eowht","previousOperationId":"i681xkwu2lamcs0"}
{"type":"operationEnd","operationId":"i681xkwu2lamcs0","timestamp":1662627282842,"id":"dwsazthg6lc1334","previousEventId":"nlxuxf1p38to369","previousOperationId":"i681xkwu2lamcs0"}
{"type":"log","timestamp":1662627282846,"level":"debug","message":"Skipping storing report.","meta":{"rootId":"ck6apujsi5ll8h7","id":"ggm5x4ni4uudbkq"},"id":"lb34mwdzvl8mq22","previousOperationId":"i681xkwu2lamcs0"}
{"type":"log","timestamp":1662627282847,"level":"info","message":"Rendering request 1 finished in 1949 ms","meta":{"rootId":"ck6apujsi5ll8h7","id":"ggm5x4ni4uudbkq"},"id":"1b0mfiaxdg7euwz","previousOperationId":"i681xkwu2lamcs0"}
{"type":"operationEnd","subtype":"render","operationId":"i1gpbsmpi424zqd","timestamp":1662627282847,"id":"ks91paj2s2mywh1","previousEventId":"dwsazthg6lc1334","previousOperationId":"i681xkwu2lamcs0"}
{"type":"log","timestamp":1662627282847,"level":"debug","message":"Starting child request to render pdf footer","meta":{"rootId":"ck6apujsi5ll8h7","id":"ck6apujsi5ll8h7"},"id":"9elzg8dbvyneioy","previousOperationId":"7akfl131locej2b"}
{"type":"operationStart","subtype":"render","name":"anonymous","previousOperationId":"7akfl131locej2b","timestamp":1662627282848,"id":"5dkj232sqmg2ud8","previousEventId":"utu12yc8ryf2dww","operationId":"z74aag1xpdg9590"}
{"type":"log","timestamp":1662627282848,"level":"info","message":"Starting rendering request 1 (user: null)","meta":{"rootId":"ck6apujsi5ll8h7","id":"u756w9gihn42o4i"},"id":"clbsq5a15o2ar08","previousOperationId":"z74aag1xpdg9590"}
{"type":"log","timestamp":1662627282849,"level":"info","message":"Rendering anonymous template { recipe: html, engine: handlebars }","meta":{"rootId":"ck6apujsi5ll8h7","id":"u756w9gihn42o4i"},"id":"ndbn6nczherrflm","previousOperationId":"z74aag1xpdg9590"}
{"type":"log","timestamp":1662627282849,"level":"debug","message":"Inline data specified.","meta":{"rootId":"ck6apujsi5ll8h7","id":"u756w9gihn42o4i"},"id":"lnbjiw5yntluuf8","previousOperationId":"z74aag1xpdg9590"}
{"type":"log","timestamp":1662627282855,"level":"debug","message":"Base url not specified, skipping its injection.","meta":{"rootId":"ck6apujsi5ll8h7","id":"u756w9gihn42o4i"},"id":"oyit5oydokq1d84","previousOperationId":"z74aag1xpdg9590"}
{"type":"operationStart","subtype":"engine","name":"handlebars","timestamp":1662627282857,"id":"i7e99kfeipnh4bd","previousEventId":"5dkj232sqmg2ud8","operationId":"g5v1h2xthje9slf","previousOperationId":"z74aag1xpdg9590"}
{"type":"log","timestamp":1662627282857,"level":"debug","message":"Rendering engine handlebars","meta":{"rootId":"ck6apujsi5ll8h7","id":"u756w9gihn42o4i"},"id":"ztdh3q4v8wv1czm","previousOperationId":"g5v1h2xthje9slf"}
{"type":"operationEnd","operationId":"g5v1h2xthje9slf","timestamp":1662627282980,"id":"gs6oz4h840qwxxy","previousEventId":"i7e99kfeipnh4bd","previousOperationId":"g5v1h2xthje9slf"}
{"type":"operationStart","subtype":"recipe","name":"html","timestamp":1662627282984,"id":"rzu3wtdwhzqg507","previousEventId":"gs6oz4h840qwxxy","operationId":"d5m2cjkxxe85o60","previousOperationId":"g5v1h2xthje9slf"}
{"type":"log","timestamp":1662627282984,"level":"debug","message":"Executing recipe html","meta":{"rootId":"ck6apujsi5ll8h7","id":"u756w9gihn42o4i"},"id":"lsbl1b0nmqftn6p","previousOperationId":"d5m2cjkxxe85o60"}
{"type":"operationEnd","operationId":"d5m2cjkxxe85o60","timestamp":1662627282984,"id":"2aiinnlz7e3x4sw","previousEventId":"rzu3wtdwhzqg507","previousOperationId":"d5m2cjkxxe85o60"}
{"type":"log","timestamp":1662627282984,"level":"debug","message":"Skipping storing report.","meta":{"rootId":"ck6apujsi5ll8h7","id":"u756w9gihn42o4i"},"id":"o18p1u5oiqjyj9p","previousOperationId":"d5m2cjkxxe85o60"}
{"type":"log","timestamp":1662627282985,"level":"info","message":"Rendering request 1 finished in 2087 ms","meta":{"rootId":"ck6apujsi5ll8h7","id":"u756w9gihn42o4i"},"id":"clfmuf2svfenpzp","previousOperationId":"d5m2cjkxxe85o60"}
{"type":"operationEnd","subtype":"render","operationId":"z74aag1xpdg9590","timestamp":1662627282985,"id":"tribbczy0qe5l5b","previousEventId":"2aiinnlz7e3x4sw","previousOperationId":"d5m2cjkxxe85o60"}
{"type":"log","timestamp":1662627285226,"level":"debug","message":"Converting with chrome HeadlessChrome/98.0.4758.0 using chrome-pool strategy","meta":{"rootId":"ck6apujsi5ll8h7","id":"ck6apujsi5ll8h7"},"id":"5vmu7a0hvl1g6aa","previousOperationId":"7akfl131locej2b"}
{"type":"log","timestamp":1662627286114,"level":"debug","message":"Page request: GET (document) file:///var/folders/8m/98z140gs3yzbw6jqmpbh8b8m0000gn/T/jsreport/autocleanup/2ba2de1a-7870-4b3d-82b1-88f01216df5c-chrome-pdf.html","meta":{"rootId":"ck6apujsi5ll8h7","id":"ck6apujsi5ll8h7"},"id":"lyvaju3xweap8c0","previousOperationId":"7akfl131locej2b"}
{"type":"log","timestamp":1662627286152,"level":"debug","message":"Page request finished: GET (document) file:///var/folders/8m/98z140gs3yzbw6jqmpbh8b8m0000gn/T/jsreport/autocleanup/2ba2de1a-7870-4b3d-82b1-88f01216df5c-chrome-pdf.html","meta":{"rootId":"ck6apujsi5ll8h7","id":"ck6apujsi5ll8h7"},"id":"qpv3fb2x6lmjos2","previousOperationId":"7akfl131locej2b"}
{"type":"log","timestamp":1662627286194,"level":"debug","message":"Page request: GET (stylesheet) https://fonts.googleapis.com/css2?family=Montserrat:wght@500&family=Open+Sans:wght@300&display=swap","meta":{"rootId":"ck6apujsi5ll8h7","id":"ck6apujsi5ll8h7"},"id":"dl0e2fmhwurqvvc","previousOperationId":"7akfl131locej2b"}
{"type":"log","timestamp":1662627286757,"level":"debug","message":"Page request finished: GET (stylesheet) 200 https://fonts.googleapis.com/css2?family=Montserrat:wght@500&family=Open+Sans:wght@300&display=swap","meta":{"rootId":"ck6apujsi5ll8h7","id":"ck6apujsi5ll8h7"},"id":"bsuckmaotldm6tk","previousOperationId":"7akfl131locej2b"}
{"type":"log","timestamp":1662627286853,"level":"debug","message":"Page request: GET (font) https://fonts.gstatic.com/s/opensans/v34/memSYaGs126MiZpBA-UvWbX2vVnXBbObj2OVZyOOSr4dVJWUgsiH0B4gaVQUwaEQbjA.woff","meta":{"rootId":"ck6apujsi5ll8h7","id":"ck6apujsi5ll8h7"},"id":"8a5sw5f389hfq6v","previousOperationId":"7akfl131locej2b"}
{"type":"log","timestamp":1662627286875,"level":"debug","message":"Page request: GET (font) https://fonts.gstatic.com/s/opensans/v34/memSYaGs126MiZpBA-UvWbX2vVnXBbObj2OVZyOOSr4dVJWUgsiH0B4gaVQUwaEQbjA.woff","meta":{"rootId":"ck6apujsi5ll8h7","id":"ck6apujsi5ll8h7"},"id":"xwzm6e8rv2nj11h","previousOperationId":"7akfl131locej2b"}
{"type":"log","timestamp":1662627287322,"level":"debug","message":"Page request finished: GET (font) 200 https://fonts.gstatic.com/s/opensans/v34/memSYaGs126MiZpBA-UvWbX2vVnXBbObj2OVZyOOSr4dVJWUgsiH0B4gaVQUwaEQbjA.woff","meta":{"rootId":"ck6apujsi5ll8h7","id":"ck6apujsi5ll8h7"},"id":"ukckbjtogm3uomp","previousOperationId":"7akfl131locej2b"}
{"type":"log","timestamp":1662627287336,"level":"debug","message":"Running chrome with params {\"scale\":1,\"displayHeaderFooter\":true,\"headerTemplate\":\"...\",\"footerTemplate\":\"...\",\"printBackground\":true,\"pageRanges\":\"\",\"format\":\"A4\",\"width\":\"\",\"height\":\"\",\"marginTop\":\"350px\",\"marginRight\":\"20px\",\"marginBottom\":\"80px\",\"marginLeft\":\"20px\",\"waitForJS\":false,\"waitForNetworkIddle\":false,\"timeout\":57912,\"waitForNetworkIdle\":false,\"margin\":{\"top\":\"350px\",\"right\":\"20px\",\"bottom\":\"80px\",\"left\":\"20px\"}}","meta":{"rootId":"ck6apujsi5ll8h7","id":"ck6apujsi5ll8h7"},"id":"fwac7n1j7fvt6i9","previousOperationId":"7akfl131locej2b"}
{"type":"operationEnd","operationId":"7akfl131locej2b","timestamp":1662627287602,"id":"mxyzy9nkeiolciz","previousEventId":"utu12yc8ryf2dww","previousOperationId":"7akfl131locej2b"}
{"type":"log","timestamp":1662627287607,"level":"debug","message":"Skipping storing report.","meta":{"rootId":"ck6apujsi5ll8h7","id":"ck6apujsi5ll8h7"},"id":"miqiwpqjzkk0xug","previousOperationId":"7akfl131locej2b"}
{"type":"log","timestamp":1662627287607,"level":"info","message":"Rendering request 1 finished in 6709 ms","meta":{"rootId":"ck6apujsi5ll8h7","id":"ck6apujsi5ll8h7"},"id":"5yf4gqe2s63u2dr","previousOperationId":"7akfl131locej2b"}
{"type":"operationEnd","subtype":"render","operationId":"btdaaaswgbodm3e","timestamp":1662627287607,"id":"q5ayh27fkclq0m0","previousEventId":"mxyzy9nkeiolciz","previousOperationId":"7akfl131locej2b"}
{"type":"operationEnd","doDiffs":false,"previousEventId":"i13ehac56telxzn","previousOperationId":"wd178o0fnvcqu1i","operationId":"wd178o0fnvcqu1i","timestamp":1662627287613,"id":"sw8mki4u2dcdlj4"}
