{"type":"operationStart","subtype":"profile","data":{"_id":"aMtl6lVuwfJVZtH8","timestamp":"2023-03-13T09:07:24.964Z","state":"queued","mode":"standard","creationDate":"2023-03-13T09:07:24.970Z","modificationDate":"2023-03-13T09:07:24.970Z","shortid":"I4mdX66","$entitySet":"profiles"},"doDiffs":false,"timestamp":1678698444967,"id":"r0zrrz6okst0g6r","previousOperationId":null,"operationId":"4gz2g40a8i0tn1q"}
{"type":"log","level":"info","message":"Render request 1 queued for execution and waiting for available worker","previousOperationId":"4gz2g40a8i0tn1q","timestamp":1678698444967,"id":"ow9cbxp2356z9xg"}
{"type":"operationStart","subtype":"render","name":"anonymous","previousOperationId":"4gz2g40a8i0tn1q","timestamp":1678698444992,"id":"ro7et0le2zmj0qp","previousEventId":"r0zrrz6okst0g6r","operationId":"gdjbaei3qtz7uo3"}
{"type":"log","timestamp":1678698444994,"level":"info","message":"Starting rendering request 1 (user: null)","meta":{"rootId":"co8qka656w96zak","id":"co8qka656w96zak"},"id":"hspwqp3ydyn9mw3","previousOperationId":"gdjbaei3qtz7uo3"}
{"type":"log","timestamp":1678698444996,"level":"info","message":"Rendering anonymous template { recipe: chrome-pdf, engine: handlebars }","meta":{"rootId":"co8qka656w96zak","id":"co8qka656w96zak"},"id":"uqv3wkciab73ps5","previousOperationId":"gdjbaei3qtz7uo3"}
{"type":"log","timestamp":1678698444997,"level":"debug","message":"Inline data specified.","meta":{"rootId":"co8qka656w96zak","id":"co8qka656w96zak"},"id":"0iqbjofnihf1bp2","previousOperationId":"gdjbaei3qtz7uo3"}
{"type":"log","timestamp":1678698445004,"level":"debug","message":"Base url not specified, skipping its injection.","meta":{"rootId":"co8qka656w96zak","id":"co8qka656w96zak"},"id":"mq4rfd62mw06a8v","previousOperationId":"gdjbaei3qtz7uo3"}
{"type":"operationStart","subtype":"engine","name":"handlebars","timestamp":1678698445006,"id":"342k3tirofxsi4a","previousEventId":"ro7et0le2zmj0qp","operationId":"126r4t1igbrrmjg","previousOperationId":"gdjbaei3qtz7uo3"}
{"type":"log","timestamp":1678698445006,"level":"debug","message":"Rendering engine handlebars","meta":{"rootId":"co8qka656w96zak","id":"co8qka656w96zak"},"id":"e5is8d6szy38pfv","previousOperationId":"126r4t1igbrrmjg"}
{"type":"operationEnd","operationId":"126r4t1igbrrmjg","timestamp":1678698445973,"id":"sdna4xne02lm8hn","previousEventId":"342k3tirofxsi4a","previousOperationId":"126r4t1igbrrmjg"}
{"type":"operationStart","subtype":"recipe","name":"chrome-pdf","timestamp":1678698445974,"id":"ddwbmybbfci4jh3","previousEventId":"sdna4xne02lm8hn","operationId":"ngkg288s087g7z0","previousOperationId":"126r4t1igbrrmjg"}
{"type":"log","timestamp":1678698445974,"level":"debug","message":"Executing recipe chrome-pdf","meta":{"rootId":"co8qka656w96zak","id":"co8qka656w96zak"},"id":"csw5qs6nu073ppz","previousOperationId":"ngkg288s087g7z0"}
{"type":"log","timestamp":1678698446172,"level":"debug","message":"Starting child request to render pdf header","meta":{"rootId":"co8qka656w96zak","id":"co8qka656w96zak"},"id":"03k80iqzwn3veg7","previousOperationId":"ngkg288s087g7z0"}
{"type":"operationStart","subtype":"render","name":"anonymous","previousOperationId":"ngkg288s087g7z0","timestamp":1678698446173,"id":"q69monj7mdu6yha","previousEventId":"ddwbmybbfci4jh3","operationId":"blsz5ygb2g7uwhr"}
{"type":"log","timestamp":1678698446173,"level":"info","message":"Starting rendering request 1 (user: null)","meta":{"rootId":"co8qka656w96zak","id":"pf093zzi3jgzitu"},"id":"8bb94s8vjl5ylto","previousOperationId":"blsz5ygb2g7uwhr"}
{"type":"log","timestamp":1678698446174,"level":"info","message":"Rendering anonymous template { recipe: html, engine: handlebars }","meta":{"rootId":"co8qka656w96zak","id":"pf093zzi3jgzitu"},"id":"bb0u63yaen8ac0i","previousOperationId":"blsz5ygb2g7uwhr"}
{"type":"log","timestamp":1678698446174,"level":"debug","message":"Inline data specified.","meta":{"rootId":"co8qka656w96zak","id":"pf093zzi3jgzitu"},"id":"qyng85imlugtk8z","previousOperationId":"blsz5ygb2g7uwhr"}
{"type":"log","timestamp":1678698446176,"level":"debug","message":"Base url not specified, skipping its injection.","meta":{"rootId":"co8qka656w96zak","id":"pf093zzi3jgzitu"},"id":"z23xlc8bhkjbobx","previousOperationId":"blsz5ygb2g7uwhr"}
{"type":"log","timestamp":1678698446186,"level":"debug","message":"Replaced assets [\"./src/reporting/assets/logo.png\"]","meta":{"rootId":"co8qka656w96zak","id":"pf093zzi3jgzitu"},"id":"6aphp2ldr7eplb5","previousOperationId":"blsz5ygb2g7uwhr"}
{"type":"operationStart","subtype":"engine","name":"handlebars","timestamp":1678698446188,"id":"t3nelzg9izsh29l","previousEventId":"q69monj7mdu6yha","operationId":"eozyoggoaxf7jez","previousOperationId":"blsz5ygb2g7uwhr"}
{"type":"log","timestamp":1678698446188,"level":"debug","message":"Rendering engine handlebars","meta":{"rootId":"co8qka656w96zak","id":"pf093zzi3jgzitu"},"id":"shpurim4l3sgqm9","previousOperationId":"eozyoggoaxf7jez"}
{"type":"operationEnd","operationId":"eozyoggoaxf7jez","timestamp":1678698446234,"id":"glwfd8bacueb0s8","previousEventId":"t3nelzg9izsh29l","previousOperationId":"eozyoggoaxf7jez"}
{"type":"operationStart","subtype":"recipe","name":"html","timestamp":1678698446235,"id":"vbhc66y329rcmco","previousEventId":"glwfd8bacueb0s8","operationId":"gct35qbnc11w5y5","previousOperationId":"eozyoggoaxf7jez"}
{"type":"log","timestamp":1678698446235,"level":"debug","message":"Executing recipe html","meta":{"rootId":"co8qka656w96zak","id":"pf093zzi3jgzitu"},"id":"v8n9a3xu6tlib5s","previousOperationId":"gct35qbnc11w5y5"}
{"type":"operationEnd","operationId":"gct35qbnc11w5y5","timestamp":1678698446236,"id":"yp1uorbv4qls9th","previousEventId":"vbhc66y329rcmco","previousOperationId":"gct35qbnc11w5y5"}
{"type":"log","timestamp":1678698446239,"level":"debug","message":"Skipping storing report.","meta":{"rootId":"co8qka656w96zak","id":"pf093zzi3jgzitu"},"id":"z4aq7saq7hu8uzq","previousOperationId":"gct35qbnc11w5y5"}
{"type":"log","timestamp":1678698446240,"level":"info","message":"Rendering request 1 finished in 1279 ms","meta":{"rootId":"co8qka656w96zak","id":"pf093zzi3jgzitu"},"id":"vuleg7u1et1tznr","previousOperationId":"gct35qbnc11w5y5"}
{"type":"operationEnd","subtype":"render","operationId":"blsz5ygb2g7uwhr","timestamp":1678698446240,"id":"eoe4msteeqhtnvn","previousEventId":"yp1uorbv4qls9th","previousOperationId":"gct35qbnc11w5y5"}
{"type":"log","timestamp":1678698446240,"level":"debug","message":"Starting child request to render pdf footer","meta":{"rootId":"co8qka656w96zak","id":"co8qka656w96zak"},"id":"rj1fmsmg9l0w1q4","previousOperationId":"ngkg288s087g7z0"}
{"type":"operationStart","subtype":"render","name":"anonymous","previousOperationId":"ngkg288s087g7z0","timestamp":1678698446241,"id":"0iq2dqngfq5acdu","previousEventId":"ddwbmybbfci4jh3","operationId":"95aafwjd59k7jd5"}
{"type":"log","timestamp":1678698446241,"level":"info","message":"Starting rendering request 1 (user: null)","meta":{"rootId":"co8qka656w96zak","id":"pogomqi6fyc05bk"},"id":"spugkd5xgfqpjov","previousOperationId":"95aafwjd59k7jd5"}
{"type":"log","timestamp":1678698446241,"level":"info","message":"Rendering anonymous template { recipe: html, engine: handlebars }","meta":{"rootId":"co8qka656w96zak","id":"pogomqi6fyc05bk"},"id":"gq15au1k4neqx35","previousOperationId":"95aafwjd59k7jd5"}
{"type":"log","timestamp":1678698446241,"level":"debug","message":"Inline data specified.","meta":{"rootId":"co8qka656w96zak","id":"pogomqi6fyc05bk"},"id":"dv310gu0m59dtes","previousOperationId":"95aafwjd59k7jd5"}
{"type":"log","timestamp":1678698446244,"level":"debug","message":"Base url not specified, skipping its injection.","meta":{"rootId":"co8qka656w96zak","id":"pogomqi6fyc05bk"},"id":"c1zm1rai0cvf44c","previousOperationId":"95aafwjd59k7jd5"}
{"type":"operationStart","subtype":"engine","name":"handlebars","timestamp":1678698446245,"id":"4kunttmwmpej4qk","previousEventId":"0iq2dqngfq5acdu","operationId":"z6bpl85crprqa4p","previousOperationId":"95aafwjd59k7jd5"}
{"type":"log","timestamp":1678698446245,"level":"debug","message":"Rendering engine handlebars","meta":{"rootId":"co8qka656w96zak","id":"pogomqi6fyc05bk"},"id":"jfcpqq6npalx641","previousOperationId":"z6bpl85crprqa4p"}
{"type":"operationEnd","operationId":"z6bpl85crprqa4p","timestamp":1678698446278,"id":"6iwxv3pml5rrqjr","previousEventId":"4kunttmwmpej4qk","previousOperationId":"z6bpl85crprqa4p"}
{"type":"operationStart","subtype":"recipe","name":"html","timestamp":1678698446278,"id":"wvxo7i4vgdu2dq8","previousEventId":"6iwxv3pml5rrqjr","operationId":"h53ucfcima293ml","previousOperationId":"z6bpl85crprqa4p"}
{"type":"log","timestamp":1678698446278,"level":"debug","message":"Executing recipe html","meta":{"rootId":"co8qka656w96zak","id":"pogomqi6fyc05bk"},"id":"wn8guhtf72c0hlr","previousOperationId":"h53ucfcima293ml"}
{"type":"operationEnd","operationId":"h53ucfcima293ml","timestamp":1678698446278,"id":"nthrt483a03a6bz","previousEventId":"wvxo7i4vgdu2dq8","previousOperationId":"h53ucfcima293ml"}
{"type":"log","timestamp":1678698446278,"level":"debug","message":"Skipping storing report.","meta":{"rootId":"co8qka656w96zak","id":"pogomqi6fyc05bk"},"id":"udbwz9xks8rlfsg","previousOperationId":"h53ucfcima293ml"}
{"type":"log","timestamp":1678698446279,"level":"info","message":"Rendering request 1 finished in 1318 ms","meta":{"rootId":"co8qka656w96zak","id":"pogomqi6fyc05bk"},"id":"t1eijnfod3zohq5","previousOperationId":"h53ucfcima293ml"}
{"type":"operationEnd","subtype":"render","operationId":"95aafwjd59k7jd5","timestamp":1678698446279,"id":"5v2i9774euik73x","previousEventId":"nthrt483a03a6bz","previousOperationId":"h53ucfcima293ml"}
{"type":"log","timestamp":1678698447410,"level":"debug","message":"Converting with chrome HeadlessChrome/98.0.4758.0 using chrome-pool strategy","meta":{"rootId":"co8qka656w96zak","id":"co8qka656w96zak"},"id":"9v5qhvj3a184wan","previousOperationId":"ngkg288s087g7z0"}
{"type":"log","timestamp":1678698448422,"level":"debug","message":"Page request: GET (document) file:///C:/Users/ADMINI~1/AppData/Local/Temp/jsreport/autocleanup/6bf2cac2-f48b-43c6-b10a-46ad46418b14-chrome-pdf.html","meta":{"rootId":"co8qka656w96zak","id":"co8qka656w96zak"},"id":"15sxnbwwpuee7u2","previousOperationId":"ngkg288s087g7z0"}
{"type":"log","timestamp":1678698448460,"level":"debug","message":"Page request finished: GET (document) file:///C:/Users/ADMINI~1/AppData/Local/Temp/jsreport/autocleanup/6bf2cac2-f48b-43c6-b10a-46ad46418b14-chrome-pdf.html","meta":{"rootId":"co8qka656w96zak","id":"co8qka656w96zak"},"id":"vjag65fr29voeik","previousOperationId":"ngkg288s087g7z0"}
{"type":"log","timestamp":1678698448470,"level":"debug","message":"Page request: GET (stylesheet) https://fonts.googleapis.com/css2?family=Montserrat:wght@500&family=Open+Sans:wght@300&display=swap","meta":{"rootId":"co8qka656w96zak","id":"co8qka656w96zak"},"id":"0fan26alitdbda4","previousOperationId":"ngkg288s087g7z0"}
{"type":"log","timestamp":1678698448778,"level":"debug","message":"Page request finished: GET (stylesheet) 200 https://fonts.googleapis.com/css2?family=Montserrat:wght@500&family=Open+Sans:wght@300&display=swap","meta":{"rootId":"co8qka656w96zak","id":"co8qka656w96zak"},"id":"dxmjfhmclfyiv8r","previousOperationId":"ngkg288s087g7z0"}
{"type":"log","timestamp":1678698448830,"level":"debug","message":"Page request: GET (font) https://fonts.gstatic.com/s/opensans/v34/memSYaGs126MiZpBA-UvWbX2vVnXBbObj2OVZyOOSr4dVJWUgsiH0B4gaVI.woff2","meta":{"rootId":"co8qka656w96zak","id":"co8qka656w96zak"},"id":"uxhyplbtr71jpur","previousOperationId":"ngkg288s087g7z0"}
{"type":"log","timestamp":1678698448835,"level":"debug","message":"Page request: GET (font) https://fonts.gstatic.com/s/opensans/v34/memSYaGs126MiZpBA-UvWbX2vVnXBbObj2OVZyOOSr4dVJWUgsiH0B4gaVI.woff2","meta":{"rootId":"co8qka656w96zak","id":"co8qka656w96zak"},"id":"xc6i1qiv3odhx4a","previousOperationId":"ngkg288s087g7z0"}
{"type":"log","timestamp":1678698449092,"level":"debug","message":"Page request finished: GET (font) 200 https://fonts.gstatic.com/s/opensans/v34/memSYaGs126MiZpBA-UvWbX2vVnXBbObj2OVZyOOSr4dVJWUgsiH0B4gaVI.woff2","meta":{"rootId":"co8qka656w96zak","id":"co8qka656w96zak"},"id":"te9d0dqfgc3jzh4","previousOperationId":"ngkg288s087g7z0"}
{"type":"log","timestamp":1678698449126,"level":"debug","message":"Running chrome with params {\"scale\":1,\"displayHeaderFooter\":true,\"headerTemplate\":\"...\",\"footerTemplate\":\"...\",\"printBackground\":true,\"pageRanges\":\"\",\"format\":\"A4\",\"width\":\"\",\"height\":\"\",\"marginTop\":\"350px\",\"marginRight\":\"20px\",\"marginBottom\":\"80px\",\"marginLeft\":\"20px\",\"waitForJS\":false,\"waitForNetworkIddle\":false,\"timeout\":58682,\"waitForNetworkIdle\":false,\"margin\":{\"top\":\"350px\",\"right\":\"20px\",\"bottom\":\"80px\",\"left\":\"20px\"}}","meta":{"rootId":"co8qka656w96zak","id":"co8qka656w96zak"},"id":"ptn0f03qrsw22cc","previousOperationId":"ngkg288s087g7z0"}
{"type":"operationEnd","operationId":"ngkg288s087g7z0","timestamp":1678698449402,"id":"yadflve6v9r80j9","previousEventId":"ddwbmybbfci4jh3","previousOperationId":"ngkg288s087g7z0"}
{"type":"log","timestamp":1678698449402,"level":"debug","message":"Skipping storing report.","meta":{"rootId":"co8qka656w96zak","id":"co8qka656w96zak"},"id":"v8y7kya1vkj8skc","previousOperationId":"ngkg288s087g7z0"}
{"type":"log","timestamp":1678698449403,"level":"info","message":"Rendering request 1 finished in 4442 ms","meta":{"rootId":"co8qka656w96zak","id":"co8qka656w96zak"},"id":"vilojiz4ij746vm","previousOperationId":"ngkg288s087g7z0"}
{"type":"operationEnd","subtype":"render","operationId":"gdjbaei3qtz7uo3","timestamp":1678698449403,"id":"yag391vcmfmif98","previousEventId":"yadflve6v9r80j9","previousOperationId":"ngkg288s087g7z0"}
{"type":"operationEnd","doDiffs":false,"previousEventId":"r0zrrz6okst0g6r","previousOperationId":"4gz2g40a8i0tn1q","operationId":"4gz2g40a8i0tn1q","timestamp":1678698449408,"id":"u6cdzc5as0t91mu"}
