{"type":"operationStart","subtype":"profile","data":{"_id":"fd420iem6Xpn6SGP","timestamp":"2022-09-17T18:04:23.577Z","state":"queued","mode":"standard","creationDate":"2022-09-17T18:04:23.582Z","modificationDate":"2022-09-17T18:04:23.582Z","shortid":"hmsrp_h","$entitySet":"profiles"},"doDiffs":false,"timestamp":1663437863579,"id":"msyz719rcu2ype0","previousOperationId":null,"operationId":"ut3gu8aov8aroay"}
{"type":"log","level":"info","message":"Render request 1 queued for execution and waiting for available worker","previousOperationId":"ut3gu8aov8aroay","timestamp":1663437863579,"id":"oapriu7o72zmqzn"}
{"type":"operationStart","subtype":"render","name":"anonymous","previousOperationId":"ut3gu8aov8aroay","timestamp":1663437863605,"id":"w5pitd4ucu0aeli","previousEventId":"msyz719rcu2ype0","operationId":"4deloz25phaznw8"}
{"type":"log","timestamp":1663437863606,"level":"info","message":"Starting rendering request 1 (user: null)","meta":{"rootId":"cziljqf4ycz1c0k","id":"cziljqf4ycz1c0k"},"id":"kxv0bdg8em600ci","previousOperationId":"4deloz25phaznw8"}
{"type":"log","timestamp":1663437863609,"level":"info","message":"Rendering anonymous template { recipe: chrome-pdf, engine: handlebars }","meta":{"rootId":"cziljqf4ycz1c0k","id":"cziljqf4ycz1c0k"},"id":"uyzmmw07smvvmrn","previousOperationId":"4deloz25phaznw8"}
{"type":"log","timestamp":1663437863610,"level":"debug","message":"Inline data specified.","meta":{"rootId":"cziljqf4ycz1c0k","id":"cziljqf4ycz1c0k"},"id":"f9fv9hb2xyoe7po","previousOperationId":"4deloz25phaznw8"}
{"type":"log","timestamp":1663437863616,"level":"debug","message":"Base url not specified, skipping its injection.","meta":{"rootId":"cziljqf4ycz1c0k","id":"cziljqf4ycz1c0k"},"id":"30yw7e9pt50xzsk","previousOperationId":"4deloz25phaznw8"}
{"type":"operationStart","subtype":"engine","name":"handlebars","timestamp":1663437863618,"id":"an6he9ed831gmop","previousEventId":"w5pitd4ucu0aeli","operationId":"rrfcp9la69f1wuf","previousOperationId":"4deloz25phaznw8"}
{"type":"log","timestamp":1663437863618,"level":"debug","message":"Rendering engine handlebars","meta":{"rootId":"cziljqf4ycz1c0k","id":"cziljqf4ycz1c0k"},"id":"koqrbkby6xjdss4","previousOperationId":"rrfcp9la69f1wuf"}
{"type":"operationEnd","operationId":"rrfcp9la69f1wuf","timestamp":1663437864837,"id":"gkgxsuzyb20dxae","previousEventId":"an6he9ed831gmop","previousOperationId":"rrfcp9la69f1wuf"}
{"type":"operationStart","subtype":"recipe","name":"chrome-pdf","timestamp":1663437864838,"id":"sriw9nvkud05q8i","previousEventId":"gkgxsuzyb20dxae","operationId":"xczteqtvomm92jm","previousOperationId":"rrfcp9la69f1wuf"}
{"type":"log","timestamp":1663437864838,"level":"debug","message":"Executing recipe chrome-pdf","meta":{"rootId":"cziljqf4ycz1c0k","id":"cziljqf4ycz1c0k"},"id":"9ffi3cyozvt50yv","previousOperationId":"xczteqtvomm92jm"}
{"type":"log","timestamp":1663437865043,"level":"debug","message":"Starting child request to render pdf header","meta":{"rootId":"cziljqf4ycz1c0k","id":"cziljqf4ycz1c0k"},"id":"u24kj3ja1kcyaf2","previousOperationId":"xczteqtvomm92jm"}
{"type":"operationStart","subtype":"render","name":"anonymous","previousOperationId":"xczteqtvomm92jm","timestamp":1663437865044,"id":"pkrg6cuwkmb8z9n","previousEventId":"sriw9nvkud05q8i","operationId":"mplm4cizn8w9iab"}
{"type":"log","timestamp":1663437865044,"level":"info","message":"Starting rendering request 1 (user: null)","meta":{"rootId":"cziljqf4ycz1c0k","id":"bzgq6h5b8l49jg5"},"id":"hdc4ql6cu1teuxb","previousOperationId":"mplm4cizn8w9iab"}
{"type":"log","timestamp":1663437865044,"level":"info","message":"Rendering anonymous template { recipe: html, engine: handlebars }","meta":{"rootId":"cziljqf4ycz1c0k","id":"bzgq6h5b8l49jg5"},"id":"a506tnp72kl853t","previousOperationId":"mplm4cizn8w9iab"}
{"type":"log","timestamp":1663437865045,"level":"debug","message":"Inline data specified.","meta":{"rootId":"cziljqf4ycz1c0k","id":"bzgq6h5b8l49jg5"},"id":"33mu2mz0rr91lgw","previousOperationId":"mplm4cizn8w9iab"}
{"type":"log","timestamp":1663437865060,"level":"debug","message":"Base url not specified, skipping its injection.","meta":{"rootId":"cziljqf4ycz1c0k","id":"bzgq6h5b8l49jg5"},"id":"zpkdm48c00dmh9t","previousOperationId":"mplm4cizn8w9iab"}
{"type":"log","timestamp":1663437865096,"level":"debug","message":"Replaced assets [\"./src/reporting/assets/logo.png\"]","meta":{"rootId":"cziljqf4ycz1c0k","id":"bzgq6h5b8l49jg5"},"id":"e2w8jqg7sn0zrcv","previousOperationId":"mplm4cizn8w9iab"}
{"type":"operationStart","subtype":"engine","name":"handlebars","timestamp":1663437865096,"id":"7ysqfzqjnp0lw5z","previousEventId":"pkrg6cuwkmb8z9n","operationId":"nlq7jbxqh7ibqed","previousOperationId":"mplm4cizn8w9iab"}
{"type":"log","timestamp":1663437865096,"level":"debug","message":"Rendering engine handlebars","meta":{"rootId":"cziljqf4ycz1c0k","id":"bzgq6h5b8l49jg5"},"id":"doid4umc56ondi7","previousOperationId":"nlq7jbxqh7ibqed"}
{"type":"operationEnd","operationId":"nlq7jbxqh7ibqed","timestamp":1663437865118,"id":"uvu8qz36a50yg8z","previousEventId":"7ysqfzqjnp0lw5z","previousOperationId":"nlq7jbxqh7ibqed"}
{"type":"operationStart","subtype":"recipe","name":"html","timestamp":1663437865119,"id":"azz5u1wnbbsb9lg","previousEventId":"uvu8qz36a50yg8z","operationId":"635h0608gv4ld7p","previousOperationId":"nlq7jbxqh7ibqed"}
{"type":"log","timestamp":1663437865119,"level":"debug","message":"Executing recipe html","meta":{"rootId":"cziljqf4ycz1c0k","id":"bzgq6h5b8l49jg5"},"id":"zlvaotasiw4sszb","previousOperationId":"635h0608gv4ld7p"}
{"type":"operationEnd","operationId":"635h0608gv4ld7p","timestamp":1663437865119,"id":"olzwu6fzttrbizt","previousEventId":"azz5u1wnbbsb9lg","previousOperationId":"635h0608gv4ld7p"}
{"type":"log","timestamp":1663437865120,"level":"debug","message":"Skipping storing report.","meta":{"rootId":"cziljqf4ycz1c0k","id":"bzgq6h5b8l49jg5"},"id":"a22bzj18vdbcm7f","previousOperationId":"635h0608gv4ld7p"}
{"type":"log","timestamp":1663437865121,"level":"info","message":"Rendering request 1 finished in 1545 ms","meta":{"rootId":"cziljqf4ycz1c0k","id":"bzgq6h5b8l49jg5"},"id":"4orr6gdf6ywxxkx","previousOperationId":"635h0608gv4ld7p"}
{"type":"operationEnd","subtype":"render","operationId":"mplm4cizn8w9iab","timestamp":1663437865121,"id":"3fbgd7mxmnl4545","previousEventId":"olzwu6fzttrbizt","previousOperationId":"635h0608gv4ld7p"}
{"type":"log","timestamp":1663437865121,"level":"debug","message":"Starting child request to render pdf footer","meta":{"rootId":"cziljqf4ycz1c0k","id":"cziljqf4ycz1c0k"},"id":"qgkyau5b3gn7uej","previousOperationId":"xczteqtvomm92jm"}
{"type":"operationStart","subtype":"render","name":"anonymous","previousOperationId":"xczteqtvomm92jm","timestamp":1663437865121,"id":"mcyw1jywyp7h2vn","previousEventId":"sriw9nvkud05q8i","operationId":"cbrgybzyolvx32p"}
{"type":"log","timestamp":1663437865122,"level":"info","message":"Starting rendering request 1 (user: null)","meta":{"rootId":"cziljqf4ycz1c0k","id":"cgnynhllgz8s7kd"},"id":"ljp4q8i1klhh6mw","previousOperationId":"cbrgybzyolvx32p"}
{"type":"log","timestamp":1663437865122,"level":"info","message":"Rendering anonymous template { recipe: html, engine: handlebars }","meta":{"rootId":"cziljqf4ycz1c0k","id":"cgnynhllgz8s7kd"},"id":"wakn86qc0o5csbr","previousOperationId":"cbrgybzyolvx32p"}
{"type":"log","timestamp":1663437865122,"level":"debug","message":"Inline data specified.","meta":{"rootId":"cziljqf4ycz1c0k","id":"cgnynhllgz8s7kd"},"id":"2oj65alisjbtav4","previousOperationId":"cbrgybzyolvx32p"}
{"type":"log","timestamp":1663437865124,"level":"debug","message":"Base url not specified, skipping its injection.","meta":{"rootId":"cziljqf4ycz1c0k","id":"cgnynhllgz8s7kd"},"id":"v5qf301yijwc8t1","previousOperationId":"cbrgybzyolvx32p"}
{"type":"operationStart","subtype":"engine","name":"handlebars","timestamp":1663437865125,"id":"v99d7qec51zhots","previousEventId":"mcyw1jywyp7h2vn","operationId":"36i3t0vlbq5y9eg","previousOperationId":"cbrgybzyolvx32p"}
{"type":"log","timestamp":1663437865125,"level":"debug","message":"Rendering engine handlebars","meta":{"rootId":"cziljqf4ycz1c0k","id":"cgnynhllgz8s7kd"},"id":"2m7kzx4l8w4d11u","previousOperationId":"36i3t0vlbq5y9eg"}
{"type":"operationEnd","operationId":"36i3t0vlbq5y9eg","timestamp":1663437865150,"id":"a2yr3fkpvti7f6n","previousEventId":"v99d7qec51zhots","previousOperationId":"36i3t0vlbq5y9eg"}
{"type":"operationStart","subtype":"recipe","name":"html","timestamp":1663437865150,"id":"t6nbt24bbl0a7vn","previousEventId":"a2yr3fkpvti7f6n","operationId":"lu0mxwc8b2pqpbd","previousOperationId":"36i3t0vlbq5y9eg"}
{"type":"log","timestamp":1663437865150,"level":"debug","message":"Executing recipe html","meta":{"rootId":"cziljqf4ycz1c0k","id":"cgnynhllgz8s7kd"},"id":"ok3rvrnkol6c8td","previousOperationId":"lu0mxwc8b2pqpbd"}
{"type":"operationEnd","operationId":"lu0mxwc8b2pqpbd","timestamp":1663437865150,"id":"8up0f7xvwniwrke","previousEventId":"t6nbt24bbl0a7vn","previousOperationId":"lu0mxwc8b2pqpbd"}
{"type":"log","timestamp":1663437865150,"level":"debug","message":"Skipping storing report.","meta":{"rootId":"cziljqf4ycz1c0k","id":"cgnynhllgz8s7kd"},"id":"6sdkmy99ykh5hdl","previousOperationId":"lu0mxwc8b2pqpbd"}
{"type":"log","timestamp":1663437865150,"level":"info","message":"Rendering request 1 finished in 1574 ms","meta":{"rootId":"cziljqf4ycz1c0k","id":"cgnynhllgz8s7kd"},"id":"2n9k59huaga12ex","previousOperationId":"lu0mxwc8b2pqpbd"}
{"type":"operationEnd","subtype":"render","operationId":"cbrgybzyolvx32p","timestamp":1663437865151,"id":"vg8q2w26u8y0d6a","previousEventId":"8up0f7xvwniwrke","previousOperationId":"lu0mxwc8b2pqpbd"}
{"type":"log","timestamp":1663437867607,"level":"debug","message":"Converting with chrome HeadlessChrome/98.0.4758.0 using chrome-pool strategy","meta":{"rootId":"cziljqf4ycz1c0k","id":"cziljqf4ycz1c0k"},"id":"3d9vfotce6chs02","previousOperationId":"xczteqtvomm92jm"}
{"type":"log","timestamp":1663437868087,"level":"debug","message":"Page request: GET (document) file:///var/folders/8m/98z140gs3yzbw6jqmpbh8b8m0000gn/T/jsreport/autocleanup/583c6576-e8cd-4382-977e-a18d2386e2c7-chrome-pdf.html","meta":{"rootId":"cziljqf4ycz1c0k","id":"cziljqf4ycz1c0k"},"id":"r3qcn1fusv6sysw","previousOperationId":"xczteqtvomm92jm"}
{"type":"log","timestamp":1663437868112,"level":"debug","message":"Page request finished: GET (document) file:///var/folders/8m/98z140gs3yzbw6jqmpbh8b8m0000gn/T/jsreport/autocleanup/583c6576-e8cd-4382-977e-a18d2386e2c7-chrome-pdf.html","meta":{"rootId":"cziljqf4ycz1c0k","id":"cziljqf4ycz1c0k"},"id":"znmyttn2eaoxq2q","previousOperationId":"xczteqtvomm92jm"}
{"type":"log","timestamp":1663437868120,"level":"debug","message":"Page request: GET (stylesheet) https://fonts.googleapis.com/css2?family=Montserrat:wght@500&family=Open+Sans:wght@300&display=swap","meta":{"rootId":"cziljqf4ycz1c0k","id":"cziljqf4ycz1c0k"},"id":"rd53cso9ewwhakp","previousOperationId":"xczteqtvomm92jm"}
{"type":"log","timestamp":1663437868384,"level":"debug","message":"Page request finished: GET (stylesheet) 200 https://fonts.googleapis.com/css2?family=Montserrat:wght@500&family=Open+Sans:wght@300&display=swap","meta":{"rootId":"cziljqf4ycz1c0k","id":"cziljqf4ycz1c0k"},"id":"pcsel9ngflz4snr","previousOperationId":"xczteqtvomm92jm"}
{"type":"log","timestamp":1663437868433,"level":"debug","message":"Page request: GET (font) https://fonts.gstatic.com/s/opensans/v34/memSYaGs126MiZpBA-UvWbX2vVnXBbObj2OVZyOOSr4dVJWUgsiH0B4gaVQUwaEQbjA.woff","meta":{"rootId":"cziljqf4ycz1c0k","id":"cziljqf4ycz1c0k"},"id":"jrqqwhb03jorbli","previousOperationId":"xczteqtvomm92jm"}
{"type":"log","timestamp":1663437868439,"level":"debug","message":"Running chrome with params {\"scale\":1,\"displayHeaderFooter\":true,\"headerTemplate\":\"...\",\"footerTemplate\":\"...\",\"printBackground\":true,\"pageRanges\":\"\",\"format\":\"A4\",\"width\":\"\",\"height\":\"\",\"marginTop\":\"350px\",\"marginRight\":\"20px\",\"marginBottom\":\"80px\",\"marginLeft\":\"20px\",\"waitForJS\":false,\"waitForNetworkIddle\":false,\"timeout\":58425,\"waitForNetworkIdle\":false,\"margin\":{\"top\":\"350px\",\"right\":\"20px\",\"bottom\":\"80px\",\"left\":\"20px\"}}","meta":{"rootId":"cziljqf4ycz1c0k","id":"cziljqf4ycz1c0k"},"id":"ewikk34uxj38cek","previousOperationId":"xczteqtvomm92jm"}
{"type":"log","timestamp":1663437868444,"level":"debug","message":"Page request: GET (font) https://fonts.gstatic.com/s/opensans/v34/memSYaGs126MiZpBA-UvWbX2vVnXBbObj2OVZyOOSr4dVJWUgsiH0B4gaVQUwaEQbjA.woff","meta":{"rootId":"cziljqf4ycz1c0k","id":"cziljqf4ycz1c0k"},"id":"3bmytnndpjx8ifu","previousOperationId":"xczteqtvomm92jm"}
{"type":"operationEnd","operationId":"xczteqtvomm92jm","timestamp":1663437868730,"id":"v2qjxl5c8fhi8xk","previousEventId":"sriw9nvkud05q8i","previousOperationId":"xczteqtvomm92jm"}
{"type":"log","timestamp":1663437868730,"level":"debug","message":"Skipping storing report.","meta":{"rootId":"cziljqf4ycz1c0k","id":"cziljqf4ycz1c0k"},"id":"wbagsa3hxptefms","previousOperationId":"xczteqtvomm92jm"}
{"type":"log","timestamp":1663437868730,"level":"info","message":"Rendering request 1 finished in 5154 ms","meta":{"rootId":"cziljqf4ycz1c0k","id":"cziljqf4ycz1c0k"},"id":"4lvxmbp4xn4xmj3","previousOperationId":"xczteqtvomm92jm"}
{"type":"operationEnd","subtype":"render","operationId":"4deloz25phaznw8","timestamp":1663437868730,"id":"e8fg9mnr66ly0uu","previousEventId":"v2qjxl5c8fhi8xk","previousOperationId":"xczteqtvomm92jm"}
{"type":"operationEnd","doDiffs":false,"previousEventId":"msyz719rcu2ype0","previousOperationId":"ut3gu8aov8aroay","operationId":"ut3gu8aov8aroay","timestamp":1663437868738,"id":"qipj5omwo81co08"}
