{"type":"operationStart","subtype":"profile","data":{"_id":"ETXN8Cou99vOZwxC","timestamp":"2022-09-01T09:21:43.575Z","state":"queued","mode":"standard","creationDate":"2022-09-01T09:21:43.583Z","modificationDate":"2022-09-01T09:21:43.583Z","shortid":"nOxz88J","$entitySet":"profiles"},"doDiffs":false,"timestamp":1662024103580,"id":"eyp6swdgsneemaq","previousOperationId":null,"operationId":"2qsaobax0u4q4ke"}
{"type":"log","level":"info","message":"Render request 1 queued for execution and waiting for available worker","previousOperationId":"2qsaobax0u4q4ke","timestamp":1662024103580,"id":"6lg23716zyuordu"}
{"type":"operationStart","subtype":"render","name":"anonymous","previousOperationId":"2qsaobax0u4q4ke","timestamp":1662024103635,"id":"5s39t3s01sp0klz","previousEventId":"eyp6swdgsneemaq","operationId":"ef9egow7sngrynp"}
{"type":"log","timestamp":1662024103644,"level":"info","message":"Starting rendering request 1 (user: null)","meta":{"rootId":"d1dgckje8mj439k","id":"d1dgckje8mj439k"},"id":"ecdps4503hhz8db","previousOperationId":"ef9egow7sngrynp"}
{"type":"log","timestamp":1662024103648,"level":"info","message":"Rendering anonymous template { recipe: chrome-pdf, engine: handlebars }","meta":{"rootId":"d1dgckje8mj439k","id":"d1dgckje8mj439k"},"id":"0u2jxu89uphsb9n","previousOperationId":"ef9egow7sngrynp"}
{"type":"log","timestamp":1662024103649,"level":"debug","message":"Inline data specified.","meta":{"rootId":"d1dgckje8mj439k","id":"d1dgckje8mj439k"},"id":"96pto6lgqkkv7m4","previousOperationId":"ef9egow7sngrynp"}
{"type":"log","timestamp":1662024103666,"level":"debug","message":"Base url not specified, skipping its injection.","meta":{"rootId":"d1dgckje8mj439k","id":"d1dgckje8mj439k"},"id":"n3n1vckpnk6wqz3","previousOperationId":"ef9egow7sngrynp"}
{"type":"operationStart","subtype":"engine","name":"handlebars","timestamp":1662024103670,"id":"is8yymlk3h4auvs","previousEventId":"5s39t3s01sp0klz","operationId":"dmnbwgolrknjlve","previousOperationId":"ef9egow7sngrynp"}
{"type":"log","timestamp":1662024103670,"level":"debug","message":"Rendering engine handlebars","meta":{"rootId":"d1dgckje8mj439k","id":"d1dgckje8mj439k"},"id":"323jseu424ij66d","previousOperationId":"dmnbwgolrknjlve"}
{"type":"operationEnd","operationId":"dmnbwgolrknjlve","timestamp":1662024104616,"id":"7rrreign362lznk","previousEventId":"is8yymlk3h4auvs","previousOperationId":"dmnbwgolrknjlve"}
{"type":"operationStart","subtype":"recipe","name":"chrome-pdf","timestamp":1662024104617,"id":"wu1cezw2hcath6z","previousEventId":"7rrreign362lznk","operationId":"log1yad4c8kuykg","previousOperationId":"dmnbwgolrknjlve"}
{"type":"log","timestamp":1662024104617,"level":"debug","message":"Executing recipe chrome-pdf","meta":{"rootId":"d1dgckje8mj439k","id":"d1dgckje8mj439k"},"id":"y7obv3b5tof2s5r","previousOperationId":"log1yad4c8kuykg"}
{"type":"log","timestamp":1662024104726,"level":"debug","message":"Starting child request to render pdf header","meta":{"rootId":"d1dgckje8mj439k","id":"d1dgckje8mj439k"},"id":"2x58lxlgj5gq8m4","previousOperationId":"log1yad4c8kuykg"}
{"type":"operationStart","subtype":"render","name":"anonymous","previousOperationId":"log1yad4c8kuykg","timestamp":1662024104727,"id":"9f8ru8povoubkqi","previousEventId":"wu1cezw2hcath6z","operationId":"6rxwwdcwtuqotlc"}
{"type":"log","timestamp":1662024104727,"level":"info","message":"Starting rendering request 1 (user: null)","meta":{"rootId":"d1dgckje8mj439k","id":"ep9x3gh88whg5pq"},"id":"02lbid06zbc92hg","previousOperationId":"6rxwwdcwtuqotlc"}
{"type":"log","timestamp":1662024104727,"level":"info","message":"Rendering anonymous template { recipe: html, engine: handlebars }","meta":{"rootId":"d1dgckje8mj439k","id":"ep9x3gh88whg5pq"},"id":"ce1px3cbb7dt7y6","previousOperationId":"6rxwwdcwtuqotlc"}
{"type":"log","timestamp":1662024104728,"level":"debug","message":"Inline data specified.","meta":{"rootId":"d1dgckje8mj439k","id":"ep9x3gh88whg5pq"},"id":"gj8t44x3laci7xe","previousOperationId":"6rxwwdcwtuqotlc"}
{"type":"log","timestamp":1662024104730,"level":"debug","message":"Base url not specified, skipping its injection.","meta":{"rootId":"d1dgckje8mj439k","id":"ep9x3gh88whg5pq"},"id":"39s0is7acehmudh","previousOperationId":"6rxwwdcwtuqotlc"}
{"type":"log","timestamp":1662024104755,"level":"debug","message":"Replaced assets [\"./src/reporting/assets/logo.png\"]","meta":{"rootId":"d1dgckje8mj439k","id":"ep9x3gh88whg5pq"},"id":"vtyfot7lfng3j8q","previousOperationId":"6rxwwdcwtuqotlc"}
{"type":"operationStart","subtype":"engine","name":"handlebars","timestamp":1662024104756,"id":"cz8460qvg0khywy","previousEventId":"9f8ru8povoubkqi","operationId":"u2r1zvrc4ue0ldx","previousOperationId":"6rxwwdcwtuqotlc"}
{"type":"log","timestamp":1662024104756,"level":"debug","message":"Rendering engine handlebars","meta":{"rootId":"d1dgckje8mj439k","id":"ep9x3gh88whg5pq"},"id":"l7929j8g51lvaxl","previousOperationId":"u2r1zvrc4ue0ldx"}
{"type":"operationEnd","operationId":"u2r1zvrc4ue0ldx","timestamp":1662024104909,"id":"3fonds806rikeie","previousEventId":"cz8460qvg0khywy","previousOperationId":"u2r1zvrc4ue0ldx"}
{"type":"operationStart","subtype":"recipe","name":"html","timestamp":1662024104910,"id":"0ghzm3q8g9tckjl","previousEventId":"3fonds806rikeie","operationId":"yaznmn69h91zawj","previousOperationId":"u2r1zvrc4ue0ldx"}
{"type":"log","timestamp":1662024104910,"level":"debug","message":"Executing recipe html","meta":{"rootId":"d1dgckje8mj439k","id":"ep9x3gh88whg5pq"},"id":"pbpwjkxatwr31ss","previousOperationId":"yaznmn69h91zawj"}
{"type":"operationEnd","operationId":"yaznmn69h91zawj","timestamp":1662024104910,"id":"q3p0aofmgrpijwz","previousEventId":"0ghzm3q8g9tckjl","previousOperationId":"yaznmn69h91zawj"}
{"type":"log","timestamp":1662024104911,"level":"debug","message":"Skipping storing report.","meta":{"rootId":"d1dgckje8mj439k","id":"ep9x3gh88whg5pq"},"id":"21mn2g5e34g6md5","previousOperationId":"yaznmn69h91zawj"}
{"type":"log","timestamp":1662024104911,"level":"info","message":"Rendering request 1 finished in 1337 ms","meta":{"rootId":"d1dgckje8mj439k","id":"ep9x3gh88whg5pq"},"id":"i84v2yhelvjktdw","previousOperationId":"yaznmn69h91zawj"}
{"type":"operationEnd","subtype":"render","operationId":"6rxwwdcwtuqotlc","timestamp":1662024104911,"id":"osq4jo2pbi45uqz","previousEventId":"q3p0aofmgrpijwz","previousOperationId":"yaznmn69h91zawj"}
{"type":"log","timestamp":1662024104912,"level":"debug","message":"Starting child request to render pdf footer","meta":{"rootId":"d1dgckje8mj439k","id":"d1dgckje8mj439k"},"id":"9qn0l4j65kzfbgt","previousOperationId":"log1yad4c8kuykg"}
{"type":"operationStart","subtype":"render","name":"anonymous","previousOperationId":"log1yad4c8kuykg","timestamp":1662024104912,"id":"7vqybgp97ldwe6v","previousEventId":"wu1cezw2hcath6z","operationId":"91yzrfl2n5050yy"}
{"type":"log","timestamp":1662024104912,"level":"info","message":"Starting rendering request 1 (user: null)","meta":{"rootId":"d1dgckje8mj439k","id":"h37rt5xordblxne"},"id":"exravv7rlp4i918","previousOperationId":"91yzrfl2n5050yy"}
{"type":"log","timestamp":1662024104912,"level":"info","message":"Rendering anonymous template { recipe: html, engine: handlebars }","meta":{"rootId":"d1dgckje8mj439k","id":"h37rt5xordblxne"},"id":"tu88ziifr47qpo0","previousOperationId":"91yzrfl2n5050yy"}
{"type":"log","timestamp":1662024104912,"level":"debug","message":"Inline data specified.","meta":{"rootId":"d1dgckje8mj439k","id":"h37rt5xordblxne"},"id":"z3nvc8iw5xcfpa3","previousOperationId":"91yzrfl2n5050yy"}
{"type":"log","timestamp":1662024104914,"level":"debug","message":"Base url not specified, skipping its injection.","meta":{"rootId":"d1dgckje8mj439k","id":"h37rt5xordblxne"},"id":"34g25g0fsx12ku2","previousOperationId":"91yzrfl2n5050yy"}
{"type":"operationStart","subtype":"engine","name":"handlebars","timestamp":1662024104914,"id":"spabz7zi04jtfkx","previousEventId":"7vqybgp97ldwe6v","operationId":"1rufiasyivn50ed","previousOperationId":"91yzrfl2n5050yy"}
{"type":"log","timestamp":1662024104914,"level":"debug","message":"Rendering engine handlebars","meta":{"rootId":"d1dgckje8mj439k","id":"h37rt5xordblxne"},"id":"t1ktb92ag1fsjij","previousOperationId":"1rufiasyivn50ed"}
{"type":"operationEnd","operationId":"1rufiasyivn50ed","timestamp":1662024104947,"id":"tue99x2q2jjb61u","previousEventId":"spabz7zi04jtfkx","previousOperationId":"1rufiasyivn50ed"}
{"type":"operationStart","subtype":"recipe","name":"html","timestamp":1662024104947,"id":"we9sgt66182w0fw","previousEventId":"tue99x2q2jjb61u","operationId":"wu9lg7sj8ixgvy3","previousOperationId":"1rufiasyivn50ed"}
{"type":"log","timestamp":1662024104947,"level":"debug","message":"Executing recipe html","meta":{"rootId":"d1dgckje8mj439k","id":"h37rt5xordblxne"},"id":"y08tpzjcc7iljxt","previousOperationId":"wu9lg7sj8ixgvy3"}
{"type":"operationEnd","operationId":"wu9lg7sj8ixgvy3","timestamp":1662024104947,"id":"jcl03jo1zoh0so2","previousEventId":"we9sgt66182w0fw","previousOperationId":"wu9lg7sj8ixgvy3"}
{"type":"log","timestamp":1662024104947,"level":"debug","message":"Skipping storing report.","meta":{"rootId":"d1dgckje8mj439k","id":"h37rt5xordblxne"},"id":"zwxcx8tfw008n8v","previousOperationId":"wu9lg7sj8ixgvy3"}
{"type":"log","timestamp":1662024104947,"level":"info","message":"Rendering request 1 finished in 1373 ms","meta":{"rootId":"d1dgckje8mj439k","id":"h37rt5xordblxne"},"id":"hsd8o6r35w8vgru","previousOperationId":"wu9lg7sj8ixgvy3"}
{"type":"operationEnd","subtype":"render","operationId":"91yzrfl2n5050yy","timestamp":1662024104947,"id":"s5cu9b5cwi36al8","previousEventId":"jcl03jo1zoh0so2","previousOperationId":"wu9lg7sj8ixgvy3"}
{"type":"log","timestamp":1662024106718,"level":"debug","message":"Converting with chrome HeadlessChrome/98.0.4758.0 using chrome-pool strategy","meta":{"rootId":"d1dgckje8mj439k","id":"d1dgckje8mj439k"},"id":"8ste41fl026jzcg","previousOperationId":"log1yad4c8kuykg"}
{"type":"log","timestamp":1662024107039,"level":"debug","message":"Page request: GET (document) file:///var/folders/8m/98z140gs3yzbw6jqmpbh8b8m0000gn/T/jsreport/autocleanup/e335f31d-3af5-4298-9aeb-aad1a8669f4d-chrome-pdf.html","meta":{"rootId":"d1dgckje8mj439k","id":"d1dgckje8mj439k"},"id":"wyqfk3wei27e1va","previousOperationId":"log1yad4c8kuykg"}
{"type":"log","timestamp":1662024107057,"level":"debug","message":"Page request finished: GET (document) file:///var/folders/8m/98z140gs3yzbw6jqmpbh8b8m0000gn/T/jsreport/autocleanup/e335f31d-3af5-4298-9aeb-aad1a8669f4d-chrome-pdf.html","meta":{"rootId":"d1dgckje8mj439k","id":"d1dgckje8mj439k"},"id":"u9jvxr4y5jbp9ww","previousOperationId":"log1yad4c8kuykg"}
{"type":"log","timestamp":1662024107065,"level":"debug","message":"Page request: GET (stylesheet) https://fonts.googleapis.com/css2?family=Montserrat:wght@500&family=Open+Sans:wght@300&display=swap","meta":{"rootId":"d1dgckje8mj439k","id":"d1dgckje8mj439k"},"id":"x4j7q4d5wge2cjm","previousOperationId":"log1yad4c8kuykg"}
{"type":"log","timestamp":1662024107464,"level":"debug","message":"Page request finished: GET (stylesheet) 200 https://fonts.googleapis.com/css2?family=Montserrat:wght@500&family=Open+Sans:wght@300&display=swap","meta":{"rootId":"d1dgckje8mj439k","id":"d1dgckje8mj439k"},"id":"qzv7qpholq9nax5","previousOperationId":"log1yad4c8kuykg"}
{"type":"log","timestamp":1662024107500,"level":"debug","message":"Page request: GET (font) https://fonts.gstatic.com/s/opensans/v34/memSYaGs126MiZpBA-UvWbX2vVnXBbObj2OVZyOOSr4dVJWUgsiH0B4gaVQUwaEQbjA.woff","meta":{"rootId":"d1dgckje8mj439k","id":"d1dgckje8mj439k"},"id":"s2887rbs0e6tjgk","previousOperationId":"log1yad4c8kuykg"}
{"type":"log","timestamp":1662024107507,"level":"debug","message":"Page request: GET (font) https://fonts.gstatic.com/s/opensans/v34/memSYaGs126MiZpBA-UvWbX2vVnXBbObj2OVZyOOSr4dVJWUgsiH0B4gaVQUwaEQbjA.woff","meta":{"rootId":"d1dgckje8mj439k","id":"d1dgckje8mj439k"},"id":"esmy389l5652aw7","previousOperationId":"log1yad4c8kuykg"}
{"type":"log","timestamp":1662024107508,"level":"debug","message":"Running chrome with params {\"scale\":1,\"displayHeaderFooter\":true,\"headerTemplate\":\"...\",\"footerTemplate\":\"...\",\"printBackground\":true,\"pageRanges\":\"\",\"format\":\"A4\",\"width\":\"\",\"height\":\"\",\"marginTop\":\"350px\",\"marginRight\":\"20px\",\"marginBottom\":\"80px\",\"marginLeft\":\"20px\",\"waitForJS\":false,\"waitForNetworkIddle\":false,\"timeout\":58626,\"waitForNetworkIdle\":false,\"margin\":{\"top\":\"350px\",\"right\":\"20px\",\"bottom\":\"80px\",\"left\":\"20px\"}}","meta":{"rootId":"d1dgckje8mj439k","id":"d1dgckje8mj439k"},"id":"umjp71wvd518g8l","previousOperationId":"log1yad4c8kuykg"}
{"type":"operationEnd","operationId":"log1yad4c8kuykg","timestamp":1662024107748,"id":"41ekk3p2kkt20uj","previousEventId":"wu1cezw2hcath6z","previousOperationId":"log1yad4c8kuykg"}
{"type":"log","timestamp":1662024107749,"level":"debug","message":"Skipping storing report.","meta":{"rootId":"d1dgckje8mj439k","id":"d1dgckje8mj439k"},"id":"zw3s9nltz7fqvdk","previousOperationId":"log1yad4c8kuykg"}
{"type":"log","timestamp":1662024107749,"level":"info","message":"Rendering request 1 finished in 4175 ms","meta":{"rootId":"d1dgckje8mj439k","id":"d1dgckje8mj439k"},"id":"3ctk8r9dlenw421","previousOperationId":"log1yad4c8kuykg"}
{"type":"operationEnd","subtype":"render","operationId":"ef9egow7sngrynp","timestamp":1662024107749,"id":"wbimk822nselm6v","previousEventId":"41ekk3p2kkt20uj","previousOperationId":"log1yad4c8kuykg"}
{"type":"operationEnd","doDiffs":false,"previousEventId":"eyp6swdgsneemaq","previousOperationId":"2qsaobax0u4q4ke","operationId":"2qsaobax0u4q4ke","timestamp":1662024107756,"id":"nyph2mtfeghazvz"}
