{"type":"operationStart","subtype":"profile","data":{"_id":"ZMQS0hS54910inwz","timestamp":"2022-10-02T11:21:23.927Z","state":"queued","mode":"standard","creationDate":"2022-10-02T11:21:23.935Z","modificationDate":"2022-10-02T11:21:23.935Z","shortid":"iN0r72e","$entitySet":"profiles"},"doDiffs":false,"timestamp":1664709683933,"id":"zxfwbx2xdmiymsq","previousOperationId":null,"operationId":"sqxvf45k8q7jha1"}
{"type":"log","level":"info","message":"Render request 1 queued for execution and waiting for available worker","previousOperationId":"sqxvf45k8q7jha1","timestamp":1664709683934,"id":"c0v24vgfhrdm6rn"}
{"type":"operationStart","subtype":"render","name":"anonymous","previousOperationId":"sqxvf45k8q7jha1","timestamp":1664709683986,"id":"8b1zciu8s226rw2","previousEventId":"zxfwbx2xdmiymsq","operationId":"25ba7kto8uem48j"}
{"type":"log","timestamp":1664709683988,"level":"info","message":"Starting rendering request 1 (user: null)","meta":{"rootId":"dbolmsd0cxwvqgz","id":"dbolmsd0cxwvqgz"},"id":"gmcnlrjye7nfsck","previousOperationId":"25ba7kto8uem48j"}
{"type":"log","timestamp":1664709683992,"level":"info","message":"Rendering anonymous template { recipe: chrome-pdf, engine: handlebars }","meta":{"rootId":"dbolmsd0cxwvqgz","id":"dbolmsd0cxwvqgz"},"id":"k9e3bnk8sbo0i3e","previousOperationId":"25ba7kto8uem48j"}
{"type":"log","timestamp":1664709683997,"level":"debug","message":"Inline data specified.","meta":{"rootId":"dbolmsd0cxwvqgz","id":"dbolmsd0cxwvqgz"},"id":"diya78xuhofssv7","previousOperationId":"25ba7kto8uem48j"}
{"type":"log","timestamp":1664709684023,"level":"debug","message":"Base url not specified, skipping its injection.","meta":{"rootId":"dbolmsd0cxwvqgz","id":"dbolmsd0cxwvqgz"},"id":"j2i3deoreqclcbg","previousOperationId":"25ba7kto8uem48j"}
{"type":"operationStart","subtype":"engine","name":"handlebars","timestamp":1664709684028,"id":"wyf7osl0u1gkqhc","previousEventId":"8b1zciu8s226rw2","operationId":"3rvp8vg6562ocws","previousOperationId":"25ba7kto8uem48j"}
{"type":"log","timestamp":1664709684028,"level":"debug","message":"Rendering engine handlebars","meta":{"rootId":"dbolmsd0cxwvqgz","id":"dbolmsd0cxwvqgz"},"id":"w17eyw0mcgwotfh","previousOperationId":"3rvp8vg6562ocws"}
{"type":"operationEnd","operationId":"3rvp8vg6562ocws","timestamp":1664709686125,"id":"3fmts1mzw8qdgo5","previousEventId":"wyf7osl0u1gkqhc","previousOperationId":"3rvp8vg6562ocws"}
{"type":"operationStart","subtype":"recipe","name":"chrome-pdf","timestamp":1664709686127,"id":"iww7dlnyuba1pri","previousEventId":"3fmts1mzw8qdgo5","operationId":"50u7nrhqelpiazq","previousOperationId":"3rvp8vg6562ocws"}
{"type":"log","timestamp":1664709686127,"level":"debug","message":"Executing recipe chrome-pdf","meta":{"rootId":"dbolmsd0cxwvqgz","id":"dbolmsd0cxwvqgz"},"id":"9wd8l5g9q35etru","previousOperationId":"50u7nrhqelpiazq"}
{"type":"log","timestamp":1664709686367,"level":"debug","message":"Starting child request to render pdf header","meta":{"rootId":"dbolmsd0cxwvqgz","id":"dbolmsd0cxwvqgz"},"id":"rio1h3syfkeypnr","previousOperationId":"50u7nrhqelpiazq"}
{"type":"operationStart","subtype":"render","name":"anonymous","previousOperationId":"50u7nrhqelpiazq","timestamp":1664709686368,"id":"d3uogeyqsklppiz","previousEventId":"iww7dlnyuba1pri","operationId":"shgm7kp9d1izab7"}
{"type":"log","timestamp":1664709686368,"level":"info","message":"Starting rendering request 1 (user: null)","meta":{"rootId":"dbolmsd0cxwvqgz","id":"lgsopoxibjham5m"},"id":"f1uwmn4j1xfub8q","previousOperationId":"shgm7kp9d1izab7"}
{"type":"log","timestamp":1664709686368,"level":"info","message":"Rendering anonymous template { recipe: html, engine: handlebars }","meta":{"rootId":"dbolmsd0cxwvqgz","id":"lgsopoxibjham5m"},"id":"8fbiq5e2225qt3w","previousOperationId":"shgm7kp9d1izab7"}
{"type":"log","timestamp":1664709686369,"level":"debug","message":"Inline data specified.","meta":{"rootId":"dbolmsd0cxwvqgz","id":"lgsopoxibjham5m"},"id":"algtee8fecvwhtx","previousOperationId":"shgm7kp9d1izab7"}
{"type":"log","timestamp":1664709686372,"level":"debug","message":"Base url not specified, skipping its injection.","meta":{"rootId":"dbolmsd0cxwvqgz","id":"lgsopoxibjham5m"},"id":"ksxmg1hihxru0lh","previousOperationId":"shgm7kp9d1izab7"}
{"type":"log","timestamp":1664709686383,"level":"debug","message":"Replaced assets [\"./src/reporting/assets/logo.png\"]","meta":{"rootId":"dbolmsd0cxwvqgz","id":"lgsopoxibjham5m"},"id":"p7eup4swyamp89p","previousOperationId":"shgm7kp9d1izab7"}
{"type":"operationStart","subtype":"engine","name":"handlebars","timestamp":1664709686384,"id":"nzdf3u4id370hrj","previousEventId":"d3uogeyqsklppiz","operationId":"cg6s9kn23z404vs","previousOperationId":"shgm7kp9d1izab7"}
{"type":"log","timestamp":1664709686384,"level":"debug","message":"Rendering engine handlebars","meta":{"rootId":"dbolmsd0cxwvqgz","id":"lgsopoxibjham5m"},"id":"66265lvs6gkstjy","previousOperationId":"cg6s9kn23z404vs"}
{"type":"operationEnd","operationId":"cg6s9kn23z404vs","timestamp":1664709686413,"id":"fjg5s1jwfvkzvo0","previousEventId":"nzdf3u4id370hrj","previousOperationId":"cg6s9kn23z404vs"}
{"type":"operationStart","subtype":"recipe","name":"html","timestamp":1664709686414,"id":"pon03wyde7bmdoa","previousEventId":"fjg5s1jwfvkzvo0","operationId":"6g0wpe8m90roibd","previousOperationId":"cg6s9kn23z404vs"}
{"type":"log","timestamp":1664709686414,"level":"debug","message":"Executing recipe html","meta":{"rootId":"dbolmsd0cxwvqgz","id":"lgsopoxibjham5m"},"id":"3ma9oeukvavby6z","previousOperationId":"6g0wpe8m90roibd"}
{"type":"operationEnd","operationId":"6g0wpe8m90roibd","timestamp":1664709686414,"id":"aq5z3ghv4sgfsbf","previousEventId":"pon03wyde7bmdoa","previousOperationId":"6g0wpe8m90roibd"}
{"type":"log","timestamp":1664709686415,"level":"debug","message":"Skipping storing report.","meta":{"rootId":"dbolmsd0cxwvqgz","id":"lgsopoxibjham5m"},"id":"2xy6vinpsqjly0v","previousOperationId":"6g0wpe8m90roibd"}
{"type":"log","timestamp":1664709686416,"level":"info","message":"Rendering request 1 finished in 2491 ms","meta":{"rootId":"dbolmsd0cxwvqgz","id":"lgsopoxibjham5m"},"id":"11w5z054m6v2ssr","previousOperationId":"6g0wpe8m90roibd"}
{"type":"operationEnd","subtype":"render","operationId":"shgm7kp9d1izab7","timestamp":1664709686416,"id":"ndrd0wa4frk2sdx","previousEventId":"aq5z3ghv4sgfsbf","previousOperationId":"6g0wpe8m90roibd"}
{"type":"log","timestamp":1664709686416,"level":"debug","message":"Starting child request to render pdf footer","meta":{"rootId":"dbolmsd0cxwvqgz","id":"dbolmsd0cxwvqgz"},"id":"9rjt9vt5jl8zps2","previousOperationId":"50u7nrhqelpiazq"}
{"type":"operationStart","subtype":"render","name":"anonymous","previousOperationId":"50u7nrhqelpiazq","timestamp":1664709686417,"id":"a1grqv2e7qo4pa2","previousEventId":"iww7dlnyuba1pri","operationId":"hyf4xfl5mhxkj98"}
{"type":"log","timestamp":1664709686417,"level":"info","message":"Starting rendering request 1 (user: null)","meta":{"rootId":"dbolmsd0cxwvqgz","id":"qcn6rctwh7vshp2"},"id":"0a6aij35sgf28uk","previousOperationId":"hyf4xfl5mhxkj98"}
{"type":"log","timestamp":1664709686417,"level":"info","message":"Rendering anonymous template { recipe: html, engine: handlebars }","meta":{"rootId":"dbolmsd0cxwvqgz","id":"qcn6rctwh7vshp2"},"id":"elq76uzx55yeks8","previousOperationId":"hyf4xfl5mhxkj98"}
{"type":"log","timestamp":1664709686418,"level":"debug","message":"Inline data specified.","meta":{"rootId":"dbolmsd0cxwvqgz","id":"qcn6rctwh7vshp2"},"id":"oigng71t9rf4iyo","previousOperationId":"hyf4xfl5mhxkj98"}
{"type":"log","timestamp":1664709686420,"level":"debug","message":"Base url not specified, skipping its injection.","meta":{"rootId":"dbolmsd0cxwvqgz","id":"qcn6rctwh7vshp2"},"id":"ct5zoh45znhx3jk","previousOperationId":"hyf4xfl5mhxkj98"}
{"type":"operationStart","subtype":"engine","name":"handlebars","timestamp":1664709686421,"id":"8nx5tyoq429qb5l","previousEventId":"a1grqv2e7qo4pa2","operationId":"w1nbfbatud0fkjv","previousOperationId":"hyf4xfl5mhxkj98"}
{"type":"log","timestamp":1664709686421,"level":"debug","message":"Rendering engine handlebars","meta":{"rootId":"dbolmsd0cxwvqgz","id":"qcn6rctwh7vshp2"},"id":"oivlzrt8e8u7wke","previousOperationId":"w1nbfbatud0fkjv"}
{"type":"operationEnd","operationId":"w1nbfbatud0fkjv","timestamp":1664709686447,"id":"5odj1ihe4kr57ob","previousEventId":"8nx5tyoq429qb5l","previousOperationId":"w1nbfbatud0fkjv"}
{"type":"operationStart","subtype":"recipe","name":"html","timestamp":1664709686447,"id":"pmapa459i93ja5o","previousEventId":"5odj1ihe4kr57ob","operationId":"ibpfzsygs126b3c","previousOperationId":"w1nbfbatud0fkjv"}
{"type":"log","timestamp":1664709686447,"level":"debug","message":"Executing recipe html","meta":{"rootId":"dbolmsd0cxwvqgz","id":"qcn6rctwh7vshp2"},"id":"7tkj86a4rx559q3","previousOperationId":"ibpfzsygs126b3c"}
{"type":"operationEnd","operationId":"ibpfzsygs126b3c","timestamp":1664709686447,"id":"5o79vjttpzzcpyr","previousEventId":"pmapa459i93ja5o","previousOperationId":"ibpfzsygs126b3c"}
{"type":"log","timestamp":1664709686447,"level":"debug","message":"Skipping storing report.","meta":{"rootId":"dbolmsd0cxwvqgz","id":"qcn6rctwh7vshp2"},"id":"lqu3plpl7qgqfsc","previousOperationId":"ibpfzsygs126b3c"}
{"type":"log","timestamp":1664709686448,"level":"info","message":"Rendering request 1 finished in 2523 ms","meta":{"rootId":"dbolmsd0cxwvqgz","id":"qcn6rctwh7vshp2"},"id":"w8xqw3sej88sc44","previousOperationId":"ibpfzsygs126b3c"}
{"type":"operationEnd","subtype":"render","operationId":"hyf4xfl5mhxkj98","timestamp":1664709686448,"id":"780gkc9l9f37s5r","previousEventId":"5o79vjttpzzcpyr","previousOperationId":"ibpfzsygs126b3c"}
{"type":"log","timestamp":1664709689548,"level":"debug","message":"Converting with chrome HeadlessChrome/98.0.4758.0 using chrome-pool strategy","meta":{"rootId":"dbolmsd0cxwvqgz","id":"dbolmsd0cxwvqgz"},"id":"7o8z1ff3mr5toah","previousOperationId":"50u7nrhqelpiazq"}
{"type":"log","timestamp":1664709690232,"level":"debug","message":"Page request: GET (document) file:///var/folders/8m/98z140gs3yzbw6jqmpbh8b8m0000gn/T/jsreport/autocleanup/5c69d392-df58-43fc-86cf-fcf0e500a033-chrome-pdf.html","meta":{"rootId":"dbolmsd0cxwvqgz","id":"dbolmsd0cxwvqgz"},"id":"1ql9k22kypwrf7u","previousOperationId":"50u7nrhqelpiazq"}
{"type":"log","timestamp":1664709690309,"level":"debug","message":"Page request finished: GET (document) file:///var/folders/8m/98z140gs3yzbw6jqmpbh8b8m0000gn/T/jsreport/autocleanup/5c69d392-df58-43fc-86cf-fcf0e500a033-chrome-pdf.html","meta":{"rootId":"dbolmsd0cxwvqgz","id":"dbolmsd0cxwvqgz"},"id":"goki85t5b4mf4fo","previousOperationId":"50u7nrhqelpiazq"}
{"type":"log","timestamp":1664709690318,"level":"debug","message":"Page request: GET (stylesheet) https://fonts.googleapis.com/css2?family=Montserrat:wght@500&family=Open+Sans:wght@300&display=swap","meta":{"rootId":"dbolmsd0cxwvqgz","id":"dbolmsd0cxwvqgz"},"id":"b0wyspvkrrsba56","previousOperationId":"50u7nrhqelpiazq"}
{"type":"log","timestamp":1664709690910,"level":"debug","message":"Page request finished: GET (stylesheet) 200 https://fonts.googleapis.com/css2?family=Montserrat:wght@500&family=Open+Sans:wght@300&display=swap","meta":{"rootId":"dbolmsd0cxwvqgz","id":"dbolmsd0cxwvqgz"},"id":"21i6bs87cinzjdu","previousOperationId":"50u7nrhqelpiazq"}
{"type":"log","timestamp":1664709691086,"level":"debug","message":"Page request: GET (font) https://fonts.gstatic.com/s/opensans/v34/memSYaGs126MiZpBA-UvWbX2vVnXBbObj2OVZyOOSr4dVJWUgsiH0B4gaVQUwaEQbjA.woff","meta":{"rootId":"dbolmsd0cxwvqgz","id":"dbolmsd0cxwvqgz"},"id":"6w2om6p8r04t80l","previousOperationId":"50u7nrhqelpiazq"}
{"type":"log","timestamp":1664709691096,"level":"debug","message":"Running chrome with params {\"scale\":1,\"displayHeaderFooter\":true,\"headerTemplate\":\"...\",\"footerTemplate\":\"...\",\"printBackground\":true,\"pageRanges\":\"\",\"format\":\"A4\",\"width\":\"\",\"height\":\"\",\"marginTop\":\"500px\",\"marginRight\":\"20px\",\"marginBottom\":\"80px\",\"marginLeft\":\"20px\",\"waitForJS\":false,\"waitForNetworkIddle\":false,\"timeout\":57477,\"waitForNetworkIdle\":false,\"margin\":{\"top\":\"500px\",\"right\":\"20px\",\"bottom\":\"80px\",\"left\":\"20px\"}}","meta":{"rootId":"dbolmsd0cxwvqgz","id":"dbolmsd0cxwvqgz"},"id":"hnvqr8b6wqyb4xf","previousOperationId":"50u7nrhqelpiazq"}
{"type":"log","timestamp":1664709691122,"level":"debug","message":"Page request: GET (font) https://fonts.gstatic.com/s/opensans/v34/memSYaGs126MiZpBA-UvWbX2vVnXBbObj2OVZyOOSr4dVJWUgsiH0B4gaVQUwaEQbjA.woff","meta":{"rootId":"dbolmsd0cxwvqgz","id":"dbolmsd0cxwvqgz"},"id":"y08brjdmy2c1ghc","previousOperationId":"50u7nrhqelpiazq"}
{"type":"log","timestamp":1664709691661,"level":"debug","message":"Page request finished: GET (font) 200 https://fonts.gstatic.com/s/opensans/v34/memSYaGs126MiZpBA-UvWbX2vVnXBbObj2OVZyOOSr4dVJWUgsiH0B4gaVQUwaEQbjA.woff","meta":{"rootId":"dbolmsd0cxwvqgz","id":"dbolmsd0cxwvqgz"},"id":"4uhz6yryywug096","previousOperationId":"50u7nrhqelpiazq"}
{"type":"operationEnd","operationId":"50u7nrhqelpiazq","timestamp":1664709692132,"id":"mdqzid0lmhcg7jo","previousEventId":"iww7dlnyuba1pri","previousOperationId":"50u7nrhqelpiazq"}
{"type":"log","timestamp":1664709692133,"level":"debug","message":"Skipping storing report.","meta":{"rootId":"dbolmsd0cxwvqgz","id":"dbolmsd0cxwvqgz"},"id":"i3zkokvmvrfc8rh","previousOperationId":"50u7nrhqelpiazq"}
{"type":"log","timestamp":1664709692133,"level":"info","message":"Rendering request 1 finished in 8208 ms","meta":{"rootId":"dbolmsd0cxwvqgz","id":"dbolmsd0cxwvqgz"},"id":"inz4hbfao3wevs2","previousOperationId":"50u7nrhqelpiazq"}
{"type":"operationEnd","subtype":"render","operationId":"25ba7kto8uem48j","timestamp":1664709692133,"id":"sjx58rotdjxu638","previousEventId":"mdqzid0lmhcg7jo","previousOperationId":"50u7nrhqelpiazq"}
{"type":"operationEnd","doDiffs":false,"previousEventId":"zxfwbx2xdmiymsq","previousOperationId":"sqxvf45k8q7jha1","operationId":"sqxvf45k8q7jha1","timestamp":1664709692156,"id":"aok8mwvmy882iy5"}
