{"type":"operationStart","subtype":"profile","data":{"_id":"Z8Ds6BLKwmXZqoS8","timestamp":"2023-07-03T10:13:18.767Z","state":"queued","mode":"standard","creationDate":"2023-07-03T10:13:18.777Z","modificationDate":"2023-07-03T10:13:18.777Z","shortid":"S07vdWU","$entitySet":"profiles"},"doDiffs":false,"timestamp":1688379198770,"id":"hhogyqgubp85ams","previousOperationId":null,"operationId":"bizt7cz3bz0ootd"}
{"type":"log","level":"info","message":"Render request 1 queued for execution and waiting for available worker","previousOperationId":"bizt7cz3bz0ootd","timestamp":1688379198770,"id":"von5g8lshzts426"}
{"type":"operationStart","subtype":"render","name":"anonymous","previousOperationId":"bizt7cz3bz0ootd","timestamp":1688379198846,"id":"kos1cz5pnp2w54n","previousEventId":"hhogyqgubp85ams","operationId":"cwg38bdhzicoe62"}
{"type":"log","timestamp":1688379198850,"level":"info","message":"Starting rendering request 1","meta":{"rootId":"e2wwnf99sacc800","id":"e2wwnf99sacc800"},"id":"9vyv4aq8atgfdgp","previousOperationId":"cwg38bdhzicoe62"}
{"type":"log","timestamp":1688379198858,"level":"info","message":"Rendering anonymous template { recipe: chrome-pdf, engine: handlebars }","meta":{"rootId":"e2wwnf99sacc800","id":"e2wwnf99sacc800"},"id":"nfrtbt4sdorcbjn","previousOperationId":"cwg38bdhzicoe62"}
{"type":"log","timestamp":1688379198860,"level":"debug","message":"Inline data specified.","meta":{"rootId":"e2wwnf99sacc800","id":"e2wwnf99sacc800"},"id":"f981y6f5ntwfwmv","previousOperationId":"cwg38bdhzicoe62"}
{"type":"log","timestamp":1688379198885,"level":"debug","message":"Base url not specified, skipping its injection.","meta":{"rootId":"e2wwnf99sacc800","id":"e2wwnf99sacc800"},"id":"wbebcsj39pbem49","previousOperationId":"cwg38bdhzicoe62"}
{"type":"operationStart","subtype":"engine","name":"handlebars","timestamp":1688379198888,"id":"p7ujr0k2ce3ckhn","previousEventId":"kos1cz5pnp2w54n","operationId":"urqcqrecctzpz0x","previousOperationId":"cwg38bdhzicoe62"}
{"type":"log","timestamp":1688379198888,"level":"debug","message":"Rendering engine handlebars","meta":{"rootId":"e2wwnf99sacc800","id":"e2wwnf99sacc800"},"id":"km0rxu8itur3oyp","previousOperationId":"urqcqrecctzpz0x"}
{"type":"operationEnd","operationId":"urqcqrecctzpz0x","timestamp":1688379207125,"id":"k799z47pzx8pugt","previousEventId":"p7ujr0k2ce3ckhn","previousOperationId":"urqcqrecctzpz0x"}
{"type":"operationStart","subtype":"recipe","name":"chrome-pdf","timestamp":1688379207130,"id":"nfexqloz0lhlskq","previousEventId":"k799z47pzx8pugt","operationId":"5hbfh0joltn3amx","previousOperationId":"urqcqrecctzpz0x"}
{"type":"log","timestamp":1688379207130,"level":"debug","message":"Executing recipe chrome-pdf","meta":{"rootId":"e2wwnf99sacc800","id":"e2wwnf99sacc800"},"id":"epga4mrgf8pa35a","previousOperationId":"5hbfh0joltn3amx"}
{"type":"log","timestamp":1688379207664,"level":"debug","message":"Starting child request to render pdf header","meta":{"rootId":"e2wwnf99sacc800","id":"e2wwnf99sacc800"},"id":"s0moc13pgj6ffk3","previousOperationId":"5hbfh0joltn3amx"}
{"type":"operationStart","subtype":"render","name":"anonymous","previousOperationId":"5hbfh0joltn3amx","timestamp":1688379207667,"id":"q4xrn2034f6kmk2","previousEventId":"nfexqloz0lhlskq","operationId":"ce8frkpghu4tpoe"}
{"type":"log","timestamp":1688379207667,"level":"info","message":"Starting rendering (child) request","meta":{"rootId":"e2wwnf99sacc800","id":"grwzrz6mi9q8iu7"},"id":"f1opqm01yv3xth9","previousOperationId":"ce8frkpghu4tpoe"}
{"type":"log","timestamp":1688379207668,"level":"info","message":"Rendering anonymous template { recipe: html, engine: handlebars }","meta":{"rootId":"e2wwnf99sacc800","id":"grwzrz6mi9q8iu7"},"id":"xmg7hoe4ox2dulj","previousOperationId":"ce8frkpghu4tpoe"}
{"type":"log","timestamp":1688379207668,"level":"debug","message":"Inline data specified.","meta":{"rootId":"e2wwnf99sacc800","id":"grwzrz6mi9q8iu7"},"id":"m5u7u15f7s1cxbh","previousOperationId":"ce8frkpghu4tpoe"}
{"type":"log","timestamp":1688379207678,"level":"debug","message":"Base url not specified, skipping its injection.","meta":{"rootId":"e2wwnf99sacc800","id":"grwzrz6mi9q8iu7"},"id":"3g5uvewdjtc88tm","previousOperationId":"ce8frkpghu4tpoe"}
{"type":"log","timestamp":1688379207700,"level":"debug","message":"Replaced assets [\"./src/reporting/assets/logo.png\"]","meta":{"rootId":"e2wwnf99sacc800","id":"grwzrz6mi9q8iu7"},"id":"3r7s1dzy0ivpxq5","previousOperationId":"ce8frkpghu4tpoe"}
{"type":"operationStart","subtype":"engine","name":"handlebars","timestamp":1688379207700,"id":"cx3w0e9evnrkwsy","previousEventId":"q4xrn2034f6kmk2","operationId":"csrnw3hksedcghu","previousOperationId":"ce8frkpghu4tpoe"}
{"type":"log","timestamp":1688379207701,"level":"debug","message":"Rendering engine handlebars","meta":{"rootId":"e2wwnf99sacc800","id":"grwzrz6mi9q8iu7"},"id":"vo6safa2ujuqdf9","previousOperationId":"csrnw3hksedcghu"}
{"type":"operationEnd","operationId":"csrnw3hksedcghu","timestamp":1688379207766,"id":"4jov6k3wjs21ldp","previousEventId":"cx3w0e9evnrkwsy","previousOperationId":"csrnw3hksedcghu"}
{"type":"operationStart","subtype":"recipe","name":"html","timestamp":1688379207767,"id":"z6axr7fm6bunzsx","previousEventId":"4jov6k3wjs21ldp","operationId":"u5hmu73mq1641pm","previousOperationId":"csrnw3hksedcghu"}
{"type":"log","timestamp":1688379207767,"level":"debug","message":"Executing recipe html","meta":{"rootId":"e2wwnf99sacc800","id":"grwzrz6mi9q8iu7"},"id":"8ieuc3kcd8st14h","previousOperationId":"u5hmu73mq1641pm"}
{"type":"operationEnd","operationId":"u5hmu73mq1641pm","timestamp":1688379207767,"id":"o5sfey6l5osscok","previousEventId":"z6axr7fm6bunzsx","previousOperationId":"u5hmu73mq1641pm"}
{"type":"log","timestamp":1688379207769,"level":"debug","message":"Skipping storing report.","meta":{"rootId":"e2wwnf99sacc800","id":"grwzrz6mi9q8iu7"},"id":"vyj17jodx2l1uz6","previousOperationId":"u5hmu73mq1641pm"}
{"type":"log","timestamp":1688379207770,"level":"info","message":"Rendering (child) request finished in 9006 ms","meta":{"rootId":"e2wwnf99sacc800","id":"grwzrz6mi9q8iu7"},"id":"vrd884g8aru84nc","previousOperationId":"u5hmu73mq1641pm"}
{"type":"operationEnd","subtype":"render","operationId":"ce8frkpghu4tpoe","timestamp":1688379207772,"id":"yowu1k8x3bvy4u8","previousEventId":"o5sfey6l5osscok","previousOperationId":"u5hmu73mq1641pm"}
{"type":"log","timestamp":1688379207772,"level":"debug","message":"Starting child request to render pdf footer","meta":{"rootId":"e2wwnf99sacc800","id":"e2wwnf99sacc800"},"id":"dizrz6bt7lhwe56","previousOperationId":"5hbfh0joltn3amx"}
{"type":"operationStart","subtype":"render","name":"anonymous","previousOperationId":"5hbfh0joltn3amx","timestamp":1688379207773,"id":"h0ujp2a2uoslajm","previousEventId":"nfexqloz0lhlskq","operationId":"ku5zxvn1obz5bt2"}
{"type":"log","timestamp":1688379207774,"level":"info","message":"Starting rendering (child) request","meta":{"rootId":"e2wwnf99sacc800","id":"vdyc27uw57qew9r"},"id":"9e4omnr5y4y01fk","previousOperationId":"ku5zxvn1obz5bt2"}
{"type":"log","timestamp":1688379207774,"level":"info","message":"Rendering anonymous template { recipe: html, engine: handlebars }","meta":{"rootId":"e2wwnf99sacc800","id":"vdyc27uw57qew9r"},"id":"f4ryc49mhoigjya","previousOperationId":"ku5zxvn1obz5bt2"}
{"type":"log","timestamp":1688379207774,"level":"debug","message":"Inline data specified.","meta":{"rootId":"e2wwnf99sacc800","id":"vdyc27uw57qew9r"},"id":"31adny416a308mr","previousOperationId":"ku5zxvn1obz5bt2"}
{"type":"log","timestamp":1688379207794,"level":"debug","message":"Base url not specified, skipping its injection.","meta":{"rootId":"e2wwnf99sacc800","id":"vdyc27uw57qew9r"},"id":"7rblwy0lkxnyiwu","previousOperationId":"ku5zxvn1obz5bt2"}
{"type":"operationStart","subtype":"engine","name":"handlebars","timestamp":1688379207795,"id":"k953xspa2xu5arp","previousEventId":"h0ujp2a2uoslajm","operationId":"9weij0d12fyk027","previousOperationId":"ku5zxvn1obz5bt2"}
{"type":"log","timestamp":1688379207795,"level":"debug","message":"Rendering engine handlebars","meta":{"rootId":"e2wwnf99sacc800","id":"vdyc27uw57qew9r"},"id":"z8e9ilbhbm9lixa","previousOperationId":"9weij0d12fyk027"}
{"type":"operationEnd","operationId":"9weij0d12fyk027","timestamp":1688379207831,"id":"c4nkvx50qo9281l","previousEventId":"k953xspa2xu5arp","previousOperationId":"9weij0d12fyk027"}
{"type":"operationStart","subtype":"recipe","name":"html","timestamp":1688379207832,"id":"f6yvyn7p411w43g","previousEventId":"c4nkvx50qo9281l","operationId":"b50a2nvp9grnett","previousOperationId":"9weij0d12fyk027"}
{"type":"log","timestamp":1688379207832,"level":"debug","message":"Executing recipe html","meta":{"rootId":"e2wwnf99sacc800","id":"vdyc27uw57qew9r"},"id":"qg6x80pb2xsei05","previousOperationId":"b50a2nvp9grnett"}
{"type":"operationEnd","operationId":"b50a2nvp9grnett","timestamp":1688379207832,"id":"pvqsx6pcm9hjz6v","previousEventId":"f6yvyn7p411w43g","previousOperationId":"b50a2nvp9grnett"}
{"type":"log","timestamp":1688379207832,"level":"debug","message":"Skipping storing report.","meta":{"rootId":"e2wwnf99sacc800","id":"vdyc27uw57qew9r"},"id":"5lva8cviyn5hz2z","previousOperationId":"b50a2nvp9grnett"}
{"type":"log","timestamp":1688379207832,"level":"info","message":"Rendering (child) request finished in 9068 ms","meta":{"rootId":"e2wwnf99sacc800","id":"vdyc27uw57qew9r"},"id":"j1my5gtqs4jlf9h","previousOperationId":"b50a2nvp9grnett"}
{"type":"operationEnd","subtype":"render","operationId":"ku5zxvn1obz5bt2","timestamp":1688379207832,"id":"1ml46fxychr9f2q","previousEventId":"pvqsx6pcm9hjz6v","previousOperationId":"b50a2nvp9grnett"}
{"type":"log","timestamp":1688379209603,"level":"debug","message":"Converting with chrome HeadlessChrome/105.0.5173.0 using chrome-pool strategy","meta":{"rootId":"e2wwnf99sacc800","id":"e2wwnf99sacc800"},"id":"9i18sun20u6qcar","previousOperationId":"5hbfh0joltn3amx"}
{"type":"log","timestamp":1688379210179,"level":"debug","message":"Page request: GET (document) file:///C:/Users/hi/AppData/Local/Temp/jsreport/autocleanup/a0a87104-fa14-4241-80b0-da584ea7d819-chrome-pdf.html","meta":{"rootId":"e2wwnf99sacc800","id":"e2wwnf99sacc800"},"id":"1q8fabxx5k94jpq","previousOperationId":"5hbfh0joltn3amx"}
{"type":"log","timestamp":1688379210205,"level":"debug","message":"Page request finished: GET (document) 200 file:///C:/Users/hi/AppData/Local/Temp/jsreport/autocleanup/a0a87104-fa14-4241-80b0-da584ea7d819-chrome-pdf.html","meta":{"rootId":"e2wwnf99sacc800","id":"e2wwnf99sacc800"},"id":"2kikf48xsk4jks3","previousOperationId":"5hbfh0joltn3amx"}
{"type":"log","timestamp":1688379210206,"level":"debug","message":"Page request: GET (stylesheet) https://fonts.googleapis.com/css2?family=Montserrat:wght@500&family=Open+Sans:wght@300&display=swap","meta":{"rootId":"e2wwnf99sacc800","id":"e2wwnf99sacc800"},"id":"dl4ijnmxy39rtxz","previousOperationId":"5hbfh0joltn3amx"}
{"type":"log","timestamp":1688379213133,"level":"debug","message":"Page request finished: GET (stylesheet) 200 https://fonts.googleapis.com/css2?family=Montserrat:wght@500&family=Open+Sans:wght@300&display=swap","meta":{"rootId":"e2wwnf99sacc800","id":"e2wwnf99sacc800"},"id":"pxjeleivefx7u06","previousOperationId":"5hbfh0joltn3amx"}
{"type":"log","timestamp":1688379213271,"level":"debug","message":"Page request: GET (font) https://fonts.gstatic.com/s/opensans/v35/memSYaGs126MiZpBA-UvWbX2vVnXBbObj2OVZyOOSr4dVJWUgsiH0B4gaVI.woff2","meta":{"rootId":"e2wwnf99sacc800","id":"e2wwnf99sacc800"},"id":"6kmqt9ge2wgsreu","previousOperationId":"5hbfh0joltn3amx"}
{"type":"log","timestamp":1688379213276,"level":"debug","message":"Page request: GET (font) https://fonts.gstatic.com/s/opensans/v35/memSYaGs126MiZpBA-UvWbX2vVnXBbObj2OVZyOOSr4dVJWUgsiH0B4gaVI.woff2","meta":{"rootId":"e2wwnf99sacc800","id":"e2wwnf99sacc800"},"id":"ljr9tiz77a8r95r","previousOperationId":"5hbfh0joltn3amx"}
{"type":"log","timestamp":1688379213530,"level":"debug","message":"Page request finished: GET (font) 200 https://fonts.gstatic.com/s/opensans/v35/memSYaGs126MiZpBA-UvWbX2vVnXBbObj2OVZyOOSr4dVJWUgsiH0B4gaVI.woff2","meta":{"rootId":"e2wwnf99sacc800","id":"e2wwnf99sacc800"},"id":"k9g5drbyrvagdeh","previousOperationId":"5hbfh0joltn3amx"}
{"type":"log","timestamp":1688379213561,"level":"debug","message":"Running chrome with params {\"scale\":1,\"displayHeaderFooter\":true,\"headerTemplate\":\"...\",\"footerTemplate\":\"...\",\"printBackground\":true,\"pageRanges\":\"\",\"format\":\"A4\",\"width\":\"\",\"height\":\"\",\"marginTop\":\"470px\",\"marginRight\":\"20px\",\"marginBottom\":\"80px\",\"marginLeft\":\"20px\",\"waitForJS\":false,\"waitForNetworkIddle\":false,\"timeout\":50931,\"waitForNetworkIdle\":false,\"margin\":{\"top\":\"470px\",\"right\":\"20px\",\"bottom\":\"80px\",\"left\":\"20px\"}}","meta":{"rootId":"e2wwnf99sacc800","id":"e2wwnf99sacc800"},"id":"jzbjz45uqoly8oo","previousOperationId":"5hbfh0joltn3amx"}
{"type":"operationEnd","operationId":"5hbfh0joltn3amx","timestamp":1688379213911,"id":"3nj03ie5k9ur3it","previousEventId":"nfexqloz0lhlskq","previousOperationId":"5hbfh0joltn3amx"}
{"type":"log","timestamp":1688379213911,"level":"debug","message":"Skipping storing report.","meta":{"rootId":"e2wwnf99sacc800","id":"e2wwnf99sacc800"},"id":"myc9eomd7vv3h5s","previousOperationId":"5hbfh0joltn3amx"}
{"type":"log","timestamp":1688379213912,"level":"info","message":"Rendering request 1 finished in 15148 ms","meta":{"rootId":"e2wwnf99sacc800","id":"e2wwnf99sacc800"},"id":"869sjk826w089c4","previousOperationId":"5hbfh0joltn3amx"}
{"type":"operationEnd","subtype":"render","operationId":"cwg38bdhzicoe62","timestamp":1688379213912,"id":"l14apr7phg7s4rs","previousEventId":"3nj03ie5k9ur3it","previousOperationId":"5hbfh0joltn3amx"}
{"type":"operationEnd","doDiffs":false,"previousEventId":"hhogyqgubp85ams","previousOperationId":"bizt7cz3bz0ootd","operationId":"bizt7cz3bz0ootd","timestamp":1688379213930,"id":"o3i4fqo6ll0vw08"}
