{"type":"operationStart","subtype":"profile","data":{"_id":"AVHlxqoHDpGvdBn4","timestamp":"2022-09-08T09:17:57.156Z","state":"queued","mode":"standard","creationDate":"2022-09-08T09:17:57.163Z","modificationDate":"2022-09-08T09:17:57.163Z","shortid":"mFGQVcc","$entitySet":"profiles"},"doDiffs":false,"timestamp":1662628677160,"id":"14nnbdokyef3409","previousOperationId":null,"operationId":"82fyvbtvh532laj"}
{"type":"log","level":"info","message":"Render request 1 queued for execution and waiting for available worker","previousOperationId":"82fyvbtvh532laj","timestamp":1662628677161,"id":"uu535dq4dvdnm9m"}
{"type":"operationStart","subtype":"render","name":"anonymous","previousOperationId":"82fyvbtvh532laj","timestamp":1662628677225,"id":"y4f6oenyenec74p","previousEventId":"14nnbdokyef3409","operationId":"trdd41myrhtuzqr"}
{"type":"log","timestamp":1662628677228,"level":"info","message":"Starting rendering request 1 (user: null)","meta":{"rootId":"e3e0q3nuumgx7bc","id":"e3e0q3nuumgx7bc"},"id":"w52trzfq7injq4c","previousOperationId":"trdd41myrhtuzqr"}
{"type":"log","timestamp":1662628677233,"level":"info","message":"Rendering anonymous template { recipe: chrome-pdf, engine: handlebars }","meta":{"rootId":"e3e0q3nuumgx7bc","id":"e3e0q3nuumgx7bc"},"id":"uj8dduw6h4es3jd","previousOperationId":"trdd41myrhtuzqr"}
{"type":"log","timestamp":1662628677235,"level":"debug","message":"Inline data specified.","meta":{"rootId":"e3e0q3nuumgx7bc","id":"e3e0q3nuumgx7bc"},"id":"9z1tldofqu4z3wf","previousOperationId":"trdd41myrhtuzqr"}
{"type":"log","timestamp":1662628677252,"level":"debug","message":"Base url not specified, skipping its injection.","meta":{"rootId":"e3e0q3nuumgx7bc","id":"e3e0q3nuumgx7bc"},"id":"d8hxbt6ypks9pwl","previousOperationId":"trdd41myrhtuzqr"}
{"type":"operationStart","subtype":"engine","name":"handlebars","timestamp":1662628677254,"id":"4ve41qid1rpy8rl","previousEventId":"y4f6oenyenec74p","operationId":"24cfdzowflk2nyl","previousOperationId":"trdd41myrhtuzqr"}
{"type":"log","timestamp":1662628677254,"level":"debug","message":"Rendering engine handlebars","meta":{"rootId":"e3e0q3nuumgx7bc","id":"e3e0q3nuumgx7bc"},"id":"fs1lq78xivybs8t","previousOperationId":"24cfdzowflk2nyl"}
{"type":"operationEnd","operationId":"24cfdzowflk2nyl","timestamp":1662628678523,"id":"yu1a9648xp3al0p","previousEventId":"4ve41qid1rpy8rl","previousOperationId":"24cfdzowflk2nyl"}
{"type":"operationStart","subtype":"recipe","name":"chrome-pdf","timestamp":1662628678525,"id":"0rbjdged1e3pw6p","previousEventId":"yu1a9648xp3al0p","operationId":"a50xgl95a08gbek","previousOperationId":"24cfdzowflk2nyl"}
{"type":"log","timestamp":1662628678525,"level":"debug","message":"Executing recipe chrome-pdf","meta":{"rootId":"e3e0q3nuumgx7bc","id":"e3e0q3nuumgx7bc"},"id":"lfoh11np0thwb8p","previousOperationId":"a50xgl95a08gbek"}
{"type":"log","timestamp":1662628678719,"level":"debug","message":"Starting child request to render pdf header","meta":{"rootId":"e3e0q3nuumgx7bc","id":"e3e0q3nuumgx7bc"},"id":"05xbaqmu7e1h8tz","previousOperationId":"a50xgl95a08gbek"}
{"type":"operationStart","subtype":"render","name":"anonymous","previousOperationId":"a50xgl95a08gbek","timestamp":1662628678720,"id":"uko23z1utd8vth3","previousEventId":"0rbjdged1e3pw6p","operationId":"9oq9i9mt0g54s3w"}
{"type":"log","timestamp":1662628678721,"level":"info","message":"Starting rendering request 1 (user: null)","meta":{"rootId":"e3e0q3nuumgx7bc","id":"tdsxaui8ok4wyef"},"id":"p0eqykxop3pbdz7","previousOperationId":"9oq9i9mt0g54s3w"}
{"type":"log","timestamp":1662628678721,"level":"info","message":"Rendering anonymous template { recipe: html, engine: handlebars }","meta":{"rootId":"e3e0q3nuumgx7bc","id":"tdsxaui8ok4wyef"},"id":"h30sf6e8mzha9ja","previousOperationId":"9oq9i9mt0g54s3w"}
{"type":"log","timestamp":1662628678721,"level":"debug","message":"Inline data specified.","meta":{"rootId":"e3e0q3nuumgx7bc","id":"tdsxaui8ok4wyef"},"id":"a8s3erp2vngewmk","previousOperationId":"9oq9i9mt0g54s3w"}
{"type":"log","timestamp":1662628678724,"level":"debug","message":"Base url not specified, skipping its injection.","meta":{"rootId":"e3e0q3nuumgx7bc","id":"tdsxaui8ok4wyef"},"id":"blj0all4d3dj3a6","previousOperationId":"9oq9i9mt0g54s3w"}
{"type":"log","timestamp":1662628678734,"level":"debug","message":"Replaced assets [\"./src/reporting/assets/logo.png\"]","meta":{"rootId":"e3e0q3nuumgx7bc","id":"tdsxaui8ok4wyef"},"id":"rkd5ps66pbmzib1","previousOperationId":"9oq9i9mt0g54s3w"}
{"type":"operationStart","subtype":"engine","name":"handlebars","timestamp":1662628678734,"id":"7q4ptn01zny5utd","previousEventId":"uko23z1utd8vth3","operationId":"xutwhbiviwne3i0","previousOperationId":"9oq9i9mt0g54s3w"}
{"type":"log","timestamp":1662628678734,"level":"debug","message":"Rendering engine handlebars","meta":{"rootId":"e3e0q3nuumgx7bc","id":"tdsxaui8ok4wyef"},"id":"s7fxikef9mpetxk","previousOperationId":"xutwhbiviwne3i0"}
{"type":"operationEnd","operationId":"xutwhbiviwne3i0","timestamp":1662628678774,"id":"2ccisxud2emw3zm","previousEventId":"7q4ptn01zny5utd","previousOperationId":"xutwhbiviwne3i0"}
{"type":"operationStart","subtype":"recipe","name":"html","timestamp":1662628678774,"id":"jpvass6tmsxxoqz","previousEventId":"2ccisxud2emw3zm","operationId":"ep6gp7ujm3rlq4k","previousOperationId":"xutwhbiviwne3i0"}
{"type":"log","timestamp":1662628678774,"level":"debug","message":"Executing recipe html","meta":{"rootId":"e3e0q3nuumgx7bc","id":"tdsxaui8ok4wyef"},"id":"87tnf3yn3bavghk","previousOperationId":"ep6gp7ujm3rlq4k"}
{"type":"operationEnd","operationId":"ep6gp7ujm3rlq4k","timestamp":1662628678774,"id":"xgnlb5i88vksy59","previousEventId":"jpvass6tmsxxoqz","previousOperationId":"ep6gp7ujm3rlq4k"}
{"type":"log","timestamp":1662628678787,"level":"debug","message":"Skipping storing report.","meta":{"rootId":"e3e0q3nuumgx7bc","id":"tdsxaui8ok4wyef"},"id":"9afddkn6p6mik9x","previousOperationId":"ep6gp7ujm3rlq4k"}
{"type":"log","timestamp":1662628678787,"level":"info","message":"Rendering request 1 finished in 1633 ms","meta":{"rootId":"e3e0q3nuumgx7bc","id":"tdsxaui8ok4wyef"},"id":"86c72qyb0gzs5xh","previousOperationId":"ep6gp7ujm3rlq4k"}
{"type":"operationEnd","subtype":"render","operationId":"9oq9i9mt0g54s3w","timestamp":1662628678787,"id":"6p7qesw8t0ztbns","previousEventId":"xgnlb5i88vksy59","previousOperationId":"ep6gp7ujm3rlq4k"}
{"type":"log","timestamp":1662628678787,"level":"debug","message":"Starting child request to render pdf footer","meta":{"rootId":"e3e0q3nuumgx7bc","id":"e3e0q3nuumgx7bc"},"id":"j0da0cwtc26hzjc","previousOperationId":"a50xgl95a08gbek"}
{"type":"operationStart","subtype":"render","name":"anonymous","previousOperationId":"a50xgl95a08gbek","timestamp":1662628678788,"id":"v6o05seqvtbp48h","previousEventId":"0rbjdged1e3pw6p","operationId":"oom1aduw9z8aemo"}
{"type":"log","timestamp":1662628678788,"level":"info","message":"Starting rendering request 1 (user: null)","meta":{"rootId":"e3e0q3nuumgx7bc","id":"7may02bephfktn7"},"id":"itnjief77m8jtjw","previousOperationId":"oom1aduw9z8aemo"}
{"type":"log","timestamp":1662628678788,"level":"info","message":"Rendering anonymous template { recipe: html, engine: handlebars }","meta":{"rootId":"e3e0q3nuumgx7bc","id":"7may02bephfktn7"},"id":"xna4eii2hn71t76","previousOperationId":"oom1aduw9z8aemo"}
{"type":"log","timestamp":1662628678788,"level":"debug","message":"Inline data specified.","meta":{"rootId":"e3e0q3nuumgx7bc","id":"7may02bephfktn7"},"id":"l373l6rpt674lbg","previousOperationId":"oom1aduw9z8aemo"}
{"type":"log","timestamp":1662628679112,"level":"debug","message":"Base url not specified, skipping its injection.","meta":{"rootId":"e3e0q3nuumgx7bc","id":"7may02bephfktn7"},"id":"isxd1fmrg271vea","previousOperationId":"oom1aduw9z8aemo"}
{"type":"operationStart","subtype":"engine","name":"handlebars","timestamp":1662628679113,"id":"dyc712tgy91ulup","previousEventId":"v6o05seqvtbp48h","operationId":"jevudaw5czm3dan","previousOperationId":"oom1aduw9z8aemo"}
{"type":"log","timestamp":1662628679113,"level":"debug","message":"Rendering engine handlebars","meta":{"rootId":"e3e0q3nuumgx7bc","id":"7may02bephfktn7"},"id":"x665ds30723vqcn","previousOperationId":"jevudaw5czm3dan"}
{"type":"operationEnd","operationId":"jevudaw5czm3dan","timestamp":1662628679150,"id":"xsie5w5o9yac4iv","previousEventId":"dyc712tgy91ulup","previousOperationId":"jevudaw5czm3dan"}
{"type":"operationStart","subtype":"recipe","name":"html","timestamp":1662628679151,"id":"grvthdhdkju9irt","previousEventId":"xsie5w5o9yac4iv","operationId":"cu9h5rtgsse636b","previousOperationId":"jevudaw5czm3dan"}
{"type":"log","timestamp":1662628679151,"level":"debug","message":"Executing recipe html","meta":{"rootId":"e3e0q3nuumgx7bc","id":"7may02bephfktn7"},"id":"vl8o58uxu646uwf","previousOperationId":"cu9h5rtgsse636b"}
{"type":"operationEnd","operationId":"cu9h5rtgsse636b","timestamp":1662628679151,"id":"1pa8omk9oln0z07","previousEventId":"grvthdhdkju9irt","previousOperationId":"cu9h5rtgsse636b"}
{"type":"log","timestamp":1662628679151,"level":"debug","message":"Skipping storing report.","meta":{"rootId":"e3e0q3nuumgx7bc","id":"7may02bephfktn7"},"id":"vqmierroo3zk5eb","previousOperationId":"cu9h5rtgsse636b"}
{"type":"log","timestamp":1662628679151,"level":"info","message":"Rendering request 1 finished in 1997 ms","meta":{"rootId":"e3e0q3nuumgx7bc","id":"7may02bephfktn7"},"id":"lvooig92rxkx6nc","previousOperationId":"cu9h5rtgsse636b"}
{"type":"operationEnd","subtype":"render","operationId":"oom1aduw9z8aemo","timestamp":1662628679151,"id":"tu0xoj7ve3td29t","previousEventId":"1pa8omk9oln0z07","previousOperationId":"cu9h5rtgsse636b"}
{"type":"log","timestamp":1662628680802,"level":"debug","message":"Converting with chrome HeadlessChrome/98.0.4758.0 using chrome-pool strategy","meta":{"rootId":"e3e0q3nuumgx7bc","id":"e3e0q3nuumgx7bc"},"id":"8ghnd855fn79jyx","previousOperationId":"a50xgl95a08gbek"}
{"type":"log","timestamp":1662628681210,"level":"debug","message":"Page request: GET (document) file:///var/folders/8m/98z140gs3yzbw6jqmpbh8b8m0000gn/T/jsreport/autocleanup/f6440d47-d27c-4452-b205-20d5ee9e3ace-chrome-pdf.html","meta":{"rootId":"e3e0q3nuumgx7bc","id":"e3e0q3nuumgx7bc"},"id":"r14wqxb6mqeh00s","previousOperationId":"a50xgl95a08gbek"}
{"type":"log","timestamp":1662628681231,"level":"debug","message":"Page request finished: GET (document) file:///var/folders/8m/98z140gs3yzbw6jqmpbh8b8m0000gn/T/jsreport/autocleanup/f6440d47-d27c-4452-b205-20d5ee9e3ace-chrome-pdf.html","meta":{"rootId":"e3e0q3nuumgx7bc","id":"e3e0q3nuumgx7bc"},"id":"bvveq2cdopc72qx","previousOperationId":"a50xgl95a08gbek"}
{"type":"log","timestamp":1662628681239,"level":"debug","message":"Page request: GET (stylesheet) https://fonts.googleapis.com/css2?family=Montserrat:wght@500&family=Open+Sans:wght@300&display=swap","meta":{"rootId":"e3e0q3nuumgx7bc","id":"e3e0q3nuumgx7bc"},"id":"x92buwsfzcut4db","previousOperationId":"a50xgl95a08gbek"}
{"type":"log","timestamp":1662628681547,"level":"debug","message":"Page request finished: GET (stylesheet) 200 https://fonts.googleapis.com/css2?family=Montserrat:wght@500&family=Open+Sans:wght@300&display=swap","meta":{"rootId":"e3e0q3nuumgx7bc","id":"e3e0q3nuumgx7bc"},"id":"s6ivpmbjbrxqe73","previousOperationId":"a50xgl95a08gbek"}
{"type":"log","timestamp":1662628681590,"level":"debug","message":"Page request: GET (font) https://fonts.gstatic.com/s/opensans/v34/memSYaGs126MiZpBA-UvWbX2vVnXBbObj2OVZyOOSr4dVJWUgsiH0B4gaVQUwaEQbjA.woff","meta":{"rootId":"e3e0q3nuumgx7bc","id":"e3e0q3nuumgx7bc"},"id":"mwhryamz4l0s01j","previousOperationId":"a50xgl95a08gbek"}
{"type":"log","timestamp":1662628681599,"level":"debug","message":"Running chrome with params {\"scale\":1,\"displayHeaderFooter\":true,\"headerTemplate\":\"...\",\"footerTemplate\":\"...\",\"printBackground\":true,\"pageRanges\":\"\",\"format\":\"A4\",\"width\":\"\",\"height\":\"\",\"marginTop\":\"350px\",\"marginRight\":\"20px\",\"marginBottom\":\"80px\",\"marginLeft\":\"20px\",\"waitForJS\":false,\"waitForNetworkIddle\":false,\"timeout\":58002,\"waitForNetworkIdle\":false,\"margin\":{\"top\":\"350px\",\"right\":\"20px\",\"bottom\":\"80px\",\"left\":\"20px\"}}","meta":{"rootId":"e3e0q3nuumgx7bc","id":"e3e0q3nuumgx7bc"},"id":"cvh4wn0ccgq2vvb","previousOperationId":"a50xgl95a08gbek"}
{"type":"log","timestamp":1662628681629,"level":"debug","message":"Page request: GET (font) https://fonts.gstatic.com/s/opensans/v34/memSYaGs126MiZpBA-UvWbX2vVnXBbObj2OVZyOOSr4dVJWUgsiH0B4gaVQUwaEQbjA.woff","meta":{"rootId":"e3e0q3nuumgx7bc","id":"e3e0q3nuumgx7bc"},"id":"wsgozjr4gg1q9qv","previousOperationId":"a50xgl95a08gbek"}
{"type":"operationEnd","operationId":"a50xgl95a08gbek","timestamp":1662628681929,"id":"ue8lee9ld9mq51a","previousEventId":"0rbjdged1e3pw6p","previousOperationId":"a50xgl95a08gbek"}
{"type":"log","timestamp":1662628681929,"level":"debug","message":"Skipping storing report.","meta":{"rootId":"e3e0q3nuumgx7bc","id":"e3e0q3nuumgx7bc"},"id":"u7to7sh29btuaqo","previousOperationId":"a50xgl95a08gbek"}
{"type":"log","timestamp":1662628681930,"level":"info","message":"Rendering request 1 finished in 4776 ms","meta":{"rootId":"e3e0q3nuumgx7bc","id":"e3e0q3nuumgx7bc"},"id":"a86e3ne6xjt8a37","previousOperationId":"a50xgl95a08gbek"}
{"type":"operationEnd","subtype":"render","operationId":"trdd41myrhtuzqr","timestamp":1662628681930,"id":"2it252u5rp8bcqs","previousEventId":"ue8lee9ld9mq51a","previousOperationId":"a50xgl95a08gbek"}
{"type":"operationEnd","doDiffs":false,"previousEventId":"14nnbdokyef3409","previousOperationId":"82fyvbtvh532laj","operationId":"82fyvbtvh532laj","timestamp":1662628681940,"id":"zz1w617u50gzexk"}
