{"type":"operationStart","subtype":"profile","data":{"_id":"sw6sjde9dA4jL68k","timestamp":"2022-09-17T18:08:27.420Z","state":"queued","mode":"standard","creationDate":"2022-09-17T18:08:27.426Z","modificationDate":"2022-09-17T18:08:27.426Z","shortid":"EhWO0_i","$entitySet":"profiles"},"doDiffs":false,"timestamp":1663438107423,"id":"u2yydyvmkfz0hmr","previousOperationId":null,"operationId":"20fbej2ljfuu1iu"}
{"type":"log","level":"info","message":"Render request 1 queued for execution and waiting for available worker","previousOperationId":"20fbej2ljfuu1iu","timestamp":1663438107423,"id":"ct0lyuxy5yqhrnl"}
{"type":"operationStart","subtype":"render","name":"anonymous","previousOperationId":"20fbej2ljfuu1iu","timestamp":1663438107473,"id":"jef5ztlcdqiuuza","previousEventId":"u2yydyvmkfz0hmr","operationId":"nxffv5bgpewl1xf"}
{"type":"log","timestamp":1663438107478,"level":"info","message":"Starting rendering request 1 (user: null)","meta":{"rootId":"e6te96q1m7c30ho","id":"e6te96q1m7c30ho"},"id":"thn1xo6oym4ulte","previousOperationId":"nxffv5bgpewl1xf"}
{"type":"log","timestamp":1663438107483,"level":"info","message":"Rendering anonymous template { recipe: chrome-pdf, engine: handlebars }","meta":{"rootId":"e6te96q1m7c30ho","id":"e6te96q1m7c30ho"},"id":"inphnsfd173uy74","previousOperationId":"nxffv5bgpewl1xf"}
{"type":"log","timestamp":1663438107485,"level":"debug","message":"Inline data specified.","meta":{"rootId":"e6te96q1m7c30ho","id":"e6te96q1m7c30ho"},"id":"esrhnt2d15hutgt","previousOperationId":"nxffv5bgpewl1xf"}
{"type":"log","timestamp":1663438107504,"level":"debug","message":"Base url not specified, skipping its injection.","meta":{"rootId":"e6te96q1m7c30ho","id":"e6te96q1m7c30ho"},"id":"f6fp4ifywxybut9","previousOperationId":"nxffv5bgpewl1xf"}
{"type":"operationStart","subtype":"engine","name":"handlebars","timestamp":1663438107506,"id":"eck6ncr20i6egeg","previousEventId":"jef5ztlcdqiuuza","operationId":"ruqyc3cm4xl0h6g","previousOperationId":"nxffv5bgpewl1xf"}
{"type":"log","timestamp":1663438107506,"level":"debug","message":"Rendering engine handlebars","meta":{"rootId":"e6te96q1m7c30ho","id":"e6te96q1m7c30ho"},"id":"2dcqjngpm4o8029","previousOperationId":"ruqyc3cm4xl0h6g"}
{"type":"operationEnd","operationId":"ruqyc3cm4xl0h6g","timestamp":1663438108808,"id":"r2ur2uqznuy0wdl","previousEventId":"eck6ncr20i6egeg","previousOperationId":"ruqyc3cm4xl0h6g"}
{"type":"operationStart","subtype":"recipe","name":"chrome-pdf","timestamp":1663438108809,"id":"e7f9adctpd5azzh","previousEventId":"r2ur2uqznuy0wdl","operationId":"zoh2o08binzsij0","previousOperationId":"ruqyc3cm4xl0h6g"}
{"type":"log","timestamp":1663438108809,"level":"debug","message":"Executing recipe chrome-pdf","meta":{"rootId":"e6te96q1m7c30ho","id":"e6te96q1m7c30ho"},"id":"lz4be2fxi0q9ji2","previousOperationId":"zoh2o08binzsij0"}
{"type":"log","timestamp":1663438108996,"level":"debug","message":"Starting child request to render pdf header","meta":{"rootId":"e6te96q1m7c30ho","id":"e6te96q1m7c30ho"},"id":"146qdj5jbq24mz9","previousOperationId":"zoh2o08binzsij0"}
{"type":"operationStart","subtype":"render","name":"anonymous","previousOperationId":"zoh2o08binzsij0","timestamp":1663438108997,"id":"266hpkwyw6fqzrh","previousEventId":"e7f9adctpd5azzh","operationId":"uwremg1s0n7hryl"}
{"type":"log","timestamp":1663438108997,"level":"info","message":"Starting rendering request 1 (user: null)","meta":{"rootId":"e6te96q1m7c30ho","id":"ttvh631aarz0max"},"id":"mhezo9gszk8uvcu","previousOperationId":"uwremg1s0n7hryl"}
{"type":"log","timestamp":1663438108998,"level":"info","message":"Rendering anonymous template { recipe: html, engine: handlebars }","meta":{"rootId":"e6te96q1m7c30ho","id":"ttvh631aarz0max"},"id":"zplip5iwn7bwcc5","previousOperationId":"uwremg1s0n7hryl"}
{"type":"log","timestamp":1663438108998,"level":"debug","message":"Inline data specified.","meta":{"rootId":"e6te96q1m7c30ho","id":"ttvh631aarz0max"},"id":"sgi6xq4qb4ajzax","previousOperationId":"uwremg1s0n7hryl"}
{"type":"log","timestamp":1663438109008,"level":"debug","message":"Base url not specified, skipping its injection.","meta":{"rootId":"e6te96q1m7c30ho","id":"ttvh631aarz0max"},"id":"g424yxothghw64i","previousOperationId":"uwremg1s0n7hryl"}
{"type":"log","timestamp":1663438109021,"level":"debug","message":"Replaced assets [\"./src/reporting/assets/logo.png\"]","meta":{"rootId":"e6te96q1m7c30ho","id":"ttvh631aarz0max"},"id":"03vwzirh4ggla6d","previousOperationId":"uwremg1s0n7hryl"}
{"type":"operationStart","subtype":"engine","name":"handlebars","timestamp":1663438109021,"id":"448zsv5uooai0mn","previousEventId":"266hpkwyw6fqzrh","operationId":"tsmeyq1v80irzxw","previousOperationId":"uwremg1s0n7hryl"}
{"type":"log","timestamp":1663438109021,"level":"debug","message":"Rendering engine handlebars","meta":{"rootId":"e6te96q1m7c30ho","id":"ttvh631aarz0max"},"id":"msz8it5mu7iw6jy","previousOperationId":"tsmeyq1v80irzxw"}
{"type":"operationEnd","operationId":"tsmeyq1v80irzxw","timestamp":1663438109063,"id":"q3vxr283so7f0gb","previousEventId":"448zsv5uooai0mn","previousOperationId":"tsmeyq1v80irzxw"}
{"type":"operationStart","subtype":"recipe","name":"html","timestamp":1663438109065,"id":"nupwhpksefnp214","previousEventId":"q3vxr283so7f0gb","operationId":"sc2doejea1tjrah","previousOperationId":"tsmeyq1v80irzxw"}
{"type":"log","timestamp":1663438109066,"level":"debug","message":"Executing recipe html","meta":{"rootId":"e6te96q1m7c30ho","id":"ttvh631aarz0max"},"id":"ox8yeqlk548x1y9","previousOperationId":"sc2doejea1tjrah"}
{"type":"operationEnd","operationId":"sc2doejea1tjrah","timestamp":1663438109067,"id":"w1ip5u99im8gkv5","previousEventId":"nupwhpksefnp214","previousOperationId":"sc2doejea1tjrah"}
{"type":"log","timestamp":1663438109068,"level":"debug","message":"Skipping storing report.","meta":{"rootId":"e6te96q1m7c30ho","id":"ttvh631aarz0max"},"id":"divjvxi479l6w45","previousOperationId":"sc2doejea1tjrah"}
{"type":"log","timestamp":1663438109068,"level":"info","message":"Rendering request 1 finished in 1650 ms","meta":{"rootId":"e6te96q1m7c30ho","id":"ttvh631aarz0max"},"id":"k7bvy9kv4hpca05","previousOperationId":"sc2doejea1tjrah"}
{"type":"operationEnd","subtype":"render","operationId":"uwremg1s0n7hryl","timestamp":1663438109068,"id":"o8h1e7l1ql8o6vw","previousEventId":"w1ip5u99im8gkv5","previousOperationId":"sc2doejea1tjrah"}
{"type":"log","timestamp":1663438109069,"level":"debug","message":"Starting child request to render pdf footer","meta":{"rootId":"e6te96q1m7c30ho","id":"e6te96q1m7c30ho"},"id":"ajebc7zxdwq2gyh","previousOperationId":"zoh2o08binzsij0"}
{"type":"operationStart","subtype":"render","name":"anonymous","previousOperationId":"zoh2o08binzsij0","timestamp":1663438109069,"id":"86xoyicjfh0zm1d","previousEventId":"e7f9adctpd5azzh","operationId":"0cjwuqc6o94i7ek"}
{"type":"log","timestamp":1663438109069,"level":"info","message":"Starting rendering request 1 (user: null)","meta":{"rootId":"e6te96q1m7c30ho","id":"ysv6flr7ttvovyi"},"id":"jf0eqif20ytt82f","previousOperationId":"0cjwuqc6o94i7ek"}
{"type":"log","timestamp":1663438109069,"level":"info","message":"Rendering anonymous template { recipe: html, engine: handlebars }","meta":{"rootId":"e6te96q1m7c30ho","id":"ysv6flr7ttvovyi"},"id":"rmxnnhcy1hqy1v1","previousOperationId":"0cjwuqc6o94i7ek"}
{"type":"log","timestamp":1663438109070,"level":"debug","message":"Inline data specified.","meta":{"rootId":"e6te96q1m7c30ho","id":"ysv6flr7ttvovyi"},"id":"u6fr9bvzg1wjjqj","previousOperationId":"0cjwuqc6o94i7ek"}
{"type":"log","timestamp":1663438109082,"level":"debug","message":"Base url not specified, skipping its injection.","meta":{"rootId":"e6te96q1m7c30ho","id":"ysv6flr7ttvovyi"},"id":"rgw0hrouvvj3l4i","previousOperationId":"0cjwuqc6o94i7ek"}
{"type":"operationStart","subtype":"engine","name":"handlebars","timestamp":1663438109083,"id":"um2iae9gjefyyzc","previousEventId":"86xoyicjfh0zm1d","operationId":"u4cn4as3uro3eiu","previousOperationId":"0cjwuqc6o94i7ek"}
{"type":"log","timestamp":1663438109083,"level":"debug","message":"Rendering engine handlebars","meta":{"rootId":"e6te96q1m7c30ho","id":"ysv6flr7ttvovyi"},"id":"rf44b8l8n5j40vm","previousOperationId":"u4cn4as3uro3eiu"}
{"type":"operationEnd","operationId":"u4cn4as3uro3eiu","timestamp":1663438109140,"id":"b6a4lyi9mc9pi5h","previousEventId":"um2iae9gjefyyzc","previousOperationId":"u4cn4as3uro3eiu"}
{"type":"operationStart","subtype":"recipe","name":"html","timestamp":1663438109141,"id":"mhsfcujjrd802vi","previousEventId":"b6a4lyi9mc9pi5h","operationId":"yfz5nnsjmjvbio7","previousOperationId":"u4cn4as3uro3eiu"}
{"type":"log","timestamp":1663438109141,"level":"debug","message":"Executing recipe html","meta":{"rootId":"e6te96q1m7c30ho","id":"ysv6flr7ttvovyi"},"id":"gsl0ucia3tbe5ed","previousOperationId":"yfz5nnsjmjvbio7"}
{"type":"operationEnd","operationId":"yfz5nnsjmjvbio7","timestamp":1663438109141,"id":"71r1qgo540244ow","previousEventId":"mhsfcujjrd802vi","previousOperationId":"yfz5nnsjmjvbio7"}
{"type":"log","timestamp":1663438109141,"level":"debug","message":"Skipping storing report.","meta":{"rootId":"e6te96q1m7c30ho","id":"ysv6flr7ttvovyi"},"id":"083fnucz41ejj8b","previousOperationId":"yfz5nnsjmjvbio7"}
{"type":"log","timestamp":1663438109141,"level":"info","message":"Rendering request 1 finished in 1723 ms","meta":{"rootId":"e6te96q1m7c30ho","id":"ysv6flr7ttvovyi"},"id":"50oglzsnabl0sb5","previousOperationId":"yfz5nnsjmjvbio7"}
{"type":"operationEnd","subtype":"render","operationId":"0cjwuqc6o94i7ek","timestamp":1663438109141,"id":"3u67xfvxduxvwjx","previousEventId":"71r1qgo540244ow","previousOperationId":"yfz5nnsjmjvbio7"}
{"type":"log","timestamp":1663438110519,"level":"debug","message":"Converting with chrome HeadlessChrome/98.0.4758.0 using chrome-pool strategy","meta":{"rootId":"e6te96q1m7c30ho","id":"e6te96q1m7c30ho"},"id":"ixw4r44vqxe8y1x","previousOperationId":"zoh2o08binzsij0"}
{"type":"log","timestamp":1663438111785,"level":"debug","message":"Page request: GET (document) file:///var/folders/8m/98z140gs3yzbw6jqmpbh8b8m0000gn/T/jsreport/autocleanup/b457c438-95d6-49ef-baa6-c470473d24d8-chrome-pdf.html","meta":{"rootId":"e6te96q1m7c30ho","id":"e6te96q1m7c30ho"},"id":"yo02i44orq2gfe2","previousOperationId":"zoh2o08binzsij0"}
{"type":"log","timestamp":1663438111816,"level":"debug","message":"Page request finished: GET (document) file:///var/folders/8m/98z140gs3yzbw6jqmpbh8b8m0000gn/T/jsreport/autocleanup/b457c438-95d6-49ef-baa6-c470473d24d8-chrome-pdf.html","meta":{"rootId":"e6te96q1m7c30ho","id":"e6te96q1m7c30ho"},"id":"lsfg8uml9g1v6j8","previousOperationId":"zoh2o08binzsij0"}
{"type":"log","timestamp":1663438111828,"level":"debug","message":"Page request: GET (stylesheet) https://fonts.googleapis.com/css2?family=Montserrat:wght@500&family=Open+Sans:wght@300&display=swap","meta":{"rootId":"e6te96q1m7c30ho","id":"e6te96q1m7c30ho"},"id":"q7rozx42mbtzznq","previousOperationId":"zoh2o08binzsij0"}
{"type":"log","timestamp":1663438112195,"level":"debug","message":"Page request finished: GET (stylesheet) 200 https://fonts.googleapis.com/css2?family=Montserrat:wght@500&family=Open+Sans:wght@300&display=swap","meta":{"rootId":"e6te96q1m7c30ho","id":"e6te96q1m7c30ho"},"id":"407bi1q9mbop7nq","previousOperationId":"zoh2o08binzsij0"}
{"type":"log","timestamp":1663438112240,"level":"debug","message":"Page request: GET (font) https://fonts.gstatic.com/s/opensans/v34/memSYaGs126MiZpBA-UvWbX2vVnXBbObj2OVZyOOSr4dVJWUgsiH0B4gaVQUwaEQbjA.woff","meta":{"rootId":"e6te96q1m7c30ho","id":"e6te96q1m7c30ho"},"id":"ijs3g8w7qecl7yd","previousOperationId":"zoh2o08binzsij0"}
{"type":"log","timestamp":1663438112249,"level":"debug","message":"Page request: GET (font) https://fonts.gstatic.com/s/opensans/v34/memSYaGs126MiZpBA-UvWbX2vVnXBbObj2OVZyOOSr4dVJWUgsiH0B4gaVQUwaEQbjA.woff","meta":{"rootId":"e6te96q1m7c30ho","id":"e6te96q1m7c30ho"},"id":"sdxfqdjrn4s8hzo","previousOperationId":"zoh2o08binzsij0"}
{"type":"log","timestamp":1663438112250,"level":"debug","message":"Running chrome with params {\"scale\":1,\"displayHeaderFooter\":true,\"headerTemplate\":\"...\",\"footerTemplate\":\"...\",\"printBackground\":true,\"pageRanges\":\"\",\"format\":\"A4\",\"width\":\"\",\"height\":\"\",\"marginTop\":\"350px\",\"marginRight\":\"20px\",\"marginBottom\":\"80px\",\"marginLeft\":\"20px\",\"waitForJS\":false,\"waitForNetworkIddle\":false,\"timeout\":58276,\"waitForNetworkIdle\":false,\"margin\":{\"top\":\"350px\",\"right\":\"20px\",\"bottom\":\"80px\",\"left\":\"20px\"}}","meta":{"rootId":"e6te96q1m7c30ho","id":"e6te96q1m7c30ho"},"id":"xbk50j2q55bj0go","previousOperationId":"zoh2o08binzsij0"}
{"type":"operationEnd","operationId":"zoh2o08binzsij0","timestamp":1663438112548,"id":"0d9ci5oo1j9bqn0","previousEventId":"e7f9adctpd5azzh","previousOperationId":"zoh2o08binzsij0"}
{"type":"log","timestamp":1663438112548,"level":"debug","message":"Skipping storing report.","meta":{"rootId":"e6te96q1m7c30ho","id":"e6te96q1m7c30ho"},"id":"6jhubjjha8sxzed","previousOperationId":"zoh2o08binzsij0"}
{"type":"log","timestamp":1663438112549,"level":"info","message":"Rendering request 1 finished in 5131 ms","meta":{"rootId":"e6te96q1m7c30ho","id":"e6te96q1m7c30ho"},"id":"iokur0ks0tfgco0","previousOperationId":"zoh2o08binzsij0"}
{"type":"operationEnd","subtype":"render","operationId":"nxffv5bgpewl1xf","timestamp":1663438112549,"id":"ytx6q5jvnqoivih","previousEventId":"0d9ci5oo1j9bqn0","previousOperationId":"zoh2o08binzsij0"}
{"type":"operationEnd","doDiffs":false,"previousEventId":"u2yydyvmkfz0hmr","previousOperationId":"20fbej2ljfuu1iu","operationId":"20fbej2ljfuu1iu","timestamp":1663438112558,"id":"ym5mijezjsgpzxv"}
