{"type":"operationStart","subtype":"profile","data":{"_id":"qIsciDncDqwYngvW","timestamp":"2022-09-23T16:00:00.743Z","state":"queued","mode":"standard","creationDate":"2022-09-23T16:00:00.752Z","modificationDate":"2022-09-23T16:00:00.752Z","shortid":"FuChVhg","$entitySet":"profiles"},"doDiffs":false,"timestamp":1663948800748,"id":"kz8nct2rv4hkcfw","previousOperationId":null,"operationId":"tkpj2rt21r08hwr"}
{"type":"log","level":"info","message":"Render request 1 queued for execution and waiting for available worker","previousOperationId":"tkpj2rt21r08hwr","timestamp":1663948800748,"id":"45abo5will2qmal"}
{"type":"operationStart","subtype":"render","name":"anonymous","previousOperationId":"tkpj2rt21r08hwr","timestamp":1663948800783,"id":"vorqk9xeydjtduj","previousEventId":"kz8nct2rv4hkcfw","operationId":"qx71vfzerzakg06"}
{"type":"log","timestamp":1663948800785,"level":"info","message":"Starting rendering request 1 (user: null)","meta":{"rootId":"eg68f7stvulnzxw","id":"eg68f7stvulnzxw"},"id":"njcrr6brem6nk5o","previousOperationId":"qx71vfzerzakg06"}
{"type":"log","timestamp":1663948800791,"level":"info","message":"Rendering anonymous template { recipe: chrome-pdf, engine: handlebars }","meta":{"rootId":"eg68f7stvulnzxw","id":"eg68f7stvulnzxw"},"id":"pdlvao20g9xxqd7","previousOperationId":"qx71vfzerzakg06"}
{"type":"log","timestamp":1663948800792,"level":"debug","message":"Data item not defined for this template.","meta":{"rootId":"eg68f7stvulnzxw","id":"eg68f7stvulnzxw"},"id":"vht3c5a5cozxmlm","previousOperationId":"qx71vfzerzakg06"}
{"type":"log","timestamp":1663948800808,"level":"debug","message":"Base url not specified, skipping its injection.","meta":{"rootId":"eg68f7stvulnzxw","id":"eg68f7stvulnzxw"},"id":"xe3jh8vcntv5zfq","previousOperationId":"qx71vfzerzakg06"}
{"type":"operationStart","subtype":"engine","name":"handlebars","timestamp":1663948800811,"id":"dqb4gxerccldvzq","previousEventId":"vorqk9xeydjtduj","operationId":"w15amckoyzr2n00","previousOperationId":"qx71vfzerzakg06"}
{"type":"log","timestamp":1663948800811,"level":"debug","message":"Rendering engine handlebars","meta":{"rootId":"eg68f7stvulnzxw","id":"eg68f7stvulnzxw"},"id":"vvtfeqt797xdt5r","previousOperationId":"w15amckoyzr2n00"}
{"type":"operationEnd","operationId":"w15amckoyzr2n00","timestamp":1663948802915,"id":"gn5mc1qmstarxf1","previousEventId":"dqb4gxerccldvzq","previousOperationId":"w15amckoyzr2n00"}
{"type":"operationStart","subtype":"recipe","name":"chrome-pdf","timestamp":1663948802946,"id":"kvz0w97xll16gs7","previousEventId":"gn5mc1qmstarxf1","operationId":"ejfzwlo90uwf2h8","previousOperationId":"w15amckoyzr2n00"}
{"type":"log","timestamp":1663948802946,"level":"debug","message":"Executing recipe chrome-pdf","meta":{"rootId":"eg68f7stvulnzxw","id":"eg68f7stvulnzxw"},"id":"xt72fjxrx1dy85c","previousOperationId":"ejfzwlo90uwf2h8"}
{"type":"log","timestamp":1663948803116,"level":"debug","message":"Starting child request to render pdf header","meta":{"rootId":"eg68f7stvulnzxw","id":"eg68f7stvulnzxw"},"id":"v6juukue7dfz6jo","previousOperationId":"ejfzwlo90uwf2h8"}
{"type":"operationStart","subtype":"render","name":"anonymous","previousOperationId":"ejfzwlo90uwf2h8","timestamp":1663948803117,"id":"wiw5sf7jfohilnu","previousEventId":"kvz0w97xll16gs7","operationId":"otda10liu7448w2"}
{"type":"log","timestamp":1663948803117,"level":"info","message":"Starting rendering request 1 (user: null)","meta":{"rootId":"eg68f7stvulnzxw","id":"t80f3sw8f02tc6s"},"id":"gvk5hxn3iuie55r","previousOperationId":"otda10liu7448w2"}
{"type":"log","timestamp":1663948803117,"level":"info","message":"Rendering anonymous template { recipe: html, engine: handlebars }","meta":{"rootId":"eg68f7stvulnzxw","id":"t80f3sw8f02tc6s"},"id":"awfjlbkqkq75fe9","previousOperationId":"otda10liu7448w2"}
{"type":"log","timestamp":1663948803118,"level":"debug","message":"Data item not defined for this template.","meta":{"rootId":"eg68f7stvulnzxw","id":"t80f3sw8f02tc6s"},"id":"tyhufm242ovz2x6","previousOperationId":"otda10liu7448w2"}
{"type":"log","timestamp":1663948803125,"level":"debug","message":"Base url not specified, skipping its injection.","meta":{"rootId":"eg68f7stvulnzxw","id":"t80f3sw8f02tc6s"},"id":"za4ujht47vmj43q","previousOperationId":"otda10liu7448w2"}
{"type":"log","timestamp":1663948803138,"level":"debug","message":"Replaced assets [\"./src/reporting/assets/logo.png\"]","meta":{"rootId":"eg68f7stvulnzxw","id":"t80f3sw8f02tc6s"},"id":"ntorgsgsmsj3nu7","previousOperationId":"otda10liu7448w2"}
{"type":"operationStart","subtype":"engine","name":"handlebars","timestamp":1663948803138,"id":"s7eiwfycc56t44g","previousEventId":"wiw5sf7jfohilnu","operationId":"z9yb7px225v9cu0","previousOperationId":"otda10liu7448w2"}
{"type":"log","timestamp":1663948803138,"level":"debug","message":"Rendering engine handlebars","meta":{"rootId":"eg68f7stvulnzxw","id":"t80f3sw8f02tc6s"},"id":"dckrks4h0imnbus","previousOperationId":"z9yb7px225v9cu0"}
{"type":"operationEnd","operationId":"z9yb7px225v9cu0","timestamp":1663948803168,"id":"hm8gz74jn7o3d0q","previousEventId":"s7eiwfycc56t44g","previousOperationId":"z9yb7px225v9cu0"}
{"type":"operationStart","subtype":"recipe","name":"html","timestamp":1663948803169,"id":"9bjd5s3w4y0h3ev","previousEventId":"hm8gz74jn7o3d0q","operationId":"d5eb2uo5yzybpov","previousOperationId":"z9yb7px225v9cu0"}
{"type":"log","timestamp":1663948803169,"level":"debug","message":"Executing recipe html","meta":{"rootId":"eg68f7stvulnzxw","id":"t80f3sw8f02tc6s"},"id":"5fyybiyj61hh1um","previousOperationId":"d5eb2uo5yzybpov"}
{"type":"operationEnd","operationId":"d5eb2uo5yzybpov","timestamp":1663948803169,"id":"c3opl2zk16rvnd9","previousEventId":"9bjd5s3w4y0h3ev","previousOperationId":"d5eb2uo5yzybpov"}
{"type":"log","timestamp":1663948803171,"level":"debug","message":"Skipping storing report.","meta":{"rootId":"eg68f7stvulnzxw","id":"t80f3sw8f02tc6s"},"id":"bf2jksphmwuw6qp","previousOperationId":"d5eb2uo5yzybpov"}
{"type":"log","timestamp":1663948803171,"level":"info","message":"Rendering request 1 finished in 2430 ms","meta":{"rootId":"eg68f7stvulnzxw","id":"t80f3sw8f02tc6s"},"id":"5570z0r901o990o","previousOperationId":"d5eb2uo5yzybpov"}
{"type":"operationEnd","subtype":"render","operationId":"otda10liu7448w2","timestamp":1663948803171,"id":"phn5y3416fe90nu","previousEventId":"c3opl2zk16rvnd9","previousOperationId":"d5eb2uo5yzybpov"}
{"type":"log","timestamp":1663948803171,"level":"debug","message":"Starting child request to render pdf footer","meta":{"rootId":"eg68f7stvulnzxw","id":"eg68f7stvulnzxw"},"id":"p3h57eg3ayfk3i3","previousOperationId":"ejfzwlo90uwf2h8"}
{"type":"operationStart","subtype":"render","name":"anonymous","previousOperationId":"ejfzwlo90uwf2h8","timestamp":1663948803172,"id":"v8qjv489h5on5pv","previousEventId":"kvz0w97xll16gs7","operationId":"ibwno2g6husmmhr"}
{"type":"log","timestamp":1663948803172,"level":"info","message":"Starting rendering request 1 (user: null)","meta":{"rootId":"eg68f7stvulnzxw","id":"iaflgh0m1uhzo51"},"id":"0nps1j8v4vmkw94","previousOperationId":"ibwno2g6husmmhr"}
{"type":"log","timestamp":1663948803172,"level":"info","message":"Rendering anonymous template { recipe: html, engine: handlebars }","meta":{"rootId":"eg68f7stvulnzxw","id":"iaflgh0m1uhzo51"},"id":"rd4gq0apw84sri7","previousOperationId":"ibwno2g6husmmhr"}
{"type":"log","timestamp":1663948803172,"level":"debug","message":"Data item not defined for this template.","meta":{"rootId":"eg68f7stvulnzxw","id":"iaflgh0m1uhzo51"},"id":"p9dmoyfpaetbtd7","previousOperationId":"ibwno2g6husmmhr"}
{"type":"log","timestamp":1663948803176,"level":"debug","message":"Base url not specified, skipping its injection.","meta":{"rootId":"eg68f7stvulnzxw","id":"iaflgh0m1uhzo51"},"id":"yp55we58jxr3u62","previousOperationId":"ibwno2g6husmmhr"}
{"type":"operationStart","subtype":"engine","name":"handlebars","timestamp":1663948803178,"id":"nru36dpt79vrz6i","previousEventId":"v8qjv489h5on5pv","operationId":"kryjvuryl86ez6u","previousOperationId":"ibwno2g6husmmhr"}
{"type":"log","timestamp":1663948803178,"level":"debug","message":"Rendering engine handlebars","meta":{"rootId":"eg68f7stvulnzxw","id":"iaflgh0m1uhzo51"},"id":"htiflzur5va97fx","previousOperationId":"kryjvuryl86ez6u"}
{"type":"operationEnd","operationId":"kryjvuryl86ez6u","timestamp":1663948803213,"id":"s8x0klzmqfu09y2","previousEventId":"nru36dpt79vrz6i","previousOperationId":"kryjvuryl86ez6u"}
{"type":"operationStart","subtype":"recipe","name":"html","timestamp":1663948803214,"id":"9o9a8s9v6jhgwoz","previousEventId":"s8x0klzmqfu09y2","operationId":"jdq4nkdpyyj030m","previousOperationId":"kryjvuryl86ez6u"}
{"type":"log","timestamp":1663948803214,"level":"debug","message":"Executing recipe html","meta":{"rootId":"eg68f7stvulnzxw","id":"iaflgh0m1uhzo51"},"id":"akqjzmp3cu8xiit","previousOperationId":"jdq4nkdpyyj030m"}
{"type":"operationEnd","operationId":"jdq4nkdpyyj030m","timestamp":1663948803214,"id":"vaatpib0bh34f5y","previousEventId":"9o9a8s9v6jhgwoz","previousOperationId":"jdq4nkdpyyj030m"}
{"type":"log","timestamp":1663948803214,"level":"debug","message":"Skipping storing report.","meta":{"rootId":"eg68f7stvulnzxw","id":"iaflgh0m1uhzo51"},"id":"tr9eldgikwzghie","previousOperationId":"jdq4nkdpyyj030m"}
{"type":"log","timestamp":1663948803214,"level":"info","message":"Rendering request 1 finished in 2473 ms","meta":{"rootId":"eg68f7stvulnzxw","id":"iaflgh0m1uhzo51"},"id":"ydz98s5nvmtcwb4","previousOperationId":"jdq4nkdpyyj030m"}
{"type":"operationEnd","subtype":"render","operationId":"ibwno2g6husmmhr","timestamp":1663948803214,"id":"9h5tintp6et2y6b","previousEventId":"vaatpib0bh34f5y","previousOperationId":"jdq4nkdpyyj030m"}
{"type":"log","timestamp":1663948804790,"level":"debug","message":"Converting with chrome HeadlessChrome/98.0.4758.0 using chrome-pool strategy","meta":{"rootId":"eg68f7stvulnzxw","id":"eg68f7stvulnzxw"},"id":"f8dpiczkwxvmjof","previousOperationId":"ejfzwlo90uwf2h8"}
{"type":"log","timestamp":1663948805172,"level":"debug","message":"Page request: GET (document) file:///var/folders/8m/98z140gs3yzbw6jqmpbh8b8m0000gn/T/jsreport/autocleanup/581e6c4a-c5d0-4d7d-9d2d-bd27d7b31b85-chrome-pdf.html","meta":{"rootId":"eg68f7stvulnzxw","id":"eg68f7stvulnzxw"},"id":"xu2svzrs8al070z","previousOperationId":"ejfzwlo90uwf2h8"}
{"type":"log","timestamp":1663948805193,"level":"debug","message":"Page request finished: GET (document) file:///var/folders/8m/98z140gs3yzbw6jqmpbh8b8m0000gn/T/jsreport/autocleanup/581e6c4a-c5d0-4d7d-9d2d-bd27d7b31b85-chrome-pdf.html","meta":{"rootId":"eg68f7stvulnzxw","id":"eg68f7stvulnzxw"},"id":"o4lsq663zthd04a","previousOperationId":"ejfzwlo90uwf2h8"}
{"type":"log","timestamp":1663948805203,"level":"debug","message":"Page request: GET (stylesheet) https://fonts.googleapis.com/css2?family=Montserrat:wght@500&family=Open+Sans:wght@300&display=swap","meta":{"rootId":"eg68f7stvulnzxw","id":"eg68f7stvulnzxw"},"id":"idg188txu8groi7","previousOperationId":"ejfzwlo90uwf2h8"}
{"type":"log","timestamp":1663948805516,"level":"debug","message":"Page request finished: GET (stylesheet) 200 https://fonts.googleapis.com/css2?family=Montserrat:wght@500&family=Open+Sans:wght@300&display=swap","meta":{"rootId":"eg68f7stvulnzxw","id":"eg68f7stvulnzxw"},"id":"iq4ew6i057zsgaz","previousOperationId":"ejfzwlo90uwf2h8"}
{"type":"log","timestamp":1663948805551,"level":"debug","message":"Page request: GET (font) https://fonts.gstatic.com/s/opensans/v34/memSYaGs126MiZpBA-UvWbX2vVnXBbObj2OVZyOOSr4dVJWUgsiH0B4gaVQUwaEQbjA.woff","meta":{"rootId":"eg68f7stvulnzxw","id":"eg68f7stvulnzxw"},"id":"1s64ze07sd9vk2x","previousOperationId":"ejfzwlo90uwf2h8"}
{"type":"log","timestamp":1663948805576,"level":"debug","message":"Running chrome with params {\"scale\":1,\"displayHeaderFooter\":true,\"headerTemplate\":\"...\",\"footerTemplate\":\"...\",\"printBackground\":true,\"pageRanges\":\"\",\"format\":\"A4\",\"width\":\"\",\"height\":\"\",\"marginTop\":\"350px\",\"marginRight\":\"20px\",\"marginBottom\":\"80px\",\"marginLeft\":\"20px\",\"waitForJS\":false,\"waitForNetworkIddle\":false,\"timeout\":57519,\"waitForNetworkIdle\":false,\"margin\":{\"top\":\"350px\",\"right\":\"20px\",\"bottom\":\"80px\",\"left\":\"20px\"}}","meta":{"rootId":"eg68f7stvulnzxw","id":"eg68f7stvulnzxw"},"id":"pa64ge6vhwvh2vt","previousOperationId":"ejfzwlo90uwf2h8"}
{"type":"log","timestamp":1663948805584,"level":"debug","message":"Page request: GET (font) https://fonts.gstatic.com/s/opensans/v34/memSYaGs126MiZpBA-UvWbX2vVnXBbObj2OVZyOOSr4dVJWUgsiH0B4gaVQUwaEQbjA.woff","meta":{"rootId":"eg68f7stvulnzxw","id":"eg68f7stvulnzxw"},"id":"858luzntkiuxonj","previousOperationId":"ejfzwlo90uwf2h8"}
{"type":"operationEnd","operationId":"ejfzwlo90uwf2h8","timestamp":1663948805824,"id":"n8g24zeu2vuw0bi","previousEventId":"kvz0w97xll16gs7","previousOperationId":"ejfzwlo90uwf2h8"}
{"type":"log","timestamp":1663948805824,"level":"debug","message":"Skipping storing report.","meta":{"rootId":"eg68f7stvulnzxw","id":"eg68f7stvulnzxw"},"id":"otxrwt235g6reyk","previousOperationId":"ejfzwlo90uwf2h8"}
{"type":"log","timestamp":1663948805825,"level":"info","message":"Rendering request 1 finished in 5084 ms","meta":{"rootId":"eg68f7stvulnzxw","id":"eg68f7stvulnzxw"},"id":"9z861v9j0bb4gcz","previousOperationId":"ejfzwlo90uwf2h8"}
{"type":"operationEnd","subtype":"render","operationId":"qx71vfzerzakg06","timestamp":1663948805825,"id":"kbiclfwa2jbdbo0","previousEventId":"n8g24zeu2vuw0bi","previousOperationId":"ejfzwlo90uwf2h8"}
{"type":"operationEnd","doDiffs":false,"previousEventId":"kz8nct2rv4hkcfw","previousOperationId":"tkpj2rt21r08hwr","operationId":"tkpj2rt21r08hwr","timestamp":1663948805834,"id":"mn5dkfzjdowik7m"}
