{"type":"operationStart","subtype":"profile","data":{"_id":"MYeVu2rUE05dkugK","timestamp":"2023-02-27T19:11:40.160Z","state":"queued","mode":"standard","creationDate":"2023-02-27T19:11:40.171Z","modificationDate":"2023-02-27T19:11:40.171Z","shortid":"ct_1Ni-","$entitySet":"profiles"},"doDiffs":false,"timestamp":1677525100164,"id":"74kcvh3er6yp5um","previousOperationId":null,"operationId":"wksdi4wehx3tf1h"}
{"type":"log","level":"info","message":"Render request 1 queued for execution and waiting for available worker","previousOperationId":"wksdi4wehx3tf1h","timestamp":1677525100165,"id":"kz18p1xh9mtvbbf"}
{"type":"operationStart","subtype":"render","name":"anonymous","previousOperationId":"wksdi4wehx3tf1h","timestamp":1677525100226,"id":"1fb0drdiazynl7k","previousEventId":"74kcvh3er6yp5um","operationId":"l8xacmv8830a404"}
{"type":"log","timestamp":1677525100229,"level":"info","message":"Starting rendering request 1 (user: null)","meta":{"rootId":"ejnyii3nz6gge7o","id":"ejnyii3nz6gge7o"},"id":"j3n48fdexxi304y","previousOperationId":"l8xacmv8830a404"}
{"type":"log","timestamp":1677525100238,"level":"info","message":"Rendering anonymous template { recipe: chrome-pdf, engine: handlebars }","meta":{"rootId":"ejnyii3nz6gge7o","id":"ejnyii3nz6gge7o"},"id":"iw11mvriboola2w","previousOperationId":"l8xacmv8830a404"}
{"type":"log","timestamp":1677525100239,"level":"debug","message":"Inline data specified.","meta":{"rootId":"ejnyii3nz6gge7o","id":"ejnyii3nz6gge7o"},"id":"a9oj9acusgsgum8","previousOperationId":"l8xacmv8830a404"}
{"type":"log","timestamp":1677525100248,"level":"debug","message":"Base url not specified, skipping its injection.","meta":{"rootId":"ejnyii3nz6gge7o","id":"ejnyii3nz6gge7o"},"id":"lkn0d2k7q1hpst0","previousOperationId":"l8xacmv8830a404"}
{"type":"operationStart","subtype":"engine","name":"handlebars","timestamp":1677525100254,"id":"8v54l24qa9oad2r","previousEventId":"1fb0drdiazynl7k","operationId":"857ac3qoi66bplc","previousOperationId":"l8xacmv8830a404"}
{"type":"log","timestamp":1677525100254,"level":"debug","message":"Rendering engine handlebars","meta":{"rootId":"ejnyii3nz6gge7o","id":"ejnyii3nz6gge7o"},"id":"slmpwyuodq61o05","previousOperationId":"857ac3qoi66bplc"}
{"type":"operationEnd","operationId":"857ac3qoi66bplc","timestamp":1677525102174,"id":"maaxi7h7ib82pjk","previousEventId":"8v54l24qa9oad2r","previousOperationId":"857ac3qoi66bplc"}
{"type":"operationStart","subtype":"recipe","name":"chrome-pdf","timestamp":1677525102189,"id":"9eikpdvti9t6lwt","previousEventId":"maaxi7h7ib82pjk","operationId":"ds3udfo57xwjnpz","previousOperationId":"857ac3qoi66bplc"}
{"type":"log","timestamp":1677525102189,"level":"debug","message":"Executing recipe chrome-pdf","meta":{"rootId":"ejnyii3nz6gge7o","id":"ejnyii3nz6gge7o"},"id":"l3p34z58lxnx55t","previousOperationId":"ds3udfo57xwjnpz"}
{"type":"log","timestamp":1677525102514,"level":"debug","message":"Starting child request to render pdf header","meta":{"rootId":"ejnyii3nz6gge7o","id":"ejnyii3nz6gge7o"},"id":"pgssxyu688c1lmz","previousOperationId":"ds3udfo57xwjnpz"}
{"type":"operationStart","subtype":"render","name":"anonymous","previousOperationId":"ds3udfo57xwjnpz","timestamp":1677525102517,"id":"jb2tog1f9cmqhqf","previousEventId":"9eikpdvti9t6lwt","operationId":"z5wy8dctfl4qpb3"}
{"type":"log","timestamp":1677525102517,"level":"info","message":"Starting rendering request 1 (user: null)","meta":{"rootId":"ejnyii3nz6gge7o","id":"7d2wcp9xdbxr0kc"},"id":"78k26813rb2ca6z","previousOperationId":"z5wy8dctfl4qpb3"}
{"type":"log","timestamp":1677525102518,"level":"info","message":"Rendering anonymous template { recipe: html, engine: handlebars }","meta":{"rootId":"ejnyii3nz6gge7o","id":"7d2wcp9xdbxr0kc"},"id":"7fd5kf7hrukpbbc","previousOperationId":"z5wy8dctfl4qpb3"}
{"type":"log","timestamp":1677525102518,"level":"debug","message":"Inline data specified.","meta":{"rootId":"ejnyii3nz6gge7o","id":"7d2wcp9xdbxr0kc"},"id":"2soysxfh9fpluzk","previousOperationId":"z5wy8dctfl4qpb3"}
{"type":"log","timestamp":1677525102522,"level":"debug","message":"Base url not specified, skipping its injection.","meta":{"rootId":"ejnyii3nz6gge7o","id":"7d2wcp9xdbxr0kc"},"id":"wisno476oxt8wd1","previousOperationId":"z5wy8dctfl4qpb3"}
{"type":"log","timestamp":1677525102537,"level":"debug","message":"Replaced assets [\"./src/reporting/assets/logo.png\"]","meta":{"rootId":"ejnyii3nz6gge7o","id":"7d2wcp9xdbxr0kc"},"id":"soiz0epka1aag5y","previousOperationId":"z5wy8dctfl4qpb3"}
{"type":"operationStart","subtype":"engine","name":"handlebars","timestamp":1677525102537,"id":"jo1fgw8g944yquj","previousEventId":"jb2tog1f9cmqhqf","operationId":"n8ry6in39gj4j1q","previousOperationId":"z5wy8dctfl4qpb3"}
{"type":"log","timestamp":1677525102537,"level":"debug","message":"Rendering engine handlebars","meta":{"rootId":"ejnyii3nz6gge7o","id":"7d2wcp9xdbxr0kc"},"id":"dbzwtbwpvfvwyop","previousOperationId":"n8ry6in39gj4j1q"}
{"type":"operationEnd","operationId":"n8ry6in39gj4j1q","timestamp":1677525102578,"id":"fbc7wwzu5evzwxc","previousEventId":"jo1fgw8g944yquj","previousOperationId":"n8ry6in39gj4j1q"}
{"type":"operationStart","subtype":"recipe","name":"html","timestamp":1677525102579,"id":"4c8u17pi50alzea","previousEventId":"fbc7wwzu5evzwxc","operationId":"9rqfpyf4cab7cd2","previousOperationId":"n8ry6in39gj4j1q"}
{"type":"log","timestamp":1677525102579,"level":"debug","message":"Executing recipe html","meta":{"rootId":"ejnyii3nz6gge7o","id":"7d2wcp9xdbxr0kc"},"id":"m764w6791i842di","previousOperationId":"9rqfpyf4cab7cd2"}
{"type":"operationEnd","operationId":"9rqfpyf4cab7cd2","timestamp":1677525102580,"id":"t0u0eyd5q43k5ic","previousEventId":"4c8u17pi50alzea","previousOperationId":"9rqfpyf4cab7cd2"}
{"type":"log","timestamp":1677525102582,"level":"debug","message":"Skipping storing report.","meta":{"rootId":"ejnyii3nz6gge7o","id":"7d2wcp9xdbxr0kc"},"id":"hkuoq3nf5myvzjz","previousOperationId":"9rqfpyf4cab7cd2"}
{"type":"log","timestamp":1677525102583,"level":"info","message":"Rendering request 1 finished in 2428 ms","meta":{"rootId":"ejnyii3nz6gge7o","id":"7d2wcp9xdbxr0kc"},"id":"fq0n0bpj7szn8rt","previousOperationId":"9rqfpyf4cab7cd2"}
{"type":"operationEnd","subtype":"render","operationId":"z5wy8dctfl4qpb3","timestamp":1677525102583,"id":"390z3o2x1c39zn8","previousEventId":"t0u0eyd5q43k5ic","previousOperationId":"9rqfpyf4cab7cd2"}
{"type":"log","timestamp":1677525102583,"level":"debug","message":"Starting child request to render pdf footer","meta":{"rootId":"ejnyii3nz6gge7o","id":"ejnyii3nz6gge7o"},"id":"b9zyjiw2lyvwjv8","previousOperationId":"ds3udfo57xwjnpz"}
{"type":"operationStart","subtype":"render","name":"anonymous","previousOperationId":"ds3udfo57xwjnpz","timestamp":1677525102584,"id":"qus792dllj4n5vd","previousEventId":"9eikpdvti9t6lwt","operationId":"j8h4ylnpoey9kz3"}
{"type":"log","timestamp":1677525102584,"level":"info","message":"Starting rendering request 1 (user: null)","meta":{"rootId":"ejnyii3nz6gge7o","id":"vr6j31b8r01z7b0"},"id":"9i649ps0kpiba2k","previousOperationId":"j8h4ylnpoey9kz3"}
{"type":"log","timestamp":1677525102584,"level":"info","message":"Rendering anonymous template { recipe: html, engine: handlebars }","meta":{"rootId":"ejnyii3nz6gge7o","id":"vr6j31b8r01z7b0"},"id":"m5jkiph5pvactx8","previousOperationId":"j8h4ylnpoey9kz3"}
{"type":"log","timestamp":1677525102585,"level":"debug","message":"Inline data specified.","meta":{"rootId":"ejnyii3nz6gge7o","id":"vr6j31b8r01z7b0"},"id":"uxt8p3c9d9bvzcb","previousOperationId":"j8h4ylnpoey9kz3"}
{"type":"log","timestamp":1677525102589,"level":"debug","message":"Base url not specified, skipping its injection.","meta":{"rootId":"ejnyii3nz6gge7o","id":"vr6j31b8r01z7b0"},"id":"ub2flf63r0c4ki9","previousOperationId":"j8h4ylnpoey9kz3"}
{"type":"operationStart","subtype":"engine","name":"handlebars","timestamp":1677525102590,"id":"03gy9xq18qaolvs","previousEventId":"qus792dllj4n5vd","operationId":"oiuanbh6p2x93wf","previousOperationId":"j8h4ylnpoey9kz3"}
{"type":"log","timestamp":1677525102590,"level":"debug","message":"Rendering engine handlebars","meta":{"rootId":"ejnyii3nz6gge7o","id":"vr6j31b8r01z7b0"},"id":"zp9xt0v8qidjm5f","previousOperationId":"oiuanbh6p2x93wf"}
{"type":"operationEnd","operationId":"oiuanbh6p2x93wf","timestamp":1677525102627,"id":"lp8qz9r936v51te","previousEventId":"03gy9xq18qaolvs","previousOperationId":"oiuanbh6p2x93wf"}
{"type":"operationStart","subtype":"recipe","name":"html","timestamp":1677525102627,"id":"4i48r936hvkszgm","previousEventId":"lp8qz9r936v51te","operationId":"bfenx1x35h39bi6","previousOperationId":"oiuanbh6p2x93wf"}
{"type":"log","timestamp":1677525102627,"level":"debug","message":"Executing recipe html","meta":{"rootId":"ejnyii3nz6gge7o","id":"vr6j31b8r01z7b0"},"id":"4gtleiaucfnqeqq","previousOperationId":"bfenx1x35h39bi6"}
{"type":"operationEnd","operationId":"bfenx1x35h39bi6","timestamp":1677525102627,"id":"h95e7pt4ujqejk3","previousEventId":"4i48r936hvkszgm","previousOperationId":"bfenx1x35h39bi6"}
{"type":"log","timestamp":1677525102628,"level":"debug","message":"Skipping storing report.","meta":{"rootId":"ejnyii3nz6gge7o","id":"vr6j31b8r01z7b0"},"id":"ujfd7edj05jc69l","previousOperationId":"bfenx1x35h39bi6"}
{"type":"log","timestamp":1677525102628,"level":"info","message":"Rendering request 1 finished in 2473 ms","meta":{"rootId":"ejnyii3nz6gge7o","id":"vr6j31b8r01z7b0"},"id":"p8x96wfph240xzf","previousOperationId":"bfenx1x35h39bi6"}
{"type":"operationEnd","subtype":"render","operationId":"j8h4ylnpoey9kz3","timestamp":1677525102628,"id":"sb4tjqi8zetk818","previousEventId":"h95e7pt4ujqejk3","previousOperationId":"bfenx1x35h39bi6"}
{"type":"log","timestamp":1677525103021,"level":"debug","message":"Converting with chrome HeadlessChrome/98.0.4758.0 using chrome-pool strategy","meta":{"rootId":"ejnyii3nz6gge7o","id":"ejnyii3nz6gge7o"},"id":"89zo6x58j6f8eck","previousOperationId":"ds3udfo57xwjnpz"}
{"type":"log","timestamp":1677525103419,"level":"debug","message":"Page request: GET (document) file:///C:/Users/ADMINI~1/AppData/Local/Temp/jsreport/autocleanup/4d231914-8fe9-4671-9482-3aed44b98285-chrome-pdf.html","meta":{"rootId":"ejnyii3nz6gge7o","id":"ejnyii3nz6gge7o"},"id":"v565l3wy7120vjz","previousOperationId":"ds3udfo57xwjnpz"}
{"type":"log","timestamp":1677525103463,"level":"debug","message":"Page request finished: GET (document) file:///C:/Users/ADMINI~1/AppData/Local/Temp/jsreport/autocleanup/4d231914-8fe9-4671-9482-3aed44b98285-chrome-pdf.html","meta":{"rootId":"ejnyii3nz6gge7o","id":"ejnyii3nz6gge7o"},"id":"d8gnv1me2wrbcpc","previousOperationId":"ds3udfo57xwjnpz"}
{"type":"log","timestamp":1677525103471,"level":"debug","message":"Page request: GET (stylesheet) https://fonts.googleapis.com/css2?family=Montserrat:wght@500&family=Open+Sans:wght@300&display=swap","meta":{"rootId":"ejnyii3nz6gge7o","id":"ejnyii3nz6gge7o"},"id":"4ezrmqdhxdyka02","previousOperationId":"ds3udfo57xwjnpz"}
{"type":"log","timestamp":1677525103972,"level":"debug","message":"Page request finished: GET (stylesheet) 200 https://fonts.googleapis.com/css2?family=Montserrat:wght@500&family=Open+Sans:wght@300&display=swap","meta":{"rootId":"ejnyii3nz6gge7o","id":"ejnyii3nz6gge7o"},"id":"mzr3aykik17geds","previousOperationId":"ds3udfo57xwjnpz"}
{"type":"log","timestamp":1677525104172,"level":"debug","message":"Page request: GET (font) https://fonts.gstatic.com/s/opensans/v34/memSYaGs126MiZpBA-UvWbX2vVnXBbObj2OVZyOOSr4dVJWUgsiH0B4gaVI.woff2","meta":{"rootId":"ejnyii3nz6gge7o","id":"ejnyii3nz6gge7o"},"id":"xe2ntbi12hutmdj","previousOperationId":"ds3udfo57xwjnpz"}
{"type":"log","timestamp":1677525104191,"level":"debug","message":"Page request: GET (font) https://fonts.gstatic.com/s/opensans/v34/memSYaGs126MiZpBA-UvWbX2vVnXBbObj2OVZyOOSr4dVJWUgsiH0B4gaVI.woff2","meta":{"rootId":"ejnyii3nz6gge7o","id":"ejnyii3nz6gge7o"},"id":"q6fyoc3r2gr2e5w","previousOperationId":"ds3udfo57xwjnpz"}
{"type":"log","timestamp":1677525104193,"level":"debug","message":"Running chrome with params {\"scale\":1,\"displayHeaderFooter\":true,\"headerTemplate\":\"...\",\"footerTemplate\":\"...\",\"printBackground\":true,\"pageRanges\":\"\",\"format\":\"A4\",\"width\":\"\",\"height\":\"\",\"marginTop\":\"350px\",\"marginRight\":\"20px\",\"marginBottom\":\"80px\",\"marginLeft\":\"20px\",\"waitForJS\":false,\"waitForNetworkIddle\":false,\"timeout\":57527,\"waitForNetworkIdle\":false,\"margin\":{\"top\":\"350px\",\"right\":\"20px\",\"bottom\":\"80px\",\"left\":\"20px\"}}","meta":{"rootId":"ejnyii3nz6gge7o","id":"ejnyii3nz6gge7o"},"id":"tq70xf6nni9gfn4","previousOperationId":"ds3udfo57xwjnpz"}
{"type":"log","timestamp":1677525104501,"level":"debug","message":"Page request finished: GET (font) 200 https://fonts.gstatic.com/s/opensans/v34/memSYaGs126MiZpBA-UvWbX2vVnXBbObj2OVZyOOSr4dVJWUgsiH0B4gaVI.woff2","meta":{"rootId":"ejnyii3nz6gge7o","id":"ejnyii3nz6gge7o"},"id":"2aba0hwlmkvevtz","previousOperationId":"ds3udfo57xwjnpz"}
{"type":"operationEnd","operationId":"ds3udfo57xwjnpz","timestamp":1677525104523,"id":"2mbabagtc3o981e","previousEventId":"9eikpdvti9t6lwt","previousOperationId":"ds3udfo57xwjnpz"}
{"type":"log","timestamp":1677525104523,"level":"debug","message":"Skipping storing report.","meta":{"rootId":"ejnyii3nz6gge7o","id":"ejnyii3nz6gge7o"},"id":"zll85owkppwzoxo","previousOperationId":"ds3udfo57xwjnpz"}
{"type":"log","timestamp":1677525104523,"level":"info","message":"Rendering request 1 finished in 4368 ms","meta":{"rootId":"ejnyii3nz6gge7o","id":"ejnyii3nz6gge7o"},"id":"1a2qxsm5m5numzj","previousOperationId":"ds3udfo57xwjnpz"}
{"type":"operationEnd","subtype":"render","operationId":"l8xacmv8830a404","timestamp":1677525104523,"id":"d5gqe9v5hfv8es5","previousEventId":"2mbabagtc3o981e","previousOperationId":"ds3udfo57xwjnpz"}
{"type":"operationEnd","doDiffs":false,"previousEventId":"74kcvh3er6yp5um","previousOperationId":"wksdi4wehx3tf1h","operationId":"wksdi4wehx3tf1h","timestamp":1677525104533,"id":"0w0uh2dd3awvdjo"}
