{"type":"operationStart","subtype":"profile","data":{"_id":"ABKWiJ9JBovoxtJU","timestamp":"2022-10-05T21:33:17.275Z","state":"queued","mode":"standard","creationDate":"2022-10-05T21:33:17.280Z","modificationDate":"2022-10-05T21:33:17.280Z","shortid":"bh9CKzI","$entitySet":"profiles"},"doDiffs":false,"timestamp":1665005597278,"id":"ih8rgh6xogx5978","previousOperationId":null,"operationId":"u5q0hg5ipua9d8l"}
{"type":"log","level":"info","message":"Render request 1 queued for execution and waiting for available worker","previousOperationId":"u5q0hg5ipua9d8l","timestamp":1665005597278,"id":"jl739l5us21lvkd"}
{"type":"operationStart","subtype":"render","name":"anonymous","previousOperationId":"u5q0hg5ipua9d8l","timestamp":1665005597315,"id":"zlehha1l66rsaxj","previousEventId":"ih8rgh6xogx5978","operationId":"f84bdwdd33xb61y"}
{"type":"log","timestamp":1665005597324,"level":"info","message":"Starting rendering request 1 (user: null)","meta":{"rootId":"esktxsly6013rc4","id":"esktxsly6013rc4"},"id":"7m4hat72om6sf5m","previousOperationId":"f84bdwdd33xb61y"}
{"type":"log","timestamp":1665005597328,"level":"info","message":"Rendering anonymous template { recipe: chrome-pdf, engine: handlebars }","meta":{"rootId":"esktxsly6013rc4","id":"esktxsly6013rc4"},"id":"2c70nboalsdxsgz","previousOperationId":"f84bdwdd33xb61y"}
{"type":"log","timestamp":1665005597329,"level":"debug","message":"Inline data specified.","meta":{"rootId":"esktxsly6013rc4","id":"esktxsly6013rc4"},"id":"unlgpiez2ssxw1m","previousOperationId":"f84bdwdd33xb61y"}
{"type":"log","timestamp":1665005597336,"level":"debug","message":"Base url not specified, skipping its injection.","meta":{"rootId":"esktxsly6013rc4","id":"esktxsly6013rc4"},"id":"lwwkbgdryw0jhux","previousOperationId":"f84bdwdd33xb61y"}
{"type":"operationStart","subtype":"engine","name":"handlebars","timestamp":1665005597338,"id":"1ycx6r3n3c7nzsn","previousEventId":"zlehha1l66rsaxj","operationId":"a0wyz8uk8jsldod","previousOperationId":"f84bdwdd33xb61y"}
{"type":"log","timestamp":1665005597339,"level":"debug","message":"Rendering engine handlebars","meta":{"rootId":"esktxsly6013rc4","id":"esktxsly6013rc4"},"id":"qrmzqh7al14flwn","previousOperationId":"a0wyz8uk8jsldod"}
{"type":"operationEnd","operationId":"a0wyz8uk8jsldod","timestamp":1665005598523,"id":"pwfd8jeywu8aklw","previousEventId":"1ycx6r3n3c7nzsn","previousOperationId":"a0wyz8uk8jsldod"}
{"type":"operationStart","subtype":"recipe","name":"chrome-pdf","timestamp":1665005598524,"id":"ufydl8su8i25fhv","previousEventId":"pwfd8jeywu8aklw","operationId":"4vnq9m2diz328gv","previousOperationId":"a0wyz8uk8jsldod"}
{"type":"log","timestamp":1665005598524,"level":"debug","message":"Executing recipe chrome-pdf","meta":{"rootId":"esktxsly6013rc4","id":"esktxsly6013rc4"},"id":"pkk1gi9ncn8fht0","previousOperationId":"4vnq9m2diz328gv"}
{"type":"log","timestamp":1665005598722,"level":"debug","message":"Starting child request to render pdf header","meta":{"rootId":"esktxsly6013rc4","id":"esktxsly6013rc4"},"id":"9zzlyfqwfpgk4c3","previousOperationId":"4vnq9m2diz328gv"}
{"type":"operationStart","subtype":"render","name":"anonymous","previousOperationId":"4vnq9m2diz328gv","timestamp":1665005598724,"id":"8v5nwg6kgkbou89","previousEventId":"ufydl8su8i25fhv","operationId":"mye6anpdv893h6x"}
{"type":"log","timestamp":1665005598724,"level":"info","message":"Starting rendering request 1 (user: null)","meta":{"rootId":"esktxsly6013rc4","id":"k6pex1wp12e1z3f"},"id":"pfgo5sxnt5q71ok","previousOperationId":"mye6anpdv893h6x"}
{"type":"log","timestamp":1665005598725,"level":"info","message":"Rendering anonymous template { recipe: html, engine: handlebars }","meta":{"rootId":"esktxsly6013rc4","id":"k6pex1wp12e1z3f"},"id":"tkv2tig2ukzf8h7","previousOperationId":"mye6anpdv893h6x"}
{"type":"log","timestamp":1665005598726,"level":"debug","message":"Inline data specified.","meta":{"rootId":"esktxsly6013rc4","id":"k6pex1wp12e1z3f"},"id":"h96z2jblipvys4r","previousOperationId":"mye6anpdv893h6x"}
{"type":"log","timestamp":1665005598736,"level":"debug","message":"Base url not specified, skipping its injection.","meta":{"rootId":"esktxsly6013rc4","id":"k6pex1wp12e1z3f"},"id":"gjrsv55hmiqg0ah","previousOperationId":"mye6anpdv893h6x"}
{"type":"log","timestamp":1665005598788,"level":"debug","message":"Replaced assets [\"./src/reporting/assets/logo.png\"]","meta":{"rootId":"esktxsly6013rc4","id":"k6pex1wp12e1z3f"},"id":"ielxggohop7t79e","previousOperationId":"mye6anpdv893h6x"}
{"type":"operationStart","subtype":"engine","name":"handlebars","timestamp":1665005598789,"id":"yd75metamasj5z3","previousEventId":"8v5nwg6kgkbou89","operationId":"kyswuuz6koyw97e","previousOperationId":"mye6anpdv893h6x"}
{"type":"log","timestamp":1665005598789,"level":"debug","message":"Rendering engine handlebars","meta":{"rootId":"esktxsly6013rc4","id":"k6pex1wp12e1z3f"},"id":"pal2lccjrldlzki","previousOperationId":"kyswuuz6koyw97e"}
{"type":"operationEnd","operationId":"kyswuuz6koyw97e","timestamp":1665005598845,"id":"tkdyd98lr14712z","previousEventId":"yd75metamasj5z3","previousOperationId":"kyswuuz6koyw97e"}
{"type":"operationStart","subtype":"recipe","name":"html","timestamp":1665005598846,"id":"0nohy58ypyeg1j1","previousEventId":"tkdyd98lr14712z","operationId":"tko4rtmucyjjuqy","previousOperationId":"kyswuuz6koyw97e"}
{"type":"log","timestamp":1665005598846,"level":"debug","message":"Executing recipe html","meta":{"rootId":"esktxsly6013rc4","id":"k6pex1wp12e1z3f"},"id":"9i2la452drgi5j9","previousOperationId":"tko4rtmucyjjuqy"}
{"type":"operationEnd","operationId":"tko4rtmucyjjuqy","timestamp":1665005598846,"id":"swa0kav90szh5ua","previousEventId":"0nohy58ypyeg1j1","previousOperationId":"tko4rtmucyjjuqy"}
{"type":"log","timestamp":1665005598850,"level":"debug","message":"Skipping storing report.","meta":{"rootId":"esktxsly6013rc4","id":"k6pex1wp12e1z3f"},"id":"3wp0nc0dht3qhpj","previousOperationId":"tko4rtmucyjjuqy"}
{"type":"log","timestamp":1665005598851,"level":"info","message":"Rendering request 1 finished in 1579 ms","meta":{"rootId":"esktxsly6013rc4","id":"k6pex1wp12e1z3f"},"id":"rc61tfrbocyjsln","previousOperationId":"tko4rtmucyjjuqy"}
{"type":"operationEnd","subtype":"render","operationId":"mye6anpdv893h6x","timestamp":1665005598851,"id":"64pez270wj94rzp","previousEventId":"swa0kav90szh5ua","previousOperationId":"tko4rtmucyjjuqy"}
{"type":"log","timestamp":1665005598852,"level":"debug","message":"Starting child request to render pdf footer","meta":{"rootId":"esktxsly6013rc4","id":"esktxsly6013rc4"},"id":"auygfsfcgegts1k","previousOperationId":"4vnq9m2diz328gv"}
{"type":"operationStart","subtype":"render","name":"anonymous","previousOperationId":"4vnq9m2diz328gv","timestamp":1665005598852,"id":"nt9m6xl9fafdqg4","previousEventId":"ufydl8su8i25fhv","operationId":"7agt5h1sybhzbdf"}
{"type":"log","timestamp":1665005598852,"level":"info","message":"Starting rendering request 1 (user: null)","meta":{"rootId":"esktxsly6013rc4","id":"2720j4vo7g1k940"},"id":"9sebgllgdd4ywoq","previousOperationId":"7agt5h1sybhzbdf"}
{"type":"log","timestamp":1665005598853,"level":"info","message":"Rendering anonymous template { recipe: html, engine: handlebars }","meta":{"rootId":"esktxsly6013rc4","id":"2720j4vo7g1k940"},"id":"7na8xc31iui13aw","previousOperationId":"7agt5h1sybhzbdf"}
{"type":"log","timestamp":1665005598853,"level":"debug","message":"Inline data specified.","meta":{"rootId":"esktxsly6013rc4","id":"2720j4vo7g1k940"},"id":"sbi3oprj9zghdjo","previousOperationId":"7agt5h1sybhzbdf"}
{"type":"log","timestamp":1665005598866,"level":"debug","message":"Base url not specified, skipping its injection.","meta":{"rootId":"esktxsly6013rc4","id":"2720j4vo7g1k940"},"id":"jkry969t8ql2gyt","previousOperationId":"7agt5h1sybhzbdf"}
{"type":"operationStart","subtype":"engine","name":"handlebars","timestamp":1665005598867,"id":"jkpr92s95xlgtcb","previousEventId":"nt9m6xl9fafdqg4","operationId":"r8kktcg1x3t3616","previousOperationId":"7agt5h1sybhzbdf"}
{"type":"log","timestamp":1665005598867,"level":"debug","message":"Rendering engine handlebars","meta":{"rootId":"esktxsly6013rc4","id":"2720j4vo7g1k940"},"id":"6wtcbzg0c0hy4cf","previousOperationId":"r8kktcg1x3t3616"}
{"type":"operationEnd","operationId":"r8kktcg1x3t3616","timestamp":1665005598908,"id":"7opn2iou1idr1au","previousEventId":"jkpr92s95xlgtcb","previousOperationId":"r8kktcg1x3t3616"}
{"type":"operationStart","subtype":"recipe","name":"html","timestamp":1665005598909,"id":"nulck48iaxstivj","previousEventId":"7opn2iou1idr1au","operationId":"chl8cw3777rhwqh","previousOperationId":"r8kktcg1x3t3616"}
{"type":"log","timestamp":1665005598909,"level":"debug","message":"Executing recipe html","meta":{"rootId":"esktxsly6013rc4","id":"2720j4vo7g1k940"},"id":"qkoit74fviipts5","previousOperationId":"chl8cw3777rhwqh"}
{"type":"operationEnd","operationId":"chl8cw3777rhwqh","timestamp":1665005598909,"id":"3puyraeol9710b1","previousEventId":"nulck48iaxstivj","previousOperationId":"chl8cw3777rhwqh"}
{"type":"log","timestamp":1665005598910,"level":"debug","message":"Skipping storing report.","meta":{"rootId":"esktxsly6013rc4","id":"2720j4vo7g1k940"},"id":"3zfyhl2gzhncqod","previousOperationId":"chl8cw3777rhwqh"}
{"type":"log","timestamp":1665005598910,"level":"info","message":"Rendering request 1 finished in 1638 ms","meta":{"rootId":"esktxsly6013rc4","id":"2720j4vo7g1k940"},"id":"rhqbvk2kmz1gmxj","previousOperationId":"chl8cw3777rhwqh"}
{"type":"operationEnd","subtype":"render","operationId":"7agt5h1sybhzbdf","timestamp":1665005598910,"id":"h8o9xzgablpkaeh","previousEventId":"3puyraeol9710b1","previousOperationId":"chl8cw3777rhwqh"}
{"type":"log","timestamp":1665005600523,"level":"debug","message":"Converting with chrome HeadlessChrome/98.0.4758.0 using chrome-pool strategy","meta":{"rootId":"esktxsly6013rc4","id":"esktxsly6013rc4"},"id":"54075sl1xlbid2r","previousOperationId":"4vnq9m2diz328gv"}
{"type":"log","timestamp":1665005600911,"level":"debug","message":"Page request: GET (document) file:///var/folders/8m/98z140gs3yzbw6jqmpbh8b8m0000gn/T/jsreport/autocleanup/3427dc50-6b2c-4968-b1bb-16d7a193cf2a-chrome-pdf.html","meta":{"rootId":"esktxsly6013rc4","id":"esktxsly6013rc4"},"id":"ptczeddmjrj9w6r","previousOperationId":"4vnq9m2diz328gv"}
{"type":"log","timestamp":1665005600934,"level":"debug","message":"Page request finished: GET (document) file:///var/folders/8m/98z140gs3yzbw6jqmpbh8b8m0000gn/T/jsreport/autocleanup/3427dc50-6b2c-4968-b1bb-16d7a193cf2a-chrome-pdf.html","meta":{"rootId":"esktxsly6013rc4","id":"esktxsly6013rc4"},"id":"4bltkoq6e4ckb6q","previousOperationId":"4vnq9m2diz328gv"}
{"type":"log","timestamp":1665005600944,"level":"debug","message":"Page request: GET (stylesheet) https://fonts.googleapis.com/css2?family=Montserrat:wght@500&family=Open+Sans:wght@300&display=swap","meta":{"rootId":"esktxsly6013rc4","id":"esktxsly6013rc4"},"id":"ddbvjzsnydng330","previousOperationId":"4vnq9m2diz328gv"}
{"type":"log","timestamp":1665005601998,"level":"debug","message":"Page request finished: GET (stylesheet) 200 https://fonts.googleapis.com/css2?family=Montserrat:wght@500&family=Open+Sans:wght@300&display=swap","meta":{"rootId":"esktxsly6013rc4","id":"esktxsly6013rc4"},"id":"0ejsulptvhvtlze","previousOperationId":"4vnq9m2diz328gv"}
{"type":"log","timestamp":1665005602031,"level":"debug","message":"Page request: GET (font) https://fonts.gstatic.com/s/opensans/v34/memSYaGs126MiZpBA-UvWbX2vVnXBbObj2OVZyOOSr4dVJWUgsiH0B4gaVQUwaEQbjA.woff","meta":{"rootId":"esktxsly6013rc4","id":"esktxsly6013rc4"},"id":"p6szbb1u93q03e2","previousOperationId":"4vnq9m2diz328gv"}
{"type":"log","timestamp":1665005602042,"level":"debug","message":"Running chrome with params {\"scale\":1,\"displayHeaderFooter\":true,\"headerTemplate\":\"...\",\"footerTemplate\":\"...\",\"printBackground\":true,\"pageRanges\":\"\",\"format\":\"A4\",\"width\":\"\",\"height\":\"\",\"marginTop\":\"470px\",\"marginRight\":\"20px\",\"marginBottom\":\"80px\",\"marginLeft\":\"20px\",\"waitForJS\":false,\"waitForNetworkIddle\":false,\"timeout\":58362,\"waitForNetworkIdle\":false,\"margin\":{\"top\":\"470px\",\"right\":\"20px\",\"bottom\":\"80px\",\"left\":\"20px\"}}","meta":{"rootId":"esktxsly6013rc4","id":"esktxsly6013rc4"},"id":"fjlgdr8yixiifbm","previousOperationId":"4vnq9m2diz328gv"}
{"type":"log","timestamp":1665005602048,"level":"debug","message":"Page request: GET (font) https://fonts.gstatic.com/s/opensans/v34/memSYaGs126MiZpBA-UvWbX2vVnXBbObj2OVZyOOSr4dVJWUgsiH0B4gaVQUwaEQbjA.woff","meta":{"rootId":"esktxsly6013rc4","id":"esktxsly6013rc4"},"id":"sk2w8u609nfu2b6","previousOperationId":"4vnq9m2diz328gv"}
{"type":"operationEnd","operationId":"4vnq9m2diz328gv","timestamp":1665005602277,"id":"e4p6s07twpe8h5b","previousEventId":"ufydl8su8i25fhv","previousOperationId":"4vnq9m2diz328gv"}
{"type":"log","timestamp":1665005602277,"level":"debug","message":"Skipping storing report.","meta":{"rootId":"esktxsly6013rc4","id":"esktxsly6013rc4"},"id":"i0o6577n7bal88b","previousOperationId":"4vnq9m2diz328gv"}
{"type":"log","timestamp":1665005602277,"level":"info","message":"Rendering request 1 finished in 5005 ms","meta":{"rootId":"esktxsly6013rc4","id":"esktxsly6013rc4"},"id":"owsbrhzowdtzb6g","previousOperationId":"4vnq9m2diz328gv"}
{"type":"operationEnd","subtype":"render","operationId":"f84bdwdd33xb61y","timestamp":1665005602277,"id":"uvdzu4wdfp29rh5","previousEventId":"e4p6s07twpe8h5b","previousOperationId":"4vnq9m2diz328gv"}
{"type":"operationEnd","doDiffs":false,"previousEventId":"ih8rgh6xogx5978","previousOperationId":"u5q0hg5ipua9d8l","operationId":"u5q0hg5ipua9d8l","timestamp":1665005602286,"id":"1yybldsf0ysm9jo"}
