{"type":"operationStart","subtype":"profile","data":{"_id":"qaZHJuzf6guG01jN","timestamp":"2023-01-28T15:16:56.106Z","state":"queued","mode":"standard","creationDate":"2023-01-28T15:16:56.110Z","modificationDate":"2023-01-28T15:16:56.110Z","shortid":"v-SGtHo","$entitySet":"profiles"},"doDiffs":false,"timestamp":1674919016108,"id":"yruo2dxb726szuw","previousOperationId":null,"operationId":"wyew4i8itju8qs7"}
{"type":"log","level":"info","message":"Render request 1 queued for execution and waiting for available worker","previousOperationId":"wyew4i8itju8qs7","timestamp":1674919016109,"id":"9hua4bha15ofoqr"}
{"type":"operationStart","subtype":"render","name":"anonymous","previousOperationId":"wyew4i8itju8qs7","timestamp":1674919016131,"id":"ihjem0oymyz6v9j","previousEventId":"yruo2dxb726szuw","operationId":"mjc1t75yf3f3dt8"}
{"type":"log","timestamp":1674919016134,"level":"info","message":"Starting rendering request 1 (user: null)","meta":{"rootId":"exu0ymqk3qtm0vn","id":"exu0ymqk3qtm0vn"},"id":"f42eka0jscnrlzj","previousOperationId":"mjc1t75yf3f3dt8"}
{"type":"log","timestamp":1674919016137,"level":"info","message":"Rendering anonymous template { recipe: chrome-pdf, engine: handlebars }","meta":{"rootId":"exu0ymqk3qtm0vn","id":"exu0ymqk3qtm0vn"},"id":"914suesa6bbk9m2","previousOperationId":"mjc1t75yf3f3dt8"}
{"type":"log","timestamp":1674919016138,"level":"debug","message":"Inline data specified.","meta":{"rootId":"exu0ymqk3qtm0vn","id":"exu0ymqk3qtm0vn"},"id":"0ya2cdtdaz8zl1i","previousOperationId":"mjc1t75yf3f3dt8"}
{"type":"log","timestamp":1674919016149,"level":"debug","message":"Base url not specified, skipping its injection.","meta":{"rootId":"exu0ymqk3qtm0vn","id":"exu0ymqk3qtm0vn"},"id":"jkndwy7ay6r8gcu","previousOperationId":"mjc1t75yf3f3dt8"}
{"type":"operationStart","subtype":"engine","name":"handlebars","timestamp":1674919016152,"id":"a6jp16u9ts35ahw","previousEventId":"ihjem0oymyz6v9j","operationId":"391hdqh098uo7s9","previousOperationId":"mjc1t75yf3f3dt8"}
{"type":"log","timestamp":1674919016152,"level":"debug","message":"Rendering engine handlebars","meta":{"rootId":"exu0ymqk3qtm0vn","id":"exu0ymqk3qtm0vn"},"id":"lkrr8ln15m5lfst","previousOperationId":"391hdqh098uo7s9"}
{"type":"operationEnd","operationId":"391hdqh098uo7s9","timestamp":1674919017339,"id":"n9q2xje8runv6d4","previousEventId":"a6jp16u9ts35ahw","previousOperationId":"391hdqh098uo7s9"}
{"type":"operationStart","subtype":"recipe","name":"chrome-pdf","timestamp":1674919017341,"id":"cxxnu3108g71vba","previousEventId":"n9q2xje8runv6d4","operationId":"b219evundnaedht","previousOperationId":"391hdqh098uo7s9"}
{"type":"log","timestamp":1674919017341,"level":"debug","message":"Executing recipe chrome-pdf","meta":{"rootId":"exu0ymqk3qtm0vn","id":"exu0ymqk3qtm0vn"},"id":"9cgsvyuit9dljom","previousOperationId":"b219evundnaedht"}
{"type":"log","timestamp":1674919017631,"level":"debug","message":"Starting child request to render pdf header","meta":{"rootId":"exu0ymqk3qtm0vn","id":"exu0ymqk3qtm0vn"},"id":"2v93biboheyq0ti","previousOperationId":"b219evundnaedht"}
{"type":"operationStart","subtype":"render","name":"anonymous","previousOperationId":"b219evundnaedht","timestamp":1674919017632,"id":"rjmhad2b4f8eyuc","previousEventId":"cxxnu3108g71vba","operationId":"44ui62rl4sq8rzl"}
{"type":"log","timestamp":1674919017632,"level":"info","message":"Starting rendering request 1 (user: null)","meta":{"rootId":"exu0ymqk3qtm0vn","id":"bbhe6ky9i6e59hr"},"id":"rtgqqok2k3vnt9j","previousOperationId":"44ui62rl4sq8rzl"}
{"type":"log","timestamp":1674919017632,"level":"info","message":"Rendering anonymous template { recipe: html, engine: handlebars }","meta":{"rootId":"exu0ymqk3qtm0vn","id":"bbhe6ky9i6e59hr"},"id":"ttwh1brx7x6i9lc","previousOperationId":"44ui62rl4sq8rzl"}
{"type":"log","timestamp":1674919017633,"level":"debug","message":"Inline data specified.","meta":{"rootId":"exu0ymqk3qtm0vn","id":"bbhe6ky9i6e59hr"},"id":"coqziflzjoergh8","previousOperationId":"44ui62rl4sq8rzl"}
{"type":"log","timestamp":1674919017635,"level":"debug","message":"Base url not specified, skipping its injection.","meta":{"rootId":"exu0ymqk3qtm0vn","id":"bbhe6ky9i6e59hr"},"id":"kt7xdum4l90w2oe","previousOperationId":"44ui62rl4sq8rzl"}
{"type":"log","timestamp":1674919017648,"level":"debug","message":"Replaced assets [\"./src/reporting/assets/logo.png\"]","meta":{"rootId":"exu0ymqk3qtm0vn","id":"bbhe6ky9i6e59hr"},"id":"q13p84icvwntv8l","previousOperationId":"44ui62rl4sq8rzl"}
{"type":"operationStart","subtype":"engine","name":"handlebars","timestamp":1674919017649,"id":"yqtp0t6maj560xy","previousEventId":"rjmhad2b4f8eyuc","operationId":"cbz1pj0xvsrbhrx","previousOperationId":"44ui62rl4sq8rzl"}
{"type":"log","timestamp":1674919017649,"level":"debug","message":"Rendering engine handlebars","meta":{"rootId":"exu0ymqk3qtm0vn","id":"bbhe6ky9i6e59hr"},"id":"m1oa4yj2kfsjuqw","previousOperationId":"cbz1pj0xvsrbhrx"}
{"type":"operationEnd","operationId":"cbz1pj0xvsrbhrx","timestamp":1674919017694,"id":"0mkykwckyhgh0i0","previousEventId":"yqtp0t6maj560xy","previousOperationId":"cbz1pj0xvsrbhrx"}
{"type":"operationStart","subtype":"recipe","name":"html","timestamp":1674919017703,"id":"w7bhkznqkkuf3wf","previousEventId":"0mkykwckyhgh0i0","operationId":"a0ig9q2v65p1cpv","previousOperationId":"cbz1pj0xvsrbhrx"}
{"type":"log","timestamp":1674919017703,"level":"debug","message":"Executing recipe html","meta":{"rootId":"exu0ymqk3qtm0vn","id":"bbhe6ky9i6e59hr"},"id":"c7l0axlz7j2lzfr","previousOperationId":"a0ig9q2v65p1cpv"}
{"type":"operationEnd","operationId":"a0ig9q2v65p1cpv","timestamp":1674919017703,"id":"doawz8t88tf2pg0","previousEventId":"w7bhkznqkkuf3wf","previousOperationId":"a0ig9q2v65p1cpv"}
{"type":"log","timestamp":1674919017705,"level":"debug","message":"Skipping storing report.","meta":{"rootId":"exu0ymqk3qtm0vn","id":"bbhe6ky9i6e59hr"},"id":"my5m5ef5y9fkrbc","previousOperationId":"a0ig9q2v65p1cpv"}
{"type":"log","timestamp":1674919017705,"level":"info","message":"Rendering request 1 finished in 1603 ms","meta":{"rootId":"exu0ymqk3qtm0vn","id":"bbhe6ky9i6e59hr"},"id":"w2lqhy997g4dztd","previousOperationId":"a0ig9q2v65p1cpv"}
{"type":"operationEnd","subtype":"render","operationId":"44ui62rl4sq8rzl","timestamp":1674919017705,"id":"mi6vm7j9p3xg4c6","previousEventId":"doawz8t88tf2pg0","previousOperationId":"a0ig9q2v65p1cpv"}
{"type":"log","timestamp":1674919017705,"level":"debug","message":"Starting child request to render pdf footer","meta":{"rootId":"exu0ymqk3qtm0vn","id":"exu0ymqk3qtm0vn"},"id":"9yllqviuwgjhknx","previousOperationId":"b219evundnaedht"}
{"type":"operationStart","subtype":"render","name":"anonymous","previousOperationId":"b219evundnaedht","timestamp":1674919017706,"id":"2dl4inzh6qd545m","previousEventId":"cxxnu3108g71vba","operationId":"6u92wz3mgzm6hvp"}
{"type":"log","timestamp":1674919017706,"level":"info","message":"Starting rendering request 1 (user: null)","meta":{"rootId":"exu0ymqk3qtm0vn","id":"fpt579j6ch7su75"},"id":"d84e47glwp35bxw","previousOperationId":"6u92wz3mgzm6hvp"}
{"type":"log","timestamp":1674919017706,"level":"info","message":"Rendering anonymous template { recipe: html, engine: handlebars }","meta":{"rootId":"exu0ymqk3qtm0vn","id":"fpt579j6ch7su75"},"id":"bf3c8q1xnwpi6m8","previousOperationId":"6u92wz3mgzm6hvp"}
{"type":"log","timestamp":1674919017706,"level":"debug","message":"Inline data specified.","meta":{"rootId":"exu0ymqk3qtm0vn","id":"fpt579j6ch7su75"},"id":"o47804qdyprj1fr","previousOperationId":"6u92wz3mgzm6hvp"}
{"type":"log","timestamp":1674919017710,"level":"debug","message":"Base url not specified, skipping its injection.","meta":{"rootId":"exu0ymqk3qtm0vn","id":"fpt579j6ch7su75"},"id":"blhf64slkevsrtn","previousOperationId":"6u92wz3mgzm6hvp"}
{"type":"operationStart","subtype":"engine","name":"handlebars","timestamp":1674919017711,"id":"8b2ehqtcgxz7a51","previousEventId":"2dl4inzh6qd545m","operationId":"bo9bv7h4yt4hwwx","previousOperationId":"6u92wz3mgzm6hvp"}
{"type":"log","timestamp":1674919017711,"level":"debug","message":"Rendering engine handlebars","meta":{"rootId":"exu0ymqk3qtm0vn","id":"fpt579j6ch7su75"},"id":"rz7tvm7x0f4fxvw","previousOperationId":"bo9bv7h4yt4hwwx"}
{"type":"operationEnd","operationId":"bo9bv7h4yt4hwwx","timestamp":1674919017742,"id":"q8yu6h7060s8uxk","previousEventId":"8b2ehqtcgxz7a51","previousOperationId":"bo9bv7h4yt4hwwx"}
{"type":"operationStart","subtype":"recipe","name":"html","timestamp":1674919017742,"id":"14vojulv1arlj61","previousEventId":"q8yu6h7060s8uxk","operationId":"l9pf615xzgbrdf7","previousOperationId":"bo9bv7h4yt4hwwx"}
{"type":"log","timestamp":1674919017742,"level":"debug","message":"Executing recipe html","meta":{"rootId":"exu0ymqk3qtm0vn","id":"fpt579j6ch7su75"},"id":"937mqarma5drcag","previousOperationId":"l9pf615xzgbrdf7"}
{"type":"operationEnd","operationId":"l9pf615xzgbrdf7","timestamp":1674919017743,"id":"tprfy2hmgoiz0ha","previousEventId":"14vojulv1arlj61","previousOperationId":"l9pf615xzgbrdf7"}
{"type":"log","timestamp":1674919017743,"level":"debug","message":"Skipping storing report.","meta":{"rootId":"exu0ymqk3qtm0vn","id":"fpt579j6ch7su75"},"id":"uemuk7eg1h7eyqn","previousOperationId":"l9pf615xzgbrdf7"}
{"type":"log","timestamp":1674919017743,"level":"info","message":"Rendering request 1 finished in 1641 ms","meta":{"rootId":"exu0ymqk3qtm0vn","id":"fpt579j6ch7su75"},"id":"3zesoz785i4zpp3","previousOperationId":"l9pf615xzgbrdf7"}
{"type":"operationEnd","subtype":"render","operationId":"6u92wz3mgzm6hvp","timestamp":1674919017743,"id":"zxyknu42x1hxiqb","previousEventId":"tprfy2hmgoiz0ha","previousOperationId":"l9pf615xzgbrdf7"}
{"type":"log","timestamp":1674919019180,"level":"debug","message":"Converting with chrome HeadlessChrome/98.0.4758.0 using chrome-pool strategy","meta":{"rootId":"exu0ymqk3qtm0vn","id":"exu0ymqk3qtm0vn"},"id":"49y5o09l09biqlz","previousOperationId":"b219evundnaedht"}
{"type":"log","timestamp":1674919019475,"level":"debug","message":"Page request: GET (document) file:///C:/Users/ADMINI~1/AppData/Local/Temp/jsreport/autocleanup/b5e5ec5e-1dfd-43ce-90e5-95a1515bb8b9-chrome-pdf.html","meta":{"rootId":"exu0ymqk3qtm0vn","id":"exu0ymqk3qtm0vn"},"id":"ihfwmmi11n3qheb","previousOperationId":"b219evundnaedht"}
{"type":"log","timestamp":1674919019495,"level":"debug","message":"Page request finished: GET (document) file:///C:/Users/ADMINI~1/AppData/Local/Temp/jsreport/autocleanup/b5e5ec5e-1dfd-43ce-90e5-95a1515bb8b9-chrome-pdf.html","meta":{"rootId":"exu0ymqk3qtm0vn","id":"exu0ymqk3qtm0vn"},"id":"8licuerb0b6qj0b","previousOperationId":"b219evundnaedht"}
{"type":"log","timestamp":1674919019498,"level":"debug","message":"Page request: GET (stylesheet) https://fonts.googleapis.com/css2?family=Montserrat:wght@500&family=Open+Sans:wght@300&display=swap","meta":{"rootId":"exu0ymqk3qtm0vn","id":"exu0ymqk3qtm0vn"},"id":"rad2kvitisfggsz","previousOperationId":"b219evundnaedht"}
{"type":"log","timestamp":1674919019733,"level":"debug","message":"Page request finished: GET (stylesheet) 200 https://fonts.googleapis.com/css2?family=Montserrat:wght@500&family=Open+Sans:wght@300&display=swap","meta":{"rootId":"exu0ymqk3qtm0vn","id":"exu0ymqk3qtm0vn"},"id":"iz35tu49hunvcvu","previousOperationId":"b219evundnaedht"}
{"type":"log","timestamp":1674919019790,"level":"debug","message":"Page request: GET (font) https://fonts.gstatic.com/s/opensans/v34/memSYaGs126MiZpBA-UvWbX2vVnXBbObj2OVZyOOSr4dVJWUgsiH0B4gaVI.woff2","meta":{"rootId":"exu0ymqk3qtm0vn","id":"exu0ymqk3qtm0vn"},"id":"qb94o4v415nv8ju","previousOperationId":"b219evundnaedht"}
{"type":"log","timestamp":1674919019794,"level":"debug","message":"Page request: GET (font) https://fonts.gstatic.com/s/opensans/v34/memSYaGs126MiZpBA-UvWbX2vVnXBbObj2OVZyOOSr4dVJWUgsiH0B4gaVI.woff2","meta":{"rootId":"exu0ymqk3qtm0vn","id":"exu0ymqk3qtm0vn"},"id":"crcohs42pn2zhqy","previousOperationId":"b219evundnaedht"}
{"type":"log","timestamp":1674919020019,"level":"debug","message":"Page request finished: GET (font) 200 https://fonts.gstatic.com/s/opensans/v34/memSYaGs126MiZpBA-UvWbX2vVnXBbObj2OVZyOOSr4dVJWUgsiH0B4gaVI.woff2","meta":{"rootId":"exu0ymqk3qtm0vn","id":"exu0ymqk3qtm0vn"},"id":"leurz8dyf9aiy7z","previousOperationId":"b219evundnaedht"}
{"type":"log","timestamp":1674919020109,"level":"debug","message":"Running chrome with params {\"scale\":1,\"displayHeaderFooter\":true,\"headerTemplate\":\"...\",\"footerTemplate\":\"...\",\"printBackground\":true,\"pageRanges\":\"\",\"format\":\"A4\",\"width\":\"\",\"height\":\"\",\"marginTop\":\"350px\",\"marginRight\":\"20px\",\"marginBottom\":\"80px\",\"marginLeft\":\"20px\",\"waitForJS\":false,\"waitForNetworkIddle\":false,\"timeout\":58359,\"waitForNetworkIdle\":false,\"margin\":{\"top\":\"350px\",\"right\":\"20px\",\"bottom\":\"80px\",\"left\":\"20px\"}}","meta":{"rootId":"exu0ymqk3qtm0vn","id":"exu0ymqk3qtm0vn"},"id":"g9y83zmk8mt87s4","previousOperationId":"b219evundnaedht"}
{"type":"operationEnd","operationId":"b219evundnaedht","timestamp":1674919021081,"id":"ab76ydpr5w77kbg","previousEventId":"cxxnu3108g71vba","previousOperationId":"b219evundnaedht"}
{"type":"log","timestamp":1674919021081,"level":"debug","message":"Skipping storing report.","meta":{"rootId":"exu0ymqk3qtm0vn","id":"exu0ymqk3qtm0vn"},"id":"q9i9hs7yr2zyoz6","previousOperationId":"b219evundnaedht"}
{"type":"log","timestamp":1674919021081,"level":"info","message":"Rendering request 1 finished in 4979 ms","meta":{"rootId":"exu0ymqk3qtm0vn","id":"exu0ymqk3qtm0vn"},"id":"c718ngf1wgk0hs7","previousOperationId":"b219evundnaedht"}
{"type":"operationEnd","subtype":"render","operationId":"mjc1t75yf3f3dt8","timestamp":1674919021082,"id":"2i9thlosn9ham4a","previousEventId":"ab76ydpr5w77kbg","previousOperationId":"b219evundnaedht"}
{"type":"operationEnd","doDiffs":false,"previousEventId":"yruo2dxb726szuw","previousOperationId":"wyew4i8itju8qs7","operationId":"wyew4i8itju8qs7","timestamp":1674919021088,"id":"yp786saonran5fk"}
