{"type":"operationStart","subtype":"profile","data":{"_id":"9DJhkq7AI42geUzU","timestamp":"2022-10-05T17:57:12.052Z","state":"queued","mode":"standard","creationDate":"2022-10-05T17:57:12.056Z","modificationDate":"2022-10-05T17:57:12.056Z","shortid":"Xl1PMUM","$entitySet":"profiles"},"doDiffs":false,"timestamp":1664992632054,"id":"4nf45wz6yx81jm0","previousOperationId":null,"operationId":"4iywhb85bgkvd6d"}
{"type":"log","level":"info","message":"Render request 1 queued for execution and waiting for available worker","previousOperationId":"4iywhb85bgkvd6d","timestamp":1664992632055,"id":"j8tsbai42fj6ahg"}
{"type":"operationStart","subtype":"render","name":"anonymous","previousOperationId":"4iywhb85bgkvd6d","timestamp":1664992632145,"id":"4s83k5tf7h5p9pz","previousEventId":"4nf45wz6yx81jm0","operationId":"9pncetib95lo4ih"}
{"type":"log","timestamp":1664992632150,"level":"info","message":"Starting rendering request 1 (user: null)","meta":{"rootId":"fmudjt6qnqk1rgu","id":"fmudjt6qnqk1rgu"},"id":"vthoc0pcaftx3zy","previousOperationId":"9pncetib95lo4ih"}
{"type":"log","timestamp":1664992632326,"level":"info","message":"Rendering anonymous template { recipe: chrome-pdf, engine: handlebars }","meta":{"rootId":"fmudjt6qnqk1rgu","id":"fmudjt6qnqk1rgu"},"id":"ori4syy3qx3dz3m","previousOperationId":"9pncetib95lo4ih"}
{"type":"log","timestamp":1664992632327,"level":"debug","message":"Inline data specified.","meta":{"rootId":"fmudjt6qnqk1rgu","id":"fmudjt6qnqk1rgu"},"id":"peahp8x1up2j41y","previousOperationId":"9pncetib95lo4ih"}
{"type":"log","timestamp":1664992632402,"level":"debug","message":"Base url not specified, skipping its injection.","meta":{"rootId":"fmudjt6qnqk1rgu","id":"fmudjt6qnqk1rgu"},"id":"506didiy6baqnv4","previousOperationId":"9pncetib95lo4ih"}
{"type":"operationStart","subtype":"engine","name":"handlebars","timestamp":1664992632405,"id":"qx4hd8x9o0ot4gw","previousEventId":"4s83k5tf7h5p9pz","operationId":"7k0hm9ey3trc7ps","previousOperationId":"9pncetib95lo4ih"}
{"type":"log","timestamp":1664992632405,"level":"debug","message":"Rendering engine handlebars","meta":{"rootId":"fmudjt6qnqk1rgu","id":"fmudjt6qnqk1rgu"},"id":"nz6h5d0evfk59hp","previousOperationId":"7k0hm9ey3trc7ps"}
{"type":"operationEnd","operationId":"7k0hm9ey3trc7ps","timestamp":1664992634526,"id":"8zt1bq0gt5z17jd","previousEventId":"qx4hd8x9o0ot4gw","previousOperationId":"7k0hm9ey3trc7ps"}
{"type":"operationStart","subtype":"recipe","name":"chrome-pdf","timestamp":1664992634527,"id":"0qf2be1addz6il8","previousEventId":"8zt1bq0gt5z17jd","operationId":"0vr1ai9ldmyfpyl","previousOperationId":"7k0hm9ey3trc7ps"}
{"type":"log","timestamp":1664992634527,"level":"debug","message":"Executing recipe chrome-pdf","meta":{"rootId":"fmudjt6qnqk1rgu","id":"fmudjt6qnqk1rgu"},"id":"ohbtjpo3wyycclf","previousOperationId":"0vr1ai9ldmyfpyl"}
{"type":"log","timestamp":1664992634738,"level":"debug","message":"Starting child request to render pdf header","meta":{"rootId":"fmudjt6qnqk1rgu","id":"fmudjt6qnqk1rgu"},"id":"vk2ztic6mrsgznb","previousOperationId":"0vr1ai9ldmyfpyl"}
{"type":"operationStart","subtype":"render","name":"anonymous","previousOperationId":"0vr1ai9ldmyfpyl","timestamp":1664992634752,"id":"i618k38r0w9g43d","previousEventId":"0qf2be1addz6il8","operationId":"7tpvjiq0rdotb27"}
{"type":"log","timestamp":1664992634752,"level":"info","message":"Starting rendering request 1 (user: null)","meta":{"rootId":"fmudjt6qnqk1rgu","id":"2i32kahh6y8tlpm"},"id":"ks2mxly0d1z6z71","previousOperationId":"7tpvjiq0rdotb27"}
{"type":"log","timestamp":1664992634753,"level":"info","message":"Rendering anonymous template { recipe: html, engine: handlebars }","meta":{"rootId":"fmudjt6qnqk1rgu","id":"2i32kahh6y8tlpm"},"id":"q6jbfi64footp0o","previousOperationId":"7tpvjiq0rdotb27"}
{"type":"log","timestamp":1664992634753,"level":"debug","message":"Inline data specified.","meta":{"rootId":"fmudjt6qnqk1rgu","id":"2i32kahh6y8tlpm"},"id":"ono5o10kehvusfr","previousOperationId":"7tpvjiq0rdotb27"}
{"type":"log","timestamp":1664992634755,"level":"debug","message":"Base url not specified, skipping its injection.","meta":{"rootId":"fmudjt6qnqk1rgu","id":"2i32kahh6y8tlpm"},"id":"ysq7pvljael8ko7","previousOperationId":"7tpvjiq0rdotb27"}
{"type":"log","timestamp":1664992634766,"level":"debug","message":"Replaced assets [\"./src/reporting/assets/logo.png\"]","meta":{"rootId":"fmudjt6qnqk1rgu","id":"2i32kahh6y8tlpm"},"id":"l5unaeiq6co69wv","previousOperationId":"7tpvjiq0rdotb27"}
{"type":"operationStart","subtype":"engine","name":"handlebars","timestamp":1664992634767,"id":"f2omjm3rzt5m2gp","previousEventId":"i618k38r0w9g43d","operationId":"aoj5vqr2k880xn2","previousOperationId":"7tpvjiq0rdotb27"}
{"type":"log","timestamp":1664992634767,"level":"debug","message":"Rendering engine handlebars","meta":{"rootId":"fmudjt6qnqk1rgu","id":"2i32kahh6y8tlpm"},"id":"xpjjrdhuqq5qzp9","previousOperationId":"aoj5vqr2k880xn2"}
{"type":"operationEnd","operationId":"aoj5vqr2k880xn2","timestamp":1664992634810,"id":"tbl4iyj3bk1ului","previousEventId":"f2omjm3rzt5m2gp","previousOperationId":"aoj5vqr2k880xn2"}
{"type":"operationStart","subtype":"recipe","name":"html","timestamp":1664992634810,"id":"uh153sizf6sqftx","previousEventId":"tbl4iyj3bk1ului","operationId":"6pdoqogi1w6hlkj","previousOperationId":"aoj5vqr2k880xn2"}
{"type":"log","timestamp":1664992634810,"level":"debug","message":"Executing recipe html","meta":{"rootId":"fmudjt6qnqk1rgu","id":"2i32kahh6y8tlpm"},"id":"p1guqjqmmw3ramw","previousOperationId":"6pdoqogi1w6hlkj"}
{"type":"operationEnd","operationId":"6pdoqogi1w6hlkj","timestamp":1664992634810,"id":"kknv9setfmn248j","previousEventId":"uh153sizf6sqftx","previousOperationId":"6pdoqogi1w6hlkj"}
{"type":"log","timestamp":1664992634812,"level":"debug","message":"Skipping storing report.","meta":{"rootId":"fmudjt6qnqk1rgu","id":"2i32kahh6y8tlpm"},"id":"c55h82fa8icrmbf","previousOperationId":"6pdoqogi1w6hlkj"}
{"type":"log","timestamp":1664992634812,"level":"info","message":"Rendering request 1 finished in 2763 ms","meta":{"rootId":"fmudjt6qnqk1rgu","id":"2i32kahh6y8tlpm"},"id":"pz4429bm8t87esl","previousOperationId":"6pdoqogi1w6hlkj"}
{"type":"operationEnd","subtype":"render","operationId":"7tpvjiq0rdotb27","timestamp":1664992634812,"id":"x4ic32cy5b1b581","previousEventId":"kknv9setfmn248j","previousOperationId":"6pdoqogi1w6hlkj"}
{"type":"log","timestamp":1664992634812,"level":"debug","message":"Starting child request to render pdf footer","meta":{"rootId":"fmudjt6qnqk1rgu","id":"fmudjt6qnqk1rgu"},"id":"u5wcofrk1vhrd0z","previousOperationId":"0vr1ai9ldmyfpyl"}
{"type":"operationStart","subtype":"render","name":"anonymous","previousOperationId":"0vr1ai9ldmyfpyl","timestamp":1664992634813,"id":"je2prvl4rh7v8e9","previousEventId":"0qf2be1addz6il8","operationId":"ord5q6j5uew4n28"}
{"type":"log","timestamp":1664992634813,"level":"info","message":"Starting rendering request 1 (user: null)","meta":{"rootId":"fmudjt6qnqk1rgu","id":"6eg0e8i5vm2enzj"},"id":"lu35jahehpadlhq","previousOperationId":"ord5q6j5uew4n28"}
{"type":"log","timestamp":1664992634813,"level":"info","message":"Rendering anonymous template { recipe: html, engine: handlebars }","meta":{"rootId":"fmudjt6qnqk1rgu","id":"6eg0e8i5vm2enzj"},"id":"ewngnrntzv2t534","previousOperationId":"ord5q6j5uew4n28"}
{"type":"log","timestamp":1664992634813,"level":"debug","message":"Inline data specified.","meta":{"rootId":"fmudjt6qnqk1rgu","id":"6eg0e8i5vm2enzj"},"id":"rzuosg13qjefeg5","previousOperationId":"ord5q6j5uew4n28"}
{"type":"log","timestamp":1664992634830,"level":"debug","message":"Base url not specified, skipping its injection.","meta":{"rootId":"fmudjt6qnqk1rgu","id":"6eg0e8i5vm2enzj"},"id":"zqxxsb9cxfwpma9","previousOperationId":"ord5q6j5uew4n28"}
{"type":"operationStart","subtype":"engine","name":"handlebars","timestamp":1664992634830,"id":"gqrzo147hgdqyp8","previousEventId":"je2prvl4rh7v8e9","operationId":"3ihdbd068hvtzkg","previousOperationId":"ord5q6j5uew4n28"}
{"type":"log","timestamp":1664992634830,"level":"debug","message":"Rendering engine handlebars","meta":{"rootId":"fmudjt6qnqk1rgu","id":"6eg0e8i5vm2enzj"},"id":"s5ii1g3ut41nwh9","previousOperationId":"3ihdbd068hvtzkg"}
{"type":"operationEnd","operationId":"3ihdbd068hvtzkg","timestamp":1664992634888,"id":"ef4hw7hxct8wx4r","previousEventId":"gqrzo147hgdqyp8","previousOperationId":"3ihdbd068hvtzkg"}
{"type":"operationStart","subtype":"recipe","name":"html","timestamp":1664992634888,"id":"75dt8370tf49n4y","previousEventId":"ef4hw7hxct8wx4r","operationId":"dorr2j4xbp3ho9n","previousOperationId":"3ihdbd068hvtzkg"}
{"type":"log","timestamp":1664992634888,"level":"debug","message":"Executing recipe html","meta":{"rootId":"fmudjt6qnqk1rgu","id":"6eg0e8i5vm2enzj"},"id":"zonm272vbsnk5c7","previousOperationId":"dorr2j4xbp3ho9n"}
{"type":"operationEnd","operationId":"dorr2j4xbp3ho9n","timestamp":1664992634889,"id":"37rgqtwcz98btnh","previousEventId":"75dt8370tf49n4y","previousOperationId":"dorr2j4xbp3ho9n"}
{"type":"log","timestamp":1664992634889,"level":"debug","message":"Skipping storing report.","meta":{"rootId":"fmudjt6qnqk1rgu","id":"6eg0e8i5vm2enzj"},"id":"iy4offkx1dkgxlz","previousOperationId":"dorr2j4xbp3ho9n"}
{"type":"log","timestamp":1664992634891,"level":"info","message":"Rendering request 1 finished in 2842 ms","meta":{"rootId":"fmudjt6qnqk1rgu","id":"6eg0e8i5vm2enzj"},"id":"9e7ezq9lbph12qa","previousOperationId":"dorr2j4xbp3ho9n"}
{"type":"operationEnd","subtype":"render","operationId":"ord5q6j5uew4n28","timestamp":1664992634892,"id":"64hvjl7r09dqmxt","previousEventId":"37rgqtwcz98btnh","previousOperationId":"dorr2j4xbp3ho9n"}
{"type":"log","timestamp":1664992637223,"level":"debug","message":"Converting with chrome HeadlessChrome/98.0.4758.0 using chrome-pool strategy","meta":{"rootId":"fmudjt6qnqk1rgu","id":"fmudjt6qnqk1rgu"},"id":"iku4jotwhyja4gz","previousOperationId":"0vr1ai9ldmyfpyl"}
{"type":"log","timestamp":1664992638072,"level":"debug","message":"Page request: GET (document) file:///var/folders/8m/98z140gs3yzbw6jqmpbh8b8m0000gn/T/jsreport/autocleanup/4d0ef06d-d543-47de-b98d-aacd187f0e93-chrome-pdf.html","meta":{"rootId":"fmudjt6qnqk1rgu","id":"fmudjt6qnqk1rgu"},"id":"8761j57knrwe5xn","previousOperationId":"0vr1ai9ldmyfpyl"}
{"type":"log","timestamp":1664992638106,"level":"debug","message":"Page request finished: GET (document) file:///var/folders/8m/98z140gs3yzbw6jqmpbh8b8m0000gn/T/jsreport/autocleanup/4d0ef06d-d543-47de-b98d-aacd187f0e93-chrome-pdf.html","meta":{"rootId":"fmudjt6qnqk1rgu","id":"fmudjt6qnqk1rgu"},"id":"imxrzt61bv3e34d","previousOperationId":"0vr1ai9ldmyfpyl"}
{"type":"log","timestamp":1664992638123,"level":"debug","message":"Page request: GET (stylesheet) https://fonts.googleapis.com/css2?family=Montserrat:wght@500&family=Open+Sans:wght@300&display=swap","meta":{"rootId":"fmudjt6qnqk1rgu","id":"fmudjt6qnqk1rgu"},"id":"9dpvd1fsax4syhc","previousOperationId":"0vr1ai9ldmyfpyl"}
{"type":"log","timestamp":1664992638623,"level":"debug","message":"Page request finished: GET (stylesheet) 200 https://fonts.googleapis.com/css2?family=Montserrat:wght@500&family=Open+Sans:wght@300&display=swap","meta":{"rootId":"fmudjt6qnqk1rgu","id":"fmudjt6qnqk1rgu"},"id":"2m8yh1t5471bfqj","previousOperationId":"0vr1ai9ldmyfpyl"}
{"type":"log","timestamp":1664992638710,"level":"debug","message":"Page request: GET (font) https://fonts.gstatic.com/s/opensans/v34/memSYaGs126MiZpBA-UvWbX2vVnXBbObj2OVZyOOSr4dVJWUgsiH0B4gaVQUwaEQbjA.woff","meta":{"rootId":"fmudjt6qnqk1rgu","id":"fmudjt6qnqk1rgu"},"id":"m5r5fcdvjtewg8y","previousOperationId":"0vr1ai9ldmyfpyl"}
{"type":"log","timestamp":1664992638736,"level":"debug","message":"Running chrome with params {\"scale\":1,\"displayHeaderFooter\":true,\"headerTemplate\":\"...\",\"footerTemplate\":\"...\",\"printBackground\":true,\"pageRanges\":\"\",\"format\":\"A4\",\"width\":\"\",\"height\":\"\",\"marginTop\":\"350px\",\"marginRight\":\"20px\",\"marginBottom\":\"80px\",\"marginLeft\":\"20px\",\"waitForJS\":false,\"waitForNetworkIddle\":false,\"timeout\":57148,\"waitForNetworkIdle\":false,\"margin\":{\"top\":\"350px\",\"right\":\"20px\",\"bottom\":\"80px\",\"left\":\"20px\"}}","meta":{"rootId":"fmudjt6qnqk1rgu","id":"fmudjt6qnqk1rgu"},"id":"4x2xo1hf26a0n4x","previousOperationId":"0vr1ai9ldmyfpyl"}
{"type":"log","timestamp":1664992638756,"level":"debug","message":"Page request: GET (font) https://fonts.gstatic.com/s/opensans/v34/memSYaGs126MiZpBA-UvWbX2vVnXBbObj2OVZyOOSr4dVJWUgsiH0B4gaVQUwaEQbjA.woff","meta":{"rootId":"fmudjt6qnqk1rgu","id":"fmudjt6qnqk1rgu"},"id":"f98euz3uwohzzav","previousOperationId":"0vr1ai9ldmyfpyl"}
{"type":"operationEnd","operationId":"0vr1ai9ldmyfpyl","timestamp":1664992639167,"id":"9oup27tl1ld4gny","previousEventId":"0qf2be1addz6il8","previousOperationId":"0vr1ai9ldmyfpyl"}
{"type":"log","timestamp":1664992639167,"level":"debug","message":"Skipping storing report.","meta":{"rootId":"fmudjt6qnqk1rgu","id":"fmudjt6qnqk1rgu"},"id":"u8tclz1vwkzxja0","previousOperationId":"0vr1ai9ldmyfpyl"}
{"type":"log","timestamp":1664992639167,"level":"info","message":"Rendering request 1 finished in 7118 ms","meta":{"rootId":"fmudjt6qnqk1rgu","id":"fmudjt6qnqk1rgu"},"id":"kakhsa490wz3zz0","previousOperationId":"0vr1ai9ldmyfpyl"}
{"type":"operationEnd","subtype":"render","operationId":"9pncetib95lo4ih","timestamp":1664992639167,"id":"vq148jfevhu3bfw","previousEventId":"9oup27tl1ld4gny","previousOperationId":"0vr1ai9ldmyfpyl"}
{"type":"operationEnd","doDiffs":false,"previousEventId":"4nf45wz6yx81jm0","previousOperationId":"4iywhb85bgkvd6d","operationId":"4iywhb85bgkvd6d","timestamp":1664992639183,"id":"3x4n3nzie6sdj37"}
