{"type":"operationStart","subtype":"profile","data":{"_id":"3FcrCcxfBOwhxqBB","timestamp":"2022-09-15T10:15:43.436Z","state":"queued","mode":"standard","creationDate":"2022-09-15T10:15:43.442Z","modificationDate":"2022-09-15T10:15:43.442Z","shortid":"kTuzM17","$entitySet":"profiles"},"doDiffs":false,"timestamp":1663236943438,"id":"kqpovdyawl841gn","previousOperationId":null,"operationId":"d2glmq7d013inhx"}
{"type":"log","level":"info","message":"Render request 1 queued for execution and waiting for available worker","previousOperationId":"d2glmq7d013inhx","timestamp":1663236943438,"id":"b5m27q6ktgf6vkv"}
{"type":"operationStart","subtype":"render","name":"anonymous","previousOperationId":"d2glmq7d013inhx","timestamp":1663236943478,"id":"mdw2u8zfc675vg5","previousEventId":"kqpovdyawl841gn","operationId":"5gezei9j18zwwfl"}
{"type":"log","timestamp":1663236943480,"level":"info","message":"Starting rendering request 1 (user: null)","meta":{"rootId":"fqsxs25n2mbpb7g","id":"fqsxs25n2mbpb7g"},"id":"ympopnahx9jqp54","previousOperationId":"5gezei9j18zwwfl"}
{"type":"log","timestamp":1663236943484,"level":"info","message":"Rendering anonymous template { recipe: chrome-pdf, engine: handlebars }","meta":{"rootId":"fqsxs25n2mbpb7g","id":"fqsxs25n2mbpb7g"},"id":"i68at0k3dz2csny","previousOperationId":"5gezei9j18zwwfl"}
{"type":"log","timestamp":1663236943485,"level":"debug","message":"Inline data specified.","meta":{"rootId":"fqsxs25n2mbpb7g","id":"fqsxs25n2mbpb7g"},"id":"onwsh586g6iclqf","previousOperationId":"5gezei9j18zwwfl"}
{"type":"log","timestamp":1663236943495,"level":"debug","message":"Base url not specified, skipping its injection.","meta":{"rootId":"fqsxs25n2mbpb7g","id":"fqsxs25n2mbpb7g"},"id":"r4kt81bo74i4lf4","previousOperationId":"5gezei9j18zwwfl"}
{"type":"operationStart","subtype":"engine","name":"handlebars","timestamp":1663236943498,"id":"wureva62xokh19k","previousEventId":"mdw2u8zfc675vg5","operationId":"0xn8w0o9qk050ay","previousOperationId":"5gezei9j18zwwfl"}
{"type":"log","timestamp":1663236943498,"level":"debug","message":"Rendering engine handlebars","meta":{"rootId":"fqsxs25n2mbpb7g","id":"fqsxs25n2mbpb7g"},"id":"y1x5kp3cuf1xslj","previousOperationId":"0xn8w0o9qk050ay"}
{"type":"operationEnd","operationId":"0xn8w0o9qk050ay","timestamp":1663236944451,"id":"ymb6jb89axadwsr","previousEventId":"wureva62xokh19k","previousOperationId":"0xn8w0o9qk050ay"}
{"type":"operationStart","subtype":"recipe","name":"chrome-pdf","timestamp":1663236944452,"id":"wsn80ppq3jtr134","previousEventId":"ymb6jb89axadwsr","operationId":"clx4v60lf5ynsar","previousOperationId":"0xn8w0o9qk050ay"}
{"type":"log","timestamp":1663236944452,"level":"debug","message":"Executing recipe chrome-pdf","meta":{"rootId":"fqsxs25n2mbpb7g","id":"fqsxs25n2mbpb7g"},"id":"l7l616ynovlon6y","previousOperationId":"clx4v60lf5ynsar"}
{"type":"log","timestamp":1663236944559,"level":"debug","message":"Starting child request to render pdf header","meta":{"rootId":"fqsxs25n2mbpb7g","id":"fqsxs25n2mbpb7g"},"id":"o0mam48y6aafcqk","previousOperationId":"clx4v60lf5ynsar"}
{"type":"operationStart","subtype":"render","name":"anonymous","previousOperationId":"clx4v60lf5ynsar","timestamp":1663236944559,"id":"s9yvka0lm7zfyq1","previousEventId":"wsn80ppq3jtr134","operationId":"z0f1e6qltbcl69g"}
{"type":"log","timestamp":1663236944559,"level":"info","message":"Starting rendering request 1 (user: null)","meta":{"rootId":"fqsxs25n2mbpb7g","id":"s8puevlxyqsku1w"},"id":"c88zfpc8guzxcwc","previousOperationId":"z0f1e6qltbcl69g"}
{"type":"log","timestamp":1663236944560,"level":"info","message":"Rendering anonymous template { recipe: html, engine: handlebars }","meta":{"rootId":"fqsxs25n2mbpb7g","id":"s8puevlxyqsku1w"},"id":"3p6l0sb9c0dbn0l","previousOperationId":"z0f1e6qltbcl69g"}
{"type":"log","timestamp":1663236944560,"level":"debug","message":"Inline data specified.","meta":{"rootId":"fqsxs25n2mbpb7g","id":"s8puevlxyqsku1w"},"id":"n0xj9le6yq04i14","previousOperationId":"z0f1e6qltbcl69g"}
{"type":"log","timestamp":1663236944563,"level":"debug","message":"Base url not specified, skipping its injection.","meta":{"rootId":"fqsxs25n2mbpb7g","id":"s8puevlxyqsku1w"},"id":"w7q8ud10zdcz6yb","previousOperationId":"z0f1e6qltbcl69g"}
{"type":"log","timestamp":1663236944580,"level":"debug","message":"Replaced assets [\"./src/reporting/assets/logo.png\"]","meta":{"rootId":"fqsxs25n2mbpb7g","id":"s8puevlxyqsku1w"},"id":"j5tu7k8gyfi7jpg","previousOperationId":"z0f1e6qltbcl69g"}
{"type":"operationStart","subtype":"engine","name":"handlebars","timestamp":1663236944580,"id":"tk79lnypck2f1ro","previousEventId":"s9yvka0lm7zfyq1","operationId":"1zjhyv3cl5tatlv","previousOperationId":"z0f1e6qltbcl69g"}
{"type":"log","timestamp":1663236944581,"level":"debug","message":"Rendering engine handlebars","meta":{"rootId":"fqsxs25n2mbpb7g","id":"s8puevlxyqsku1w"},"id":"y36xpup6gjc5ww8","previousOperationId":"1zjhyv3cl5tatlv"}
{"type":"operationEnd","operationId":"1zjhyv3cl5tatlv","timestamp":1663236944608,"id":"m7usl64wxgjcefx","previousEventId":"tk79lnypck2f1ro","previousOperationId":"1zjhyv3cl5tatlv"}
{"type":"operationStart","subtype":"recipe","name":"html","timestamp":1663236944609,"id":"0tkrt1mmk7od3wy","previousEventId":"m7usl64wxgjcefx","operationId":"gg4hm1zrvtetphk","previousOperationId":"1zjhyv3cl5tatlv"}
{"type":"log","timestamp":1663236944609,"level":"debug","message":"Executing recipe html","meta":{"rootId":"fqsxs25n2mbpb7g","id":"s8puevlxyqsku1w"},"id":"8p0djh2zsykqjey","previousOperationId":"gg4hm1zrvtetphk"}
{"type":"operationEnd","operationId":"gg4hm1zrvtetphk","timestamp":1663236944609,"id":"8oc7zf3xglkp1qd","previousEventId":"0tkrt1mmk7od3wy","previousOperationId":"gg4hm1zrvtetphk"}
{"type":"log","timestamp":1663236944612,"level":"debug","message":"Skipping storing report.","meta":{"rootId":"fqsxs25n2mbpb7g","id":"s8puevlxyqsku1w"},"id":"mwkro4m4ql19jm2","previousOperationId":"gg4hm1zrvtetphk"}
{"type":"log","timestamp":1663236944612,"level":"info","message":"Rendering request 1 finished in 1177 ms","meta":{"rootId":"fqsxs25n2mbpb7g","id":"s8puevlxyqsku1w"},"id":"ftf2u30shae7qno","previousOperationId":"gg4hm1zrvtetphk"}
{"type":"operationEnd","subtype":"render","operationId":"z0f1e6qltbcl69g","timestamp":1663236944612,"id":"vva0o9pojrdxpxw","previousEventId":"8oc7zf3xglkp1qd","previousOperationId":"gg4hm1zrvtetphk"}
{"type":"log","timestamp":1663236944612,"level":"debug","message":"Starting child request to render pdf footer","meta":{"rootId":"fqsxs25n2mbpb7g","id":"fqsxs25n2mbpb7g"},"id":"2pnzc6s1qluip1n","previousOperationId":"clx4v60lf5ynsar"}
{"type":"operationStart","subtype":"render","name":"anonymous","previousOperationId":"clx4v60lf5ynsar","timestamp":1663236944613,"id":"vquopi41vfiugu8","previousEventId":"wsn80ppq3jtr134","operationId":"28potm7kpvtk28s"}
{"type":"log","timestamp":1663236944613,"level":"info","message":"Starting rendering request 1 (user: null)","meta":{"rootId":"fqsxs25n2mbpb7g","id":"ibtp5w2vhmtczbd"},"id":"hc9h65uybc1zvzk","previousOperationId":"28potm7kpvtk28s"}
{"type":"log","timestamp":1663236944613,"level":"info","message":"Rendering anonymous template { recipe: html, engine: handlebars }","meta":{"rootId":"fqsxs25n2mbpb7g","id":"ibtp5w2vhmtczbd"},"id":"r4u1u3kd32hk8vg","previousOperationId":"28potm7kpvtk28s"}
{"type":"log","timestamp":1663236944613,"level":"debug","message":"Inline data specified.","meta":{"rootId":"fqsxs25n2mbpb7g","id":"ibtp5w2vhmtczbd"},"id":"pu55hgnxghcf8e0","previousOperationId":"28potm7kpvtk28s"}
{"type":"log","timestamp":1663236944615,"level":"debug","message":"Base url not specified, skipping its injection.","meta":{"rootId":"fqsxs25n2mbpb7g","id":"ibtp5w2vhmtczbd"},"id":"qfyxq1lp48b4kat","previousOperationId":"28potm7kpvtk28s"}
{"type":"operationStart","subtype":"engine","name":"handlebars","timestamp":1663236944615,"id":"hob690phlnij46f","previousEventId":"vquopi41vfiugu8","operationId":"5w93osv5qcebph2","previousOperationId":"28potm7kpvtk28s"}
{"type":"log","timestamp":1663236944615,"level":"debug","message":"Rendering engine handlebars","meta":{"rootId":"fqsxs25n2mbpb7g","id":"ibtp5w2vhmtczbd"},"id":"i1402rg2w0kgccj","previousOperationId":"5w93osv5qcebph2"}
{"type":"operationEnd","operationId":"5w93osv5qcebph2","timestamp":1663236944712,"id":"7usaywjr3tpe60j","previousEventId":"hob690phlnij46f","previousOperationId":"5w93osv5qcebph2"}
{"type":"operationStart","subtype":"recipe","name":"html","timestamp":1663236944713,"id":"egt21eo11gpbdna","previousEventId":"7usaywjr3tpe60j","operationId":"8z7ma2qo99plmq4","previousOperationId":"5w93osv5qcebph2"}
{"type":"log","timestamp":1663236944713,"level":"debug","message":"Executing recipe html","meta":{"rootId":"fqsxs25n2mbpb7g","id":"ibtp5w2vhmtczbd"},"id":"xvq24woor72ngau","previousOperationId":"8z7ma2qo99plmq4"}
{"type":"operationEnd","operationId":"8z7ma2qo99plmq4","timestamp":1663236944713,"id":"p1gzhcwqh1kk5tx","previousEventId":"egt21eo11gpbdna","previousOperationId":"8z7ma2qo99plmq4"}
{"type":"log","timestamp":1663236944713,"level":"debug","message":"Skipping storing report.","meta":{"rootId":"fqsxs25n2mbpb7g","id":"ibtp5w2vhmtczbd"},"id":"7npjj2iksliiztj","previousOperationId":"8z7ma2qo99plmq4"}
{"type":"log","timestamp":1663236944713,"level":"info","message":"Rendering request 1 finished in 1278 ms","meta":{"rootId":"fqsxs25n2mbpb7g","id":"ibtp5w2vhmtczbd"},"id":"shpt7hl1q4wqiqe","previousOperationId":"8z7ma2qo99plmq4"}
{"type":"operationEnd","subtype":"render","operationId":"28potm7kpvtk28s","timestamp":1663236944713,"id":"d4b81iu2k6x8wyw","previousEventId":"p1gzhcwqh1kk5tx","previousOperationId":"8z7ma2qo99plmq4"}
{"type":"log","timestamp":1663236945830,"level":"debug","message":"Converting with chrome HeadlessChrome/98.0.4758.0 using chrome-pool strategy","meta":{"rootId":"fqsxs25n2mbpb7g","id":"fqsxs25n2mbpb7g"},"id":"5wmylbnh1nkigkm","previousOperationId":"clx4v60lf5ynsar"}
{"type":"log","timestamp":1663236946853,"level":"debug","message":"Page request: GET (document) file:///var/folders/8m/98z140gs3yzbw6jqmpbh8b8m0000gn/T/jsreport/autocleanup/6264490a-7767-43b4-b2b0-3c7ff9451e70-chrome-pdf.html","meta":{"rootId":"fqsxs25n2mbpb7g","id":"fqsxs25n2mbpb7g"},"id":"oc6sf6jvzg0re74","previousOperationId":"clx4v60lf5ynsar"}
{"type":"log","timestamp":1663236946870,"level":"debug","message":"Page request finished: GET (document) file:///var/folders/8m/98z140gs3yzbw6jqmpbh8b8m0000gn/T/jsreport/autocleanup/6264490a-7767-43b4-b2b0-3c7ff9451e70-chrome-pdf.html","meta":{"rootId":"fqsxs25n2mbpb7g","id":"fqsxs25n2mbpb7g"},"id":"i7b9qa42kx3losh","previousOperationId":"clx4v60lf5ynsar"}
{"type":"log","timestamp":1663236946875,"level":"debug","message":"Page request: GET (stylesheet) https://fonts.googleapis.com/css2?family=Montserrat:wght@500&family=Open+Sans:wght@300&display=swap","meta":{"rootId":"fqsxs25n2mbpb7g","id":"fqsxs25n2mbpb7g"},"id":"mzzi03hyw94b1xl","previousOperationId":"clx4v60lf5ynsar"}
{"type":"log","timestamp":1663236947251,"level":"debug","message":"Page request finished: GET (stylesheet) 200 https://fonts.googleapis.com/css2?family=Montserrat:wght@500&family=Open+Sans:wght@300&display=swap","meta":{"rootId":"fqsxs25n2mbpb7g","id":"fqsxs25n2mbpb7g"},"id":"5fkyfddt5y8o6sa","previousOperationId":"clx4v60lf5ynsar"}
{"type":"log","timestamp":1663236947300,"level":"debug","message":"Page request: GET (font) https://fonts.gstatic.com/s/opensans/v34/memSYaGs126MiZpBA-UvWbX2vVnXBbObj2OVZyOOSr4dVJWUgsiH0B4gaVQUwaEQbjA.woff","meta":{"rootId":"fqsxs25n2mbpb7g","id":"fqsxs25n2mbpb7g"},"id":"8ttsalxx7a2ftfr","previousOperationId":"clx4v60lf5ynsar"}
{"type":"log","timestamp":1663236947306,"level":"debug","message":"Page request: GET (font) https://fonts.gstatic.com/s/opensans/v34/memSYaGs126MiZpBA-UvWbX2vVnXBbObj2OVZyOOSr4dVJWUgsiH0B4gaVQUwaEQbjA.woff","meta":{"rootId":"fqsxs25n2mbpb7g","id":"fqsxs25n2mbpb7g"},"id":"20lgtgjv69r6sfd","previousOperationId":"clx4v60lf5ynsar"}
{"type":"log","timestamp":1663236947307,"level":"debug","message":"Running chrome with params {\"scale\":1,\"displayHeaderFooter\":true,\"headerTemplate\":\"...\",\"footerTemplate\":\"...\",\"printBackground\":true,\"pageRanges\":\"\",\"format\":\"A4\",\"width\":\"\",\"height\":\"\",\"marginTop\":\"350px\",\"marginRight\":\"20px\",\"marginBottom\":\"80px\",\"marginLeft\":\"20px\",\"waitForJS\":false,\"waitForNetworkIddle\":false,\"timeout\":58721,\"waitForNetworkIdle\":false,\"margin\":{\"top\":\"350px\",\"right\":\"20px\",\"bottom\":\"80px\",\"left\":\"20px\"}}","meta":{"rootId":"fqsxs25n2mbpb7g","id":"fqsxs25n2mbpb7g"},"id":"s7kyiejrt3equrk","previousOperationId":"clx4v60lf5ynsar"}
{"type":"operationEnd","operationId":"clx4v60lf5ynsar","timestamp":1663236947558,"id":"ewpwryknnekusyj","previousEventId":"wsn80ppq3jtr134","previousOperationId":"clx4v60lf5ynsar"}
{"type":"log","timestamp":1663236947558,"level":"debug","message":"Skipping storing report.","meta":{"rootId":"fqsxs25n2mbpb7g","id":"fqsxs25n2mbpb7g"},"id":"9cw3xdw0ph7fy67","previousOperationId":"clx4v60lf5ynsar"}
{"type":"log","timestamp":1663236947559,"level":"info","message":"Rendering request 1 finished in 4124 ms","meta":{"rootId":"fqsxs25n2mbpb7g","id":"fqsxs25n2mbpb7g"},"id":"y3n9ns373t9fwcp","previousOperationId":"clx4v60lf5ynsar"}
{"type":"operationEnd","subtype":"render","operationId":"5gezei9j18zwwfl","timestamp":1663236947559,"id":"cbldss0e6mkzuuu","previousEventId":"ewpwryknnekusyj","previousOperationId":"clx4v60lf5ynsar"}
{"type":"operationEnd","doDiffs":false,"previousEventId":"kqpovdyawl841gn","previousOperationId":"d2glmq7d013inhx","operationId":"d2glmq7d013inhx","timestamp":1663236947566,"id":"w1c6n97zb6zfen6"}
