{"type":"operationStart","subtype":"profile","data":{"_id":"W0Rp0xxHRWjDRYZf","timestamp":"2023-02-27T19:06:29.435Z","state":"queued","mode":"standard","creationDate":"2023-02-27T19:06:29.438Z","modificationDate":"2023-02-27T19:06:29.438Z","shortid":"y-L1Xz9","$entitySet":"profiles"},"doDiffs":false,"timestamp":1677524789437,"id":"7dfc8spglxsw9lp","previousOperationId":null,"operationId":"bonz0ue86l2d552"}
{"type":"log","level":"info","message":"Render request 1 queued for execution and waiting for available worker","previousOperationId":"bonz0ue86l2d552","timestamp":1677524789437,"id":"ficn7kqne0c017e"}
{"type":"operationStart","subtype":"render","name":"anonymous","previousOperationId":"bonz0ue86l2d552","timestamp":1677524789466,"id":"elf56dt94n1daj3","previousEventId":"7dfc8spglxsw9lp","operationId":"ct5cd85dab02x5h"}
{"type":"log","timestamp":1677524789468,"level":"info","message":"Starting rendering request 1 (user: null)","meta":{"rootId":"gndna53auzi2rsf","id":"gndna53auzi2rsf"},"id":"bjf2nyxdu6ap8xm","previousOperationId":"ct5cd85dab02x5h"}
{"type":"log","timestamp":1677524789471,"level":"info","message":"Rendering anonymous template { recipe: chrome-pdf, engine: handlebars }","meta":{"rootId":"gndna53auzi2rsf","id":"gndna53auzi2rsf"},"id":"vyau53xir2jf0lh","previousOperationId":"ct5cd85dab02x5h"}
{"type":"log","timestamp":1677524789471,"level":"debug","message":"Inline data specified.","meta":{"rootId":"gndna53auzi2rsf","id":"gndna53auzi2rsf"},"id":"hggrqpuvpsij4me","previousOperationId":"ct5cd85dab02x5h"}
{"type":"log","timestamp":1677524789481,"level":"debug","message":"Base url not specified, skipping its injection.","meta":{"rootId":"gndna53auzi2rsf","id":"gndna53auzi2rsf"},"id":"m7yd3w9br4ghg3g","previousOperationId":"ct5cd85dab02x5h"}
{"type":"operationStart","subtype":"engine","name":"handlebars","timestamp":1677524789483,"id":"imlde52o2u1eejy","previousEventId":"elf56dt94n1daj3","operationId":"9gfvl3xepke32sr","previousOperationId":"ct5cd85dab02x5h"}
{"type":"log","timestamp":1677524789483,"level":"debug","message":"Rendering engine handlebars","meta":{"rootId":"gndna53auzi2rsf","id":"gndna53auzi2rsf"},"id":"3t7aeborfgt53la","previousOperationId":"9gfvl3xepke32sr"}
{"type":"operationEnd","operationId":"9gfvl3xepke32sr","timestamp":1677524791280,"id":"xayngf7banjtgrl","previousEventId":"imlde52o2u1eejy","previousOperationId":"9gfvl3xepke32sr"}
{"type":"operationStart","subtype":"recipe","name":"chrome-pdf","timestamp":1677524791282,"id":"wsv58halz0ojx0e","previousEventId":"xayngf7banjtgrl","operationId":"fc3bnhzhkhpes8t","previousOperationId":"9gfvl3xepke32sr"}
{"type":"log","timestamp":1677524791282,"level":"debug","message":"Executing recipe chrome-pdf","meta":{"rootId":"gndna53auzi2rsf","id":"gndna53auzi2rsf"},"id":"i2y4wz0xj3vbov1","previousOperationId":"fc3bnhzhkhpes8t"}
{"type":"log","timestamp":1677524791669,"level":"debug","message":"Starting child request to render pdf header","meta":{"rootId":"gndna53auzi2rsf","id":"gndna53auzi2rsf"},"id":"h5cjthae6qci2d1","previousOperationId":"fc3bnhzhkhpes8t"}
{"type":"operationStart","subtype":"render","name":"anonymous","previousOperationId":"fc3bnhzhkhpes8t","timestamp":1677524791671,"id":"k2fsq5tdrfp6fkc","previousEventId":"wsv58halz0ojx0e","operationId":"n3ot3799kpmgjxm"}
{"type":"log","timestamp":1677524791671,"level":"info","message":"Starting rendering request 1 (user: null)","meta":{"rootId":"gndna53auzi2rsf","id":"nv944stzbkmyjzb"},"id":"yx47y9eruqg7gbk","previousOperationId":"n3ot3799kpmgjxm"}
{"type":"log","timestamp":1677524791671,"level":"info","message":"Rendering anonymous template { recipe: html, engine: handlebars }","meta":{"rootId":"gndna53auzi2rsf","id":"nv944stzbkmyjzb"},"id":"18enr078903zsqo","previousOperationId":"n3ot3799kpmgjxm"}
{"type":"log","timestamp":1677524791671,"level":"debug","message":"Inline data specified.","meta":{"rootId":"gndna53auzi2rsf","id":"nv944stzbkmyjzb"},"id":"8fu1fg72iwvckwj","previousOperationId":"n3ot3799kpmgjxm"}
{"type":"log","timestamp":1677524791679,"level":"debug","message":"Base url not specified, skipping its injection.","meta":{"rootId":"gndna53auzi2rsf","id":"nv944stzbkmyjzb"},"id":"8607lbudnlk2xfj","previousOperationId":"n3ot3799kpmgjxm"}
{"type":"log","timestamp":1677524791700,"level":"debug","message":"Replaced assets [\"./src/reporting/assets/logo.png\"]","meta":{"rootId":"gndna53auzi2rsf","id":"nv944stzbkmyjzb"},"id":"mw6zr2nf31t1e7o","previousOperationId":"n3ot3799kpmgjxm"}
{"type":"operationStart","subtype":"engine","name":"handlebars","timestamp":1677524791701,"id":"gr003emktktl9v5","previousEventId":"k2fsq5tdrfp6fkc","operationId":"j5stkvv5na6yv7r","previousOperationId":"n3ot3799kpmgjxm"}
{"type":"log","timestamp":1677524791701,"level":"debug","message":"Rendering engine handlebars","meta":{"rootId":"gndna53auzi2rsf","id":"nv944stzbkmyjzb"},"id":"n13r3awkgwfawij","previousOperationId":"j5stkvv5na6yv7r"}
{"type":"operationEnd","operationId":"j5stkvv5na6yv7r","timestamp":1677524791752,"id":"9zcpsl11oewz1wj","previousEventId":"gr003emktktl9v5","previousOperationId":"j5stkvv5na6yv7r"}
{"type":"operationStart","subtype":"recipe","name":"html","timestamp":1677524791753,"id":"i2zloih53uc3zfp","previousEventId":"9zcpsl11oewz1wj","operationId":"74pshv7ee4tiuax","previousOperationId":"j5stkvv5na6yv7r"}
{"type":"log","timestamp":1677524791753,"level":"debug","message":"Executing recipe html","meta":{"rootId":"gndna53auzi2rsf","id":"nv944stzbkmyjzb"},"id":"exbm173anffzmvr","previousOperationId":"74pshv7ee4tiuax"}
{"type":"operationEnd","operationId":"74pshv7ee4tiuax","timestamp":1677524791753,"id":"zn3fw57pqaua4pj","previousEventId":"i2zloih53uc3zfp","previousOperationId":"74pshv7ee4tiuax"}
{"type":"log","timestamp":1677524791754,"level":"debug","message":"Skipping storing report.","meta":{"rootId":"gndna53auzi2rsf","id":"nv944stzbkmyjzb"},"id":"8kcsd70ns6dffkg","previousOperationId":"74pshv7ee4tiuax"}
{"type":"log","timestamp":1677524791760,"level":"info","message":"Rendering request 1 finished in 2326 ms","meta":{"rootId":"gndna53auzi2rsf","id":"nv944stzbkmyjzb"},"id":"bypn5y99jkksdtb","previousOperationId":"74pshv7ee4tiuax"}
{"type":"operationEnd","subtype":"render","operationId":"n3ot3799kpmgjxm","timestamp":1677524791760,"id":"4vtu5ajum1lasaq","previousEventId":"zn3fw57pqaua4pj","previousOperationId":"74pshv7ee4tiuax"}
{"type":"log","timestamp":1677524791761,"level":"debug","message":"Starting child request to render pdf footer","meta":{"rootId":"gndna53auzi2rsf","id":"gndna53auzi2rsf"},"id":"uxi44vcgcho8uvz","previousOperationId":"fc3bnhzhkhpes8t"}
{"type":"operationStart","subtype":"render","name":"anonymous","previousOperationId":"fc3bnhzhkhpes8t","timestamp":1677524791761,"id":"yv8iuvhs7yehncg","previousEventId":"wsv58halz0ojx0e","operationId":"93vq07ln0mezj1s"}
{"type":"log","timestamp":1677524791762,"level":"info","message":"Starting rendering request 1 (user: null)","meta":{"rootId":"gndna53auzi2rsf","id":"mvqz41d2tu6x8p3"},"id":"owix1kx2tbr4itb","previousOperationId":"93vq07ln0mezj1s"}
{"type":"log","timestamp":1677524791762,"level":"info","message":"Rendering anonymous template { recipe: html, engine: handlebars }","meta":{"rootId":"gndna53auzi2rsf","id":"mvqz41d2tu6x8p3"},"id":"nfm0mye2vx6i5s4","previousOperationId":"93vq07ln0mezj1s"}
{"type":"log","timestamp":1677524791762,"level":"debug","message":"Inline data specified.","meta":{"rootId":"gndna53auzi2rsf","id":"mvqz41d2tu6x8p3"},"id":"9vckjp3s99x0u08","previousOperationId":"93vq07ln0mezj1s"}
{"type":"log","timestamp":1677524791780,"level":"debug","message":"Base url not specified, skipping its injection.","meta":{"rootId":"gndna53auzi2rsf","id":"mvqz41d2tu6x8p3"},"id":"k5e751ozj7ue09x","previousOperationId":"93vq07ln0mezj1s"}
{"type":"operationStart","subtype":"engine","name":"handlebars","timestamp":1677524791781,"id":"pg9pm1t7wnd3go0","previousEventId":"yv8iuvhs7yehncg","operationId":"j6jz9ydyc4gjmjg","previousOperationId":"93vq07ln0mezj1s"}
{"type":"log","timestamp":1677524791782,"level":"debug","message":"Rendering engine handlebars","meta":{"rootId":"gndna53auzi2rsf","id":"mvqz41d2tu6x8p3"},"id":"9llyc8oi893dxq5","previousOperationId":"j6jz9ydyc4gjmjg"}
{"type":"operationEnd","operationId":"j6jz9ydyc4gjmjg","timestamp":1677524791813,"id":"5i3xznfboutrev4","previousEventId":"pg9pm1t7wnd3go0","previousOperationId":"j6jz9ydyc4gjmjg"}
{"type":"operationStart","subtype":"recipe","name":"html","timestamp":1677524791814,"id":"g7l1qrjazlp70tp","previousEventId":"5i3xznfboutrev4","operationId":"w9uh814pkuxks3q","previousOperationId":"j6jz9ydyc4gjmjg"}
{"type":"log","timestamp":1677524791814,"level":"debug","message":"Executing recipe html","meta":{"rootId":"gndna53auzi2rsf","id":"mvqz41d2tu6x8p3"},"id":"2vqjx9j9yajqs2e","previousOperationId":"w9uh814pkuxks3q"}
{"type":"operationEnd","operationId":"w9uh814pkuxks3q","timestamp":1677524791814,"id":"0lror5wn79ig8uv","previousEventId":"g7l1qrjazlp70tp","previousOperationId":"w9uh814pkuxks3q"}
{"type":"log","timestamp":1677524791814,"level":"debug","message":"Skipping storing report.","meta":{"rootId":"gndna53auzi2rsf","id":"mvqz41d2tu6x8p3"},"id":"8g7opeo353fxcvl","previousOperationId":"w9uh814pkuxks3q"}
{"type":"log","timestamp":1677524791815,"level":"info","message":"Rendering request 1 finished in 2381 ms","meta":{"rootId":"gndna53auzi2rsf","id":"mvqz41d2tu6x8p3"},"id":"iqfzlryjzeui9ga","previousOperationId":"w9uh814pkuxks3q"}
{"type":"operationEnd","subtype":"render","operationId":"93vq07ln0mezj1s","timestamp":1677524791815,"id":"0r3sy5vzy6d3qdj","previousEventId":"0lror5wn79ig8uv","previousOperationId":"w9uh814pkuxks3q"}
{"type":"log","timestamp":1677524793637,"level":"debug","message":"Converting with chrome HeadlessChrome/98.0.4758.0 using chrome-pool strategy","meta":{"rootId":"gndna53auzi2rsf","id":"gndna53auzi2rsf"},"id":"n7fdsfxsidjpzb9","previousOperationId":"fc3bnhzhkhpes8t"}
{"type":"log","timestamp":1677524794632,"level":"debug","message":"Page request: GET (document) file:///C:/Users/ADMINI~1/AppData/Local/Temp/jsreport/autocleanup/2b87ff48-ab8a-433b-b00f-c8df462aacff-chrome-pdf.html","meta":{"rootId":"gndna53auzi2rsf","id":"gndna53auzi2rsf"},"id":"0rfq5kht4voinps","previousOperationId":"fc3bnhzhkhpes8t"}
{"type":"log","timestamp":1677524794714,"level":"debug","message":"Page request finished: GET (document) file:///C:/Users/ADMINI~1/AppData/Local/Temp/jsreport/autocleanup/2b87ff48-ab8a-433b-b00f-c8df462aacff-chrome-pdf.html","meta":{"rootId":"gndna53auzi2rsf","id":"gndna53auzi2rsf"},"id":"9mokhfdtgk9jurd","previousOperationId":"fc3bnhzhkhpes8t"}
{"type":"log","timestamp":1677524794727,"level":"debug","message":"Page request: GET (stylesheet) https://fonts.googleapis.com/css2?family=Montserrat:wght@500&family=Open+Sans:wght@300&display=swap","meta":{"rootId":"gndna53auzi2rsf","id":"gndna53auzi2rsf"},"id":"fbd47db9msjdahm","previousOperationId":"fc3bnhzhkhpes8t"}
{"type":"log","timestamp":1677524795111,"level":"debug","message":"Page request finished: GET (stylesheet) 200 https://fonts.googleapis.com/css2?family=Montserrat:wght@500&family=Open+Sans:wght@300&display=swap","meta":{"rootId":"gndna53auzi2rsf","id":"gndna53auzi2rsf"},"id":"x0cw35w1nlxnbie","previousOperationId":"fc3bnhzhkhpes8t"}
{"type":"log","timestamp":1677524795313,"level":"debug","message":"Page request: GET (font) https://fonts.gstatic.com/s/opensans/v34/memSYaGs126MiZpBA-UvWbX2vVnXBbObj2OVZyOOSr4dVJWUgsiH0B4gaVI.woff2","meta":{"rootId":"gndna53auzi2rsf","id":"gndna53auzi2rsf"},"id":"dnbhplle4nujas5","previousOperationId":"fc3bnhzhkhpes8t"}
{"type":"log","timestamp":1677524795331,"level":"debug","message":"Page request: GET (font) https://fonts.gstatic.com/s/opensans/v34/memSYaGs126MiZpBA-UvWbX2vVnXBbObj2OVZyOOSr4dVJWUgsiH0B4gaVI.woff2","meta":{"rootId":"gndna53auzi2rsf","id":"gndna53auzi2rsf"},"id":"sxu50r0bznouil9","previousOperationId":"fc3bnhzhkhpes8t"}
{"type":"log","timestamp":1677524795534,"level":"debug","message":"Page request finished: GET (font) 200 https://fonts.gstatic.com/s/opensans/v34/memSYaGs126MiZpBA-UvWbX2vVnXBbObj2OVZyOOSr4dVJWUgsiH0B4gaVI.woff2","meta":{"rootId":"gndna53auzi2rsf","id":"gndna53auzi2rsf"},"id":"8zsoueue0b8txfg","previousOperationId":"fc3bnhzhkhpes8t"}
{"type":"log","timestamp":1677524795649,"level":"debug","message":"Running chrome with params {\"scale\":1,\"displayHeaderFooter\":true,\"headerTemplate\":\"...\",\"footerTemplate\":\"...\",\"printBackground\":true,\"pageRanges\":\"\",\"format\":\"A4\",\"width\":\"\",\"height\":\"\",\"marginTop\":\"350px\",\"marginRight\":\"20px\",\"marginBottom\":\"80px\",\"marginLeft\":\"20px\",\"waitForJS\":false,\"waitForNetworkIddle\":false,\"timeout\":57619,\"waitForNetworkIdle\":false,\"margin\":{\"top\":\"350px\",\"right\":\"20px\",\"bottom\":\"80px\",\"left\":\"20px\"}}","meta":{"rootId":"gndna53auzi2rsf","id":"gndna53auzi2rsf"},"id":"khh1pk798vs9pkd","previousOperationId":"fc3bnhzhkhpes8t"}
{"type":"operationEnd","operationId":"fc3bnhzhkhpes8t","timestamp":1677524796401,"id":"4or3thhl51wfnpk","previousEventId":"wsv58halz0ojx0e","previousOperationId":"fc3bnhzhkhpes8t"}
{"type":"log","timestamp":1677524796402,"level":"debug","message":"Skipping storing report.","meta":{"rootId":"gndna53auzi2rsf","id":"gndna53auzi2rsf"},"id":"3wwbbk5ywbj1j5w","previousOperationId":"fc3bnhzhkhpes8t"}
{"type":"log","timestamp":1677524796402,"level":"info","message":"Rendering request 1 finished in 6968 ms","meta":{"rootId":"gndna53auzi2rsf","id":"gndna53auzi2rsf"},"id":"c8gg91hpdrtd54m","previousOperationId":"fc3bnhzhkhpes8t"}
{"type":"operationEnd","subtype":"render","operationId":"ct5cd85dab02x5h","timestamp":1677524796402,"id":"oqxetauxykrnnb4","previousEventId":"4or3thhl51wfnpk","previousOperationId":"fc3bnhzhkhpes8t"}
{"type":"operationEnd","doDiffs":false,"previousEventId":"7dfc8spglxsw9lp","previousOperationId":"bonz0ue86l2d552","operationId":"bonz0ue86l2d552","timestamp":1677524796410,"id":"vlwkkgrr4ox0uik"}
