{"type":"operationStart","subtype":"profile","data":{"_id":"3qoDEuIaTTuKs77k","timestamp":"2022-10-02T11:15:43.921Z","state":"queued","mode":"standard","creationDate":"2022-10-02T11:15:43.930Z","modificationDate":"2022-10-02T11:15:43.930Z","shortid":"s_QKCK0","$entitySet":"profiles"},"doDiffs":false,"timestamp":1664709343927,"id":"2tn922lzcmzulut","previousOperationId":null,"operationId":"bx5oozu614u30iv"}
{"type":"log","level":"info","message":"Render request 1 queued for execution and waiting for available worker","previousOperationId":"bx5oozu614u30iv","timestamp":1664709343927,"id":"q8kc7j0qal43jt5"}
{"type":"operationStart","subtype":"render","name":"anonymous","previousOperationId":"bx5oozu614u30iv","timestamp":1664709343984,"id":"7epledezs0un2gn","previousEventId":"2tn922lzcmzulut","operationId":"t2m8a1przra9opw"}
{"type":"log","timestamp":1664709343986,"level":"info","message":"Starting rendering request 1 (user: null)","meta":{"rootId":"gpxfmmfq02bicvy","id":"gpxfmmfq02bicvy"},"id":"vbrrsspyq5ewgb6","previousOperationId":"t2m8a1przra9opw"}
{"type":"log","timestamp":1664709343989,"level":"info","message":"Rendering anonymous template { recipe: chrome-pdf, engine: handlebars }","meta":{"rootId":"gpxfmmfq02bicvy","id":"gpxfmmfq02bicvy"},"id":"bt1l2d74ru0n0kq","previousOperationId":"t2m8a1przra9opw"}
{"type":"log","timestamp":1664709343990,"level":"debug","message":"Inline data specified.","meta":{"rootId":"gpxfmmfq02bicvy","id":"gpxfmmfq02bicvy"},"id":"lckxaj7dgblvugg","previousOperationId":"t2m8a1przra9opw"}
{"type":"log","timestamp":1664709344004,"level":"debug","message":"Base url not specified, skipping its injection.","meta":{"rootId":"gpxfmmfq02bicvy","id":"gpxfmmfq02bicvy"},"id":"bdt888u3f0oocft","previousOperationId":"t2m8a1przra9opw"}
{"type":"operationStart","subtype":"engine","name":"handlebars","timestamp":1664709344011,"id":"ssny2axp6bnwvv3","previousEventId":"7epledezs0un2gn","operationId":"d9wlh5h6s7856s8","previousOperationId":"t2m8a1przra9opw"}
{"type":"log","timestamp":1664709344011,"level":"debug","message":"Rendering engine handlebars","meta":{"rootId":"gpxfmmfq02bicvy","id":"gpxfmmfq02bicvy"},"id":"7hbkp5dvjtdstc7","previousOperationId":"d9wlh5h6s7856s8"}
{"type":"operationEnd","operationId":"d9wlh5h6s7856s8","timestamp":1664709345744,"id":"w2jp905pja0yiv8","previousEventId":"ssny2axp6bnwvv3","previousOperationId":"d9wlh5h6s7856s8"}
{"type":"operationStart","subtype":"recipe","name":"chrome-pdf","timestamp":1664709345746,"id":"52y05ofs273nkto","previousEventId":"w2jp905pja0yiv8","operationId":"tyy754e7ruhfdgl","previousOperationId":"d9wlh5h6s7856s8"}
{"type":"log","timestamp":1664709345746,"level":"debug","message":"Executing recipe chrome-pdf","meta":{"rootId":"gpxfmmfq02bicvy","id":"gpxfmmfq02bicvy"},"id":"dk15lqmmrr5l9f1","previousOperationId":"tyy754e7ruhfdgl"}
{"type":"log","timestamp":1664709345984,"level":"debug","message":"Starting child request to render pdf header","meta":{"rootId":"gpxfmmfq02bicvy","id":"gpxfmmfq02bicvy"},"id":"20p379uhvfktwln","previousOperationId":"tyy754e7ruhfdgl"}
{"type":"operationStart","subtype":"render","name":"anonymous","previousOperationId":"tyy754e7ruhfdgl","timestamp":1664709345986,"id":"76esh3w0zh9k2fp","previousEventId":"52y05ofs273nkto","operationId":"n39kbmzghvdz9we"}
{"type":"log","timestamp":1664709345987,"level":"info","message":"Starting rendering request 1 (user: null)","meta":{"rootId":"gpxfmmfq02bicvy","id":"xysae83y81b918y"},"id":"3u82qgtlbonedtt","previousOperationId":"n39kbmzghvdz9we"}
{"type":"log","timestamp":1664709345987,"level":"info","message":"Rendering anonymous template { recipe: html, engine: handlebars }","meta":{"rootId":"gpxfmmfq02bicvy","id":"xysae83y81b918y"},"id":"pwydn6kxhzfqb9q","previousOperationId":"n39kbmzghvdz9we"}
{"type":"log","timestamp":1664709345987,"level":"debug","message":"Inline data specified.","meta":{"rootId":"gpxfmmfq02bicvy","id":"xysae83y81b918y"},"id":"elcyj8kgjndxb8p","previousOperationId":"n39kbmzghvdz9we"}
{"type":"log","timestamp":1664709345989,"level":"debug","message":"Base url not specified, skipping its injection.","meta":{"rootId":"gpxfmmfq02bicvy","id":"xysae83y81b918y"},"id":"q6ayiiiefseznhk","previousOperationId":"n39kbmzghvdz9we"}
{"type":"log","timestamp":1664709345999,"level":"debug","message":"Replaced assets [\"./src/reporting/assets/logo.png\"]","meta":{"rootId":"gpxfmmfq02bicvy","id":"xysae83y81b918y"},"id":"ccfr3l9z3p21i52","previousOperationId":"n39kbmzghvdz9we"}
{"type":"operationStart","subtype":"engine","name":"handlebars","timestamp":1664709345999,"id":"3x2z2vhxp027taa","previousEventId":"76esh3w0zh9k2fp","operationId":"f3saaz0uyt2jy1m","previousOperationId":"n39kbmzghvdz9we"}
{"type":"log","timestamp":1664709345999,"level":"debug","message":"Rendering engine handlebars","meta":{"rootId":"gpxfmmfq02bicvy","id":"xysae83y81b918y"},"id":"von07uvf4u5yv2u","previousOperationId":"f3saaz0uyt2jy1m"}
{"type":"operationEnd","operationId":"f3saaz0uyt2jy1m","timestamp":1664709346042,"id":"65sa6mxhylphszk","previousEventId":"3x2z2vhxp027taa","previousOperationId":"f3saaz0uyt2jy1m"}
{"type":"operationStart","subtype":"recipe","name":"html","timestamp":1664709346043,"id":"fxfkp4i7croypb3","previousEventId":"65sa6mxhylphszk","operationId":"7w7am1ub0ghlga4","previousOperationId":"f3saaz0uyt2jy1m"}
{"type":"log","timestamp":1664709346043,"level":"debug","message":"Executing recipe html","meta":{"rootId":"gpxfmmfq02bicvy","id":"xysae83y81b918y"},"id":"yhzzjdaq864ncob","previousOperationId":"7w7am1ub0ghlga4"}
{"type":"operationEnd","operationId":"7w7am1ub0ghlga4","timestamp":1664709346043,"id":"h9cz1zh5c9mmwsi","previousEventId":"fxfkp4i7croypb3","previousOperationId":"7w7am1ub0ghlga4"}
{"type":"log","timestamp":1664709346046,"level":"debug","message":"Skipping storing report.","meta":{"rootId":"gpxfmmfq02bicvy","id":"xysae83y81b918y"},"id":"9s70ks46fp66ysn","previousOperationId":"7w7am1ub0ghlga4"}
{"type":"log","timestamp":1664709346048,"level":"info","message":"Rendering request 1 finished in 2128 ms","meta":{"rootId":"gpxfmmfq02bicvy","id":"xysae83y81b918y"},"id":"o4so4ij3owk21h5","previousOperationId":"7w7am1ub0ghlga4"}
{"type":"operationEnd","subtype":"render","operationId":"n39kbmzghvdz9we","timestamp":1664709346048,"id":"s65olduyzbc2s4c","previousEventId":"h9cz1zh5c9mmwsi","previousOperationId":"7w7am1ub0ghlga4"}
{"type":"log","timestamp":1664709346048,"level":"debug","message":"Starting child request to render pdf footer","meta":{"rootId":"gpxfmmfq02bicvy","id":"gpxfmmfq02bicvy"},"id":"lrv0sqg9y1fktey","previousOperationId":"tyy754e7ruhfdgl"}
{"type":"operationStart","subtype":"render","name":"anonymous","previousOperationId":"tyy754e7ruhfdgl","timestamp":1664709346048,"id":"3ln7ip8zcbls6bg","previousEventId":"52y05ofs273nkto","operationId":"houykjm9n818req"}
{"type":"log","timestamp":1664709346049,"level":"info","message":"Starting rendering request 1 (user: null)","meta":{"rootId":"gpxfmmfq02bicvy","id":"ki3umyo1andifok"},"id":"1dzgxlkztqyyta1","previousOperationId":"houykjm9n818req"}
{"type":"log","timestamp":1664709346049,"level":"info","message":"Rendering anonymous template { recipe: html, engine: handlebars }","meta":{"rootId":"gpxfmmfq02bicvy","id":"ki3umyo1andifok"},"id":"h0xd18hqxdlfy7j","previousOperationId":"houykjm9n818req"}
{"type":"log","timestamp":1664709346049,"level":"debug","message":"Inline data specified.","meta":{"rootId":"gpxfmmfq02bicvy","id":"ki3umyo1andifok"},"id":"c5ytt9lzx45t5iy","previousOperationId":"houykjm9n818req"}
{"type":"log","timestamp":1664709346075,"level":"debug","message":"Base url not specified, skipping its injection.","meta":{"rootId":"gpxfmmfq02bicvy","id":"ki3umyo1andifok"},"id":"m0whdnoqk8850th","previousOperationId":"houykjm9n818req"}
{"type":"operationStart","subtype":"engine","name":"handlebars","timestamp":1664709346076,"id":"tsolb7qbl48ci9w","previousEventId":"3ln7ip8zcbls6bg","operationId":"lc5rjhh6mmxqun2","previousOperationId":"houykjm9n818req"}
{"type":"log","timestamp":1664709346076,"level":"debug","message":"Rendering engine handlebars","meta":{"rootId":"gpxfmmfq02bicvy","id":"ki3umyo1andifok"},"id":"2mvvtciptay1l0m","previousOperationId":"lc5rjhh6mmxqun2"}
{"type":"operationEnd","operationId":"lc5rjhh6mmxqun2","timestamp":1664709346109,"id":"g2kw76i7u6puv7k","previousEventId":"tsolb7qbl48ci9w","previousOperationId":"lc5rjhh6mmxqun2"}
{"type":"operationStart","subtype":"recipe","name":"html","timestamp":1664709346121,"id":"3xftj5yjqnk6ug4","previousEventId":"g2kw76i7u6puv7k","operationId":"undlrf74u48v9yk","previousOperationId":"lc5rjhh6mmxqun2"}
{"type":"log","timestamp":1664709346121,"level":"debug","message":"Executing recipe html","meta":{"rootId":"gpxfmmfq02bicvy","id":"ki3umyo1andifok"},"id":"wamtdv5g9hgbnh8","previousOperationId":"undlrf74u48v9yk"}
{"type":"operationEnd","operationId":"undlrf74u48v9yk","timestamp":1664709346121,"id":"disyt39dybquxdg","previousEventId":"3xftj5yjqnk6ug4","previousOperationId":"undlrf74u48v9yk"}
{"type":"log","timestamp":1664709346122,"level":"debug","message":"Skipping storing report.","meta":{"rootId":"gpxfmmfq02bicvy","id":"ki3umyo1andifok"},"id":"7o0kbwyyzkgvaie","previousOperationId":"undlrf74u48v9yk"}
{"type":"log","timestamp":1664709346122,"level":"info","message":"Rendering request 1 finished in 2202 ms","meta":{"rootId":"gpxfmmfq02bicvy","id":"ki3umyo1andifok"},"id":"0f3mhqm1txr4h9x","previousOperationId":"undlrf74u48v9yk"}
{"type":"operationEnd","subtype":"render","operationId":"houykjm9n818req","timestamp":1664709346122,"id":"nkx3scj0ht6p3zh","previousEventId":"disyt39dybquxdg","previousOperationId":"undlrf74u48v9yk"}
{"type":"log","timestamp":1664709348100,"level":"debug","message":"Converting with chrome HeadlessChrome/98.0.4758.0 using chrome-pool strategy","meta":{"rootId":"gpxfmmfq02bicvy","id":"gpxfmmfq02bicvy"},"id":"kh5pzqvbffphyn6","previousOperationId":"tyy754e7ruhfdgl"}
{"type":"log","timestamp":1664709348423,"level":"debug","message":"Page request: GET (document) file:///var/folders/8m/98z140gs3yzbw6jqmpbh8b8m0000gn/T/jsreport/autocleanup/3171eaa6-5f8d-49b6-8279-84b24df22fa8-chrome-pdf.html","meta":{"rootId":"gpxfmmfq02bicvy","id":"gpxfmmfq02bicvy"},"id":"ou6yc14g0bu861u","previousOperationId":"tyy754e7ruhfdgl"}
{"type":"log","timestamp":1664709348448,"level":"debug","message":"Page request finished: GET (document) file:///var/folders/8m/98z140gs3yzbw6jqmpbh8b8m0000gn/T/jsreport/autocleanup/3171eaa6-5f8d-49b6-8279-84b24df22fa8-chrome-pdf.html","meta":{"rootId":"gpxfmmfq02bicvy","id":"gpxfmmfq02bicvy"},"id":"jd7h1ljn060erjj","previousOperationId":"tyy754e7ruhfdgl"}
{"type":"log","timestamp":1664709348474,"level":"debug","message":"Page request: GET (stylesheet) https://fonts.googleapis.com/css2?family=Montserrat:wght@500&family=Open+Sans:wght@300&display=swap","meta":{"rootId":"gpxfmmfq02bicvy","id":"gpxfmmfq02bicvy"},"id":"0tcica5oul07dk4","previousOperationId":"tyy754e7ruhfdgl"}
{"type":"log","timestamp":1664709348919,"level":"debug","message":"Page request finished: GET (stylesheet) 200 https://fonts.googleapis.com/css2?family=Montserrat:wght@500&family=Open+Sans:wght@300&display=swap","meta":{"rootId":"gpxfmmfq02bicvy","id":"gpxfmmfq02bicvy"},"id":"3vdmn366poqywy4","previousOperationId":"tyy754e7ruhfdgl"}
{"type":"log","timestamp":1664709348969,"level":"debug","message":"Page request: GET (font) https://fonts.gstatic.com/s/opensans/v34/memSYaGs126MiZpBA-UvWbX2vVnXBbObj2OVZyOOSr4dVJWUgsiH0B4gaVQUwaEQbjA.woff","meta":{"rootId":"gpxfmmfq02bicvy","id":"gpxfmmfq02bicvy"},"id":"u8a96qdz60vusj2","previousOperationId":"tyy754e7ruhfdgl"}
{"type":"log","timestamp":1664709348986,"level":"debug","message":"Running chrome with params {\"scale\":1,\"displayHeaderFooter\":true,\"headerTemplate\":\"...\",\"footerTemplate\":\"...\",\"printBackground\":true,\"pageRanges\":\"\",\"format\":\"A4\",\"width\":\"\",\"height\":\"\",\"marginTop\":\"350px\",\"marginRight\":\"20px\",\"marginBottom\":\"80px\",\"marginLeft\":\"20px\",\"waitForJS\":false,\"waitForNetworkIddle\":false,\"timeout\":57797,\"waitForNetworkIdle\":false,\"margin\":{\"top\":\"350px\",\"right\":\"20px\",\"bottom\":\"80px\",\"left\":\"20px\"}}","meta":{"rootId":"gpxfmmfq02bicvy","id":"gpxfmmfq02bicvy"},"id":"8ob8yybdg7ue0pg","previousOperationId":"tyy754e7ruhfdgl"}
{"type":"log","timestamp":1664709348997,"level":"debug","message":"Page request: GET (font) https://fonts.gstatic.com/s/opensans/v34/memSYaGs126MiZpBA-UvWbX2vVnXBbObj2OVZyOOSr4dVJWUgsiH0B4gaVQUwaEQbjA.woff","meta":{"rootId":"gpxfmmfq02bicvy","id":"gpxfmmfq02bicvy"},"id":"y9p5oki44wag4n7","previousOperationId":"tyy754e7ruhfdgl"}
{"type":"operationEnd","operationId":"tyy754e7ruhfdgl","timestamp":1664709349247,"id":"bdfvqdim02cdku8","previousEventId":"52y05ofs273nkto","previousOperationId":"tyy754e7ruhfdgl"}
{"type":"log","timestamp":1664709349247,"level":"debug","message":"Skipping storing report.","meta":{"rootId":"gpxfmmfq02bicvy","id":"gpxfmmfq02bicvy"},"id":"j5rthx2akwnk8a6","previousOperationId":"tyy754e7ruhfdgl"}
{"type":"log","timestamp":1664709349247,"level":"info","message":"Rendering request 1 finished in 5327 ms","meta":{"rootId":"gpxfmmfq02bicvy","id":"gpxfmmfq02bicvy"},"id":"pfvptxdci8jogqe","previousOperationId":"tyy754e7ruhfdgl"}
{"type":"operationEnd","subtype":"render","operationId":"t2m8a1przra9opw","timestamp":1664709349247,"id":"6ig7bx9cnlyw3f6","previousEventId":"bdfvqdim02cdku8","previousOperationId":"tyy754e7ruhfdgl"}
{"type":"operationEnd","doDiffs":false,"previousEventId":"2tn922lzcmzulut","previousOperationId":"bx5oozu614u30iv","operationId":"bx5oozu614u30iv","timestamp":1664709349261,"id":"4zxqjjuqudyov9x"}
