{"type":"operationStart","subtype":"profile","data":{"_id":"HE94TsqqWOBKZAiz","timestamp":"2022-09-09T19:06:46.587Z","state":"queued","mode":"standard","creationDate":"2022-09-09T19:06:46.596Z","modificationDate":"2022-09-09T19:06:46.596Z","shortid":"Ekq_wLO","$entitySet":"profiles"},"doDiffs":false,"timestamp":1662750406592,"id":"2mh9u95d6560ma3","previousOperationId":null,"operationId":"w4p9hv85255e304"}
{"type":"log","level":"info","message":"Render request 1 queued for execution and waiting for available worker","previousOperationId":"w4p9hv85255e304","timestamp":1662750406592,"id":"mp5d3vhtitmcctu"}
{"type":"operationStart","subtype":"render","name":"anonymous","previousOperationId":"w4p9hv85255e304","timestamp":1662750406670,"id":"uvrcgpvvfnr5tg1","previousEventId":"2mh9u95d6560ma3","operationId":"ct4js06cla31fcp"}
{"type":"log","timestamp":1662750406672,"level":"info","message":"Starting rendering request 1 (user: null)","meta":{"rootId":"hldlk4gcdp2layl","id":"hldlk4gcdp2layl"},"id":"xqc9qr4bvbvnqpa","previousOperationId":"ct4js06cla31fcp"}
{"type":"log","timestamp":1662750406676,"level":"info","message":"Rendering anonymous template { recipe: chrome-pdf, engine: handlebars }","meta":{"rootId":"hldlk4gcdp2layl","id":"hldlk4gcdp2layl"},"id":"jcbi14mz5u9cuba","previousOperationId":"ct4js06cla31fcp"}
{"type":"log","timestamp":1662750406677,"level":"debug","message":"Inline data specified.","meta":{"rootId":"hldlk4gcdp2layl","id":"hldlk4gcdp2layl"},"id":"ackd3gdzc210dsk","previousOperationId":"ct4js06cla31fcp"}
{"type":"log","timestamp":1662750406719,"level":"debug","message":"Base url not specified, skipping its injection.","meta":{"rootId":"hldlk4gcdp2layl","id":"hldlk4gcdp2layl"},"id":"jtoig8bvrgo5nd5","previousOperationId":"ct4js06cla31fcp"}
{"type":"operationStart","subtype":"engine","name":"handlebars","timestamp":1662750406721,"id":"x9qnfgw435vejlx","previousEventId":"uvrcgpvvfnr5tg1","operationId":"cz1f0uxdcwbenb5","previousOperationId":"ct4js06cla31fcp"}
{"type":"log","timestamp":1662750406721,"level":"debug","message":"Rendering engine handlebars","meta":{"rootId":"hldlk4gcdp2layl","id":"hldlk4gcdp2layl"},"id":"v8i4ljk3txvhs4g","previousOperationId":"cz1f0uxdcwbenb5"}
{"type":"operationEnd","operationId":"cz1f0uxdcwbenb5","timestamp":1662750408820,"id":"falfwj4hls36izb","previousEventId":"x9qnfgw435vejlx","previousOperationId":"cz1f0uxdcwbenb5"}
{"type":"operationStart","subtype":"recipe","name":"chrome-pdf","timestamp":1662750408822,"id":"tmabmlqx7nk1sj5","previousEventId":"falfwj4hls36izb","operationId":"3lrcwzns0c9ox1m","previousOperationId":"cz1f0uxdcwbenb5"}
{"type":"log","timestamp":1662750408822,"level":"debug","message":"Executing recipe chrome-pdf","meta":{"rootId":"hldlk4gcdp2layl","id":"hldlk4gcdp2layl"},"id":"pggmm7vvfaw1j3b","previousOperationId":"3lrcwzns0c9ox1m"}
{"type":"log","timestamp":1662750409140,"level":"debug","message":"Starting child request to render pdf header","meta":{"rootId":"hldlk4gcdp2layl","id":"hldlk4gcdp2layl"},"id":"y8eng1xdxvy8mnc","previousOperationId":"3lrcwzns0c9ox1m"}
{"type":"operationStart","subtype":"render","name":"anonymous","previousOperationId":"3lrcwzns0c9ox1m","timestamp":1662750409141,"id":"o7y55s2mg90voag","previousEventId":"tmabmlqx7nk1sj5","operationId":"8ahe5nludi3mzjo"}
{"type":"log","timestamp":1662750409141,"level":"info","message":"Starting rendering request 1 (user: null)","meta":{"rootId":"hldlk4gcdp2layl","id":"sjmz9vfvu73g3q8"},"id":"febpjem8yx4jq4l","previousOperationId":"8ahe5nludi3mzjo"}
{"type":"log","timestamp":1662750409142,"level":"info","message":"Rendering anonymous template { recipe: html, engine: handlebars }","meta":{"rootId":"hldlk4gcdp2layl","id":"sjmz9vfvu73g3q8"},"id":"vqktx6dpdhowip6","previousOperationId":"8ahe5nludi3mzjo"}
{"type":"log","timestamp":1662750409142,"level":"debug","message":"Inline data specified.","meta":{"rootId":"hldlk4gcdp2layl","id":"sjmz9vfvu73g3q8"},"id":"p3ic9epdkew45d0","previousOperationId":"8ahe5nludi3mzjo"}
{"type":"log","timestamp":1662750409149,"level":"debug","message":"Base url not specified, skipping its injection.","meta":{"rootId":"hldlk4gcdp2layl","id":"sjmz9vfvu73g3q8"},"id":"7c8a6swlwg5fl1g","previousOperationId":"8ahe5nludi3mzjo"}
{"type":"log","timestamp":1662750409167,"level":"debug","message":"Replaced assets [\"./src/reporting/assets/logo.png\"]","meta":{"rootId":"hldlk4gcdp2layl","id":"sjmz9vfvu73g3q8"},"id":"80tfvu89lx6spnr","previousOperationId":"8ahe5nludi3mzjo"}
{"type":"operationStart","subtype":"engine","name":"handlebars","timestamp":1662750409168,"id":"k0auk6ilcdg88ju","previousEventId":"o7y55s2mg90voag","operationId":"j4t4y7giqjjicks","previousOperationId":"8ahe5nludi3mzjo"}
{"type":"log","timestamp":1662750409168,"level":"debug","message":"Rendering engine handlebars","meta":{"rootId":"hldlk4gcdp2layl","id":"sjmz9vfvu73g3q8"},"id":"jhvddft54qjgzas","previousOperationId":"j4t4y7giqjjicks"}
{"type":"operationEnd","operationId":"j4t4y7giqjjicks","timestamp":1662750409273,"id":"srkwt05v4x917zx","previousEventId":"k0auk6ilcdg88ju","previousOperationId":"j4t4y7giqjjicks"}
{"type":"operationStart","subtype":"recipe","name":"html","timestamp":1662750409274,"id":"9vpickkwjps39ue","previousEventId":"srkwt05v4x917zx","operationId":"f5qol1ij1zakfki","previousOperationId":"j4t4y7giqjjicks"}
{"type":"log","timestamp":1662750409274,"level":"debug","message":"Executing recipe html","meta":{"rootId":"hldlk4gcdp2layl","id":"sjmz9vfvu73g3q8"},"id":"6z05sjza31kkysm","previousOperationId":"f5qol1ij1zakfki"}
{"type":"operationEnd","operationId":"f5qol1ij1zakfki","timestamp":1662750409274,"id":"y9qnp079iubx9uz","previousEventId":"9vpickkwjps39ue","previousOperationId":"f5qol1ij1zakfki"}
{"type":"log","timestamp":1662750409275,"level":"debug","message":"Skipping storing report.","meta":{"rootId":"hldlk4gcdp2layl","id":"sjmz9vfvu73g3q8"},"id":"38rjvesry15umfn","previousOperationId":"f5qol1ij1zakfki"}
{"type":"log","timestamp":1662750409276,"level":"info","message":"Rendering request 1 finished in 2691 ms","meta":{"rootId":"hldlk4gcdp2layl","id":"sjmz9vfvu73g3q8"},"id":"nsbbzw19yeuz20g","previousOperationId":"f5qol1ij1zakfki"}
{"type":"operationEnd","subtype":"render","operationId":"8ahe5nludi3mzjo","timestamp":1662750409276,"id":"lallrujhih0w0p0","previousEventId":"y9qnp079iubx9uz","previousOperationId":"f5qol1ij1zakfki"}
{"type":"log","timestamp":1662750409276,"level":"debug","message":"Starting child request to render pdf footer","meta":{"rootId":"hldlk4gcdp2layl","id":"hldlk4gcdp2layl"},"id":"x389g9kui9kol67","previousOperationId":"3lrcwzns0c9ox1m"}
{"type":"operationStart","subtype":"render","name":"anonymous","previousOperationId":"3lrcwzns0c9ox1m","timestamp":1662750409276,"id":"8bmybuzne5e6zx1","previousEventId":"tmabmlqx7nk1sj5","operationId":"wu9a82dj1fl5geo"}
{"type":"log","timestamp":1662750409277,"level":"info","message":"Starting rendering request 1 (user: null)","meta":{"rootId":"hldlk4gcdp2layl","id":"7n8csqr8cyb2117"},"id":"sdx3f94y31gzbij","previousOperationId":"wu9a82dj1fl5geo"}
{"type":"log","timestamp":1662750409277,"level":"info","message":"Rendering anonymous template { recipe: html, engine: handlebars }","meta":{"rootId":"hldlk4gcdp2layl","id":"7n8csqr8cyb2117"},"id":"d0yweuwjnkptoe7","previousOperationId":"wu9a82dj1fl5geo"}
{"type":"log","timestamp":1662750409277,"level":"debug","message":"Inline data specified.","meta":{"rootId":"hldlk4gcdp2layl","id":"7n8csqr8cyb2117"},"id":"nuyj9w8xi9ah6k6","previousOperationId":"wu9a82dj1fl5geo"}
{"type":"log","timestamp":1662750409281,"level":"debug","message":"Base url not specified, skipping its injection.","meta":{"rootId":"hldlk4gcdp2layl","id":"7n8csqr8cyb2117"},"id":"p0hxwoajtlzl039","previousOperationId":"wu9a82dj1fl5geo"}
{"type":"operationStart","subtype":"engine","name":"handlebars","timestamp":1662750409281,"id":"scejowv52536mzq","previousEventId":"8bmybuzne5e6zx1","operationId":"nbg3tj1pmoag5tz","previousOperationId":"wu9a82dj1fl5geo"}
{"type":"log","timestamp":1662750409282,"level":"debug","message":"Rendering engine handlebars","meta":{"rootId":"hldlk4gcdp2layl","id":"7n8csqr8cyb2117"},"id":"6qda7pswgsbpm93","previousOperationId":"nbg3tj1pmoag5tz"}
{"type":"operationEnd","operationId":"nbg3tj1pmoag5tz","timestamp":1662750409442,"id":"tsrn02hg16rvyvf","previousEventId":"scejowv52536mzq","previousOperationId":"nbg3tj1pmoag5tz"}
{"type":"operationStart","subtype":"recipe","name":"html","timestamp":1662750409443,"id":"wqea8a66rghw6qd","previousEventId":"tsrn02hg16rvyvf","operationId":"8qiwc1veruzb5vu","previousOperationId":"nbg3tj1pmoag5tz"}
{"type":"log","timestamp":1662750409443,"level":"debug","message":"Executing recipe html","meta":{"rootId":"hldlk4gcdp2layl","id":"7n8csqr8cyb2117"},"id":"8i1pszmbl2t3ocd","previousOperationId":"8qiwc1veruzb5vu"}
{"type":"operationEnd","operationId":"8qiwc1veruzb5vu","timestamp":1662750409443,"id":"u7outjeoxl9wfx9","previousEventId":"wqea8a66rghw6qd","previousOperationId":"8qiwc1veruzb5vu"}
{"type":"log","timestamp":1662750409443,"level":"debug","message":"Skipping storing report.","meta":{"rootId":"hldlk4gcdp2layl","id":"7n8csqr8cyb2117"},"id":"w8fl801vn7n6rgc","previousOperationId":"8qiwc1veruzb5vu"}
{"type":"log","timestamp":1662750409443,"level":"info","message":"Rendering request 1 finished in 2858 ms","meta":{"rootId":"hldlk4gcdp2layl","id":"7n8csqr8cyb2117"},"id":"8sw18ytht1aiase","previousOperationId":"8qiwc1veruzb5vu"}
{"type":"operationEnd","subtype":"render","operationId":"wu9a82dj1fl5geo","timestamp":1662750409444,"id":"3qtudw85zqrkyks","previousEventId":"u7outjeoxl9wfx9","previousOperationId":"8qiwc1veruzb5vu"}
{"type":"log","timestamp":1662750411542,"level":"debug","message":"Converting with chrome HeadlessChrome/98.0.4758.0 using chrome-pool strategy","meta":{"rootId":"hldlk4gcdp2layl","id":"hldlk4gcdp2layl"},"id":"ruzhf2c09j7wz3b","previousOperationId":"3lrcwzns0c9ox1m"}
{"type":"log","timestamp":1662750412958,"level":"debug","message":"Page request: GET (document) file:///var/folders/8m/98z140gs3yzbw6jqmpbh8b8m0000gn/T/jsreport/autocleanup/ab2eb657-606b-482e-b5a4-00b175b37aa3-chrome-pdf.html","meta":{"rootId":"hldlk4gcdp2layl","id":"hldlk4gcdp2layl"},"id":"wb0ioy0o334fncl","previousOperationId":"3lrcwzns0c9ox1m"}
{"type":"log","timestamp":1662750412993,"level":"debug","message":"Page request finished: GET (document) file:///var/folders/8m/98z140gs3yzbw6jqmpbh8b8m0000gn/T/jsreport/autocleanup/ab2eb657-606b-482e-b5a4-00b175b37aa3-chrome-pdf.html","meta":{"rootId":"hldlk4gcdp2layl","id":"hldlk4gcdp2layl"},"id":"ca9zc298g3jqf9s","previousOperationId":"3lrcwzns0c9ox1m"}
{"type":"log","timestamp":1662750413010,"level":"debug","message":"Page request: GET (stylesheet) https://fonts.googleapis.com/css2?family=Montserrat:wght@500&family=Open+Sans:wght@300&display=swap","meta":{"rootId":"hldlk4gcdp2layl","id":"hldlk4gcdp2layl"},"id":"wju5xh14659354a","previousOperationId":"3lrcwzns0c9ox1m"}
{"type":"log","timestamp":1662750413336,"level":"debug","message":"Page request finished: GET (stylesheet) 200 https://fonts.googleapis.com/css2?family=Montserrat:wght@500&family=Open+Sans:wght@300&display=swap","meta":{"rootId":"hldlk4gcdp2layl","id":"hldlk4gcdp2layl"},"id":"yusiwwi1dcc6dqa","previousOperationId":"3lrcwzns0c9ox1m"}
{"type":"log","timestamp":1662750413394,"level":"debug","message":"Page request: GET (font) https://fonts.gstatic.com/s/opensans/v34/memSYaGs126MiZpBA-UvWbX2vVnXBbObj2OVZyOOSr4dVJWUgsiH0B4gaVQUwaEQbjA.woff","meta":{"rootId":"hldlk4gcdp2layl","id":"hldlk4gcdp2layl"},"id":"7i4ydu8w88q05gl","previousOperationId":"3lrcwzns0c9ox1m"}
{"type":"log","timestamp":1662750413400,"level":"debug","message":"Running chrome with params {\"scale\":1,\"displayHeaderFooter\":true,\"headerTemplate\":\"...\",\"footerTemplate\":\"...\",\"printBackground\":true,\"pageRanges\":\"\",\"format\":\"A4\",\"width\":\"\",\"height\":\"\",\"marginTop\":\"350px\",\"marginRight\":\"20px\",\"marginBottom\":\"80px\",\"marginLeft\":\"20px\",\"waitForJS\":false,\"waitForNetworkIddle\":false,\"timeout\":57141,\"waitForNetworkIdle\":false,\"margin\":{\"top\":\"350px\",\"right\":\"20px\",\"bottom\":\"80px\",\"left\":\"20px\"}}","meta":{"rootId":"hldlk4gcdp2layl","id":"hldlk4gcdp2layl"},"id":"gf1ir5ccx02f2vi","previousOperationId":"3lrcwzns0c9ox1m"}
{"type":"log","timestamp":1662750413408,"level":"debug","message":"Page request: GET (font) https://fonts.gstatic.com/s/opensans/v34/memSYaGs126MiZpBA-UvWbX2vVnXBbObj2OVZyOOSr4dVJWUgsiH0B4gaVQUwaEQbjA.woff","meta":{"rootId":"hldlk4gcdp2layl","id":"hldlk4gcdp2layl"},"id":"gfzg1bnnps264u1","previousOperationId":"3lrcwzns0c9ox1m"}
{"type":"operationEnd","operationId":"3lrcwzns0c9ox1m","timestamp":1662750413799,"id":"g4ibe20i3e31kv5","previousEventId":"tmabmlqx7nk1sj5","previousOperationId":"3lrcwzns0c9ox1m"}
{"type":"log","timestamp":1662750413800,"level":"debug","message":"Skipping storing report.","meta":{"rootId":"hldlk4gcdp2layl","id":"hldlk4gcdp2layl"},"id":"n6iho26rmwuok9x","previousOperationId":"3lrcwzns0c9ox1m"}
{"type":"log","timestamp":1662750413800,"level":"info","message":"Rendering request 1 finished in 7215 ms","meta":{"rootId":"hldlk4gcdp2layl","id":"hldlk4gcdp2layl"},"id":"bx1q4gr9vczam2p","previousOperationId":"3lrcwzns0c9ox1m"}
{"type":"operationEnd","subtype":"render","operationId":"ct4js06cla31fcp","timestamp":1662750413800,"id":"ca9w8bunx62ljbo","previousEventId":"g4ibe20i3e31kv5","previousOperationId":"3lrcwzns0c9ox1m"}
{"type":"operationEnd","doDiffs":false,"previousEventId":"2mh9u95d6560ma3","previousOperationId":"w4p9hv85255e304","operationId":"w4p9hv85255e304","timestamp":1662750413808,"id":"c50nqr2ovthtl5p"}
