{"type":"operationStart","subtype":"profile","data":{"_id":"XiGUp8tMKgqPYFuJ","timestamp":"2022-09-17T18:29:30.138Z","state":"queued","mode":"standard","creationDate":"2022-09-17T18:29:30.148Z","modificationDate":"2022-09-17T18:29:30.148Z","shortid":"bjW8Hzu","$entitySet":"profiles"},"doDiffs":false,"timestamp":1663439370143,"id":"0zmii0swk60620u","previousOperationId":null,"operationId":"wxqpiipgrnjj5aa"}
{"type":"log","level":"info","message":"Render request 1 queued for execution and waiting for available worker","previousOperationId":"wxqpiipgrnjj5aa","timestamp":1663439370144,"id":"5e2025pgejon97j"}
{"type":"operationStart","subtype":"render","name":"anonymous","previousOperationId":"wxqpiipgrnjj5aa","timestamp":1663439370192,"id":"rgta3xm1y49ye3n","previousEventId":"0zmii0swk60620u","operationId":"tik950ahtkr6c3a"}
{"type":"log","timestamp":1663439370194,"level":"info","message":"Starting rendering request 1 (user: null)","meta":{"rootId":"hozcmprfwchhhn8","id":"hozcmprfwchhhn8"},"id":"0zcpnf0cnzon8vg","previousOperationId":"tik950ahtkr6c3a"}
{"type":"log","timestamp":1663439370202,"level":"info","message":"Rendering anonymous template { recipe: chrome-pdf, engine: handlebars }","meta":{"rootId":"hozcmprfwchhhn8","id":"hozcmprfwchhhn8"},"id":"hwos44mttgb5u47","previousOperationId":"tik950ahtkr6c3a"}
{"type":"log","timestamp":1663439370203,"level":"debug","message":"Inline data specified.","meta":{"rootId":"hozcmprfwchhhn8","id":"hozcmprfwchhhn8"},"id":"8jadeehz138wkew","previousOperationId":"tik950ahtkr6c3a"}
{"type":"log","timestamp":1663439370211,"level":"debug","message":"Base url not specified, skipping its injection.","meta":{"rootId":"hozcmprfwchhhn8","id":"hozcmprfwchhhn8"},"id":"yty76hzueoelicp","previousOperationId":"tik950ahtkr6c3a"}
{"type":"operationStart","subtype":"engine","name":"handlebars","timestamp":1663439370215,"id":"nrvwiat7ej29nkv","previousEventId":"rgta3xm1y49ye3n","operationId":"fz8ov2231xu6ao0","previousOperationId":"tik950ahtkr6c3a"}
{"type":"log","timestamp":1663439370215,"level":"debug","message":"Rendering engine handlebars","meta":{"rootId":"hozcmprfwchhhn8","id":"hozcmprfwchhhn8"},"id":"qx122lb812odh88","previousOperationId":"fz8ov2231xu6ao0"}
{"type":"operationEnd","operationId":"fz8ov2231xu6ao0","timestamp":1663439371700,"id":"2a5fwmh3fbarcvb","previousEventId":"nrvwiat7ej29nkv","previousOperationId":"fz8ov2231xu6ao0"}
{"type":"operationStart","subtype":"recipe","name":"chrome-pdf","timestamp":1663439371701,"id":"cmti6d7qlmjdgv1","previousEventId":"2a5fwmh3fbarcvb","operationId":"qqad76trf9m70t0","previousOperationId":"fz8ov2231xu6ao0"}
{"type":"log","timestamp":1663439371702,"level":"debug","message":"Executing recipe chrome-pdf","meta":{"rootId":"hozcmprfwchhhn8","id":"hozcmprfwchhhn8"},"id":"megd41iiz9qa5f0","previousOperationId":"qqad76trf9m70t0"}
{"type":"log","timestamp":1663439371933,"level":"debug","message":"Starting child request to render pdf header","meta":{"rootId":"hozcmprfwchhhn8","id":"hozcmprfwchhhn8"},"id":"kto7xcvfbo3s953","previousOperationId":"qqad76trf9m70t0"}
{"type":"operationStart","subtype":"render","name":"anonymous","previousOperationId":"qqad76trf9m70t0","timestamp":1663439371935,"id":"kosocbf1hcj4bq4","previousEventId":"cmti6d7qlmjdgv1","operationId":"04uwgy1lx1g5066"}
{"type":"log","timestamp":1663439371935,"level":"info","message":"Starting rendering request 1 (user: null)","meta":{"rootId":"hozcmprfwchhhn8","id":"0p3tnhywzmnbgjo"},"id":"pn2wl35vnhc5dil","previousOperationId":"04uwgy1lx1g5066"}
{"type":"log","timestamp":1663439371935,"level":"info","message":"Rendering anonymous template { recipe: html, engine: handlebars }","meta":{"rootId":"hozcmprfwchhhn8","id":"0p3tnhywzmnbgjo"},"id":"nd3oqd2b8o1xffa","previousOperationId":"04uwgy1lx1g5066"}
{"type":"log","timestamp":1663439371936,"level":"debug","message":"Inline data specified.","meta":{"rootId":"hozcmprfwchhhn8","id":"0p3tnhywzmnbgjo"},"id":"6x4jjthl2mh8j3x","previousOperationId":"04uwgy1lx1g5066"}
{"type":"log","timestamp":1663439371946,"level":"debug","message":"Base url not specified, skipping its injection.","meta":{"rootId":"hozcmprfwchhhn8","id":"0p3tnhywzmnbgjo"},"id":"62ocgt4cohhlq7v","previousOperationId":"04uwgy1lx1g5066"}
{"type":"log","timestamp":1663439371961,"level":"debug","message":"Replaced assets [\"./src/reporting/assets/logo.png\"]","meta":{"rootId":"hozcmprfwchhhn8","id":"0p3tnhywzmnbgjo"},"id":"ibu9migbqtt57h6","previousOperationId":"04uwgy1lx1g5066"}
{"type":"operationStart","subtype":"engine","name":"handlebars","timestamp":1663439371962,"id":"39sn0168x9slz5g","previousEventId":"kosocbf1hcj4bq4","operationId":"n31v8k1fdz2amcj","previousOperationId":"04uwgy1lx1g5066"}
{"type":"log","timestamp":1663439371962,"level":"debug","message":"Rendering engine handlebars","meta":{"rootId":"hozcmprfwchhhn8","id":"0p3tnhywzmnbgjo"},"id":"3g70s26hdecmqvm","previousOperationId":"n31v8k1fdz2amcj"}
{"type":"operationEnd","operationId":"n31v8k1fdz2amcj","timestamp":1663439371999,"id":"luu9in067a7xwr6","previousEventId":"39sn0168x9slz5g","previousOperationId":"n31v8k1fdz2amcj"}
{"type":"operationStart","subtype":"recipe","name":"html","timestamp":1663439372000,"id":"tlifeqst6wcusx7","previousEventId":"luu9in067a7xwr6","operationId":"gxkbw58184qzh88","previousOperationId":"n31v8k1fdz2amcj"}
{"type":"log","timestamp":1663439372000,"level":"debug","message":"Executing recipe html","meta":{"rootId":"hozcmprfwchhhn8","id":"0p3tnhywzmnbgjo"},"id":"dttd9ptrjxi7399","previousOperationId":"gxkbw58184qzh88"}
{"type":"operationEnd","operationId":"gxkbw58184qzh88","timestamp":1663439372000,"id":"45x8bkpiwctemiz","previousEventId":"tlifeqst6wcusx7","previousOperationId":"gxkbw58184qzh88"}
{"type":"log","timestamp":1663439372002,"level":"debug","message":"Skipping storing report.","meta":{"rootId":"hozcmprfwchhhn8","id":"0p3tnhywzmnbgjo"},"id":"xlp4qdmotsi58h6","previousOperationId":"gxkbw58184qzh88"}
{"type":"log","timestamp":1663439372002,"level":"info","message":"Rendering request 1 finished in 1866 ms","meta":{"rootId":"hozcmprfwchhhn8","id":"0p3tnhywzmnbgjo"},"id":"iii3zrvrlxl6vt9","previousOperationId":"gxkbw58184qzh88"}
{"type":"operationEnd","subtype":"render","operationId":"04uwgy1lx1g5066","timestamp":1663439372003,"id":"t5gaxj8dr6pm5py","previousEventId":"45x8bkpiwctemiz","previousOperationId":"gxkbw58184qzh88"}
{"type":"log","timestamp":1663439372003,"level":"debug","message":"Starting child request to render pdf footer","meta":{"rootId":"hozcmprfwchhhn8","id":"hozcmprfwchhhn8"},"id":"hi6d22s3rl2b17g","previousOperationId":"qqad76trf9m70t0"}
{"type":"operationStart","subtype":"render","name":"anonymous","previousOperationId":"qqad76trf9m70t0","timestamp":1663439372003,"id":"4vobe6dfyjhuj1l","previousEventId":"cmti6d7qlmjdgv1","operationId":"l8m6zggustwna69"}
{"type":"log","timestamp":1663439372004,"level":"info","message":"Starting rendering request 1 (user: null)","meta":{"rootId":"hozcmprfwchhhn8","id":"t2vpakqhwlnrs37"},"id":"4uc8nk1bdtln03o","previousOperationId":"l8m6zggustwna69"}
{"type":"log","timestamp":1663439372004,"level":"info","message":"Rendering anonymous template { recipe: html, engine: handlebars }","meta":{"rootId":"hozcmprfwchhhn8","id":"t2vpakqhwlnrs37"},"id":"940v3zwd6ogebja","previousOperationId":"l8m6zggustwna69"}
{"type":"log","timestamp":1663439372004,"level":"debug","message":"Inline data specified.","meta":{"rootId":"hozcmprfwchhhn8","id":"t2vpakqhwlnrs37"},"id":"8gvtorarl547186","previousOperationId":"l8m6zggustwna69"}
{"type":"log","timestamp":1663439372015,"level":"debug","message":"Base url not specified, skipping its injection.","meta":{"rootId":"hozcmprfwchhhn8","id":"t2vpakqhwlnrs37"},"id":"ob9qe6xdoh51haa","previousOperationId":"l8m6zggustwna69"}
{"type":"operationStart","subtype":"engine","name":"handlebars","timestamp":1663439372016,"id":"90e0203xfve3iaj","previousEventId":"4vobe6dfyjhuj1l","operationId":"r37u26vjgswn1i0","previousOperationId":"l8m6zggustwna69"}
{"type":"log","timestamp":1663439372016,"level":"debug","message":"Rendering engine handlebars","meta":{"rootId":"hozcmprfwchhhn8","id":"t2vpakqhwlnrs37"},"id":"h7aj6dbhfrdgux4","previousOperationId":"r37u26vjgswn1i0"}
{"type":"operationEnd","operationId":"r37u26vjgswn1i0","timestamp":1663439372068,"id":"cjfyjaee00ipt9x","previousEventId":"90e0203xfve3iaj","previousOperationId":"r37u26vjgswn1i0"}
{"type":"operationStart","subtype":"recipe","name":"html","timestamp":1663439372068,"id":"boftp871e4ovn56","previousEventId":"cjfyjaee00ipt9x","operationId":"rofbhfluz87bq9k","previousOperationId":"r37u26vjgswn1i0"}
{"type":"log","timestamp":1663439372068,"level":"debug","message":"Executing recipe html","meta":{"rootId":"hozcmprfwchhhn8","id":"t2vpakqhwlnrs37"},"id":"2ocobazv567cd3n","previousOperationId":"rofbhfluz87bq9k"}
{"type":"operationEnd","operationId":"rofbhfluz87bq9k","timestamp":1663439372069,"id":"o0yxuoo7avy0a4b","previousEventId":"boftp871e4ovn56","previousOperationId":"rofbhfluz87bq9k"}
{"type":"log","timestamp":1663439372069,"level":"debug","message":"Skipping storing report.","meta":{"rootId":"hozcmprfwchhhn8","id":"t2vpakqhwlnrs37"},"id":"00zgy2mhgnh2xpo","previousOperationId":"rofbhfluz87bq9k"}
{"type":"log","timestamp":1663439372070,"level":"info","message":"Rendering request 1 finished in 1934 ms","meta":{"rootId":"hozcmprfwchhhn8","id":"t2vpakqhwlnrs37"},"id":"rr66j4x9dewgp7j","previousOperationId":"rofbhfluz87bq9k"}
{"type":"operationEnd","subtype":"render","operationId":"l8m6zggustwna69","timestamp":1663439372070,"id":"wz2r9gd0s00e9q7","previousEventId":"o0yxuoo7avy0a4b","previousOperationId":"rofbhfluz87bq9k"}
{"type":"log","timestamp":1663439374535,"level":"debug","message":"Converting with chrome HeadlessChrome/98.0.4758.0 using chrome-pool strategy","meta":{"rootId":"hozcmprfwchhhn8","id":"hozcmprfwchhhn8"},"id":"frhfshce5ognaoz","previousOperationId":"qqad76trf9m70t0"}
{"type":"log","timestamp":1663439374839,"level":"debug","message":"Page request: GET (document) file:///var/folders/8m/98z140gs3yzbw6jqmpbh8b8m0000gn/T/jsreport/autocleanup/8b48e3fb-70a2-4a91-ad98-6dc08f583145-chrome-pdf.html","meta":{"rootId":"hozcmprfwchhhn8","id":"hozcmprfwchhhn8"},"id":"jdjsbarr03fi8ci","previousOperationId":"qqad76trf9m70t0"}
{"type":"log","timestamp":1663439374862,"level":"debug","message":"Page request finished: GET (document) file:///var/folders/8m/98z140gs3yzbw6jqmpbh8b8m0000gn/T/jsreport/autocleanup/8b48e3fb-70a2-4a91-ad98-6dc08f583145-chrome-pdf.html","meta":{"rootId":"hozcmprfwchhhn8","id":"hozcmprfwchhhn8"},"id":"sc7fgwp8p0bnwel","previousOperationId":"qqad76trf9m70t0"}
{"type":"log","timestamp":1663439374870,"level":"debug","message":"Page request: GET (stylesheet) https://fonts.googleapis.com/css2?family=Montserrat:wght@500&family=Open+Sans:wght@300&display=swap","meta":{"rootId":"hozcmprfwchhhn8","id":"hozcmprfwchhhn8"},"id":"sa7yf6rjva7wl1j","previousOperationId":"qqad76trf9m70t0"}
{"type":"log","timestamp":1663439375240,"level":"debug","message":"Page request finished: GET (stylesheet) 200 https://fonts.googleapis.com/css2?family=Montserrat:wght@500&family=Open+Sans:wght@300&display=swap","meta":{"rootId":"hozcmprfwchhhn8","id":"hozcmprfwchhhn8"},"id":"pesbk302jhcgrx9","previousOperationId":"qqad76trf9m70t0"}
{"type":"log","timestamp":1663439375300,"level":"debug","message":"Page request: GET (font) https://fonts.gstatic.com/s/opensans/v34/memSYaGs126MiZpBA-UvWbX2vVnXBbObj2OVZyOOSr4dVJWUgsiH0B4gaVQUwaEQbjA.woff","meta":{"rootId":"hozcmprfwchhhn8","id":"hozcmprfwchhhn8"},"id":"v6agqiegjebtbs9","previousOperationId":"qqad76trf9m70t0"}
{"type":"log","timestamp":1663439375307,"level":"debug","message":"Running chrome with params {\"scale\":1,\"displayHeaderFooter\":true,\"headerTemplate\":\"...\",\"footerTemplate\":\"...\",\"printBackground\":true,\"pageRanges\":\"\",\"format\":\"A4\",\"width\":\"\",\"height\":\"\",\"marginTop\":\"350px\",\"marginRight\":\"20px\",\"marginBottom\":\"80px\",\"marginLeft\":\"20px\",\"waitForJS\":false,\"waitForNetworkIddle\":false,\"timeout\":58065,\"waitForNetworkIdle\":false,\"margin\":{\"top\":\"350px\",\"right\":\"20px\",\"bottom\":\"80px\",\"left\":\"20px\"}}","meta":{"rootId":"hozcmprfwchhhn8","id":"hozcmprfwchhhn8"},"id":"pno8wucispmd7ia","previousOperationId":"qqad76trf9m70t0"}
{"type":"log","timestamp":1663439375320,"level":"debug","message":"Page request: GET (font) https://fonts.gstatic.com/s/opensans/v34/memSYaGs126MiZpBA-UvWbX2vVnXBbObj2OVZyOOSr4dVJWUgsiH0B4gaVQUwaEQbjA.woff","meta":{"rootId":"hozcmprfwchhhn8","id":"hozcmprfwchhhn8"},"id":"mie5uyhh38thsl9","previousOperationId":"qqad76trf9m70t0"}
{"type":"operationEnd","operationId":"qqad76trf9m70t0","timestamp":1663439375637,"id":"fkb9nc7esm5qy67","previousEventId":"cmti6d7qlmjdgv1","previousOperationId":"qqad76trf9m70t0"}
{"type":"log","timestamp":1663439375637,"level":"debug","message":"Skipping storing report.","meta":{"rootId":"hozcmprfwchhhn8","id":"hozcmprfwchhhn8"},"id":"govu7xvmm8c9nk5","previousOperationId":"qqad76trf9m70t0"}
{"type":"log","timestamp":1663439375637,"level":"info","message":"Rendering request 1 finished in 5501 ms","meta":{"rootId":"hozcmprfwchhhn8","id":"hozcmprfwchhhn8"},"id":"tmpno2fgh6hm0zp","previousOperationId":"qqad76trf9m70t0"}
{"type":"operationEnd","subtype":"render","operationId":"tik950ahtkr6c3a","timestamp":1663439375638,"id":"ycwjst7cg70u4uf","previousEventId":"fkb9nc7esm5qy67","previousOperationId":"qqad76trf9m70t0"}
{"type":"operationEnd","doDiffs":false,"previousEventId":"0zmii0swk60620u","previousOperationId":"wxqpiipgrnjj5aa","operationId":"wxqpiipgrnjj5aa","timestamp":1663439375644,"id":"h61uqc9bou1kj8q"}
