{"type":"operationStart","subtype":"profile","data":{"_id":"jecBPIGST2QhfjFS","timestamp":"2022-10-02T11:42:43.512Z","state":"queued","mode":"standard","creationDate":"2022-10-02T11:42:43.518Z","modificationDate":"2022-10-02T11:42:43.518Z","shortid":"IthGXJ0","$entitySet":"profiles"},"doDiffs":false,"timestamp":1664710963515,"id":"zuyhie9mp1phvpc","previousOperationId":null,"operationId":"6kz1s7ij7djxzyy"}
{"type":"log","level":"info","message":"Render request 1 queued for execution and waiting for available worker","previousOperationId":"6kz1s7ij7djxzyy","timestamp":1664710963515,"id":"5udctvdo3lkiu6w"}
{"type":"operationStart","subtype":"render","name":"anonymous","previousOperationId":"6kz1s7ij7djxzyy","timestamp":1664710963566,"id":"9nu7bn28vaf1vhb","previousEventId":"zuyhie9mp1phvpc","operationId":"tyb96fl8wivapvp"}
{"type":"log","timestamp":1664710963568,"level":"info","message":"Starting rendering request 1 (user: null)","meta":{"rootId":"hzv5nl2qd8t7co3","id":"hzv5nl2qd8t7co3"},"id":"ltdjdiayxlu8xn8","previousOperationId":"tyb96fl8wivapvp"}
{"type":"log","timestamp":1664710963571,"level":"info","message":"Rendering anonymous template { recipe: chrome-pdf, engine: handlebars }","meta":{"rootId":"hzv5nl2qd8t7co3","id":"hzv5nl2qd8t7co3"},"id":"47gxabowtp4jh0a","previousOperationId":"tyb96fl8wivapvp"}
{"type":"log","timestamp":1664710963572,"level":"debug","message":"Inline data specified.","meta":{"rootId":"hzv5nl2qd8t7co3","id":"hzv5nl2qd8t7co3"},"id":"js5r5krwvuyidm2","previousOperationId":"tyb96fl8wivapvp"}
{"type":"log","timestamp":1664710963579,"level":"debug","message":"Base url not specified, skipping its injection.","meta":{"rootId":"hzv5nl2qd8t7co3","id":"hzv5nl2qd8t7co3"},"id":"yzi36i3b8pce49o","previousOperationId":"tyb96fl8wivapvp"}
{"type":"operationStart","subtype":"engine","name":"handlebars","timestamp":1664710963581,"id":"yycppz3t4h0knht","previousEventId":"9nu7bn28vaf1vhb","operationId":"ltk4vm2dka6km3j","previousOperationId":"tyb96fl8wivapvp"}
{"type":"log","timestamp":1664710963581,"level":"debug","message":"Rendering engine handlebars","meta":{"rootId":"hzv5nl2qd8t7co3","id":"hzv5nl2qd8t7co3"},"id":"vk2qd4xbiq8mnnt","previousOperationId":"ltk4vm2dka6km3j"}
{"type":"operationEnd","operationId":"ltk4vm2dka6km3j","timestamp":1664710964918,"id":"mic3n9ghr1001fn","previousEventId":"yycppz3t4h0knht","previousOperationId":"ltk4vm2dka6km3j"}
{"type":"operationStart","subtype":"recipe","name":"chrome-pdf","timestamp":1664710964919,"id":"b2lbcrw0gcbcgya","previousEventId":"mic3n9ghr1001fn","operationId":"nntmfnbrm9gctxp","previousOperationId":"ltk4vm2dka6km3j"}
{"type":"log","timestamp":1664710964919,"level":"debug","message":"Executing recipe chrome-pdf","meta":{"rootId":"hzv5nl2qd8t7co3","id":"hzv5nl2qd8t7co3"},"id":"rqbveqk50o12ehe","previousOperationId":"nntmfnbrm9gctxp"}
{"type":"log","timestamp":1664710965200,"level":"debug","message":"Starting child request to render pdf header","meta":{"rootId":"hzv5nl2qd8t7co3","id":"hzv5nl2qd8t7co3"},"id":"wsdfchia7gshv1m","previousOperationId":"nntmfnbrm9gctxp"}
{"type":"operationStart","subtype":"render","name":"anonymous","previousOperationId":"nntmfnbrm9gctxp","timestamp":1664710965201,"id":"3ahtx3v0seb3mtf","previousEventId":"b2lbcrw0gcbcgya","operationId":"01v6nh8hynxjhru"}
{"type":"log","timestamp":1664710965206,"level":"info","message":"Starting rendering request 1 (user: null)","meta":{"rootId":"hzv5nl2qd8t7co3","id":"50c6thknexjwwy6"},"id":"quzh2tqb0z93iyx","previousOperationId":"01v6nh8hynxjhru"}
{"type":"log","timestamp":1664710965207,"level":"info","message":"Rendering anonymous template { recipe: html, engine: handlebars }","meta":{"rootId":"hzv5nl2qd8t7co3","id":"50c6thknexjwwy6"},"id":"tbjt1e7edkteoz2","previousOperationId":"01v6nh8hynxjhru"}
{"type":"log","timestamp":1664710965207,"level":"debug","message":"Inline data specified.","meta":{"rootId":"hzv5nl2qd8t7co3","id":"50c6thknexjwwy6"},"id":"pv92lbdrk81ashx","previousOperationId":"01v6nh8hynxjhru"}
{"type":"log","timestamp":1664710965210,"level":"debug","message":"Base url not specified, skipping its injection.","meta":{"rootId":"hzv5nl2qd8t7co3","id":"50c6thknexjwwy6"},"id":"hr8p0e5qb01vcut","previousOperationId":"01v6nh8hynxjhru"}
{"type":"log","timestamp":1664710965221,"level":"debug","message":"Replaced assets [\"./src/reporting/assets/logo.png\"]","meta":{"rootId":"hzv5nl2qd8t7co3","id":"50c6thknexjwwy6"},"id":"glsli1033o4jt7r","previousOperationId":"01v6nh8hynxjhru"}
{"type":"operationStart","subtype":"engine","name":"handlebars","timestamp":1664710965221,"id":"lue68sseiaqks90","previousEventId":"3ahtx3v0seb3mtf","operationId":"9vec4b6jpr6691b","previousOperationId":"01v6nh8hynxjhru"}
{"type":"log","timestamp":1664710965221,"level":"debug","message":"Rendering engine handlebars","meta":{"rootId":"hzv5nl2qd8t7co3","id":"50c6thknexjwwy6"},"id":"7us5nxuvqqx5th0","previousOperationId":"9vec4b6jpr6691b"}
{"type":"operationEnd","operationId":"9vec4b6jpr6691b","timestamp":1664710965263,"id":"g8wxrevlvys7vpn","previousEventId":"lue68sseiaqks90","previousOperationId":"9vec4b6jpr6691b"}
{"type":"operationStart","subtype":"recipe","name":"html","timestamp":1664710965264,"id":"j10a6l61o1ig1jc","previousEventId":"g8wxrevlvys7vpn","operationId":"wibcx13ok3os0r1","previousOperationId":"9vec4b6jpr6691b"}
{"type":"log","timestamp":1664710965264,"level":"debug","message":"Executing recipe html","meta":{"rootId":"hzv5nl2qd8t7co3","id":"50c6thknexjwwy6"},"id":"77fefgo1kio7bzi","previousOperationId":"wibcx13ok3os0r1"}
{"type":"operationEnd","operationId":"wibcx13ok3os0r1","timestamp":1664710965264,"id":"g7ssoeuhoslnjgo","previousEventId":"j10a6l61o1ig1jc","previousOperationId":"wibcx13ok3os0r1"}
{"type":"log","timestamp":1664710965265,"level":"debug","message":"Skipping storing report.","meta":{"rootId":"hzv5nl2qd8t7co3","id":"50c6thknexjwwy6"},"id":"xfp4lstx0kdq2vv","previousOperationId":"wibcx13ok3os0r1"}
{"type":"log","timestamp":1664710965265,"level":"info","message":"Rendering request 1 finished in 1754 ms","meta":{"rootId":"hzv5nl2qd8t7co3","id":"50c6thknexjwwy6"},"id":"8gnv8gjvviliamm","previousOperationId":"wibcx13ok3os0r1"}
{"type":"operationEnd","subtype":"render","operationId":"01v6nh8hynxjhru","timestamp":1664710965266,"id":"yono0jgtxnq3rv7","previousEventId":"g7ssoeuhoslnjgo","previousOperationId":"wibcx13ok3os0r1"}
{"type":"log","timestamp":1664710965266,"level":"debug","message":"Starting child request to render pdf footer","meta":{"rootId":"hzv5nl2qd8t7co3","id":"hzv5nl2qd8t7co3"},"id":"2api4ironycjvcg","previousOperationId":"nntmfnbrm9gctxp"}
{"type":"operationStart","subtype":"render","name":"anonymous","previousOperationId":"nntmfnbrm9gctxp","timestamp":1664710965266,"id":"5qllf7n7r18qupd","previousEventId":"b2lbcrw0gcbcgya","operationId":"wx8ovzjlcqrlqxn"}
{"type":"log","timestamp":1664710965266,"level":"info","message":"Starting rendering request 1 (user: null)","meta":{"rootId":"hzv5nl2qd8t7co3","id":"0jjy47wnbfsasd6"},"id":"a754h0opeufzm78","previousOperationId":"wx8ovzjlcqrlqxn"}
{"type":"log","timestamp":1664710965266,"level":"info","message":"Rendering anonymous template { recipe: html, engine: handlebars }","meta":{"rootId":"hzv5nl2qd8t7co3","id":"0jjy47wnbfsasd6"},"id":"hiki97k7hi1hqbk","previousOperationId":"wx8ovzjlcqrlqxn"}
{"type":"log","timestamp":1664710965267,"level":"debug","message":"Inline data specified.","meta":{"rootId":"hzv5nl2qd8t7co3","id":"0jjy47wnbfsasd6"},"id":"gpbj3cayqh2uara","previousOperationId":"wx8ovzjlcqrlqxn"}
{"type":"log","timestamp":1664710965269,"level":"debug","message":"Base url not specified, skipping its injection.","meta":{"rootId":"hzv5nl2qd8t7co3","id":"0jjy47wnbfsasd6"},"id":"rhpk1u4uhh0uuu6","previousOperationId":"wx8ovzjlcqrlqxn"}
{"type":"operationStart","subtype":"engine","name":"handlebars","timestamp":1664710965269,"id":"qjda9nnl60oyf3h","previousEventId":"5qllf7n7r18qupd","operationId":"5pcsw7oddsr758y","previousOperationId":"wx8ovzjlcqrlqxn"}
{"type":"log","timestamp":1664710965269,"level":"debug","message":"Rendering engine handlebars","meta":{"rootId":"hzv5nl2qd8t7co3","id":"0jjy47wnbfsasd6"},"id":"9szbc4pbx7jqool","previousOperationId":"5pcsw7oddsr758y"}
{"type":"operationEnd","operationId":"5pcsw7oddsr758y","timestamp":1664710965317,"id":"kdr0ofy2biqeuh0","previousEventId":"qjda9nnl60oyf3h","previousOperationId":"5pcsw7oddsr758y"}
{"type":"operationStart","subtype":"recipe","name":"html","timestamp":1664710965317,"id":"qgd6bszung3qxff","previousEventId":"kdr0ofy2biqeuh0","operationId":"13r1ltctcn4oyua","previousOperationId":"5pcsw7oddsr758y"}
{"type":"log","timestamp":1664710965317,"level":"debug","message":"Executing recipe html","meta":{"rootId":"hzv5nl2qd8t7co3","id":"0jjy47wnbfsasd6"},"id":"ez0wr2ah1r4jc03","previousOperationId":"13r1ltctcn4oyua"}
{"type":"operationEnd","operationId":"13r1ltctcn4oyua","timestamp":1664710965317,"id":"ek595jfzfnhue7t","previousEventId":"qgd6bszung3qxff","previousOperationId":"13r1ltctcn4oyua"}
{"type":"log","timestamp":1664710965318,"level":"debug","message":"Skipping storing report.","meta":{"rootId":"hzv5nl2qd8t7co3","id":"0jjy47wnbfsasd6"},"id":"p2xils7obcopico","previousOperationId":"13r1ltctcn4oyua"}
{"type":"log","timestamp":1664710965318,"level":"info","message":"Rendering request 1 finished in 1807 ms","meta":{"rootId":"hzv5nl2qd8t7co3","id":"0jjy47wnbfsasd6"},"id":"jq5cthc39s2t4be","previousOperationId":"13r1ltctcn4oyua"}
{"type":"operationEnd","subtype":"render","operationId":"wx8ovzjlcqrlqxn","timestamp":1664710965318,"id":"mgg18vavuo71ya6","previousEventId":"ek595jfzfnhue7t","previousOperationId":"13r1ltctcn4oyua"}
{"type":"log","timestamp":1664710967049,"level":"debug","message":"Converting with chrome HeadlessChrome/98.0.4758.0 using chrome-pool strategy","meta":{"rootId":"hzv5nl2qd8t7co3","id":"hzv5nl2qd8t7co3"},"id":"g459xdvdqg4xi11","previousOperationId":"nntmfnbrm9gctxp"}
{"type":"log","timestamp":1664710967356,"level":"debug","message":"Page request: GET (document) file:///var/folders/8m/98z140gs3yzbw6jqmpbh8b8m0000gn/T/jsreport/autocleanup/c8869163-7908-441e-8bbd-623c4beee228-chrome-pdf.html","meta":{"rootId":"hzv5nl2qd8t7co3","id":"hzv5nl2qd8t7co3"},"id":"cpyzwb1blomn99d","previousOperationId":"nntmfnbrm9gctxp"}
{"type":"log","timestamp":1664710967375,"level":"debug","message":"Page request finished: GET (document) file:///var/folders/8m/98z140gs3yzbw6jqmpbh8b8m0000gn/T/jsreport/autocleanup/c8869163-7908-441e-8bbd-623c4beee228-chrome-pdf.html","meta":{"rootId":"hzv5nl2qd8t7co3","id":"hzv5nl2qd8t7co3"},"id":"l9wqaqm8z61lbji","previousOperationId":"nntmfnbrm9gctxp"}
{"type":"log","timestamp":1664710967381,"level":"debug","message":"Page request: GET (stylesheet) https://fonts.googleapis.com/css2?family=Montserrat:wght@500&family=Open+Sans:wght@300&display=swap","meta":{"rootId":"hzv5nl2qd8t7co3","id":"hzv5nl2qd8t7co3"},"id":"j8i0psxv48jqvqz","previousOperationId":"nntmfnbrm9gctxp"}
{"type":"log","timestamp":1664710982884,"level":"debug","message":"Page request finished: GET (stylesheet) 200 https://fonts.googleapis.com/css2?family=Montserrat:wght@500&family=Open+Sans:wght@300&display=swap","meta":{"rootId":"hzv5nl2qd8t7co3","id":"hzv5nl2qd8t7co3"},"id":"iu8w7hoof8wzbp1","previousOperationId":"nntmfnbrm9gctxp"}
{"type":"log","timestamp":1664710982984,"level":"debug","message":"Page request: GET (font) https://fonts.gstatic.com/s/opensans/v34/memSYaGs126MiZpBA-UvWbX2vVnXBbObj2OVZyOOSr4dVJWUgsiH0B4gaVQUwaEQbjA.woff","meta":{"rootId":"hzv5nl2qd8t7co3","id":"hzv5nl2qd8t7co3"},"id":"f1xpgra6jsxd4x5","previousOperationId":"nntmfnbrm9gctxp"}
{"type":"log","timestamp":1664710982994,"level":"debug","message":"Running chrome with params {\"scale\":1,\"displayHeaderFooter\":true,\"headerTemplate\":\"...\",\"footerTemplate\":\"...\",\"printBackground\":true,\"pageRanges\":\"\",\"format\":\"A4\",\"width\":\"\",\"height\":\"\",\"marginTop\":\"470px\",\"marginRight\":\"20px\",\"marginBottom\":\"80px\",\"marginLeft\":\"20px\",\"waitForJS\":false,\"waitForNetworkIddle\":false,\"timeout\":58193,\"waitForNetworkIdle\":false,\"margin\":{\"top\":\"470px\",\"right\":\"20px\",\"bottom\":\"80px\",\"left\":\"20px\"}}","meta":{"rootId":"hzv5nl2qd8t7co3","id":"hzv5nl2qd8t7co3"},"id":"txd5r0d4xajt0qh","previousOperationId":"nntmfnbrm9gctxp"}
{"type":"log","timestamp":1664710983084,"level":"debug","message":"Page request: GET (font) https://fonts.gstatic.com/s/opensans/v34/memSYaGs126MiZpBA-UvWbX2vVnXBbObj2OVZyOOSr4dVJWUgsiH0B4gaVQUwaEQbjA.woff","meta":{"rootId":"hzv5nl2qd8t7co3","id":"hzv5nl2qd8t7co3"},"id":"f5vjsdmimw52iu4","previousOperationId":"nntmfnbrm9gctxp"}
{"type":"operationEnd","operationId":"nntmfnbrm9gctxp","timestamp":1664710983554,"id":"3e3gegp8b34hcs0","previousEventId":"b2lbcrw0gcbcgya","previousOperationId":"nntmfnbrm9gctxp"}
{"type":"log","timestamp":1664710983555,"level":"debug","message":"Skipping storing report.","meta":{"rootId":"hzv5nl2qd8t7co3","id":"hzv5nl2qd8t7co3"},"id":"g0fss447k7zzgf5","previousOperationId":"nntmfnbrm9gctxp"}
{"type":"log","timestamp":1664710983555,"level":"info","message":"Rendering request 1 finished in 20044 ms","meta":{"rootId":"hzv5nl2qd8t7co3","id":"hzv5nl2qd8t7co3"},"id":"c9179byynav9c9l","previousOperationId":"nntmfnbrm9gctxp"}
{"type":"operationEnd","subtype":"render","operationId":"tyb96fl8wivapvp","timestamp":1664710983555,"id":"2wghzahe4sk52p0","previousEventId":"3e3gegp8b34hcs0","previousOperationId":"nntmfnbrm9gctxp"}
{"type":"operationEnd","doDiffs":false,"previousEventId":"zuyhie9mp1phvpc","previousOperationId":"6kz1s7ij7djxzyy","operationId":"6kz1s7ij7djxzyy","timestamp":1664710983563,"id":"zrdajibl5v1q0xf"}
