{"type":"operationStart","subtype":"profile","data":{"_id":"KwwGQsNySAnWvyKB","timestamp":"2022-09-17T18:45:01.790Z","state":"queued","mode":"standard","creationDate":"2022-09-17T18:45:01.800Z","modificationDate":"2022-09-17T18:45:01.800Z","shortid":"ZjoA4Cl","$entitySet":"profiles"},"doDiffs":false,"timestamp":1663440301795,"id":"5mujrdt1qirq4m1","previousOperationId":null,"operationId":"c0n8kd8r69200pm"}
{"type":"log","level":"info","message":"Render request 2 queued for execution and waiting for available worker","previousOperationId":"c0n8kd8r69200pm","timestamp":1663440301795,"id":"nwo6ei6nzkyw2al"}
{"type":"operationStart","subtype":"render","name":"anonymous","previousOperationId":"c0n8kd8r69200pm","timestamp":1663440302094,"id":"5ctmu84ajfxevvl","previousEventId":"5mujrdt1qirq4m1","operationId":"0t784t6hlrucfas"}
{"type":"log","timestamp":1663440302150,"level":"info","message":"Starting rendering request 2 (user: null)","meta":{"rootId":"i53moen6rl9zayf","id":"i53moen6rl9zayf"},"id":"1bxe37zziecumw0","previousOperationId":"0t784t6hlrucfas"}
{"type":"log","timestamp":1663440302154,"level":"info","message":"Rendering anonymous template { recipe: chrome-pdf, engine: handlebars }","meta":{"rootId":"i53moen6rl9zayf","id":"i53moen6rl9zayf"},"id":"ddrfmkyzprr8ka8","previousOperationId":"0t784t6hlrucfas"}
{"type":"log","timestamp":1663440302177,"level":"debug","message":"Inline data specified.","meta":{"rootId":"i53moen6rl9zayf","id":"i53moen6rl9zayf"},"id":"gg5bl1bi34ns29g","previousOperationId":"0t784t6hlrucfas"}
{"type":"log","timestamp":1663440302182,"level":"debug","message":"Base url not specified, skipping its injection.","meta":{"rootId":"i53moen6rl9zayf","id":"i53moen6rl9zayf"},"id":"rjisbiwjkoospsg","previousOperationId":"0t784t6hlrucfas"}
{"type":"operationStart","subtype":"engine","name":"handlebars","timestamp":1663440302184,"id":"j75o3q4vori2bg3","previousEventId":"5ctmu84ajfxevvl","operationId":"7pkxsh0jxf9d66i","previousOperationId":"0t784t6hlrucfas"}
{"type":"log","timestamp":1663440302184,"level":"debug","message":"Rendering engine handlebars","meta":{"rootId":"i53moen6rl9zayf","id":"i53moen6rl9zayf"},"id":"zqlur34avsf5nf2","previousOperationId":"7pkxsh0jxf9d66i"}
{"type":"operationEnd","operationId":"7pkxsh0jxf9d66i","timestamp":1663440304288,"id":"gs020rtq19yf6ib","previousEventId":"j75o3q4vori2bg3","previousOperationId":"7pkxsh0jxf9d66i"}
{"type":"operationStart","subtype":"recipe","name":"chrome-pdf","timestamp":1663440304290,"id":"7247x7azst0jv91","previousEventId":"gs020rtq19yf6ib","operationId":"nwaxdkves4q3tmn","previousOperationId":"7pkxsh0jxf9d66i"}
{"type":"log","timestamp":1663440304290,"level":"debug","message":"Executing recipe chrome-pdf","meta":{"rootId":"i53moen6rl9zayf","id":"i53moen6rl9zayf"},"id":"bx44ss3tlg25rsj","previousOperationId":"nwaxdkves4q3tmn"}
{"type":"log","timestamp":1663440304942,"level":"debug","message":"Starting child request to render pdf header","meta":{"rootId":"i53moen6rl9zayf","id":"i53moen6rl9zayf"},"id":"wu8klzq9fjr0bv0","previousOperationId":"nwaxdkves4q3tmn"}
{"type":"operationStart","subtype":"render","name":"anonymous","previousOperationId":"nwaxdkves4q3tmn","timestamp":1663440304943,"id":"ni91cj8naksg4fl","previousEventId":"7247x7azst0jv91","operationId":"awrdt65hzqvqkpu"}
{"type":"log","timestamp":1663440304943,"level":"info","message":"Starting rendering request 2 (user: null)","meta":{"rootId":"i53moen6rl9zayf","id":"wsevoedkitz93fm"},"id":"xn01yulxmcae6lh","previousOperationId":"awrdt65hzqvqkpu"}
{"type":"log","timestamp":1663440304944,"level":"info","message":"Rendering anonymous template { recipe: html, engine: handlebars }","meta":{"rootId":"i53moen6rl9zayf","id":"wsevoedkitz93fm"},"id":"egc952f1fo396dv","previousOperationId":"awrdt65hzqvqkpu"}
{"type":"log","timestamp":1663440304944,"level":"debug","message":"Inline data specified.","meta":{"rootId":"i53moen6rl9zayf","id":"wsevoedkitz93fm"},"id":"6kupissqgpthrp1","previousOperationId":"awrdt65hzqvqkpu"}
{"type":"log","timestamp":1663440304969,"level":"debug","message":"Base url not specified, skipping its injection.","meta":{"rootId":"i53moen6rl9zayf","id":"wsevoedkitz93fm"},"id":"99pxjo4mpgeav7y","previousOperationId":"awrdt65hzqvqkpu"}
{"type":"log","timestamp":1663440305054,"level":"debug","message":"Replaced assets [\"./src/reporting/assets/logo.png\"]","meta":{"rootId":"i53moen6rl9zayf","id":"wsevoedkitz93fm"},"id":"9k4q81amuufb1lr","previousOperationId":"awrdt65hzqvqkpu"}
{"type":"operationStart","subtype":"engine","name":"handlebars","timestamp":1663440305057,"id":"0ll7w4ik4i3dkl3","previousEventId":"ni91cj8naksg4fl","operationId":"9hqxqspk59fh0ze","previousOperationId":"awrdt65hzqvqkpu"}
{"type":"log","timestamp":1663440305057,"level":"debug","message":"Rendering engine handlebars","meta":{"rootId":"i53moen6rl9zayf","id":"wsevoedkitz93fm"},"id":"cxmf7jecoj0kxap","previousOperationId":"9hqxqspk59fh0ze"}
{"type":"operationEnd","operationId":"9hqxqspk59fh0ze","timestamp":1663440305174,"id":"6b12zfl63u6h28n","previousEventId":"0ll7w4ik4i3dkl3","previousOperationId":"9hqxqspk59fh0ze"}
{"type":"operationStart","subtype":"recipe","name":"html","timestamp":1663440305174,"id":"iz2fgs2x3qikg5w","previousEventId":"6b12zfl63u6h28n","operationId":"rmzsg4jge35gwu5","previousOperationId":"9hqxqspk59fh0ze"}
{"type":"log","timestamp":1663440305174,"level":"debug","message":"Executing recipe html","meta":{"rootId":"i53moen6rl9zayf","id":"wsevoedkitz93fm"},"id":"dzf1sxtun5mfe2m","previousOperationId":"rmzsg4jge35gwu5"}
{"type":"operationEnd","operationId":"rmzsg4jge35gwu5","timestamp":1663440305175,"id":"c5c0jkkmuqjmo66","previousEventId":"iz2fgs2x3qikg5w","previousOperationId":"rmzsg4jge35gwu5"}
{"type":"log","timestamp":1663440305177,"level":"debug","message":"Skipping storing report.","meta":{"rootId":"i53moen6rl9zayf","id":"wsevoedkitz93fm"},"id":"3teofslcdsuhjmx","previousOperationId":"rmzsg4jge35gwu5"}
{"type":"log","timestamp":1663440305178,"level":"info","message":"Rendering request 2 finished in 3389 ms","meta":{"rootId":"i53moen6rl9zayf","id":"wsevoedkitz93fm"},"id":"tcmghg6bk56n6lv","previousOperationId":"rmzsg4jge35gwu5"}
{"type":"operationEnd","subtype":"render","operationId":"awrdt65hzqvqkpu","timestamp":1663440305179,"id":"2f7e4a8wffe9k35","previousEventId":"c5c0jkkmuqjmo66","previousOperationId":"rmzsg4jge35gwu5"}
{"type":"log","timestamp":1663440305179,"level":"debug","message":"Starting child request to render pdf footer","meta":{"rootId":"i53moen6rl9zayf","id":"i53moen6rl9zayf"},"id":"9t2d7qeprc5indr","previousOperationId":"nwaxdkves4q3tmn"}
{"type":"operationStart","subtype":"render","name":"anonymous","previousOperationId":"nwaxdkves4q3tmn","timestamp":1663440305179,"id":"0o82pgung8v44jl","previousEventId":"7247x7azst0jv91","operationId":"5yd4srhf1480mss"}
{"type":"log","timestamp":1663440305179,"level":"info","message":"Starting rendering request 2 (user: null)","meta":{"rootId":"i53moen6rl9zayf","id":"m7kgfjbxhx3qk2u"},"id":"g886xsydih1wrc5","previousOperationId":"5yd4srhf1480mss"}
{"type":"log","timestamp":1663440305180,"level":"info","message":"Rendering anonymous template { recipe: html, engine: handlebars }","meta":{"rootId":"i53moen6rl9zayf","id":"m7kgfjbxhx3qk2u"},"id":"1rtvj7xydse8m1g","previousOperationId":"5yd4srhf1480mss"}
{"type":"log","timestamp":1663440305180,"level":"debug","message":"Inline data specified.","meta":{"rootId":"i53moen6rl9zayf","id":"m7kgfjbxhx3qk2u"},"id":"hy315nm6vlu06rf","previousOperationId":"5yd4srhf1480mss"}
{"type":"log","timestamp":1663440305182,"level":"debug","message":"Base url not specified, skipping its injection.","meta":{"rootId":"i53moen6rl9zayf","id":"m7kgfjbxhx3qk2u"},"id":"4nvnj01ka40s76x","previousOperationId":"5yd4srhf1480mss"}
{"type":"operationStart","subtype":"engine","name":"handlebars","timestamp":1663440305183,"id":"w1iu7yp839ju4d8","previousEventId":"0o82pgung8v44jl","operationId":"dakoj6if4s9m0gl","previousOperationId":"5yd4srhf1480mss"}
{"type":"log","timestamp":1663440305183,"level":"debug","message":"Rendering engine handlebars","meta":{"rootId":"i53moen6rl9zayf","id":"m7kgfjbxhx3qk2u"},"id":"pckq1fqomhvr6za","previousOperationId":"dakoj6if4s9m0gl"}
{"type":"operationEnd","operationId":"dakoj6if4s9m0gl","timestamp":1663440305219,"id":"eh2i0m2degu7aj2","previousEventId":"w1iu7yp839ju4d8","previousOperationId":"dakoj6if4s9m0gl"}
{"type":"operationStart","subtype":"recipe","name":"html","timestamp":1663440305219,"id":"ae6fyvvsmtk8aiu","previousEventId":"eh2i0m2degu7aj2","operationId":"iedr05nm60d8mrw","previousOperationId":"dakoj6if4s9m0gl"}
{"type":"log","timestamp":1663440305219,"level":"debug","message":"Executing recipe html","meta":{"rootId":"i53moen6rl9zayf","id":"m7kgfjbxhx3qk2u"},"id":"ybpidcmgj9kr7j2","previousOperationId":"iedr05nm60d8mrw"}
{"type":"operationEnd","operationId":"iedr05nm60d8mrw","timestamp":1663440305219,"id":"qb7hkxzcecxajf9","previousEventId":"ae6fyvvsmtk8aiu","previousOperationId":"iedr05nm60d8mrw"}
{"type":"log","timestamp":1663440305220,"level":"debug","message":"Skipping storing report.","meta":{"rootId":"i53moen6rl9zayf","id":"m7kgfjbxhx3qk2u"},"id":"6z79n84f20ovuuz","previousOperationId":"iedr05nm60d8mrw"}
{"type":"log","timestamp":1663440305220,"level":"info","message":"Rendering request 2 finished in 3431 ms","meta":{"rootId":"i53moen6rl9zayf","id":"m7kgfjbxhx3qk2u"},"id":"5780f7j2nahwy65","previousOperationId":"iedr05nm60d8mrw"}
{"type":"operationEnd","subtype":"render","operationId":"5yd4srhf1480mss","timestamp":1663440305220,"id":"bu56fnkc4nfpy2r","previousEventId":"qb7hkxzcecxajf9","previousOperationId":"iedr05nm60d8mrw"}
{"type":"log","timestamp":1663440307210,"level":"debug","message":"Converting with chrome HeadlessChrome/98.0.4758.0 using chrome-pool strategy","meta":{"rootId":"i53moen6rl9zayf","id":"i53moen6rl9zayf"},"id":"ieu3nsltups3ppx","previousOperationId":"nwaxdkves4q3tmn"}
{"type":"log","timestamp":1663440307562,"level":"debug","message":"Page request: GET (document) file:///var/folders/8m/98z140gs3yzbw6jqmpbh8b8m0000gn/T/jsreport/autocleanup/0f8ab715-e184-438f-89c3-4a46ea407828-chrome-pdf.html","meta":{"rootId":"i53moen6rl9zayf","id":"i53moen6rl9zayf"},"id":"1x7t76kpf0m4rzf","previousOperationId":"nwaxdkves4q3tmn"}
{"type":"log","timestamp":1663440307585,"level":"debug","message":"Page request finished: GET (document) file:///var/folders/8m/98z140gs3yzbw6jqmpbh8b8m0000gn/T/jsreport/autocleanup/0f8ab715-e184-438f-89c3-4a46ea407828-chrome-pdf.html","meta":{"rootId":"i53moen6rl9zayf","id":"i53moen6rl9zayf"},"id":"kgle5jnynl08rcw","previousOperationId":"nwaxdkves4q3tmn"}
{"type":"log","timestamp":1663440307593,"level":"debug","message":"Page request: GET (stylesheet) https://fonts.googleapis.com/css2?family=Montserrat:wght@500&family=Open+Sans:wght@300&display=swap","meta":{"rootId":"i53moen6rl9zayf","id":"i53moen6rl9zayf"},"id":"wlm1m5vpsau0b9k","previousOperationId":"nwaxdkves4q3tmn"}
{"type":"log","timestamp":1663440307843,"level":"debug","message":"Page request finished: GET (stylesheet) 200 https://fonts.googleapis.com/css2?family=Montserrat:wght@500&family=Open+Sans:wght@300&display=swap","meta":{"rootId":"i53moen6rl9zayf","id":"i53moen6rl9zayf"},"id":"usfzn2ye02jv6n2","previousOperationId":"nwaxdkves4q3tmn"}
{"type":"log","timestamp":1663440307887,"level":"debug","message":"Page request: GET (font) https://fonts.gstatic.com/s/opensans/v34/memSYaGs126MiZpBA-UvWbX2vVnXBbObj2OVZyOOSr4dVJWUgsiH0B4gaVQUwaEQbjA.woff","meta":{"rootId":"i53moen6rl9zayf","id":"i53moen6rl9zayf"},"id":"b9zgxg9drvvuxbb","previousOperationId":"nwaxdkves4q3tmn"}
{"type":"log","timestamp":1663440307929,"level":"debug","message":"Running chrome with params {\"scale\":1,\"displayHeaderFooter\":true,\"headerTemplate\":\"...\",\"footerTemplate\":\"...\",\"printBackground\":true,\"pageRanges\":\"\",\"format\":\"A4\",\"width\":\"\",\"height\":\"\",\"marginTop\":\"350px\",\"marginRight\":\"20px\",\"marginBottom\":\"80px\",\"marginLeft\":\"20px\",\"waitForJS\":false,\"waitForNetworkIddle\":false,\"timeout\":56569,\"waitForNetworkIdle\":false,\"margin\":{\"top\":\"350px\",\"right\":\"20px\",\"bottom\":\"80px\",\"left\":\"20px\"}}","meta":{"rootId":"i53moen6rl9zayf","id":"i53moen6rl9zayf"},"id":"x5429qs40cewchp","previousOperationId":"nwaxdkves4q3tmn"}
{"type":"log","timestamp":1663440307934,"level":"debug","message":"Page request: GET (font) https://fonts.gstatic.com/s/opensans/v34/memSYaGs126MiZpBA-UvWbX2vVnXBbObj2OVZyOOSr4dVJWUgsiH0B4gaVQUwaEQbjA.woff","meta":{"rootId":"i53moen6rl9zayf","id":"i53moen6rl9zayf"},"id":"9wyhiodz6dh0yr5","previousOperationId":"nwaxdkves4q3tmn"}
{"type":"operationEnd","operationId":"nwaxdkves4q3tmn","timestamp":1663440308254,"id":"k7l5eyikgzr7x2e","previousEventId":"7247x7azst0jv91","previousOperationId":"nwaxdkves4q3tmn"}
{"type":"log","timestamp":1663440308254,"level":"debug","message":"Skipping storing report.","meta":{"rootId":"i53moen6rl9zayf","id":"i53moen6rl9zayf"},"id":"ykjx48813s4vn4y","previousOperationId":"nwaxdkves4q3tmn"}
{"type":"log","timestamp":1663440308255,"level":"info","message":"Rendering request 2 finished in 6466 ms","meta":{"rootId":"i53moen6rl9zayf","id":"i53moen6rl9zayf"},"id":"67i1fz75xqtar99","previousOperationId":"nwaxdkves4q3tmn"}
{"type":"operationEnd","subtype":"render","operationId":"0t784t6hlrucfas","timestamp":1663440308255,"id":"ne8dyz9r4be7f8c","previousEventId":"k7l5eyikgzr7x2e","previousOperationId":"nwaxdkves4q3tmn"}
{"type":"operationEnd","doDiffs":false,"previousEventId":"5mujrdt1qirq4m1","previousOperationId":"c0n8kd8r69200pm","operationId":"c0n8kd8r69200pm","timestamp":1663440308261,"id":"dgb99eylxlj96e7"}
