{"type":"operationStart","subtype":"profile","data":{"_id":"OvuQLdZcUrNQ3de9","timestamp":"2023-01-29T09:40:55.163Z","state":"queued","mode":"standard","creationDate":"2023-01-29T09:40:55.166Z","modificationDate":"2023-01-29T09:40:55.166Z","shortid":"bA5dtBD","$entitySet":"profiles"},"doDiffs":false,"timestamp":1674985255164,"id":"ae02nk243fqos2o","previousOperationId":null,"operationId":"oul8l9giatvq9z1"}
{"type":"log","level":"info","message":"Render request 2 queued for execution and waiting for available worker","previousOperationId":"oul8l9giatvq9z1","timestamp":1674985255164,"id":"y31c0v2yywtsgtx"}
{"type":"operationStart","subtype":"render","name":"anonymous","previousOperationId":"oul8l9giatvq9z1","timestamp":1674985255181,"id":"g4ladrrgwf8x7qj","previousEventId":"ae02nk243fqos2o","operationId":"zwccxebwjn3z74c"}
{"type":"log","timestamp":1674985255183,"level":"info","message":"Starting rendering request 2 (user: null)","meta":{"rootId":"ibq75ahv4y57yie","id":"ibq75ahv4y57yie"},"id":"bubwj6jfpht0p7k","previousOperationId":"zwccxebwjn3z74c"}
{"type":"log","timestamp":1674985255185,"level":"info","message":"Rendering anonymous template { recipe: chrome-pdf, engine: handlebars }","meta":{"rootId":"ibq75ahv4y57yie","id":"ibq75ahv4y57yie"},"id":"0au2m76kvkykyqi","previousOperationId":"zwccxebwjn3z74c"}
{"type":"log","timestamp":1674985255186,"level":"debug","message":"Inline data specified.","meta":{"rootId":"ibq75ahv4y57yie","id":"ibq75ahv4y57yie"},"id":"n76qr1cuvyzrmvq","previousOperationId":"zwccxebwjn3z74c"}
{"type":"log","timestamp":1674985255188,"level":"debug","message":"Base url not specified, skipping its injection.","meta":{"rootId":"ibq75ahv4y57yie","id":"ibq75ahv4y57yie"},"id":"1fnf56ggff4vs69","previousOperationId":"zwccxebwjn3z74c"}
{"type":"operationStart","subtype":"engine","name":"handlebars","timestamp":1674985255190,"id":"yr9jth53fpph1e4","previousEventId":"g4ladrrgwf8x7qj","operationId":"v4xjxl3mtv6nfyb","previousOperationId":"zwccxebwjn3z74c"}
{"type":"log","timestamp":1674985255190,"level":"debug","message":"Rendering engine handlebars","meta":{"rootId":"ibq75ahv4y57yie","id":"ibq75ahv4y57yie"},"id":"5hecjsfuw8n4y01","previousOperationId":"v4xjxl3mtv6nfyb"}
{"type":"operationEnd","operationId":"v4xjxl3mtv6nfyb","timestamp":1674985256078,"id":"iuq39apfqk1058t","previousEventId":"yr9jth53fpph1e4","previousOperationId":"v4xjxl3mtv6nfyb"}
{"type":"operationStart","subtype":"recipe","name":"chrome-pdf","timestamp":1674985256080,"id":"fknwi4smhv9ub3j","previousEventId":"iuq39apfqk1058t","operationId":"xj6en86lbhbn2dj","previousOperationId":"v4xjxl3mtv6nfyb"}
{"type":"log","timestamp":1674985256080,"level":"debug","message":"Executing recipe chrome-pdf","meta":{"rootId":"ibq75ahv4y57yie","id":"ibq75ahv4y57yie"},"id":"isygt9t1oskuqkq","previousOperationId":"xj6en86lbhbn2dj"}
{"type":"log","timestamp":1674985256296,"level":"debug","message":"Starting child request to render pdf header","meta":{"rootId":"ibq75ahv4y57yie","id":"ibq75ahv4y57yie"},"id":"z02zoipif3001yp","previousOperationId":"xj6en86lbhbn2dj"}
{"type":"operationStart","subtype":"render","name":"anonymous","previousOperationId":"xj6en86lbhbn2dj","timestamp":1674985256297,"id":"uawgdiuctox1t1z","previousEventId":"fknwi4smhv9ub3j","operationId":"lo1ird6bs8nyecy"}
{"type":"log","timestamp":1674985256297,"level":"info","message":"Starting rendering request 2 (user: null)","meta":{"rootId":"ibq75ahv4y57yie","id":"8um3r6rad29ed8l"},"id":"zn4hcpdic5df3za","previousOperationId":"lo1ird6bs8nyecy"}
{"type":"log","timestamp":1674985256297,"level":"info","message":"Rendering anonymous template { recipe: html, engine: handlebars }","meta":{"rootId":"ibq75ahv4y57yie","id":"8um3r6rad29ed8l"},"id":"k881qdavveubsuz","previousOperationId":"lo1ird6bs8nyecy"}
{"type":"log","timestamp":1674985256298,"level":"debug","message":"Inline data specified.","meta":{"rootId":"ibq75ahv4y57yie","id":"8um3r6rad29ed8l"},"id":"hitcfbahuz8bijk","previousOperationId":"lo1ird6bs8nyecy"}
{"type":"log","timestamp":1674985256300,"level":"debug","message":"Base url not specified, skipping its injection.","meta":{"rootId":"ibq75ahv4y57yie","id":"8um3r6rad29ed8l"},"id":"0kdnmega84i46ve","previousOperationId":"lo1ird6bs8nyecy"}
{"type":"log","timestamp":1674985256305,"level":"debug","message":"Replaced assets [\"./src/reporting/assets/logo.png\"]","meta":{"rootId":"ibq75ahv4y57yie","id":"8um3r6rad29ed8l"},"id":"1scqh5us84lhl35","previousOperationId":"lo1ird6bs8nyecy"}
{"type":"operationStart","subtype":"engine","name":"handlebars","timestamp":1674985256306,"id":"hzxeqdgy9zakfo4","previousEventId":"uawgdiuctox1t1z","operationId":"4sy6pphtw50voim","previousOperationId":"lo1ird6bs8nyecy"}
{"type":"log","timestamp":1674985256306,"level":"debug","message":"Rendering engine handlebars","meta":{"rootId":"ibq75ahv4y57yie","id":"8um3r6rad29ed8l"},"id":"nkq4g9n7d6q453j","previousOperationId":"4sy6pphtw50voim"}
{"type":"operationEnd","operationId":"4sy6pphtw50voim","timestamp":1674985256322,"id":"7xci95yvpplfo96","previousEventId":"hzxeqdgy9zakfo4","previousOperationId":"4sy6pphtw50voim"}
{"type":"operationStart","subtype":"recipe","name":"html","timestamp":1674985256322,"id":"oqmx3li299421aa","previousEventId":"7xci95yvpplfo96","operationId":"cavqpz20vwv1mlb","previousOperationId":"4sy6pphtw50voim"}
{"type":"log","timestamp":1674985256322,"level":"debug","message":"Executing recipe html","meta":{"rootId":"ibq75ahv4y57yie","id":"8um3r6rad29ed8l"},"id":"6ufwdgyiseb0067","previousOperationId":"cavqpz20vwv1mlb"}
{"type":"operationEnd","operationId":"cavqpz20vwv1mlb","timestamp":1674985256322,"id":"tmhbcls2zhxuwck","previousEventId":"oqmx3li299421aa","previousOperationId":"cavqpz20vwv1mlb"}
{"type":"log","timestamp":1674985256323,"level":"debug","message":"Skipping storing report.","meta":{"rootId":"ibq75ahv4y57yie","id":"8um3r6rad29ed8l"},"id":"lunlihtcgp5mdsf","previousOperationId":"cavqpz20vwv1mlb"}
{"type":"log","timestamp":1674985256323,"level":"info","message":"Rendering request 2 finished in 1161 ms","meta":{"rootId":"ibq75ahv4y57yie","id":"8um3r6rad29ed8l"},"id":"2bk5rnd8wwqcsjb","previousOperationId":"cavqpz20vwv1mlb"}
{"type":"operationEnd","subtype":"render","operationId":"lo1ird6bs8nyecy","timestamp":1674985256323,"id":"kfeyaxjdkvxuypv","previousEventId":"tmhbcls2zhxuwck","previousOperationId":"cavqpz20vwv1mlb"}
{"type":"log","timestamp":1674985256324,"level":"debug","message":"Starting child request to render pdf footer","meta":{"rootId":"ibq75ahv4y57yie","id":"ibq75ahv4y57yie"},"id":"rccljbsegvhcc6d","previousOperationId":"xj6en86lbhbn2dj"}
{"type":"operationStart","subtype":"render","name":"anonymous","previousOperationId":"xj6en86lbhbn2dj","timestamp":1674985256324,"id":"3ys2nq1c3g7qkrn","previousEventId":"fknwi4smhv9ub3j","operationId":"x4eic23ba3fzg9q"}
{"type":"log","timestamp":1674985256324,"level":"info","message":"Starting rendering request 2 (user: null)","meta":{"rootId":"ibq75ahv4y57yie","id":"e8ddnp36od8ca1v"},"id":"dg0z36p7a90liew","previousOperationId":"x4eic23ba3fzg9q"}
{"type":"log","timestamp":1674985256324,"level":"info","message":"Rendering anonymous template { recipe: html, engine: handlebars }","meta":{"rootId":"ibq75ahv4y57yie","id":"e8ddnp36od8ca1v"},"id":"l8mnm6dk0imh9n9","previousOperationId":"x4eic23ba3fzg9q"}
{"type":"log","timestamp":1674985256324,"level":"debug","message":"Inline data specified.","meta":{"rootId":"ibq75ahv4y57yie","id":"e8ddnp36od8ca1v"},"id":"8qh7hz4wvm3s8zf","previousOperationId":"x4eic23ba3fzg9q"}
{"type":"log","timestamp":1674985256325,"level":"debug","message":"Base url not specified, skipping its injection.","meta":{"rootId":"ibq75ahv4y57yie","id":"e8ddnp36od8ca1v"},"id":"59ypfgobkifvglm","previousOperationId":"x4eic23ba3fzg9q"}
{"type":"operationStart","subtype":"engine","name":"handlebars","timestamp":1674985256326,"id":"y49eko5kacno9a6","previousEventId":"3ys2nq1c3g7qkrn","operationId":"1esyoh8ky5tu341","previousOperationId":"x4eic23ba3fzg9q"}
{"type":"log","timestamp":1674985256326,"level":"debug","message":"Rendering engine handlebars","meta":{"rootId":"ibq75ahv4y57yie","id":"e8ddnp36od8ca1v"},"id":"apkj8sxpmhs3uo9","previousOperationId":"1esyoh8ky5tu341"}
{"type":"operationEnd","operationId":"1esyoh8ky5tu341","timestamp":1674985256342,"id":"pq9gqtdg6olafy8","previousEventId":"y49eko5kacno9a6","previousOperationId":"1esyoh8ky5tu341"}
{"type":"operationStart","subtype":"recipe","name":"html","timestamp":1674985256342,"id":"0s154li5nb1usfo","previousEventId":"pq9gqtdg6olafy8","operationId":"w4xgihbsdzr6v5b","previousOperationId":"1esyoh8ky5tu341"}
{"type":"log","timestamp":1674985256342,"level":"debug","message":"Executing recipe html","meta":{"rootId":"ibq75ahv4y57yie","id":"e8ddnp36od8ca1v"},"id":"viffuqzy7dz3gel","previousOperationId":"w4xgihbsdzr6v5b"}
{"type":"operationEnd","operationId":"w4xgihbsdzr6v5b","timestamp":1674985256342,"id":"7ts29j3lfp9cnc8","previousEventId":"0s154li5nb1usfo","previousOperationId":"w4xgihbsdzr6v5b"}
{"type":"log","timestamp":1674985256342,"level":"debug","message":"Skipping storing report.","meta":{"rootId":"ibq75ahv4y57yie","id":"e8ddnp36od8ca1v"},"id":"bt3h93bo302uku6","previousOperationId":"w4xgihbsdzr6v5b"}
{"type":"log","timestamp":1674985256342,"level":"info","message":"Rendering request 2 finished in 1180 ms","meta":{"rootId":"ibq75ahv4y57yie","id":"e8ddnp36od8ca1v"},"id":"me4z0hbgvo6jrtx","previousOperationId":"w4xgihbsdzr6v5b"}
{"type":"operationEnd","subtype":"render","operationId":"x4eic23ba3fzg9q","timestamp":1674985256342,"id":"8y97k2wufmm2b4m","previousEventId":"7ts29j3lfp9cnc8","previousOperationId":"w4xgihbsdzr6v5b"}
{"type":"log","timestamp":1674985256682,"level":"debug","message":"Converting with chrome HeadlessChrome/98.0.4758.0 using chrome-pool strategy","meta":{"rootId":"ibq75ahv4y57yie","id":"ibq75ahv4y57yie"},"id":"wfnywwtzlaa4gmt","previousOperationId":"xj6en86lbhbn2dj"}
{"type":"log","timestamp":1674985256856,"level":"debug","message":"Page request: GET (document) file:///C:/Users/ADMINI~1/AppData/Local/Temp/jsreport/autocleanup/cdfd7e08-a414-43a4-8a36-bf0f9469d1e4-chrome-pdf.html","meta":{"rootId":"ibq75ahv4y57yie","id":"ibq75ahv4y57yie"},"id":"024andarubxqafq","previousOperationId":"xj6en86lbhbn2dj"}
{"type":"log","timestamp":1674985256871,"level":"debug","message":"Page request finished: GET (document) file:///C:/Users/ADMINI~1/AppData/Local/Temp/jsreport/autocleanup/cdfd7e08-a414-43a4-8a36-bf0f9469d1e4-chrome-pdf.html","meta":{"rootId":"ibq75ahv4y57yie","id":"ibq75ahv4y57yie"},"id":"eboyttadvsoetw5","previousOperationId":"xj6en86lbhbn2dj"}
{"type":"log","timestamp":1674985256873,"level":"debug","message":"Page request: GET (stylesheet) https://fonts.googleapis.com/css2?family=Montserrat:wght@500&family=Open+Sans:wght@300&display=swap","meta":{"rootId":"ibq75ahv4y57yie","id":"ibq75ahv4y57yie"},"id":"evq71z4uk47tzmp","previousOperationId":"xj6en86lbhbn2dj"}
{"type":"log","timestamp":1674985257148,"level":"debug","message":"Page request finished: GET (stylesheet) 200 https://fonts.googleapis.com/css2?family=Montserrat:wght@500&family=Open+Sans:wght@300&display=swap","meta":{"rootId":"ibq75ahv4y57yie","id":"ibq75ahv4y57yie"},"id":"wgvhnu5ybawv5md","previousOperationId":"xj6en86lbhbn2dj"}
{"type":"log","timestamp":1674985257199,"level":"debug","message":"Page request: GET (font) https://fonts.gstatic.com/s/opensans/v34/memSYaGs126MiZpBA-UvWbX2vVnXBbObj2OVZyOOSr4dVJWUgsiH0B4gaVI.woff2","meta":{"rootId":"ibq75ahv4y57yie","id":"ibq75ahv4y57yie"},"id":"qzv9i8p29w19n3s","previousOperationId":"xj6en86lbhbn2dj"}
{"type":"log","timestamp":1674985257201,"level":"debug","message":"Page request: GET (font) https://fonts.gstatic.com/s/opensans/v34/memSYaGs126MiZpBA-UvWbX2vVnXBbObj2OVZyOOSr4dVJWUgsiH0B4gaVI.woff2","meta":{"rootId":"ibq75ahv4y57yie","id":"ibq75ahv4y57yie"},"id":"4owzkit8y2kx10z","previousOperationId":"xj6en86lbhbn2dj"}
{"type":"log","timestamp":1674985257436,"level":"debug","message":"Page request finished: GET (font) 200 https://fonts.gstatic.com/s/opensans/v34/memSYaGs126MiZpBA-UvWbX2vVnXBbObj2OVZyOOSr4dVJWUgsiH0B4gaVI.woff2","meta":{"rootId":"ibq75ahv4y57yie","id":"ibq75ahv4y57yie"},"id":"3p4jjxxhyl5k4tl","previousOperationId":"xj6en86lbhbn2dj"}
{"type":"log","timestamp":1674985257465,"level":"debug","message":"Running chrome with params {\"scale\":1,\"displayHeaderFooter\":true,\"headerTemplate\":\"...\",\"footerTemplate\":\"...\",\"printBackground\":true,\"pageRanges\":\"\",\"format\":\"A4\",\"width\":\"\",\"height\":\"\",\"marginTop\":\"350px\",\"marginRight\":\"20px\",\"marginBottom\":\"80px\",\"marginLeft\":\"20px\",\"waitForJS\":false,\"waitForNetworkIddle\":false,\"timeout\":58820,\"waitForNetworkIdle\":false,\"margin\":{\"top\":\"350px\",\"right\":\"20px\",\"bottom\":\"80px\",\"left\":\"20px\"}}","meta":{"rootId":"ibq75ahv4y57yie","id":"ibq75ahv4y57yie"},"id":"wxopj61oig5z5rw","previousOperationId":"xj6en86lbhbn2dj"}
{"type":"operationEnd","operationId":"xj6en86lbhbn2dj","timestamp":1674985258303,"id":"go9ppq46xogmwlb","previousEventId":"fknwi4smhv9ub3j","previousOperationId":"xj6en86lbhbn2dj"}
{"type":"log","timestamp":1674985258303,"level":"debug","message":"Skipping storing report.","meta":{"rootId":"ibq75ahv4y57yie","id":"ibq75ahv4y57yie"},"id":"fail3suuajxmnl7","previousOperationId":"xj6en86lbhbn2dj"}
{"type":"log","timestamp":1674985258303,"level":"info","message":"Rendering request 2 finished in 3141 ms","meta":{"rootId":"ibq75ahv4y57yie","id":"ibq75ahv4y57yie"},"id":"nj42jd025tg3fp1","previousOperationId":"xj6en86lbhbn2dj"}
{"type":"operationEnd","subtype":"render","operationId":"zwccxebwjn3z74c","timestamp":1674985258303,"id":"qc7a68tsexhu9j3","previousEventId":"go9ppq46xogmwlb","previousOperationId":"xj6en86lbhbn2dj"}
{"type":"operationEnd","doDiffs":false,"previousEventId":"ae02nk243fqos2o","previousOperationId":"oul8l9giatvq9z1","operationId":"oul8l9giatvq9z1","timestamp":1674985258313,"id":"q2a176mohhbzoqf"}
