{"type":"operationStart","subtype":"profile","data":{"_id":"0W3A3HkV2TprTSXj","timestamp":"2022-10-05T20:31:25.015Z","state":"queued","mode":"standard","creationDate":"2022-10-05T20:31:25.022Z","modificationDate":"2022-10-05T20:31:25.022Z","shortid":"02Xuge1","$entitySet":"profiles"},"doDiffs":false,"timestamp":1665001885018,"id":"ag53k9jt8z1fsx4","previousOperationId":null,"operationId":"yeedaqawo79ly85"}
{"type":"log","level":"info","message":"Render request 1 queued for execution and waiting for available worker","previousOperationId":"yeedaqawo79ly85","timestamp":1665001885019,"id":"7unmjw5ivze6zvd"}
{"type":"operationStart","subtype":"render","name":"anonymous","previousOperationId":"yeedaqawo79ly85","timestamp":1665001885100,"id":"s7qgkb3vyjjfokl","previousEventId":"ag53k9jt8z1fsx4","operationId":"l9zen7ja98bhnbr"}
{"type":"log","timestamp":1665001885103,"level":"info","message":"Starting rendering request 1 (user: null)","meta":{"rootId":"j89uaj6yxhpc8nt","id":"j89uaj6yxhpc8nt"},"id":"d81zgcvwwvcfguu","previousOperationId":"l9zen7ja98bhnbr"}
{"type":"log","timestamp":1665001885108,"level":"info","message":"Rendering anonymous template { recipe: chrome-pdf, engine: handlebars }","meta":{"rootId":"j89uaj6yxhpc8nt","id":"j89uaj6yxhpc8nt"},"id":"39ykimjecioth8b","previousOperationId":"l9zen7ja98bhnbr"}
{"type":"log","timestamp":1665001885111,"level":"debug","message":"Inline data specified.","meta":{"rootId":"j89uaj6yxhpc8nt","id":"j89uaj6yxhpc8nt"},"id":"zws38dmqbkpcp7u","previousOperationId":"l9zen7ja98bhnbr"}
{"type":"log","timestamp":1665001885127,"level":"debug","message":"Base url not specified, skipping its injection.","meta":{"rootId":"j89uaj6yxhpc8nt","id":"j89uaj6yxhpc8nt"},"id":"k93udayg58g3puv","previousOperationId":"l9zen7ja98bhnbr"}
{"type":"operationStart","subtype":"engine","name":"handlebars","timestamp":1665001885130,"id":"6sunab673zw4o80","previousEventId":"s7qgkb3vyjjfokl","operationId":"8bcfh81n5y0qrl8","previousOperationId":"l9zen7ja98bhnbr"}
{"type":"log","timestamp":1665001885130,"level":"debug","message":"Rendering engine handlebars","meta":{"rootId":"j89uaj6yxhpc8nt","id":"j89uaj6yxhpc8nt"},"id":"l5crlg4yzi3ee3f","previousOperationId":"8bcfh81n5y0qrl8"}
{"type":"operationEnd","operationId":"8bcfh81n5y0qrl8","timestamp":1665001886831,"id":"6qdtyeqv3pwn7ru","previousEventId":"6sunab673zw4o80","previousOperationId":"8bcfh81n5y0qrl8"}
{"type":"operationStart","subtype":"recipe","name":"chrome-pdf","timestamp":1665001886832,"id":"u1inztxhwj8sj5c","previousEventId":"6qdtyeqv3pwn7ru","operationId":"xft9tqhrff2sd5w","previousOperationId":"8bcfh81n5y0qrl8"}
{"type":"log","timestamp":1665001886832,"level":"debug","message":"Executing recipe chrome-pdf","meta":{"rootId":"j89uaj6yxhpc8nt","id":"j89uaj6yxhpc8nt"},"id":"vopuph055lsoyvk","previousOperationId":"xft9tqhrff2sd5w"}
{"type":"log","timestamp":1665001887068,"level":"debug","message":"Starting child request to render pdf header","meta":{"rootId":"j89uaj6yxhpc8nt","id":"j89uaj6yxhpc8nt"},"id":"1sup5fslpms1tvx","previousOperationId":"xft9tqhrff2sd5w"}
{"type":"operationStart","subtype":"render","name":"anonymous","previousOperationId":"xft9tqhrff2sd5w","timestamp":1665001887069,"id":"zsnya5vdmo1frv6","previousEventId":"u1inztxhwj8sj5c","operationId":"3xs32r4bc4l8yqk"}
{"type":"log","timestamp":1665001887069,"level":"info","message":"Starting rendering request 1 (user: null)","meta":{"rootId":"j89uaj6yxhpc8nt","id":"56tchg1optn3zjj"},"id":"1v41vcf7vqewjiz","previousOperationId":"3xs32r4bc4l8yqk"}
{"type":"log","timestamp":1665001887069,"level":"info","message":"Rendering anonymous template { recipe: html, engine: handlebars }","meta":{"rootId":"j89uaj6yxhpc8nt","id":"56tchg1optn3zjj"},"id":"vejiccike8bra4s","previousOperationId":"3xs32r4bc4l8yqk"}
{"type":"log","timestamp":1665001887070,"level":"debug","message":"Inline data specified.","meta":{"rootId":"j89uaj6yxhpc8nt","id":"56tchg1optn3zjj"},"id":"os8qb0d9tatzlij","previousOperationId":"3xs32r4bc4l8yqk"}
{"type":"log","timestamp":1665001887075,"level":"debug","message":"Base url not specified, skipping its injection.","meta":{"rootId":"j89uaj6yxhpc8nt","id":"56tchg1optn3zjj"},"id":"8c4jthl2v1mxkm0","previousOperationId":"3xs32r4bc4l8yqk"}
{"type":"log","timestamp":1665001887093,"level":"debug","message":"Replaced assets [\"./src/reporting/assets/logo.png\"]","meta":{"rootId":"j89uaj6yxhpc8nt","id":"56tchg1optn3zjj"},"id":"1qodiq350wc2zbh","previousOperationId":"3xs32r4bc4l8yqk"}
{"type":"operationStart","subtype":"engine","name":"handlebars","timestamp":1665001887093,"id":"9h2ngm9ngwgwkdp","previousEventId":"zsnya5vdmo1frv6","operationId":"mszap6sdwccoznv","previousOperationId":"3xs32r4bc4l8yqk"}
{"type":"log","timestamp":1665001887093,"level":"debug","message":"Rendering engine handlebars","meta":{"rootId":"j89uaj6yxhpc8nt","id":"56tchg1optn3zjj"},"id":"yrmhl52axlfyvgw","previousOperationId":"mszap6sdwccoznv"}
{"type":"operationEnd","operationId":"mszap6sdwccoznv","timestamp":1665001887133,"id":"w3dirvl3ggdj2kl","previousEventId":"9h2ngm9ngwgwkdp","previousOperationId":"mszap6sdwccoznv"}
{"type":"operationStart","subtype":"recipe","name":"html","timestamp":1665001887134,"id":"5rqkd0thicj4dao","previousEventId":"w3dirvl3ggdj2kl","operationId":"u0txh10q879mwrl","previousOperationId":"mszap6sdwccoznv"}
{"type":"log","timestamp":1665001887134,"level":"debug","message":"Executing recipe html","meta":{"rootId":"j89uaj6yxhpc8nt","id":"56tchg1optn3zjj"},"id":"m8lfrvkiltniwvz","previousOperationId":"u0txh10q879mwrl"}
{"type":"operationEnd","operationId":"u0txh10q879mwrl","timestamp":1665001887134,"id":"5qrfdx0ur3q89kx","previousEventId":"5rqkd0thicj4dao","previousOperationId":"u0txh10q879mwrl"}
{"type":"log","timestamp":1665001887135,"level":"debug","message":"Skipping storing report.","meta":{"rootId":"j89uaj6yxhpc8nt","id":"56tchg1optn3zjj"},"id":"mrlvoj72klsz3lp","previousOperationId":"u0txh10q879mwrl"}
{"type":"log","timestamp":1665001887139,"level":"info","message":"Rendering request 1 finished in 2125 ms","meta":{"rootId":"j89uaj6yxhpc8nt","id":"56tchg1optn3zjj"},"id":"1aqg1cwzdak7u36","previousOperationId":"u0txh10q879mwrl"}
{"type":"operationEnd","subtype":"render","operationId":"3xs32r4bc4l8yqk","timestamp":1665001887140,"id":"2dsm600k5cimgum","previousEventId":"5qrfdx0ur3q89kx","previousOperationId":"u0txh10q879mwrl"}
{"type":"log","timestamp":1665001887141,"level":"debug","message":"Starting child request to render pdf footer","meta":{"rootId":"j89uaj6yxhpc8nt","id":"j89uaj6yxhpc8nt"},"id":"9l0poa4iot1n4xu","previousOperationId":"xft9tqhrff2sd5w"}
{"type":"operationStart","subtype":"render","name":"anonymous","previousOperationId":"xft9tqhrff2sd5w","timestamp":1665001887142,"id":"qh81fp0qs0dagr0","previousEventId":"u1inztxhwj8sj5c","operationId":"6dhfcrd6pvqp80k"}
{"type":"log","timestamp":1665001887142,"level":"info","message":"Starting rendering request 1 (user: null)","meta":{"rootId":"j89uaj6yxhpc8nt","id":"ao7dor75dzyjynz"},"id":"f732rhrkcs3qbuh","previousOperationId":"6dhfcrd6pvqp80k"}
{"type":"log","timestamp":1665001887143,"level":"info","message":"Rendering anonymous template { recipe: html, engine: handlebars }","meta":{"rootId":"j89uaj6yxhpc8nt","id":"ao7dor75dzyjynz"},"id":"97w1tge390a30bo","previousOperationId":"6dhfcrd6pvqp80k"}
{"type":"log","timestamp":1665001887143,"level":"debug","message":"Inline data specified.","meta":{"rootId":"j89uaj6yxhpc8nt","id":"ao7dor75dzyjynz"},"id":"sjwglcvhu9we7us","previousOperationId":"6dhfcrd6pvqp80k"}
{"type":"log","timestamp":1665001887164,"level":"debug","message":"Base url not specified, skipping its injection.","meta":{"rootId":"j89uaj6yxhpc8nt","id":"ao7dor75dzyjynz"},"id":"wxe7jmgt3yn9fq2","previousOperationId":"6dhfcrd6pvqp80k"}
{"type":"operationStart","subtype":"engine","name":"handlebars","timestamp":1665001887165,"id":"j53g19s99gbll9b","previousEventId":"qh81fp0qs0dagr0","operationId":"fzpnq3shuza5hw9","previousOperationId":"6dhfcrd6pvqp80k"}
{"type":"log","timestamp":1665001887165,"level":"debug","message":"Rendering engine handlebars","meta":{"rootId":"j89uaj6yxhpc8nt","id":"ao7dor75dzyjynz"},"id":"0zebjiywnt82dib","previousOperationId":"fzpnq3shuza5hw9"}
{"type":"operationEnd","operationId":"fzpnq3shuza5hw9","timestamp":1665001887228,"id":"hdztbcwxnwf4ztj","previousEventId":"j53g19s99gbll9b","previousOperationId":"fzpnq3shuza5hw9"}
{"type":"operationStart","subtype":"recipe","name":"html","timestamp":1665001887228,"id":"aqt19mpe0s57274","previousEventId":"hdztbcwxnwf4ztj","operationId":"vdwguglgto7fs7x","previousOperationId":"fzpnq3shuza5hw9"}
{"type":"log","timestamp":1665001887228,"level":"debug","message":"Executing recipe html","meta":{"rootId":"j89uaj6yxhpc8nt","id":"ao7dor75dzyjynz"},"id":"tuyxuxgbkq2e6m8","previousOperationId":"vdwguglgto7fs7x"}
{"type":"operationEnd","operationId":"vdwguglgto7fs7x","timestamp":1665001887228,"id":"zhayay6pgff9hes","previousEventId":"aqt19mpe0s57274","previousOperationId":"vdwguglgto7fs7x"}
{"type":"log","timestamp":1665001887228,"level":"debug","message":"Skipping storing report.","meta":{"rootId":"j89uaj6yxhpc8nt","id":"ao7dor75dzyjynz"},"id":"7gtovk1usebc7b4","previousOperationId":"vdwguglgto7fs7x"}
{"type":"log","timestamp":1665001887228,"level":"info","message":"Rendering request 1 finished in 2214 ms","meta":{"rootId":"j89uaj6yxhpc8nt","id":"ao7dor75dzyjynz"},"id":"9v5rdkgvbt9pmig","previousOperationId":"vdwguglgto7fs7x"}
{"type":"operationEnd","subtype":"render","operationId":"6dhfcrd6pvqp80k","timestamp":1665001887229,"id":"dh0x2tlolqza28w","previousEventId":"zhayay6pgff9hes","previousOperationId":"vdwguglgto7fs7x"}
{"type":"log","timestamp":1665001890166,"level":"debug","message":"Converting with chrome HeadlessChrome/98.0.4758.0 using chrome-pool strategy","meta":{"rootId":"j89uaj6yxhpc8nt","id":"j89uaj6yxhpc8nt"},"id":"fm0u9onaevagx36","previousOperationId":"xft9tqhrff2sd5w"}
{"type":"log","timestamp":1665001890459,"level":"debug","message":"Page request: GET (document) file:///var/folders/8m/98z140gs3yzbw6jqmpbh8b8m0000gn/T/jsreport/autocleanup/645032b2-b04c-415e-9493-cee8da88bf68-chrome-pdf.html","meta":{"rootId":"j89uaj6yxhpc8nt","id":"j89uaj6yxhpc8nt"},"id":"knh7e1wrgg6fzo6","previousOperationId":"xft9tqhrff2sd5w"}
{"type":"log","timestamp":1665001890481,"level":"debug","message":"Page request finished: GET (document) file:///var/folders/8m/98z140gs3yzbw6jqmpbh8b8m0000gn/T/jsreport/autocleanup/645032b2-b04c-415e-9493-cee8da88bf68-chrome-pdf.html","meta":{"rootId":"j89uaj6yxhpc8nt","id":"j89uaj6yxhpc8nt"},"id":"u1lb28vd5getdnx","previousOperationId":"xft9tqhrff2sd5w"}
{"type":"log","timestamp":1665001890488,"level":"debug","message":"Page request: GET (stylesheet) https://fonts.googleapis.com/css2?family=Montserrat:wght@500&family=Open+Sans:wght@300&display=swap","meta":{"rootId":"j89uaj6yxhpc8nt","id":"j89uaj6yxhpc8nt"},"id":"arz9u7vm87yli7t","previousOperationId":"xft9tqhrff2sd5w"}
{"type":"log","timestamp":1665001891261,"level":"debug","message":"Page request finished: GET (stylesheet) 200 https://fonts.googleapis.com/css2?family=Montserrat:wght@500&family=Open+Sans:wght@300&display=swap","meta":{"rootId":"j89uaj6yxhpc8nt","id":"j89uaj6yxhpc8nt"},"id":"31lnql8aie6gg9f","previousOperationId":"xft9tqhrff2sd5w"}
{"type":"log","timestamp":1665001891317,"level":"debug","message":"Page request: GET (font) https://fonts.gstatic.com/s/opensans/v34/memSYaGs126MiZpBA-UvWbX2vVnXBbObj2OVZyOOSr4dVJWUgsiH0B4gaVQUwaEQbjA.woff","meta":{"rootId":"j89uaj6yxhpc8nt","id":"j89uaj6yxhpc8nt"},"id":"pd9etpd35av645b","previousOperationId":"xft9tqhrff2sd5w"}
{"type":"log","timestamp":1665001891326,"level":"debug","message":"Running chrome with params {\"scale\":1,\"displayHeaderFooter\":true,\"headerTemplate\":\"...\",\"footerTemplate\":\"...\",\"printBackground\":true,\"pageRanges\":\"\",\"format\":\"A4\",\"width\":\"\",\"height\":\"\",\"marginTop\":\"470px\",\"marginRight\":\"20px\",\"marginBottom\":\"80px\",\"marginLeft\":\"20px\",\"waitForJS\":false,\"waitForNetworkIddle\":false,\"timeout\":57785,\"waitForNetworkIdle\":false,\"margin\":{\"top\":\"470px\",\"right\":\"20px\",\"bottom\":\"80px\",\"left\":\"20px\"}}","meta":{"rootId":"j89uaj6yxhpc8nt","id":"j89uaj6yxhpc8nt"},"id":"cr2epsmgx841h8l","previousOperationId":"xft9tqhrff2sd5w"}
{"type":"log","timestamp":1665001891331,"level":"debug","message":"Page request: GET (font) https://fonts.gstatic.com/s/opensans/v34/memSYaGs126MiZpBA-UvWbX2vVnXBbObj2OVZyOOSr4dVJWUgsiH0B4gaVQUwaEQbjA.woff","meta":{"rootId":"j89uaj6yxhpc8nt","id":"j89uaj6yxhpc8nt"},"id":"o634w34ctmfjqd1","previousOperationId":"xft9tqhrff2sd5w"}
{"type":"operationEnd","operationId":"xft9tqhrff2sd5w","timestamp":1665001891663,"id":"14mv24b2dcc2er8","previousEventId":"u1inztxhwj8sj5c","previousOperationId":"xft9tqhrff2sd5w"}
{"type":"log","timestamp":1665001891663,"level":"debug","message":"Skipping storing report.","meta":{"rootId":"j89uaj6yxhpc8nt","id":"j89uaj6yxhpc8nt"},"id":"pvmtbovotmlbmwf","previousOperationId":"xft9tqhrff2sd5w"}
{"type":"log","timestamp":1665001891664,"level":"info","message":"Rendering request 1 finished in 6650 ms","meta":{"rootId":"j89uaj6yxhpc8nt","id":"j89uaj6yxhpc8nt"},"id":"obea8672aj31s98","previousOperationId":"xft9tqhrff2sd5w"}
{"type":"operationEnd","subtype":"render","operationId":"l9zen7ja98bhnbr","timestamp":1665001891664,"id":"kjyhn9sw04piscg","previousEventId":"14mv24b2dcc2er8","previousOperationId":"xft9tqhrff2sd5w"}
{"type":"operationEnd","doDiffs":false,"previousEventId":"ag53k9jt8z1fsx4","previousOperationId":"yeedaqawo79ly85","operationId":"yeedaqawo79ly85","timestamp":1665001891669,"id":"a92lg31gckvw1id"}
