{"type":"operationStart","subtype":"profile","data":{"_id":"7aZFVMFnJ6RMY9uB","timestamp":"2022-09-09T20:06:46.896Z","state":"queued","mode":"standard","creationDate":"2022-09-09T20:06:46.900Z","modificationDate":"2022-09-09T20:06:46.900Z","shortid":"o2wwUnu","$entitySet":"profiles"},"doDiffs":false,"timestamp":1662754006898,"id":"7lcfxqd1rz7hxuw","previousOperationId":null,"operationId":"qa0iyntcol5kb1y"}
{"type":"log","level":"info","message":"Render request 2 queued for execution and waiting for available worker","previousOperationId":"qa0iyntcol5kb1y","timestamp":1662754006899,"id":"hwfh2ju7nkb20v8"}
{"type":"operationStart","subtype":"render","name":"anonymous","previousOperationId":"qa0iyntcol5kb1y","timestamp":1662754007047,"id":"av8uhz0s28rln4m","previousEventId":"7lcfxqd1rz7hxuw","operationId":"vml15xqb8jc29qt"}
{"type":"log","timestamp":1662754007050,"level":"info","message":"Starting rendering request 2 (user: null)","meta":{"rootId":"j8dsfhh373wskcc","id":"j8dsfhh373wskcc"},"id":"8e8q63c1t7difrg","previousOperationId":"vml15xqb8jc29qt"}
{"type":"log","timestamp":1662754007053,"level":"info","message":"Rendering anonymous template { recipe: chrome-pdf, engine: handlebars }","meta":{"rootId":"j8dsfhh373wskcc","id":"j8dsfhh373wskcc"},"id":"ts57esoi7dzc6ws","previousOperationId":"vml15xqb8jc29qt"}
{"type":"log","timestamp":1662754007054,"level":"debug","message":"Inline data specified.","meta":{"rootId":"j8dsfhh373wskcc","id":"j8dsfhh373wskcc"},"id":"ol66uwy1b1mjz0h","previousOperationId":"vml15xqb8jc29qt"}
{"type":"log","timestamp":1662754007064,"level":"debug","message":"Base url not specified, skipping its injection.","meta":{"rootId":"j8dsfhh373wskcc","id":"j8dsfhh373wskcc"},"id":"3gdn0aloncw330j","previousOperationId":"vml15xqb8jc29qt"}
{"type":"operationStart","subtype":"engine","name":"handlebars","timestamp":1662754007067,"id":"dfhcooft053prba","previousEventId":"av8uhz0s28rln4m","operationId":"xe18md11md6bp9f","previousOperationId":"vml15xqb8jc29qt"}
{"type":"log","timestamp":1662754007067,"level":"debug","message":"Rendering engine handlebars","meta":{"rootId":"j8dsfhh373wskcc","id":"j8dsfhh373wskcc"},"id":"6g0lf1k7pzpa9ld","previousOperationId":"xe18md11md6bp9f"}
{"type":"operationEnd","operationId":"xe18md11md6bp9f","timestamp":1662754008321,"id":"if4lvdgjwmq929c","previousEventId":"dfhcooft053prba","previousOperationId":"xe18md11md6bp9f"}
{"type":"operationStart","subtype":"recipe","name":"chrome-pdf","timestamp":1662754008322,"id":"i40dc2h2nodn8gl","previousEventId":"if4lvdgjwmq929c","operationId":"g03e6lny2yxwsc4","previousOperationId":"xe18md11md6bp9f"}
{"type":"log","timestamp":1662754008322,"level":"debug","message":"Executing recipe chrome-pdf","meta":{"rootId":"j8dsfhh373wskcc","id":"j8dsfhh373wskcc"},"id":"d2ced2azgb8iw29","previousOperationId":"g03e6lny2yxwsc4"}
{"type":"log","timestamp":1662754008612,"level":"debug","message":"Starting child request to render pdf header","meta":{"rootId":"j8dsfhh373wskcc","id":"j8dsfhh373wskcc"},"id":"cwu3u55d7qdz4hi","previousOperationId":"g03e6lny2yxwsc4"}
{"type":"operationStart","subtype":"render","name":"anonymous","previousOperationId":"g03e6lny2yxwsc4","timestamp":1662754008613,"id":"yxauht35fxcgpin","previousEventId":"i40dc2h2nodn8gl","operationId":"thoj3zafey0fh4b"}
{"type":"log","timestamp":1662754008613,"level":"info","message":"Starting rendering request 2 (user: null)","meta":{"rootId":"j8dsfhh373wskcc","id":"3s61yqi2lvqs7lh"},"id":"zms538gtkrx73yw","previousOperationId":"thoj3zafey0fh4b"}
{"type":"log","timestamp":1662754008613,"level":"info","message":"Rendering anonymous template { recipe: html, engine: handlebars }","meta":{"rootId":"j8dsfhh373wskcc","id":"3s61yqi2lvqs7lh"},"id":"fqv7lll6mp9bfx1","previousOperationId":"thoj3zafey0fh4b"}
{"type":"log","timestamp":1662754008614,"level":"debug","message":"Inline data specified.","meta":{"rootId":"j8dsfhh373wskcc","id":"3s61yqi2lvqs7lh"},"id":"hkzcr8jr6jit8y4","previousOperationId":"thoj3zafey0fh4b"}
{"type":"log","timestamp":1662754008625,"level":"debug","message":"Base url not specified, skipping its injection.","meta":{"rootId":"j8dsfhh373wskcc","id":"3s61yqi2lvqs7lh"},"id":"hafdn4o7ujl2vun","previousOperationId":"thoj3zafey0fh4b"}
{"type":"log","timestamp":1662754008639,"level":"debug","message":"Replaced assets [\"./src/reporting/assets/logo.png\"]","meta":{"rootId":"j8dsfhh373wskcc","id":"3s61yqi2lvqs7lh"},"id":"9tw698ubpambbk0","previousOperationId":"thoj3zafey0fh4b"}
{"type":"operationStart","subtype":"engine","name":"handlebars","timestamp":1662754008640,"id":"jdvpriq9tsuw49t","previousEventId":"yxauht35fxcgpin","operationId":"ovvkwom39ppgdy5","previousOperationId":"thoj3zafey0fh4b"}
{"type":"log","timestamp":1662754008640,"level":"debug","message":"Rendering engine handlebars","meta":{"rootId":"j8dsfhh373wskcc","id":"3s61yqi2lvqs7lh"},"id":"y6mnoyjkr80je6d","previousOperationId":"ovvkwom39ppgdy5"}
{"type":"operationEnd","operationId":"ovvkwom39ppgdy5","timestamp":1662754008681,"id":"dedjhrag9baspqn","previousEventId":"jdvpriq9tsuw49t","previousOperationId":"ovvkwom39ppgdy5"}
{"type":"operationStart","subtype":"recipe","name":"html","timestamp":1662754008681,"id":"olpt2z8m9j1liax","previousEventId":"dedjhrag9baspqn","operationId":"fb5vppzp9737tuk","previousOperationId":"ovvkwom39ppgdy5"}
{"type":"log","timestamp":1662754008681,"level":"debug","message":"Executing recipe html","meta":{"rootId":"j8dsfhh373wskcc","id":"3s61yqi2lvqs7lh"},"id":"v23bfrzsaifkhii","previousOperationId":"fb5vppzp9737tuk"}
{"type":"operationEnd","operationId":"fb5vppzp9737tuk","timestamp":1662754008681,"id":"ydk5d2bry9znvx3","previousEventId":"olpt2z8m9j1liax","previousOperationId":"fb5vppzp9737tuk"}
{"type":"log","timestamp":1662754008683,"level":"debug","message":"Skipping storing report.","meta":{"rootId":"j8dsfhh373wskcc","id":"3s61yqi2lvqs7lh"},"id":"kfk1zeznllvzaa7","previousOperationId":"fb5vppzp9737tuk"}
{"type":"log","timestamp":1662754008684,"level":"info","message":"Rendering request 2 finished in 1789 ms","meta":{"rootId":"j8dsfhh373wskcc","id":"3s61yqi2lvqs7lh"},"id":"sx3z0to74usazfk","previousOperationId":"fb5vppzp9737tuk"}
{"type":"operationEnd","subtype":"render","operationId":"thoj3zafey0fh4b","timestamp":1662754008684,"id":"8tgmca303jf9nfg","previousEventId":"ydk5d2bry9znvx3","previousOperationId":"fb5vppzp9737tuk"}
{"type":"log","timestamp":1662754008684,"level":"debug","message":"Starting child request to render pdf footer","meta":{"rootId":"j8dsfhh373wskcc","id":"j8dsfhh373wskcc"},"id":"juy1aq7pd4heiuh","previousOperationId":"g03e6lny2yxwsc4"}
{"type":"operationStart","subtype":"render","name":"anonymous","previousOperationId":"g03e6lny2yxwsc4","timestamp":1662754008685,"id":"8icbbtsszxxli7t","previousEventId":"i40dc2h2nodn8gl","operationId":"aqbeeu5wmr19zkh"}
{"type":"log","timestamp":1662754008685,"level":"info","message":"Starting rendering request 2 (user: null)","meta":{"rootId":"j8dsfhh373wskcc","id":"dsrjz4pv72zk29o"},"id":"jg8h1filqf7h44n","previousOperationId":"aqbeeu5wmr19zkh"}
{"type":"log","timestamp":1662754008685,"level":"info","message":"Rendering anonymous template { recipe: html, engine: handlebars }","meta":{"rootId":"j8dsfhh373wskcc","id":"dsrjz4pv72zk29o"},"id":"n2zumkfxmxe6srn","previousOperationId":"aqbeeu5wmr19zkh"}
{"type":"log","timestamp":1662754008685,"level":"debug","message":"Inline data specified.","meta":{"rootId":"j8dsfhh373wskcc","id":"dsrjz4pv72zk29o"},"id":"eusqqgxcw6ar9ze","previousOperationId":"aqbeeu5wmr19zkh"}
{"type":"log","timestamp":1662754008693,"level":"debug","message":"Base url not specified, skipping its injection.","meta":{"rootId":"j8dsfhh373wskcc","id":"dsrjz4pv72zk29o"},"id":"3dzd3zay4ufmdeu","previousOperationId":"aqbeeu5wmr19zkh"}
{"type":"operationStart","subtype":"engine","name":"handlebars","timestamp":1662754008694,"id":"zz39ii6njztx3nd","previousEventId":"8icbbtsszxxli7t","operationId":"4vsrjrgf2pasv3u","previousOperationId":"aqbeeu5wmr19zkh"}
{"type":"log","timestamp":1662754008694,"level":"debug","message":"Rendering engine handlebars","meta":{"rootId":"j8dsfhh373wskcc","id":"dsrjz4pv72zk29o"},"id":"igns3zculgl6lm2","previousOperationId":"4vsrjrgf2pasv3u"}
{"type":"operationEnd","operationId":"4vsrjrgf2pasv3u","timestamp":1662754008715,"id":"erdwkyboi9t9am2","previousEventId":"zz39ii6njztx3nd","previousOperationId":"4vsrjrgf2pasv3u"}
{"type":"operationStart","subtype":"recipe","name":"html","timestamp":1662754008716,"id":"chxtag453oa02pv","previousEventId":"erdwkyboi9t9am2","operationId":"o9gi5hi8t0ff81s","previousOperationId":"4vsrjrgf2pasv3u"}
{"type":"log","timestamp":1662754008716,"level":"debug","message":"Executing recipe html","meta":{"rootId":"j8dsfhh373wskcc","id":"dsrjz4pv72zk29o"},"id":"s8drh5q0ojv1iff","previousOperationId":"o9gi5hi8t0ff81s"}
{"type":"operationEnd","operationId":"o9gi5hi8t0ff81s","timestamp":1662754008716,"id":"63ki1no20vavb3d","previousEventId":"chxtag453oa02pv","previousOperationId":"o9gi5hi8t0ff81s"}
{"type":"log","timestamp":1662754008716,"level":"debug","message":"Skipping storing report.","meta":{"rootId":"j8dsfhh373wskcc","id":"dsrjz4pv72zk29o"},"id":"lz62se22103e4zy","previousOperationId":"o9gi5hi8t0ff81s"}
{"type":"log","timestamp":1662754008716,"level":"info","message":"Rendering request 2 finished in 1821 ms","meta":{"rootId":"j8dsfhh373wskcc","id":"dsrjz4pv72zk29o"},"id":"11etrlox5yckdr8","previousOperationId":"o9gi5hi8t0ff81s"}
{"type":"operationEnd","subtype":"render","operationId":"aqbeeu5wmr19zkh","timestamp":1662754008716,"id":"bi5mhvuynwxmkc7","previousEventId":"63ki1no20vavb3d","previousOperationId":"o9gi5hi8t0ff81s"}
{"type":"log","timestamp":1662754010179,"level":"debug","message":"Converting with chrome HeadlessChrome/98.0.4758.0 using chrome-pool strategy","meta":{"rootId":"j8dsfhh373wskcc","id":"j8dsfhh373wskcc"},"id":"z6b040c7cv3lnjz","previousOperationId":"g03e6lny2yxwsc4"}
{"type":"log","timestamp":1662754010801,"level":"debug","message":"Page request: GET (document) file:///var/folders/8m/98z140gs3yzbw6jqmpbh8b8m0000gn/T/jsreport/autocleanup/16e93f02-c75c-4ea9-9900-e60d886646aa-chrome-pdf.html","meta":{"rootId":"j8dsfhh373wskcc","id":"j8dsfhh373wskcc"},"id":"4uyc4m7v1gpdngv","previousOperationId":"g03e6lny2yxwsc4"}
{"type":"log","timestamp":1662754010821,"level":"debug","message":"Page request finished: GET (document) file:///var/folders/8m/98z140gs3yzbw6jqmpbh8b8m0000gn/T/jsreport/autocleanup/16e93f02-c75c-4ea9-9900-e60d886646aa-chrome-pdf.html","meta":{"rootId":"j8dsfhh373wskcc","id":"j8dsfhh373wskcc"},"id":"nl19plo4srchefx","previousOperationId":"g03e6lny2yxwsc4"}
{"type":"log","timestamp":1662754010830,"level":"debug","message":"Page request: GET (stylesheet) https://fonts.googleapis.com/css2?family=Montserrat:wght@500&family=Open+Sans:wght@300&display=swap","meta":{"rootId":"j8dsfhh373wskcc","id":"j8dsfhh373wskcc"},"id":"1c8t8jeozj4q3cy","previousOperationId":"g03e6lny2yxwsc4"}
{"type":"log","timestamp":1662754011155,"level":"debug","message":"Page request finished: GET (stylesheet) 200 https://fonts.googleapis.com/css2?family=Montserrat:wght@500&family=Open+Sans:wght@300&display=swap","meta":{"rootId":"j8dsfhh373wskcc","id":"j8dsfhh373wskcc"},"id":"qlerezx0cgb669y","previousOperationId":"g03e6lny2yxwsc4"}
{"type":"log","timestamp":1662754011206,"level":"debug","message":"Page request: GET (font) https://fonts.gstatic.com/s/opensans/v34/memSYaGs126MiZpBA-UvWbX2vVnXBbObj2OVZyOOSr4dVJWUgsiH0B4gaVQUwaEQbjA.woff","meta":{"rootId":"j8dsfhh373wskcc","id":"j8dsfhh373wskcc"},"id":"pczpas1gbj2h3ni","previousOperationId":"g03e6lny2yxwsc4"}
{"type":"log","timestamp":1662754011207,"level":"debug","message":"Running chrome with params {\"scale\":1,\"displayHeaderFooter\":true,\"headerTemplate\":\"...\",\"footerTemplate\":\"...\",\"printBackground\":true,\"pageRanges\":\"\",\"format\":\"A4\",\"width\":\"\",\"height\":\"\",\"marginTop\":\"350px\",\"marginRight\":\"20px\",\"marginBottom\":\"80px\",\"marginLeft\":\"20px\",\"waitForJS\":false,\"waitForNetworkIddle\":false,\"timeout\":58177,\"waitForNetworkIdle\":false,\"margin\":{\"top\":\"350px\",\"right\":\"20px\",\"bottom\":\"80px\",\"left\":\"20px\"}}","meta":{"rootId":"j8dsfhh373wskcc","id":"j8dsfhh373wskcc"},"id":"0eznjtyhuvkwn9g","previousOperationId":"g03e6lny2yxwsc4"}
{"type":"log","timestamp":1662754011211,"level":"debug","message":"Page request: GET (font) https://fonts.gstatic.com/s/opensans/v34/memSYaGs126MiZpBA-UvWbX2vVnXBbObj2OVZyOOSr4dVJWUgsiH0B4gaVQUwaEQbjA.woff","meta":{"rootId":"j8dsfhh373wskcc","id":"j8dsfhh373wskcc"},"id":"19ezpw9wv71rufd","previousOperationId":"g03e6lny2yxwsc4"}
{"type":"operationEnd","operationId":"g03e6lny2yxwsc4","timestamp":1662754011494,"id":"efh0r0jb5q9q7og","previousEventId":"i40dc2h2nodn8gl","previousOperationId":"g03e6lny2yxwsc4"}
{"type":"log","timestamp":1662754011494,"level":"debug","message":"Skipping storing report.","meta":{"rootId":"j8dsfhh373wskcc","id":"j8dsfhh373wskcc"},"id":"q24f8byah7me0bb","previousOperationId":"g03e6lny2yxwsc4"}
{"type":"log","timestamp":1662754011494,"level":"info","message":"Rendering request 2 finished in 4599 ms","meta":{"rootId":"j8dsfhh373wskcc","id":"j8dsfhh373wskcc"},"id":"9mn2xp42zch988i","previousOperationId":"g03e6lny2yxwsc4"}
{"type":"operationEnd","subtype":"render","operationId":"vml15xqb8jc29qt","timestamp":1662754011494,"id":"m42fuhb4th18weg","previousEventId":"efh0r0jb5q9q7og","previousOperationId":"g03e6lny2yxwsc4"}
{"type":"operationEnd","doDiffs":false,"previousEventId":"7lcfxqd1rz7hxuw","previousOperationId":"qa0iyntcol5kb1y","operationId":"qa0iyntcol5kb1y","timestamp":1662754011499,"id":"6iysnrzisf5egvw"}
