{"type":"operationStart","subtype":"profile","data":{"_id":"5T7IV02IDTHk0ZcE","timestamp":"2022-09-23T16:06:19.444Z","state":"queued","mode":"standard","creationDate":"2022-09-23T16:06:19.454Z","modificationDate":"2022-09-23T16:06:19.454Z","shortid":"btS3Ytv","$entitySet":"profiles"},"doDiffs":false,"timestamp":1663949179449,"id":"oh8e2sniopmlcbe","previousOperationId":null,"operationId":"oxgp5anqxfobghl"}
{"type":"log","level":"info","message":"Render request 1 queued for execution and waiting for available worker","previousOperationId":"oxgp5anqxfobghl","timestamp":1663949179450,"id":"tw1j0e36luuo1rv"}
{"type":"operationStart","subtype":"render","name":"anonymous","previousOperationId":"oxgp5anqxfobghl","timestamp":1663949179498,"id":"gis3sh9oabcv2xo","previousEventId":"oh8e2sniopmlcbe","operationId":"ys2aey53hzx9i9c"}
{"type":"log","timestamp":1663949179500,"level":"info","message":"Starting rendering request 1 (user: null)","meta":{"rootId":"jqjqdsu2xccx8et","id":"jqjqdsu2xccx8et"},"id":"6kactc9uybyla4o","previousOperationId":"ys2aey53hzx9i9c"}
{"type":"log","timestamp":1663949179507,"level":"info","message":"Rendering anonymous template { recipe: chrome-pdf, engine: handlebars }","meta":{"rootId":"jqjqdsu2xccx8et","id":"jqjqdsu2xccx8et"},"id":"75bux4epx27qcb7","previousOperationId":"ys2aey53hzx9i9c"}
{"type":"log","timestamp":1663949179508,"level":"debug","message":"Data item not defined for this template.","meta":{"rootId":"jqjqdsu2xccx8et","id":"jqjqdsu2xccx8et"},"id":"xb9vooslq94xvzo","previousOperationId":"ys2aey53hzx9i9c"}
{"type":"log","timestamp":1663949179520,"level":"debug","message":"Base url not specified, skipping its injection.","meta":{"rootId":"jqjqdsu2xccx8et","id":"jqjqdsu2xccx8et"},"id":"sg2qb4vmxtvxr6g","previousOperationId":"ys2aey53hzx9i9c"}
{"type":"operationStart","subtype":"engine","name":"handlebars","timestamp":1663949179527,"id":"8gbvb3d5kmjta23","previousEventId":"gis3sh9oabcv2xo","operationId":"nxv8hjolrtt4b26","previousOperationId":"ys2aey53hzx9i9c"}
{"type":"log","timestamp":1663949179527,"level":"debug","message":"Rendering engine handlebars","meta":{"rootId":"jqjqdsu2xccx8et","id":"jqjqdsu2xccx8et"},"id":"tq3w9yfy4kziexv","previousOperationId":"nxv8hjolrtt4b26"}
{"type":"operationEnd","operationId":"nxv8hjolrtt4b26","timestamp":1663949181637,"id":"n1sktfl54e1s7o8","previousEventId":"8gbvb3d5kmjta23","previousOperationId":"nxv8hjolrtt4b26"}
{"type":"operationStart","subtype":"recipe","name":"chrome-pdf","timestamp":1663949181638,"id":"224oh5pd3cguv1d","previousEventId":"n1sktfl54e1s7o8","operationId":"ftskyg93dxfbgyf","previousOperationId":"nxv8hjolrtt4b26"}
{"type":"log","timestamp":1663949181638,"level":"debug","message":"Executing recipe chrome-pdf","meta":{"rootId":"jqjqdsu2xccx8et","id":"jqjqdsu2xccx8et"},"id":"qr4ilhj85a9zbsu","previousOperationId":"ftskyg93dxfbgyf"}
{"type":"log","timestamp":1663949181797,"level":"debug","message":"Starting child request to render pdf header","meta":{"rootId":"jqjqdsu2xccx8et","id":"jqjqdsu2xccx8et"},"id":"gsc3destfvucuwn","previousOperationId":"ftskyg93dxfbgyf"}
{"type":"operationStart","subtype":"render","name":"anonymous","previousOperationId":"ftskyg93dxfbgyf","timestamp":1663949181798,"id":"rx4czhdhabv5rky","previousEventId":"224oh5pd3cguv1d","operationId":"4ve04th5s5wqgsp"}
{"type":"log","timestamp":1663949181799,"level":"info","message":"Starting rendering request 1 (user: null)","meta":{"rootId":"jqjqdsu2xccx8et","id":"de5zmo08xqp97w4"},"id":"fb4zgl64807r4af","previousOperationId":"4ve04th5s5wqgsp"}
{"type":"log","timestamp":1663949181799,"level":"info","message":"Rendering anonymous template { recipe: html, engine: handlebars }","meta":{"rootId":"jqjqdsu2xccx8et","id":"de5zmo08xqp97w4"},"id":"guvv68pmyrq89d4","previousOperationId":"4ve04th5s5wqgsp"}
{"type":"log","timestamp":1663949181799,"level":"debug","message":"Data item not defined for this template.","meta":{"rootId":"jqjqdsu2xccx8et","id":"de5zmo08xqp97w4"},"id":"7hmccgvcmahpxnc","previousOperationId":"4ve04th5s5wqgsp"}
{"type":"log","timestamp":1663949181814,"level":"debug","message":"Base url not specified, skipping its injection.","meta":{"rootId":"jqjqdsu2xccx8et","id":"de5zmo08xqp97w4"},"id":"i8328zxvaavn7v1","previousOperationId":"4ve04th5s5wqgsp"}
{"type":"log","timestamp":1663949181841,"level":"debug","message":"Replaced assets [\"./src/reporting/assets/logo.png\"]","meta":{"rootId":"jqjqdsu2xccx8et","id":"de5zmo08xqp97w4"},"id":"o9265mdn9aayefe","previousOperationId":"4ve04th5s5wqgsp"}
{"type":"operationStart","subtype":"engine","name":"handlebars","timestamp":1663949181841,"id":"ft1ehfwo2ii4xih","previousEventId":"rx4czhdhabv5rky","operationId":"4680e3sgrnfodj3","previousOperationId":"4ve04th5s5wqgsp"}
{"type":"log","timestamp":1663949181841,"level":"debug","message":"Rendering engine handlebars","meta":{"rootId":"jqjqdsu2xccx8et","id":"de5zmo08xqp97w4"},"id":"bhwrr9x50zxsdvs","previousOperationId":"4680e3sgrnfodj3"}
{"type":"operationEnd","operationId":"4680e3sgrnfodj3","timestamp":1663949181881,"id":"7bqjgqhcpa5anpn","previousEventId":"ft1ehfwo2ii4xih","previousOperationId":"4680e3sgrnfodj3"}
{"type":"operationStart","subtype":"recipe","name":"html","timestamp":1663949181882,"id":"mpgtbyvs26om2xm","previousEventId":"7bqjgqhcpa5anpn","operationId":"66trii6nmny6fv1","previousOperationId":"4680e3sgrnfodj3"}
{"type":"log","timestamp":1663949181882,"level":"debug","message":"Executing recipe html","meta":{"rootId":"jqjqdsu2xccx8et","id":"de5zmo08xqp97w4"},"id":"m6z6jirpuvi5nfj","previousOperationId":"66trii6nmny6fv1"}
{"type":"operationEnd","operationId":"66trii6nmny6fv1","timestamp":1663949181884,"id":"7gw7uvncphxp26c","previousEventId":"mpgtbyvs26om2xm","previousOperationId":"66trii6nmny6fv1"}
{"type":"log","timestamp":1663949181890,"level":"debug","message":"Skipping storing report.","meta":{"rootId":"jqjqdsu2xccx8et","id":"de5zmo08xqp97w4"},"id":"zgffrn0itrwj54o","previousOperationId":"66trii6nmny6fv1"}
{"type":"log","timestamp":1663949181891,"level":"info","message":"Rendering request 1 finished in 2448 ms","meta":{"rootId":"jqjqdsu2xccx8et","id":"de5zmo08xqp97w4"},"id":"pme86fcxs42bu6u","previousOperationId":"66trii6nmny6fv1"}
{"type":"operationEnd","subtype":"render","operationId":"4ve04th5s5wqgsp","timestamp":1663949181893,"id":"2mz4eavfbb41ll3","previousEventId":"7gw7uvncphxp26c","previousOperationId":"66trii6nmny6fv1"}
{"type":"log","timestamp":1663949181893,"level":"debug","message":"Starting child request to render pdf footer","meta":{"rootId":"jqjqdsu2xccx8et","id":"jqjqdsu2xccx8et"},"id":"fjp3oekox4e34oe","previousOperationId":"ftskyg93dxfbgyf"}
{"type":"operationStart","subtype":"render","name":"anonymous","previousOperationId":"ftskyg93dxfbgyf","timestamp":1663949181894,"id":"lzyr9xgkzcn82pn","previousEventId":"224oh5pd3cguv1d","operationId":"jd6ah6dv9ka7n0g"}
{"type":"log","timestamp":1663949181894,"level":"info","message":"Starting rendering request 1 (user: null)","meta":{"rootId":"jqjqdsu2xccx8et","id":"cr47z7su1kcj6cc"},"id":"67dbptxirrg1wzm","previousOperationId":"jd6ah6dv9ka7n0g"}
{"type":"log","timestamp":1663949181894,"level":"info","message":"Rendering anonymous template { recipe: html, engine: handlebars }","meta":{"rootId":"jqjqdsu2xccx8et","id":"cr47z7su1kcj6cc"},"id":"p92gdn5f3dygr88","previousOperationId":"jd6ah6dv9ka7n0g"}
{"type":"log","timestamp":1663949181894,"level":"debug","message":"Data item not defined for this template.","meta":{"rootId":"jqjqdsu2xccx8et","id":"cr47z7su1kcj6cc"},"id":"uiu2lk9l71d6x90","previousOperationId":"jd6ah6dv9ka7n0g"}
{"type":"log","timestamp":1663949181908,"level":"debug","message":"Base url not specified, skipping its injection.","meta":{"rootId":"jqjqdsu2xccx8et","id":"cr47z7su1kcj6cc"},"id":"q4d0ip3am65v26s","previousOperationId":"jd6ah6dv9ka7n0g"}
{"type":"operationStart","subtype":"engine","name":"handlebars","timestamp":1663949181909,"id":"zg8lmbn3ndr3n4b","previousEventId":"lzyr9xgkzcn82pn","operationId":"vmxxt848hnfo8xz","previousOperationId":"jd6ah6dv9ka7n0g"}
{"type":"log","timestamp":1663949181909,"level":"debug","message":"Rendering engine handlebars","meta":{"rootId":"jqjqdsu2xccx8et","id":"cr47z7su1kcj6cc"},"id":"6o9wjwx476k9cc2","previousOperationId":"vmxxt848hnfo8xz"}
{"type":"operationEnd","operationId":"vmxxt848hnfo8xz","timestamp":1663949181949,"id":"11xi0j0jpy1bkum","previousEventId":"zg8lmbn3ndr3n4b","previousOperationId":"vmxxt848hnfo8xz"}
{"type":"operationStart","subtype":"recipe","name":"html","timestamp":1663949181950,"id":"vfk5n59otg3l1nw","previousEventId":"11xi0j0jpy1bkum","operationId":"x7v800tla6t282d","previousOperationId":"vmxxt848hnfo8xz"}
{"type":"log","timestamp":1663949181950,"level":"debug","message":"Executing recipe html","meta":{"rootId":"jqjqdsu2xccx8et","id":"cr47z7su1kcj6cc"},"id":"5rxaz5np21i5eqw","previousOperationId":"x7v800tla6t282d"}
{"type":"operationEnd","operationId":"x7v800tla6t282d","timestamp":1663949181950,"id":"l7ad8475o3luw02","previousEventId":"vfk5n59otg3l1nw","previousOperationId":"x7v800tla6t282d"}
{"type":"log","timestamp":1663949181950,"level":"debug","message":"Skipping storing report.","meta":{"rootId":"jqjqdsu2xccx8et","id":"cr47z7su1kcj6cc"},"id":"cqhwd43v8owur9b","previousOperationId":"x7v800tla6t282d"}
{"type":"log","timestamp":1663949181951,"level":"info","message":"Rendering request 1 finished in 2508 ms","meta":{"rootId":"jqjqdsu2xccx8et","id":"cr47z7su1kcj6cc"},"id":"ab4z50fth8y2iw0","previousOperationId":"x7v800tla6t282d"}
{"type":"operationEnd","subtype":"render","operationId":"jd6ah6dv9ka7n0g","timestamp":1663949181951,"id":"xci6nu45lz206f6","previousEventId":"l7ad8475o3luw02","previousOperationId":"x7v800tla6t282d"}
{"type":"log","timestamp":1663949184465,"level":"debug","message":"Converting with chrome HeadlessChrome/98.0.4758.0 using chrome-pool strategy","meta":{"rootId":"jqjqdsu2xccx8et","id":"jqjqdsu2xccx8et"},"id":"89nc92wpk26tkqz","previousOperationId":"ftskyg93dxfbgyf"}
{"type":"log","timestamp":1663949184808,"level":"debug","message":"Page request: GET (document) file:///var/folders/8m/98z140gs3yzbw6jqmpbh8b8m0000gn/T/jsreport/autocleanup/748c2742-8b37-4233-8c7f-e3e7ae42c39f-chrome-pdf.html","meta":{"rootId":"jqjqdsu2xccx8et","id":"jqjqdsu2xccx8et"},"id":"9atxjdns04mvry7","previousOperationId":"ftskyg93dxfbgyf"}
{"type":"log","timestamp":1663949184869,"level":"debug","message":"Page request finished: GET (document) file:///var/folders/8m/98z140gs3yzbw6jqmpbh8b8m0000gn/T/jsreport/autocleanup/748c2742-8b37-4233-8c7f-e3e7ae42c39f-chrome-pdf.html","meta":{"rootId":"jqjqdsu2xccx8et","id":"jqjqdsu2xccx8et"},"id":"z7o7jc5lhb9di7n","previousOperationId":"ftskyg93dxfbgyf"}
{"type":"log","timestamp":1663949184880,"level":"debug","message":"Page request: GET (stylesheet) https://fonts.googleapis.com/css2?family=Montserrat:wght@500&family=Open+Sans:wght@300&display=swap","meta":{"rootId":"jqjqdsu2xccx8et","id":"jqjqdsu2xccx8et"},"id":"f1tm01rir6a7oju","previousOperationId":"ftskyg93dxfbgyf"}
{"type":"log","timestamp":1663949185206,"level":"debug","message":"Page request finished: GET (stylesheet) 200 https://fonts.googleapis.com/css2?family=Montserrat:wght@500&family=Open+Sans:wght@300&display=swap","meta":{"rootId":"jqjqdsu2xccx8et","id":"jqjqdsu2xccx8et"},"id":"e16sz8yu6gjok3f","previousOperationId":"ftskyg93dxfbgyf"}
{"type":"log","timestamp":1663949185271,"level":"debug","message":"Page request: GET (font) https://fonts.gstatic.com/s/opensans/v34/memSYaGs126MiZpBA-UvWbX2vVnXBbObj2OVZyOOSr4dVJWUgsiH0B4gaVQUwaEQbjA.woff","meta":{"rootId":"jqjqdsu2xccx8et","id":"jqjqdsu2xccx8et"},"id":"fcm4qwy57z78nd5","previousOperationId":"ftskyg93dxfbgyf"}
{"type":"log","timestamp":1663949185272,"level":"debug","message":"Running chrome with params {\"scale\":1,\"displayHeaderFooter\":true,\"headerTemplate\":\"...\",\"footerTemplate\":\"...\",\"printBackground\":true,\"pageRanges\":\"\",\"format\":\"A4\",\"width\":\"\",\"height\":\"\",\"marginTop\":\"350px\",\"marginRight\":\"20px\",\"marginBottom\":\"80px\",\"marginLeft\":\"20px\",\"waitForJS\":false,\"waitForNetworkIddle\":false,\"timeout\":57492,\"waitForNetworkIdle\":false,\"margin\":{\"top\":\"350px\",\"right\":\"20px\",\"bottom\":\"80px\",\"left\":\"20px\"}}","meta":{"rootId":"jqjqdsu2xccx8et","id":"jqjqdsu2xccx8et"},"id":"v8n8augw8vzl166","previousOperationId":"ftskyg93dxfbgyf"}
{"type":"log","timestamp":1663949185342,"level":"debug","message":"Page request: GET (font) https://fonts.gstatic.com/s/opensans/v34/memSYaGs126MiZpBA-UvWbX2vVnXBbObj2OVZyOOSr4dVJWUgsiH0B4gaVQUwaEQbjA.woff","meta":{"rootId":"jqjqdsu2xccx8et","id":"jqjqdsu2xccx8et"},"id":"znvfg7x4owl7cdf","previousOperationId":"ftskyg93dxfbgyf"}
{"type":"operationEnd","operationId":"ftskyg93dxfbgyf","timestamp":1663949185605,"id":"ozq6ilrpvymt7lf","previousEventId":"224oh5pd3cguv1d","previousOperationId":"ftskyg93dxfbgyf"}
{"type":"log","timestamp":1663949185605,"level":"debug","message":"Skipping storing report.","meta":{"rootId":"jqjqdsu2xccx8et","id":"jqjqdsu2xccx8et"},"id":"tsstsrbi9233u3h","previousOperationId":"ftskyg93dxfbgyf"}
{"type":"log","timestamp":1663949185605,"level":"info","message":"Rendering request 1 finished in 6162 ms","meta":{"rootId":"jqjqdsu2xccx8et","id":"jqjqdsu2xccx8et"},"id":"5ehsmkq9cd97h2t","previousOperationId":"ftskyg93dxfbgyf"}
{"type":"operationEnd","subtype":"render","operationId":"ys2aey53hzx9i9c","timestamp":1663949185605,"id":"euu3zljqbb16b5c","previousEventId":"ozq6ilrpvymt7lf","previousOperationId":"ftskyg93dxfbgyf"}
{"type":"operationEnd","doDiffs":false,"previousEventId":"oh8e2sniopmlcbe","previousOperationId":"oxgp5anqxfobghl","operationId":"oxgp5anqxfobghl","timestamp":1663949185621,"id":"v5lj3f3s6kw2r2y"}
