{"type":"operationStart","subtype":"profile","data":{"_id":"NwajOxrLpOPNhfNI","timestamp":"2023-08-30T13:57:46.057Z","state":"queued","mode":"standard","creationDate":"2023-08-30T13:57:46.061Z","modificationDate":"2023-08-30T13:57:46.061Z","shortid":"j3rjJeo","$entitySet":"profiles"},"doDiffs":false,"timestamp":1693403866059,"id":"70swu9oy5fpklo0","previousOperationId":null,"operationId":"lhe21nwnjrhw2da"}
{"type":"log","level":"info","message":"Render request 1 queued for execution and waiting for available worker","previousOperationId":"lhe21nwnjrhw2da","timestamp":1693403866059,"id":"zc7ea08n4rzevd3"}
{"type":"operationStart","subtype":"render","name":"anonymous","previousOperationId":"lhe21nwnjrhw2da","timestamp":1693403866127,"id":"gzzkms4uonih0yk","previousEventId":"70swu9oy5fpklo0","operationId":"gjs9zhgxupkmlmu"}
{"type":"log","timestamp":1693403866129,"level":"info","message":"Starting rendering request 1","meta":{"rootId":"jrdsi4uvqsubv9g","id":"jrdsi4uvqsubv9g"},"id":"jcgdwwdv9473rxq","previousOperationId":"gjs9zhgxupkmlmu"}
{"type":"log","timestamp":1693403866132,"level":"info","message":"Rendering anonymous template { recipe: chrome-pdf, engine: handlebars }","meta":{"rootId":"jrdsi4uvqsubv9g","id":"jrdsi4uvqsubv9g"},"id":"47w3nr4oryp9g5z","previousOperationId":"gjs9zhgxupkmlmu"}
{"type":"log","timestamp":1693403866133,"level":"debug","message":"Inline data specified.","meta":{"rootId":"jrdsi4uvqsubv9g","id":"jrdsi4uvqsubv9g"},"id":"lkwlrea3i184o26","previousOperationId":"gjs9zhgxupkmlmu"}
{"type":"log","timestamp":1693403866186,"level":"debug","message":"Base url not specified, skipping its injection.","meta":{"rootId":"jrdsi4uvqsubv9g","id":"jrdsi4uvqsubv9g"},"id":"lzj9dywis41wy3s","previousOperationId":"gjs9zhgxupkmlmu"}
{"type":"operationStart","subtype":"engine","name":"handlebars","timestamp":1693403866189,"id":"ebg805b4h9ij1gj","previousEventId":"gzzkms4uonih0yk","operationId":"5b4jkow6l8djid0","previousOperationId":"gjs9zhgxupkmlmu"}
{"type":"log","timestamp":1693403866189,"level":"debug","message":"Rendering engine handlebars","meta":{"rootId":"jrdsi4uvqsubv9g","id":"jrdsi4uvqsubv9g"},"id":"ij6gbxmqu23qupy","previousOperationId":"5b4jkow6l8djid0"}
{"type":"operationEnd","operationId":"5b4jkow6l8djid0","timestamp":1693403867351,"id":"wo7fh7s7grhsw2k","previousEventId":"ebg805b4h9ij1gj","previousOperationId":"5b4jkow6l8djid0"}
{"type":"operationStart","subtype":"recipe","name":"chrome-pdf","timestamp":1693403867353,"id":"j8idnrtj15ytopb","previousEventId":"wo7fh7s7grhsw2k","operationId":"y8gzabteozsttj4","previousOperationId":"5b4jkow6l8djid0"}
{"type":"log","timestamp":1693403867353,"level":"debug","message":"Executing recipe chrome-pdf","meta":{"rootId":"jrdsi4uvqsubv9g","id":"jrdsi4uvqsubv9g"},"id":"hpu62yeq1nmfajm","previousOperationId":"y8gzabteozsttj4"}
{"type":"log","timestamp":1693403867735,"level":"debug","message":"Starting child request to render pdf header","meta":{"rootId":"jrdsi4uvqsubv9g","id":"jrdsi4uvqsubv9g"},"id":"227juy49qmgkr78","previousOperationId":"y8gzabteozsttj4"}
{"type":"operationStart","subtype":"render","name":"anonymous","previousOperationId":"y8gzabteozsttj4","timestamp":1693403867736,"id":"ixp07jhkdsqk24n","previousEventId":"j8idnrtj15ytopb","operationId":"6ymhn0l8q30k5rs"}
{"type":"log","timestamp":1693403867736,"level":"info","message":"Starting rendering (child) request","meta":{"rootId":"jrdsi4uvqsubv9g","id":"yrs03cac4cqx9oa"},"id":"ksofyfivr67en12","previousOperationId":"6ymhn0l8q30k5rs"}
{"type":"log","timestamp":1693403867737,"level":"info","message":"Rendering anonymous template { recipe: html, engine: handlebars }","meta":{"rootId":"jrdsi4uvqsubv9g","id":"yrs03cac4cqx9oa"},"id":"xk8wv8sjlpxcizd","previousOperationId":"6ymhn0l8q30k5rs"}
{"type":"log","timestamp":1693403867737,"level":"debug","message":"Inline data specified.","meta":{"rootId":"jrdsi4uvqsubv9g","id":"yrs03cac4cqx9oa"},"id":"x9ykz1bfmk7nlzj","previousOperationId":"6ymhn0l8q30k5rs"}
{"type":"log","timestamp":1693403867740,"level":"debug","message":"Base url not specified, skipping its injection.","meta":{"rootId":"jrdsi4uvqsubv9g","id":"yrs03cac4cqx9oa"},"id":"d0lt1bcm25adk7l","previousOperationId":"6ymhn0l8q30k5rs"}
{"type":"log","timestamp":1693403867753,"level":"debug","message":"Replaced assets [\"./src/reporting/assets/logo.png\"]","meta":{"rootId":"jrdsi4uvqsubv9g","id":"yrs03cac4cqx9oa"},"id":"w6oxr6k1vdvs5iq","previousOperationId":"6ymhn0l8q30k5rs"}
{"type":"operationStart","subtype":"engine","name":"handlebars","timestamp":1693403867754,"id":"e85xtxrfopi0z54","previousEventId":"ixp07jhkdsqk24n","operationId":"8in15szsr9y7kp9","previousOperationId":"6ymhn0l8q30k5rs"}
{"type":"log","timestamp":1693403867754,"level":"debug","message":"Rendering engine handlebars","meta":{"rootId":"jrdsi4uvqsubv9g","id":"yrs03cac4cqx9oa"},"id":"g80x03mdmrfnyqh","previousOperationId":"8in15szsr9y7kp9"}
{"type":"operationEnd","operationId":"8in15szsr9y7kp9","timestamp":1693403867787,"id":"ex4w8kdnu5ck53v","previousEventId":"e85xtxrfopi0z54","previousOperationId":"8in15szsr9y7kp9"}
{"type":"operationStart","subtype":"recipe","name":"html","timestamp":1693403867787,"id":"dsfq9hxfok2onks","previousEventId":"ex4w8kdnu5ck53v","operationId":"a9cryvc96wq1nl7","previousOperationId":"8in15szsr9y7kp9"}
{"type":"log","timestamp":1693403867787,"level":"debug","message":"Executing recipe html","meta":{"rootId":"jrdsi4uvqsubv9g","id":"yrs03cac4cqx9oa"},"id":"6uuhg6zrrlhadaq","previousOperationId":"a9cryvc96wq1nl7"}
{"type":"operationEnd","operationId":"a9cryvc96wq1nl7","timestamp":1693403867788,"id":"v9x37qxyk03ctqk","previousEventId":"dsfq9hxfok2onks","previousOperationId":"a9cryvc96wq1nl7"}
{"type":"log","timestamp":1693403867788,"level":"debug","message":"Skipping storing report.","meta":{"rootId":"jrdsi4uvqsubv9g","id":"yrs03cac4cqx9oa"},"id":"zkft39ocwr0sdvy","previousOperationId":"a9cryvc96wq1nl7"}
{"type":"log","timestamp":1693403867789,"level":"info","message":"Rendering (child) request finished in 1737 ms","meta":{"rootId":"jrdsi4uvqsubv9g","id":"yrs03cac4cqx9oa"},"id":"hhibt3lwwiql3dk","previousOperationId":"a9cryvc96wq1nl7"}
{"type":"operationEnd","subtype":"render","operationId":"6ymhn0l8q30k5rs","timestamp":1693403867789,"id":"kbvq4rhrz98wndr","previousEventId":"v9x37qxyk03ctqk","previousOperationId":"a9cryvc96wq1nl7"}
{"type":"log","timestamp":1693403867789,"level":"debug","message":"Starting child request to render pdf footer","meta":{"rootId":"jrdsi4uvqsubv9g","id":"jrdsi4uvqsubv9g"},"id":"yvmxedazt8fvidn","previousOperationId":"y8gzabteozsttj4"}
{"type":"operationStart","subtype":"render","name":"anonymous","previousOperationId":"y8gzabteozsttj4","timestamp":1693403867789,"id":"y7ukxmayy6mhqk4","previousEventId":"j8idnrtj15ytopb","operationId":"bdjmx58cqo1pkco"}
{"type":"log","timestamp":1693403867789,"level":"info","message":"Starting rendering (child) request","meta":{"rootId":"jrdsi4uvqsubv9g","id":"9xkxmwd3xdhlxfk"},"id":"z0zwkwhv11zfv1f","previousOperationId":"bdjmx58cqo1pkco"}
{"type":"log","timestamp":1693403867789,"level":"info","message":"Rendering anonymous template { recipe: html, engine: handlebars }","meta":{"rootId":"jrdsi4uvqsubv9g","id":"9xkxmwd3xdhlxfk"},"id":"kwze3ew4etgtny1","previousOperationId":"bdjmx58cqo1pkco"}
{"type":"log","timestamp":1693403867790,"level":"debug","message":"Inline data specified.","meta":{"rootId":"jrdsi4uvqsubv9g","id":"9xkxmwd3xdhlxfk"},"id":"iuuomx5y40br2z1","previousOperationId":"bdjmx58cqo1pkco"}
{"type":"log","timestamp":1693403867794,"level":"debug","message":"Base url not specified, skipping its injection.","meta":{"rootId":"jrdsi4uvqsubv9g","id":"9xkxmwd3xdhlxfk"},"id":"e7cl5dc03f4fb3y","previousOperationId":"bdjmx58cqo1pkco"}
{"type":"operationStart","subtype":"engine","name":"handlebars","timestamp":1693403867795,"id":"3r5615l47ssy58o","previousEventId":"y7ukxmayy6mhqk4","operationId":"qdchcn10qe3pzmz","previousOperationId":"bdjmx58cqo1pkco"}
{"type":"log","timestamp":1693403867795,"level":"debug","message":"Rendering engine handlebars","meta":{"rootId":"jrdsi4uvqsubv9g","id":"9xkxmwd3xdhlxfk"},"id":"lypqmg37tb73y4s","previousOperationId":"qdchcn10qe3pzmz"}
{"type":"operationEnd","operationId":"qdchcn10qe3pzmz","timestamp":1693403867831,"id":"qzymytwh462pr9n","previousEventId":"3r5615l47ssy58o","previousOperationId":"qdchcn10qe3pzmz"}
{"type":"operationStart","subtype":"recipe","name":"html","timestamp":1693403867832,"id":"w2we9g3qfzoyxwj","previousEventId":"qzymytwh462pr9n","operationId":"1vc0k5zhwn13f92","previousOperationId":"qdchcn10qe3pzmz"}
{"type":"log","timestamp":1693403867832,"level":"debug","message":"Executing recipe html","meta":{"rootId":"jrdsi4uvqsubv9g","id":"9xkxmwd3xdhlxfk"},"id":"12su8xawef6igao","previousOperationId":"1vc0k5zhwn13f92"}
{"type":"operationEnd","operationId":"1vc0k5zhwn13f92","timestamp":1693403867832,"id":"gil3zztommek3jq","previousEventId":"w2we9g3qfzoyxwj","previousOperationId":"1vc0k5zhwn13f92"}
{"type":"log","timestamp":1693403867832,"level":"debug","message":"Skipping storing report.","meta":{"rootId":"jrdsi4uvqsubv9g","id":"9xkxmwd3xdhlxfk"},"id":"je6haqqkou4ffwp","previousOperationId":"1vc0k5zhwn13f92"}
{"type":"log","timestamp":1693403867832,"level":"info","message":"Rendering (child) request finished in 1780 ms","meta":{"rootId":"jrdsi4uvqsubv9g","id":"9xkxmwd3xdhlxfk"},"id":"9pdofzhpwu3pa18","previousOperationId":"1vc0k5zhwn13f92"}
{"type":"operationEnd","subtype":"render","operationId":"bdjmx58cqo1pkco","timestamp":1693403867832,"id":"vqsr1e2ax950blu","previousEventId":"gil3zztommek3jq","previousOperationId":"1vc0k5zhwn13f92"}
{"type":"log","timestamp":1693403869731,"level":"debug","message":"Converting with chrome HeadlessChrome/105.0.5173.0 using chrome-pool strategy","meta":{"rootId":"jrdsi4uvqsubv9g","id":"jrdsi4uvqsubv9g"},"id":"ld6o7swej76qeiw","previousOperationId":"y8gzabteozsttj4"}
{"type":"log","timestamp":1693403870085,"level":"debug","message":"Page request: GET (document) file:///C:/Users/ADMINI~1/AppData/Local/Temp/jsreport/autocleanup/b27b1f34-f0dd-4dab-b356-913ae2a02f64-chrome-pdf.html","meta":{"rootId":"jrdsi4uvqsubv9g","id":"jrdsi4uvqsubv9g"},"id":"6iyqnrprcgkcb70","previousOperationId":"y8gzabteozsttj4"}
{"type":"log","timestamp":1693403870124,"level":"debug","message":"Page request finished: GET (document) 200 file:///C:/Users/ADMINI~1/AppData/Local/Temp/jsreport/autocleanup/b27b1f34-f0dd-4dab-b356-913ae2a02f64-chrome-pdf.html","meta":{"rootId":"jrdsi4uvqsubv9g","id":"jrdsi4uvqsubv9g"},"id":"gb598bcow9h1im9","previousOperationId":"y8gzabteozsttj4"}
{"type":"log","timestamp":1693403870132,"level":"debug","message":"Page request: GET (stylesheet) https://fonts.googleapis.com/css2?family=Montserrat:wght@500&family=Open+Sans:wght@300&display=swap","meta":{"rootId":"jrdsi4uvqsubv9g","id":"jrdsi4uvqsubv9g"},"id":"qsnp8z1duku3gy6","previousOperationId":"y8gzabteozsttj4"}
{"type":"log","timestamp":1693403870492,"level":"debug","message":"Page request finished: GET (stylesheet) 200 https://fonts.googleapis.com/css2?family=Montserrat:wght@500&family=Open+Sans:wght@300&display=swap","meta":{"rootId":"jrdsi4uvqsubv9g","id":"jrdsi4uvqsubv9g"},"id":"vi3kdhrfg0kry6i","previousOperationId":"y8gzabteozsttj4"}
{"type":"log","timestamp":1693403870553,"level":"debug","message":"Page request: GET (font) https://fonts.gstatic.com/s/opensans/v35/memSYaGs126MiZpBA-UvWbX2vVnXBbObj2OVZyOOSr4dVJWUgsiH0B4gaVI.woff2","meta":{"rootId":"jrdsi4uvqsubv9g","id":"jrdsi4uvqsubv9g"},"id":"thcyhytfuhlh18u","previousOperationId":"y8gzabteozsttj4"}
{"type":"log","timestamp":1693403870558,"level":"debug","message":"Page request: GET (font) https://fonts.gstatic.com/s/opensans/v35/memSYaGs126MiZpBA-UvWbX2vVnXBbObj2OVZyOOSr4dVJWUgsiH0B4gaVI.woff2","meta":{"rootId":"jrdsi4uvqsubv9g","id":"jrdsi4uvqsubv9g"},"id":"d2h20v8jol7myom","previousOperationId":"y8gzabteozsttj4"}
{"type":"log","timestamp":1693403870798,"level":"debug","message":"Page request finished: GET (font) 200 https://fonts.gstatic.com/s/opensans/v35/memSYaGs126MiZpBA-UvWbX2vVnXBbObj2OVZyOOSr4dVJWUgsiH0B4gaVI.woff2","meta":{"rootId":"jrdsi4uvqsubv9g","id":"jrdsi4uvqsubv9g"},"id":"5k28x4eqcoczpuq","previousOperationId":"y8gzabteozsttj4"}
{"type":"log","timestamp":1693403870824,"level":"debug","message":"Running chrome with params {\"scale\":1,\"displayHeaderFooter\":true,\"headerTemplate\":\"...\",\"footerTemplate\":\"...\",\"printBackground\":true,\"pageRanges\":\"\",\"format\":\"A4\",\"width\":\"\",\"height\":\"\",\"marginTop\":\"470px\",\"marginRight\":\"20px\",\"marginBottom\":\"80px\",\"marginLeft\":\"20px\",\"waitForJS\":false,\"waitForNetworkIddle\":false,\"timeout\":58219,\"waitForNetworkIdle\":false,\"margin\":{\"top\":\"470px\",\"right\":\"20px\",\"bottom\":\"80px\",\"left\":\"20px\"}}","meta":{"rootId":"jrdsi4uvqsubv9g","id":"jrdsi4uvqsubv9g"},"id":"iqbw3lihpluot47","previousOperationId":"y8gzabteozsttj4"}
{"type":"operationEnd","operationId":"y8gzabteozsttj4","timestamp":1693403872055,"id":"fiybprfkmzofyed","previousEventId":"j8idnrtj15ytopb","previousOperationId":"y8gzabteozsttj4"}
{"type":"log","timestamp":1693403872056,"level":"debug","message":"Skipping storing report.","meta":{"rootId":"jrdsi4uvqsubv9g","id":"jrdsi4uvqsubv9g"},"id":"uynotz9fc9wk8h2","previousOperationId":"y8gzabteozsttj4"}
{"type":"log","timestamp":1693403872056,"level":"info","message":"Rendering request 1 finished in 6004 ms","meta":{"rootId":"jrdsi4uvqsubv9g","id":"jrdsi4uvqsubv9g"},"id":"xky6pcap4j4fh9g","previousOperationId":"y8gzabteozsttj4"}
{"type":"operationEnd","subtype":"render","operationId":"gjs9zhgxupkmlmu","timestamp":1693403872056,"id":"dq1ihvlj9y574zg","previousEventId":"fiybprfkmzofyed","previousOperationId":"y8gzabteozsttj4"}
{"type":"operationEnd","doDiffs":false,"previousEventId":"70swu9oy5fpklo0","previousOperationId":"lhe21nwnjrhw2da","operationId":"lhe21nwnjrhw2da","timestamp":1693403872067,"id":"fmbowyeynw8d5at"}
