{"type":"operationStart","subtype":"profile","data":{"_id":"ekup2XHhfNfDEJWY","timestamp":"2022-09-17T18:06:37.106Z","state":"queued","mode":"standard","creationDate":"2022-09-17T18:06:37.111Z","modificationDate":"2022-09-17T18:06:37.111Z","shortid":"O7sfCzl","$entitySet":"profiles"},"doDiffs":false,"timestamp":1663437997108,"id":"btl0m51n668yw80","previousOperationId":null,"operationId":"i9mkw0pxrjpw8sg"}
{"type":"log","level":"info","message":"Render request 1 queued for execution and waiting for available worker","previousOperationId":"i9mkw0pxrjpw8sg","timestamp":1663437997109,"id":"gkwbvmmymvyk6w5"}
{"type":"operationStart","subtype":"render","name":"anonymous","previousOperationId":"i9mkw0pxrjpw8sg","timestamp":1663437997133,"id":"25lz7h4bptc3ek8","previousEventId":"btl0m51n668yw80","operationId":"6q0npsq7a0fuinw"}
{"type":"log","timestamp":1663437997134,"level":"info","message":"Starting rendering request 1 (user: null)","meta":{"rootId":"jrwwefy0y6l4qjk","id":"jrwwefy0y6l4qjk"},"id":"txm8gdgtyv6sduk","previousOperationId":"6q0npsq7a0fuinw"}
{"type":"log","timestamp":1663437997137,"level":"info","message":"Rendering anonymous template { recipe: chrome-pdf, engine: handlebars }","meta":{"rootId":"jrwwefy0y6l4qjk","id":"jrwwefy0y6l4qjk"},"id":"hp17hcaoni78e91","previousOperationId":"6q0npsq7a0fuinw"}
{"type":"log","timestamp":1663437997138,"level":"debug","message":"Inline data specified.","meta":{"rootId":"jrwwefy0y6l4qjk","id":"jrwwefy0y6l4qjk"},"id":"do1g7tqefmvmez0","previousOperationId":"6q0npsq7a0fuinw"}
{"type":"log","timestamp":1663437997143,"level":"debug","message":"Base url not specified, skipping its injection.","meta":{"rootId":"jrwwefy0y6l4qjk","id":"jrwwefy0y6l4qjk"},"id":"7gotu8e2rrd7u1c","previousOperationId":"6q0npsq7a0fuinw"}
{"type":"operationStart","subtype":"engine","name":"handlebars","timestamp":1663437997145,"id":"5s78x4oggi56o7e","previousEventId":"25lz7h4bptc3ek8","operationId":"dryvhusq6xmz6jm","previousOperationId":"6q0npsq7a0fuinw"}
{"type":"log","timestamp":1663437997145,"level":"debug","message":"Rendering engine handlebars","meta":{"rootId":"jrwwefy0y6l4qjk","id":"jrwwefy0y6l4qjk"},"id":"bve3nghpnys2n9l","previousOperationId":"dryvhusq6xmz6jm"}
{"type":"operationEnd","operationId":"dryvhusq6xmz6jm","timestamp":1663437998184,"id":"uviq5y1tdwny87c","previousEventId":"5s78x4oggi56o7e","previousOperationId":"dryvhusq6xmz6jm"}
{"type":"operationStart","subtype":"recipe","name":"chrome-pdf","timestamp":1663437998185,"id":"t7epj3067ky5g6t","previousEventId":"uviq5y1tdwny87c","operationId":"6tdpo8ltk08cmjs","previousOperationId":"dryvhusq6xmz6jm"}
{"type":"log","timestamp":1663437998185,"level":"debug","message":"Executing recipe chrome-pdf","meta":{"rootId":"jrwwefy0y6l4qjk","id":"jrwwefy0y6l4qjk"},"id":"lned898bsngmvcq","previousOperationId":"6tdpo8ltk08cmjs"}
{"type":"log","timestamp":1663437998315,"level":"debug","message":"Starting child request to render pdf header","meta":{"rootId":"jrwwefy0y6l4qjk","id":"jrwwefy0y6l4qjk"},"id":"buhzkujypoiczjg","previousOperationId":"6tdpo8ltk08cmjs"}
{"type":"operationStart","subtype":"render","name":"anonymous","previousOperationId":"6tdpo8ltk08cmjs","timestamp":1663437998316,"id":"pgce8t6v4tjebjo","previousEventId":"t7epj3067ky5g6t","operationId":"2h63uoqnbme2e2t"}
{"type":"log","timestamp":1663437998316,"level":"info","message":"Starting rendering request 1 (user: null)","meta":{"rootId":"jrwwefy0y6l4qjk","id":"7qqil8c2q0qljzn"},"id":"cj4rlpolsimtyh2","previousOperationId":"2h63uoqnbme2e2t"}
{"type":"log","timestamp":1663437998316,"level":"info","message":"Rendering anonymous template { recipe: html, engine: handlebars }","meta":{"rootId":"jrwwefy0y6l4qjk","id":"7qqil8c2q0qljzn"},"id":"111kci2zsqwjvma","previousOperationId":"2h63uoqnbme2e2t"}
{"type":"log","timestamp":1663437998316,"level":"debug","message":"Inline data specified.","meta":{"rootId":"jrwwefy0y6l4qjk","id":"7qqil8c2q0qljzn"},"id":"m1xpvkn8zghygdw","previousOperationId":"2h63uoqnbme2e2t"}
{"type":"log","timestamp":1663437998319,"level":"debug","message":"Base url not specified, skipping its injection.","meta":{"rootId":"jrwwefy0y6l4qjk","id":"7qqil8c2q0qljzn"},"id":"q8ojhyg4xxx7rq1","previousOperationId":"2h63uoqnbme2e2t"}
{"type":"log","timestamp":1663437998334,"level":"debug","message":"Replaced assets [\"./src/reporting/assets/logo.png\"]","meta":{"rootId":"jrwwefy0y6l4qjk","id":"7qqil8c2q0qljzn"},"id":"kzwcwvwqd59jevv","previousOperationId":"2h63uoqnbme2e2t"}
{"type":"operationStart","subtype":"engine","name":"handlebars","timestamp":1663437998334,"id":"2zcblb7uol89mi5","previousEventId":"pgce8t6v4tjebjo","operationId":"3684nxi9lj3uynw","previousOperationId":"2h63uoqnbme2e2t"}
{"type":"log","timestamp":1663437998334,"level":"debug","message":"Rendering engine handlebars","meta":{"rootId":"jrwwefy0y6l4qjk","id":"7qqil8c2q0qljzn"},"id":"lvf82gqs1jrbpln","previousOperationId":"3684nxi9lj3uynw"}
{"type":"operationEnd","operationId":"3684nxi9lj3uynw","timestamp":1663437998358,"id":"s97nx5ttvqtqtqa","previousEventId":"2zcblb7uol89mi5","previousOperationId":"3684nxi9lj3uynw"}
{"type":"operationStart","subtype":"recipe","name":"html","timestamp":1663437998358,"id":"r99gops97623v3m","previousEventId":"s97nx5ttvqtqtqa","operationId":"5cp74tejxio7dyn","previousOperationId":"3684nxi9lj3uynw"}
{"type":"log","timestamp":1663437998358,"level":"debug","message":"Executing recipe html","meta":{"rootId":"jrwwefy0y6l4qjk","id":"7qqil8c2q0qljzn"},"id":"jhbjeh80t8h6asl","previousOperationId":"5cp74tejxio7dyn"}
{"type":"operationEnd","operationId":"5cp74tejxio7dyn","timestamp":1663437998358,"id":"j42k6nh1sdcqh76","previousEventId":"r99gops97623v3m","previousOperationId":"5cp74tejxio7dyn"}
{"type":"log","timestamp":1663437998360,"level":"debug","message":"Skipping storing report.","meta":{"rootId":"jrwwefy0y6l4qjk","id":"7qqil8c2q0qljzn"},"id":"011r5e8tu97285e","previousOperationId":"5cp74tejxio7dyn"}
{"type":"log","timestamp":1663437998360,"level":"info","message":"Rendering request 1 finished in 1255 ms","meta":{"rootId":"jrwwefy0y6l4qjk","id":"7qqil8c2q0qljzn"},"id":"adlr84f0l4ekx09","previousOperationId":"5cp74tejxio7dyn"}
{"type":"operationEnd","subtype":"render","operationId":"2h63uoqnbme2e2t","timestamp":1663437998360,"id":"17fah88rjxiruat","previousEventId":"j42k6nh1sdcqh76","previousOperationId":"5cp74tejxio7dyn"}
{"type":"log","timestamp":1663437998360,"level":"debug","message":"Starting child request to render pdf footer","meta":{"rootId":"jrwwefy0y6l4qjk","id":"jrwwefy0y6l4qjk"},"id":"4hdlxt3h0a6q4c5","previousOperationId":"6tdpo8ltk08cmjs"}
{"type":"operationStart","subtype":"render","name":"anonymous","previousOperationId":"6tdpo8ltk08cmjs","timestamp":1663437998361,"id":"nquvm5nsciweqmg","previousEventId":"t7epj3067ky5g6t","operationId":"35bvfa1rvb8lkis"}
{"type":"log","timestamp":1663437998361,"level":"info","message":"Starting rendering request 1 (user: null)","meta":{"rootId":"jrwwefy0y6l4qjk","id":"5x3r0g6kof3spoo"},"id":"sh697oqeaxv9ty2","previousOperationId":"35bvfa1rvb8lkis"}
{"type":"log","timestamp":1663437998361,"level":"info","message":"Rendering anonymous template { recipe: html, engine: handlebars }","meta":{"rootId":"jrwwefy0y6l4qjk","id":"5x3r0g6kof3spoo"},"id":"lyrmk4e35hx98kx","previousOperationId":"35bvfa1rvb8lkis"}
{"type":"log","timestamp":1663437998361,"level":"debug","message":"Inline data specified.","meta":{"rootId":"jrwwefy0y6l4qjk","id":"5x3r0g6kof3spoo"},"id":"ryqzv1ibburfcgu","previousOperationId":"35bvfa1rvb8lkis"}
{"type":"log","timestamp":1663437998374,"level":"debug","message":"Base url not specified, skipping its injection.","meta":{"rootId":"jrwwefy0y6l4qjk","id":"5x3r0g6kof3spoo"},"id":"v214gj2dppmpkz2","previousOperationId":"35bvfa1rvb8lkis"}
{"type":"operationStart","subtype":"engine","name":"handlebars","timestamp":1663437998375,"id":"el7szeausoocnkf","previousEventId":"nquvm5nsciweqmg","operationId":"mz5v791hmcq753h","previousOperationId":"35bvfa1rvb8lkis"}
{"type":"log","timestamp":1663437998375,"level":"debug","message":"Rendering engine handlebars","meta":{"rootId":"jrwwefy0y6l4qjk","id":"5x3r0g6kof3spoo"},"id":"e7bnnsw2nnnc5wd","previousOperationId":"mz5v791hmcq753h"}
{"type":"operationEnd","operationId":"mz5v791hmcq753h","timestamp":1663437998421,"id":"bhkhq6ivrdfrs2q","previousEventId":"el7szeausoocnkf","previousOperationId":"mz5v791hmcq753h"}
{"type":"operationStart","subtype":"recipe","name":"html","timestamp":1663437998422,"id":"9ynq8agicnve5q2","previousEventId":"bhkhq6ivrdfrs2q","operationId":"lyufwd2t88glvv0","previousOperationId":"mz5v791hmcq753h"}
{"type":"log","timestamp":1663437998422,"level":"debug","message":"Executing recipe html","meta":{"rootId":"jrwwefy0y6l4qjk","id":"5x3r0g6kof3spoo"},"id":"oy6ez18itgxj8qp","previousOperationId":"lyufwd2t88glvv0"}
{"type":"operationEnd","operationId":"lyufwd2t88glvv0","timestamp":1663437998422,"id":"s7icdb6x4izmop5","previousEventId":"9ynq8agicnve5q2","previousOperationId":"lyufwd2t88glvv0"}
{"type":"log","timestamp":1663437998422,"level":"debug","message":"Skipping storing report.","meta":{"rootId":"jrwwefy0y6l4qjk","id":"5x3r0g6kof3spoo"},"id":"zigbavs45ooa1wm","previousOperationId":"lyufwd2t88glvv0"}
{"type":"log","timestamp":1663437998422,"level":"info","message":"Rendering request 1 finished in 1317 ms","meta":{"rootId":"jrwwefy0y6l4qjk","id":"5x3r0g6kof3spoo"},"id":"vrpexck3inhpeme","previousOperationId":"lyufwd2t88glvv0"}
{"type":"operationEnd","subtype":"render","operationId":"35bvfa1rvb8lkis","timestamp":1663437998422,"id":"ol128u467nza3fk","previousEventId":"s7icdb6x4izmop5","previousOperationId":"lyufwd2t88glvv0"}
{"type":"log","timestamp":1663437999839,"level":"debug","message":"Converting with chrome HeadlessChrome/98.0.4758.0 using chrome-pool strategy","meta":{"rootId":"jrwwefy0y6l4qjk","id":"jrwwefy0y6l4qjk"},"id":"lxszsukxvmdugnb","previousOperationId":"6tdpo8ltk08cmjs"}
{"type":"log","timestamp":1663438000213,"level":"debug","message":"Page request: GET (document) file:///var/folders/8m/98z140gs3yzbw6jqmpbh8b8m0000gn/T/jsreport/autocleanup/42b6017b-615c-46bc-be7f-63bb5f77838f-chrome-pdf.html","meta":{"rootId":"jrwwefy0y6l4qjk","id":"jrwwefy0y6l4qjk"},"id":"rp7loe3ktnl7ffd","previousOperationId":"6tdpo8ltk08cmjs"}
{"type":"log","timestamp":1663438000235,"level":"debug","message":"Page request finished: GET (document) file:///var/folders/8m/98z140gs3yzbw6jqmpbh8b8m0000gn/T/jsreport/autocleanup/42b6017b-615c-46bc-be7f-63bb5f77838f-chrome-pdf.html","meta":{"rootId":"jrwwefy0y6l4qjk","id":"jrwwefy0y6l4qjk"},"id":"4leoolvm6etssk1","previousOperationId":"6tdpo8ltk08cmjs"}
{"type":"log","timestamp":1663438000245,"level":"debug","message":"Page request: GET (stylesheet) https://fonts.googleapis.com/css2?family=Montserrat:wght@500&family=Open+Sans:wght@300&display=swap","meta":{"rootId":"jrwwefy0y6l4qjk","id":"jrwwefy0y6l4qjk"},"id":"57r2pmi8f2wjdzt","previousOperationId":"6tdpo8ltk08cmjs"}
{"type":"log","timestamp":1663438000596,"level":"debug","message":"Page request finished: GET (stylesheet) 200 https://fonts.googleapis.com/css2?family=Montserrat:wght@500&family=Open+Sans:wght@300&display=swap","meta":{"rootId":"jrwwefy0y6l4qjk","id":"jrwwefy0y6l4qjk"},"id":"3d8mn6pu143t0fy","previousOperationId":"6tdpo8ltk08cmjs"}
{"type":"log","timestamp":1663438000638,"level":"debug","message":"Page request: GET (font) https://fonts.gstatic.com/s/opensans/v34/memSYaGs126MiZpBA-UvWbX2vVnXBbObj2OVZyOOSr4dVJWUgsiH0B4gaVQUwaEQbjA.woff","meta":{"rootId":"jrwwefy0y6l4qjk","id":"jrwwefy0y6l4qjk"},"id":"t01yqxclkputfdd","previousOperationId":"6tdpo8ltk08cmjs"}
{"type":"log","timestamp":1663438000644,"level":"debug","message":"Running chrome with params {\"scale\":1,\"displayHeaderFooter\":true,\"headerTemplate\":\"...\",\"footerTemplate\":\"...\",\"printBackground\":true,\"pageRanges\":\"\",\"format\":\"A4\",\"width\":\"\",\"height\":\"\",\"marginTop\":\"350px\",\"marginRight\":\"20px\",\"marginBottom\":\"80px\",\"marginLeft\":\"20px\",\"waitForJS\":false,\"waitForNetworkIddle\":false,\"timeout\":58683,\"waitForNetworkIdle\":false,\"margin\":{\"top\":\"350px\",\"right\":\"20px\",\"bottom\":\"80px\",\"left\":\"20px\"}}","meta":{"rootId":"jrwwefy0y6l4qjk","id":"jrwwefy0y6l4qjk"},"id":"xan1ybymqbrgz59","previousOperationId":"6tdpo8ltk08cmjs"}
{"type":"log","timestamp":1663438000649,"level":"debug","message":"Page request: GET (font) https://fonts.gstatic.com/s/opensans/v34/memSYaGs126MiZpBA-UvWbX2vVnXBbObj2OVZyOOSr4dVJWUgsiH0B4gaVQUwaEQbjA.woff","meta":{"rootId":"jrwwefy0y6l4qjk","id":"jrwwefy0y6l4qjk"},"id":"z5k2b35m5su667d","previousOperationId":"6tdpo8ltk08cmjs"}
{"type":"operationEnd","operationId":"6tdpo8ltk08cmjs","timestamp":1663438000890,"id":"y3bz1yhpv9a130e","previousEventId":"t7epj3067ky5g6t","previousOperationId":"6tdpo8ltk08cmjs"}
{"type":"log","timestamp":1663438000891,"level":"debug","message":"Skipping storing report.","meta":{"rootId":"jrwwefy0y6l4qjk","id":"jrwwefy0y6l4qjk"},"id":"kjrsgb5c6q8axk2","previousOperationId":"6tdpo8ltk08cmjs"}
{"type":"log","timestamp":1663438000891,"level":"info","message":"Rendering request 1 finished in 3786 ms","meta":{"rootId":"jrwwefy0y6l4qjk","id":"jrwwefy0y6l4qjk"},"id":"abkuuej0uw5hg1s","previousOperationId":"6tdpo8ltk08cmjs"}
{"type":"operationEnd","subtype":"render","operationId":"6q0npsq7a0fuinw","timestamp":1663438000891,"id":"6uvgo2lkfx9eima","previousEventId":"y3bz1yhpv9a130e","previousOperationId":"6tdpo8ltk08cmjs"}
{"type":"operationEnd","doDiffs":false,"previousEventId":"btl0m51n668yw80","previousOperationId":"i9mkw0pxrjpw8sg","operationId":"i9mkw0pxrjpw8sg","timestamp":1663438000903,"id":"k9ojtddc9t8hte1"}
