{"type":"operationStart","subtype":"profile","data":{"_id":"XiTICOi4xyItpzMR","timestamp":"2022-09-23T15:56:13.023Z","state":"queued","mode":"standard","creationDate":"2022-09-23T15:56:13.028Z","modificationDate":"2022-09-23T15:56:13.028Z","shortid":"CXUGKyM","$entitySet":"profiles"},"doDiffs":false,"timestamp":1663948573025,"id":"pxx2jixbkpx7apa","previousOperationId":null,"operationId":"244iecfxoctoqek"}
{"type":"log","level":"info","message":"Render request 1 queued for execution and waiting for available worker","previousOperationId":"244iecfxoctoqek","timestamp":1663948573026,"id":"3wijlfj9i0w0ypx"}
{"type":"operationStart","subtype":"render","name":"anonymous","previousOperationId":"244iecfxoctoqek","timestamp":1663948573075,"id":"inw49obexfpdz21","previousEventId":"pxx2jixbkpx7apa","operationId":"mdabrw9r4oba56u"}
{"type":"log","timestamp":1663948573077,"level":"info","message":"Starting rendering request 1 (user: null)","meta":{"rootId":"jzst6abcawduswl","id":"jzst6abcawduswl"},"id":"m0l35l6z8jqc2ua","previousOperationId":"mdabrw9r4oba56u"}
{"type":"log","timestamp":1663948573081,"level":"info","message":"Rendering anonymous template { recipe: chrome-pdf, engine: handlebars }","meta":{"rootId":"jzst6abcawduswl","id":"jzst6abcawduswl"},"id":"1iwx6bs7c5x0ror","previousOperationId":"mdabrw9r4oba56u"}
{"type":"log","timestamp":1663948573082,"level":"debug","message":"Data item not defined for this template.","meta":{"rootId":"jzst6abcawduswl","id":"jzst6abcawduswl"},"id":"1xmpysqe57ft6sq","previousOperationId":"mdabrw9r4oba56u"}
{"type":"log","timestamp":1663948573088,"level":"debug","message":"Base url not specified, skipping its injection.","meta":{"rootId":"jzst6abcawduswl","id":"jzst6abcawduswl"},"id":"dcokfj4sr2wve0a","previousOperationId":"mdabrw9r4oba56u"}
{"type":"operationStart","subtype":"engine","name":"handlebars","timestamp":1663948573091,"id":"oss2n9t34pmn508","previousEventId":"inw49obexfpdz21","operationId":"yzpzm3lk4y26xdy","previousOperationId":"mdabrw9r4oba56u"}
{"type":"log","timestamp":1663948573091,"level":"debug","message":"Rendering engine handlebars","meta":{"rootId":"jzst6abcawduswl","id":"jzst6abcawduswl"},"id":"43uan8cni82s99d","previousOperationId":"yzpzm3lk4y26xdy"}
{"type":"operationEnd","operationId":"yzpzm3lk4y26xdy","timestamp":1663948574200,"id":"1elgkjvgf7fjrof","previousEventId":"oss2n9t34pmn508","previousOperationId":"yzpzm3lk4y26xdy"}
{"type":"operationStart","subtype":"recipe","name":"chrome-pdf","timestamp":1663948574201,"id":"rdnntxkjusn3kg4","previousEventId":"1elgkjvgf7fjrof","operationId":"r2in2qfsudghxn9","previousOperationId":"yzpzm3lk4y26xdy"}
{"type":"log","timestamp":1663948574201,"level":"debug","message":"Executing recipe chrome-pdf","meta":{"rootId":"jzst6abcawduswl","id":"jzst6abcawduswl"},"id":"z015g5opmjpbgz5","previousOperationId":"r2in2qfsudghxn9"}
{"type":"log","timestamp":1663948574417,"level":"debug","message":"Starting child request to render pdf header","meta":{"rootId":"jzst6abcawduswl","id":"jzst6abcawduswl"},"id":"3n70b8b9bn7pqe1","previousOperationId":"r2in2qfsudghxn9"}
{"type":"operationStart","subtype":"render","name":"anonymous","previousOperationId":"r2in2qfsudghxn9","timestamp":1663948574418,"id":"4ay02dduoto9fou","previousEventId":"rdnntxkjusn3kg4","operationId":"u28zadq4frt0hvn"}
{"type":"log","timestamp":1663948574419,"level":"info","message":"Starting rendering request 1 (user: null)","meta":{"rootId":"jzst6abcawduswl","id":"lliallw4jwivsyc"},"id":"uaw2kd8iczqnfpn","previousOperationId":"u28zadq4frt0hvn"}
{"type":"log","timestamp":1663948574419,"level":"info","message":"Rendering anonymous template { recipe: html, engine: handlebars }","meta":{"rootId":"jzst6abcawduswl","id":"lliallw4jwivsyc"},"id":"0698fh2a8qswli9","previousOperationId":"u28zadq4frt0hvn"}
{"type":"log","timestamp":1663948574419,"level":"debug","message":"Data item not defined for this template.","meta":{"rootId":"jzst6abcawduswl","id":"lliallw4jwivsyc"},"id":"ouq8f5z5bbl50vn","previousOperationId":"u28zadq4frt0hvn"}
{"type":"log","timestamp":1663948574437,"level":"debug","message":"Base url not specified, skipping its injection.","meta":{"rootId":"jzst6abcawduswl","id":"lliallw4jwivsyc"},"id":"ydx5k4teoz9ye87","previousOperationId":"u28zadq4frt0hvn"}
{"type":"log","timestamp":1663948574448,"level":"debug","message":"Replaced assets [\"./src/reporting/assets/logo.png\"]","meta":{"rootId":"jzst6abcawduswl","id":"lliallw4jwivsyc"},"id":"euyywyv25cy55o2","previousOperationId":"u28zadq4frt0hvn"}
{"type":"operationStart","subtype":"engine","name":"handlebars","timestamp":1663948574449,"id":"5web2uii4asnn12","previousEventId":"4ay02dduoto9fou","operationId":"m5ysazkr55hrzl6","previousOperationId":"u28zadq4frt0hvn"}
{"type":"log","timestamp":1663948574449,"level":"debug","message":"Rendering engine handlebars","meta":{"rootId":"jzst6abcawduswl","id":"lliallw4jwivsyc"},"id":"7wnu3satu6fix93","previousOperationId":"m5ysazkr55hrzl6"}
{"type":"operationEnd","operationId":"m5ysazkr55hrzl6","timestamp":1663948574501,"id":"e2svfywz60hok0a","previousEventId":"5web2uii4asnn12","previousOperationId":"m5ysazkr55hrzl6"}
{"type":"operationStart","subtype":"recipe","name":"html","timestamp":1663948574501,"id":"ybtmvopd7tg8sk6","previousEventId":"e2svfywz60hok0a","operationId":"u0ejh61wqmpb02i","previousOperationId":"m5ysazkr55hrzl6"}
{"type":"log","timestamp":1663948574501,"level":"debug","message":"Executing recipe html","meta":{"rootId":"jzst6abcawduswl","id":"lliallw4jwivsyc"},"id":"0q9g1tpwx3pk71n","previousOperationId":"u0ejh61wqmpb02i"}
{"type":"operationEnd","operationId":"u0ejh61wqmpb02i","timestamp":1663948574501,"id":"wgutco17jq34hj0","previousEventId":"ybtmvopd7tg8sk6","previousOperationId":"u0ejh61wqmpb02i"}
{"type":"log","timestamp":1663948574502,"level":"debug","message":"Skipping storing report.","meta":{"rootId":"jzst6abcawduswl","id":"lliallw4jwivsyc"},"id":"xnoxnzj8jt35zpw","previousOperationId":"u0ejh61wqmpb02i"}
{"type":"log","timestamp":1663948574503,"level":"info","message":"Rendering request 1 finished in 1482 ms","meta":{"rootId":"jzst6abcawduswl","id":"lliallw4jwivsyc"},"id":"zmsb5aeoscmy1m9","previousOperationId":"u0ejh61wqmpb02i"}
{"type":"operationEnd","subtype":"render","operationId":"u28zadq4frt0hvn","timestamp":1663948574503,"id":"41x6lrrk6o6z0ws","previousEventId":"wgutco17jq34hj0","previousOperationId":"u0ejh61wqmpb02i"}
{"type":"log","timestamp":1663948574503,"level":"debug","message":"Starting child request to render pdf footer","meta":{"rootId":"jzst6abcawduswl","id":"jzst6abcawduswl"},"id":"foa9bjcx1x8ps8s","previousOperationId":"r2in2qfsudghxn9"}
{"type":"operationStart","subtype":"render","name":"anonymous","previousOperationId":"r2in2qfsudghxn9","timestamp":1663948574503,"id":"li0augo3ujob9s6","previousEventId":"rdnntxkjusn3kg4","operationId":"471067sx2chgnib"}
{"type":"log","timestamp":1663948574504,"level":"info","message":"Starting rendering request 1 (user: null)","meta":{"rootId":"jzst6abcawduswl","id":"dpcg1l1bs6c4aoi"},"id":"xu645c1hdkj5ms5","previousOperationId":"471067sx2chgnib"}
{"type":"log","timestamp":1663948574504,"level":"info","message":"Rendering anonymous template { recipe: html, engine: handlebars }","meta":{"rootId":"jzst6abcawduswl","id":"dpcg1l1bs6c4aoi"},"id":"cfc10oz3u3b0f7d","previousOperationId":"471067sx2chgnib"}
{"type":"log","timestamp":1663948574504,"level":"debug","message":"Data item not defined for this template.","meta":{"rootId":"jzst6abcawduswl","id":"dpcg1l1bs6c4aoi"},"id":"1670c37ayhwxrtl","previousOperationId":"471067sx2chgnib"}
{"type":"log","timestamp":1663948574506,"level":"debug","message":"Base url not specified, skipping its injection.","meta":{"rootId":"jzst6abcawduswl","id":"dpcg1l1bs6c4aoi"},"id":"4dcgnqtxvqe4u01","previousOperationId":"471067sx2chgnib"}
{"type":"operationStart","subtype":"engine","name":"handlebars","timestamp":1663948574506,"id":"ei61t7bwtqgdo4k","previousEventId":"li0augo3ujob9s6","operationId":"oh9w97qbo4z1hnq","previousOperationId":"471067sx2chgnib"}
{"type":"log","timestamp":1663948574506,"level":"debug","message":"Rendering engine handlebars","meta":{"rootId":"jzst6abcawduswl","id":"dpcg1l1bs6c4aoi"},"id":"w875kdo4twsipbn","previousOperationId":"oh9w97qbo4z1hnq"}
{"type":"operationEnd","operationId":"oh9w97qbo4z1hnq","timestamp":1663948574536,"id":"dhvfpejo1r9y5b6","previousEventId":"ei61t7bwtqgdo4k","previousOperationId":"oh9w97qbo4z1hnq"}
{"type":"operationStart","subtype":"recipe","name":"html","timestamp":1663948574537,"id":"v1xi4av296tq6h2","previousEventId":"dhvfpejo1r9y5b6","operationId":"862wa47rx81jkta","previousOperationId":"oh9w97qbo4z1hnq"}
{"type":"log","timestamp":1663948574537,"level":"debug","message":"Executing recipe html","meta":{"rootId":"jzst6abcawduswl","id":"dpcg1l1bs6c4aoi"},"id":"38ptqxfs89wr49p","previousOperationId":"862wa47rx81jkta"}
{"type":"operationEnd","operationId":"862wa47rx81jkta","timestamp":1663948574537,"id":"m8vngwkl1dq3rmu","previousEventId":"v1xi4av296tq6h2","previousOperationId":"862wa47rx81jkta"}
{"type":"log","timestamp":1663948574537,"level":"debug","message":"Skipping storing report.","meta":{"rootId":"jzst6abcawduswl","id":"dpcg1l1bs6c4aoi"},"id":"hb1gnzcp68y5oew","previousOperationId":"862wa47rx81jkta"}
{"type":"log","timestamp":1663948574537,"level":"info","message":"Rendering request 1 finished in 1516 ms","meta":{"rootId":"jzst6abcawduswl","id":"dpcg1l1bs6c4aoi"},"id":"k9kt4wbgw3orlp8","previousOperationId":"862wa47rx81jkta"}
{"type":"operationEnd","subtype":"render","operationId":"471067sx2chgnib","timestamp":1663948574537,"id":"fwrqxicdis4xfp8","previousEventId":"m8vngwkl1dq3rmu","previousOperationId":"862wa47rx81jkta"}
{"type":"log","timestamp":1663948578167,"level":"debug","message":"Converting with chrome HeadlessChrome/98.0.4758.0 using chrome-pool strategy","meta":{"rootId":"jzst6abcawduswl","id":"jzst6abcawduswl"},"id":"e6guoc0ltgc8vtm","previousOperationId":"r2in2qfsudghxn9"}
{"type":"log","timestamp":1663948578614,"level":"debug","message":"Page request: GET (document) file:///var/folders/8m/98z140gs3yzbw6jqmpbh8b8m0000gn/T/jsreport/autocleanup/f297a459-4952-4bb9-9e13-46c2fce382ef-chrome-pdf.html","meta":{"rootId":"jzst6abcawduswl","id":"jzst6abcawduswl"},"id":"ppmz4z1pydr64o1","previousOperationId":"r2in2qfsudghxn9"}
{"type":"log","timestamp":1663948578842,"level":"debug","message":"Page request finished: GET (document) file:///var/folders/8m/98z140gs3yzbw6jqmpbh8b8m0000gn/T/jsreport/autocleanup/f297a459-4952-4bb9-9e13-46c2fce382ef-chrome-pdf.html","meta":{"rootId":"jzst6abcawduswl","id":"jzst6abcawduswl"},"id":"4cu9g57ceov3yn8","previousOperationId":"r2in2qfsudghxn9"}
{"type":"log","timestamp":1663948578857,"level":"debug","message":"Page request: GET (stylesheet) https://fonts.googleapis.com/css2?family=Montserrat:wght@500&family=Open+Sans:wght@300&display=swap","meta":{"rootId":"jzst6abcawduswl","id":"jzst6abcawduswl"},"id":"aqjsuaixw8zk0b8","previousOperationId":"r2in2qfsudghxn9"}
{"type":"log","timestamp":1663948579234,"level":"debug","message":"Page request finished: GET (stylesheet) 200 https://fonts.googleapis.com/css2?family=Montserrat:wght@500&family=Open+Sans:wght@300&display=swap","meta":{"rootId":"jzst6abcawduswl","id":"jzst6abcawduswl"},"id":"kcwdmnmmhmxmkqg","previousOperationId":"r2in2qfsudghxn9"}
{"type":"log","timestamp":1663948579310,"level":"debug","message":"Page request: GET (font) https://fonts.gstatic.com/s/opensans/v34/memSYaGs126MiZpBA-UvWbX2vVnXBbObj2OVZyOOSr4dVJWUgsiH0B4gaVQUwaEQbjA.woff","meta":{"rootId":"jzst6abcawduswl","id":"jzst6abcawduswl"},"id":"smuqly6qw096iqy","previousOperationId":"r2in2qfsudghxn9"}
{"type":"log","timestamp":1663948579410,"level":"debug","message":"Running chrome with params {\"scale\":1,\"displayHeaderFooter\":true,\"headerTemplate\":\"...\",\"footerTemplate\":\"...\",\"printBackground\":true,\"pageRanges\":\"\",\"format\":\"A4\",\"width\":\"\",\"height\":\"\",\"marginTop\":\"350px\",\"marginRight\":\"20px\",\"marginBottom\":\"80px\",\"marginLeft\":\"20px\",\"waitForJS\":false,\"waitForNetworkIddle\":false,\"timeout\":58483,\"waitForNetworkIdle\":false,\"margin\":{\"top\":\"350px\",\"right\":\"20px\",\"bottom\":\"80px\",\"left\":\"20px\"}}","meta":{"rootId":"jzst6abcawduswl","id":"jzst6abcawduswl"},"id":"fsgxaplbw06g73t","previousOperationId":"r2in2qfsudghxn9"}
{"type":"log","timestamp":1663948579425,"level":"debug","message":"Page request: GET (font) https://fonts.gstatic.com/s/opensans/v34/memSYaGs126MiZpBA-UvWbX2vVnXBbObj2OVZyOOSr4dVJWUgsiH0B4gaVQUwaEQbjA.woff","meta":{"rootId":"jzst6abcawduswl","id":"jzst6abcawduswl"},"id":"gx227npu1uogort","previousOperationId":"r2in2qfsudghxn9"}
{"type":"operationEnd","operationId":"r2in2qfsudghxn9","timestamp":1663948579752,"id":"xeyby2wyf5ztqnp","previousEventId":"rdnntxkjusn3kg4","previousOperationId":"r2in2qfsudghxn9"}
{"type":"log","timestamp":1663948579753,"level":"debug","message":"Skipping storing report.","meta":{"rootId":"jzst6abcawduswl","id":"jzst6abcawduswl"},"id":"xge3qxfxld7pdpx","previousOperationId":"r2in2qfsudghxn9"}
{"type":"log","timestamp":1663948579753,"level":"info","message":"Rendering request 1 finished in 6732 ms","meta":{"rootId":"jzst6abcawduswl","id":"jzst6abcawduswl"},"id":"97ygx8nhn8fltwb","previousOperationId":"r2in2qfsudghxn9"}
{"type":"operationEnd","subtype":"render","operationId":"mdabrw9r4oba56u","timestamp":1663948579753,"id":"gtsnjxbv1wkzv8k","previousEventId":"xeyby2wyf5ztqnp","previousOperationId":"r2in2qfsudghxn9"}
{"type":"operationEnd","doDiffs":false,"previousEventId":"pxx2jixbkpx7apa","previousOperationId":"244iecfxoctoqek","operationId":"244iecfxoctoqek","timestamp":1663948579768,"id":"0mr93qsrzput4wm"}
