{"type":"operationStart","subtype":"profile","data":{"_id":"S97kPADeLBgJOFvC","timestamp":"2023-03-13T20:15:00.069Z","state":"queued","mode":"standard","creationDate":"2023-03-13T20:15:00.074Z","modificationDate":"2023-03-13T20:15:00.074Z","shortid":"8MjuJBm","$entitySet":"profiles"},"doDiffs":false,"timestamp":1678738500071,"id":"1elwybooq17ae4h","previousOperationId":null,"operationId":"pxqr8hkllmkxeo6"}
{"type":"log","level":"info","message":"Render request 1 queued for execution and waiting for available worker","previousOperationId":"pxqr8hkllmkxeo6","timestamp":1678738500072,"id":"uln84ena0ujhl9f"}
{"type":"operationStart","subtype":"render","name":"anonymous","previousOperationId":"pxqr8hkllmkxeo6","timestamp":1678738500101,"id":"pyhrxjyq9x2zzht","previousEventId":"1elwybooq17ae4h","operationId":"hbrg18bda6s9w76"}
{"type":"log","timestamp":1678738500103,"level":"info","message":"Starting rendering request 1 (user: null)","meta":{"rootId":"k13j3kpr9e2f86x","id":"k13j3kpr9e2f86x"},"id":"fyhjr1nrktawpm6","previousOperationId":"hbrg18bda6s9w76"}
{"type":"log","timestamp":1678738500104,"level":"info","message":"Rendering anonymous template { recipe: chrome-pdf, engine: handlebars }","meta":{"rootId":"k13j3kpr9e2f86x","id":"k13j3kpr9e2f86x"},"id":"v8xnjt9ad3xuzsu","previousOperationId":"hbrg18bda6s9w76"}
{"type":"log","timestamp":1678738500105,"level":"debug","message":"Inline data specified.","meta":{"rootId":"k13j3kpr9e2f86x","id":"k13j3kpr9e2f86x"},"id":"o2fmvg9plizis9i","previousOperationId":"hbrg18bda6s9w76"}
{"type":"log","timestamp":1678738500108,"level":"debug","message":"Base url not specified, skipping its injection.","meta":{"rootId":"k13j3kpr9e2f86x","id":"k13j3kpr9e2f86x"},"id":"cw84zqdbg1q2ba2","previousOperationId":"hbrg18bda6s9w76"}
{"type":"operationStart","subtype":"engine","name":"handlebars","timestamp":1678738500112,"id":"sn6fmv5f4fgjlr2","previousEventId":"pyhrxjyq9x2zzht","operationId":"w7pgfjfrkgk54wg","previousOperationId":"hbrg18bda6s9w76"}
{"type":"log","timestamp":1678738500112,"level":"debug","message":"Rendering engine handlebars","meta":{"rootId":"k13j3kpr9e2f86x","id":"k13j3kpr9e2f86x"},"id":"wds8mk3xv5bi577","previousOperationId":"w7pgfjfrkgk54wg"}
{"type":"operationEnd","operationId":"w7pgfjfrkgk54wg","timestamp":1678738501048,"id":"he4jlpfpi7t9uvr","previousEventId":"sn6fmv5f4fgjlr2","previousOperationId":"w7pgfjfrkgk54wg"}
{"type":"operationStart","subtype":"recipe","name":"chrome-pdf","timestamp":1678738501049,"id":"ackknhcg1j8lvrv","previousEventId":"he4jlpfpi7t9uvr","operationId":"zo803300x6kbzvd","previousOperationId":"w7pgfjfrkgk54wg"}
{"type":"log","timestamp":1678738501049,"level":"debug","message":"Executing recipe chrome-pdf","meta":{"rootId":"k13j3kpr9e2f86x","id":"k13j3kpr9e2f86x"},"id":"nerahig14toqoow","previousOperationId":"zo803300x6kbzvd"}
{"type":"log","timestamp":1678738501234,"level":"debug","message":"Starting child request to render pdf header","meta":{"rootId":"k13j3kpr9e2f86x","id":"k13j3kpr9e2f86x"},"id":"v5o9jw3igu3rpt9","previousOperationId":"zo803300x6kbzvd"}
{"type":"operationStart","subtype":"render","name":"anonymous","previousOperationId":"zo803300x6kbzvd","timestamp":1678738501235,"id":"ni8chsjnj8tuuwf","previousEventId":"ackknhcg1j8lvrv","operationId":"jvh9scncun1vs6m"}
{"type":"log","timestamp":1678738501235,"level":"info","message":"Starting rendering request 1 (user: null)","meta":{"rootId":"k13j3kpr9e2f86x","id":"i2u6rypw7qu045o"},"id":"ji081fnfw7js93p","previousOperationId":"jvh9scncun1vs6m"}
{"type":"log","timestamp":1678738501236,"level":"info","message":"Rendering anonymous template { recipe: html, engine: handlebars }","meta":{"rootId":"k13j3kpr9e2f86x","id":"i2u6rypw7qu045o"},"id":"3755iqtgxl79sm8","previousOperationId":"jvh9scncun1vs6m"}
{"type":"log","timestamp":1678738501236,"level":"debug","message":"Inline data specified.","meta":{"rootId":"k13j3kpr9e2f86x","id":"i2u6rypw7qu045o"},"id":"egi9y8n1w8xkyba","previousOperationId":"jvh9scncun1vs6m"}
{"type":"log","timestamp":1678738501239,"level":"debug","message":"Base url not specified, skipping its injection.","meta":{"rootId":"k13j3kpr9e2f86x","id":"i2u6rypw7qu045o"},"id":"70ts3p94m7dpraa","previousOperationId":"jvh9scncun1vs6m"}
{"type":"log","timestamp":1678738501251,"level":"debug","message":"Replaced assets [\"./src/reporting/assets/logo.png\"]","meta":{"rootId":"k13j3kpr9e2f86x","id":"i2u6rypw7qu045o"},"id":"ogu5rsg45s2n0i7","previousOperationId":"jvh9scncun1vs6m"}
{"type":"operationStart","subtype":"engine","name":"handlebars","timestamp":1678738501252,"id":"kjgen5x6hsrz5i4","previousEventId":"ni8chsjnj8tuuwf","operationId":"62c2p6y6t6zrnk4","previousOperationId":"jvh9scncun1vs6m"}
{"type":"log","timestamp":1678738501252,"level":"debug","message":"Rendering engine handlebars","meta":{"rootId":"k13j3kpr9e2f86x","id":"i2u6rypw7qu045o"},"id":"h7kklo2bm5fi77u","previousOperationId":"62c2p6y6t6zrnk4"}
{"type":"operationEnd","operationId":"62c2p6y6t6zrnk4","timestamp":1678738501273,"id":"57lyqhmdywivhu6","previousEventId":"kjgen5x6hsrz5i4","previousOperationId":"62c2p6y6t6zrnk4"}
{"type":"operationStart","subtype":"recipe","name":"html","timestamp":1678738501274,"id":"ukwmotagk6x4al1","previousEventId":"57lyqhmdywivhu6","operationId":"wr8fmje7p7cwjri","previousOperationId":"62c2p6y6t6zrnk4"}
{"type":"log","timestamp":1678738501274,"level":"debug","message":"Executing recipe html","meta":{"rootId":"k13j3kpr9e2f86x","id":"i2u6rypw7qu045o"},"id":"mvqo3xvdr6ulwy7","previousOperationId":"wr8fmje7p7cwjri"}
{"type":"operationEnd","operationId":"wr8fmje7p7cwjri","timestamp":1678738501274,"id":"co4f7tw8vlx7ltc","previousEventId":"ukwmotagk6x4al1","previousOperationId":"wr8fmje7p7cwjri"}
{"type":"log","timestamp":1678738501275,"level":"debug","message":"Skipping storing report.","meta":{"rootId":"k13j3kpr9e2f86x","id":"i2u6rypw7qu045o"},"id":"udiapxyi78ijxf5","previousOperationId":"wr8fmje7p7cwjri"}
{"type":"log","timestamp":1678738501275,"level":"info","message":"Rendering request 1 finished in 1209 ms","meta":{"rootId":"k13j3kpr9e2f86x","id":"i2u6rypw7qu045o"},"id":"4d4fcpi1p72i7p6","previousOperationId":"wr8fmje7p7cwjri"}
{"type":"operationEnd","subtype":"render","operationId":"jvh9scncun1vs6m","timestamp":1678738501275,"id":"6ko6oxhd48qplb5","previousEventId":"co4f7tw8vlx7ltc","previousOperationId":"wr8fmje7p7cwjri"}
{"type":"log","timestamp":1678738501277,"level":"debug","message":"Starting child request to render pdf footer","meta":{"rootId":"k13j3kpr9e2f86x","id":"k13j3kpr9e2f86x"},"id":"y1x0znwyhi527nw","previousOperationId":"zo803300x6kbzvd"}
{"type":"operationStart","subtype":"render","name":"anonymous","previousOperationId":"zo803300x6kbzvd","timestamp":1678738501277,"id":"qe7qix01l8r3rmh","previousEventId":"ackknhcg1j8lvrv","operationId":"kfckdfwj4h6kkr6"}
{"type":"log","timestamp":1678738501277,"level":"info","message":"Starting rendering request 1 (user: null)","meta":{"rootId":"k13j3kpr9e2f86x","id":"nvo2876ay8nak2t"},"id":"d5h1idkcelz1yp0","previousOperationId":"kfckdfwj4h6kkr6"}
{"type":"log","timestamp":1678738501278,"level":"info","message":"Rendering anonymous template { recipe: html, engine: handlebars }","meta":{"rootId":"k13j3kpr9e2f86x","id":"nvo2876ay8nak2t"},"id":"v6qa7d7ms8xl38a","previousOperationId":"kfckdfwj4h6kkr6"}
{"type":"log","timestamp":1678738501278,"level":"debug","message":"Inline data specified.","meta":{"rootId":"k13j3kpr9e2f86x","id":"nvo2876ay8nak2t"},"id":"6qik8oe6gkugucw","previousOperationId":"kfckdfwj4h6kkr6"}
{"type":"log","timestamp":1678738501281,"level":"debug","message":"Base url not specified, skipping its injection.","meta":{"rootId":"k13j3kpr9e2f86x","id":"nvo2876ay8nak2t"},"id":"mo2zoze8v62tt31","previousOperationId":"kfckdfwj4h6kkr6"}
{"type":"operationStart","subtype":"engine","name":"handlebars","timestamp":1678738501282,"id":"mhq78ox28197utd","previousEventId":"qe7qix01l8r3rmh","operationId":"su8pg0s9l3ynp6j","previousOperationId":"kfckdfwj4h6kkr6"}
{"type":"log","timestamp":1678738501282,"level":"debug","message":"Rendering engine handlebars","meta":{"rootId":"k13j3kpr9e2f86x","id":"nvo2876ay8nak2t"},"id":"x9az8ptu8wgq7je","previousOperationId":"su8pg0s9l3ynp6j"}
{"type":"operationEnd","operationId":"su8pg0s9l3ynp6j","timestamp":1678738501303,"id":"hepta4muea97bi7","previousEventId":"mhq78ox28197utd","previousOperationId":"su8pg0s9l3ynp6j"}
{"type":"operationStart","subtype":"recipe","name":"html","timestamp":1678738501303,"id":"k31ztlulvm3h8e1","previousEventId":"hepta4muea97bi7","operationId":"xxb0f28re44cv47","previousOperationId":"su8pg0s9l3ynp6j"}
{"type":"log","timestamp":1678738501303,"level":"debug","message":"Executing recipe html","meta":{"rootId":"k13j3kpr9e2f86x","id":"nvo2876ay8nak2t"},"id":"i0l5k9fr5isgbtt","previousOperationId":"xxb0f28re44cv47"}
{"type":"operationEnd","operationId":"xxb0f28re44cv47","timestamp":1678738501303,"id":"97xwlmvv2i81j8h","previousEventId":"k31ztlulvm3h8e1","previousOperationId":"xxb0f28re44cv47"}
{"type":"log","timestamp":1678738501303,"level":"debug","message":"Skipping storing report.","meta":{"rootId":"k13j3kpr9e2f86x","id":"nvo2876ay8nak2t"},"id":"6qo8gvjxb62ewth","previousOperationId":"xxb0f28re44cv47"}
{"type":"log","timestamp":1678738501303,"level":"info","message":"Rendering request 1 finished in 1237 ms","meta":{"rootId":"k13j3kpr9e2f86x","id":"nvo2876ay8nak2t"},"id":"s73apwhbuvxrswu","previousOperationId":"xxb0f28re44cv47"}
{"type":"operationEnd","subtype":"render","operationId":"kfckdfwj4h6kkr6","timestamp":1678738501303,"id":"fji61f6qg2s899s","previousEventId":"97xwlmvv2i81j8h","previousOperationId":"xxb0f28re44cv47"}
{"type":"log","timestamp":1678738501577,"level":"debug","message":"Converting with chrome HeadlessChrome/98.0.4758.0 using chrome-pool strategy","meta":{"rootId":"k13j3kpr9e2f86x","id":"k13j3kpr9e2f86x"},"id":"3hscuyzlms56jfo","previousOperationId":"zo803300x6kbzvd"}
{"type":"log","timestamp":1678738501868,"level":"debug","message":"Page request: GET (document) file:///C:/Users/ADMINI~1/AppData/Local/Temp/jsreport/autocleanup/b84c9ff0-b64b-4ff4-8e5f-c30490785d3d-chrome-pdf.html","meta":{"rootId":"k13j3kpr9e2f86x","id":"k13j3kpr9e2f86x"},"id":"ueffdnqwj7a6t58","previousOperationId":"zo803300x6kbzvd"}
{"type":"log","timestamp":1678738501901,"level":"debug","message":"Page request finished: GET (document) file:///C:/Users/ADMINI~1/AppData/Local/Temp/jsreport/autocleanup/b84c9ff0-b64b-4ff4-8e5f-c30490785d3d-chrome-pdf.html","meta":{"rootId":"k13j3kpr9e2f86x","id":"k13j3kpr9e2f86x"},"id":"5c54vjdy7jd28ou","previousOperationId":"zo803300x6kbzvd"}
{"type":"log","timestamp":1678738501903,"level":"debug","message":"Page request: GET (stylesheet) https://fonts.googleapis.com/css2?family=Montserrat:wght@500&family=Open+Sans:wght@300&display=swap","meta":{"rootId":"k13j3kpr9e2f86x","id":"k13j3kpr9e2f86x"},"id":"sneheqko2dav1wz","previousOperationId":"zo803300x6kbzvd"}
{"type":"log","timestamp":1678738502653,"level":"debug","message":"Page request finished: GET (stylesheet) 200 https://fonts.googleapis.com/css2?family=Montserrat:wght@500&family=Open+Sans:wght@300&display=swap","meta":{"rootId":"k13j3kpr9e2f86x","id":"k13j3kpr9e2f86x"},"id":"m51var81ur3pecb","previousOperationId":"zo803300x6kbzvd"}
{"type":"log","timestamp":1678738502712,"level":"debug","message":"Page request: GET (font) https://fonts.gstatic.com/s/opensans/v34/memSYaGs126MiZpBA-UvWbX2vVnXBbObj2OVZyOOSr4dVJWUgsiH0B4gaVI.woff2","meta":{"rootId":"k13j3kpr9e2f86x","id":"k13j3kpr9e2f86x"},"id":"77f0ad9wex7tw00","previousOperationId":"zo803300x6kbzvd"}
{"type":"log","timestamp":1678738502714,"level":"debug","message":"Running chrome with params {\"scale\":1,\"displayHeaderFooter\":true,\"headerTemplate\":\"...\",\"footerTemplate\":\"...\",\"printBackground\":true,\"pageRanges\":\"\",\"format\":\"A4\",\"width\":\"\",\"height\":\"\",\"marginTop\":\"350px\",\"marginRight\":\"20px\",\"marginBottom\":\"80px\",\"marginLeft\":\"20px\",\"waitForJS\":false,\"waitForNetworkIddle\":false,\"timeout\":58762,\"waitForNetworkIdle\":false,\"margin\":{\"top\":\"350px\",\"right\":\"20px\",\"bottom\":\"80px\",\"left\":\"20px\"}}","meta":{"rootId":"k13j3kpr9e2f86x","id":"k13j3kpr9e2f86x"},"id":"u6xmfhmwaksuag7","previousOperationId":"zo803300x6kbzvd"}
{"type":"log","timestamp":1678738502720,"level":"debug","message":"Page request: GET (font) https://fonts.gstatic.com/s/opensans/v34/memSYaGs126MiZpBA-UvWbX2vVnXBbObj2OVZyOOSr4dVJWUgsiH0B4gaVI.woff2","meta":{"rootId":"k13j3kpr9e2f86x","id":"k13j3kpr9e2f86x"},"id":"9fewac7lar6etx9","previousOperationId":"zo803300x6kbzvd"}
{"type":"operationEnd","operationId":"zo803300x6kbzvd","timestamp":1678738502935,"id":"97n63ccvv2k8hjb","previousEventId":"ackknhcg1j8lvrv","previousOperationId":"zo803300x6kbzvd"}
{"type":"log","timestamp":1678738502935,"level":"debug","message":"Skipping storing report.","meta":{"rootId":"k13j3kpr9e2f86x","id":"k13j3kpr9e2f86x"},"id":"pci0t5d4m41vtj8","previousOperationId":"zo803300x6kbzvd"}
{"type":"log","timestamp":1678738502935,"level":"info","message":"Rendering request 1 finished in 2869 ms","meta":{"rootId":"k13j3kpr9e2f86x","id":"k13j3kpr9e2f86x"},"id":"vuhv5gk8w5unlc7","previousOperationId":"zo803300x6kbzvd"}
{"type":"operationEnd","subtype":"render","operationId":"hbrg18bda6s9w76","timestamp":1678738502935,"id":"ww1w9ewnbr5y6iw","previousEventId":"97n63ccvv2k8hjb","previousOperationId":"zo803300x6kbzvd"}
{"type":"operationEnd","doDiffs":false,"previousEventId":"1elwybooq17ae4h","previousOperationId":"pxqr8hkllmkxeo6","operationId":"pxqr8hkllmkxeo6","timestamp":1678738502940,"id":"ilg0fbalzgrcepk"}
