{"type":"operationStart","subtype":"profile","data":{"_id":"wux8Z3xa1Emlrwla","timestamp":"2023-03-13T20:33:21.722Z","state":"queued","mode":"standard","creationDate":"2023-03-13T20:33:21.725Z","modificationDate":"2023-03-13T20:33:21.726Z","shortid":"8c7037c","$entitySet":"profiles"},"doDiffs":false,"timestamp":1678739601724,"id":"wqi9mfincuko3a1","previousOperationId":null,"operationId":"njyqrdl7bn3wwhk"}
{"type":"log","level":"info","message":"Render request 1 queued for execution and waiting for available worker","previousOperationId":"njyqrdl7bn3wwhk","timestamp":1678739601724,"id":"i00301ug1iil6ha"}
{"type":"operationStart","subtype":"render","name":"anonymous","previousOperationId":"njyqrdl7bn3wwhk","timestamp":1678739601749,"id":"4kixenrj2r1hk10","previousEventId":"wqi9mfincuko3a1","operationId":"jqypj5qiatm4qfr"}
{"type":"log","timestamp":1678739601751,"level":"info","message":"Starting rendering request 1 (user: null)","meta":{"rootId":"k5ews93pjcn081h","id":"k5ews93pjcn081h"},"id":"96p0s94pobogvis","previousOperationId":"jqypj5qiatm4qfr"}
{"type":"log","timestamp":1678739601753,"level":"info","message":"Rendering anonymous template { recipe: chrome-pdf, engine: handlebars }","meta":{"rootId":"k5ews93pjcn081h","id":"k5ews93pjcn081h"},"id":"5qxeevppa0qdjhd","previousOperationId":"jqypj5qiatm4qfr"}
{"type":"log","timestamp":1678739601754,"level":"debug","message":"Inline data specified.","meta":{"rootId":"k5ews93pjcn081h","id":"k5ews93pjcn081h"},"id":"6wluwopwzz8spro","previousOperationId":"jqypj5qiatm4qfr"}
{"type":"log","timestamp":1678739601757,"level":"debug","message":"Base url not specified, skipping its injection.","meta":{"rootId":"k5ews93pjcn081h","id":"k5ews93pjcn081h"},"id":"le4wbheolsd2ty4","previousOperationId":"jqypj5qiatm4qfr"}
{"type":"operationStart","subtype":"engine","name":"handlebars","timestamp":1678739601759,"id":"95jzrlop16vu0d7","previousEventId":"4kixenrj2r1hk10","operationId":"8nqvyvyz1v3e756","previousOperationId":"jqypj5qiatm4qfr"}
{"type":"log","timestamp":1678739601759,"level":"debug","message":"Rendering engine handlebars","meta":{"rootId":"k5ews93pjcn081h","id":"k5ews93pjcn081h"},"id":"hbcuu63nrq30fpk","previousOperationId":"8nqvyvyz1v3e756"}
{"type":"operationEnd","operationId":"8nqvyvyz1v3e756","timestamp":1678739603664,"id":"vfelq8pxe146nt7","previousEventId":"95jzrlop16vu0d7","previousOperationId":"8nqvyvyz1v3e756"}
{"type":"operationStart","subtype":"recipe","name":"chrome-pdf","timestamp":1678739603666,"id":"jrhhiw3yhu74yzu","previousEventId":"vfelq8pxe146nt7","operationId":"kvp0jbmk7sztzaf","previousOperationId":"8nqvyvyz1v3e756"}
{"type":"log","timestamp":1678739603666,"level":"debug","message":"Executing recipe chrome-pdf","meta":{"rootId":"k5ews93pjcn081h","id":"k5ews93pjcn081h"},"id":"v9pu96zhm10jcql","previousOperationId":"kvp0jbmk7sztzaf"}
{"type":"log","timestamp":1678739603891,"level":"debug","message":"Starting child request to render pdf header","meta":{"rootId":"k5ews93pjcn081h","id":"k5ews93pjcn081h"},"id":"yrtra25nizcfg7t","previousOperationId":"kvp0jbmk7sztzaf"}
{"type":"operationStart","subtype":"render","name":"anonymous","previousOperationId":"kvp0jbmk7sztzaf","timestamp":1678739603891,"id":"nb04jqdxxue0lsd","previousEventId":"jrhhiw3yhu74yzu","operationId":"8dybqpqzb3p4aty"}
{"type":"log","timestamp":1678739603891,"level":"info","message":"Starting rendering request 1 (user: null)","meta":{"rootId":"k5ews93pjcn081h","id":"jhmlzqpttqxk8p2"},"id":"f78ju0zcwfdsyak","previousOperationId":"8dybqpqzb3p4aty"}
{"type":"log","timestamp":1678739603892,"level":"info","message":"Rendering anonymous template { recipe: html, engine: handlebars }","meta":{"rootId":"k5ews93pjcn081h","id":"jhmlzqpttqxk8p2"},"id":"ud22hh2qfza2adt","previousOperationId":"8dybqpqzb3p4aty"}
{"type":"log","timestamp":1678739603892,"level":"debug","message":"Inline data specified.","meta":{"rootId":"k5ews93pjcn081h","id":"jhmlzqpttqxk8p2"},"id":"1errd1a7f6qk2b6","previousOperationId":"8dybqpqzb3p4aty"}
{"type":"log","timestamp":1678739603894,"level":"debug","message":"Base url not specified, skipping its injection.","meta":{"rootId":"k5ews93pjcn081h","id":"jhmlzqpttqxk8p2"},"id":"1er7p7wt8iho0xp","previousOperationId":"8dybqpqzb3p4aty"}
{"type":"log","timestamp":1678739603904,"level":"debug","message":"Replaced assets [\"./src/reporting/assets/logo.png\"]","meta":{"rootId":"k5ews93pjcn081h","id":"jhmlzqpttqxk8p2"},"id":"csj93n76a9pko6y","previousOperationId":"8dybqpqzb3p4aty"}
{"type":"operationStart","subtype":"engine","name":"handlebars","timestamp":1678739603904,"id":"pxs283x6urc02x8","previousEventId":"nb04jqdxxue0lsd","operationId":"dl5ztpx4mq8cgf1","previousOperationId":"8dybqpqzb3p4aty"}
{"type":"log","timestamp":1678739603904,"level":"debug","message":"Rendering engine handlebars","meta":{"rootId":"k5ews93pjcn081h","id":"jhmlzqpttqxk8p2"},"id":"2253cbg9pnby1jq","previousOperationId":"dl5ztpx4mq8cgf1"}
{"type":"operationEnd","operationId":"dl5ztpx4mq8cgf1","timestamp":1678739603935,"id":"4lpmzxs9l1l9jrd","previousEventId":"pxs283x6urc02x8","previousOperationId":"dl5ztpx4mq8cgf1"}
{"type":"operationStart","subtype":"recipe","name":"html","timestamp":1678739603936,"id":"6e5w76nih0ww7lq","previousEventId":"4lpmzxs9l1l9jrd","operationId":"ktrleqmos1a5mxq","previousOperationId":"dl5ztpx4mq8cgf1"}
{"type":"log","timestamp":1678739603936,"level":"debug","message":"Executing recipe html","meta":{"rootId":"k5ews93pjcn081h","id":"jhmlzqpttqxk8p2"},"id":"eguoqfh754xc7hr","previousOperationId":"ktrleqmos1a5mxq"}
{"type":"operationEnd","operationId":"ktrleqmos1a5mxq","timestamp":1678739603936,"id":"t1wol6sjkhp0r7t","previousEventId":"6e5w76nih0ww7lq","previousOperationId":"ktrleqmos1a5mxq"}
{"type":"log","timestamp":1678739603937,"level":"debug","message":"Skipping storing report.","meta":{"rootId":"k5ews93pjcn081h","id":"jhmlzqpttqxk8p2"},"id":"w89hgnxkvt6egyr","previousOperationId":"ktrleqmos1a5mxq"}
{"type":"log","timestamp":1678739603937,"level":"info","message":"Rendering request 1 finished in 2217 ms","meta":{"rootId":"k5ews93pjcn081h","id":"jhmlzqpttqxk8p2"},"id":"hb2q2ue9l0p1twv","previousOperationId":"ktrleqmos1a5mxq"}
{"type":"operationEnd","subtype":"render","operationId":"8dybqpqzb3p4aty","timestamp":1678739603938,"id":"g81at99607b3b2k","previousEventId":"t1wol6sjkhp0r7t","previousOperationId":"ktrleqmos1a5mxq"}
{"type":"log","timestamp":1678739603938,"level":"debug","message":"Starting child request to render pdf footer","meta":{"rootId":"k5ews93pjcn081h","id":"k5ews93pjcn081h"},"id":"mrg8eouosuoeim9","previousOperationId":"kvp0jbmk7sztzaf"}
{"type":"operationStart","subtype":"render","name":"anonymous","previousOperationId":"kvp0jbmk7sztzaf","timestamp":1678739603938,"id":"rquzaui3mss24vf","previousEventId":"jrhhiw3yhu74yzu","operationId":"grvaa9yiihlgcae"}
{"type":"log","timestamp":1678739603938,"level":"info","message":"Starting rendering request 1 (user: null)","meta":{"rootId":"k5ews93pjcn081h","id":"oqj0lkzuu3w3nk6"},"id":"zr723m8a9zfri1c","previousOperationId":"grvaa9yiihlgcae"}
{"type":"log","timestamp":1678739603939,"level":"info","message":"Rendering anonymous template { recipe: html, engine: handlebars }","meta":{"rootId":"k5ews93pjcn081h","id":"oqj0lkzuu3w3nk6"},"id":"4pdnjd55vghk9rl","previousOperationId":"grvaa9yiihlgcae"}
{"type":"log","timestamp":1678739603939,"level":"debug","message":"Inline data specified.","meta":{"rootId":"k5ews93pjcn081h","id":"oqj0lkzuu3w3nk6"},"id":"l35nfccqoudc4ye","previousOperationId":"grvaa9yiihlgcae"}
{"type":"log","timestamp":1678739603940,"level":"debug","message":"Base url not specified, skipping its injection.","meta":{"rootId":"k5ews93pjcn081h","id":"oqj0lkzuu3w3nk6"},"id":"f8ml6vgqo6p7dji","previousOperationId":"grvaa9yiihlgcae"}
{"type":"operationStart","subtype":"engine","name":"handlebars","timestamp":1678739603941,"id":"zeyk6c06onz9236","previousEventId":"rquzaui3mss24vf","operationId":"uv4kl9wisg0ykhp","previousOperationId":"grvaa9yiihlgcae"}
{"type":"log","timestamp":1678739603941,"level":"debug","message":"Rendering engine handlebars","meta":{"rootId":"k5ews93pjcn081h","id":"oqj0lkzuu3w3nk6"},"id":"80aiz0zxb3q3y4u","previousOperationId":"uv4kl9wisg0ykhp"}
{"type":"operationEnd","operationId":"uv4kl9wisg0ykhp","timestamp":1678739603967,"id":"n84mltms5nib7cf","previousEventId":"zeyk6c06onz9236","previousOperationId":"uv4kl9wisg0ykhp"}
{"type":"operationStart","subtype":"recipe","name":"html","timestamp":1678739603968,"id":"2dintd656fqg0kx","previousEventId":"n84mltms5nib7cf","operationId":"sm9gka102svs6rl","previousOperationId":"uv4kl9wisg0ykhp"}
{"type":"log","timestamp":1678739603968,"level":"debug","message":"Executing recipe html","meta":{"rootId":"k5ews93pjcn081h","id":"oqj0lkzuu3w3nk6"},"id":"epw3gko6b9xodvh","previousOperationId":"sm9gka102svs6rl"}
{"type":"operationEnd","operationId":"sm9gka102svs6rl","timestamp":1678739603968,"id":"09w3zsp0cqld0sk","previousEventId":"2dintd656fqg0kx","previousOperationId":"sm9gka102svs6rl"}
{"type":"log","timestamp":1678739603968,"level":"debug","message":"Skipping storing report.","meta":{"rootId":"k5ews93pjcn081h","id":"oqj0lkzuu3w3nk6"},"id":"2oogulmj59yk6kc","previousOperationId":"sm9gka102svs6rl"}
{"type":"log","timestamp":1678739603968,"level":"info","message":"Rendering request 1 finished in 2248 ms","meta":{"rootId":"k5ews93pjcn081h","id":"oqj0lkzuu3w3nk6"},"id":"fi2c45izoy1o9ji","previousOperationId":"sm9gka102svs6rl"}
{"type":"operationEnd","subtype":"render","operationId":"grvaa9yiihlgcae","timestamp":1678739603969,"id":"j4enlqzqulfse1s","previousEventId":"09w3zsp0cqld0sk","previousOperationId":"sm9gka102svs6rl"}
{"type":"log","timestamp":1678739604338,"level":"debug","message":"Converting with chrome HeadlessChrome/98.0.4758.0 using chrome-pool strategy","meta":{"rootId":"k5ews93pjcn081h","id":"k5ews93pjcn081h"},"id":"szz85az1qrntjiz","previousOperationId":"kvp0jbmk7sztzaf"}
{"type":"log","timestamp":1678739604535,"level":"debug","message":"Page request: GET (document) file:///C:/Users/ADMINI~1/AppData/Local/Temp/jsreport/autocleanup/995d0111-6bff-43ea-aa93-a8396a57f34e-chrome-pdf.html","meta":{"rootId":"k5ews93pjcn081h","id":"k5ews93pjcn081h"},"id":"vkg3073yium68ll","previousOperationId":"kvp0jbmk7sztzaf"}
{"type":"log","timestamp":1678739604578,"level":"debug","message":"Page request finished: GET (document) file:///C:/Users/ADMINI~1/AppData/Local/Temp/jsreport/autocleanup/995d0111-6bff-43ea-aa93-a8396a57f34e-chrome-pdf.html","meta":{"rootId":"k5ews93pjcn081h","id":"k5ews93pjcn081h"},"id":"aydr54xi432z91u","previousOperationId":"kvp0jbmk7sztzaf"}
{"type":"log","timestamp":1678739604581,"level":"debug","message":"Page request: GET (stylesheet) https://fonts.googleapis.com/css2?family=Montserrat:wght@500&family=Open+Sans:wght@300&display=swap","meta":{"rootId":"k5ews93pjcn081h","id":"k5ews93pjcn081h"},"id":"i230zhomjxae1uz","previousOperationId":"kvp0jbmk7sztzaf"}
{"type":"log","timestamp":1678739604877,"level":"debug","message":"Page request finished: GET (stylesheet) 200 https://fonts.googleapis.com/css2?family=Montserrat:wght@500&family=Open+Sans:wght@300&display=swap","meta":{"rootId":"k5ews93pjcn081h","id":"k5ews93pjcn081h"},"id":"7e95lxqurmvriky","previousOperationId":"kvp0jbmk7sztzaf"}
{"type":"log","timestamp":1678739604938,"level":"debug","message":"Page request: GET (font) https://fonts.gstatic.com/s/opensans/v34/memSYaGs126MiZpBA-UvWbX2vVnXBbObj2OVZyOOSr4dVJWUgsiH0B4gaVI.woff2","meta":{"rootId":"k5ews93pjcn081h","id":"k5ews93pjcn081h"},"id":"5kmz4j2giucv6mp","previousOperationId":"kvp0jbmk7sztzaf"}
{"type":"log","timestamp":1678739604944,"level":"debug","message":"Page request: GET (font) https://fonts.gstatic.com/s/opensans/v34/memSYaGs126MiZpBA-UvWbX2vVnXBbObj2OVZyOOSr4dVJWUgsiH0B4gaVI.woff2","meta":{"rootId":"k5ews93pjcn081h","id":"k5ews93pjcn081h"},"id":"2iziwviqkjaahqf","previousOperationId":"kvp0jbmk7sztzaf"}
{"type":"log","timestamp":1678739605138,"level":"debug","message":"Page request finished: GET (font) 200 https://fonts.gstatic.com/s/opensans/v34/memSYaGs126MiZpBA-UvWbX2vVnXBbObj2OVZyOOSr4dVJWUgsiH0B4gaVI.woff2","meta":{"rootId":"k5ews93pjcn081h","id":"k5ews93pjcn081h"},"id":"hkv1609g4cq5sfv","previousOperationId":"kvp0jbmk7sztzaf"}
{"type":"log","timestamp":1678739605187,"level":"debug","message":"Running chrome with params {\"scale\":1,\"displayHeaderFooter\":true,\"headerTemplate\":\"...\",\"footerTemplate\":\"...\",\"printBackground\":true,\"pageRanges\":\"\",\"format\":\"A4\",\"width\":\"\",\"height\":\"\",\"marginTop\":\"350px\",\"marginRight\":\"20px\",\"marginBottom\":\"80px\",\"marginLeft\":\"20px\",\"waitForJS\":false,\"waitForNetworkIddle\":false,\"timeout\":57751,\"waitForNetworkIdle\":false,\"margin\":{\"top\":\"350px\",\"right\":\"20px\",\"bottom\":\"80px\",\"left\":\"20px\"}}","meta":{"rootId":"k5ews93pjcn081h","id":"k5ews93pjcn081h"},"id":"81v7ceyrehxgi17","previousOperationId":"kvp0jbmk7sztzaf"}
{"type":"operationEnd","operationId":"kvp0jbmk7sztzaf","timestamp":1678739605446,"id":"n67ff43ssr08ppq","previousEventId":"jrhhiw3yhu74yzu","previousOperationId":"kvp0jbmk7sztzaf"}
{"type":"log","timestamp":1678739605447,"level":"debug","message":"Skipping storing report.","meta":{"rootId":"k5ews93pjcn081h","id":"k5ews93pjcn081h"},"id":"ko8vovgjx336l4l","previousOperationId":"kvp0jbmk7sztzaf"}
{"type":"log","timestamp":1678739605447,"level":"info","message":"Rendering request 1 finished in 3727 ms","meta":{"rootId":"k5ews93pjcn081h","id":"k5ews93pjcn081h"},"id":"u1x9e3hdxidp6ld","previousOperationId":"kvp0jbmk7sztzaf"}
{"type":"operationEnd","subtype":"render","operationId":"jqypj5qiatm4qfr","timestamp":1678739605447,"id":"tpl0r5tgkdwxfsa","previousEventId":"n67ff43ssr08ppq","previousOperationId":"kvp0jbmk7sztzaf"}
{"type":"operationEnd","doDiffs":false,"previousEventId":"wqi9mfincuko3a1","previousOperationId":"njyqrdl7bn3wwhk","operationId":"njyqrdl7bn3wwhk","timestamp":1678739605451,"id":"bs51mpetc2ivapp"}
