{"type":"operationStart","subtype":"profile","data":{"_id":"twqqfkjPF3wwYdW8","timestamp":"2022-10-02T11:41:21.474Z","state":"queued","mode":"standard","creationDate":"2022-10-02T11:41:21.480Z","modificationDate":"2022-10-02T11:41:21.480Z","shortid":"Ck9CvK3","$entitySet":"profiles"},"doDiffs":false,"timestamp":1664710881478,"id":"725rkjl6vjh8mun","previousOperationId":null,"operationId":"g9xr7padm7htuuj"}
{"type":"log","level":"info","message":"Render request 1 queued for execution and waiting for available worker","previousOperationId":"g9xr7padm7htuuj","timestamp":1664710881478,"id":"e4ofo4ju2dpsbrt"}
{"type":"operationStart","subtype":"render","name":"anonymous","previousOperationId":"g9xr7padm7htuuj","timestamp":1664710881527,"id":"ra4ed40tj1r7wuc","previousEventId":"725rkjl6vjh8mun","operationId":"vzyhp3x06qiy63s"}
{"type":"log","timestamp":1664710881530,"level":"info","message":"Starting rendering request 1 (user: null)","meta":{"rootId":"k6tszeruogj4446","id":"k6tszeruogj4446"},"id":"otjsw03s2s8u8j8","previousOperationId":"vzyhp3x06qiy63s"}
{"type":"log","timestamp":1664710881535,"level":"info","message":"Rendering anonymous template { recipe: chrome-pdf, engine: handlebars }","meta":{"rootId":"k6tszeruogj4446","id":"k6tszeruogj4446"},"id":"46an0iwyu6pf0xj","previousOperationId":"vzyhp3x06qiy63s"}
{"type":"log","timestamp":1664710881536,"level":"debug","message":"Inline data specified.","meta":{"rootId":"k6tszeruogj4446","id":"k6tszeruogj4446"},"id":"sseoke2vxrrn3xy","previousOperationId":"vzyhp3x06qiy63s"}
{"type":"log","timestamp":1664710881587,"level":"debug","message":"Base url not specified, skipping its injection.","meta":{"rootId":"k6tszeruogj4446","id":"k6tszeruogj4446"},"id":"0zi1a3wgfrs7i88","previousOperationId":"vzyhp3x06qiy63s"}
{"type":"operationStart","subtype":"engine","name":"handlebars","timestamp":1664710881589,"id":"8oa7xz6a0y1jgu8","previousEventId":"ra4ed40tj1r7wuc","operationId":"q553bwtzh4kzip4","previousOperationId":"vzyhp3x06qiy63s"}
{"type":"log","timestamp":1664710881604,"level":"debug","message":"Rendering engine handlebars","meta":{"rootId":"k6tszeruogj4446","id":"k6tszeruogj4446"},"id":"muohijky3q0clnz","previousOperationId":"q553bwtzh4kzip4"}
{"type":"operationEnd","operationId":"q553bwtzh4kzip4","timestamp":1664710883077,"id":"o0qvk9ge37y54by","previousEventId":"8oa7xz6a0y1jgu8","previousOperationId":"q553bwtzh4kzip4"}
{"type":"operationStart","subtype":"recipe","name":"chrome-pdf","timestamp":1664710883078,"id":"rteo1sgakgz7no7","previousEventId":"o0qvk9ge37y54by","operationId":"bncqs2wzx1ercp7","previousOperationId":"q553bwtzh4kzip4"}
{"type":"log","timestamp":1664710883078,"level":"debug","message":"Executing recipe chrome-pdf","meta":{"rootId":"k6tszeruogj4446","id":"k6tszeruogj4446"},"id":"owlnc476zy7yqtk","previousOperationId":"bncqs2wzx1ercp7"}
{"type":"log","timestamp":1664710883213,"level":"debug","message":"Starting child request to render pdf header","meta":{"rootId":"k6tszeruogj4446","id":"k6tszeruogj4446"},"id":"rkyewwo637iou5t","previousOperationId":"bncqs2wzx1ercp7"}
{"type":"operationStart","subtype":"render","name":"anonymous","previousOperationId":"bncqs2wzx1ercp7","timestamp":1664710883213,"id":"qw0nk57kibyovgw","previousEventId":"rteo1sgakgz7no7","operationId":"okeosulmt2zdcji"}
{"type":"log","timestamp":1664710883214,"level":"info","message":"Starting rendering request 1 (user: null)","meta":{"rootId":"k6tszeruogj4446","id":"n5dv809oc7jya37"},"id":"9a406dnk8c7btcf","previousOperationId":"okeosulmt2zdcji"}
{"type":"log","timestamp":1664710883214,"level":"info","message":"Rendering anonymous template { recipe: html, engine: handlebars }","meta":{"rootId":"k6tszeruogj4446","id":"n5dv809oc7jya37"},"id":"on48o44a9t2yesq","previousOperationId":"okeosulmt2zdcji"}
{"type":"log","timestamp":1664710883214,"level":"debug","message":"Inline data specified.","meta":{"rootId":"k6tszeruogj4446","id":"n5dv809oc7jya37"},"id":"nu9qdbovcp1oksr","previousOperationId":"okeosulmt2zdcji"}
{"type":"log","timestamp":1664710883218,"level":"debug","message":"Base url not specified, skipping its injection.","meta":{"rootId":"k6tszeruogj4446","id":"n5dv809oc7jya37"},"id":"5pm682j6b6szlex","previousOperationId":"okeosulmt2zdcji"}
{"type":"operationStart","subtype":"engine","name":"handlebars","timestamp":1664710883219,"id":"834oer2fd99ianc","previousEventId":"qw0nk57kibyovgw","operationId":"2ad7oup2nbvkpf4","previousOperationId":"okeosulmt2zdcji"}
{"type":"log","timestamp":1664710883219,"level":"debug","message":"Rendering engine handlebars","meta":{"rootId":"k6tszeruogj4446","id":"n5dv809oc7jya37"},"id":"wc5m97i1cnb690u","previousOperationId":"2ad7oup2nbvkpf4"}
{"type":"operationEnd","operationId":"2ad7oup2nbvkpf4","timestamp":1664710883239,"id":"apteln47fnhu7uc","previousEventId":"834oer2fd99ianc","previousOperationId":"2ad7oup2nbvkpf4"}
{"type":"operationStart","subtype":"recipe","name":"html","timestamp":1664710883239,"id":"h9xaqoxmemguoaw","previousEventId":"apteln47fnhu7uc","operationId":"jzwdqb4b88detql","previousOperationId":"2ad7oup2nbvkpf4"}
{"type":"log","timestamp":1664710883239,"level":"debug","message":"Executing recipe html","meta":{"rootId":"k6tszeruogj4446","id":"n5dv809oc7jya37"},"id":"kv8oyhbekvr0513","previousOperationId":"jzwdqb4b88detql"}
{"type":"operationEnd","operationId":"jzwdqb4b88detql","timestamp":1664710883240,"id":"hpty48bdi1p3a5w","previousEventId":"h9xaqoxmemguoaw","previousOperationId":"jzwdqb4b88detql"}
{"type":"log","timestamp":1664710883241,"level":"debug","message":"Skipping storing report.","meta":{"rootId":"k6tszeruogj4446","id":"n5dv809oc7jya37"},"id":"znlgl1ryjyexplt","previousOperationId":"jzwdqb4b88detql"}
{"type":"log","timestamp":1664710883242,"level":"info","message":"Rendering request 1 finished in 1770 ms","meta":{"rootId":"k6tszeruogj4446","id":"n5dv809oc7jya37"},"id":"pbi90w3vfpskfvx","previousOperationId":"jzwdqb4b88detql"}
{"type":"operationEnd","subtype":"render","operationId":"okeosulmt2zdcji","timestamp":1664710883242,"id":"n80ei2lu0rlncdv","previousEventId":"hpty48bdi1p3a5w","previousOperationId":"jzwdqb4b88detql"}
{"type":"log","timestamp":1664710883242,"level":"debug","message":"Starting child request to render pdf footer","meta":{"rootId":"k6tszeruogj4446","id":"k6tszeruogj4446"},"id":"z7iloqhdhcedt3p","previousOperationId":"bncqs2wzx1ercp7"}
{"type":"operationStart","subtype":"render","name":"anonymous","previousOperationId":"bncqs2wzx1ercp7","timestamp":1664710883244,"id":"ed4414piqufl3k8","previousEventId":"rteo1sgakgz7no7","operationId":"mb6csc2t1hqotqf"}
{"type":"log","timestamp":1664710883244,"level":"info","message":"Starting rendering request 1 (user: null)","meta":{"rootId":"k6tszeruogj4446","id":"sfcp75cdojxbjf1"},"id":"0nxqfb9hoyqsd4e","previousOperationId":"mb6csc2t1hqotqf"}
{"type":"log","timestamp":1664710883244,"level":"info","message":"Rendering anonymous template { recipe: html, engine: handlebars }","meta":{"rootId":"k6tszeruogj4446","id":"sfcp75cdojxbjf1"},"id":"ptl7o37f5ulcz1p","previousOperationId":"mb6csc2t1hqotqf"}
{"type":"log","timestamp":1664710883244,"level":"debug","message":"Inline data specified.","meta":{"rootId":"k6tszeruogj4446","id":"sfcp75cdojxbjf1"},"id":"82ft6ztc2i4pv16","previousOperationId":"mb6csc2t1hqotqf"}
{"type":"log","timestamp":1664710883256,"level":"debug","message":"Base url not specified, skipping its injection.","meta":{"rootId":"k6tszeruogj4446","id":"sfcp75cdojxbjf1"},"id":"4n1hu8437hcutq2","previousOperationId":"mb6csc2t1hqotqf"}
{"type":"operationStart","subtype":"engine","name":"handlebars","timestamp":1664710883257,"id":"yydvk0ywct6xo46","previousEventId":"ed4414piqufl3k8","operationId":"06zby5n87r82v6c","previousOperationId":"mb6csc2t1hqotqf"}
{"type":"log","timestamp":1664710883257,"level":"debug","message":"Rendering engine handlebars","meta":{"rootId":"k6tszeruogj4446","id":"sfcp75cdojxbjf1"},"id":"lidy680h7n7e8ac","previousOperationId":"06zby5n87r82v6c"}
{"type":"operationEnd","operationId":"06zby5n87r82v6c","timestamp":1664710883311,"id":"71r3kgr2qkyoguu","previousEventId":"yydvk0ywct6xo46","previousOperationId":"06zby5n87r82v6c"}
{"type":"operationStart","subtype":"recipe","name":"html","timestamp":1664710883312,"id":"nlrdz2nklahxgow","previousEventId":"71r3kgr2qkyoguu","operationId":"qavxomjyrv6ypxg","previousOperationId":"06zby5n87r82v6c"}
{"type":"log","timestamp":1664710883312,"level":"debug","message":"Executing recipe html","meta":{"rootId":"k6tszeruogj4446","id":"sfcp75cdojxbjf1"},"id":"whaf75utk8v6hn9","previousOperationId":"qavxomjyrv6ypxg"}
{"type":"operationEnd","operationId":"qavxomjyrv6ypxg","timestamp":1664710883312,"id":"lhjg4f9opvz1eq1","previousEventId":"nlrdz2nklahxgow","previousOperationId":"qavxomjyrv6ypxg"}
{"type":"log","timestamp":1664710883312,"level":"debug","message":"Skipping storing report.","meta":{"rootId":"k6tszeruogj4446","id":"sfcp75cdojxbjf1"},"id":"qm7v4gph3go9d1l","previousOperationId":"qavxomjyrv6ypxg"}
{"type":"log","timestamp":1664710883312,"level":"info","message":"Rendering request 1 finished in 1840 ms","meta":{"rootId":"k6tszeruogj4446","id":"sfcp75cdojxbjf1"},"id":"w2eb2ka0j9e60fc","previousOperationId":"qavxomjyrv6ypxg"}
{"type":"operationEnd","subtype":"render","operationId":"mb6csc2t1hqotqf","timestamp":1664710883312,"id":"h0qlyf52x2dnued","previousEventId":"lhjg4f9opvz1eq1","previousOperationId":"qavxomjyrv6ypxg"}
{"type":"log","timestamp":1664710884999,"level":"debug","message":"Converting with chrome HeadlessChrome/98.0.4758.0 using chrome-pool strategy","meta":{"rootId":"k6tszeruogj4446","id":"k6tszeruogj4446"},"id":"us1vtf30tpm35ch","previousOperationId":"bncqs2wzx1ercp7"}
{"type":"log","timestamp":1664710885395,"level":"debug","message":"Page request: GET (document) file:///var/folders/8m/98z140gs3yzbw6jqmpbh8b8m0000gn/T/jsreport/autocleanup/23717b6f-5f4c-419d-bc34-f7175b3415d8-chrome-pdf.html","meta":{"rootId":"k6tszeruogj4446","id":"k6tszeruogj4446"},"id":"5a35vsanbcielzp","previousOperationId":"bncqs2wzx1ercp7"}
{"type":"log","timestamp":1664710885420,"level":"debug","message":"Page request finished: GET (document) file:///var/folders/8m/98z140gs3yzbw6jqmpbh8b8m0000gn/T/jsreport/autocleanup/23717b6f-5f4c-419d-bc34-f7175b3415d8-chrome-pdf.html","meta":{"rootId":"k6tszeruogj4446","id":"k6tszeruogj4446"},"id":"yz8d7rhxiqynyl2","previousOperationId":"bncqs2wzx1ercp7"}
{"type":"log","timestamp":1664710885422,"level":"debug","message":"Page request: GET (stylesheet) https://fonts.googleapis.com/css2?family=Montserrat:wght@500&family=Open+Sans:wght@300&display=swap","meta":{"rootId":"k6tszeruogj4446","id":"k6tszeruogj4446"},"id":"2xh46jknho0rrqm","previousOperationId":"bncqs2wzx1ercp7"}
{"type":"log","timestamp":1664710885740,"level":"debug","message":"Page request finished: GET (stylesheet) 200 https://fonts.googleapis.com/css2?family=Montserrat:wght@500&family=Open+Sans:wght@300&display=swap","meta":{"rootId":"k6tszeruogj4446","id":"k6tszeruogj4446"},"id":"uqsian1cg4jul9i","previousOperationId":"bncqs2wzx1ercp7"}
{"type":"log","timestamp":1664710885791,"level":"debug","message":"Page request: GET (font) https://fonts.gstatic.com/s/opensans/v34/memSYaGs126MiZpBA-UvWbX2vVnXBbObj2OVZyOOSr4dVJWUgsiH0B4gaVQUwaEQbjA.woff","meta":{"rootId":"k6tszeruogj4446","id":"k6tszeruogj4446"},"id":"4myc9saymiosnyu","previousOperationId":"bncqs2wzx1ercp7"}
{"type":"log","timestamp":1664710885807,"level":"debug","message":"Page request: GET (font) https://fonts.gstatic.com/s/opensans/v34/memSYaGs126MiZpBA-UvWbX2vVnXBbObj2OVZyOOSr4dVJWUgsiH0B4gaVQUwaEQbjA.woff","meta":{"rootId":"k6tszeruogj4446","id":"k6tszeruogj4446"},"id":"fhk1e66rafh7rcd","previousOperationId":"bncqs2wzx1ercp7"}
{"type":"log","timestamp":1664710886125,"level":"debug","message":"Page request finished: GET (font) 200 https://fonts.gstatic.com/s/opensans/v34/memSYaGs126MiZpBA-UvWbX2vVnXBbObj2OVZyOOSr4dVJWUgsiH0B4gaVQUwaEQbjA.woff","meta":{"rootId":"k6tszeruogj4446","id":"k6tszeruogj4446"},"id":"tiqro0990dtysvu","previousOperationId":"bncqs2wzx1ercp7"}
{"type":"log","timestamp":1664710886150,"level":"debug","message":"Running chrome with params {\"scale\":1,\"displayHeaderFooter\":true,\"headerTemplate\":\"...\",\"footerTemplate\":\"...\",\"printBackground\":true,\"pageRanges\":\"\",\"format\":\"A4\",\"width\":\"\",\"height\":\"\",\"marginTop\":\"470px\",\"marginRight\":\"20px\",\"marginBottom\":\"80px\",\"marginLeft\":\"20px\",\"waitForJS\":false,\"waitForNetworkIddle\":false,\"timeout\":58159,\"waitForNetworkIdle\":false,\"margin\":{\"top\":\"470px\",\"right\":\"20px\",\"bottom\":\"80px\",\"left\":\"20px\"}}","meta":{"rootId":"k6tszeruogj4446","id":"k6tszeruogj4446"},"id":"9xl4aq8osdv1676","previousOperationId":"bncqs2wzx1ercp7"}
{"type":"operationEnd","operationId":"bncqs2wzx1ercp7","timestamp":1664710886457,"id":"u1y2j3w8erekvla","previousEventId":"rteo1sgakgz7no7","previousOperationId":"bncqs2wzx1ercp7"}
{"type":"log","timestamp":1664710886457,"level":"debug","message":"Skipping storing report.","meta":{"rootId":"k6tszeruogj4446","id":"k6tszeruogj4446"},"id":"coc3ek6ofabxmbo","previousOperationId":"bncqs2wzx1ercp7"}
{"type":"log","timestamp":1664710886457,"level":"info","message":"Rendering request 1 finished in 4985 ms","meta":{"rootId":"k6tszeruogj4446","id":"k6tszeruogj4446"},"id":"9twjn6tiue8u0rn","previousOperationId":"bncqs2wzx1ercp7"}
{"type":"operationEnd","subtype":"render","operationId":"vzyhp3x06qiy63s","timestamp":1664710886457,"id":"sdjy66jdlw9nwfm","previousEventId":"u1y2j3w8erekvla","previousOperationId":"bncqs2wzx1ercp7"}
{"type":"operationEnd","doDiffs":false,"previousEventId":"725rkjl6vjh8mun","previousOperationId":"g9xr7padm7htuuj","operationId":"g9xr7padm7htuuj","timestamp":1664710886468,"id":"5940oxet28aox33"}
