{"type":"operationStart","subtype":"profile","data":{"_id":"JhkI4RUaGM2WzKPw","timestamp":"2022-09-22T09:29:39.243Z","state":"queued","mode":"standard","creationDate":"2022-09-22T09:29:39.250Z","modificationDate":"2022-09-22T09:29:39.250Z","shortid":"TbK6weW","$entitySet":"profiles"},"doDiffs":false,"timestamp":1663838979248,"id":"jfmq74rybvotglb","previousOperationId":null,"operationId":"4f169fhvy1avhfn"}
{"type":"log","level":"info","message":"Render request 2 queued for execution and waiting for available worker","previousOperationId":"4f169fhvy1avhfn","timestamp":1663838979249,"id":"43sab5qwl5j7a0y"}
{"type":"operationStart","subtype":"render","name":"anonymous","previousOperationId":"4f169fhvy1avhfn","timestamp":1663838979335,"id":"5xghaqan4dp825q","previousEventId":"jfmq74rybvotglb","operationId":"nglkqb2ty47rqrj"}
{"type":"log","timestamp":1663838979340,"level":"info","message":"Starting rendering request 2 (user: null)","meta":{"rootId":"k8paqbfnlwg4rcu","id":"k8paqbfnlwg4rcu"},"id":"q4er6j8fndongye","previousOperationId":"nglkqb2ty47rqrj"}
{"type":"log","timestamp":1663838979351,"level":"info","message":"Rendering anonymous template { recipe: chrome-pdf, engine: handlebars }","meta":{"rootId":"k8paqbfnlwg4rcu","id":"k8paqbfnlwg4rcu"},"id":"kecpso7luywue2y","previousOperationId":"nglkqb2ty47rqrj"}
{"type":"log","timestamp":1663838979352,"level":"debug","message":"Inline data specified.","meta":{"rootId":"k8paqbfnlwg4rcu","id":"k8paqbfnlwg4rcu"},"id":"domawienpdy9tbc","previousOperationId":"nglkqb2ty47rqrj"}
{"type":"log","timestamp":1663838979372,"level":"debug","message":"Base url not specified, skipping its injection.","meta":{"rootId":"k8paqbfnlwg4rcu","id":"k8paqbfnlwg4rcu"},"id":"njarz9bl12gdm0k","previousOperationId":"nglkqb2ty47rqrj"}
{"type":"operationStart","subtype":"engine","name":"handlebars","timestamp":1663838979374,"id":"5nrn2qxtaqjesse","previousEventId":"5xghaqan4dp825q","operationId":"h67cbs0ewwtl22f","previousOperationId":"nglkqb2ty47rqrj"}
{"type":"log","timestamp":1663838979374,"level":"debug","message":"Rendering engine handlebars","meta":{"rootId":"k8paqbfnlwg4rcu","id":"k8paqbfnlwg4rcu"},"id":"ze0h6trkexkbjev","previousOperationId":"h67cbs0ewwtl22f"}
{"type":"operationEnd","operationId":"h67cbs0ewwtl22f","timestamp":1663838981153,"id":"m56fxcexvnvj0g6","previousEventId":"5nrn2qxtaqjesse","previousOperationId":"h67cbs0ewwtl22f"}
{"type":"operationStart","subtype":"recipe","name":"chrome-pdf","timestamp":1663838981154,"id":"6shmrf8nsbavitt","previousEventId":"m56fxcexvnvj0g6","operationId":"ixh6127k8if86qb","previousOperationId":"h67cbs0ewwtl22f"}
{"type":"log","timestamp":1663838981154,"level":"debug","message":"Executing recipe chrome-pdf","meta":{"rootId":"k8paqbfnlwg4rcu","id":"k8paqbfnlwg4rcu"},"id":"mcmygg4a71avwxr","previousOperationId":"ixh6127k8if86qb"}
{"type":"log","timestamp":1663838981364,"level":"debug","message":"Starting child request to render pdf header","meta":{"rootId":"k8paqbfnlwg4rcu","id":"k8paqbfnlwg4rcu"},"id":"jlodezpe5uqsps7","previousOperationId":"ixh6127k8if86qb"}
{"type":"operationStart","subtype":"render","name":"anonymous","previousOperationId":"ixh6127k8if86qb","timestamp":1663838981365,"id":"2sgwor2hodd95bz","previousEventId":"6shmrf8nsbavitt","operationId":"vi0no895k0kn8v1"}
{"type":"log","timestamp":1663838981365,"level":"info","message":"Starting rendering request 2 (user: null)","meta":{"rootId":"k8paqbfnlwg4rcu","id":"s066yy23ql7e5ox"},"id":"ex2ltdfvwyci786","previousOperationId":"vi0no895k0kn8v1"}
{"type":"log","timestamp":1663838981366,"level":"info","message":"Rendering anonymous template { recipe: html, engine: handlebars }","meta":{"rootId":"k8paqbfnlwg4rcu","id":"s066yy23ql7e5ox"},"id":"q2lghhgfex808uh","previousOperationId":"vi0no895k0kn8v1"}
{"type":"log","timestamp":1663838981366,"level":"debug","message":"Inline data specified.","meta":{"rootId":"k8paqbfnlwg4rcu","id":"s066yy23ql7e5ox"},"id":"c1zry19b9d7yffl","previousOperationId":"vi0no895k0kn8v1"}
{"type":"log","timestamp":1663838981375,"level":"debug","message":"Base url not specified, skipping its injection.","meta":{"rootId":"k8paqbfnlwg4rcu","id":"s066yy23ql7e5ox"},"id":"cn15ki9zw1nurzo","previousOperationId":"vi0no895k0kn8v1"}
{"type":"log","timestamp":1663838981386,"level":"debug","message":"Replaced assets [\"./src/reporting/assets/logo.png\"]","meta":{"rootId":"k8paqbfnlwg4rcu","id":"s066yy23ql7e5ox"},"id":"7mawnziwz6z1bjy","previousOperationId":"vi0no895k0kn8v1"}
{"type":"operationStart","subtype":"engine","name":"handlebars","timestamp":1663838981386,"id":"9yzl0tyjaen0kxa","previousEventId":"2sgwor2hodd95bz","operationId":"o9nmkhz33u750tb","previousOperationId":"vi0no895k0kn8v1"}
{"type":"log","timestamp":1663838981386,"level":"debug","message":"Rendering engine handlebars","meta":{"rootId":"k8paqbfnlwg4rcu","id":"s066yy23ql7e5ox"},"id":"0ott4b6e8i1jqxf","previousOperationId":"o9nmkhz33u750tb"}
{"type":"operationEnd","operationId":"o9nmkhz33u750tb","timestamp":1663838981406,"id":"m25oy1gjsduhxiv","previousEventId":"9yzl0tyjaen0kxa","previousOperationId":"o9nmkhz33u750tb"}
{"type":"operationStart","subtype":"recipe","name":"html","timestamp":1663838981406,"id":"zusr8tavkram8l3","previousEventId":"m25oy1gjsduhxiv","operationId":"d87eb9y499jfkey","previousOperationId":"o9nmkhz33u750tb"}
{"type":"log","timestamp":1663838981406,"level":"debug","message":"Executing recipe html","meta":{"rootId":"k8paqbfnlwg4rcu","id":"s066yy23ql7e5ox"},"id":"4iplmx65r7xcshj","previousOperationId":"d87eb9y499jfkey"}
{"type":"operationEnd","operationId":"d87eb9y499jfkey","timestamp":1663838981406,"id":"i4zimpaun36efe2","previousEventId":"zusr8tavkram8l3","previousOperationId":"d87eb9y499jfkey"}
{"type":"log","timestamp":1663838981408,"level":"debug","message":"Skipping storing report.","meta":{"rootId":"k8paqbfnlwg4rcu","id":"s066yy23ql7e5ox"},"id":"ukauyasspw7ck18","previousOperationId":"d87eb9y499jfkey"}
{"type":"log","timestamp":1663838981408,"level":"info","message":"Rendering request 2 finished in 2170 ms","meta":{"rootId":"k8paqbfnlwg4rcu","id":"s066yy23ql7e5ox"},"id":"05ihlllj4rfjdj9","previousOperationId":"d87eb9y499jfkey"}
{"type":"operationEnd","subtype":"render","operationId":"vi0no895k0kn8v1","timestamp":1663838981408,"id":"03u93hg1t5fkz7c","previousEventId":"i4zimpaun36efe2","previousOperationId":"d87eb9y499jfkey"}
{"type":"log","timestamp":1663838981408,"level":"debug","message":"Starting child request to render pdf footer","meta":{"rootId":"k8paqbfnlwg4rcu","id":"k8paqbfnlwg4rcu"},"id":"13aovwr1inir3at","previousOperationId":"ixh6127k8if86qb"}
{"type":"operationStart","subtype":"render","name":"anonymous","previousOperationId":"ixh6127k8if86qb","timestamp":1663838981409,"id":"mv6miwfspo59ivs","previousEventId":"6shmrf8nsbavitt","operationId":"i60d772qszonoji"}
{"type":"log","timestamp":1663838981409,"level":"info","message":"Starting rendering request 2 (user: null)","meta":{"rootId":"k8paqbfnlwg4rcu","id":"u9qg8o78984th1i"},"id":"neiaoyxendxtqww","previousOperationId":"i60d772qszonoji"}
{"type":"log","timestamp":1663838981409,"level":"info","message":"Rendering anonymous template { recipe: html, engine: handlebars }","meta":{"rootId":"k8paqbfnlwg4rcu","id":"u9qg8o78984th1i"},"id":"o7dtr5ypp0j8t1h","previousOperationId":"i60d772qszonoji"}
{"type":"log","timestamp":1663838981409,"level":"debug","message":"Inline data specified.","meta":{"rootId":"k8paqbfnlwg4rcu","id":"u9qg8o78984th1i"},"id":"ovh5qkk2hnqy3u4","previousOperationId":"i60d772qszonoji"}
{"type":"log","timestamp":1663838981417,"level":"debug","message":"Base url not specified, skipping its injection.","meta":{"rootId":"k8paqbfnlwg4rcu","id":"u9qg8o78984th1i"},"id":"dfvytpsih8tfbsv","previousOperationId":"i60d772qszonoji"}
{"type":"operationStart","subtype":"engine","name":"handlebars","timestamp":1663838981417,"id":"om4mzwunoj9xplf","previousEventId":"mv6miwfspo59ivs","operationId":"nex6hz88jdwvvsl","previousOperationId":"i60d772qszonoji"}
{"type":"log","timestamp":1663838981417,"level":"debug","message":"Rendering engine handlebars","meta":{"rootId":"k8paqbfnlwg4rcu","id":"u9qg8o78984th1i"},"id":"uptabpr5xknzhu2","previousOperationId":"nex6hz88jdwvvsl"}
{"type":"operationEnd","operationId":"nex6hz88jdwvvsl","timestamp":1663838981437,"id":"y2rt3co4dxzyvyd","previousEventId":"om4mzwunoj9xplf","previousOperationId":"nex6hz88jdwvvsl"}
{"type":"operationStart","subtype":"recipe","name":"html","timestamp":1663838981438,"id":"xkr24pw0ipp6amn","previousEventId":"y2rt3co4dxzyvyd","operationId":"9o2ff69aapo1fdf","previousOperationId":"nex6hz88jdwvvsl"}
{"type":"log","timestamp":1663838981438,"level":"debug","message":"Executing recipe html","meta":{"rootId":"k8paqbfnlwg4rcu","id":"u9qg8o78984th1i"},"id":"tj09w0xh9iyvn1x","previousOperationId":"9o2ff69aapo1fdf"}
{"type":"operationEnd","operationId":"9o2ff69aapo1fdf","timestamp":1663838981438,"id":"crslm5jyz24pd8p","previousEventId":"xkr24pw0ipp6amn","previousOperationId":"9o2ff69aapo1fdf"}
{"type":"log","timestamp":1663838981438,"level":"debug","message":"Skipping storing report.","meta":{"rootId":"k8paqbfnlwg4rcu","id":"u9qg8o78984th1i"},"id":"wn4zp8f6xtw6x26","previousOperationId":"9o2ff69aapo1fdf"}
{"type":"log","timestamp":1663838981438,"level":"info","message":"Rendering request 2 finished in 2200 ms","meta":{"rootId":"k8paqbfnlwg4rcu","id":"u9qg8o78984th1i"},"id":"r6pea3tkcihdati","previousOperationId":"9o2ff69aapo1fdf"}
{"type":"operationEnd","subtype":"render","operationId":"i60d772qszonoji","timestamp":1663838981439,"id":"kwb8b5t92l62kt8","previousEventId":"crslm5jyz24pd8p","previousOperationId":"9o2ff69aapo1fdf"}
{"type":"log","timestamp":1663838983223,"level":"debug","message":"Converting with chrome HeadlessChrome/98.0.4758.0 using chrome-pool strategy","meta":{"rootId":"k8paqbfnlwg4rcu","id":"k8paqbfnlwg4rcu"},"id":"70skl3ch5fuelnd","previousOperationId":"ixh6127k8if86qb"}
{"type":"log","timestamp":1663838983463,"level":"debug","message":"Page request: GET (document) file:///var/folders/8m/98z140gs3yzbw6jqmpbh8b8m0000gn/T/jsreport/autocleanup/3e78e31e-d7dd-43ec-91fa-66910de55618-chrome-pdf.html","meta":{"rootId":"k8paqbfnlwg4rcu","id":"k8paqbfnlwg4rcu"},"id":"kie9kf7a6tukz40","previousOperationId":"ixh6127k8if86qb"}
{"type":"log","timestamp":1663838983485,"level":"debug","message":"Page request finished: GET (document) file:///var/folders/8m/98z140gs3yzbw6jqmpbh8b8m0000gn/T/jsreport/autocleanup/3e78e31e-d7dd-43ec-91fa-66910de55618-chrome-pdf.html","meta":{"rootId":"k8paqbfnlwg4rcu","id":"k8paqbfnlwg4rcu"},"id":"khsn7jttzes6ngu","previousOperationId":"ixh6127k8if86qb"}
{"type":"log","timestamp":1663838983492,"level":"debug","message":"Page request: GET (stylesheet) https://fonts.googleapis.com/css2?family=Montserrat:wght@500&family=Open+Sans:wght@300&display=swap","meta":{"rootId":"k8paqbfnlwg4rcu","id":"k8paqbfnlwg4rcu"},"id":"eiwu2r1rwbaq9k3","previousOperationId":"ixh6127k8if86qb"}
{"type":"log","timestamp":1663838983841,"level":"debug","message":"Page request finished: GET (stylesheet) 200 https://fonts.googleapis.com/css2?family=Montserrat:wght@500&family=Open+Sans:wght@300&display=swap","meta":{"rootId":"k8paqbfnlwg4rcu","id":"k8paqbfnlwg4rcu"},"id":"yxf8no2pmny9xq8","previousOperationId":"ixh6127k8if86qb"}
{"type":"log","timestamp":1663838983930,"level":"debug","message":"Page request: GET (font) https://fonts.gstatic.com/s/opensans/v34/memSYaGs126MiZpBA-UvWbX2vVnXBbObj2OVZyOOSr4dVJWUgsiH0B4gaVQUwaEQbjA.woff","meta":{"rootId":"k8paqbfnlwg4rcu","id":"k8paqbfnlwg4rcu"},"id":"mljmmf1tcqyr3bf","previousOperationId":"ixh6127k8if86qb"}
{"type":"log","timestamp":1663838983941,"level":"debug","message":"Running chrome with params {\"scale\":1,\"displayHeaderFooter\":true,\"headerTemplate\":\"...\",\"footerTemplate\":\"...\",\"printBackground\":true,\"pageRanges\":\"\",\"format\":\"A4\",\"width\":\"\",\"height\":\"\",\"marginTop\":\"350px\",\"marginRight\":\"20px\",\"marginBottom\":\"80px\",\"marginLeft\":\"20px\",\"waitForJS\":false,\"waitForNetworkIddle\":false,\"timeout\":57799,\"waitForNetworkIdle\":false,\"margin\":{\"top\":\"350px\",\"right\":\"20px\",\"bottom\":\"80px\",\"left\":\"20px\"}}","meta":{"rootId":"k8paqbfnlwg4rcu","id":"k8paqbfnlwg4rcu"},"id":"j9bjbpo9kvq0vlc","previousOperationId":"ixh6127k8if86qb"}
{"type":"log","timestamp":1663838983959,"level":"debug","message":"Page request: GET (font) https://fonts.gstatic.com/s/opensans/v34/memSYaGs126MiZpBA-UvWbX2vVnXBbObj2OVZyOOSr4dVJWUgsiH0B4gaVQUwaEQbjA.woff","meta":{"rootId":"k8paqbfnlwg4rcu","id":"k8paqbfnlwg4rcu"},"id":"wc0odbb6o6s4ygf","previousOperationId":"ixh6127k8if86qb"}
{"type":"operationEnd","operationId":"ixh6127k8if86qb","timestamp":1663838984195,"id":"lg50r4gxevjpai4","previousEventId":"6shmrf8nsbavitt","previousOperationId":"ixh6127k8if86qb"}
{"type":"log","timestamp":1663838984195,"level":"debug","message":"Skipping storing report.","meta":{"rootId":"k8paqbfnlwg4rcu","id":"k8paqbfnlwg4rcu"},"id":"f52lzviv330gqwi","previousOperationId":"ixh6127k8if86qb"}
{"type":"log","timestamp":1663838984196,"level":"info","message":"Rendering request 2 finished in 4958 ms","meta":{"rootId":"k8paqbfnlwg4rcu","id":"k8paqbfnlwg4rcu"},"id":"0npt8a7chb62ba4","previousOperationId":"ixh6127k8if86qb"}
{"type":"operationEnd","subtype":"render","operationId":"nglkqb2ty47rqrj","timestamp":1663838984196,"id":"ory6qai2dbkepwo","previousEventId":"lg50r4gxevjpai4","previousOperationId":"ixh6127k8if86qb"}
{"type":"operationEnd","doDiffs":false,"previousEventId":"jfmq74rybvotglb","previousOperationId":"4f169fhvy1avhfn","operationId":"4f169fhvy1avhfn","timestamp":1663838984202,"id":"3hd1fdqj6bptp00"}
