{"type":"operationStart","subtype":"profile","data":{"_id":"8NdneyjRFNE55g3P","timestamp":"2022-09-01T09:53:11.268Z","state":"queued","mode":"standard","creationDate":"2022-09-01T09:53:11.274Z","modificationDate":"2022-09-01T09:53:11.274Z","shortid":"PCjz5al","$entitySet":"profiles"},"doDiffs":false,"timestamp":1662025991272,"id":"rao7kjnziinfl55","previousOperationId":null,"operationId":"l6ul1z1hno0h7k8"}
{"type":"log","level":"info","message":"Render request 1 queued for execution and waiting for available worker","previousOperationId":"l6ul1z1hno0h7k8","timestamp":1662025991272,"id":"1c8ve0g2tj2ejl7"}
{"type":"operationStart","subtype":"render","name":"anonymous","previousOperationId":"l6ul1z1hno0h7k8","timestamp":1662025991765,"id":"jhzs9d74ylzn2st","previousEventId":"rao7kjnziinfl55","operationId":"8aja9whgktuw3y4"}
{"type":"log","timestamp":1662025991768,"level":"info","message":"Starting rendering request 1 (user: null)","meta":{"rootId":"kszg362tnutnx3k","id":"kszg362tnutnx3k"},"id":"qrgawi55hqb8lm5","previousOperationId":"8aja9whgktuw3y4"}
{"type":"log","timestamp":1662025991772,"level":"info","message":"Rendering anonymous template { recipe: chrome-pdf, engine: handlebars }","meta":{"rootId":"kszg362tnutnx3k","id":"kszg362tnutnx3k"},"id":"s70revl0cs4kmig","previousOperationId":"8aja9whgktuw3y4"}
{"type":"log","timestamp":1662025991784,"level":"debug","message":"Inline data specified.","meta":{"rootId":"kszg362tnutnx3k","id":"kszg362tnutnx3k"},"id":"xniyyhk47ducl1d","previousOperationId":"8aja9whgktuw3y4"}
{"type":"log","timestamp":1662025992007,"level":"debug","message":"Base url not specified, skipping its injection.","meta":{"rootId":"kszg362tnutnx3k","id":"kszg362tnutnx3k"},"id":"59wcc6dpgtx17vm","previousOperationId":"8aja9whgktuw3y4"}
{"type":"operationStart","subtype":"engine","name":"handlebars","timestamp":1662025992010,"id":"d1q07x2ff49ej8u","previousEventId":"jhzs9d74ylzn2st","operationId":"84x0diyqkis86jv","previousOperationId":"8aja9whgktuw3y4"}
{"type":"log","timestamp":1662025992010,"level":"debug","message":"Rendering engine handlebars","meta":{"rootId":"kszg362tnutnx3k","id":"kszg362tnutnx3k"},"id":"ty4cgirby6zuupj","previousOperationId":"84x0diyqkis86jv"}
{"type":"operationEnd","operationId":"84x0diyqkis86jv","timestamp":1662025996529,"id":"sx356rvnjclnd51","previousEventId":"d1q07x2ff49ej8u","previousOperationId":"84x0diyqkis86jv"}
{"type":"operationStart","subtype":"recipe","name":"chrome-pdf","timestamp":1662025996531,"id":"cdeq0uw9mtsa3ok","previousEventId":"sx356rvnjclnd51","operationId":"lb5up1ti5s5gq76","previousOperationId":"84x0diyqkis86jv"}
{"type":"log","timestamp":1662025996531,"level":"debug","message":"Executing recipe chrome-pdf","meta":{"rootId":"kszg362tnutnx3k","id":"kszg362tnutnx3k"},"id":"wm12kvqdjpv9aq5","previousOperationId":"lb5up1ti5s5gq76"}
{"type":"log","timestamp":1662025997142,"level":"debug","message":"Starting child request to render pdf header","meta":{"rootId":"kszg362tnutnx3k","id":"kszg362tnutnx3k"},"id":"1njjndt83cgqrpn","previousOperationId":"lb5up1ti5s5gq76"}
{"type":"operationStart","subtype":"render","name":"anonymous","previousOperationId":"lb5up1ti5s5gq76","timestamp":1662025997148,"id":"4vncb2atbg0x0pg","previousEventId":"cdeq0uw9mtsa3ok","operationId":"u5sd9tzm658909k"}
{"type":"log","timestamp":1662025997148,"level":"info","message":"Starting rendering request 1 (user: null)","meta":{"rootId":"kszg362tnutnx3k","id":"nj7kwabhkgbqhia"},"id":"c6zylrhn5gyiigz","previousOperationId":"u5sd9tzm658909k"}
{"type":"log","timestamp":1662025997148,"level":"info","message":"Rendering anonymous template { recipe: html, engine: handlebars }","meta":{"rootId":"kszg362tnutnx3k","id":"nj7kwabhkgbqhia"},"id":"h3w4r62kaatth8j","previousOperationId":"u5sd9tzm658909k"}
{"type":"log","timestamp":1662025997148,"level":"debug","message":"Inline data specified.","meta":{"rootId":"kszg362tnutnx3k","id":"nj7kwabhkgbqhia"},"id":"zrdc6jtue1gqp8m","previousOperationId":"u5sd9tzm658909k"}
{"type":"log","timestamp":1662025997153,"level":"debug","message":"Base url not specified, skipping its injection.","meta":{"rootId":"kszg362tnutnx3k","id":"nj7kwabhkgbqhia"},"id":"x3rfrjeyabsvqqn","previousOperationId":"u5sd9tzm658909k"}
{"type":"log","timestamp":1662025997183,"level":"debug","message":"Replaced assets [\"./src/reporting/assets/logo.png\"]","meta":{"rootId":"kszg362tnutnx3k","id":"nj7kwabhkgbqhia"},"id":"n00322klr4ldzba","previousOperationId":"u5sd9tzm658909k"}
{"type":"operationStart","subtype":"engine","name":"handlebars","timestamp":1662025997184,"id":"0phi8gya8efe41o","previousEventId":"4vncb2atbg0x0pg","operationId":"pgfjyg39amphygd","previousOperationId":"u5sd9tzm658909k"}
{"type":"log","timestamp":1662025997184,"level":"debug","message":"Rendering engine handlebars","meta":{"rootId":"kszg362tnutnx3k","id":"nj7kwabhkgbqhia"},"id":"y8yeyrscoxto83g","previousOperationId":"pgfjyg39amphygd"}
{"type":"operationEnd","operationId":"pgfjyg39amphygd","timestamp":1662025997227,"id":"k93ys1zxi4c3apa","previousEventId":"0phi8gya8efe41o","previousOperationId":"pgfjyg39amphygd"}
{"type":"operationStart","subtype":"recipe","name":"html","timestamp":1662025997229,"id":"ovnt4lgwbvvh5fb","previousEventId":"k93ys1zxi4c3apa","operationId":"fkh1llcdt2u3e76","previousOperationId":"pgfjyg39amphygd"}
{"type":"log","timestamp":1662025997229,"level":"debug","message":"Executing recipe html","meta":{"rootId":"kszg362tnutnx3k","id":"nj7kwabhkgbqhia"},"id":"zxwtfrwhv3cd70q","previousOperationId":"fkh1llcdt2u3e76"}
{"type":"operationEnd","operationId":"fkh1llcdt2u3e76","timestamp":1662025997229,"id":"rde2p5pb8nz5u7y","previousEventId":"ovnt4lgwbvvh5fb","previousOperationId":"fkh1llcdt2u3e76"}
{"type":"log","timestamp":1662025997230,"level":"debug","message":"Skipping storing report.","meta":{"rootId":"kszg362tnutnx3k","id":"nj7kwabhkgbqhia"},"id":"dhhbiwg6vq0lrd1","previousOperationId":"fkh1llcdt2u3e76"}
{"type":"log","timestamp":1662025997232,"level":"info","message":"Rendering request 1 finished in 5965 ms","meta":{"rootId":"kszg362tnutnx3k","id":"nj7kwabhkgbqhia"},"id":"vqdwmfjsbz5a0or","previousOperationId":"fkh1llcdt2u3e76"}
{"type":"operationEnd","subtype":"render","operationId":"u5sd9tzm658909k","timestamp":1662025997232,"id":"9kzxu7ygdu47z4l","previousEventId":"rde2p5pb8nz5u7y","previousOperationId":"fkh1llcdt2u3e76"}
{"type":"log","timestamp":1662025997233,"level":"debug","message":"Starting child request to render pdf footer","meta":{"rootId":"kszg362tnutnx3k","id":"kszg362tnutnx3k"},"id":"uvyrl1mt3bvk1ia","previousOperationId":"lb5up1ti5s5gq76"}
{"type":"operationStart","subtype":"render","name":"anonymous","previousOperationId":"lb5up1ti5s5gq76","timestamp":1662025997233,"id":"lntvale6fl7miah","previousEventId":"cdeq0uw9mtsa3ok","operationId":"wiaj8ity10rh1gd"}
{"type":"log","timestamp":1662025997234,"level":"info","message":"Starting rendering request 1 (user: null)","meta":{"rootId":"kszg362tnutnx3k","id":"xy9z498w9ccd6q8"},"id":"nbjq3jkzbqp99ry","previousOperationId":"wiaj8ity10rh1gd"}
{"type":"log","timestamp":1662025997234,"level":"info","message":"Rendering anonymous template { recipe: html, engine: handlebars }","meta":{"rootId":"kszg362tnutnx3k","id":"xy9z498w9ccd6q8"},"id":"8puylv13t89k5oo","previousOperationId":"wiaj8ity10rh1gd"}
{"type":"log","timestamp":1662025997234,"level":"debug","message":"Inline data specified.","meta":{"rootId":"kszg362tnutnx3k","id":"xy9z498w9ccd6q8"},"id":"abiv09de2sr17br","previousOperationId":"wiaj8ity10rh1gd"}
{"type":"log","timestamp":1662025997239,"level":"debug","message":"Base url not specified, skipping its injection.","meta":{"rootId":"kszg362tnutnx3k","id":"xy9z498w9ccd6q8"},"id":"unj8ogxj1401gv4","previousOperationId":"wiaj8ity10rh1gd"}
{"type":"operationStart","subtype":"engine","name":"handlebars","timestamp":1662025997240,"id":"bdat28nw6d4wg3g","previousEventId":"lntvale6fl7miah","operationId":"2ydi0fd7e5x9i72","previousOperationId":"wiaj8ity10rh1gd"}
{"type":"log","timestamp":1662025997240,"level":"debug","message":"Rendering engine handlebars","meta":{"rootId":"kszg362tnutnx3k","id":"xy9z498w9ccd6q8"},"id":"kv8gy08lzj5k62j","previousOperationId":"2ydi0fd7e5x9i72"}
{"type":"operationEnd","operationId":"2ydi0fd7e5x9i72","timestamp":1662025997288,"id":"ltmisrqr2yh60tm","previousEventId":"bdat28nw6d4wg3g","previousOperationId":"2ydi0fd7e5x9i72"}
{"type":"operationStart","subtype":"recipe","name":"html","timestamp":1662025997288,"id":"xz2w1sdmkfw2e1u","previousEventId":"ltmisrqr2yh60tm","operationId":"bpcbsa6m6hk4921","previousOperationId":"2ydi0fd7e5x9i72"}
{"type":"log","timestamp":1662025997288,"level":"debug","message":"Executing recipe html","meta":{"rootId":"kszg362tnutnx3k","id":"xy9z498w9ccd6q8"},"id":"rnolwb6sezvpirh","previousOperationId":"bpcbsa6m6hk4921"}
{"type":"operationEnd","operationId":"bpcbsa6m6hk4921","timestamp":1662025997288,"id":"7sjqhx01j53ommy","previousEventId":"xz2w1sdmkfw2e1u","previousOperationId":"bpcbsa6m6hk4921"}
{"type":"log","timestamp":1662025997289,"level":"debug","message":"Skipping storing report.","meta":{"rootId":"kszg362tnutnx3k","id":"xy9z498w9ccd6q8"},"id":"1fc0m0gihqw4s38","previousOperationId":"bpcbsa6m6hk4921"}
{"type":"log","timestamp":1662025997289,"level":"info","message":"Rendering request 1 finished in 6022 ms","meta":{"rootId":"kszg362tnutnx3k","id":"xy9z498w9ccd6q8"},"id":"otmjiokdufsh1ef","previousOperationId":"bpcbsa6m6hk4921"}
{"type":"operationEnd","subtype":"render","operationId":"wiaj8ity10rh1gd","timestamp":1662025997289,"id":"2xnliua4b37hgeg","previousEventId":"7sjqhx01j53ommy","previousOperationId":"bpcbsa6m6hk4921"}
{"type":"log","timestamp":1662026001080,"level":"debug","message":"Converting with chrome HeadlessChrome/98.0.4758.0 using chrome-pool strategy","meta":{"rootId":"kszg362tnutnx3k","id":"kszg362tnutnx3k"},"id":"39t9qhsluk0qa7d","previousOperationId":"lb5up1ti5s5gq76"}
{"type":"log","timestamp":1662026001654,"level":"debug","message":"Page request: GET (document) file:///var/folders/8m/98z140gs3yzbw6jqmpbh8b8m0000gn/T/jsreport/autocleanup/bade12f4-2910-4acb-bc8b-bb858636bad3-chrome-pdf.html","meta":{"rootId":"kszg362tnutnx3k","id":"kszg362tnutnx3k"},"id":"bre7j37bf12tzxy","previousOperationId":"lb5up1ti5s5gq76"}
{"type":"log","timestamp":1662026001699,"level":"debug","message":"Page request finished: GET (document) file:///var/folders/8m/98z140gs3yzbw6jqmpbh8b8m0000gn/T/jsreport/autocleanup/bade12f4-2910-4acb-bc8b-bb858636bad3-chrome-pdf.html","meta":{"rootId":"kszg362tnutnx3k","id":"kszg362tnutnx3k"},"id":"xv4a3u66913hoe3","previousOperationId":"lb5up1ti5s5gq76"}
{"type":"log","timestamp":1662026001713,"level":"debug","message":"Page request: GET (stylesheet) https://fonts.googleapis.com/css2?family=Montserrat:wght@500&family=Open+Sans:wght@300&display=swap","meta":{"rootId":"kszg362tnutnx3k","id":"kszg362tnutnx3k"},"id":"g0oafr6wjbna1nq","previousOperationId":"lb5up1ti5s5gq76"}
{"type":"log","timestamp":1662026002171,"level":"debug","message":"Page request finished: GET (stylesheet) 200 https://fonts.googleapis.com/css2?family=Montserrat:wght@500&family=Open+Sans:wght@300&display=swap","meta":{"rootId":"kszg362tnutnx3k","id":"kszg362tnutnx3k"},"id":"dvhl1oxy03bd8xr","previousOperationId":"lb5up1ti5s5gq76"}
{"type":"log","timestamp":1662026002244,"level":"debug","message":"Page request: GET (font) https://fonts.gstatic.com/s/opensans/v34/memSYaGs126MiZpBA-UvWbX2vVnXBbObj2OVZyOOSr4dVJWUgsiH0B4gaVQUwaEQbjA.woff","meta":{"rootId":"kszg362tnutnx3k","id":"kszg362tnutnx3k"},"id":"6dnaaj8stv3pnqq","previousOperationId":"lb5up1ti5s5gq76"}
{"type":"log","timestamp":1662026002280,"level":"debug","message":"Running chrome with params {\"scale\":1,\"displayHeaderFooter\":true,\"headerTemplate\":\"...\",\"footerTemplate\":\"...\",\"printBackground\":true,\"pageRanges\":\"\",\"format\":\"A4\",\"width\":\"\",\"height\":\"\",\"marginTop\":\"350px\",\"marginRight\":\"20px\",\"marginBottom\":\"80px\",\"marginLeft\":\"20px\",\"waitForJS\":false,\"waitForNetworkIddle\":false,\"timeout\":53978,\"waitForNetworkIdle\":false,\"margin\":{\"top\":\"350px\",\"right\":\"20px\",\"bottom\":\"80px\",\"left\":\"20px\"}}","meta":{"rootId":"kszg362tnutnx3k","id":"kszg362tnutnx3k"},"id":"4993avu9k4yyh0d","previousOperationId":"lb5up1ti5s5gq76"}
{"type":"log","timestamp":1662026002322,"level":"debug","message":"Page request: GET (font) https://fonts.gstatic.com/s/opensans/v34/memSYaGs126MiZpBA-UvWbX2vVnXBbObj2OVZyOOSr4dVJWUgsiH0B4gaVQUwaEQbjA.woff","meta":{"rootId":"kszg362tnutnx3k","id":"kszg362tnutnx3k"},"id":"3rzd5rwvwk44xaa","previousOperationId":"lb5up1ti5s5gq76"}
{"type":"log","timestamp":1662026002788,"level":"debug","message":"Page request finished: GET (font) 200 https://fonts.gstatic.com/s/opensans/v34/memSYaGs126MiZpBA-UvWbX2vVnXBbObj2OVZyOOSr4dVJWUgsiH0B4gaVQUwaEQbjA.woff","meta":{"rootId":"kszg362tnutnx3k","id":"kszg362tnutnx3k"},"id":"mjifci92lkv9kq4","previousOperationId":"lb5up1ti5s5gq76"}
{"type":"operationEnd","operationId":"lb5up1ti5s5gq76","timestamp":1662026002891,"id":"spbaufs62vpklg5","previousEventId":"cdeq0uw9mtsa3ok","previousOperationId":"lb5up1ti5s5gq76"}
{"type":"log","timestamp":1662026002891,"level":"debug","message":"Skipping storing report.","meta":{"rootId":"kszg362tnutnx3k","id":"kszg362tnutnx3k"},"id":"nbrxsagoubmogjw","previousOperationId":"lb5up1ti5s5gq76"}
{"type":"log","timestamp":1662026002891,"level":"info","message":"Rendering request 1 finished in 11624 ms","meta":{"rootId":"kszg362tnutnx3k","id":"kszg362tnutnx3k"},"id":"ovjscz17530tnme","previousOperationId":"lb5up1ti5s5gq76"}
{"type":"operationEnd","subtype":"render","operationId":"8aja9whgktuw3y4","timestamp":1662026002891,"id":"60h64eywzcusuab","previousEventId":"spbaufs62vpklg5","previousOperationId":"lb5up1ti5s5gq76"}
{"type":"operationEnd","doDiffs":false,"previousEventId":"rao7kjnziinfl55","previousOperationId":"l6ul1z1hno0h7k8","operationId":"l6ul1z1hno0h7k8","timestamp":1662026002897,"id":"vwcrkave67a3r3o"}
