{"type":"operationStart","subtype":"profile","data":{"_id":"oYcuasGjcuF0noTk","timestamp":"2022-10-05T21:46:37.486Z","state":"queued","mode":"standard","creationDate":"2022-10-05T21:46:37.490Z","modificationDate":"2022-10-05T21:46:37.490Z","shortid":"CRgT9ZH","$entitySet":"profiles"},"doDiffs":false,"timestamp":1665006397488,"id":"zzlfpnu42n50wp9","previousOperationId":null,"operationId":"bex5tx6venz8p6q"}
{"type":"log","level":"info","message":"Render request 1 queued for execution and waiting for available worker","previousOperationId":"bex5tx6venz8p6q","timestamp":1665006397488,"id":"5acwcvzqs0t8uyn"}
{"type":"operationStart","subtype":"render","name":"anonymous","previousOperationId":"bex5tx6venz8p6q","timestamp":1665006397515,"id":"252tjzir9c1oq21","previousEventId":"zzlfpnu42n50wp9","operationId":"zleukdz4zb5i1tx"}
{"type":"log","timestamp":1665006397518,"level":"info","message":"Starting rendering request 1 (user: null)","meta":{"rootId":"kvqvllcefpp8hj5","id":"kvqvllcefpp8hj5"},"id":"dv0fkyw12ud2tfq","previousOperationId":"zleukdz4zb5i1tx"}
{"type":"log","timestamp":1665006397520,"level":"info","message":"Rendering anonymous template { recipe: chrome-pdf, engine: handlebars }","meta":{"rootId":"kvqvllcefpp8hj5","id":"kvqvllcefpp8hj5"},"id":"uf2j6ugt2srvc3g","previousOperationId":"zleukdz4zb5i1tx"}
{"type":"log","timestamp":1665006397522,"level":"debug","message":"Inline data specified.","meta":{"rootId":"kvqvllcefpp8hj5","id":"kvqvllcefpp8hj5"},"id":"hh61crikala6enc","previousOperationId":"zleukdz4zb5i1tx"}
{"type":"log","timestamp":1665006397533,"level":"debug","message":"Base url not specified, skipping its injection.","meta":{"rootId":"kvqvllcefpp8hj5","id":"kvqvllcefpp8hj5"},"id":"sm3zrmqburolsk0","previousOperationId":"zleukdz4zb5i1tx"}
{"type":"operationStart","subtype":"engine","name":"handlebars","timestamp":1665006397535,"id":"ptnh7az7k5r5swy","previousEventId":"252tjzir9c1oq21","operationId":"yez0vcsrmh58aog","previousOperationId":"zleukdz4zb5i1tx"}
{"type":"log","timestamp":1665006397535,"level":"debug","message":"Rendering engine handlebars","meta":{"rootId":"kvqvllcefpp8hj5","id":"kvqvllcefpp8hj5"},"id":"ln7b1zmf6w1wu2q","previousOperationId":"yez0vcsrmh58aog"}
{"type":"operationEnd","operationId":"yez0vcsrmh58aog","timestamp":1665006399246,"id":"4n30gc2wi9vtl2p","previousEventId":"ptnh7az7k5r5swy","previousOperationId":"yez0vcsrmh58aog"}
{"type":"operationStart","subtype":"recipe","name":"chrome-pdf","timestamp":1665006399247,"id":"yqiwjh6or98au74","previousEventId":"4n30gc2wi9vtl2p","operationId":"933ods81p02x8lh","previousOperationId":"yez0vcsrmh58aog"}
{"type":"log","timestamp":1665006399247,"level":"debug","message":"Executing recipe chrome-pdf","meta":{"rootId":"kvqvllcefpp8hj5","id":"kvqvllcefpp8hj5"},"id":"dy0wgccvzf19zqu","previousOperationId":"933ods81p02x8lh"}
{"type":"log","timestamp":1665006399512,"level":"debug","message":"Starting child request to render pdf header","meta":{"rootId":"kvqvllcefpp8hj5","id":"kvqvllcefpp8hj5"},"id":"pxxgx350jz5pa76","previousOperationId":"933ods81p02x8lh"}
{"type":"operationStart","subtype":"render","name":"anonymous","previousOperationId":"933ods81p02x8lh","timestamp":1665006399514,"id":"9mz9771vqp3gmqs","previousEventId":"yqiwjh6or98au74","operationId":"fgyn5rj966rf25n"}
{"type":"log","timestamp":1665006399515,"level":"info","message":"Starting rendering request 1 (user: null)","meta":{"rootId":"kvqvllcefpp8hj5","id":"ngf2178jk152p0l"},"id":"i2tr9hqdgwaepbz","previousOperationId":"fgyn5rj966rf25n"}
{"type":"log","timestamp":1665006399516,"level":"info","message":"Rendering anonymous template { recipe: html, engine: handlebars }","meta":{"rootId":"kvqvllcefpp8hj5","id":"ngf2178jk152p0l"},"id":"28rggk069egll0f","previousOperationId":"fgyn5rj966rf25n"}
{"type":"log","timestamp":1665006399516,"level":"debug","message":"Inline data specified.","meta":{"rootId":"kvqvllcefpp8hj5","id":"ngf2178jk152p0l"},"id":"dbc57wx8n5qu0fk","previousOperationId":"fgyn5rj966rf25n"}
{"type":"log","timestamp":1665006399519,"level":"debug","message":"Base url not specified, skipping its injection.","meta":{"rootId":"kvqvllcefpp8hj5","id":"ngf2178jk152p0l"},"id":"x52wrjwk7evam0w","previousOperationId":"fgyn5rj966rf25n"}
{"type":"log","timestamp":1665006399534,"level":"debug","message":"Replaced assets [\"./src/reporting/assets/logo.png\"]","meta":{"rootId":"kvqvllcefpp8hj5","id":"ngf2178jk152p0l"},"id":"dqarcz7amlq9iw0","previousOperationId":"fgyn5rj966rf25n"}
{"type":"operationStart","subtype":"engine","name":"handlebars","timestamp":1665006399534,"id":"n6qwwggq9q3lfk0","previousEventId":"9mz9771vqp3gmqs","operationId":"mv4fyht3s6akido","previousOperationId":"fgyn5rj966rf25n"}
{"type":"log","timestamp":1665006399534,"level":"debug","message":"Rendering engine handlebars","meta":{"rootId":"kvqvllcefpp8hj5","id":"ngf2178jk152p0l"},"id":"u70gxasww6pzdyf","previousOperationId":"mv4fyht3s6akido"}
{"type":"operationEnd","operationId":"mv4fyht3s6akido","timestamp":1665006399572,"id":"5yju1nsd0q34t4j","previousEventId":"n6qwwggq9q3lfk0","previousOperationId":"mv4fyht3s6akido"}
{"type":"operationStart","subtype":"recipe","name":"html","timestamp":1665006399572,"id":"pxuedl7h6rgqkmi","previousEventId":"5yju1nsd0q34t4j","operationId":"gwb213yl2m7rojs","previousOperationId":"mv4fyht3s6akido"}
{"type":"log","timestamp":1665006399572,"level":"debug","message":"Executing recipe html","meta":{"rootId":"kvqvllcefpp8hj5","id":"ngf2178jk152p0l"},"id":"gdv2pbfgl9lx1n8","previousOperationId":"gwb213yl2m7rojs"}
{"type":"operationEnd","operationId":"gwb213yl2m7rojs","timestamp":1665006399573,"id":"q5rvsfil4ms2dnx","previousEventId":"pxuedl7h6rgqkmi","previousOperationId":"gwb213yl2m7rojs"}
{"type":"log","timestamp":1665006399574,"level":"debug","message":"Skipping storing report.","meta":{"rootId":"kvqvllcefpp8hj5","id":"ngf2178jk152p0l"},"id":"2ihpar105udqm11","previousOperationId":"gwb213yl2m7rojs"}
{"type":"log","timestamp":1665006399574,"level":"info","message":"Rendering request 1 finished in 2089 ms","meta":{"rootId":"kvqvllcefpp8hj5","id":"ngf2178jk152p0l"},"id":"l1ikexs38wxc37n","previousOperationId":"gwb213yl2m7rojs"}
{"type":"operationEnd","subtype":"render","operationId":"fgyn5rj966rf25n","timestamp":1665006399574,"id":"p4om472a4epi2lm","previousEventId":"q5rvsfil4ms2dnx","previousOperationId":"gwb213yl2m7rojs"}
{"type":"log","timestamp":1665006399574,"level":"debug","message":"Starting child request to render pdf footer","meta":{"rootId":"kvqvllcefpp8hj5","id":"kvqvllcefpp8hj5"},"id":"gxppofle3aqx73u","previousOperationId":"933ods81p02x8lh"}
{"type":"operationStart","subtype":"render","name":"anonymous","previousOperationId":"933ods81p02x8lh","timestamp":1665006399575,"id":"8dut177gnd9d6z4","previousEventId":"yqiwjh6or98au74","operationId":"j5ba156mxgpfaet"}
{"type":"log","timestamp":1665006399575,"level":"info","message":"Starting rendering request 1 (user: null)","meta":{"rootId":"kvqvllcefpp8hj5","id":"qhyta2uvd8haoee"},"id":"mz70dbdqecucgrh","previousOperationId":"j5ba156mxgpfaet"}
{"type":"log","timestamp":1665006399575,"level":"info","message":"Rendering anonymous template { recipe: html, engine: handlebars }","meta":{"rootId":"kvqvllcefpp8hj5","id":"qhyta2uvd8haoee"},"id":"1e3iylkoeikr13l","previousOperationId":"j5ba156mxgpfaet"}
{"type":"log","timestamp":1665006399575,"level":"debug","message":"Inline data specified.","meta":{"rootId":"kvqvllcefpp8hj5","id":"qhyta2uvd8haoee"},"id":"ctxgx0ddx7oh9by","previousOperationId":"j5ba156mxgpfaet"}
{"type":"log","timestamp":1665006399581,"level":"debug","message":"Base url not specified, skipping its injection.","meta":{"rootId":"kvqvllcefpp8hj5","id":"qhyta2uvd8haoee"},"id":"z3fceskhsa4xcvj","previousOperationId":"j5ba156mxgpfaet"}
{"type":"operationStart","subtype":"engine","name":"handlebars","timestamp":1665006399581,"id":"f8rkab4gwzt1s9l","previousEventId":"8dut177gnd9d6z4","operationId":"vm220o8s4rnw6c7","previousOperationId":"j5ba156mxgpfaet"}
{"type":"log","timestamp":1665006399581,"level":"debug","message":"Rendering engine handlebars","meta":{"rootId":"kvqvllcefpp8hj5","id":"qhyta2uvd8haoee"},"id":"iaiqgy2vvty11dp","previousOperationId":"vm220o8s4rnw6c7"}
{"type":"operationEnd","operationId":"vm220o8s4rnw6c7","timestamp":1665006399609,"id":"butz6dacvp4tnfh","previousEventId":"f8rkab4gwzt1s9l","previousOperationId":"vm220o8s4rnw6c7"}
{"type":"operationStart","subtype":"recipe","name":"html","timestamp":1665006399609,"id":"yjvubs06b9zzplc","previousEventId":"butz6dacvp4tnfh","operationId":"niohwrgj1x5nv5c","previousOperationId":"vm220o8s4rnw6c7"}
{"type":"log","timestamp":1665006399609,"level":"debug","message":"Executing recipe html","meta":{"rootId":"kvqvllcefpp8hj5","id":"qhyta2uvd8haoee"},"id":"oif2i1kiaxhzye4","previousOperationId":"niohwrgj1x5nv5c"}
{"type":"operationEnd","operationId":"niohwrgj1x5nv5c","timestamp":1665006399610,"id":"eey2o5t0do81eb2","previousEventId":"yjvubs06b9zzplc","previousOperationId":"niohwrgj1x5nv5c"}
{"type":"log","timestamp":1665006399610,"level":"debug","message":"Skipping storing report.","meta":{"rootId":"kvqvllcefpp8hj5","id":"qhyta2uvd8haoee"},"id":"vkl74jvnilagdzu","previousOperationId":"niohwrgj1x5nv5c"}
{"type":"log","timestamp":1665006399610,"level":"info","message":"Rendering request 1 finished in 2125 ms","meta":{"rootId":"kvqvllcefpp8hj5","id":"qhyta2uvd8haoee"},"id":"e55e76qy27vu6na","previousOperationId":"niohwrgj1x5nv5c"}
{"type":"operationEnd","subtype":"render","operationId":"j5ba156mxgpfaet","timestamp":1665006399610,"id":"xdxr2ed7tzw2sz4","previousEventId":"eey2o5t0do81eb2","previousOperationId":"niohwrgj1x5nv5c"}
{"type":"log","timestamp":1665006401275,"level":"debug","message":"Converting with chrome HeadlessChrome/98.0.4758.0 using chrome-pool strategy","meta":{"rootId":"kvqvllcefpp8hj5","id":"kvqvllcefpp8hj5"},"id":"9gytr48g56kz1pg","previousOperationId":"933ods81p02x8lh"}
{"type":"log","timestamp":1665006401907,"level":"debug","message":"Page request: GET (document) file:///var/folders/8m/98z140gs3yzbw6jqmpbh8b8m0000gn/T/jsreport/autocleanup/b1fa3e4e-c7dc-4a51-9d4e-e068db4b1ec9-chrome-pdf.html","meta":{"rootId":"kvqvllcefpp8hj5","id":"kvqvllcefpp8hj5"},"id":"6jd45tro9husoxi","previousOperationId":"933ods81p02x8lh"}
{"type":"log","timestamp":1665006401926,"level":"debug","message":"Page request finished: GET (document) file:///var/folders/8m/98z140gs3yzbw6jqmpbh8b8m0000gn/T/jsreport/autocleanup/b1fa3e4e-c7dc-4a51-9d4e-e068db4b1ec9-chrome-pdf.html","meta":{"rootId":"kvqvllcefpp8hj5","id":"kvqvllcefpp8hj5"},"id":"z27aacc68w3poa2","previousOperationId":"933ods81p02x8lh"}
{"type":"log","timestamp":1665006401927,"level":"debug","message":"Page request: GET (stylesheet) https://fonts.googleapis.com/css2?family=Montserrat:wght@500&family=Open+Sans:wght@300&display=swap","meta":{"rootId":"kvqvllcefpp8hj5","id":"kvqvllcefpp8hj5"},"id":"fui0pr9bew8qabi","previousOperationId":"933ods81p02x8lh"}
{"type":"log","timestamp":1665006403657,"level":"debug","message":"Page request finished: GET (stylesheet) 200 https://fonts.googleapis.com/css2?family=Montserrat:wght@500&family=Open+Sans:wght@300&display=swap","meta":{"rootId":"kvqvllcefpp8hj5","id":"kvqvllcefpp8hj5"},"id":"yefdvj4cra8xfgr","previousOperationId":"933ods81p02x8lh"}
{"type":"log","timestamp":1665006403688,"level":"debug","message":"Page request: GET (font) https://fonts.gstatic.com/s/opensans/v34/memSYaGs126MiZpBA-UvWbX2vVnXBbObj2OVZyOOSr4dVJWUgsiH0B4gaVQUwaEQbjA.woff","meta":{"rootId":"kvqvllcefpp8hj5","id":"kvqvllcefpp8hj5"},"id":"culiz1fzv6mp2zl","previousOperationId":"933ods81p02x8lh"}
{"type":"log","timestamp":1665006403694,"level":"debug","message":"Running chrome with params {\"scale\":1,\"displayHeaderFooter\":true,\"headerTemplate\":\"...\",\"footerTemplate\":\"...\",\"printBackground\":true,\"pageRanges\":\"\",\"format\":\"A4\",\"width\":\"\",\"height\":\"\",\"marginTop\":\"470px\",\"marginRight\":\"20px\",\"marginBottom\":\"80px\",\"marginLeft\":\"20px\",\"waitForJS\":false,\"waitForNetworkIddle\":false,\"timeout\":57874,\"waitForNetworkIdle\":false,\"margin\":{\"top\":\"470px\",\"right\":\"20px\",\"bottom\":\"80px\",\"left\":\"20px\"}}","meta":{"rootId":"kvqvllcefpp8hj5","id":"kvqvllcefpp8hj5"},"id":"uigrrqrpjyr12rv","previousOperationId":"933ods81p02x8lh"}
{"type":"log","timestamp":1665006403699,"level":"debug","message":"Page request: GET (font) https://fonts.gstatic.com/s/opensans/v34/memSYaGs126MiZpBA-UvWbX2vVnXBbObj2OVZyOOSr4dVJWUgsiH0B4gaVQUwaEQbjA.woff","meta":{"rootId":"kvqvllcefpp8hj5","id":"kvqvllcefpp8hj5"},"id":"4spxsqw15itwpop","previousOperationId":"933ods81p02x8lh"}
{"type":"operationEnd","operationId":"933ods81p02x8lh","timestamp":1665006403856,"id":"i0j2efml4mzvzz0","previousEventId":"yqiwjh6or98au74","previousOperationId":"933ods81p02x8lh"}
{"type":"log","timestamp":1665006403856,"level":"debug","message":"Skipping storing report.","meta":{"rootId":"kvqvllcefpp8hj5","id":"kvqvllcefpp8hj5"},"id":"04a4ukwwnpattiv","previousOperationId":"933ods81p02x8lh"}
{"type":"log","timestamp":1665006403856,"level":"info","message":"Rendering request 1 finished in 6371 ms","meta":{"rootId":"kvqvllcefpp8hj5","id":"kvqvllcefpp8hj5"},"id":"ur70u18qbj57e03","previousOperationId":"933ods81p02x8lh"}
{"type":"operationEnd","subtype":"render","operationId":"zleukdz4zb5i1tx","timestamp":1665006403856,"id":"pwj1znj0t51wktp","previousEventId":"i0j2efml4mzvzz0","previousOperationId":"933ods81p02x8lh"}
{"type":"operationEnd","doDiffs":false,"previousEventId":"zzlfpnu42n50wp9","previousOperationId":"bex5tx6venz8p6q","operationId":"bex5tx6venz8p6q","timestamp":1665006403861,"id":"afo3ddgcmwzfg1z"}
