{"type":"operationStart","subtype":"profile","data":{"_id":"Cx2OivTOJjH1KLxO","timestamp":"2022-09-22T09:25:06.095Z","state":"queued","mode":"standard","creationDate":"2022-09-22T09:25:06.100Z","modificationDate":"2022-09-22T09:25:06.100Z","shortid":"RVSYiBG","$entitySet":"profiles"},"doDiffs":false,"timestamp":1663838706098,"id":"j0h56sjo7cser5p","previousOperationId":null,"operationId":"9xr7wpvwzov9e6o"}
{"type":"log","level":"info","message":"Render request 1 queued for execution and waiting for available worker","previousOperationId":"9xr7wpvwzov9e6o","timestamp":1663838706099,"id":"a7nifvjflar7dyq"}
{"type":"operationStart","subtype":"render","name":"anonymous","previousOperationId":"9xr7wpvwzov9e6o","timestamp":1663838706147,"id":"25mq5uz6puoawh6","previousEventId":"j0h56sjo7cser5p","operationId":"i38jvjt9bp5bvki"}
{"type":"log","timestamp":1663838706148,"level":"info","message":"Starting rendering request 1 (user: null)","meta":{"rootId":"l19sokvokrvfmjl","id":"l19sokvokrvfmjl"},"id":"87wj7osu72ya6o7","previousOperationId":"i38jvjt9bp5bvki"}
{"type":"log","timestamp":1663838706151,"level":"info","message":"Rendering anonymous template { recipe: chrome-pdf, engine: handlebars }","meta":{"rootId":"l19sokvokrvfmjl","id":"l19sokvokrvfmjl"},"id":"r5ui8uh89lqo3ds","previousOperationId":"i38jvjt9bp5bvki"}
{"type":"log","timestamp":1663838706152,"level":"debug","message":"Inline data specified.","meta":{"rootId":"l19sokvokrvfmjl","id":"l19sokvokrvfmjl"},"id":"q9mee5pqd27w2r5","previousOperationId":"i38jvjt9bp5bvki"}
{"type":"log","timestamp":1663838706165,"level":"debug","message":"Base url not specified, skipping its injection.","meta":{"rootId":"l19sokvokrvfmjl","id":"l19sokvokrvfmjl"},"id":"7s1ecih7n8438xd","previousOperationId":"i38jvjt9bp5bvki"}
{"type":"operationStart","subtype":"engine","name":"handlebars","timestamp":1663838706166,"id":"segi4hqu7pdorvn","previousEventId":"25mq5uz6puoawh6","operationId":"ujg4cbhvgfqhs7a","previousOperationId":"i38jvjt9bp5bvki"}
{"type":"log","timestamp":1663838706166,"level":"debug","message":"Rendering engine handlebars","meta":{"rootId":"l19sokvokrvfmjl","id":"l19sokvokrvfmjl"},"id":"nu8c5e1c23im75o","previousOperationId":"ujg4cbhvgfqhs7a"}
{"type":"operationEnd","operationId":"ujg4cbhvgfqhs7a","timestamp":1663838708552,"id":"vdfcl510jqlcssn","previousEventId":"segi4hqu7pdorvn","previousOperationId":"ujg4cbhvgfqhs7a"}
{"type":"operationStart","subtype":"recipe","name":"chrome-pdf","timestamp":1663838708553,"id":"31xwne87lsdz94h","previousEventId":"vdfcl510jqlcssn","operationId":"cd9or2mns809kr5","previousOperationId":"ujg4cbhvgfqhs7a"}
{"type":"log","timestamp":1663838708553,"level":"debug","message":"Executing recipe chrome-pdf","meta":{"rootId":"l19sokvokrvfmjl","id":"l19sokvokrvfmjl"},"id":"9j0btdyjgkzavxk","previousOperationId":"cd9or2mns809kr5"}
{"type":"log","timestamp":1663838708810,"level":"debug","message":"Starting child request to render pdf header","meta":{"rootId":"l19sokvokrvfmjl","id":"l19sokvokrvfmjl"},"id":"bdm1qm2emuz7d7u","previousOperationId":"cd9or2mns809kr5"}
{"type":"operationStart","subtype":"render","name":"anonymous","previousOperationId":"cd9or2mns809kr5","timestamp":1663838708811,"id":"i9br0olcdru6yfc","previousEventId":"31xwne87lsdz94h","operationId":"6b5662imccg3m2e"}
{"type":"log","timestamp":1663838708811,"level":"info","message":"Starting rendering request 1 (user: null)","meta":{"rootId":"l19sokvokrvfmjl","id":"nplwbto3z8qrwp5"},"id":"pe6zemoryao0168","previousOperationId":"6b5662imccg3m2e"}
{"type":"log","timestamp":1663838708811,"level":"info","message":"Rendering anonymous template { recipe: html, engine: handlebars }","meta":{"rootId":"l19sokvokrvfmjl","id":"nplwbto3z8qrwp5"},"id":"yroali6xfhn4ix8","previousOperationId":"6b5662imccg3m2e"}
{"type":"log","timestamp":1663838708812,"level":"debug","message":"Inline data specified.","meta":{"rootId":"l19sokvokrvfmjl","id":"nplwbto3z8qrwp5"},"id":"j7dulrdvujwj078","previousOperationId":"6b5662imccg3m2e"}
{"type":"log","timestamp":1663838708834,"level":"debug","message":"Base url not specified, skipping its injection.","meta":{"rootId":"l19sokvokrvfmjl","id":"nplwbto3z8qrwp5"},"id":"vxemus9v80ylhhl","previousOperationId":"6b5662imccg3m2e"}
{"type":"log","timestamp":1663838708861,"level":"debug","message":"Replaced assets [\"./src/reporting/assets/logo.png\"]","meta":{"rootId":"l19sokvokrvfmjl","id":"nplwbto3z8qrwp5"},"id":"y5u3xzcdryg6bvt","previousOperationId":"6b5662imccg3m2e"}
{"type":"operationStart","subtype":"engine","name":"handlebars","timestamp":1663838708862,"id":"zswduq8tg4zdgmv","previousEventId":"i9br0olcdru6yfc","operationId":"dvdw1bcdl0e0raz","previousOperationId":"6b5662imccg3m2e"}
{"type":"log","timestamp":1663838708862,"level":"debug","message":"Rendering engine handlebars","meta":{"rootId":"l19sokvokrvfmjl","id":"nplwbto3z8qrwp5"},"id":"7fdatph31p082q2","previousOperationId":"dvdw1bcdl0e0raz"}
{"type":"operationEnd","operationId":"dvdw1bcdl0e0raz","timestamp":1663838708886,"id":"xvzdfumvmx0hmam","previousEventId":"zswduq8tg4zdgmv","previousOperationId":"dvdw1bcdl0e0raz"}
{"type":"operationStart","subtype":"recipe","name":"html","timestamp":1663838708887,"id":"0ir1n43t3ju5dok","previousEventId":"xvzdfumvmx0hmam","operationId":"2tmheb5oc6eajpj","previousOperationId":"dvdw1bcdl0e0raz"}
{"type":"log","timestamp":1663838708887,"level":"debug","message":"Executing recipe html","meta":{"rootId":"l19sokvokrvfmjl","id":"nplwbto3z8qrwp5"},"id":"cczas92e3khqlg9","previousOperationId":"2tmheb5oc6eajpj"}
{"type":"operationEnd","operationId":"2tmheb5oc6eajpj","timestamp":1663838708887,"id":"zejke4b5vppug76","previousEventId":"0ir1n43t3ju5dok","previousOperationId":"2tmheb5oc6eajpj"}
{"type":"log","timestamp":1663838708888,"level":"debug","message":"Skipping storing report.","meta":{"rootId":"l19sokvokrvfmjl","id":"nplwbto3z8qrwp5"},"id":"gbnx1vkfv94bwzo","previousOperationId":"2tmheb5oc6eajpj"}
{"type":"log","timestamp":1663838708888,"level":"info","message":"Rendering request 1 finished in 2795 ms","meta":{"rootId":"l19sokvokrvfmjl","id":"nplwbto3z8qrwp5"},"id":"hh2udahm0z0ld18","previousOperationId":"2tmheb5oc6eajpj"}
{"type":"operationEnd","subtype":"render","operationId":"6b5662imccg3m2e","timestamp":1663838708889,"id":"wezv9ogembrfw1e","previousEventId":"zejke4b5vppug76","previousOperationId":"2tmheb5oc6eajpj"}
{"type":"log","timestamp":1663838708889,"level":"debug","message":"Starting child request to render pdf footer","meta":{"rootId":"l19sokvokrvfmjl","id":"l19sokvokrvfmjl"},"id":"oi5shb9ntjhsqx4","previousOperationId":"cd9or2mns809kr5"}
{"type":"operationStart","subtype":"render","name":"anonymous","previousOperationId":"cd9or2mns809kr5","timestamp":1663838708889,"id":"3y40vbqy1n7szzs","previousEventId":"31xwne87lsdz94h","operationId":"31pjp01sljatyok"}
{"type":"log","timestamp":1663838708889,"level":"info","message":"Starting rendering request 1 (user: null)","meta":{"rootId":"l19sokvokrvfmjl","id":"yyfzbtcjchdunql"},"id":"8aormur3czniwf8","previousOperationId":"31pjp01sljatyok"}
{"type":"log","timestamp":1663838708890,"level":"info","message":"Rendering anonymous template { recipe: html, engine: handlebars }","meta":{"rootId":"l19sokvokrvfmjl","id":"yyfzbtcjchdunql"},"id":"m9r5sfnbta684gc","previousOperationId":"31pjp01sljatyok"}
{"type":"log","timestamp":1663838708890,"level":"debug","message":"Inline data specified.","meta":{"rootId":"l19sokvokrvfmjl","id":"yyfzbtcjchdunql"},"id":"jzzxdanwxgvi9tu","previousOperationId":"31pjp01sljatyok"}
{"type":"log","timestamp":1663838708903,"level":"debug","message":"Base url not specified, skipping its injection.","meta":{"rootId":"l19sokvokrvfmjl","id":"yyfzbtcjchdunql"},"id":"3lq2g4glyi0jyjv","previousOperationId":"31pjp01sljatyok"}
{"type":"operationStart","subtype":"engine","name":"handlebars","timestamp":1663838708903,"id":"b3jnn7852v4wxei","previousEventId":"3y40vbqy1n7szzs","operationId":"7ixdtkhm270qgvq","previousOperationId":"31pjp01sljatyok"}
{"type":"log","timestamp":1663838708903,"level":"debug","message":"Rendering engine handlebars","meta":{"rootId":"l19sokvokrvfmjl","id":"yyfzbtcjchdunql"},"id":"v8mt6a9nbyn1dzb","previousOperationId":"7ixdtkhm270qgvq"}
{"type":"operationEnd","operationId":"7ixdtkhm270qgvq","timestamp":1663838708943,"id":"aw2bcblxgha6izj","previousEventId":"b3jnn7852v4wxei","previousOperationId":"7ixdtkhm270qgvq"}
{"type":"operationStart","subtype":"recipe","name":"html","timestamp":1663838708944,"id":"nvrlp2wk5decaa5","previousEventId":"aw2bcblxgha6izj","operationId":"avtythpgafzeti3","previousOperationId":"7ixdtkhm270qgvq"}
{"type":"log","timestamp":1663838708944,"level":"debug","message":"Executing recipe html","meta":{"rootId":"l19sokvokrvfmjl","id":"yyfzbtcjchdunql"},"id":"cgiwgv7e6a8459q","previousOperationId":"avtythpgafzeti3"}
{"type":"operationEnd","operationId":"avtythpgafzeti3","timestamp":1663838708944,"id":"8854paefum1r8wg","previousEventId":"nvrlp2wk5decaa5","previousOperationId":"avtythpgafzeti3"}
{"type":"log","timestamp":1663838708944,"level":"debug","message":"Skipping storing report.","meta":{"rootId":"l19sokvokrvfmjl","id":"yyfzbtcjchdunql"},"id":"qonlhw4fdqoedwm","previousOperationId":"avtythpgafzeti3"}
{"type":"log","timestamp":1663838708944,"level":"info","message":"Rendering request 1 finished in 2851 ms","meta":{"rootId":"l19sokvokrvfmjl","id":"yyfzbtcjchdunql"},"id":"hvk43fbqzwekttr","previousOperationId":"avtythpgafzeti3"}
{"type":"operationEnd","subtype":"render","operationId":"31pjp01sljatyok","timestamp":1663838708944,"id":"mhltc2ahbowzhay","previousEventId":"8854paefum1r8wg","previousOperationId":"avtythpgafzeti3"}
{"type":"log","timestamp":1663838712384,"level":"debug","message":"Converting with chrome HeadlessChrome/98.0.4758.0 using chrome-pool strategy","meta":{"rootId":"l19sokvokrvfmjl","id":"l19sokvokrvfmjl"},"id":"mwbmzzovcqnpda2","previousOperationId":"cd9or2mns809kr5"}
{"type":"log","timestamp":1663838712956,"level":"debug","message":"Page request: GET (document) file:///var/folders/8m/98z140gs3yzbw6jqmpbh8b8m0000gn/T/jsreport/autocleanup/fffad831-99b5-4f2b-9e27-9b4afc630e4e-chrome-pdf.html","meta":{"rootId":"l19sokvokrvfmjl","id":"l19sokvokrvfmjl"},"id":"07dddl0icsr33my","previousOperationId":"cd9or2mns809kr5"}
{"type":"log","timestamp":1663838712981,"level":"debug","message":"Page request finished: GET (document) file:///var/folders/8m/98z140gs3yzbw6jqmpbh8b8m0000gn/T/jsreport/autocleanup/fffad831-99b5-4f2b-9e27-9b4afc630e4e-chrome-pdf.html","meta":{"rootId":"l19sokvokrvfmjl","id":"l19sokvokrvfmjl"},"id":"tof357j21ezqd5y","previousOperationId":"cd9or2mns809kr5"}
{"type":"log","timestamp":1663838712992,"level":"debug","message":"Page request: GET (stylesheet) https://fonts.googleapis.com/css2?family=Montserrat:wght@500&family=Open+Sans:wght@300&display=swap","meta":{"rootId":"l19sokvokrvfmjl","id":"l19sokvokrvfmjl"},"id":"kvrj1cne1ydt25h","previousOperationId":"cd9or2mns809kr5"}
{"type":"log","timestamp":1663838713800,"level":"debug","message":"Page request finished: GET (stylesheet) 200 https://fonts.googleapis.com/css2?family=Montserrat:wght@500&family=Open+Sans:wght@300&display=swap","meta":{"rootId":"l19sokvokrvfmjl","id":"l19sokvokrvfmjl"},"id":"1d6lkug5rr2x2a1","previousOperationId":"cd9or2mns809kr5"}
{"type":"log","timestamp":1663838714075,"level":"debug","message":"Page request: GET (font) https://fonts.gstatic.com/s/opensans/v34/memSYaGs126MiZpBA-UvWbX2vVnXBbObj2OVZyOOSr4dVJWUgsiH0B4gaVQUwaEQbjA.woff","meta":{"rootId":"l19sokvokrvfmjl","id":"l19sokvokrvfmjl"},"id":"bchdwpf10ozx22m","previousOperationId":"cd9or2mns809kr5"}
{"type":"log","timestamp":1663838714083,"level":"debug","message":"Page request: GET (font) https://fonts.gstatic.com/s/opensans/v34/memSYaGs126MiZpBA-UvWbX2vVnXBbObj2OVZyOOSr4dVJWUgsiH0B4gaVQUwaEQbjA.woff","meta":{"rootId":"l19sokvokrvfmjl","id":"l19sokvokrvfmjl"},"id":"r8hp8fv5jnxnidq","previousOperationId":"cd9or2mns809kr5"}
{"type":"log","timestamp":1663838714085,"level":"debug","message":"Running chrome with params {\"scale\":1,\"displayHeaderFooter\":true,\"headerTemplate\":\"...\",\"footerTemplate\":\"...\",\"printBackground\":true,\"pageRanges\":\"\",\"format\":\"A4\",\"width\":\"\",\"height\":\"\",\"marginTop\":\"350px\",\"marginRight\":\"20px\",\"marginBottom\":\"80px\",\"marginLeft\":\"20px\",\"waitForJS\":false,\"waitForNetworkIddle\":false,\"timeout\":57148,\"waitForNetworkIdle\":false,\"margin\":{\"top\":\"350px\",\"right\":\"20px\",\"bottom\":\"80px\",\"left\":\"20px\"}}","meta":{"rootId":"l19sokvokrvfmjl","id":"l19sokvokrvfmjl"},"id":"frat7daxbpt6vl8","previousOperationId":"cd9or2mns809kr5"}
{"type":"operationEnd","operationId":"cd9or2mns809kr5","timestamp":1663838714458,"id":"37btqe3mita8epv","previousEventId":"31xwne87lsdz94h","previousOperationId":"cd9or2mns809kr5"}
{"type":"log","timestamp":1663838714458,"level":"debug","message":"Skipping storing report.","meta":{"rootId":"l19sokvokrvfmjl","id":"l19sokvokrvfmjl"},"id":"5ei1tb47as6pnfd","previousOperationId":"cd9or2mns809kr5"}
{"type":"log","timestamp":1663838714459,"level":"info","message":"Rendering request 1 finished in 8366 ms","meta":{"rootId":"l19sokvokrvfmjl","id":"l19sokvokrvfmjl"},"id":"1jkf5291u2j2avb","previousOperationId":"cd9or2mns809kr5"}
{"type":"operationEnd","subtype":"render","operationId":"i38jvjt9bp5bvki","timestamp":1663838714459,"id":"rdkqq14g3my6rc5","previousEventId":"37btqe3mita8epv","previousOperationId":"cd9or2mns809kr5"}
{"type":"operationEnd","doDiffs":false,"previousEventId":"j0h56sjo7cser5p","previousOperationId":"9xr7wpvwzov9e6o","operationId":"9xr7wpvwzov9e6o","timestamp":1663838714469,"id":"2pie1oc4lhfny57"}
