{"type":"operationStart","subtype":"profile","data":{"_id":"LOBJpHjWquGckYeP","timestamp":"2022-09-15T11:32:38.164Z","state":"queued","mode":"standard","creationDate":"2022-09-15T11:32:38.168Z","modificationDate":"2022-09-15T11:32:38.168Z","shortid":"qsI0A1k","$entitySet":"profiles"},"doDiffs":false,"timestamp":1663241558166,"id":"6bggan70q6sj2ns","previousOperationId":null,"operationId":"rndz9ug2hq69iv6"}
{"type":"log","level":"info","message":"Render request 1 queued for execution and waiting for available worker","previousOperationId":"rndz9ug2hq69iv6","timestamp":1663241558167,"id":"5cpzfzbe02k3qnb"}
{"type":"operationStart","subtype":"render","name":"anonymous","previousOperationId":"rndz9ug2hq69iv6","timestamp":1663241558190,"id":"9rogqtik6ljm34j","previousEventId":"6bggan70q6sj2ns","operationId":"q6aukhuk0g6kv62"}
{"type":"log","timestamp":1663241558192,"level":"info","message":"Starting rendering request 1 (user: null)","meta":{"rootId":"l7auzebloekc8ht","id":"l7auzebloekc8ht"},"id":"ygdfmqn3h6xhbxk","previousOperationId":"q6aukhuk0g6kv62"}
{"type":"log","timestamp":1663241558195,"level":"info","message":"Rendering anonymous template { recipe: chrome-pdf, engine: handlebars }","meta":{"rootId":"l7auzebloekc8ht","id":"l7auzebloekc8ht"},"id":"2798x5quxqkw6f2","previousOperationId":"q6aukhuk0g6kv62"}
{"type":"log","timestamp":1663241558196,"level":"debug","message":"Inline data specified.","meta":{"rootId":"l7auzebloekc8ht","id":"l7auzebloekc8ht"},"id":"t6kg2vzlhw7gjzu","previousOperationId":"q6aukhuk0g6kv62"}
{"type":"log","timestamp":1663241558202,"level":"debug","message":"Base url not specified, skipping its injection.","meta":{"rootId":"l7auzebloekc8ht","id":"l7auzebloekc8ht"},"id":"4evvgvgubhuq4bu","previousOperationId":"q6aukhuk0g6kv62"}
{"type":"operationStart","subtype":"engine","name":"handlebars","timestamp":1663241558204,"id":"h3m5glrv7vug50g","previousEventId":"9rogqtik6ljm34j","operationId":"we20r1d4lj04k6v","previousOperationId":"q6aukhuk0g6kv62"}
{"type":"log","timestamp":1663241558204,"level":"debug","message":"Rendering engine handlebars","meta":{"rootId":"l7auzebloekc8ht","id":"l7auzebloekc8ht"},"id":"v2zyypsadbxyeok","previousOperationId":"we20r1d4lj04k6v"}
{"type":"operationEnd","operationId":"we20r1d4lj04k6v","timestamp":1663241559264,"id":"nm5q0cnx3hvlkpk","previousEventId":"h3m5glrv7vug50g","previousOperationId":"we20r1d4lj04k6v"}
{"type":"operationStart","subtype":"recipe","name":"chrome-pdf","timestamp":1663241559266,"id":"dwikvm1zdx0s8kn","previousEventId":"nm5q0cnx3hvlkpk","operationId":"fj4zk6o0hamxun7","previousOperationId":"we20r1d4lj04k6v"}
{"type":"log","timestamp":1663241559266,"level":"debug","message":"Executing recipe chrome-pdf","meta":{"rootId":"l7auzebloekc8ht","id":"l7auzebloekc8ht"},"id":"gdyy79753dkxhhn","previousOperationId":"fj4zk6o0hamxun7"}
{"type":"log","timestamp":1663241559434,"level":"debug","message":"Starting child request to render pdf header","meta":{"rootId":"l7auzebloekc8ht","id":"l7auzebloekc8ht"},"id":"uavdwjatrxqb695","previousOperationId":"fj4zk6o0hamxun7"}
{"type":"operationStart","subtype":"render","name":"anonymous","previousOperationId":"fj4zk6o0hamxun7","timestamp":1663241559436,"id":"fb06jimgcivv2yy","previousEventId":"dwikvm1zdx0s8kn","operationId":"4ge7ruq9d1f1n8s"}
{"type":"log","timestamp":1663241559436,"level":"info","message":"Starting rendering request 1 (user: null)","meta":{"rootId":"l7auzebloekc8ht","id":"2b1tp49w6jm6frp"},"id":"mdgghcf05jtnxph","previousOperationId":"4ge7ruq9d1f1n8s"}
{"type":"log","timestamp":1663241559436,"level":"info","message":"Rendering anonymous template { recipe: html, engine: handlebars }","meta":{"rootId":"l7auzebloekc8ht","id":"2b1tp49w6jm6frp"},"id":"vco0uf101bsnvmg","previousOperationId":"4ge7ruq9d1f1n8s"}
{"type":"log","timestamp":1663241559436,"level":"debug","message":"Inline data specified.","meta":{"rootId":"l7auzebloekc8ht","id":"2b1tp49w6jm6frp"},"id":"srco7fqasgw97za","previousOperationId":"4ge7ruq9d1f1n8s"}
{"type":"log","timestamp":1663241559438,"level":"debug","message":"Base url not specified, skipping its injection.","meta":{"rootId":"l7auzebloekc8ht","id":"2b1tp49w6jm6frp"},"id":"976wz2gmgayrlgz","previousOperationId":"4ge7ruq9d1f1n8s"}
{"type":"log","timestamp":1663241559447,"level":"debug","message":"Replaced assets [\"./src/reporting/assets/logo.png\"]","meta":{"rootId":"l7auzebloekc8ht","id":"2b1tp49w6jm6frp"},"id":"g35415b5kcrk5lp","previousOperationId":"4ge7ruq9d1f1n8s"}
{"type":"operationStart","subtype":"engine","name":"handlebars","timestamp":1663241559447,"id":"7xd1wly5pch3gvx","previousEventId":"fb06jimgcivv2yy","operationId":"ngeuv666hwxqdgb","previousOperationId":"4ge7ruq9d1f1n8s"}
{"type":"log","timestamp":1663241559447,"level":"debug","message":"Rendering engine handlebars","meta":{"rootId":"l7auzebloekc8ht","id":"2b1tp49w6jm6frp"},"id":"8eq1kzhsju7srj1","previousOperationId":"ngeuv666hwxqdgb"}
{"type":"operationEnd","operationId":"ngeuv666hwxqdgb","timestamp":1663241559474,"id":"jlc1p5lpgc78c0a","previousEventId":"7xd1wly5pch3gvx","previousOperationId":"ngeuv666hwxqdgb"}
{"type":"operationStart","subtype":"recipe","name":"html","timestamp":1663241559474,"id":"bdlswqmjpmdh80m","previousEventId":"jlc1p5lpgc78c0a","operationId":"lalquxhr7prh9de","previousOperationId":"ngeuv666hwxqdgb"}
{"type":"log","timestamp":1663241559474,"level":"debug","message":"Executing recipe html","meta":{"rootId":"l7auzebloekc8ht","id":"2b1tp49w6jm6frp"},"id":"g02xkn6z912bjy6","previousOperationId":"lalquxhr7prh9de"}
{"type":"operationEnd","operationId":"lalquxhr7prh9de","timestamp":1663241559474,"id":"ck6vn0t7e3j6zfa","previousEventId":"bdlswqmjpmdh80m","previousOperationId":"lalquxhr7prh9de"}
{"type":"log","timestamp":1663241559476,"level":"debug","message":"Skipping storing report.","meta":{"rootId":"l7auzebloekc8ht","id":"2b1tp49w6jm6frp"},"id":"osx4vcodttd5oi3","previousOperationId":"lalquxhr7prh9de"}
{"type":"log","timestamp":1663241559477,"level":"info","message":"Rendering request 1 finished in 1314 ms","meta":{"rootId":"l7auzebloekc8ht","id":"2b1tp49w6jm6frp"},"id":"0l5fpoowawpt92m","previousOperationId":"lalquxhr7prh9de"}
{"type":"operationEnd","subtype":"render","operationId":"4ge7ruq9d1f1n8s","timestamp":1663241559477,"id":"4l2pxbg20g346p0","previousEventId":"ck6vn0t7e3j6zfa","previousOperationId":"lalquxhr7prh9de"}
{"type":"log","timestamp":1663241559477,"level":"debug","message":"Starting child request to render pdf footer","meta":{"rootId":"l7auzebloekc8ht","id":"l7auzebloekc8ht"},"id":"2cs7su7c3ot938l","previousOperationId":"fj4zk6o0hamxun7"}
{"type":"operationStart","subtype":"render","name":"anonymous","previousOperationId":"fj4zk6o0hamxun7","timestamp":1663241559478,"id":"zvbhool432ksrci","previousEventId":"dwikvm1zdx0s8kn","operationId":"235vc8p7nehagk2"}
{"type":"log","timestamp":1663241559478,"level":"info","message":"Starting rendering request 1 (user: null)","meta":{"rootId":"l7auzebloekc8ht","id":"7cb7iaur6xotqwl"},"id":"d3vnak2z10rn81b","previousOperationId":"235vc8p7nehagk2"}
{"type":"log","timestamp":1663241559478,"level":"info","message":"Rendering anonymous template { recipe: html, engine: handlebars }","meta":{"rootId":"l7auzebloekc8ht","id":"7cb7iaur6xotqwl"},"id":"sqyqjnzbndo7nfu","previousOperationId":"235vc8p7nehagk2"}
{"type":"log","timestamp":1663241559478,"level":"debug","message":"Inline data specified.","meta":{"rootId":"l7auzebloekc8ht","id":"7cb7iaur6xotqwl"},"id":"9z5ggf7hpgdy6a1","previousOperationId":"235vc8p7nehagk2"}
{"type":"log","timestamp":1663241559492,"level":"debug","message":"Base url not specified, skipping its injection.","meta":{"rootId":"l7auzebloekc8ht","id":"7cb7iaur6xotqwl"},"id":"oyadv7519kyr1k4","previousOperationId":"235vc8p7nehagk2"}
{"type":"operationStart","subtype":"engine","name":"handlebars","timestamp":1663241559493,"id":"o73lad3ho5doyi0","previousEventId":"zvbhool432ksrci","operationId":"ptab9ci7tlt9apz","previousOperationId":"235vc8p7nehagk2"}
{"type":"log","timestamp":1663241559493,"level":"debug","message":"Rendering engine handlebars","meta":{"rootId":"l7auzebloekc8ht","id":"7cb7iaur6xotqwl"},"id":"qij01nrtt2bvixj","previousOperationId":"ptab9ci7tlt9apz"}
{"type":"operationEnd","operationId":"ptab9ci7tlt9apz","timestamp":1663241559521,"id":"0fxr22v2013tq4b","previousEventId":"o73lad3ho5doyi0","previousOperationId":"ptab9ci7tlt9apz"}
{"type":"operationStart","subtype":"recipe","name":"html","timestamp":1663241559521,"id":"qr4tcuk54o7d27j","previousEventId":"0fxr22v2013tq4b","operationId":"v30icqojff7o7y6","previousOperationId":"ptab9ci7tlt9apz"}
{"type":"log","timestamp":1663241559521,"level":"debug","message":"Executing recipe html","meta":{"rootId":"l7auzebloekc8ht","id":"7cb7iaur6xotqwl"},"id":"3zabzz25os0cqwx","previousOperationId":"v30icqojff7o7y6"}
{"type":"operationEnd","operationId":"v30icqojff7o7y6","timestamp":1663241559521,"id":"qpoji8cjqu3swmr","previousEventId":"qr4tcuk54o7d27j","previousOperationId":"v30icqojff7o7y6"}
{"type":"log","timestamp":1663241559521,"level":"debug","message":"Skipping storing report.","meta":{"rootId":"l7auzebloekc8ht","id":"7cb7iaur6xotqwl"},"id":"umqb6k57qji2mj0","previousOperationId":"v30icqojff7o7y6"}
{"type":"log","timestamp":1663241559522,"level":"info","message":"Rendering request 1 finished in 1359 ms","meta":{"rootId":"l7auzebloekc8ht","id":"7cb7iaur6xotqwl"},"id":"ic7h9vnr77pjuk0","previousOperationId":"v30icqojff7o7y6"}
{"type":"operationEnd","subtype":"render","operationId":"235vc8p7nehagk2","timestamp":1663241559522,"id":"by89l3v35x4m276","previousEventId":"qpoji8cjqu3swmr","previousOperationId":"v30icqojff7o7y6"}
{"type":"log","timestamp":1663241562876,"level":"debug","message":"Converting with chrome HeadlessChrome/98.0.4758.0 using chrome-pool strategy","meta":{"rootId":"l7auzebloekc8ht","id":"l7auzebloekc8ht"},"id":"v0o6kwiu3vfuhbk","previousOperationId":"fj4zk6o0hamxun7"}
{"type":"log","timestamp":1663241563295,"level":"debug","message":"Page request: GET (document) file:///var/folders/8m/98z140gs3yzbw6jqmpbh8b8m0000gn/T/jsreport/autocleanup/c99a3012-6524-43eb-8f94-f2c5ad43b82d-chrome-pdf.html","meta":{"rootId":"l7auzebloekc8ht","id":"l7auzebloekc8ht"},"id":"wk3b6xp0vvek9lu","previousOperationId":"fj4zk6o0hamxun7"}
{"type":"log","timestamp":1663241563315,"level":"debug","message":"Page request finished: GET (document) file:///var/folders/8m/98z140gs3yzbw6jqmpbh8b8m0000gn/T/jsreport/autocleanup/c99a3012-6524-43eb-8f94-f2c5ad43b82d-chrome-pdf.html","meta":{"rootId":"l7auzebloekc8ht","id":"l7auzebloekc8ht"},"id":"ilhoe4muez23u8h","previousOperationId":"fj4zk6o0hamxun7"}
{"type":"log","timestamp":1663241563321,"level":"debug","message":"Page request: GET (stylesheet) https://fonts.googleapis.com/css2?family=Montserrat:wght@500&family=Open+Sans:wght@300&display=swap","meta":{"rootId":"l7auzebloekc8ht","id":"l7auzebloekc8ht"},"id":"g1620wtr0k4sl56","previousOperationId":"fj4zk6o0hamxun7"}
{"type":"log","timestamp":1663241563903,"level":"debug","message":"Page request finished: GET (stylesheet) 200 https://fonts.googleapis.com/css2?family=Montserrat:wght@500&family=Open+Sans:wght@300&display=swap","meta":{"rootId":"l7auzebloekc8ht","id":"l7auzebloekc8ht"},"id":"dfbm2u2ijs6sy79","previousOperationId":"fj4zk6o0hamxun7"}
{"type":"log","timestamp":1663241563951,"level":"debug","message":"Page request: GET (font) https://fonts.gstatic.com/s/opensans/v34/memSYaGs126MiZpBA-UvWbX2vVnXBbObj2OVZyOOSr4dVJWUgsiH0B4gaVQUwaEQbjA.woff","meta":{"rootId":"l7auzebloekc8ht","id":"l7auzebloekc8ht"},"id":"sswwmstnwju7e2z","previousOperationId":"fj4zk6o0hamxun7"}
{"type":"log","timestamp":1663241563965,"level":"debug","message":"Running chrome with params {\"scale\":1,\"displayHeaderFooter\":true,\"headerTemplate\":\"...\",\"footerTemplate\":\"...\",\"printBackground\":true,\"pageRanges\":\"\",\"format\":\"A4\",\"width\":\"\",\"height\":\"\",\"marginTop\":\"350px\",\"marginRight\":\"20px\",\"marginBottom\":\"80px\",\"marginLeft\":\"20px\",\"waitForJS\":false,\"waitForNetworkIddle\":false,\"timeout\":58641,\"waitForNetworkIdle\":false,\"margin\":{\"top\":\"350px\",\"right\":\"20px\",\"bottom\":\"80px\",\"left\":\"20px\"}}","meta":{"rootId":"l7auzebloekc8ht","id":"l7auzebloekc8ht"},"id":"rkf09crtkllu711","previousOperationId":"fj4zk6o0hamxun7"}
{"type":"log","timestamp":1663241563974,"level":"debug","message":"Page request: GET (font) https://fonts.gstatic.com/s/opensans/v34/memSYaGs126MiZpBA-UvWbX2vVnXBbObj2OVZyOOSr4dVJWUgsiH0B4gaVQUwaEQbjA.woff","meta":{"rootId":"l7auzebloekc8ht","id":"l7auzebloekc8ht"},"id":"8m0q7i7klezehdq","previousOperationId":"fj4zk6o0hamxun7"}
{"type":"operationEnd","operationId":"fj4zk6o0hamxun7","timestamp":1663241564314,"id":"eeeod03k5s0hcit","previousEventId":"dwikvm1zdx0s8kn","previousOperationId":"fj4zk6o0hamxun7"}
{"type":"log","timestamp":1663241564314,"level":"debug","message":"Skipping storing report.","meta":{"rootId":"l7auzebloekc8ht","id":"l7auzebloekc8ht"},"id":"j4f8ryj3abaima2","previousOperationId":"fj4zk6o0hamxun7"}
{"type":"log","timestamp":1663241564315,"level":"info","message":"Rendering request 1 finished in 6152 ms","meta":{"rootId":"l7auzebloekc8ht","id":"l7auzebloekc8ht"},"id":"zgs9gedclmzhpb8","previousOperationId":"fj4zk6o0hamxun7"}
{"type":"operationEnd","subtype":"render","operationId":"q6aukhuk0g6kv62","timestamp":1663241564315,"id":"u3i7p1ccld6sfcm","previousEventId":"eeeod03k5s0hcit","previousOperationId":"fj4zk6o0hamxun7"}
{"type":"operationEnd","doDiffs":false,"previousEventId":"6bggan70q6sj2ns","previousOperationId":"rndz9ug2hq69iv6","operationId":"rndz9ug2hq69iv6","timestamp":1663241564337,"id":"k89ssqhh9wvbubv"}
