{"type":"operationStart","subtype":"profile","data":{"_id":"6hyNvdfYW1Bv55G9","timestamp":"2022-08-28T13:23:33.648Z","state":"queued","mode":"standard","creationDate":"2022-08-28T13:23:33.657Z","modificationDate":"2022-08-28T13:23:33.657Z","shortid":"MNkQup0","$entitySet":"profiles"},"doDiffs":false,"timestamp":1661693013655,"id":"ox6imp031jc6wjx","previousOperationId":null,"operationId":"48getq76yochz3o"}
{"type":"log","level":"info","message":"Render request 1 queued for execution and waiting for available worker","previousOperationId":"48getq76yochz3o","timestamp":1661693013655,"id":"57jk2kwvbl8yin6"}
{"type":"operationStart","subtype":"render","name":"anonymous","previousOperationId":"48getq76yochz3o","timestamp":1661693013707,"id":"vvuvqvqjsbx23wt","previousEventId":"ox6imp031jc6wjx","operationId":"do0fotecleefd35"}
{"type":"log","timestamp":1661693013710,"level":"info","message":"Starting rendering request 1 (user: null)","meta":{"rootId":"lspqja3kuq7fyfj","id":"lspqja3kuq7fyfj"},"id":"6xax3x6evxdy57a","previousOperationId":"do0fotecleefd35"}
{"type":"log","timestamp":1661693013724,"level":"info","message":"Rendering anonymous template { recipe: chrome-pdf, engine: handlebars }","meta":{"rootId":"lspqja3kuq7fyfj","id":"lspqja3kuq7fyfj"},"id":"1rwn54e7odrre06","previousOperationId":"do0fotecleefd35"}
{"type":"log","timestamp":1661693013725,"level":"debug","message":"Inline data specified.","meta":{"rootId":"lspqja3kuq7fyfj","id":"lspqja3kuq7fyfj"},"id":"0h0eh8vq8eh70uk","previousOperationId":"do0fotecleefd35"}
{"type":"log","timestamp":1661693013737,"level":"debug","message":"Base url not specified, skipping its injection.","meta":{"rootId":"lspqja3kuq7fyfj","id":"lspqja3kuq7fyfj"},"id":"ba7gbijqcut9sny","previousOperationId":"do0fotecleefd35"}
{"type":"operationStart","subtype":"engine","name":"handlebars","timestamp":1661693013741,"id":"5gjslreelrh0h1x","previousEventId":"vvuvqvqjsbx23wt","operationId":"stj686kkn1689v2","previousOperationId":"do0fotecleefd35"}
{"type":"log","timestamp":1661693013741,"level":"debug","message":"Rendering engine handlebars","meta":{"rootId":"lspqja3kuq7fyfj","id":"lspqja3kuq7fyfj"},"id":"a40e6klrxwtjdf6","previousOperationId":"stj686kkn1689v2"}
{"type":"operationEnd","operationId":"stj686kkn1689v2","timestamp":1661693014973,"id":"ozdshwahot87axu","previousEventId":"5gjslreelrh0h1x","previousOperationId":"stj686kkn1689v2"}
{"type":"operationStart","subtype":"recipe","name":"chrome-pdf","timestamp":1661693014974,"id":"71m2mtmeitcw49g","previousEventId":"ozdshwahot87axu","operationId":"llbu3gd7xaa4qnu","previousOperationId":"stj686kkn1689v2"}
{"type":"log","timestamp":1661693014974,"level":"debug","message":"Executing recipe chrome-pdf","meta":{"rootId":"lspqja3kuq7fyfj","id":"lspqja3kuq7fyfj"},"id":"3ynsifaawxrxdit","previousOperationId":"llbu3gd7xaa4qnu"}
{"type":"log","timestamp":1661693015225,"level":"debug","message":"Starting child request to render pdf header","meta":{"rootId":"lspqja3kuq7fyfj","id":"lspqja3kuq7fyfj"},"id":"1v7lev2788cuxby","previousOperationId":"llbu3gd7xaa4qnu"}
{"type":"operationStart","subtype":"render","name":"anonymous","previousOperationId":"llbu3gd7xaa4qnu","timestamp":1661693015226,"id":"30hoo8ty8ac9dlu","previousEventId":"71m2mtmeitcw49g","operationId":"d7g59mfo3fznerv"}
{"type":"log","timestamp":1661693015226,"level":"info","message":"Starting rendering request 1 (user: null)","meta":{"rootId":"lspqja3kuq7fyfj","id":"p7stf3mjb40j363"},"id":"3qcf0fkvub1lsfg","previousOperationId":"d7g59mfo3fznerv"}
{"type":"log","timestamp":1661693015227,"level":"info","message":"Rendering anonymous template { recipe: html, engine: handlebars }","meta":{"rootId":"lspqja3kuq7fyfj","id":"p7stf3mjb40j363"},"id":"16akf7mdbs3m7cl","previousOperationId":"d7g59mfo3fznerv"}
{"type":"log","timestamp":1661693015227,"level":"debug","message":"Inline data specified.","meta":{"rootId":"lspqja3kuq7fyfj","id":"p7stf3mjb40j363"},"id":"y3h1130g0c5m9w4","previousOperationId":"d7g59mfo3fznerv"}
{"type":"log","timestamp":1661693015229,"level":"debug","message":"Base url not specified, skipping its injection.","meta":{"rootId":"lspqja3kuq7fyfj","id":"p7stf3mjb40j363"},"id":"txtzr6gpwmh8lo6","previousOperationId":"d7g59mfo3fznerv"}
{"type":"log","timestamp":1661693015401,"level":"debug","message":"Replaced assets [\"./src/reporting/assets/logo.png\"]","meta":{"rootId":"lspqja3kuq7fyfj","id":"p7stf3mjb40j363"},"id":"7qsaeyj73pmjgxk","previousOperationId":"d7g59mfo3fznerv"}
{"type":"operationStart","subtype":"engine","name":"handlebars","timestamp":1661693015401,"id":"ffqymql2cz72bft","previousEventId":"30hoo8ty8ac9dlu","operationId":"80lqh4ytz6z82t8","previousOperationId":"d7g59mfo3fznerv"}
{"type":"log","timestamp":1661693015401,"level":"debug","message":"Rendering engine handlebars","meta":{"rootId":"lspqja3kuq7fyfj","id":"p7stf3mjb40j363"},"id":"fuafm0es26qcw0h","previousOperationId":"80lqh4ytz6z82t8"}
{"type":"operationEnd","operationId":"80lqh4ytz6z82t8","timestamp":1661693015443,"id":"iui4pkljdfw6xxy","previousEventId":"ffqymql2cz72bft","previousOperationId":"80lqh4ytz6z82t8"}
{"type":"operationStart","subtype":"recipe","name":"html","timestamp":1661693015444,"id":"qmj8amkmopor3ze","previousEventId":"iui4pkljdfw6xxy","operationId":"5xmib4lfnu92s6e","previousOperationId":"80lqh4ytz6z82t8"}
{"type":"log","timestamp":1661693015444,"level":"debug","message":"Executing recipe html","meta":{"rootId":"lspqja3kuq7fyfj","id":"p7stf3mjb40j363"},"id":"k9tbdlzwrhcboe7","previousOperationId":"5xmib4lfnu92s6e"}
{"type":"operationEnd","operationId":"5xmib4lfnu92s6e","timestamp":1661693015444,"id":"7a4aoc8n3e6r3et","previousEventId":"qmj8amkmopor3ze","previousOperationId":"5xmib4lfnu92s6e"}
{"type":"log","timestamp":1661693015446,"level":"debug","message":"Skipping storing report.","meta":{"rootId":"lspqja3kuq7fyfj","id":"p7stf3mjb40j363"},"id":"8zx8brcdjqhy8rc","previousOperationId":"5xmib4lfnu92s6e"}
{"type":"log","timestamp":1661693015446,"level":"info","message":"Rendering request 1 finished in 1801 ms","meta":{"rootId":"lspqja3kuq7fyfj","id":"p7stf3mjb40j363"},"id":"ot28vrzslgb7zph","previousOperationId":"5xmib4lfnu92s6e"}
{"type":"operationEnd","subtype":"render","operationId":"d7g59mfo3fznerv","timestamp":1661693015447,"id":"jefbzs5s0zj361m","previousEventId":"7a4aoc8n3e6r3et","previousOperationId":"5xmib4lfnu92s6e"}
{"type":"log","timestamp":1661693015447,"level":"debug","message":"Starting child request to render pdf footer","meta":{"rootId":"lspqja3kuq7fyfj","id":"lspqja3kuq7fyfj"},"id":"pfhmgluqt4spbak","previousOperationId":"llbu3gd7xaa4qnu"}
{"type":"operationStart","subtype":"render","name":"anonymous","previousOperationId":"llbu3gd7xaa4qnu","timestamp":1661693015448,"id":"1eqbxixplb45wvr","previousEventId":"71m2mtmeitcw49g","operationId":"vhtq3pl5fqxotnf"}
{"type":"log","timestamp":1661693015449,"level":"info","message":"Starting rendering request 1 (user: null)","meta":{"rootId":"lspqja3kuq7fyfj","id":"3smr6bfo2740l3u"},"id":"1o3y62kz3y1m0bg","previousOperationId":"vhtq3pl5fqxotnf"}
{"type":"log","timestamp":1661693015450,"level":"info","message":"Rendering anonymous template { recipe: html, engine: handlebars }","meta":{"rootId":"lspqja3kuq7fyfj","id":"3smr6bfo2740l3u"},"id":"wdtasbi9zaq1q9x","previousOperationId":"vhtq3pl5fqxotnf"}
{"type":"log","timestamp":1661693015450,"level":"debug","message":"Inline data specified.","meta":{"rootId":"lspqja3kuq7fyfj","id":"3smr6bfo2740l3u"},"id":"tppbs18lft2r5mm","previousOperationId":"vhtq3pl5fqxotnf"}
{"type":"log","timestamp":1661693015455,"level":"debug","message":"Base url not specified, skipping its injection.","meta":{"rootId":"lspqja3kuq7fyfj","id":"3smr6bfo2740l3u"},"id":"juyd82w6sd2lw3l","previousOperationId":"vhtq3pl5fqxotnf"}
{"type":"operationStart","subtype":"engine","name":"handlebars","timestamp":1661693015456,"id":"sod92op2pa88ilz","previousEventId":"1eqbxixplb45wvr","operationId":"nr10yiz04mjjhll","previousOperationId":"vhtq3pl5fqxotnf"}
{"type":"log","timestamp":1661693015456,"level":"debug","message":"Rendering engine handlebars","meta":{"rootId":"lspqja3kuq7fyfj","id":"3smr6bfo2740l3u"},"id":"w218e95i0649gzw","previousOperationId":"nr10yiz04mjjhll"}
{"type":"operationEnd","operationId":"nr10yiz04mjjhll","timestamp":1661693015509,"id":"4zziurrgkq3oz0m","previousEventId":"sod92op2pa88ilz","previousOperationId":"nr10yiz04mjjhll"}
{"type":"operationStart","subtype":"recipe","name":"html","timestamp":1661693015516,"id":"ret172oexyf5g7z","previousEventId":"4zziurrgkq3oz0m","operationId":"2a7fvuwd3jizhd9","previousOperationId":"nr10yiz04mjjhll"}
{"type":"log","timestamp":1661693015516,"level":"debug","message":"Executing recipe html","meta":{"rootId":"lspqja3kuq7fyfj","id":"3smr6bfo2740l3u"},"id":"1lom3i2n8w4w47v","previousOperationId":"2a7fvuwd3jizhd9"}
{"type":"operationEnd","operationId":"2a7fvuwd3jizhd9","timestamp":1661693015517,"id":"mh1f4vz9mtt60s0","previousEventId":"ret172oexyf5g7z","previousOperationId":"2a7fvuwd3jizhd9"}
{"type":"log","timestamp":1661693015517,"level":"debug","message":"Skipping storing report.","meta":{"rootId":"lspqja3kuq7fyfj","id":"3smr6bfo2740l3u"},"id":"oewivz9wkf3xg4v","previousOperationId":"2a7fvuwd3jizhd9"}
{"type":"log","timestamp":1661693015517,"level":"info","message":"Rendering request 1 finished in 1872 ms","meta":{"rootId":"lspqja3kuq7fyfj","id":"3smr6bfo2740l3u"},"id":"9u8rw3wvugdq236","previousOperationId":"2a7fvuwd3jizhd9"}
{"type":"operationEnd","subtype":"render","operationId":"vhtq3pl5fqxotnf","timestamp":1661693015517,"id":"25bowbmiyuie4p8","previousEventId":"mh1f4vz9mtt60s0","previousOperationId":"2a7fvuwd3jizhd9"}
{"type":"log","timestamp":1661693023051,"level":"debug","message":"Converting with chrome HeadlessChrome/98.0.4758.0 using chrome-pool strategy","meta":{"rootId":"lspqja3kuq7fyfj","id":"lspqja3kuq7fyfj"},"id":"2xp8mr5q8dnkiqf","previousOperationId":"llbu3gd7xaa4qnu"}
{"type":"log","timestamp":1661693023789,"level":"debug","message":"Page request: GET (document) file:///var/folders/8m/98z140gs3yzbw6jqmpbh8b8m0000gn/T/jsreport/autocleanup/a4706450-ceb3-4483-8807-0d0ab60d3549-chrome-pdf.html","meta":{"rootId":"lspqja3kuq7fyfj","id":"lspqja3kuq7fyfj"},"id":"jignpcw7tgy5e1t","previousOperationId":"llbu3gd7xaa4qnu"}
{"type":"log","timestamp":1661693023809,"level":"debug","message":"Page request finished: GET (document) file:///var/folders/8m/98z140gs3yzbw6jqmpbh8b8m0000gn/T/jsreport/autocleanup/a4706450-ceb3-4483-8807-0d0ab60d3549-chrome-pdf.html","meta":{"rootId":"lspqja3kuq7fyfj","id":"lspqja3kuq7fyfj"},"id":"pr5jlgskfl76tjp","previousOperationId":"llbu3gd7xaa4qnu"}
{"type":"log","timestamp":1661693023811,"level":"debug","message":"Page request: GET (stylesheet) https://fonts.googleapis.com/css2?family=Montserrat:wght@500&family=Open+Sans:wght@300&display=swap","meta":{"rootId":"lspqja3kuq7fyfj","id":"lspqja3kuq7fyfj"},"id":"ps5i5go6w0lc9pn","previousOperationId":"llbu3gd7xaa4qnu"}
{"type":"log","timestamp":1661693024134,"level":"debug","message":"Page request finished: GET (stylesheet) 200 https://fonts.googleapis.com/css2?family=Montserrat:wght@500&family=Open+Sans:wght@300&display=swap","meta":{"rootId":"lspqja3kuq7fyfj","id":"lspqja3kuq7fyfj"},"id":"rmjj3iiqvefulor","previousOperationId":"llbu3gd7xaa4qnu"}
{"type":"log","timestamp":1661693024261,"level":"debug","message":"Page request: GET (font) https://fonts.gstatic.com/s/opensans/v34/memSYaGs126MiZpBA-UvWbX2vVnXBbObj2OVZyOOSr4dVJWUgsiH0B4gaVQUwaEQbjA.woff","meta":{"rootId":"lspqja3kuq7fyfj","id":"lspqja3kuq7fyfj"},"id":"bfwwip3r03k38jg","previousOperationId":"llbu3gd7xaa4qnu"}
{"type":"log","timestamp":1661693024286,"level":"debug","message":"Page request: GET (font) https://fonts.gstatic.com/s/opensans/v34/memSYaGs126MiZpBA-UvWbX2vVnXBbObj2OVZyOOSr4dVJWUgsiH0B4gaVQUwaEQbjA.woff","meta":{"rootId":"lspqja3kuq7fyfj","id":"lspqja3kuq7fyfj"},"id":"stci433nhwx5ete","previousOperationId":"llbu3gd7xaa4qnu"}
{"type":"log","timestamp":1661693024635,"level":"debug","message":"Page request finished: GET (font) 200 https://fonts.gstatic.com/s/opensans/v34/memSYaGs126MiZpBA-UvWbX2vVnXBbObj2OVZyOOSr4dVJWUgsiH0B4gaVQUwaEQbjA.woff","meta":{"rootId":"lspqja3kuq7fyfj","id":"lspqja3kuq7fyfj"},"id":"4tb7otu2a1gyqi0","previousOperationId":"llbu3gd7xaa4qnu"}
{"type":"log","timestamp":1661693024641,"level":"debug","message":"Running chrome with params {\"scale\":1,\"displayHeaderFooter\":true,\"headerTemplate\":\"...\",\"footerTemplate\":\"...\",\"printBackground\":true,\"pageRanges\":\"\",\"format\":\"A4\",\"width\":\"\",\"height\":\"\",\"marginTop\":\"350px\",\"marginRight\":\"20px\",\"marginBottom\":\"80px\",\"marginLeft\":\"20px\",\"waitForJS\":false,\"waitForNetworkIddle\":false,\"timeout\":58123,\"waitForNetworkIdle\":false,\"margin\":{\"top\":\"350px\",\"right\":\"20px\",\"bottom\":\"80px\",\"left\":\"20px\"}}","meta":{"rootId":"lspqja3kuq7fyfj","id":"lspqja3kuq7fyfj"},"id":"t7n2rn15a3t7h4n","previousOperationId":"llbu3gd7xaa4qnu"}
{"type":"operationEnd","operationId":"llbu3gd7xaa4qnu","timestamp":1661693024905,"id":"ad5wmmkwic70vq8","previousEventId":"71m2mtmeitcw49g","previousOperationId":"llbu3gd7xaa4qnu"}
{"type":"log","timestamp":1661693024905,"level":"debug","message":"Skipping storing report.","meta":{"rootId":"lspqja3kuq7fyfj","id":"lspqja3kuq7fyfj"},"id":"nyuj32zubpiv3al","previousOperationId":"llbu3gd7xaa4qnu"}
{"type":"log","timestamp":1661693024905,"level":"info","message":"Rendering request 1 finished in 11260 ms","meta":{"rootId":"lspqja3kuq7fyfj","id":"lspqja3kuq7fyfj"},"id":"nilmkrh5m3rtfet","previousOperationId":"llbu3gd7xaa4qnu"}
{"type":"operationEnd","subtype":"render","operationId":"do0fotecleefd35","timestamp":1661693024905,"id":"7lu3edhyznhqes6","previousEventId":"ad5wmmkwic70vq8","previousOperationId":"llbu3gd7xaa4qnu"}
{"type":"operationEnd","doDiffs":false,"previousEventId":"ox6imp031jc6wjx","previousOperationId":"48getq76yochz3o","operationId":"48getq76yochz3o","timestamp":1661693024911,"id":"qkck4wzkjhlntgv"}
