{"type":"operationStart","subtype":"profile","data":{"_id":"fsz0TpZR7Cm2zYyQ","timestamp":"2023-01-28T18:36:03.493Z","state":"queued","mode":"standard","creationDate":"2023-01-28T18:36:03.497Z","modificationDate":"2023-01-28T18:36:03.497Z","shortid":"xynbzip","$entitySet":"profiles"},"doDiffs":false,"timestamp":1674930963495,"id":"9bzoru6oe9vzlzq","previousOperationId":null,"operationId":"rayi0tadt7470iz"}
{"type":"log","level":"info","message":"Render request 2 queued for execution and waiting for available worker","previousOperationId":"rayi0tadt7470iz","timestamp":1674930963495,"id":"6cenl4vc4sja5by"}
{"type":"operationStart","subtype":"render","name":"anonymous","previousOperationId":"rayi0tadt7470iz","timestamp":1674930963526,"id":"j2yi16g2xu3uuah","previousEventId":"9bzoru6oe9vzlzq","operationId":"9y4nyymi0gvyiv7"}
{"type":"log","timestamp":1674930963528,"level":"info","message":"Starting rendering request 2 (user: null)","meta":{"rootId":"lx92spmd2zcqmnp","id":"lx92spmd2zcqmnp"},"id":"mqcivkoldwxtb8z","previousOperationId":"9y4nyymi0gvyiv7"}
{"type":"log","timestamp":1674930963531,"level":"info","message":"Rendering anonymous template { recipe: chrome-pdf, engine: handlebars }","meta":{"rootId":"lx92spmd2zcqmnp","id":"lx92spmd2zcqmnp"},"id":"o14exteq60nrdq0","previousOperationId":"9y4nyymi0gvyiv7"}
{"type":"log","timestamp":1674930963533,"level":"debug","message":"Inline data specified.","meta":{"rootId":"lx92spmd2zcqmnp","id":"lx92spmd2zcqmnp"},"id":"rkzk0kl1qj3l6pa","previousOperationId":"9y4nyymi0gvyiv7"}
{"type":"log","timestamp":1674930963542,"level":"debug","message":"Base url not specified, skipping its injection.","meta":{"rootId":"lx92spmd2zcqmnp","id":"lx92spmd2zcqmnp"},"id":"1jo289u1g6yka5f","previousOperationId":"9y4nyymi0gvyiv7"}
{"type":"operationStart","subtype":"engine","name":"handlebars","timestamp":1674930963544,"id":"t2m1s9z6pgbizqq","previousEventId":"j2yi16g2xu3uuah","operationId":"b2dsshx2y5tw0qs","previousOperationId":"9y4nyymi0gvyiv7"}
{"type":"log","timestamp":1674930963544,"level":"debug","message":"Rendering engine handlebars","meta":{"rootId":"lx92spmd2zcqmnp","id":"lx92spmd2zcqmnp"},"id":"c7zxpdv10oe2u8m","previousOperationId":"b2dsshx2y5tw0qs"}
{"type":"operationEnd","operationId":"b2dsshx2y5tw0qs","timestamp":1674930965086,"id":"n4ir89q0qabencv","previousEventId":"t2m1s9z6pgbizqq","previousOperationId":"b2dsshx2y5tw0qs"}
{"type":"operationStart","subtype":"recipe","name":"chrome-pdf","timestamp":1674930965088,"id":"efzuz7azflrz1yl","previousEventId":"n4ir89q0qabencv","operationId":"2907urdkv9e6pi0","previousOperationId":"b2dsshx2y5tw0qs"}
{"type":"log","timestamp":1674930965088,"level":"debug","message":"Executing recipe chrome-pdf","meta":{"rootId":"lx92spmd2zcqmnp","id":"lx92spmd2zcqmnp"},"id":"1kwkv8tkwqtwuk4","previousOperationId":"2907urdkv9e6pi0"}
{"type":"log","timestamp":1674930965422,"level":"debug","message":"Starting child request to render pdf header","meta":{"rootId":"lx92spmd2zcqmnp","id":"lx92spmd2zcqmnp"},"id":"fpneass0k8qf015","previousOperationId":"2907urdkv9e6pi0"}
{"type":"operationStart","subtype":"render","name":"anonymous","previousOperationId":"2907urdkv9e6pi0","timestamp":1674930965423,"id":"gmio4byvr9ge09x","previousEventId":"efzuz7azflrz1yl","operationId":"nm16qq0kzptnmq9"}
{"type":"log","timestamp":1674930965423,"level":"info","message":"Starting rendering request 2 (user: null)","meta":{"rootId":"lx92spmd2zcqmnp","id":"82lthrt8izyrv80"},"id":"yha84dcaqdpjh2i","previousOperationId":"nm16qq0kzptnmq9"}
{"type":"log","timestamp":1674930965424,"level":"info","message":"Rendering anonymous template { recipe: html, engine: handlebars }","meta":{"rootId":"lx92spmd2zcqmnp","id":"82lthrt8izyrv80"},"id":"kjlx6nfia0agk1o","previousOperationId":"nm16qq0kzptnmq9"}
{"type":"log","timestamp":1674930965424,"level":"debug","message":"Inline data specified.","meta":{"rootId":"lx92spmd2zcqmnp","id":"82lthrt8izyrv80"},"id":"ztmqricxk2e1mma","previousOperationId":"nm16qq0kzptnmq9"}
{"type":"log","timestamp":1674930965437,"level":"debug","message":"Base url not specified, skipping its injection.","meta":{"rootId":"lx92spmd2zcqmnp","id":"82lthrt8izyrv80"},"id":"d07dhd53jfz6g2a","previousOperationId":"nm16qq0kzptnmq9"}
{"type":"log","timestamp":1674930965447,"level":"debug","message":"Replaced assets [\"./src/reporting/assets/logo.png\"]","meta":{"rootId":"lx92spmd2zcqmnp","id":"82lthrt8izyrv80"},"id":"g4u4u8w5bsxdmmn","previousOperationId":"nm16qq0kzptnmq9"}
{"type":"operationStart","subtype":"engine","name":"handlebars","timestamp":1674930965447,"id":"o6zp4wftheeodnf","previousEventId":"gmio4byvr9ge09x","operationId":"eyowv5pdjq5mb7e","previousOperationId":"nm16qq0kzptnmq9"}
{"type":"log","timestamp":1674930965447,"level":"debug","message":"Rendering engine handlebars","meta":{"rootId":"lx92spmd2zcqmnp","id":"82lthrt8izyrv80"},"id":"1b0xdhp1yvoqvlx","previousOperationId":"eyowv5pdjq5mb7e"}
{"type":"operationEnd","operationId":"eyowv5pdjq5mb7e","timestamp":1674930965490,"id":"6m7e74hbmqdr5t0","previousEventId":"o6zp4wftheeodnf","previousOperationId":"eyowv5pdjq5mb7e"}
{"type":"operationStart","subtype":"recipe","name":"html","timestamp":1674930965490,"id":"4sfe74duptno074","previousEventId":"6m7e74hbmqdr5t0","operationId":"mvlxs1a5q7gsvbp","previousOperationId":"eyowv5pdjq5mb7e"}
{"type":"log","timestamp":1674930965490,"level":"debug","message":"Executing recipe html","meta":{"rootId":"lx92spmd2zcqmnp","id":"82lthrt8izyrv80"},"id":"qowvzcpqds8jllp","previousOperationId":"mvlxs1a5q7gsvbp"}
{"type":"operationEnd","operationId":"mvlxs1a5q7gsvbp","timestamp":1674930965491,"id":"41hwndqgm5v1krj","previousEventId":"4sfe74duptno074","previousOperationId":"mvlxs1a5q7gsvbp"}
{"type":"log","timestamp":1674930965492,"level":"debug","message":"Skipping storing report.","meta":{"rootId":"lx92spmd2zcqmnp","id":"82lthrt8izyrv80"},"id":"fhbhckg14iglz61","previousOperationId":"mvlxs1a5q7gsvbp"}
{"type":"log","timestamp":1674930965497,"level":"info","message":"Rendering request 2 finished in 2005 ms","meta":{"rootId":"lx92spmd2zcqmnp","id":"82lthrt8izyrv80"},"id":"pmymvqm2sst56e3","previousOperationId":"mvlxs1a5q7gsvbp"}
{"type":"operationEnd","subtype":"render","operationId":"nm16qq0kzptnmq9","timestamp":1674930965498,"id":"brd4wfqtem7kxx3","previousEventId":"41hwndqgm5v1krj","previousOperationId":"mvlxs1a5q7gsvbp"}
{"type":"log","timestamp":1674930965498,"level":"debug","message":"Starting child request to render pdf footer","meta":{"rootId":"lx92spmd2zcqmnp","id":"lx92spmd2zcqmnp"},"id":"kzedbl34ffskhob","previousOperationId":"2907urdkv9e6pi0"}
{"type":"operationStart","subtype":"render","name":"anonymous","previousOperationId":"2907urdkv9e6pi0","timestamp":1674930965498,"id":"a7te1ny5lbr75bt","previousEventId":"efzuz7azflrz1yl","operationId":"knyt0vkackjun7o"}
{"type":"log","timestamp":1674930965499,"level":"info","message":"Starting rendering request 2 (user: null)","meta":{"rootId":"lx92spmd2zcqmnp","id":"y7s903m8j2bxa9t"},"id":"x1icv0piy93kk9j","previousOperationId":"knyt0vkackjun7o"}
{"type":"log","timestamp":1674930965499,"level":"info","message":"Rendering anonymous template { recipe: html, engine: handlebars }","meta":{"rootId":"lx92spmd2zcqmnp","id":"y7s903m8j2bxa9t"},"id":"to640f72jx3hb29","previousOperationId":"knyt0vkackjun7o"}
{"type":"log","timestamp":1674930965499,"level":"debug","message":"Inline data specified.","meta":{"rootId":"lx92spmd2zcqmnp","id":"y7s903m8j2bxa9t"},"id":"9fk1kmtoadzckrd","previousOperationId":"knyt0vkackjun7o"}
{"type":"log","timestamp":1674930965501,"level":"debug","message":"Base url not specified, skipping its injection.","meta":{"rootId":"lx92spmd2zcqmnp","id":"y7s903m8j2bxa9t"},"id":"618l4yuw4vdzjib","previousOperationId":"knyt0vkackjun7o"}
{"type":"operationStart","subtype":"engine","name":"handlebars","timestamp":1674930965502,"id":"lhs0v0e298nxz8m","previousEventId":"a7te1ny5lbr75bt","operationId":"m96iql3npyxaqj9","previousOperationId":"knyt0vkackjun7o"}
{"type":"log","timestamp":1674930965502,"level":"debug","message":"Rendering engine handlebars","meta":{"rootId":"lx92spmd2zcqmnp","id":"y7s903m8j2bxa9t"},"id":"fbnfx97z587jcon","previousOperationId":"m96iql3npyxaqj9"}
{"type":"operationEnd","operationId":"m96iql3npyxaqj9","timestamp":1674930965534,"id":"n4yl714iq8kv8qt","previousEventId":"lhs0v0e298nxz8m","previousOperationId":"m96iql3npyxaqj9"}
{"type":"operationStart","subtype":"recipe","name":"html","timestamp":1674930965534,"id":"urmecm35pxpss2a","previousEventId":"n4yl714iq8kv8qt","operationId":"wbr4c57f97uvxtz","previousOperationId":"m96iql3npyxaqj9"}
{"type":"log","timestamp":1674930965534,"level":"debug","message":"Executing recipe html","meta":{"rootId":"lx92spmd2zcqmnp","id":"y7s903m8j2bxa9t"},"id":"ieai9ff923dsb8o","previousOperationId":"wbr4c57f97uvxtz"}
{"type":"operationEnd","operationId":"wbr4c57f97uvxtz","timestamp":1674930965534,"id":"m5qjzpbmtwubece","previousEventId":"urmecm35pxpss2a","previousOperationId":"wbr4c57f97uvxtz"}
{"type":"log","timestamp":1674930965534,"level":"debug","message":"Skipping storing report.","meta":{"rootId":"lx92spmd2zcqmnp","id":"y7s903m8j2bxa9t"},"id":"9b8rskmcvmgztjh","previousOperationId":"wbr4c57f97uvxtz"}
{"type":"log","timestamp":1674930965534,"level":"info","message":"Rendering request 2 finished in 2042 ms","meta":{"rootId":"lx92spmd2zcqmnp","id":"y7s903m8j2bxa9t"},"id":"elx1rghrgkhfm80","previousOperationId":"wbr4c57f97uvxtz"}
{"type":"operationEnd","subtype":"render","operationId":"knyt0vkackjun7o","timestamp":1674930965535,"id":"mb37smsqkur1l9l","previousEventId":"m5qjzpbmtwubece","previousOperationId":"wbr4c57f97uvxtz"}
{"type":"log","timestamp":1674930966051,"level":"debug","message":"Converting with chrome HeadlessChrome/98.0.4758.0 using chrome-pool strategy","meta":{"rootId":"lx92spmd2zcqmnp","id":"lx92spmd2zcqmnp"},"id":"e80zjl94e6i7czc","previousOperationId":"2907urdkv9e6pi0"}
{"type":"log","timestamp":1674930966312,"level":"debug","message":"Page request: GET (document) file:///C:/Users/ADMINI~1/AppData/Local/Temp/jsreport/autocleanup/640bdca3-6d52-43ff-ba1f-704eee607364-chrome-pdf.html","meta":{"rootId":"lx92spmd2zcqmnp","id":"lx92spmd2zcqmnp"},"id":"n0drb9pz2o9w33c","previousOperationId":"2907urdkv9e6pi0"}
{"type":"log","timestamp":1674930966348,"level":"debug","message":"Page request finished: GET (document) file:///C:/Users/ADMINI~1/AppData/Local/Temp/jsreport/autocleanup/640bdca3-6d52-43ff-ba1f-704eee607364-chrome-pdf.html","meta":{"rootId":"lx92spmd2zcqmnp","id":"lx92spmd2zcqmnp"},"id":"le1y7phocrafg1m","previousOperationId":"2907urdkv9e6pi0"}
{"type":"log","timestamp":1674930966349,"level":"debug","message":"Page request: GET (stylesheet) https://fonts.googleapis.com/css2?family=Montserrat:wght@500&family=Open+Sans:wght@300&display=swap","meta":{"rootId":"lx92spmd2zcqmnp","id":"lx92spmd2zcqmnp"},"id":"g0n9ef7by2k4ubu","previousOperationId":"2907urdkv9e6pi0"}
{"type":"log","timestamp":1674930967053,"level":"debug","message":"Page request finished: GET (stylesheet) 200 https://fonts.googleapis.com/css2?family=Montserrat:wght@500&family=Open+Sans:wght@300&display=swap","meta":{"rootId":"lx92spmd2zcqmnp","id":"lx92spmd2zcqmnp"},"id":"xgsjja7w1cvqk0u","previousOperationId":"2907urdkv9e6pi0"}
{"type":"log","timestamp":1674930967425,"level":"debug","message":"Page request: GET (font) https://fonts.gstatic.com/s/opensans/v34/memSYaGs126MiZpBA-UvWbX2vVnXBbObj2OVZyOOSr4dVJWUgsiH0B4gaVI.woff2","meta":{"rootId":"lx92spmd2zcqmnp","id":"lx92spmd2zcqmnp"},"id":"gzzqcdgu89n6zkz","previousOperationId":"2907urdkv9e6pi0"}
{"type":"log","timestamp":1674930967586,"level":"debug","message":"Page request: GET (font) https://fonts.gstatic.com/s/opensans/v34/memSYaGs126MiZpBA-UvWbX2vVnXBbObj2OVZyOOSr4dVJWUgsiH0B4gaVI.woff2","meta":{"rootId":"lx92spmd2zcqmnp","id":"lx92spmd2zcqmnp"},"id":"jajn5ovzc95z31n","previousOperationId":"2907urdkv9e6pi0"}
{"type":"log","timestamp":1674930967921,"level":"debug","message":"Page request finished: GET (font) 200 https://fonts.gstatic.com/s/opensans/v34/memSYaGs126MiZpBA-UvWbX2vVnXBbObj2OVZyOOSr4dVJWUgsiH0B4gaVI.woff2","meta":{"rootId":"lx92spmd2zcqmnp","id":"lx92spmd2zcqmnp"},"id":"gm85xkfuganroyl","previousOperationId":"2907urdkv9e6pi0"}
{"type":"log","timestamp":1674930967972,"level":"debug","message":"Running chrome with params {\"scale\":1,\"displayHeaderFooter\":true,\"headerTemplate\":\"...\",\"footerTemplate\":\"...\",\"printBackground\":true,\"pageRanges\":\"\",\"format\":\"A4\",\"width\":\"\",\"height\":\"\",\"marginTop\":\"350px\",\"marginRight\":\"20px\",\"marginBottom\":\"80px\",\"marginLeft\":\"20px\",\"waitForJS\":false,\"waitForNetworkIddle\":false,\"timeout\":57957,\"waitForNetworkIdle\":false,\"margin\":{\"top\":\"350px\",\"right\":\"20px\",\"bottom\":\"80px\",\"left\":\"20px\"}}","meta":{"rootId":"lx92spmd2zcqmnp","id":"lx92spmd2zcqmnp"},"id":"8akw50y9wvqay0o","previousOperationId":"2907urdkv9e6pi0"}
{"type":"operationEnd","operationId":"2907urdkv9e6pi0","timestamp":1674930970951,"id":"6mr2mgyxfylu1pv","previousEventId":"efzuz7azflrz1yl","previousOperationId":"2907urdkv9e6pi0"}
{"type":"log","timestamp":1674930970951,"level":"debug","message":"Skipping storing report.","meta":{"rootId":"lx92spmd2zcqmnp","id":"lx92spmd2zcqmnp"},"id":"o8x9ufq8vayilgd","previousOperationId":"2907urdkv9e6pi0"}
{"type":"log","timestamp":1674930970951,"level":"info","message":"Rendering request 2 finished in 7459 ms","meta":{"rootId":"lx92spmd2zcqmnp","id":"lx92spmd2zcqmnp"},"id":"wtw9rhqq5n8ybpf","previousOperationId":"2907urdkv9e6pi0"}
{"type":"operationEnd","subtype":"render","operationId":"9y4nyymi0gvyiv7","timestamp":1674930970951,"id":"olivlm4u47ja3ix","previousEventId":"6mr2mgyxfylu1pv","previousOperationId":"2907urdkv9e6pi0"}
{"type":"operationEnd","doDiffs":false,"previousEventId":"9bzoru6oe9vzlzq","previousOperationId":"rayi0tadt7470iz","operationId":"rayi0tadt7470iz","timestamp":1674930970956,"id":"1sulu450u5ggod5"}
