{"type":"operationStart","subtype":"profile","data":{"_id":"FJI3S4VmJMgvg4an","timestamp":"2023-05-10T12:06:04.664Z","state":"queued","mode":"standard","creationDate":"2023-05-10T12:06:04.669Z","modificationDate":"2023-05-10T12:06:04.669Z","shortid":"WYDF2hn","$entitySet":"profiles"},"doDiffs":false,"timestamp":1683720364667,"id":"w1aiqbxmus6bnxk","previousOperationId":null,"operationId":"08ish8om1bpv34t"}
{"type":"log","level":"info","message":"Render request 1 queued for execution and waiting for available worker","previousOperationId":"08ish8om1bpv34t","timestamp":1683720364667,"id":"egub2e8siquc1iv"}
{"type":"operationStart","subtype":"render","name":"anonymous","previousOperationId":"08ish8om1bpv34t","timestamp":1683720364688,"id":"t20l35lvh7b647c","previousEventId":"w1aiqbxmus6bnxk","operationId":"gjm08ijdmr5p7sl"}
{"type":"log","timestamp":1683720364692,"level":"info","message":"Starting rendering request 1","meta":{"rootId":"m2zl7f2qjbbn3h5","id":"m2zl7f2qjbbn3h5"},"id":"t7l7a7lgkmbtsxb","previousOperationId":"gjm08ijdmr5p7sl"}
{"type":"log","timestamp":1683720364694,"level":"info","message":"Rendering anonymous template { recipe: chrome-pdf, engine: handlebars }","meta":{"rootId":"m2zl7f2qjbbn3h5","id":"m2zl7f2qjbbn3h5"},"id":"fse55brgapnv5tv","previousOperationId":"gjm08ijdmr5p7sl"}
{"type":"log","timestamp":1683720364695,"level":"debug","message":"Inline data specified.","meta":{"rootId":"m2zl7f2qjbbn3h5","id":"m2zl7f2qjbbn3h5"},"id":"rfyv6gk8qrqajqo","previousOperationId":"gjm08ijdmr5p7sl"}
{"type":"log","timestamp":1683720364698,"level":"debug","message":"Base url not specified, skipping its injection.","meta":{"rootId":"m2zl7f2qjbbn3h5","id":"m2zl7f2qjbbn3h5"},"id":"mxp27ny1avbp4ai","previousOperationId":"gjm08ijdmr5p7sl"}
{"type":"operationStart","subtype":"engine","name":"handlebars","timestamp":1683720364700,"id":"8xd23n706w1xehy","previousEventId":"t20l35lvh7b647c","operationId":"3wcq8y15wnlwg8r","previousOperationId":"gjm08ijdmr5p7sl"}
{"type":"log","timestamp":1683720364700,"level":"debug","message":"Rendering engine handlebars","meta":{"rootId":"m2zl7f2qjbbn3h5","id":"m2zl7f2qjbbn3h5"},"id":"tjywihez8iqwx0g","previousOperationId":"3wcq8y15wnlwg8r"}
{"type":"operationEnd","operationId":"3wcq8y15wnlwg8r","timestamp":1683720365864,"id":"6b6bb8ghk1nel6w","previousEventId":"8xd23n706w1xehy","previousOperationId":"3wcq8y15wnlwg8r"}
{"type":"operationStart","subtype":"recipe","name":"chrome-pdf","timestamp":1683720365866,"id":"ikz9kffvjl1xzy5","previousEventId":"6b6bb8ghk1nel6w","operationId":"5cs29561frxci2e","previousOperationId":"3wcq8y15wnlwg8r"}
{"type":"log","timestamp":1683720365866,"level":"debug","message":"Executing recipe chrome-pdf","meta":{"rootId":"m2zl7f2qjbbn3h5","id":"m2zl7f2qjbbn3h5"},"id":"m5pr290yac71qq2","previousOperationId":"5cs29561frxci2e"}
{"type":"log","timestamp":1683720366164,"level":"debug","message":"Starting child request to render pdf header","meta":{"rootId":"m2zl7f2qjbbn3h5","id":"m2zl7f2qjbbn3h5"},"id":"q04rj1wdo3q06e8","previousOperationId":"5cs29561frxci2e"}
{"type":"operationStart","subtype":"render","name":"anonymous","previousOperationId":"5cs29561frxci2e","timestamp":1683720366165,"id":"b3t3c4lywk12ymv","previousEventId":"ikz9kffvjl1xzy5","operationId":"srrzis87xodbeev"}
{"type":"log","timestamp":1683720366166,"level":"info","message":"Starting rendering (child) request","meta":{"rootId":"m2zl7f2qjbbn3h5","id":"p4mrerd8h9w5fua"},"id":"gxpojyast107wj1","previousOperationId":"srrzis87xodbeev"}
{"type":"log","timestamp":1683720366166,"level":"info","message":"Rendering anonymous template { recipe: html, engine: handlebars }","meta":{"rootId":"m2zl7f2qjbbn3h5","id":"p4mrerd8h9w5fua"},"id":"vr6u6ynbw4tkc6p","previousOperationId":"srrzis87xodbeev"}
{"type":"log","timestamp":1683720366166,"level":"debug","message":"Inline data specified.","meta":{"rootId":"m2zl7f2qjbbn3h5","id":"p4mrerd8h9w5fua"},"id":"cu6zt4c80qr0x4w","previousOperationId":"srrzis87xodbeev"}
{"type":"log","timestamp":1683720366168,"level":"debug","message":"Base url not specified, skipping its injection.","meta":{"rootId":"m2zl7f2qjbbn3h5","id":"p4mrerd8h9w5fua"},"id":"16p7mgr064w9ojo","previousOperationId":"srrzis87xodbeev"}
{"type":"log","timestamp":1683720366178,"level":"debug","message":"Replaced assets [\"./src/reporting/assets/logo.png\"]","meta":{"rootId":"m2zl7f2qjbbn3h5","id":"p4mrerd8h9w5fua"},"id":"u8i79tbdlp3pq96","previousOperationId":"srrzis87xodbeev"}
{"type":"operationStart","subtype":"engine","name":"handlebars","timestamp":1683720366178,"id":"6ixl7hfk7jbwwwn","previousEventId":"b3t3c4lywk12ymv","operationId":"fex1c2id637gx89","previousOperationId":"srrzis87xodbeev"}
{"type":"log","timestamp":1683720366178,"level":"debug","message":"Rendering engine handlebars","meta":{"rootId":"m2zl7f2qjbbn3h5","id":"p4mrerd8h9w5fua"},"id":"jwtg3f5c9dxace4","previousOperationId":"fex1c2id637gx89"}
{"type":"operationEnd","operationId":"fex1c2id637gx89","timestamp":1683720366198,"id":"ebxn33piqetmu33","previousEventId":"6ixl7hfk7jbwwwn","previousOperationId":"fex1c2id637gx89"}
{"type":"operationStart","subtype":"recipe","name":"html","timestamp":1683720366198,"id":"sj0goap07h5e109","previousEventId":"ebxn33piqetmu33","operationId":"2ffsln73wpwvjy4","previousOperationId":"fex1c2id637gx89"}
{"type":"log","timestamp":1683720366198,"level":"debug","message":"Executing recipe html","meta":{"rootId":"m2zl7f2qjbbn3h5","id":"p4mrerd8h9w5fua"},"id":"6mqvyyxvzbe2djf","previousOperationId":"2ffsln73wpwvjy4"}
{"type":"operationEnd","operationId":"2ffsln73wpwvjy4","timestamp":1683720366198,"id":"9s6bk2nughsu6eh","previousEventId":"sj0goap07h5e109","previousOperationId":"2ffsln73wpwvjy4"}
{"type":"log","timestamp":1683720366199,"level":"debug","message":"Skipping storing report.","meta":{"rootId":"m2zl7f2qjbbn3h5","id":"p4mrerd8h9w5fua"},"id":"y9mingko6gga9ty","previousOperationId":"2ffsln73wpwvjy4"}
{"type":"log","timestamp":1683720366199,"level":"info","message":"Rendering (child) request finished in 1536 ms","meta":{"rootId":"m2zl7f2qjbbn3h5","id":"p4mrerd8h9w5fua"},"id":"yil90bi6zo157i3","previousOperationId":"2ffsln73wpwvjy4"}
{"type":"operationEnd","subtype":"render","operationId":"srrzis87xodbeev","timestamp":1683720366199,"id":"17g1uu84ijl2noq","previousEventId":"9s6bk2nughsu6eh","previousOperationId":"2ffsln73wpwvjy4"}
{"type":"log","timestamp":1683720366200,"level":"debug","message":"Starting child request to render pdf footer","meta":{"rootId":"m2zl7f2qjbbn3h5","id":"m2zl7f2qjbbn3h5"},"id":"fqz11ttssljv6du","previousOperationId":"5cs29561frxci2e"}
{"type":"operationStart","subtype":"render","name":"anonymous","previousOperationId":"5cs29561frxci2e","timestamp":1683720366200,"id":"5v87u9i8spkb6wr","previousEventId":"ikz9kffvjl1xzy5","operationId":"f8ey7y2wcg5nhlf"}
{"type":"log","timestamp":1683720366200,"level":"info","message":"Starting rendering (child) request","meta":{"rootId":"m2zl7f2qjbbn3h5","id":"culkmkopj1ui6b3"},"id":"cv64rle915113w2","previousOperationId":"f8ey7y2wcg5nhlf"}
{"type":"log","timestamp":1683720366200,"level":"info","message":"Rendering anonymous template { recipe: html, engine: handlebars }","meta":{"rootId":"m2zl7f2qjbbn3h5","id":"culkmkopj1ui6b3"},"id":"1er10qjtketbhfq","previousOperationId":"f8ey7y2wcg5nhlf"}
{"type":"log","timestamp":1683720366200,"level":"debug","message":"Inline data specified.","meta":{"rootId":"m2zl7f2qjbbn3h5","id":"culkmkopj1ui6b3"},"id":"phs3kjushy0kl0j","previousOperationId":"f8ey7y2wcg5nhlf"}
{"type":"log","timestamp":1683720366202,"level":"debug","message":"Base url not specified, skipping its injection.","meta":{"rootId":"m2zl7f2qjbbn3h5","id":"culkmkopj1ui6b3"},"id":"4ua3pqcvrmdlybb","previousOperationId":"f8ey7y2wcg5nhlf"}
{"type":"operationStart","subtype":"engine","name":"handlebars","timestamp":1683720366202,"id":"p06xstduu7evzxs","previousEventId":"5v87u9i8spkb6wr","operationId":"aa4lb7dv0vhgtg5","previousOperationId":"f8ey7y2wcg5nhlf"}
{"type":"log","timestamp":1683720366202,"level":"debug","message":"Rendering engine handlebars","meta":{"rootId":"m2zl7f2qjbbn3h5","id":"culkmkopj1ui6b3"},"id":"eo9fvf9p7ngghyw","previousOperationId":"aa4lb7dv0vhgtg5"}
{"type":"operationEnd","operationId":"aa4lb7dv0vhgtg5","timestamp":1683720366225,"id":"42sojb45ub6f9sa","previousEventId":"p06xstduu7evzxs","previousOperationId":"aa4lb7dv0vhgtg5"}
{"type":"operationStart","subtype":"recipe","name":"html","timestamp":1683720366226,"id":"g5h94pqyqosyrbv","previousEventId":"42sojb45ub6f9sa","operationId":"nag4dif2hbbqv7f","previousOperationId":"aa4lb7dv0vhgtg5"}
{"type":"log","timestamp":1683720366226,"level":"debug","message":"Executing recipe html","meta":{"rootId":"m2zl7f2qjbbn3h5","id":"culkmkopj1ui6b3"},"id":"p3jpkapclocm1vx","previousOperationId":"nag4dif2hbbqv7f"}
{"type":"operationEnd","operationId":"nag4dif2hbbqv7f","timestamp":1683720366226,"id":"8zweyxgfaesvqyu","previousEventId":"g5h94pqyqosyrbv","previousOperationId":"nag4dif2hbbqv7f"}
{"type":"log","timestamp":1683720366226,"level":"debug","message":"Skipping storing report.","meta":{"rootId":"m2zl7f2qjbbn3h5","id":"culkmkopj1ui6b3"},"id":"1839pwqwnxbs2tk","previousOperationId":"nag4dif2hbbqv7f"}
{"type":"log","timestamp":1683720366226,"level":"info","message":"Rendering (child) request finished in 1563 ms","meta":{"rootId":"m2zl7f2qjbbn3h5","id":"culkmkopj1ui6b3"},"id":"n4thj29cep2es9c","previousOperationId":"nag4dif2hbbqv7f"}
{"type":"operationEnd","subtype":"render","operationId":"f8ey7y2wcg5nhlf","timestamp":1683720366226,"id":"zfmjvohv9cshcs6","previousEventId":"8zweyxgfaesvqyu","previousOperationId":"nag4dif2hbbqv7f"}
{"type":"log","timestamp":1683720366670,"level":"debug","message":"Converting with chrome HeadlessChrome/105.0.5173.0 using chrome-pool strategy","meta":{"rootId":"m2zl7f2qjbbn3h5","id":"m2zl7f2qjbbn3h5"},"id":"ensrg08rlnh9xx0","previousOperationId":"5cs29561frxci2e"}
{"type":"log","timestamp":1683720366888,"level":"debug","message":"Page request: GET (document) file:///C:/Users/ADMINI~1/AppData/Local/Temp/jsreport/autocleanup/461f997e-be7e-420c-aa44-9af6d4468200-chrome-pdf.html","meta":{"rootId":"m2zl7f2qjbbn3h5","id":"m2zl7f2qjbbn3h5"},"id":"hgaou43xrjnmv6a","previousOperationId":"5cs29561frxci2e"}
{"type":"log","timestamp":1683720366910,"level":"debug","message":"Page request finished: GET (document) 200 file:///C:/Users/ADMINI~1/AppData/Local/Temp/jsreport/autocleanup/461f997e-be7e-420c-aa44-9af6d4468200-chrome-pdf.html","meta":{"rootId":"m2zl7f2qjbbn3h5","id":"m2zl7f2qjbbn3h5"},"id":"gnr6l0d8unb6s9q","previousOperationId":"5cs29561frxci2e"}
{"type":"log","timestamp":1683720366912,"level":"debug","message":"Page request: GET (stylesheet) https://fonts.googleapis.com/css2?family=Montserrat:wght@500&family=Open+Sans:wght@300&display=swap","meta":{"rootId":"m2zl7f2qjbbn3h5","id":"m2zl7f2qjbbn3h5"},"id":"rr6y9ll9l7rluzx","previousOperationId":"5cs29561frxci2e"}
{"type":"log","timestamp":1683720367469,"level":"debug","message":"Page request finished: GET (stylesheet) 200 https://fonts.googleapis.com/css2?family=Montserrat:wght@500&family=Open+Sans:wght@300&display=swap","meta":{"rootId":"m2zl7f2qjbbn3h5","id":"m2zl7f2qjbbn3h5"},"id":"f29bomldmbo19mo","previousOperationId":"5cs29561frxci2e"}
{"type":"log","timestamp":1683720367585,"level":"debug","message":"Page request: GET (font) https://fonts.gstatic.com/s/opensans/v35/memSYaGs126MiZpBA-UvWbX2vVnXBbObj2OVZyOOSr4dVJWUgsiH0B4gaVI.woff2","meta":{"rootId":"m2zl7f2qjbbn3h5","id":"m2zl7f2qjbbn3h5"},"id":"kc59n2fl5snfosg","previousOperationId":"5cs29561frxci2e"}
{"type":"log","timestamp":1683720367586,"level":"debug","message":"Running chrome with params {\"scale\":1,\"displayHeaderFooter\":true,\"headerTemplate\":\"...\",\"footerTemplate\":\"...\",\"printBackground\":true,\"pageRanges\":\"\",\"format\":\"A4\",\"width\":\"\",\"height\":\"\",\"marginTop\":\"350px\",\"marginRight\":\"20px\",\"marginBottom\":\"80px\",\"marginLeft\":\"20px\",\"waitForJS\":false,\"waitForNetworkIddle\":false,\"timeout\":58436,\"waitForNetworkIdle\":false,\"margin\":{\"top\":\"350px\",\"right\":\"20px\",\"bottom\":\"80px\",\"left\":\"20px\"}}","meta":{"rootId":"m2zl7f2qjbbn3h5","id":"m2zl7f2qjbbn3h5"},"id":"2nuio62thz71dm5","previousOperationId":"5cs29561frxci2e"}
{"type":"log","timestamp":1683720367863,"level":"debug","message":"Page request: GET (font) https://fonts.gstatic.com/s/opensans/v35/memSYaGs126MiZpBA-UvWbX2vVnXBbObj2OVZyOOSr4dVJWUgsiH0B4gaVI.woff2","meta":{"rootId":"m2zl7f2qjbbn3h5","id":"m2zl7f2qjbbn3h5"},"id":"29etf2qsld4ol40","previousOperationId":"5cs29561frxci2e"}
{"type":"log","timestamp":1683720368287,"level":"debug","message":"Page request finished: GET (font) 200 https://fonts.gstatic.com/s/opensans/v35/memSYaGs126MiZpBA-UvWbX2vVnXBbObj2OVZyOOSr4dVJWUgsiH0B4gaVI.woff2","meta":{"rootId":"m2zl7f2qjbbn3h5","id":"m2zl7f2qjbbn3h5"},"id":"xv6ar3u245fax5k","previousOperationId":"5cs29561frxci2e"}
{"type":"operationEnd","operationId":"5cs29561frxci2e","timestamp":1683720379681,"id":"cftlg25hbm2dd6s","previousEventId":"ikz9kffvjl1xzy5","previousOperationId":"5cs29561frxci2e"}
{"type":"log","timestamp":1683720379681,"level":"debug","message":"Skipping storing report.","meta":{"rootId":"m2zl7f2qjbbn3h5","id":"m2zl7f2qjbbn3h5"},"id":"n0izq7eglatnq8r","previousOperationId":"5cs29561frxci2e"}
{"type":"log","timestamp":1683720379681,"level":"info","message":"Rendering request 1 finished in 15018 ms","meta":{"rootId":"m2zl7f2qjbbn3h5","id":"m2zl7f2qjbbn3h5"},"id":"j434ljxyxy9f9f1","previousOperationId":"5cs29561frxci2e"}
{"type":"operationEnd","subtype":"render","operationId":"gjm08ijdmr5p7sl","timestamp":1683720379681,"id":"2r7lrliheqefvcb","previousEventId":"cftlg25hbm2dd6s","previousOperationId":"5cs29561frxci2e"}
{"type":"operationEnd","doDiffs":false,"previousEventId":"w1aiqbxmus6bnxk","previousOperationId":"08ish8om1bpv34t","operationId":"08ish8om1bpv34t","timestamp":1683720379728,"id":"ydrnkfar1k3z3v3"}
