{"type":"operationStart","subtype":"profile","data":{"_id":"6oYNI9mHJuhLMwQJ","timestamp":"2023-01-28T15:23:28.146Z","state":"queued","mode":"standard","creationDate":"2023-01-28T15:23:28.150Z","modificationDate":"2023-01-28T15:23:28.150Z","shortid":"RlM-5Tz","$entitySet":"profiles"},"doDiffs":false,"timestamp":1674919408149,"id":"m7qyzv6886ptsth","previousOperationId":null,"operationId":"05nw94uve96zaii"}
{"type":"log","level":"info","message":"Render request 1 queued for execution and waiting for available worker","previousOperationId":"05nw94uve96zaii","timestamp":1674919408149,"id":"merr5pfqi0ed5s3"}
{"type":"operationStart","subtype":"render","name":"anonymous","previousOperationId":"05nw94uve96zaii","timestamp":1674919408189,"id":"ne2tcfo1ujv4ge9","previousEventId":"m7qyzv6886ptsth","operationId":"iqdx9knk9v5s0gn"}
{"type":"log","timestamp":1674919408192,"level":"info","message":"Starting rendering request 1 (user: null)","meta":{"rootId":"m3nu6p9qxx3iu3y","id":"m3nu6p9qxx3iu3y"},"id":"ghfxnfr5qfvj5yc","previousOperationId":"iqdx9knk9v5s0gn"}
{"type":"log","timestamp":1674919408197,"level":"info","message":"Rendering anonymous template { recipe: chrome-pdf, engine: handlebars }","meta":{"rootId":"m3nu6p9qxx3iu3y","id":"m3nu6p9qxx3iu3y"},"id":"6223070ds6jlncr","previousOperationId":"iqdx9knk9v5s0gn"}
{"type":"log","timestamp":1674919408197,"level":"debug","message":"Inline data specified.","meta":{"rootId":"m3nu6p9qxx3iu3y","id":"m3nu6p9qxx3iu3y"},"id":"osv6yx8441w7nk6","previousOperationId":"iqdx9knk9v5s0gn"}
{"type":"log","timestamp":1674919408201,"level":"debug","message":"Base url not specified, skipping its injection.","meta":{"rootId":"m3nu6p9qxx3iu3y","id":"m3nu6p9qxx3iu3y"},"id":"2kblcnz289z9e2h","previousOperationId":"iqdx9knk9v5s0gn"}
{"type":"operationStart","subtype":"engine","name":"handlebars","timestamp":1674919408202,"id":"v59ou4u39y0albe","previousEventId":"ne2tcfo1ujv4ge9","operationId":"0hw8j09twyj82vf","previousOperationId":"iqdx9knk9v5s0gn"}
{"type":"log","timestamp":1674919408202,"level":"debug","message":"Rendering engine handlebars","meta":{"rootId":"m3nu6p9qxx3iu3y","id":"m3nu6p9qxx3iu3y"},"id":"lehgb99xtgy31gq","previousOperationId":"0hw8j09twyj82vf"}
{"type":"operationEnd","operationId":"0hw8j09twyj82vf","timestamp":1674919409413,"id":"vpuolqpw678ufg5","previousEventId":"v59ou4u39y0albe","previousOperationId":"0hw8j09twyj82vf"}
{"type":"operationStart","subtype":"recipe","name":"chrome-pdf","timestamp":1674919409414,"id":"xtnr9vqnpetr3pu","previousEventId":"vpuolqpw678ufg5","operationId":"dw249fp1i9kypsp","previousOperationId":"0hw8j09twyj82vf"}
{"type":"log","timestamp":1674919409414,"level":"debug","message":"Executing recipe chrome-pdf","meta":{"rootId":"m3nu6p9qxx3iu3y","id":"m3nu6p9qxx3iu3y"},"id":"1gxlttsbw4ygxr9","previousOperationId":"dw249fp1i9kypsp"}
{"type":"log","timestamp":1674919409680,"level":"debug","message":"Starting child request to render pdf header","meta":{"rootId":"m3nu6p9qxx3iu3y","id":"m3nu6p9qxx3iu3y"},"id":"e249ic4vc4hupfe","previousOperationId":"dw249fp1i9kypsp"}
{"type":"operationStart","subtype":"render","name":"anonymous","previousOperationId":"dw249fp1i9kypsp","timestamp":1674919409680,"id":"4dvw2sxa3rabjc8","previousEventId":"xtnr9vqnpetr3pu","operationId":"tuzoeuld5f3sphv"}
{"type":"log","timestamp":1674919409680,"level":"info","message":"Starting rendering request 1 (user: null)","meta":{"rootId":"m3nu6p9qxx3iu3y","id":"bd9otwzj31hfvr1"},"id":"iz10999711g5tpd","previousOperationId":"tuzoeuld5f3sphv"}
{"type":"log","timestamp":1674919409681,"level":"info","message":"Rendering anonymous template { recipe: html, engine: handlebars }","meta":{"rootId":"m3nu6p9qxx3iu3y","id":"bd9otwzj31hfvr1"},"id":"9d6gykpbt3jb5a2","previousOperationId":"tuzoeuld5f3sphv"}
{"type":"log","timestamp":1674919409681,"level":"debug","message":"Inline data specified.","meta":{"rootId":"m3nu6p9qxx3iu3y","id":"bd9otwzj31hfvr1"},"id":"ogrz3sa5h5b4f00","previousOperationId":"tuzoeuld5f3sphv"}
{"type":"log","timestamp":1674919409682,"level":"debug","message":"Base url not specified, skipping its injection.","meta":{"rootId":"m3nu6p9qxx3iu3y","id":"bd9otwzj31hfvr1"},"id":"2akotdo1zca53hm","previousOperationId":"tuzoeuld5f3sphv"}
{"type":"log","timestamp":1674919409696,"level":"debug","message":"Replaced assets [\"./src/reporting/assets/logo.png\"]","meta":{"rootId":"m3nu6p9qxx3iu3y","id":"bd9otwzj31hfvr1"},"id":"108r8u91dvjiemm","previousOperationId":"tuzoeuld5f3sphv"}
{"type":"operationStart","subtype":"engine","name":"handlebars","timestamp":1674919409697,"id":"cway117vivlal5j","previousEventId":"4dvw2sxa3rabjc8","operationId":"pylv26kucuc9gma","previousOperationId":"tuzoeuld5f3sphv"}
{"type":"log","timestamp":1674919409697,"level":"debug","message":"Rendering engine handlebars","meta":{"rootId":"m3nu6p9qxx3iu3y","id":"bd9otwzj31hfvr1"},"id":"a8y439nbo4jzo29","previousOperationId":"pylv26kucuc9gma"}
{"type":"operationEnd","operationId":"pylv26kucuc9gma","timestamp":1674919409735,"id":"rim0onae53nuvm4","previousEventId":"cway117vivlal5j","previousOperationId":"pylv26kucuc9gma"}
{"type":"operationStart","subtype":"recipe","name":"html","timestamp":1674919409740,"id":"hzx5k1o16nifk6p","previousEventId":"rim0onae53nuvm4","operationId":"gjompu7b9jedqlk","previousOperationId":"pylv26kucuc9gma"}
{"type":"log","timestamp":1674919409740,"level":"debug","message":"Executing recipe html","meta":{"rootId":"m3nu6p9qxx3iu3y","id":"bd9otwzj31hfvr1"},"id":"8kr4c7k783o8wwr","previousOperationId":"gjompu7b9jedqlk"}
{"type":"operationEnd","operationId":"gjompu7b9jedqlk","timestamp":1674919409740,"id":"a4skxav063u3qrx","previousEventId":"hzx5k1o16nifk6p","previousOperationId":"gjompu7b9jedqlk"}
{"type":"log","timestamp":1674919409742,"level":"debug","message":"Skipping storing report.","meta":{"rootId":"m3nu6p9qxx3iu3y","id":"bd9otwzj31hfvr1"},"id":"s8v1t2amf4if936","previousOperationId":"gjompu7b9jedqlk"}
{"type":"log","timestamp":1674919409743,"level":"info","message":"Rendering request 1 finished in 1602 ms","meta":{"rootId":"m3nu6p9qxx3iu3y","id":"bd9otwzj31hfvr1"},"id":"6t1lj2hl0h69le6","previousOperationId":"gjompu7b9jedqlk"}
{"type":"operationEnd","subtype":"render","operationId":"tuzoeuld5f3sphv","timestamp":1674919409744,"id":"hnaddy9h8uvqisp","previousEventId":"a4skxav063u3qrx","previousOperationId":"gjompu7b9jedqlk"}
{"type":"log","timestamp":1674919409744,"level":"debug","message":"Starting child request to render pdf footer","meta":{"rootId":"m3nu6p9qxx3iu3y","id":"m3nu6p9qxx3iu3y"},"id":"1mhc2z52qfjzluh","previousOperationId":"dw249fp1i9kypsp"}
{"type":"operationStart","subtype":"render","name":"anonymous","previousOperationId":"dw249fp1i9kypsp","timestamp":1674919409745,"id":"qgso7ekhbkv6rau","previousEventId":"xtnr9vqnpetr3pu","operationId":"0sj2ydko4qj4zjt"}
{"type":"log","timestamp":1674919409745,"level":"info","message":"Starting rendering request 1 (user: null)","meta":{"rootId":"m3nu6p9qxx3iu3y","id":"cl2oltnyqzwaq9k"},"id":"htz1t2r78o0fhwr","previousOperationId":"0sj2ydko4qj4zjt"}
{"type":"log","timestamp":1674919409745,"level":"info","message":"Rendering anonymous template { recipe: html, engine: handlebars }","meta":{"rootId":"m3nu6p9qxx3iu3y","id":"cl2oltnyqzwaq9k"},"id":"r422xrqvel72x47","previousOperationId":"0sj2ydko4qj4zjt"}
{"type":"log","timestamp":1674919409745,"level":"debug","message":"Inline data specified.","meta":{"rootId":"m3nu6p9qxx3iu3y","id":"cl2oltnyqzwaq9k"},"id":"gy41pe0q2hdm89n","previousOperationId":"0sj2ydko4qj4zjt"}
{"type":"log","timestamp":1674919409749,"level":"debug","message":"Base url not specified, skipping its injection.","meta":{"rootId":"m3nu6p9qxx3iu3y","id":"cl2oltnyqzwaq9k"},"id":"83ogfh5y0gt58i4","previousOperationId":"0sj2ydko4qj4zjt"}
{"type":"operationStart","subtype":"engine","name":"handlebars","timestamp":1674919409749,"id":"pr0p80pc39yp7ty","previousEventId":"qgso7ekhbkv6rau","operationId":"yio04ukm63y0rfv","previousOperationId":"0sj2ydko4qj4zjt"}
{"type":"log","timestamp":1674919409749,"level":"debug","message":"Rendering engine handlebars","meta":{"rootId":"m3nu6p9qxx3iu3y","id":"cl2oltnyqzwaq9k"},"id":"b9fi4m2h75tssgq","previousOperationId":"yio04ukm63y0rfv"}
{"type":"operationEnd","operationId":"yio04ukm63y0rfv","timestamp":1674919409793,"id":"b6ds3r56fkt5s7d","previousEventId":"pr0p80pc39yp7ty","previousOperationId":"yio04ukm63y0rfv"}
{"type":"operationStart","subtype":"recipe","name":"html","timestamp":1674919409794,"id":"tjilzxra9mufy2i","previousEventId":"b6ds3r56fkt5s7d","operationId":"qjwdfnmobnn1kuy","previousOperationId":"yio04ukm63y0rfv"}
{"type":"log","timestamp":1674919409794,"level":"debug","message":"Executing recipe html","meta":{"rootId":"m3nu6p9qxx3iu3y","id":"cl2oltnyqzwaq9k"},"id":"75qeqwx0wus3cd0","previousOperationId":"qjwdfnmobnn1kuy"}
{"type":"operationEnd","operationId":"qjwdfnmobnn1kuy","timestamp":1674919409794,"id":"iixfnfg3ku5yuqu","previousEventId":"tjilzxra9mufy2i","previousOperationId":"qjwdfnmobnn1kuy"}
{"type":"log","timestamp":1674919409794,"level":"debug","message":"Skipping storing report.","meta":{"rootId":"m3nu6p9qxx3iu3y","id":"cl2oltnyqzwaq9k"},"id":"ip06ay5p1lykk4l","previousOperationId":"qjwdfnmobnn1kuy"}
{"type":"log","timestamp":1674919409795,"level":"info","message":"Rendering request 1 finished in 1654 ms","meta":{"rootId":"m3nu6p9qxx3iu3y","id":"cl2oltnyqzwaq9k"},"id":"dxcoworqjhz3ib1","previousOperationId":"qjwdfnmobnn1kuy"}
{"type":"operationEnd","subtype":"render","operationId":"0sj2ydko4qj4zjt","timestamp":1674919409795,"id":"htn8pqvd9ad0tdl","previousEventId":"iixfnfg3ku5yuqu","previousOperationId":"qjwdfnmobnn1kuy"}
{"type":"log","timestamp":1674919410321,"level":"debug","message":"Converting with chrome HeadlessChrome/98.0.4758.0 using chrome-pool strategy","meta":{"rootId":"m3nu6p9qxx3iu3y","id":"m3nu6p9qxx3iu3y"},"id":"gq0a15t18hz5bi7","previousOperationId":"dw249fp1i9kypsp"}
{"type":"log","timestamp":1674919411163,"level":"debug","message":"Page request: GET (document) file:///C:/Users/ADMINI~1/AppData/Local/Temp/jsreport/autocleanup/3843ed02-2675-4ce6-97bf-5029d230d951-chrome-pdf.html","meta":{"rootId":"m3nu6p9qxx3iu3y","id":"m3nu6p9qxx3iu3y"},"id":"lf5usa1k03u34lu","previousOperationId":"dw249fp1i9kypsp"}
{"type":"log","timestamp":1674919411184,"level":"debug","message":"Page request finished: GET (document) file:///C:/Users/ADMINI~1/AppData/Local/Temp/jsreport/autocleanup/3843ed02-2675-4ce6-97bf-5029d230d951-chrome-pdf.html","meta":{"rootId":"m3nu6p9qxx3iu3y","id":"m3nu6p9qxx3iu3y"},"id":"az3o8h3hqybmnei","previousOperationId":"dw249fp1i9kypsp"}
{"type":"log","timestamp":1674919411189,"level":"debug","message":"Page request: GET (stylesheet) https://fonts.googleapis.com/css2?family=Montserrat:wght@500&family=Open+Sans:wght@300&display=swap","meta":{"rootId":"m3nu6p9qxx3iu3y","id":"m3nu6p9qxx3iu3y"},"id":"qv4i6gxznem7y3b","previousOperationId":"dw249fp1i9kypsp"}
{"type":"log","timestamp":1674919411486,"level":"debug","message":"Page request finished: GET (stylesheet) 200 https://fonts.googleapis.com/css2?family=Montserrat:wght@500&family=Open+Sans:wght@300&display=swap","meta":{"rootId":"m3nu6p9qxx3iu3y","id":"m3nu6p9qxx3iu3y"},"id":"mwiw7k2h48yb74l","previousOperationId":"dw249fp1i9kypsp"}
{"type":"log","timestamp":1674919411575,"level":"debug","message":"Page request: GET (font) https://fonts.gstatic.com/s/opensans/v34/memSYaGs126MiZpBA-UvWbX2vVnXBbObj2OVZyOOSr4dVJWUgsiH0B4gaVI.woff2","meta":{"rootId":"m3nu6p9qxx3iu3y","id":"m3nu6p9qxx3iu3y"},"id":"wcmhqugftuhc7ac","previousOperationId":"dw249fp1i9kypsp"}
{"type":"log","timestamp":1674919411597,"level":"debug","message":"Page request: GET (font) https://fonts.gstatic.com/s/opensans/v34/memSYaGs126MiZpBA-UvWbX2vVnXBbObj2OVZyOOSr4dVJWUgsiH0B4gaVI.woff2","meta":{"rootId":"m3nu6p9qxx3iu3y","id":"m3nu6p9qxx3iu3y"},"id":"qecrk1l0np4be1h","previousOperationId":"dw249fp1i9kypsp"}
{"type":"log","timestamp":1674919411790,"level":"debug","message":"Page request finished: GET (font) 200 https://fonts.gstatic.com/s/opensans/v34/memSYaGs126MiZpBA-UvWbX2vVnXBbObj2OVZyOOSr4dVJWUgsiH0B4gaVI.woff2","meta":{"rootId":"m3nu6p9qxx3iu3y","id":"m3nu6p9qxx3iu3y"},"id":"hdxrobafea3vk7b","previousOperationId":"dw249fp1i9kypsp"}
{"type":"log","timestamp":1674919411830,"level":"debug","message":"Running chrome with params {\"scale\":1,\"displayHeaderFooter\":true,\"headerTemplate\":\"...\",\"footerTemplate\":\"...\",\"printBackground\":true,\"pageRanges\":\"\",\"format\":\"A4\",\"width\":\"\",\"height\":\"\",\"marginTop\":\"350px\",\"marginRight\":\"20px\",\"marginBottom\":\"80px\",\"marginLeft\":\"20px\",\"waitForJS\":false,\"waitForNetworkIddle\":false,\"timeout\":58346,\"waitForNetworkIdle\":false,\"margin\":{\"top\":\"350px\",\"right\":\"20px\",\"bottom\":\"80px\",\"left\":\"20px\"}}","meta":{"rootId":"m3nu6p9qxx3iu3y","id":"m3nu6p9qxx3iu3y"},"id":"8idam9z0kij8px0","previousOperationId":"dw249fp1i9kypsp"}
{"type":"operationEnd","operationId":"dw249fp1i9kypsp","timestamp":1674919413671,"id":"1n2lq4e8wpx5kye","previousEventId":"xtnr9vqnpetr3pu","previousOperationId":"dw249fp1i9kypsp"}
{"type":"log","timestamp":1674919413671,"level":"debug","message":"Skipping storing report.","meta":{"rootId":"m3nu6p9qxx3iu3y","id":"m3nu6p9qxx3iu3y"},"id":"pl4nvjun2ojq2xf","previousOperationId":"dw249fp1i9kypsp"}
{"type":"log","timestamp":1674919413671,"level":"info","message":"Rendering request 1 finished in 5530 ms","meta":{"rootId":"m3nu6p9qxx3iu3y","id":"m3nu6p9qxx3iu3y"},"id":"uh0ep91d05uclzd","previousOperationId":"dw249fp1i9kypsp"}
{"type":"operationEnd","subtype":"render","operationId":"iqdx9knk9v5s0gn","timestamp":1674919413671,"id":"l1pmwwuvk3yscja","previousEventId":"1n2lq4e8wpx5kye","previousOperationId":"dw249fp1i9kypsp"}
{"type":"operationEnd","doDiffs":false,"previousEventId":"m7qyzv6886ptsth","previousOperationId":"05nw94uve96zaii","operationId":"05nw94uve96zaii","timestamp":1674919413678,"id":"86kptij7ysltnw8"}
