{"type":"operationStart","subtype":"profile","data":{"_id":"8rkWNkD1Lq2hDcyX","timestamp":"2022-10-05T20:38:07.736Z","state":"queued","mode":"standard","creationDate":"2022-10-05T20:38:07.788Z","modificationDate":"2022-10-05T20:38:07.788Z","shortid":"1Wpwpq8","$entitySet":"profiles"},"doDiffs":false,"timestamp":1665002287784,"id":"l0s69blgjivavb9","previousOperationId":null,"operationId":"8ggexi0cbigfopa"}
{"type":"log","level":"info","message":"Render request 1 queued for execution and waiting for available worker","previousOperationId":"8ggexi0cbigfopa","timestamp":1665002287785,"id":"5f1dt783w60mel5"}
{"type":"operationStart","subtype":"render","name":"anonymous","previousOperationId":"8ggexi0cbigfopa","timestamp":1665002287897,"id":"i5bvitn1tivfigw","previousEventId":"l0s69blgjivavb9","operationId":"1xn4xao95i74n9m"}
{"type":"log","timestamp":1665002287913,"level":"info","message":"Starting rendering request 1 (user: null)","meta":{"rootId":"mh3vbz7f10qf2b0","id":"mh3vbz7f10qf2b0"},"id":"y4370ld93af43ab","previousOperationId":"1xn4xao95i74n9m"}
{"type":"log","timestamp":1665002287920,"level":"info","message":"Rendering anonymous template { recipe: chrome-pdf, engine: handlebars }","meta":{"rootId":"mh3vbz7f10qf2b0","id":"mh3vbz7f10qf2b0"},"id":"mdtjf9x3jgyew1s","previousOperationId":"1xn4xao95i74n9m"}
{"type":"log","timestamp":1665002287923,"level":"debug","message":"Inline data specified.","meta":{"rootId":"mh3vbz7f10qf2b0","id":"mh3vbz7f10qf2b0"},"id":"50x1qv41o5qscqi","previousOperationId":"1xn4xao95i74n9m"}
{"type":"log","timestamp":1665002287935,"level":"debug","message":"Base url not specified, skipping its injection.","meta":{"rootId":"mh3vbz7f10qf2b0","id":"mh3vbz7f10qf2b0"},"id":"qkuwsclo0ox7mcq","previousOperationId":"1xn4xao95i74n9m"}
{"type":"operationStart","subtype":"engine","name":"handlebars","timestamp":1665002287940,"id":"dbs639azznh03ub","previousEventId":"i5bvitn1tivfigw","operationId":"6vhfa2ammctprxa","previousOperationId":"1xn4xao95i74n9m"}
{"type":"log","timestamp":1665002287940,"level":"debug","message":"Rendering engine handlebars","meta":{"rootId":"mh3vbz7f10qf2b0","id":"mh3vbz7f10qf2b0"},"id":"r90y0ijaqzw35n5","previousOperationId":"6vhfa2ammctprxa"}
{"type":"operationEnd","operationId":"6vhfa2ammctprxa","timestamp":1665002289095,"id":"x7kml6vup5oaiey","previousEventId":"dbs639azznh03ub","previousOperationId":"6vhfa2ammctprxa"}
{"type":"operationStart","subtype":"recipe","name":"chrome-pdf","timestamp":1665002289096,"id":"iob00cd7mvd1g8m","previousEventId":"x7kml6vup5oaiey","operationId":"rxo8hk4sz63qnrg","previousOperationId":"6vhfa2ammctprxa"}
{"type":"log","timestamp":1665002289096,"level":"debug","message":"Executing recipe chrome-pdf","meta":{"rootId":"mh3vbz7f10qf2b0","id":"mh3vbz7f10qf2b0"},"id":"coi2v2yg90u4o8j","previousOperationId":"rxo8hk4sz63qnrg"}
{"type":"log","timestamp":1665002289485,"level":"debug","message":"Starting child request to render pdf header","meta":{"rootId":"mh3vbz7f10qf2b0","id":"mh3vbz7f10qf2b0"},"id":"hay7e2spzzjgjul","previousOperationId":"rxo8hk4sz63qnrg"}
{"type":"operationStart","subtype":"render","name":"anonymous","previousOperationId":"rxo8hk4sz63qnrg","timestamp":1665002289485,"id":"t7q0pgwdaba4pfg","previousEventId":"iob00cd7mvd1g8m","operationId":"q8z3p22eqo6ep9l"}
{"type":"log","timestamp":1665002289486,"level":"info","message":"Starting rendering request 1 (user: null)","meta":{"rootId":"mh3vbz7f10qf2b0","id":"9464qq4ty2veiti"},"id":"0fj1kci3nvnvcty","previousOperationId":"q8z3p22eqo6ep9l"}
{"type":"log","timestamp":1665002289486,"level":"info","message":"Rendering anonymous template { recipe: html, engine: handlebars }","meta":{"rootId":"mh3vbz7f10qf2b0","id":"9464qq4ty2veiti"},"id":"c5iq2246pf2r3iz","previousOperationId":"q8z3p22eqo6ep9l"}
{"type":"log","timestamp":1665002289486,"level":"debug","message":"Inline data specified.","meta":{"rootId":"mh3vbz7f10qf2b0","id":"9464qq4ty2veiti"},"id":"ocp9ttitm6dm40n","previousOperationId":"q8z3p22eqo6ep9l"}
{"type":"log","timestamp":1665002289489,"level":"debug","message":"Base url not specified, skipping its injection.","meta":{"rootId":"mh3vbz7f10qf2b0","id":"9464qq4ty2veiti"},"id":"4148xzqalcpqk4o","previousOperationId":"q8z3p22eqo6ep9l"}
{"type":"log","timestamp":1665002289498,"level":"debug","message":"Replaced assets [\"./src/reporting/assets/logo.png\"]","meta":{"rootId":"mh3vbz7f10qf2b0","id":"9464qq4ty2veiti"},"id":"07cek2yk99q2kti","previousOperationId":"q8z3p22eqo6ep9l"}
{"type":"operationStart","subtype":"engine","name":"handlebars","timestamp":1665002289498,"id":"k6gbn3rfhjqptg9","previousEventId":"t7q0pgwdaba4pfg","operationId":"15qu3pd6005g9p1","previousOperationId":"q8z3p22eqo6ep9l"}
{"type":"log","timestamp":1665002289498,"level":"debug","message":"Rendering engine handlebars","meta":{"rootId":"mh3vbz7f10qf2b0","id":"9464qq4ty2veiti"},"id":"4d0pw7uxeoducjh","previousOperationId":"15qu3pd6005g9p1"}
{"type":"operationEnd","operationId":"15qu3pd6005g9p1","timestamp":1665002289546,"id":"7g66ifbag2vgv94","previousEventId":"k6gbn3rfhjqptg9","previousOperationId":"15qu3pd6005g9p1"}
{"type":"operationStart","subtype":"recipe","name":"html","timestamp":1665002289546,"id":"1i2d6os022dyarc","previousEventId":"7g66ifbag2vgv94","operationId":"qquinwo9485sm30","previousOperationId":"15qu3pd6005g9p1"}
{"type":"log","timestamp":1665002289546,"level":"debug","message":"Executing recipe html","meta":{"rootId":"mh3vbz7f10qf2b0","id":"9464qq4ty2veiti"},"id":"wm16ny08oayaj3y","previousOperationId":"qquinwo9485sm30"}
{"type":"operationEnd","operationId":"qquinwo9485sm30","timestamp":1665002289546,"id":"2a4ofbalinuem95","previousEventId":"1i2d6os022dyarc","previousOperationId":"qquinwo9485sm30"}
{"type":"log","timestamp":1665002289548,"level":"debug","message":"Skipping storing report.","meta":{"rootId":"mh3vbz7f10qf2b0","id":"9464qq4ty2veiti"},"id":"4wqss89e9j3vjfr","previousOperationId":"qquinwo9485sm30"}
{"type":"log","timestamp":1665002289549,"level":"info","message":"Rendering request 1 finished in 1815 ms","meta":{"rootId":"mh3vbz7f10qf2b0","id":"9464qq4ty2veiti"},"id":"1pop4cou7m9mwm4","previousOperationId":"qquinwo9485sm30"}
{"type":"operationEnd","subtype":"render","operationId":"q8z3p22eqo6ep9l","timestamp":1665002289550,"id":"9zc0uxv16atzg4a","previousEventId":"2a4ofbalinuem95","previousOperationId":"qquinwo9485sm30"}
{"type":"log","timestamp":1665002289550,"level":"debug","message":"Starting child request to render pdf footer","meta":{"rootId":"mh3vbz7f10qf2b0","id":"mh3vbz7f10qf2b0"},"id":"c8s0y3auqkaufx6","previousOperationId":"rxo8hk4sz63qnrg"}
{"type":"operationStart","subtype":"render","name":"anonymous","previousOperationId":"rxo8hk4sz63qnrg","timestamp":1665002289551,"id":"k10luaw4hbe59ox","previousEventId":"iob00cd7mvd1g8m","operationId":"nz51641b4q1qtlr"}
{"type":"log","timestamp":1665002289551,"level":"info","message":"Starting rendering request 1 (user: null)","meta":{"rootId":"mh3vbz7f10qf2b0","id":"hie2zgan3dbbggf"},"id":"xejz4scd84fncw0","previousOperationId":"nz51641b4q1qtlr"}
{"type":"log","timestamp":1665002289551,"level":"info","message":"Rendering anonymous template { recipe: html, engine: handlebars }","meta":{"rootId":"mh3vbz7f10qf2b0","id":"hie2zgan3dbbggf"},"id":"v05u0w5ra8l3bjg","previousOperationId":"nz51641b4q1qtlr"}
{"type":"log","timestamp":1665002289551,"level":"debug","message":"Inline data specified.","meta":{"rootId":"mh3vbz7f10qf2b0","id":"hie2zgan3dbbggf"},"id":"ydlirgvb092d7vc","previousOperationId":"nz51641b4q1qtlr"}
{"type":"log","timestamp":1665002289554,"level":"debug","message":"Base url not specified, skipping its injection.","meta":{"rootId":"mh3vbz7f10qf2b0","id":"hie2zgan3dbbggf"},"id":"b34izij6g7szzuc","previousOperationId":"nz51641b4q1qtlr"}
{"type":"operationStart","subtype":"engine","name":"handlebars","timestamp":1665002289555,"id":"9bwry9hsrt4luu0","previousEventId":"k10luaw4hbe59ox","operationId":"jtb4lbkhdfnphst","previousOperationId":"nz51641b4q1qtlr"}
{"type":"log","timestamp":1665002289555,"level":"debug","message":"Rendering engine handlebars","meta":{"rootId":"mh3vbz7f10qf2b0","id":"hie2zgan3dbbggf"},"id":"4qpd0w3iyave1e5","previousOperationId":"jtb4lbkhdfnphst"}
{"type":"operationEnd","operationId":"jtb4lbkhdfnphst","timestamp":1665002289630,"id":"9f1tv2h4rvlkgkf","previousEventId":"9bwry9hsrt4luu0","previousOperationId":"jtb4lbkhdfnphst"}
{"type":"operationStart","subtype":"recipe","name":"html","timestamp":1665002289630,"id":"ik2njdp4r5seutw","previousEventId":"9f1tv2h4rvlkgkf","operationId":"gnm4wuoocbvtcng","previousOperationId":"jtb4lbkhdfnphst"}
{"type":"log","timestamp":1665002289630,"level":"debug","message":"Executing recipe html","meta":{"rootId":"mh3vbz7f10qf2b0","id":"hie2zgan3dbbggf"},"id":"3blzmserj55bcjh","previousOperationId":"gnm4wuoocbvtcng"}
{"type":"operationEnd","operationId":"gnm4wuoocbvtcng","timestamp":1665002289630,"id":"vkipkltdmzefpwi","previousEventId":"ik2njdp4r5seutw","previousOperationId":"gnm4wuoocbvtcng"}
{"type":"log","timestamp":1665002289630,"level":"debug","message":"Skipping storing report.","meta":{"rootId":"mh3vbz7f10qf2b0","id":"hie2zgan3dbbggf"},"id":"3h2ktaum5iggo3n","previousOperationId":"gnm4wuoocbvtcng"}
{"type":"log","timestamp":1665002289631,"level":"info","message":"Rendering request 1 finished in 1897 ms","meta":{"rootId":"mh3vbz7f10qf2b0","id":"hie2zgan3dbbggf"},"id":"f3c5fuh9p5fvvcs","previousOperationId":"gnm4wuoocbvtcng"}
{"type":"operationEnd","subtype":"render","operationId":"nz51641b4q1qtlr","timestamp":1665002289631,"id":"k8524n8668d6quv","previousEventId":"vkipkltdmzefpwi","previousOperationId":"gnm4wuoocbvtcng"}
{"type":"log","timestamp":1665002291497,"level":"debug","message":"Converting with chrome HeadlessChrome/98.0.4758.0 using chrome-pool strategy","meta":{"rootId":"mh3vbz7f10qf2b0","id":"mh3vbz7f10qf2b0"},"id":"ljoank4k0z0ptk7","previousOperationId":"rxo8hk4sz63qnrg"}
{"type":"log","timestamp":1665002291959,"level":"debug","message":"Page request: GET (document) file:///var/folders/8m/98z140gs3yzbw6jqmpbh8b8m0000gn/T/jsreport/autocleanup/ff60714d-959b-41ff-b77f-f53d56d8b91f-chrome-pdf.html","meta":{"rootId":"mh3vbz7f10qf2b0","id":"mh3vbz7f10qf2b0"},"id":"fg1rnuvwahaxp6q","previousOperationId":"rxo8hk4sz63qnrg"}
{"type":"log","timestamp":1665002291987,"level":"debug","message":"Page request finished: GET (document) file:///var/folders/8m/98z140gs3yzbw6jqmpbh8b8m0000gn/T/jsreport/autocleanup/ff60714d-959b-41ff-b77f-f53d56d8b91f-chrome-pdf.html","meta":{"rootId":"mh3vbz7f10qf2b0","id":"mh3vbz7f10qf2b0"},"id":"kwbq989napixhfa","previousOperationId":"rxo8hk4sz63qnrg"}
{"type":"log","timestamp":1665002292018,"level":"debug","message":"Page request: GET (stylesheet) https://fonts.googleapis.com/css2?family=Montserrat:wght@500&family=Open+Sans:wght@300&display=swap","meta":{"rootId":"mh3vbz7f10qf2b0","id":"mh3vbz7f10qf2b0"},"id":"ph5isrie81dozmu","previousOperationId":"rxo8hk4sz63qnrg"}
{"type":"log","timestamp":1665002292861,"level":"debug","message":"Page request finished: GET (stylesheet) 200 https://fonts.googleapis.com/css2?family=Montserrat:wght@500&family=Open+Sans:wght@300&display=swap","meta":{"rootId":"mh3vbz7f10qf2b0","id":"mh3vbz7f10qf2b0"},"id":"luljt7pk57q4x99","previousOperationId":"rxo8hk4sz63qnrg"}
{"type":"log","timestamp":1665002292899,"level":"debug","message":"Page request: GET (font) https://fonts.gstatic.com/s/opensans/v34/memSYaGs126MiZpBA-UvWbX2vVnXBbObj2OVZyOOSr4dVJWUgsiH0B4gaVQUwaEQbjA.woff","meta":{"rootId":"mh3vbz7f10qf2b0","id":"mh3vbz7f10qf2b0"},"id":"9d7jrv2s1gwoac3","previousOperationId":"rxo8hk4sz63qnrg"}
{"type":"log","timestamp":1665002292903,"level":"debug","message":"Running chrome with params {\"scale\":1,\"displayHeaderFooter\":true,\"headerTemplate\":\"...\",\"footerTemplate\":\"...\",\"printBackground\":true,\"pageRanges\":\"\",\"format\":\"A4\",\"width\":\"\",\"height\":\"\",\"marginTop\":\"470px\",\"marginRight\":\"20px\",\"marginBottom\":\"80px\",\"marginLeft\":\"20px\",\"waitForJS\":false,\"waitForNetworkIddle\":false,\"timeout\":58103,\"waitForNetworkIdle\":false,\"margin\":{\"top\":\"470px\",\"right\":\"20px\",\"bottom\":\"80px\",\"left\":\"20px\"}}","meta":{"rootId":"mh3vbz7f10qf2b0","id":"mh3vbz7f10qf2b0"},"id":"ijk9u7cwymwricw","previousOperationId":"rxo8hk4sz63qnrg"}
{"type":"log","timestamp":1665002292911,"level":"debug","message":"Page request: GET (font) https://fonts.gstatic.com/s/opensans/v34/memSYaGs126MiZpBA-UvWbX2vVnXBbObj2OVZyOOSr4dVJWUgsiH0B4gaVQUwaEQbjA.woff","meta":{"rootId":"mh3vbz7f10qf2b0","id":"mh3vbz7f10qf2b0"},"id":"nq0zy1x7n7pqwkc","previousOperationId":"rxo8hk4sz63qnrg"}
{"type":"operationEnd","operationId":"rxo8hk4sz63qnrg","timestamp":1665002293149,"id":"ifk15givoz1zgio","previousEventId":"iob00cd7mvd1g8m","previousOperationId":"rxo8hk4sz63qnrg"}
{"type":"log","timestamp":1665002293153,"level":"debug","message":"Skipping storing report.","meta":{"rootId":"mh3vbz7f10qf2b0","id":"mh3vbz7f10qf2b0"},"id":"j3t1swlx7vexhzm","previousOperationId":"rxo8hk4sz63qnrg"}
{"type":"log","timestamp":1665002293153,"level":"info","message":"Rendering request 1 finished in 5419 ms","meta":{"rootId":"mh3vbz7f10qf2b0","id":"mh3vbz7f10qf2b0"},"id":"t09juqhvtshzqcj","previousOperationId":"rxo8hk4sz63qnrg"}
{"type":"operationEnd","subtype":"render","operationId":"1xn4xao95i74n9m","timestamp":1665002293153,"id":"4b7o5qom78oiin4","previousEventId":"ifk15givoz1zgio","previousOperationId":"rxo8hk4sz63qnrg"}
{"type":"operationEnd","doDiffs":false,"previousEventId":"l0s69blgjivavb9","previousOperationId":"8ggexi0cbigfopa","operationId":"8ggexi0cbigfopa","timestamp":1665002293160,"id":"30npvhan4fy5abn"}
