{"type":"operationStart","subtype":"profile","data":{"_id":"McyF4feicr3xAcKh","timestamp":"2022-10-05T17:57:58.058Z","state":"queued","mode":"standard","creationDate":"2022-10-05T17:57:58.063Z","modificationDate":"2022-10-05T17:57:58.063Z","shortid":"ntXDpPw","$entitySet":"profiles"},"doDiffs":false,"timestamp":1664992678061,"id":"xftebh7xdji8oh2","previousOperationId":null,"operationId":"k2yqweuvxdnntr5"}
{"type":"log","level":"info","message":"Render request 2 queued for execution and waiting for available worker","previousOperationId":"k2yqweuvxdnntr5","timestamp":1664992678061,"id":"2pytij3mxh6xvkz"}
{"type":"operationStart","subtype":"render","name":"anonymous","previousOperationId":"k2yqweuvxdnntr5","timestamp":1664992678088,"id":"mwxlg7uzdz23vyh","previousEventId":"xftebh7xdji8oh2","operationId":"bbchpiiax1qgj22"}
{"type":"log","timestamp":1664992678091,"level":"info","message":"Starting rendering request 2 (user: null)","meta":{"rootId":"ml6e14y56n6dfiz","id":"ml6e14y56n6dfiz"},"id":"9zvdqiekp0vaonf","previousOperationId":"bbchpiiax1qgj22"}
{"type":"log","timestamp":1664992678101,"level":"info","message":"Rendering anonymous template { recipe: chrome-pdf, engine: handlebars }","meta":{"rootId":"ml6e14y56n6dfiz","id":"ml6e14y56n6dfiz"},"id":"8lahlfv5xm0b6st","previousOperationId":"bbchpiiax1qgj22"}
{"type":"log","timestamp":1664992678102,"level":"debug","message":"Inline data specified.","meta":{"rootId":"ml6e14y56n6dfiz","id":"ml6e14y56n6dfiz"},"id":"s877fibq6asqwtw","previousOperationId":"bbchpiiax1qgj22"}
{"type":"log","timestamp":1664992678112,"level":"debug","message":"Base url not specified, skipping its injection.","meta":{"rootId":"ml6e14y56n6dfiz","id":"ml6e14y56n6dfiz"},"id":"ibpyysy189rparq","previousOperationId":"bbchpiiax1qgj22"}
{"type":"operationStart","subtype":"engine","name":"handlebars","timestamp":1664992678115,"id":"oy6fx2uzzzercey","previousEventId":"mwxlg7uzdz23vyh","operationId":"r774odf48lv2yoz","previousOperationId":"bbchpiiax1qgj22"}
{"type":"log","timestamp":1664992678115,"level":"debug","message":"Rendering engine handlebars","meta":{"rootId":"ml6e14y56n6dfiz","id":"ml6e14y56n6dfiz"},"id":"vo8a7hrssove26d","previousOperationId":"r774odf48lv2yoz"}
{"type":"operationEnd","operationId":"r774odf48lv2yoz","timestamp":1664992679969,"id":"6pdido9hny5ntuk","previousEventId":"oy6fx2uzzzercey","previousOperationId":"r774odf48lv2yoz"}
{"type":"operationStart","subtype":"recipe","name":"chrome-pdf","timestamp":1664992679971,"id":"6hr6x9l8epv3wxj","previousEventId":"6pdido9hny5ntuk","operationId":"laky9mdq0bjpa3o","previousOperationId":"r774odf48lv2yoz"}
{"type":"log","timestamp":1664992679971,"level":"debug","message":"Executing recipe chrome-pdf","meta":{"rootId":"ml6e14y56n6dfiz","id":"ml6e14y56n6dfiz"},"id":"wrxb7x9qv6sgaed","previousOperationId":"laky9mdq0bjpa3o"}
{"type":"log","timestamp":1664992681045,"level":"debug","message":"Starting child request to render pdf header","meta":{"rootId":"ml6e14y56n6dfiz","id":"ml6e14y56n6dfiz"},"id":"75da9q4imq73up0","previousOperationId":"laky9mdq0bjpa3o"}
{"type":"operationStart","subtype":"render","name":"anonymous","previousOperationId":"laky9mdq0bjpa3o","timestamp":1664992681046,"id":"b5xf7ak40alyvd4","previousEventId":"6hr6x9l8epv3wxj","operationId":"4bwx7xrcqutfvhj"}
{"type":"log","timestamp":1664992681046,"level":"info","message":"Starting rendering request 2 (user: null)","meta":{"rootId":"ml6e14y56n6dfiz","id":"lv8f3rdrxcs9322"},"id":"qwajfnb8001n5jl","previousOperationId":"4bwx7xrcqutfvhj"}
{"type":"log","timestamp":1664992681046,"level":"info","message":"Rendering anonymous template { recipe: html, engine: handlebars }","meta":{"rootId":"ml6e14y56n6dfiz","id":"lv8f3rdrxcs9322"},"id":"wg45xm7c913rp5y","previousOperationId":"4bwx7xrcqutfvhj"}
{"type":"log","timestamp":1664992681047,"level":"debug","message":"Inline data specified.","meta":{"rootId":"ml6e14y56n6dfiz","id":"lv8f3rdrxcs9322"},"id":"rdg6qsnkzn9tiq5","previousOperationId":"4bwx7xrcqutfvhj"}
{"type":"log","timestamp":1664992681049,"level":"debug","message":"Base url not specified, skipping its injection.","meta":{"rootId":"ml6e14y56n6dfiz","id":"lv8f3rdrxcs9322"},"id":"diip8c891jr5e44","previousOperationId":"4bwx7xrcqutfvhj"}
{"type":"log","timestamp":1664992681075,"level":"debug","message":"Replaced assets [\"./src/reporting/assets/logo.png\"]","meta":{"rootId":"ml6e14y56n6dfiz","id":"lv8f3rdrxcs9322"},"id":"yi81uhkokdsqdf7","previousOperationId":"4bwx7xrcqutfvhj"}
{"type":"operationStart","subtype":"engine","name":"handlebars","timestamp":1664992681076,"id":"33jvsok22gwoo7q","previousEventId":"b5xf7ak40alyvd4","operationId":"6u8wu28cp0cow3d","previousOperationId":"4bwx7xrcqutfvhj"}
{"type":"log","timestamp":1664992681076,"level":"debug","message":"Rendering engine handlebars","meta":{"rootId":"ml6e14y56n6dfiz","id":"lv8f3rdrxcs9322"},"id":"93pw8u6gi6hulbh","previousOperationId":"6u8wu28cp0cow3d"}
{"type":"operationEnd","operationId":"6u8wu28cp0cow3d","timestamp":1664992681247,"id":"fd69dry9bj6on3v","previousEventId":"33jvsok22gwoo7q","previousOperationId":"6u8wu28cp0cow3d"}
{"type":"operationStart","subtype":"recipe","name":"html","timestamp":1664992681247,"id":"okdc2zozpipo3ns","previousEventId":"fd69dry9bj6on3v","operationId":"5bobtxg0b4qg7m3","previousOperationId":"6u8wu28cp0cow3d"}
{"type":"log","timestamp":1664992681247,"level":"debug","message":"Executing recipe html","meta":{"rootId":"ml6e14y56n6dfiz","id":"lv8f3rdrxcs9322"},"id":"ws2ac8whxg8hu8h","previousOperationId":"5bobtxg0b4qg7m3"}
{"type":"operationEnd","operationId":"5bobtxg0b4qg7m3","timestamp":1664992681247,"id":"m6pzkuox7xfp76m","previousEventId":"okdc2zozpipo3ns","previousOperationId":"5bobtxg0b4qg7m3"}
{"type":"log","timestamp":1664992681249,"level":"debug","message":"Skipping storing report.","meta":{"rootId":"ml6e14y56n6dfiz","id":"lv8f3rdrxcs9322"},"id":"0geehfx9lc1nkgx","previousOperationId":"5bobtxg0b4qg7m3"}
{"type":"log","timestamp":1664992681249,"level":"info","message":"Rendering request 2 finished in 3192 ms","meta":{"rootId":"ml6e14y56n6dfiz","id":"lv8f3rdrxcs9322"},"id":"8n02xs2j1cx7unv","previousOperationId":"5bobtxg0b4qg7m3"}
{"type":"operationEnd","subtype":"render","operationId":"4bwx7xrcqutfvhj","timestamp":1664992681253,"id":"9noiivga9lqikyo","previousEventId":"m6pzkuox7xfp76m","previousOperationId":"5bobtxg0b4qg7m3"}
{"type":"log","timestamp":1664992681253,"level":"debug","message":"Starting child request to render pdf footer","meta":{"rootId":"ml6e14y56n6dfiz","id":"ml6e14y56n6dfiz"},"id":"epycf2g4sznprrw","previousOperationId":"laky9mdq0bjpa3o"}
{"type":"operationStart","subtype":"render","name":"anonymous","previousOperationId":"laky9mdq0bjpa3o","timestamp":1664992681254,"id":"g0aha29or8krfyq","previousEventId":"6hr6x9l8epv3wxj","operationId":"y6uq2qbks2paf0w"}
{"type":"log","timestamp":1664992681254,"level":"info","message":"Starting rendering request 2 (user: null)","meta":{"rootId":"ml6e14y56n6dfiz","id":"8bfsyiiqzmveqxc"},"id":"tb8uifbwwhqwqip","previousOperationId":"y6uq2qbks2paf0w"}
{"type":"log","timestamp":1664992681254,"level":"info","message":"Rendering anonymous template { recipe: html, engine: handlebars }","meta":{"rootId":"ml6e14y56n6dfiz","id":"8bfsyiiqzmveqxc"},"id":"qgk96l6yoize7wn","previousOperationId":"y6uq2qbks2paf0w"}
{"type":"log","timestamp":1664992681254,"level":"debug","message":"Inline data specified.","meta":{"rootId":"ml6e14y56n6dfiz","id":"8bfsyiiqzmveqxc"},"id":"28k0gwrnwatrpjm","previousOperationId":"y6uq2qbks2paf0w"}
{"type":"log","timestamp":1664992681278,"level":"debug","message":"Base url not specified, skipping its injection.","meta":{"rootId":"ml6e14y56n6dfiz","id":"8bfsyiiqzmveqxc"},"id":"g3of1pcl78gy7vs","previousOperationId":"y6uq2qbks2paf0w"}
{"type":"operationStart","subtype":"engine","name":"handlebars","timestamp":1664992681279,"id":"2w9fbyke6p9onns","previousEventId":"g0aha29or8krfyq","operationId":"gnbqeh18iep2aza","previousOperationId":"y6uq2qbks2paf0w"}
{"type":"log","timestamp":1664992681279,"level":"debug","message":"Rendering engine handlebars","meta":{"rootId":"ml6e14y56n6dfiz","id":"8bfsyiiqzmveqxc"},"id":"i1i7dqkfxl5c0sb","previousOperationId":"gnbqeh18iep2aza"}
{"type":"operationEnd","operationId":"gnbqeh18iep2aza","timestamp":1664992681320,"id":"su6nzkuw8l8alq7","previousEventId":"2w9fbyke6p9onns","previousOperationId":"gnbqeh18iep2aza"}
{"type":"operationStart","subtype":"recipe","name":"html","timestamp":1664992681321,"id":"c7h4h9zq28ap922","previousEventId":"su6nzkuw8l8alq7","operationId":"zc6d901lv66dy8f","previousOperationId":"gnbqeh18iep2aza"}
{"type":"log","timestamp":1664992681321,"level":"debug","message":"Executing recipe html","meta":{"rootId":"ml6e14y56n6dfiz","id":"8bfsyiiqzmveqxc"},"id":"ard9l9rzhnmkzy3","previousOperationId":"zc6d901lv66dy8f"}
{"type":"operationEnd","operationId":"zc6d901lv66dy8f","timestamp":1664992681321,"id":"fu80zk4tlr8g9ll","previousEventId":"c7h4h9zq28ap922","previousOperationId":"zc6d901lv66dy8f"}
{"type":"log","timestamp":1664992681321,"level":"debug","message":"Skipping storing report.","meta":{"rootId":"ml6e14y56n6dfiz","id":"8bfsyiiqzmveqxc"},"id":"cj55hmf14ktpq9b","previousOperationId":"zc6d901lv66dy8f"}
{"type":"log","timestamp":1664992681321,"level":"info","message":"Rendering request 2 finished in 3264 ms","meta":{"rootId":"ml6e14y56n6dfiz","id":"8bfsyiiqzmveqxc"},"id":"it381am295p5vup","previousOperationId":"zc6d901lv66dy8f"}
{"type":"operationEnd","subtype":"render","operationId":"y6uq2qbks2paf0w","timestamp":1664992681321,"id":"4eiabg0k2i6i3vg","previousEventId":"fu80zk4tlr8g9ll","previousOperationId":"zc6d901lv66dy8f"}
{"type":"log","timestamp":1664992684302,"level":"debug","message":"Converting with chrome HeadlessChrome/98.0.4758.0 using chrome-pool strategy","meta":{"rootId":"ml6e14y56n6dfiz","id":"ml6e14y56n6dfiz"},"id":"0up7td28v40dj6a","previousOperationId":"laky9mdq0bjpa3o"}
{"type":"log","timestamp":1664992685035,"level":"debug","message":"Page request: GET (document) file:///var/folders/8m/98z140gs3yzbw6jqmpbh8b8m0000gn/T/jsreport/autocleanup/9674be30-5036-4cd8-88de-c4c88dfdc4c2-chrome-pdf.html","meta":{"rootId":"ml6e14y56n6dfiz","id":"ml6e14y56n6dfiz"},"id":"tbotto3kl3epw41","previousOperationId":"laky9mdq0bjpa3o"}
{"type":"log","timestamp":1664992685100,"level":"debug","message":"Page request finished: GET (document) file:///var/folders/8m/98z140gs3yzbw6jqmpbh8b8m0000gn/T/jsreport/autocleanup/9674be30-5036-4cd8-88de-c4c88dfdc4c2-chrome-pdf.html","meta":{"rootId":"ml6e14y56n6dfiz","id":"ml6e14y56n6dfiz"},"id":"d7cihnnxjd0qyyg","previousOperationId":"laky9mdq0bjpa3o"}
{"type":"log","timestamp":1664992685194,"level":"debug","message":"Page request: GET (stylesheet) https://fonts.googleapis.com/css2?family=Montserrat:wght@500&family=Open+Sans:wght@300&display=swap","meta":{"rootId":"ml6e14y56n6dfiz","id":"ml6e14y56n6dfiz"},"id":"1olb4l0wl5cgwfo","previousOperationId":"laky9mdq0bjpa3o"}
{"type":"log","timestamp":1664992685679,"level":"debug","message":"Page request finished: GET (stylesheet) 200 https://fonts.googleapis.com/css2?family=Montserrat:wght@500&family=Open+Sans:wght@300&display=swap","meta":{"rootId":"ml6e14y56n6dfiz","id":"ml6e14y56n6dfiz"},"id":"c8xj5cfn7xjzfv2","previousOperationId":"laky9mdq0bjpa3o"}
{"type":"log","timestamp":1664992685768,"level":"debug","message":"Page request: GET (font) https://fonts.gstatic.com/s/opensans/v34/memSYaGs126MiZpBA-UvWbX2vVnXBbObj2OVZyOOSr4dVJWUgsiH0B4gaVQUwaEQbjA.woff","meta":{"rootId":"ml6e14y56n6dfiz","id":"ml6e14y56n6dfiz"},"id":"j38n4q2sjx3yrw7","previousOperationId":"laky9mdq0bjpa3o"}
{"type":"log","timestamp":1664992685917,"level":"debug","message":"Page request: GET (font) https://fonts.gstatic.com/s/opensans/v34/memSYaGs126MiZpBA-UvWbX2vVnXBbObj2OVZyOOSr4dVJWUgsiH0B4gaVQUwaEQbjA.woff","meta":{"rootId":"ml6e14y56n6dfiz","id":"ml6e14y56n6dfiz"},"id":"xhsk90x2j8ks6hq","previousOperationId":"laky9mdq0bjpa3o"}
{"type":"log","timestamp":1664992686459,"level":"debug","message":"Page request finished: GET (font) 200 https://fonts.gstatic.com/s/opensans/v34/memSYaGs126MiZpBA-UvWbX2vVnXBbObj2OVZyOOSr4dVJWUgsiH0B4gaVQUwaEQbjA.woff","meta":{"rootId":"ml6e14y56n6dfiz","id":"ml6e14y56n6dfiz"},"id":"lwr1w2u0arv5hld","previousOperationId":"laky9mdq0bjpa3o"}
{"type":"log","timestamp":1664992686477,"level":"debug","message":"Running chrome with params {\"scale\":1,\"displayHeaderFooter\":true,\"headerTemplate\":\"...\",\"footerTemplate\":\"...\",\"printBackground\":true,\"pageRanges\":\"\",\"format\":\"A4\",\"width\":\"\",\"height\":\"\",\"marginTop\":\"470px\",\"marginRight\":\"20px\",\"marginBottom\":\"80px\",\"marginLeft\":\"20px\",\"waitForJS\":false,\"waitForNetworkIddle\":false,\"timeout\":56731,\"waitForNetworkIdle\":false,\"margin\":{\"top\":\"470px\",\"right\":\"20px\",\"bottom\":\"80px\",\"left\":\"20px\"}}","meta":{"rootId":"ml6e14y56n6dfiz","id":"ml6e14y56n6dfiz"},"id":"jca87t1ej5y31lc","previousOperationId":"laky9mdq0bjpa3o"}
{"type":"operationEnd","operationId":"laky9mdq0bjpa3o","timestamp":1664992687080,"id":"6jma73onfzy0hno","previousEventId":"6hr6x9l8epv3wxj","previousOperationId":"laky9mdq0bjpa3o"}
{"type":"log","timestamp":1664992687080,"level":"debug","message":"Skipping storing report.","meta":{"rootId":"ml6e14y56n6dfiz","id":"ml6e14y56n6dfiz"},"id":"vjqnig8urcy8sjw","previousOperationId":"laky9mdq0bjpa3o"}
{"type":"log","timestamp":1664992687080,"level":"info","message":"Rendering request 2 finished in 9023 ms","meta":{"rootId":"ml6e14y56n6dfiz","id":"ml6e14y56n6dfiz"},"id":"k8ru80cmprhbilf","previousOperationId":"laky9mdq0bjpa3o"}
{"type":"operationEnd","subtype":"render","operationId":"bbchpiiax1qgj22","timestamp":1664992687081,"id":"nhk2myvbsgyn07u","previousEventId":"6jma73onfzy0hno","previousOperationId":"laky9mdq0bjpa3o"}
{"type":"operationEnd","doDiffs":false,"previousEventId":"xftebh7xdji8oh2","previousOperationId":"k2yqweuvxdnntr5","operationId":"k2yqweuvxdnntr5","timestamp":1664992687095,"id":"7fag483erb2d0vj"}
