{"type":"operationStart","subtype":"profile","data":{"_id":"xFBlb7vBjpm2fpz7","timestamp":"2023-01-28T18:35:36.980Z","state":"queued","mode":"standard","creationDate":"2023-01-28T18:35:36.984Z","modificationDate":"2023-01-28T18:35:36.984Z","shortid":"iIRiBfb","$entitySet":"profiles"},"doDiffs":false,"timestamp":1674930936982,"id":"7ginr6lakecy2ev","previousOperationId":null,"operationId":"rc0phl2p24liulq"}
{"type":"log","level":"info","message":"Render request 1 queued for execution and waiting for available worker","previousOperationId":"rc0phl2p24liulq","timestamp":1674930936983,"id":"4uiyrezpfzg3rfz"}
{"type":"operationStart","subtype":"render","name":"anonymous","previousOperationId":"rc0phl2p24liulq","timestamp":1674930937003,"id":"toa77ie8f2wgotc","previousEventId":"7ginr6lakecy2ev","operationId":"xc4y4gy3uplsrem"}
{"type":"log","timestamp":1674930937004,"level":"info","message":"Starting rendering request 1 (user: null)","meta":{"rootId":"mlrsj5cye3f3fct","id":"mlrsj5cye3f3fct"},"id":"nsr6u64fou5rsly","previousOperationId":"xc4y4gy3uplsrem"}
{"type":"log","timestamp":1674930937007,"level":"info","message":"Rendering anonymous template { recipe: chrome-pdf, engine: handlebars }","meta":{"rootId":"mlrsj5cye3f3fct","id":"mlrsj5cye3f3fct"},"id":"6fpeba8zorn8xn2","previousOperationId":"xc4y4gy3uplsrem"}
{"type":"log","timestamp":1674930937007,"level":"debug","message":"Inline data specified.","meta":{"rootId":"mlrsj5cye3f3fct","id":"mlrsj5cye3f3fct"},"id":"tf8n3b66qacwjou","previousOperationId":"xc4y4gy3uplsrem"}
{"type":"log","timestamp":1674930937012,"level":"debug","message":"Base url not specified, skipping its injection.","meta":{"rootId":"mlrsj5cye3f3fct","id":"mlrsj5cye3f3fct"},"id":"u6ibs44yxytf4pp","previousOperationId":"xc4y4gy3uplsrem"}
{"type":"operationStart","subtype":"engine","name":"handlebars","timestamp":1674930937014,"id":"cgmynqgo6c9s86b","previousEventId":"toa77ie8f2wgotc","operationId":"f7vlinlzqwdrpop","previousOperationId":"xc4y4gy3uplsrem"}
{"type":"log","timestamp":1674930937014,"level":"debug","message":"Rendering engine handlebars","meta":{"rootId":"mlrsj5cye3f3fct","id":"mlrsj5cye3f3fct"},"id":"36qrza9wv420jmt","previousOperationId":"f7vlinlzqwdrpop"}
{"type":"operationEnd","operationId":"f7vlinlzqwdrpop","timestamp":1674930938444,"id":"1o7uahq6dgg48na","previousEventId":"cgmynqgo6c9s86b","previousOperationId":"f7vlinlzqwdrpop"}
{"type":"operationStart","subtype":"recipe","name":"chrome-pdf","timestamp":1674930938445,"id":"fhsaqrsa00batqw","previousEventId":"1o7uahq6dgg48na","operationId":"w6f0bxn4m7km38c","previousOperationId":"f7vlinlzqwdrpop"}
{"type":"log","timestamp":1674930938445,"level":"debug","message":"Executing recipe chrome-pdf","meta":{"rootId":"mlrsj5cye3f3fct","id":"mlrsj5cye3f3fct"},"id":"gi38ub3hbgfyma1","previousOperationId":"w6f0bxn4m7km38c"}
{"type":"log","timestamp":1674930938821,"level":"debug","message":"Starting child request to render pdf header","meta":{"rootId":"mlrsj5cye3f3fct","id":"mlrsj5cye3f3fct"},"id":"9cx674plulu9zbi","previousOperationId":"w6f0bxn4m7km38c"}
{"type":"operationStart","subtype":"render","name":"anonymous","previousOperationId":"w6f0bxn4m7km38c","timestamp":1674930938823,"id":"54oedf1jkuhyrzc","previousEventId":"fhsaqrsa00batqw","operationId":"soi6zm15yfmtmp7"}
{"type":"log","timestamp":1674930938823,"level":"info","message":"Starting rendering request 1 (user: null)","meta":{"rootId":"mlrsj5cye3f3fct","id":"gnd4gz1g4ldtdn9"},"id":"t5gl5fnbicxiyja","previousOperationId":"soi6zm15yfmtmp7"}
{"type":"log","timestamp":1674930938823,"level":"info","message":"Rendering anonymous template { recipe: html, engine: handlebars }","meta":{"rootId":"mlrsj5cye3f3fct","id":"gnd4gz1g4ldtdn9"},"id":"nfsx3viagjvyy8o","previousOperationId":"soi6zm15yfmtmp7"}
{"type":"log","timestamp":1674930938824,"level":"debug","message":"Inline data specified.","meta":{"rootId":"mlrsj5cye3f3fct","id":"gnd4gz1g4ldtdn9"},"id":"thf7jik45noo2ec","previousOperationId":"soi6zm15yfmtmp7"}
{"type":"log","timestamp":1674930938829,"level":"debug","message":"Base url not specified, skipping its injection.","meta":{"rootId":"mlrsj5cye3f3fct","id":"gnd4gz1g4ldtdn9"},"id":"brmz6o83rldtd68","previousOperationId":"soi6zm15yfmtmp7"}
{"type":"log","timestamp":1674930938851,"level":"debug","message":"Replaced assets [\"./src/reporting/assets/logo.png\"]","meta":{"rootId":"mlrsj5cye3f3fct","id":"gnd4gz1g4ldtdn9"},"id":"9i7061gh107bmdl","previousOperationId":"soi6zm15yfmtmp7"}
{"type":"operationStart","subtype":"engine","name":"handlebars","timestamp":1674930938853,"id":"qr5m433u74hnnuf","previousEventId":"54oedf1jkuhyrzc","operationId":"j8ptnliwjoocado","previousOperationId":"soi6zm15yfmtmp7"}
{"type":"log","timestamp":1674930938853,"level":"debug","message":"Rendering engine handlebars","meta":{"rootId":"mlrsj5cye3f3fct","id":"gnd4gz1g4ldtdn9"},"id":"lhfxkoz91l02hjy","previousOperationId":"j8ptnliwjoocado"}
{"type":"operationEnd","operationId":"j8ptnliwjoocado","timestamp":1674930939009,"id":"y82crjfcx5w8iup","previousEventId":"qr5m433u74hnnuf","previousOperationId":"j8ptnliwjoocado"}
{"type":"operationStart","subtype":"recipe","name":"html","timestamp":1674930939017,"id":"g7w16zc2mehqp46","previousEventId":"y82crjfcx5w8iup","operationId":"r91r4k3dmtkn1m3","previousOperationId":"j8ptnliwjoocado"}
{"type":"log","timestamp":1674930939018,"level":"debug","message":"Executing recipe html","meta":{"rootId":"mlrsj5cye3f3fct","id":"gnd4gz1g4ldtdn9"},"id":"uzn7xbs9gte0t2x","previousOperationId":"r91r4k3dmtkn1m3"}
{"type":"operationEnd","operationId":"r91r4k3dmtkn1m3","timestamp":1674930939020,"id":"kln67evzf96mrz6","previousEventId":"g7w16zc2mehqp46","previousOperationId":"r91r4k3dmtkn1m3"}
{"type":"log","timestamp":1674930939023,"level":"debug","message":"Skipping storing report.","meta":{"rootId":"mlrsj5cye3f3fct","id":"gnd4gz1g4ldtdn9"},"id":"vgqxfvaqang5ysa","previousOperationId":"r91r4k3dmtkn1m3"}
{"type":"log","timestamp":1674930939023,"level":"info","message":"Rendering request 1 finished in 2045 ms","meta":{"rootId":"mlrsj5cye3f3fct","id":"gnd4gz1g4ldtdn9"},"id":"ux1npl0jkn9yyo4","previousOperationId":"r91r4k3dmtkn1m3"}
{"type":"operationEnd","subtype":"render","operationId":"soi6zm15yfmtmp7","timestamp":1674930939024,"id":"ek4ps67bhhzm961","previousEventId":"kln67evzf96mrz6","previousOperationId":"r91r4k3dmtkn1m3"}
{"type":"log","timestamp":1674930939024,"level":"debug","message":"Starting child request to render pdf footer","meta":{"rootId":"mlrsj5cye3f3fct","id":"mlrsj5cye3f3fct"},"id":"gt2t3bwie9p1m5o","previousOperationId":"w6f0bxn4m7km38c"}
{"type":"operationStart","subtype":"render","name":"anonymous","previousOperationId":"w6f0bxn4m7km38c","timestamp":1674930939024,"id":"fmunnkzxli4se4c","previousEventId":"fhsaqrsa00batqw","operationId":"vl6gkma5xumjqu5"}
{"type":"log","timestamp":1674930939025,"level":"info","message":"Starting rendering request 1 (user: null)","meta":{"rootId":"mlrsj5cye3f3fct","id":"bs7l0m1krmww9iy"},"id":"d54mvmrx6i91il3","previousOperationId":"vl6gkma5xumjqu5"}
{"type":"log","timestamp":1674930939025,"level":"info","message":"Rendering anonymous template { recipe: html, engine: handlebars }","meta":{"rootId":"mlrsj5cye3f3fct","id":"bs7l0m1krmww9iy"},"id":"qzm1l7idpfct3g2","previousOperationId":"vl6gkma5xumjqu5"}
{"type":"log","timestamp":1674930939025,"level":"debug","message":"Inline data specified.","meta":{"rootId":"mlrsj5cye3f3fct","id":"bs7l0m1krmww9iy"},"id":"9dmcor0za39yqjg","previousOperationId":"vl6gkma5xumjqu5"}
{"type":"log","timestamp":1674930939036,"level":"debug","message":"Base url not specified, skipping its injection.","meta":{"rootId":"mlrsj5cye3f3fct","id":"bs7l0m1krmww9iy"},"id":"q8ox8eyb6haf6ku","previousOperationId":"vl6gkma5xumjqu5"}
{"type":"operationStart","subtype":"engine","name":"handlebars","timestamp":1674930939037,"id":"h7i8um67gjy5455","previousEventId":"fmunnkzxli4se4c","operationId":"4d8f7tfldo3fj0y","previousOperationId":"vl6gkma5xumjqu5"}
{"type":"log","timestamp":1674930939037,"level":"debug","message":"Rendering engine handlebars","meta":{"rootId":"mlrsj5cye3f3fct","id":"bs7l0m1krmww9iy"},"id":"7j45eiwbdgkmtk1","previousOperationId":"4d8f7tfldo3fj0y"}
{"type":"operationEnd","operationId":"4d8f7tfldo3fj0y","timestamp":1674930939092,"id":"uhzj11qjhmp2okg","previousEventId":"h7i8um67gjy5455","previousOperationId":"4d8f7tfldo3fj0y"}
{"type":"operationStart","subtype":"recipe","name":"html","timestamp":1674930939092,"id":"54pcqdlg6qjjlc1","previousEventId":"uhzj11qjhmp2okg","operationId":"ssjr12bi7m2bq24","previousOperationId":"4d8f7tfldo3fj0y"}
{"type":"log","timestamp":1674930939094,"level":"debug","message":"Executing recipe html","meta":{"rootId":"mlrsj5cye3f3fct","id":"bs7l0m1krmww9iy"},"id":"07mbyzmjrw75fbx","previousOperationId":"ssjr12bi7m2bq24"}
{"type":"operationEnd","operationId":"ssjr12bi7m2bq24","timestamp":1674930939094,"id":"xjrm76ka10vydu9","previousEventId":"54pcqdlg6qjjlc1","previousOperationId":"ssjr12bi7m2bq24"}
{"type":"log","timestamp":1674930939095,"level":"debug","message":"Skipping storing report.","meta":{"rootId":"mlrsj5cye3f3fct","id":"bs7l0m1krmww9iy"},"id":"oo3ghmvjfpg3cxh","previousOperationId":"ssjr12bi7m2bq24"}
{"type":"log","timestamp":1674930939095,"level":"info","message":"Rendering request 1 finished in 2117 ms","meta":{"rootId":"mlrsj5cye3f3fct","id":"bs7l0m1krmww9iy"},"id":"6n1y70um4lka2qv","previousOperationId":"ssjr12bi7m2bq24"}
{"type":"operationEnd","subtype":"render","operationId":"vl6gkma5xumjqu5","timestamp":1674930939095,"id":"8y8r1bn1rumv0uk","previousEventId":"xjrm76ka10vydu9","previousOperationId":"ssjr12bi7m2bq24"}
{"type":"log","timestamp":1674930939434,"level":"debug","message":"Converting with chrome HeadlessChrome/98.0.4758.0 using chrome-pool strategy","meta":{"rootId":"mlrsj5cye3f3fct","id":"mlrsj5cye3f3fct"},"id":"0ooc3urqgqv7tcp","previousOperationId":"w6f0bxn4m7km38c"}
{"type":"log","timestamp":1674930939662,"level":"debug","message":"Page request: GET (document) file:///C:/Users/ADMINI~1/AppData/Local/Temp/jsreport/autocleanup/09197d12-a699-4679-87fd-b9c172177b14-chrome-pdf.html","meta":{"rootId":"mlrsj5cye3f3fct","id":"mlrsj5cye3f3fct"},"id":"qovin951c008sbq","previousOperationId":"w6f0bxn4m7km38c"}
{"type":"log","timestamp":1674930939680,"level":"debug","message":"Page request finished: GET (document) file:///C:/Users/ADMINI~1/AppData/Local/Temp/jsreport/autocleanup/09197d12-a699-4679-87fd-b9c172177b14-chrome-pdf.html","meta":{"rootId":"mlrsj5cye3f3fct","id":"mlrsj5cye3f3fct"},"id":"0g1ev2ll8g64bl6","previousOperationId":"w6f0bxn4m7km38c"}
{"type":"log","timestamp":1674930939682,"level":"debug","message":"Page request: GET (stylesheet) https://fonts.googleapis.com/css2?family=Montserrat:wght@500&family=Open+Sans:wght@300&display=swap","meta":{"rootId":"mlrsj5cye3f3fct","id":"mlrsj5cye3f3fct"},"id":"gx133adayqfwee8","previousOperationId":"w6f0bxn4m7km38c"}
{"type":"log","timestamp":1674930939899,"level":"debug","message":"Page request finished: GET (stylesheet) 200 https://fonts.googleapis.com/css2?family=Montserrat:wght@500&family=Open+Sans:wght@300&display=swap","meta":{"rootId":"mlrsj5cye3f3fct","id":"mlrsj5cye3f3fct"},"id":"fswvh46atp39lnx","previousOperationId":"w6f0bxn4m7km38c"}
{"type":"log","timestamp":1674930939963,"level":"debug","message":"Page request: GET (font) https://fonts.gstatic.com/s/opensans/v34/memSYaGs126MiZpBA-UvWbX2vVnXBbObj2OVZyOOSr4dVJWUgsiH0B4gaVI.woff2","meta":{"rootId":"mlrsj5cye3f3fct","id":"mlrsj5cye3f3fct"},"id":"uzgowekuu56g551","previousOperationId":"w6f0bxn4m7km38c"}
{"type":"log","timestamp":1674930939966,"level":"debug","message":"Page request: GET (font) https://fonts.gstatic.com/s/opensans/v34/memSYaGs126MiZpBA-UvWbX2vVnXBbObj2OVZyOOSr4dVJWUgsiH0B4gaVI.woff2","meta":{"rootId":"mlrsj5cye3f3fct","id":"mlrsj5cye3f3fct"},"id":"i3kovnpdwo7lj9t","previousOperationId":"w6f0bxn4m7km38c"}
{"type":"log","timestamp":1674930940211,"level":"debug","message":"Page request finished: GET (font) 200 https://fonts.gstatic.com/s/opensans/v34/memSYaGs126MiZpBA-UvWbX2vVnXBbObj2OVZyOOSr4dVJWUgsiH0B4gaVI.woff2","meta":{"rootId":"mlrsj5cye3f3fct","id":"mlrsj5cye3f3fct"},"id":"wyygfpqjlirzv8s","previousOperationId":"w6f0bxn4m7km38c"}
{"type":"log","timestamp":1674930940241,"level":"debug","message":"Running chrome with params {\"scale\":1,\"displayHeaderFooter\":true,\"headerTemplate\":\"...\",\"footerTemplate\":\"...\",\"printBackground\":true,\"pageRanges\":\"\",\"format\":\"A4\",\"width\":\"\",\"height\":\"\",\"marginTop\":\"350px\",\"marginRight\":\"20px\",\"marginBottom\":\"80px\",\"marginLeft\":\"20px\",\"waitForJS\":false,\"waitForNetworkIddle\":false,\"timeout\":57882,\"waitForNetworkIdle\":false,\"margin\":{\"top\":\"350px\",\"right\":\"20px\",\"bottom\":\"80px\",\"left\":\"20px\"}}","meta":{"rootId":"mlrsj5cye3f3fct","id":"mlrsj5cye3f3fct"},"id":"y4v1c8m42ao3alj","previousOperationId":"w6f0bxn4m7km38c"}
{"type":"operationEnd","operationId":"w6f0bxn4m7km38c","timestamp":1674930940674,"id":"ercqjpwrmjz0d5z","previousEventId":"fhsaqrsa00batqw","previousOperationId":"w6f0bxn4m7km38c"}
{"type":"log","timestamp":1674930940674,"level":"debug","message":"Skipping storing report.","meta":{"rootId":"mlrsj5cye3f3fct","id":"mlrsj5cye3f3fct"},"id":"co1wld7gurmcwjb","previousOperationId":"w6f0bxn4m7km38c"}
{"type":"log","timestamp":1674930940674,"level":"info","message":"Rendering request 1 finished in 3696 ms","meta":{"rootId":"mlrsj5cye3f3fct","id":"mlrsj5cye3f3fct"},"id":"rq9wyf8k9sa9e2e","previousOperationId":"w6f0bxn4m7km38c"}
{"type":"operationEnd","subtype":"render","operationId":"xc4y4gy3uplsrem","timestamp":1674930940674,"id":"k5cpijzc9mztm5n","previousEventId":"ercqjpwrmjz0d5z","previousOperationId":"w6f0bxn4m7km38c"}
{"type":"operationEnd","doDiffs":false,"previousEventId":"7ginr6lakecy2ev","previousOperationId":"rc0phl2p24liulq","operationId":"rc0phl2p24liulq","timestamp":1674930940679,"id":"gewvzty26tg0qi5"}
