{"type":"operationStart","subtype":"profile","data":{"_id":"QlFyHzwrWpBFtvuP","timestamp":"2022-10-02T11:08:50.323Z","state":"queued","mode":"standard","creationDate":"2022-10-02T11:08:50.328Z","modificationDate":"2022-10-02T11:08:50.328Z","shortid":"usLyUul","$entitySet":"profiles"},"doDiffs":false,"timestamp":1664708930326,"id":"opxg8nz59d8thly","previousOperationId":null,"operationId":"ei4z4yii5ky6di4"}
{"type":"log","level":"info","message":"Render request 1 queued for execution and waiting for available worker","previousOperationId":"ei4z4yii5ky6di4","timestamp":1664708930326,"id":"yqsu8amm8rcbrld"}
{"type":"operationStart","subtype":"render","name":"anonymous","previousOperationId":"ei4z4yii5ky6di4","timestamp":1664708930380,"id":"s8wcgbluepvrn3m","previousEventId":"opxg8nz59d8thly","operationId":"dygf1ynpkr7ouvi"}
{"type":"log","timestamp":1664708930393,"level":"info","message":"Starting rendering request 1 (user: null)","meta":{"rootId":"n4sfktrgdbyuaoe","id":"n4sfktrgdbyuaoe"},"id":"up7e0qhdsbvs1y7","previousOperationId":"dygf1ynpkr7ouvi"}
{"type":"log","timestamp":1664708930396,"level":"info","message":"Rendering anonymous template { recipe: chrome-pdf, engine: handlebars }","meta":{"rootId":"n4sfktrgdbyuaoe","id":"n4sfktrgdbyuaoe"},"id":"1hqw2c15svkm2bk","previousOperationId":"dygf1ynpkr7ouvi"}
{"type":"log","timestamp":1664708930396,"level":"debug","message":"Inline data specified.","meta":{"rootId":"n4sfktrgdbyuaoe","id":"n4sfktrgdbyuaoe"},"id":"35qk5m0hunoqk1h","previousOperationId":"dygf1ynpkr7ouvi"}
{"type":"log","timestamp":1664708930416,"level":"debug","message":"Base url not specified, skipping its injection.","meta":{"rootId":"n4sfktrgdbyuaoe","id":"n4sfktrgdbyuaoe"},"id":"09lbvlh57yigor4","previousOperationId":"dygf1ynpkr7ouvi"}
{"type":"operationStart","subtype":"engine","name":"handlebars","timestamp":1664708930419,"id":"79uakycvcxzzqxz","previousEventId":"s8wcgbluepvrn3m","operationId":"u0clg7r9tzs01n1","previousOperationId":"dygf1ynpkr7ouvi"}
{"type":"log","timestamp":1664708930419,"level":"debug","message":"Rendering engine handlebars","meta":{"rootId":"n4sfktrgdbyuaoe","id":"n4sfktrgdbyuaoe"},"id":"9ludzo13bpr1d2l","previousOperationId":"u0clg7r9tzs01n1"}
{"type":"operationEnd","operationId":"u0clg7r9tzs01n1","timestamp":1664708932627,"id":"iabd7yp5g674lf5","previousEventId":"79uakycvcxzzqxz","previousOperationId":"u0clg7r9tzs01n1"}
{"type":"operationStart","subtype":"recipe","name":"chrome-pdf","timestamp":1664708932628,"id":"6kipdaqgiprk81g","previousEventId":"iabd7yp5g674lf5","operationId":"ek7yfwbvpj06yo5","previousOperationId":"u0clg7r9tzs01n1"}
{"type":"log","timestamp":1664708932628,"level":"debug","message":"Executing recipe chrome-pdf","meta":{"rootId":"n4sfktrgdbyuaoe","id":"n4sfktrgdbyuaoe"},"id":"w9j1iofbniopqkd","previousOperationId":"ek7yfwbvpj06yo5"}
{"type":"log","timestamp":1664708933124,"level":"debug","message":"Starting child request to render pdf header","meta":{"rootId":"n4sfktrgdbyuaoe","id":"n4sfktrgdbyuaoe"},"id":"k79vuwbpfiz7s58","previousOperationId":"ek7yfwbvpj06yo5"}
{"type":"operationStart","subtype":"render","name":"anonymous","previousOperationId":"ek7yfwbvpj06yo5","timestamp":1664708933125,"id":"iwrtbgsp8zpfi42","previousEventId":"6kipdaqgiprk81g","operationId":"xpqe63mmtwesoh4"}
{"type":"log","timestamp":1664708933125,"level":"info","message":"Starting rendering request 1 (user: null)","meta":{"rootId":"n4sfktrgdbyuaoe","id":"p5icyfpdq92gopg"},"id":"hrmwm0mtl7hxpn8","previousOperationId":"xpqe63mmtwesoh4"}
{"type":"log","timestamp":1664708933125,"level":"info","message":"Rendering anonymous template { recipe: html, engine: handlebars }","meta":{"rootId":"n4sfktrgdbyuaoe","id":"p5icyfpdq92gopg"},"id":"71cjrotgwnl8tv5","previousOperationId":"xpqe63mmtwesoh4"}
{"type":"log","timestamp":1664708933126,"level":"debug","message":"Inline data specified.","meta":{"rootId":"n4sfktrgdbyuaoe","id":"p5icyfpdq92gopg"},"id":"zqoeoy3e25e2r8p","previousOperationId":"xpqe63mmtwesoh4"}
{"type":"log","timestamp":1664708933136,"level":"debug","message":"Base url not specified, skipping its injection.","meta":{"rootId":"n4sfktrgdbyuaoe","id":"p5icyfpdq92gopg"},"id":"xtpegbunvjijuzn","previousOperationId":"xpqe63mmtwesoh4"}
{"type":"log","timestamp":1664708933148,"level":"debug","message":"Replaced assets [\"./src/reporting/assets/logo.png\"]","meta":{"rootId":"n4sfktrgdbyuaoe","id":"p5icyfpdq92gopg"},"id":"9huly80q1oxo6km","previousOperationId":"xpqe63mmtwesoh4"}
{"type":"operationStart","subtype":"engine","name":"handlebars","timestamp":1664708933148,"id":"9lgg85bn3kszqvn","previousEventId":"iwrtbgsp8zpfi42","operationId":"rlubvdbooan7vd5","previousOperationId":"xpqe63mmtwesoh4"}
{"type":"log","timestamp":1664708933148,"level":"debug","message":"Rendering engine handlebars","meta":{"rootId":"n4sfktrgdbyuaoe","id":"p5icyfpdq92gopg"},"id":"tgl653h8o6xr7iu","previousOperationId":"rlubvdbooan7vd5"}
{"type":"operationEnd","operationId":"rlubvdbooan7vd5","timestamp":1664708933212,"id":"zzs2p04dmz5ob5r","previousEventId":"9lgg85bn3kszqvn","previousOperationId":"rlubvdbooan7vd5"}
{"type":"operationStart","subtype":"recipe","name":"html","timestamp":1664708933212,"id":"g9mx3ttmmis9l5x","previousEventId":"zzs2p04dmz5ob5r","operationId":"qna1yl7q73zxgx3","previousOperationId":"rlubvdbooan7vd5"}
{"type":"log","timestamp":1664708933212,"level":"debug","message":"Executing recipe html","meta":{"rootId":"n4sfktrgdbyuaoe","id":"p5icyfpdq92gopg"},"id":"90pfmrdkie8dh4o","previousOperationId":"qna1yl7q73zxgx3"}
{"type":"operationEnd","operationId":"qna1yl7q73zxgx3","timestamp":1664708933212,"id":"dxcx5fkz1zpmulb","previousEventId":"g9mx3ttmmis9l5x","previousOperationId":"qna1yl7q73zxgx3"}
{"type":"log","timestamp":1664708933213,"level":"debug","message":"Skipping storing report.","meta":{"rootId":"n4sfktrgdbyuaoe","id":"p5icyfpdq92gopg"},"id":"9wbizoxu3g3b8md","previousOperationId":"qna1yl7q73zxgx3"}
{"type":"log","timestamp":1664708933218,"level":"info","message":"Rendering request 1 finished in 2897 ms","meta":{"rootId":"n4sfktrgdbyuaoe","id":"p5icyfpdq92gopg"},"id":"82au3jmrusudel7","previousOperationId":"qna1yl7q73zxgx3"}
{"type":"operationEnd","subtype":"render","operationId":"xpqe63mmtwesoh4","timestamp":1664708933218,"id":"3o2rpvsu0tbgmvh","previousEventId":"dxcx5fkz1zpmulb","previousOperationId":"qna1yl7q73zxgx3"}
{"type":"log","timestamp":1664708933218,"level":"debug","message":"Starting child request to render pdf footer","meta":{"rootId":"n4sfktrgdbyuaoe","id":"n4sfktrgdbyuaoe"},"id":"is4f7u4b5luus3i","previousOperationId":"ek7yfwbvpj06yo5"}
{"type":"operationStart","subtype":"render","name":"anonymous","previousOperationId":"ek7yfwbvpj06yo5","timestamp":1664708933218,"id":"xz4u2ht9qzhfmcj","previousEventId":"6kipdaqgiprk81g","operationId":"3ci71x9lo269clo"}
{"type":"log","timestamp":1664708933219,"level":"info","message":"Starting rendering request 1 (user: null)","meta":{"rootId":"n4sfktrgdbyuaoe","id":"fjj2kra2der4mxn"},"id":"1xg3ossjr75ibjy","previousOperationId":"3ci71x9lo269clo"}
{"type":"log","timestamp":1664708933219,"level":"info","message":"Rendering anonymous template { recipe: html, engine: handlebars }","meta":{"rootId":"n4sfktrgdbyuaoe","id":"fjj2kra2der4mxn"},"id":"jsaf059z3kk0p4d","previousOperationId":"3ci71x9lo269clo"}
{"type":"log","timestamp":1664708933219,"level":"debug","message":"Inline data specified.","meta":{"rootId":"n4sfktrgdbyuaoe","id":"fjj2kra2der4mxn"},"id":"mpane4ahsvl6v3g","previousOperationId":"3ci71x9lo269clo"}
{"type":"log","timestamp":1664708933223,"level":"debug","message":"Base url not specified, skipping its injection.","meta":{"rootId":"n4sfktrgdbyuaoe","id":"fjj2kra2der4mxn"},"id":"7i7rzn7pwhzjikj","previousOperationId":"3ci71x9lo269clo"}
{"type":"operationStart","subtype":"engine","name":"handlebars","timestamp":1664708933224,"id":"483vmmfsbgh4l72","previousEventId":"xz4u2ht9qzhfmcj","operationId":"7o87xx1zm79f271","previousOperationId":"3ci71x9lo269clo"}
{"type":"log","timestamp":1664708933224,"level":"debug","message":"Rendering engine handlebars","meta":{"rootId":"n4sfktrgdbyuaoe","id":"fjj2kra2der4mxn"},"id":"jb85sigks9bbsuq","previousOperationId":"7o87xx1zm79f271"}
{"type":"operationEnd","operationId":"7o87xx1zm79f271","timestamp":1664708933269,"id":"u4cuhz3fjqz7zi2","previousEventId":"483vmmfsbgh4l72","previousOperationId":"7o87xx1zm79f271"}
{"type":"operationStart","subtype":"recipe","name":"html","timestamp":1664708933270,"id":"fqva48sa57ckrww","previousEventId":"u4cuhz3fjqz7zi2","operationId":"qnecnuynxib3n1l","previousOperationId":"7o87xx1zm79f271"}
{"type":"log","timestamp":1664708933270,"level":"debug","message":"Executing recipe html","meta":{"rootId":"n4sfktrgdbyuaoe","id":"fjj2kra2der4mxn"},"id":"gbu43om9zvrazty","previousOperationId":"qnecnuynxib3n1l"}
{"type":"operationEnd","operationId":"qnecnuynxib3n1l","timestamp":1664708933270,"id":"18fzcig9hr6jvjh","previousEventId":"fqva48sa57ckrww","previousOperationId":"qnecnuynxib3n1l"}
{"type":"log","timestamp":1664708933270,"level":"debug","message":"Skipping storing report.","meta":{"rootId":"n4sfktrgdbyuaoe","id":"fjj2kra2der4mxn"},"id":"mhoji6dhijx61np","previousOperationId":"qnecnuynxib3n1l"}
{"type":"log","timestamp":1664708933270,"level":"info","message":"Rendering request 1 finished in 2949 ms","meta":{"rootId":"n4sfktrgdbyuaoe","id":"fjj2kra2der4mxn"},"id":"b2mt8ktbtp3vkdg","previousOperationId":"qnecnuynxib3n1l"}
{"type":"operationEnd","subtype":"render","operationId":"3ci71x9lo269clo","timestamp":1664708933270,"id":"3bj9pnxyi5wil58","previousEventId":"18fzcig9hr6jvjh","previousOperationId":"qnecnuynxib3n1l"}
{"type":"log","timestamp":1664708937704,"level":"debug","message":"Converting with chrome HeadlessChrome/98.0.4758.0 using chrome-pool strategy","meta":{"rootId":"n4sfktrgdbyuaoe","id":"n4sfktrgdbyuaoe"},"id":"iqdcpgx4ueam5lb","previousOperationId":"ek7yfwbvpj06yo5"}
{"type":"log","timestamp":1664708938928,"level":"debug","message":"Page request: GET (document) file:///var/folders/8m/98z140gs3yzbw6jqmpbh8b8m0000gn/T/jsreport/autocleanup/477558b3-ab13-404f-9221-f3bde988f191-chrome-pdf.html","meta":{"rootId":"n4sfktrgdbyuaoe","id":"n4sfktrgdbyuaoe"},"id":"awti5jbjdlwxf65","previousOperationId":"ek7yfwbvpj06yo5"}
{"type":"log","timestamp":1664708939049,"level":"debug","message":"Page request finished: GET (document) file:///var/folders/8m/98z140gs3yzbw6jqmpbh8b8m0000gn/T/jsreport/autocleanup/477558b3-ab13-404f-9221-f3bde988f191-chrome-pdf.html","meta":{"rootId":"n4sfktrgdbyuaoe","id":"n4sfktrgdbyuaoe"},"id":"z1kg0hrkm49vzma","previousOperationId":"ek7yfwbvpj06yo5"}
{"type":"log","timestamp":1664708939080,"level":"debug","message":"Page request: GET (stylesheet) https://fonts.googleapis.com/css2?family=Montserrat:wght@500&family=Open+Sans:wght@300&display=swap","meta":{"rootId":"n4sfktrgdbyuaoe","id":"n4sfktrgdbyuaoe"},"id":"oh3n5hdi9gyurbm","previousOperationId":"ek7yfwbvpj06yo5"}
{"type":"log","timestamp":1664708939617,"level":"debug","message":"Page request finished: GET (stylesheet) 200 https://fonts.googleapis.com/css2?family=Montserrat:wght@500&family=Open+Sans:wght@300&display=swap","meta":{"rootId":"n4sfktrgdbyuaoe","id":"n4sfktrgdbyuaoe"},"id":"icfriokvva6swv4","previousOperationId":"ek7yfwbvpj06yo5"}
{"type":"log","timestamp":1664708939716,"level":"debug","message":"Page request: GET (font) https://fonts.gstatic.com/s/opensans/v34/memSYaGs126MiZpBA-UvWbX2vVnXBbObj2OVZyOOSr4dVJWUgsiH0B4gaVQUwaEQbjA.woff","meta":{"rootId":"n4sfktrgdbyuaoe","id":"n4sfktrgdbyuaoe"},"id":"2jabrkqdz92cy7h","previousOperationId":"ek7yfwbvpj06yo5"}
{"type":"log","timestamp":1664708939725,"level":"debug","message":"Running chrome with params {\"scale\":1,\"displayHeaderFooter\":true,\"headerTemplate\":\"...\",\"footerTemplate\":\"...\",\"printBackground\":true,\"pageRanges\":\"\",\"format\":\"A4\",\"width\":\"\",\"height\":\"\",\"marginTop\":\"350px\",\"marginRight\":\"20px\",\"marginBottom\":\"80px\",\"marginLeft\":\"20px\",\"waitForJS\":false,\"waitForNetworkIddle\":false,\"timeout\":57050,\"waitForNetworkIdle\":false,\"margin\":{\"top\":\"350px\",\"right\":\"20px\",\"bottom\":\"80px\",\"left\":\"20px\"}}","meta":{"rootId":"n4sfktrgdbyuaoe","id":"n4sfktrgdbyuaoe"},"id":"5f35ngnueddrzi9","previousOperationId":"ek7yfwbvpj06yo5"}
{"type":"log","timestamp":1664708939736,"level":"debug","message":"Page request: GET (font) https://fonts.gstatic.com/s/opensans/v34/memSYaGs126MiZpBA-UvWbX2vVnXBbObj2OVZyOOSr4dVJWUgsiH0B4gaVQUwaEQbjA.woff","meta":{"rootId":"n4sfktrgdbyuaoe","id":"n4sfktrgdbyuaoe"},"id":"cc5unqmi48twf93","previousOperationId":"ek7yfwbvpj06yo5"}
{"type":"log","timestamp":1664708940134,"level":"debug","message":"Page request finished: GET (font) 200 https://fonts.gstatic.com/s/opensans/v34/memSYaGs126MiZpBA-UvWbX2vVnXBbObj2OVZyOOSr4dVJWUgsiH0B4gaVQUwaEQbjA.woff","meta":{"rootId":"n4sfktrgdbyuaoe","id":"n4sfktrgdbyuaoe"},"id":"sfus08j5d5rfcb4","previousOperationId":"ek7yfwbvpj06yo5"}
{"type":"operationEnd","operationId":"ek7yfwbvpj06yo5","timestamp":1664708940211,"id":"cwethufwsc5vljs","previousEventId":"6kipdaqgiprk81g","previousOperationId":"ek7yfwbvpj06yo5"}
{"type":"log","timestamp":1664708940211,"level":"debug","message":"Skipping storing report.","meta":{"rootId":"n4sfktrgdbyuaoe","id":"n4sfktrgdbyuaoe"},"id":"v3dhdezs2a4g7mo","previousOperationId":"ek7yfwbvpj06yo5"}
{"type":"log","timestamp":1664708940211,"level":"info","message":"Rendering request 1 finished in 9890 ms","meta":{"rootId":"n4sfktrgdbyuaoe","id":"n4sfktrgdbyuaoe"},"id":"d2c6jxh8nv1kdfn","previousOperationId":"ek7yfwbvpj06yo5"}
{"type":"operationEnd","subtype":"render","operationId":"dygf1ynpkr7ouvi","timestamp":1664708940211,"id":"1g5q0d663x5dy52","previousEventId":"cwethufwsc5vljs","previousOperationId":"ek7yfwbvpj06yo5"}
{"type":"operationEnd","doDiffs":false,"previousEventId":"opxg8nz59d8thly","previousOperationId":"ei4z4yii5ky6di4","operationId":"ei4z4yii5ky6di4","timestamp":1664708940241,"id":"gz0m5uztq06y8yj"}
