{"type":"operationStart","subtype":"profile","data":{"_id":"hXBs9erFBTOsx20L","timestamp":"2022-09-23T16:03:38.345Z","state":"queued","mode":"standard","creationDate":"2022-09-23T16:03:38.358Z","modificationDate":"2022-09-23T16:03:38.358Z","shortid":"W9IhbFc","$entitySet":"profiles"},"doDiffs":false,"timestamp":1663949018355,"id":"3zdc01b2xe4e4kd","previousOperationId":null,"operationId":"htsa1w39bx0msnc"}
{"type":"log","level":"info","message":"Render request 1 queued for execution and waiting for available worker","previousOperationId":"htsa1w39bx0msnc","timestamp":1663949018356,"id":"1mh9wne7v9gzzv4"}
{"type":"operationStart","subtype":"render","name":"anonymous","previousOperationId":"htsa1w39bx0msnc","timestamp":1663949018398,"id":"rmbuqkodfajge61","previousEventId":"3zdc01b2xe4e4kd","operationId":"3ddkotna37j7707"}
{"type":"log","timestamp":1663949018400,"level":"info","message":"Starting rendering request 1 (user: null)","meta":{"rootId":"n76pz7e32bcuueu","id":"n76pz7e32bcuueu"},"id":"lcvqkgctl3updqs","previousOperationId":"3ddkotna37j7707"}
{"type":"log","timestamp":1663949018403,"level":"info","message":"Rendering anonymous template { recipe: chrome-pdf, engine: handlebars }","meta":{"rootId":"n76pz7e32bcuueu","id":"n76pz7e32bcuueu"},"id":"uvhlxoiym0umksu","previousOperationId":"3ddkotna37j7707"}
{"type":"log","timestamp":1663949018404,"level":"debug","message":"Data item not defined for this template.","meta":{"rootId":"n76pz7e32bcuueu","id":"n76pz7e32bcuueu"},"id":"e7ormwd4er4b97g","previousOperationId":"3ddkotna37j7707"}
{"type":"log","timestamp":1663949018417,"level":"debug","message":"Base url not specified, skipping its injection.","meta":{"rootId":"n76pz7e32bcuueu","id":"n76pz7e32bcuueu"},"id":"romq01cml21s7m4","previousOperationId":"3ddkotna37j7707"}
{"type":"operationStart","subtype":"engine","name":"handlebars","timestamp":1663949018419,"id":"fuiafolu05y6xpc","previousEventId":"rmbuqkodfajge61","operationId":"l5fkklqganmurj8","previousOperationId":"3ddkotna37j7707"}
{"type":"log","timestamp":1663949018419,"level":"debug","message":"Rendering engine handlebars","meta":{"rootId":"n76pz7e32bcuueu","id":"n76pz7e32bcuueu"},"id":"nhau9spr0pgpwb9","previousOperationId":"l5fkklqganmurj8"}
{"type":"operationEnd","operationId":"l5fkklqganmurj8","timestamp":1663949019722,"id":"8kxontgy1p46dp8","previousEventId":"fuiafolu05y6xpc","previousOperationId":"l5fkklqganmurj8"}
{"type":"operationStart","subtype":"recipe","name":"chrome-pdf","timestamp":1663949019738,"id":"8aavrw2mo2q0027","previousEventId":"8kxontgy1p46dp8","operationId":"44zi22xs5qw3j22","previousOperationId":"l5fkklqganmurj8"}
{"type":"log","timestamp":1663949019738,"level":"debug","message":"Executing recipe chrome-pdf","meta":{"rootId":"n76pz7e32bcuueu","id":"n76pz7e32bcuueu"},"id":"jqplu1k915hgav8","previousOperationId":"44zi22xs5qw3j22"}
{"type":"log","timestamp":1663949019948,"level":"debug","message":"Starting child request to render pdf header","meta":{"rootId":"n76pz7e32bcuueu","id":"n76pz7e32bcuueu"},"id":"1b5tbdgmyr4gjbe","previousOperationId":"44zi22xs5qw3j22"}
{"type":"operationStart","subtype":"render","name":"anonymous","previousOperationId":"44zi22xs5qw3j22","timestamp":1663949019950,"id":"8jh8rv5qfe80kb9","previousEventId":"8aavrw2mo2q0027","operationId":"fbbogo292x1ave5"}
{"type":"log","timestamp":1663949019950,"level":"info","message":"Starting rendering request 1 (user: null)","meta":{"rootId":"n76pz7e32bcuueu","id":"yftdcbgjpzwh7ov"},"id":"9zzoag4xydz660i","previousOperationId":"fbbogo292x1ave5"}
{"type":"log","timestamp":1663949019950,"level":"info","message":"Rendering anonymous template { recipe: html, engine: handlebars }","meta":{"rootId":"n76pz7e32bcuueu","id":"yftdcbgjpzwh7ov"},"id":"6s8votmke8sff2o","previousOperationId":"fbbogo292x1ave5"}
{"type":"log","timestamp":1663949019951,"level":"debug","message":"Data item not defined for this template.","meta":{"rootId":"n76pz7e32bcuueu","id":"yftdcbgjpzwh7ov"},"id":"a02giq0grjgdxe4","previousOperationId":"fbbogo292x1ave5"}
{"type":"log","timestamp":1663949019970,"level":"debug","message":"Base url not specified, skipping its injection.","meta":{"rootId":"n76pz7e32bcuueu","id":"yftdcbgjpzwh7ov"},"id":"9hvhgq7g6qxshr8","previousOperationId":"fbbogo292x1ave5"}
{"type":"log","timestamp":1663949020006,"level":"debug","message":"Replaced assets [\"./src/reporting/assets/logo.png\"]","meta":{"rootId":"n76pz7e32bcuueu","id":"yftdcbgjpzwh7ov"},"id":"yzs2l3o81pdscx2","previousOperationId":"fbbogo292x1ave5"}
{"type":"operationStart","subtype":"engine","name":"handlebars","timestamp":1663949020009,"id":"nhdwjbrnv4xlwwp","previousEventId":"8jh8rv5qfe80kb9","operationId":"kcl2x0lq09k3paz","previousOperationId":"fbbogo292x1ave5"}
{"type":"log","timestamp":1663949020009,"level":"debug","message":"Rendering engine handlebars","meta":{"rootId":"n76pz7e32bcuueu","id":"yftdcbgjpzwh7ov"},"id":"2qaphv18knz3heg","previousOperationId":"kcl2x0lq09k3paz"}
{"type":"operationEnd","operationId":"kcl2x0lq09k3paz","timestamp":1663949020062,"id":"7d4mhqdvxs1d559","previousEventId":"nhdwjbrnv4xlwwp","previousOperationId":"kcl2x0lq09k3paz"}
{"type":"operationStart","subtype":"recipe","name":"html","timestamp":1663949020063,"id":"re9rdqlttqyrg60","previousEventId":"7d4mhqdvxs1d559","operationId":"75htrns0rlc6z8n","previousOperationId":"kcl2x0lq09k3paz"}
{"type":"log","timestamp":1663949020063,"level":"debug","message":"Executing recipe html","meta":{"rootId":"n76pz7e32bcuueu","id":"yftdcbgjpzwh7ov"},"id":"11nyzr1cdwq54c3","previousOperationId":"75htrns0rlc6z8n"}
{"type":"operationEnd","operationId":"75htrns0rlc6z8n","timestamp":1663949020063,"id":"faihqh4fm76ws12","previousEventId":"re9rdqlttqyrg60","previousOperationId":"75htrns0rlc6z8n"}
{"type":"log","timestamp":1663949020064,"level":"debug","message":"Skipping storing report.","meta":{"rootId":"n76pz7e32bcuueu","id":"yftdcbgjpzwh7ov"},"id":"ez73qbkdqkwkrgd","previousOperationId":"75htrns0rlc6z8n"}
{"type":"log","timestamp":1663949020064,"level":"info","message":"Rendering request 1 finished in 1720 ms","meta":{"rootId":"n76pz7e32bcuueu","id":"yftdcbgjpzwh7ov"},"id":"yc4cwfjqh8sevft","previousOperationId":"75htrns0rlc6z8n"}
{"type":"operationEnd","subtype":"render","operationId":"fbbogo292x1ave5","timestamp":1663949020064,"id":"140bx6v6d47bwd8","previousEventId":"faihqh4fm76ws12","previousOperationId":"75htrns0rlc6z8n"}
{"type":"log","timestamp":1663949020065,"level":"debug","message":"Starting child request to render pdf footer","meta":{"rootId":"n76pz7e32bcuueu","id":"n76pz7e32bcuueu"},"id":"ukgme8s7msx9ezx","previousOperationId":"44zi22xs5qw3j22"}
{"type":"operationStart","subtype":"render","name":"anonymous","previousOperationId":"44zi22xs5qw3j22","timestamp":1663949020065,"id":"kpd4wviabpep29h","previousEventId":"8aavrw2mo2q0027","operationId":"kw42p1a8xcheoq8"}
{"type":"log","timestamp":1663949020065,"level":"info","message":"Starting rendering request 1 (user: null)","meta":{"rootId":"n76pz7e32bcuueu","id":"m3y4d19gz6x3q1j"},"id":"q28wl4mea64anw9","previousOperationId":"kw42p1a8xcheoq8"}
{"type":"log","timestamp":1663949020066,"level":"info","message":"Rendering anonymous template { recipe: html, engine: handlebars }","meta":{"rootId":"n76pz7e32bcuueu","id":"m3y4d19gz6x3q1j"},"id":"6e7u10iphiyjja8","previousOperationId":"kw42p1a8xcheoq8"}
{"type":"log","timestamp":1663949020066,"level":"debug","message":"Data item not defined for this template.","meta":{"rootId":"n76pz7e32bcuueu","id":"m3y4d19gz6x3q1j"},"id":"mzd2l1ye1q59zk3","previousOperationId":"kw42p1a8xcheoq8"}
{"type":"log","timestamp":1663949020068,"level":"debug","message":"Base url not specified, skipping its injection.","meta":{"rootId":"n76pz7e32bcuueu","id":"m3y4d19gz6x3q1j"},"id":"duzawupdcz2yfpl","previousOperationId":"kw42p1a8xcheoq8"}
{"type":"operationStart","subtype":"engine","name":"handlebars","timestamp":1663949020069,"id":"nddet72j0okt3k5","previousEventId":"kpd4wviabpep29h","operationId":"0rzzenfmvjphaqt","previousOperationId":"kw42p1a8xcheoq8"}
{"type":"log","timestamp":1663949020069,"level":"debug","message":"Rendering engine handlebars","meta":{"rootId":"n76pz7e32bcuueu","id":"m3y4d19gz6x3q1j"},"id":"ts6bpnp2npbc29j","previousOperationId":"0rzzenfmvjphaqt"}
{"type":"operationEnd","operationId":"0rzzenfmvjphaqt","timestamp":1663949020102,"id":"owh4k3fgsl0kn04","previousEventId":"nddet72j0okt3k5","previousOperationId":"0rzzenfmvjphaqt"}
{"type":"operationStart","subtype":"recipe","name":"html","timestamp":1663949020102,"id":"0mtl4vu3eou1i4z","previousEventId":"owh4k3fgsl0kn04","operationId":"rcyobdjyqu3jmw7","previousOperationId":"0rzzenfmvjphaqt"}
{"type":"log","timestamp":1663949020102,"level":"debug","message":"Executing recipe html","meta":{"rootId":"n76pz7e32bcuueu","id":"m3y4d19gz6x3q1j"},"id":"fqrr87zrofn3qiz","previousOperationId":"rcyobdjyqu3jmw7"}
{"type":"operationEnd","operationId":"rcyobdjyqu3jmw7","timestamp":1663949020102,"id":"z4hryaqfzrnuemn","previousEventId":"0mtl4vu3eou1i4z","previousOperationId":"rcyobdjyqu3jmw7"}
{"type":"log","timestamp":1663949020103,"level":"debug","message":"Skipping storing report.","meta":{"rootId":"n76pz7e32bcuueu","id":"m3y4d19gz6x3q1j"},"id":"mc8sx1gu4quzihn","previousOperationId":"rcyobdjyqu3jmw7"}
{"type":"log","timestamp":1663949020103,"level":"info","message":"Rendering request 1 finished in 1759 ms","meta":{"rootId":"n76pz7e32bcuueu","id":"m3y4d19gz6x3q1j"},"id":"e0qno0dlr5s69z8","previousOperationId":"rcyobdjyqu3jmw7"}
{"type":"operationEnd","subtype":"render","operationId":"kw42p1a8xcheoq8","timestamp":1663949020103,"id":"9px4mjida7cc069","previousEventId":"z4hryaqfzrnuemn","previousOperationId":"rcyobdjyqu3jmw7"}
{"type":"log","timestamp":1663949021697,"level":"debug","message":"Converting with chrome HeadlessChrome/98.0.4758.0 using chrome-pool strategy","meta":{"rootId":"n76pz7e32bcuueu","id":"n76pz7e32bcuueu"},"id":"s6jrf2otk17k740","previousOperationId":"44zi22xs5qw3j22"}
{"type":"log","timestamp":1663949022110,"level":"debug","message":"Page request: GET (document) file:///var/folders/8m/98z140gs3yzbw6jqmpbh8b8m0000gn/T/jsreport/autocleanup/e066a171-8777-46cb-b541-726a159419a3-chrome-pdf.html","meta":{"rootId":"n76pz7e32bcuueu","id":"n76pz7e32bcuueu"},"id":"jc1iw8sxw7d59kl","previousOperationId":"44zi22xs5qw3j22"}
{"type":"log","timestamp":1663949022131,"level":"debug","message":"Page request finished: GET (document) file:///var/folders/8m/98z140gs3yzbw6jqmpbh8b8m0000gn/T/jsreport/autocleanup/e066a171-8777-46cb-b541-726a159419a3-chrome-pdf.html","meta":{"rootId":"n76pz7e32bcuueu","id":"n76pz7e32bcuueu"},"id":"4w18wcasll2gc5q","previousOperationId":"44zi22xs5qw3j22"}
{"type":"log","timestamp":1663949022140,"level":"debug","message":"Page request: GET (stylesheet) https://fonts.googleapis.com/css2?family=Montserrat:wght@500&family=Open+Sans:wght@300&display=swap","meta":{"rootId":"n76pz7e32bcuueu","id":"n76pz7e32bcuueu"},"id":"pn3o2y8l3tuy9fk","previousOperationId":"44zi22xs5qw3j22"}
{"type":"log","timestamp":1663949022815,"level":"debug","message":"Page request finished: GET (stylesheet) 200 https://fonts.googleapis.com/css2?family=Montserrat:wght@500&family=Open+Sans:wght@300&display=swap","meta":{"rootId":"n76pz7e32bcuueu","id":"n76pz7e32bcuueu"},"id":"68ydh6fbwt8w0r0","previousOperationId":"44zi22xs5qw3j22"}
{"type":"log","timestamp":1663949022853,"level":"debug","message":"Page request: GET (font) https://fonts.gstatic.com/s/opensans/v34/memSYaGs126MiZpBA-UvWbX2vVnXBbObj2OVZyOOSr4dVJWUgsiH0B4gaVQUwaEQbjA.woff","meta":{"rootId":"n76pz7e32bcuueu","id":"n76pz7e32bcuueu"},"id":"e8or768sap00afa","previousOperationId":"44zi22xs5qw3j22"}
{"type":"log","timestamp":1663949022857,"level":"debug","message":"Running chrome with params {\"scale\":1,\"displayHeaderFooter\":true,\"headerTemplate\":\"...\",\"footerTemplate\":\"...\",\"printBackground\":true,\"pageRanges\":\"\",\"format\":\"A4\",\"width\":\"\",\"height\":\"\",\"marginTop\":\"350px\",\"marginRight\":\"20px\",\"marginBottom\":\"80px\",\"marginLeft\":\"20px\",\"waitForJS\":false,\"waitForNetworkIddle\":false,\"timeout\":58241,\"waitForNetworkIdle\":false,\"margin\":{\"top\":\"350px\",\"right\":\"20px\",\"bottom\":\"80px\",\"left\":\"20px\"}}","meta":{"rootId":"n76pz7e32bcuueu","id":"n76pz7e32bcuueu"},"id":"tp1s3vfko15sids","previousOperationId":"44zi22xs5qw3j22"}
{"type":"log","timestamp":1663949022868,"level":"debug","message":"Page request: GET (font) https://fonts.gstatic.com/s/opensans/v34/memSYaGs126MiZpBA-UvWbX2vVnXBbObj2OVZyOOSr4dVJWUgsiH0B4gaVQUwaEQbjA.woff","meta":{"rootId":"n76pz7e32bcuueu","id":"n76pz7e32bcuueu"},"id":"w1yyv9yczd8u0rc","previousOperationId":"44zi22xs5qw3j22"}
{"type":"operationEnd","operationId":"44zi22xs5qw3j22","timestamp":1663949023086,"id":"kqtibw2cdyymwl7","previousEventId":"8aavrw2mo2q0027","previousOperationId":"44zi22xs5qw3j22"}
{"type":"log","timestamp":1663949023086,"level":"debug","message":"Skipping storing report.","meta":{"rootId":"n76pz7e32bcuueu","id":"n76pz7e32bcuueu"},"id":"g8065nq7r8i8ffj","previousOperationId":"44zi22xs5qw3j22"}
{"type":"log","timestamp":1663949023087,"level":"info","message":"Rendering request 1 finished in 4743 ms","meta":{"rootId":"n76pz7e32bcuueu","id":"n76pz7e32bcuueu"},"id":"6fxaffxr8nmfvl7","previousOperationId":"44zi22xs5qw3j22"}
{"type":"operationEnd","subtype":"render","operationId":"3ddkotna37j7707","timestamp":1663949023087,"id":"3zef9lo53s8zpws","previousEventId":"kqtibw2cdyymwl7","previousOperationId":"44zi22xs5qw3j22"}
{"type":"operationEnd","doDiffs":false,"previousEventId":"3zdc01b2xe4e4kd","previousOperationId":"htsa1w39bx0msnc","operationId":"htsa1w39bx0msnc","timestamp":1663949023097,"id":"i6nx9o64eskpeu4"}
