{"type":"operationStart","subtype":"profile","data":{"_id":"7ECF3yn5lwHXfx6C","timestamp":"2023-03-13T20:58:56.842Z","state":"queued","mode":"standard","creationDate":"2023-03-13T20:58:56.846Z","modificationDate":"2023-03-13T20:58:56.846Z","shortid":"VX34Q24","$entitySet":"profiles"},"doDiffs":false,"timestamp":1678741136844,"id":"gbiteb5rc935anj","previousOperationId":null,"operationId":"c1qs3mx6juux1c1"}
{"type":"log","level":"info","message":"Render request 1 queued for execution and waiting for available worker","previousOperationId":"c1qs3mx6juux1c1","timestamp":1678741136845,"id":"tjctosvpqmks5ky"}
{"type":"operationStart","subtype":"render","name":"anonymous","previousOperationId":"c1qs3mx6juux1c1","timestamp":1678741136875,"id":"xxsno74ckhqalk2","previousEventId":"gbiteb5rc935anj","operationId":"4owj9pr1sdp92vc"}
{"type":"log","timestamp":1678741136878,"level":"info","message":"Starting rendering request 1 (user: null)","meta":{"rootId":"o3pn0bmn9h2hmok","id":"o3pn0bmn9h2hmok"},"id":"vc9ii16e842z8sr","previousOperationId":"4owj9pr1sdp92vc"}
{"type":"log","timestamp":1678741136880,"level":"info","message":"Rendering anonymous template { recipe: chrome-pdf, engine: handlebars }","meta":{"rootId":"o3pn0bmn9h2hmok","id":"o3pn0bmn9h2hmok"},"id":"0f53slq56t91vgu","previousOperationId":"4owj9pr1sdp92vc"}
{"type":"log","timestamp":1678741136881,"level":"debug","message":"Inline data specified.","meta":{"rootId":"o3pn0bmn9h2hmok","id":"o3pn0bmn9h2hmok"},"id":"x6erdzgn14m7c6c","previousOperationId":"4owj9pr1sdp92vc"}
{"type":"log","timestamp":1678741136895,"level":"debug","message":"Base url not specified, skipping its injection.","meta":{"rootId":"o3pn0bmn9h2hmok","id":"o3pn0bmn9h2hmok"},"id":"ww3jvgc7r6b2dja","previousOperationId":"4owj9pr1sdp92vc"}
{"type":"operationStart","subtype":"engine","name":"handlebars","timestamp":1678741136897,"id":"fmad98zqzpp4cdk","previousEventId":"xxsno74ckhqalk2","operationId":"kfai6dyzlrobk3h","previousOperationId":"4owj9pr1sdp92vc"}
{"type":"log","timestamp":1678741136897,"level":"debug","message":"Rendering engine handlebars","meta":{"rootId":"o3pn0bmn9h2hmok","id":"o3pn0bmn9h2hmok"},"id":"wj3jjjyo6usxqp0","previousOperationId":"kfai6dyzlrobk3h"}
{"type":"operationEnd","operationId":"kfai6dyzlrobk3h","timestamp":1678741138065,"id":"gkvocaskywwr4nl","previousEventId":"fmad98zqzpp4cdk","previousOperationId":"kfai6dyzlrobk3h"}
{"type":"operationStart","subtype":"recipe","name":"chrome-pdf","timestamp":1678741138066,"id":"7ghkado40i8jky3","previousEventId":"gkvocaskywwr4nl","operationId":"g0jhrt2hbrekmbu","previousOperationId":"kfai6dyzlrobk3h"}
{"type":"log","timestamp":1678741138066,"level":"debug","message":"Executing recipe chrome-pdf","meta":{"rootId":"o3pn0bmn9h2hmok","id":"o3pn0bmn9h2hmok"},"id":"4lfw8swlxlyhea5","previousOperationId":"g0jhrt2hbrekmbu"}
{"type":"log","timestamp":1678741138264,"level":"debug","message":"Starting child request to render pdf header","meta":{"rootId":"o3pn0bmn9h2hmok","id":"o3pn0bmn9h2hmok"},"id":"jws06hiknkr7tk5","previousOperationId":"g0jhrt2hbrekmbu"}
{"type":"operationStart","subtype":"render","name":"anonymous","previousOperationId":"g0jhrt2hbrekmbu","timestamp":1678741138265,"id":"amqlp9r8qedfgzm","previousEventId":"7ghkado40i8jky3","operationId":"upabtpnf4597xp7"}
{"type":"log","timestamp":1678741138265,"level":"info","message":"Starting rendering request 1 (user: null)","meta":{"rootId":"o3pn0bmn9h2hmok","id":"2vo3gide7qjia9a"},"id":"e8iofzjv8ii42lz","previousOperationId":"upabtpnf4597xp7"}
{"type":"log","timestamp":1678741138265,"level":"info","message":"Rendering anonymous template { recipe: html, engine: handlebars }","meta":{"rootId":"o3pn0bmn9h2hmok","id":"2vo3gide7qjia9a"},"id":"x7vrmvyspmhyl2u","previousOperationId":"upabtpnf4597xp7"}
{"type":"log","timestamp":1678741138268,"level":"debug","message":"Inline data specified.","meta":{"rootId":"o3pn0bmn9h2hmok","id":"2vo3gide7qjia9a"},"id":"vj1mph31cdf7bnl","previousOperationId":"upabtpnf4597xp7"}
{"type":"log","timestamp":1678741138269,"level":"debug","message":"Base url not specified, skipping its injection.","meta":{"rootId":"o3pn0bmn9h2hmok","id":"2vo3gide7qjia9a"},"id":"2olmbjute27mcgd","previousOperationId":"upabtpnf4597xp7"}
{"type":"log","timestamp":1678741138276,"level":"debug","message":"Replaced assets [\"./src/reporting/assets/logo.png\"]","meta":{"rootId":"o3pn0bmn9h2hmok","id":"2vo3gide7qjia9a"},"id":"i53pkkwfsopzsmp","previousOperationId":"upabtpnf4597xp7"}
{"type":"operationStart","subtype":"engine","name":"handlebars","timestamp":1678741138276,"id":"2viytzcv8n6zmmo","previousEventId":"amqlp9r8qedfgzm","operationId":"84eaoq6el160jcb","previousOperationId":"upabtpnf4597xp7"}
{"type":"log","timestamp":1678741138276,"level":"debug","message":"Rendering engine handlebars","meta":{"rootId":"o3pn0bmn9h2hmok","id":"2vo3gide7qjia9a"},"id":"vxqqxb6qf9beshm","previousOperationId":"84eaoq6el160jcb"}
{"type":"operationEnd","operationId":"84eaoq6el160jcb","timestamp":1678741138296,"id":"28b91sw483rb08a","previousEventId":"2viytzcv8n6zmmo","previousOperationId":"84eaoq6el160jcb"}
{"type":"operationStart","subtype":"recipe","name":"html","timestamp":1678741138296,"id":"f7wt9173mb0jwsv","previousEventId":"28b91sw483rb08a","operationId":"enhedvwbgo23iw4","previousOperationId":"84eaoq6el160jcb"}
{"type":"log","timestamp":1678741138296,"level":"debug","message":"Executing recipe html","meta":{"rootId":"o3pn0bmn9h2hmok","id":"2vo3gide7qjia9a"},"id":"udmigufs26g6drw","previousOperationId":"enhedvwbgo23iw4"}
{"type":"operationEnd","operationId":"enhedvwbgo23iw4","timestamp":1678741138296,"id":"mnu1jgs068ip13t","previousEventId":"f7wt9173mb0jwsv","previousOperationId":"enhedvwbgo23iw4"}
{"type":"log","timestamp":1678741138297,"level":"debug","message":"Skipping storing report.","meta":{"rootId":"o3pn0bmn9h2hmok","id":"2vo3gide7qjia9a"},"id":"rr3dc5q6mr0pmll","previousOperationId":"enhedvwbgo23iw4"}
{"type":"log","timestamp":1678741138297,"level":"info","message":"Rendering request 1 finished in 1459 ms","meta":{"rootId":"o3pn0bmn9h2hmok","id":"2vo3gide7qjia9a"},"id":"yzulau9y4jw9ncb","previousOperationId":"enhedvwbgo23iw4"}
{"type":"operationEnd","subtype":"render","operationId":"upabtpnf4597xp7","timestamp":1678741138297,"id":"68jh3zanulxpj6w","previousEventId":"mnu1jgs068ip13t","previousOperationId":"enhedvwbgo23iw4"}
{"type":"log","timestamp":1678741138297,"level":"debug","message":"Starting child request to render pdf footer","meta":{"rootId":"o3pn0bmn9h2hmok","id":"o3pn0bmn9h2hmok"},"id":"3bzi895rrpob6gs","previousOperationId":"g0jhrt2hbrekmbu"}
{"type":"operationStart","subtype":"render","name":"anonymous","previousOperationId":"g0jhrt2hbrekmbu","timestamp":1678741138298,"id":"aluu42bzy2l5bcz","previousEventId":"7ghkado40i8jky3","operationId":"m3wk9k0jmh5xmg1"}
{"type":"log","timestamp":1678741138298,"level":"info","message":"Starting rendering request 1 (user: null)","meta":{"rootId":"o3pn0bmn9h2hmok","id":"3rzwygapzskkjcf"},"id":"mbska2qhbi5du4p","previousOperationId":"m3wk9k0jmh5xmg1"}
{"type":"log","timestamp":1678741138298,"level":"info","message":"Rendering anonymous template { recipe: html, engine: handlebars }","meta":{"rootId":"o3pn0bmn9h2hmok","id":"3rzwygapzskkjcf"},"id":"1f4tklrctg6vux7","previousOperationId":"m3wk9k0jmh5xmg1"}
{"type":"log","timestamp":1678741138298,"level":"debug","message":"Inline data specified.","meta":{"rootId":"o3pn0bmn9h2hmok","id":"3rzwygapzskkjcf"},"id":"xyusmnmsedt8lrr","previousOperationId":"m3wk9k0jmh5xmg1"}
{"type":"log","timestamp":1678741138302,"level":"debug","message":"Base url not specified, skipping its injection.","meta":{"rootId":"o3pn0bmn9h2hmok","id":"3rzwygapzskkjcf"},"id":"l2s8s40ncwgz40g","previousOperationId":"m3wk9k0jmh5xmg1"}
{"type":"operationStart","subtype":"engine","name":"handlebars","timestamp":1678741138303,"id":"ruwrr1cgk83y7br","previousEventId":"aluu42bzy2l5bcz","operationId":"h421grbcbggk504","previousOperationId":"m3wk9k0jmh5xmg1"}
{"type":"log","timestamp":1678741138303,"level":"debug","message":"Rendering engine handlebars","meta":{"rootId":"o3pn0bmn9h2hmok","id":"3rzwygapzskkjcf"},"id":"lrygelt2uk794cn","previousOperationId":"h421grbcbggk504"}
{"type":"operationEnd","operationId":"h421grbcbggk504","timestamp":1678741138321,"id":"3yn6mz374xwab8z","previousEventId":"ruwrr1cgk83y7br","previousOperationId":"h421grbcbggk504"}
{"type":"operationStart","subtype":"recipe","name":"html","timestamp":1678741138322,"id":"dg7bvxzcmg1mu4x","previousEventId":"3yn6mz374xwab8z","operationId":"1lux40hdw93q5r1","previousOperationId":"h421grbcbggk504"}
{"type":"log","timestamp":1678741138322,"level":"debug","message":"Executing recipe html","meta":{"rootId":"o3pn0bmn9h2hmok","id":"3rzwygapzskkjcf"},"id":"4qmthkr20wcdp00","previousOperationId":"1lux40hdw93q5r1"}
{"type":"operationEnd","operationId":"1lux40hdw93q5r1","timestamp":1678741138322,"id":"v6g67psycxgwkoe","previousEventId":"dg7bvxzcmg1mu4x","previousOperationId":"1lux40hdw93q5r1"}
{"type":"log","timestamp":1678741138322,"level":"debug","message":"Skipping storing report.","meta":{"rootId":"o3pn0bmn9h2hmok","id":"3rzwygapzskkjcf"},"id":"e9kz5ikwu9ub5yn","previousOperationId":"1lux40hdw93q5r1"}
{"type":"log","timestamp":1678741138322,"level":"info","message":"Rendering request 1 finished in 1484 ms","meta":{"rootId":"o3pn0bmn9h2hmok","id":"3rzwygapzskkjcf"},"id":"w27khhgr0qx4wv3","previousOperationId":"1lux40hdw93q5r1"}
{"type":"operationEnd","subtype":"render","operationId":"m3wk9k0jmh5xmg1","timestamp":1678741138322,"id":"vxtix4rxzcyz4qq","previousEventId":"v6g67psycxgwkoe","previousOperationId":"1lux40hdw93q5r1"}
{"type":"log","timestamp":1678741139086,"level":"debug","message":"Converting with chrome HeadlessChrome/98.0.4758.0 using chrome-pool strategy","meta":{"rootId":"o3pn0bmn9h2hmok","id":"o3pn0bmn9h2hmok"},"id":"nxs77lbbyv1o82i","previousOperationId":"g0jhrt2hbrekmbu"}
{"type":"log","timestamp":1678741139498,"level":"debug","message":"Page request: GET (document) file:///C:/Users/ADMINI~1/AppData/Local/Temp/jsreport/autocleanup/b7a53ea8-4eaf-4287-8e9c-d8927f807d8e-chrome-pdf.html","meta":{"rootId":"o3pn0bmn9h2hmok","id":"o3pn0bmn9h2hmok"},"id":"ywqb2xiqfqssdeq","previousOperationId":"g0jhrt2hbrekmbu"}
{"type":"log","timestamp":1678741139536,"level":"debug","message":"Page request finished: GET (document) file:///C:/Users/ADMINI~1/AppData/Local/Temp/jsreport/autocleanup/b7a53ea8-4eaf-4287-8e9c-d8927f807d8e-chrome-pdf.html","meta":{"rootId":"o3pn0bmn9h2hmok","id":"o3pn0bmn9h2hmok"},"id":"9vdnnpzyhvvyu6f","previousOperationId":"g0jhrt2hbrekmbu"}
{"type":"log","timestamp":1678741139541,"level":"debug","message":"Page request: GET (stylesheet) https://fonts.googleapis.com/css2?family=Montserrat:wght@500&family=Open+Sans:wght@300&display=swap","meta":{"rootId":"o3pn0bmn9h2hmok","id":"o3pn0bmn9h2hmok"},"id":"6gkzitdtwkr90rg","previousOperationId":"g0jhrt2hbrekmbu"}
{"type":"log","timestamp":1678741139856,"level":"debug","message":"Page request finished: GET (stylesheet) 200 https://fonts.googleapis.com/css2?family=Montserrat:wght@500&family=Open+Sans:wght@300&display=swap","meta":{"rootId":"o3pn0bmn9h2hmok","id":"o3pn0bmn9h2hmok"},"id":"k711i0azj5cuaso","previousOperationId":"g0jhrt2hbrekmbu"}
{"type":"log","timestamp":1678741139929,"level":"debug","message":"Page request: GET (font) https://fonts.gstatic.com/s/opensans/v34/memSYaGs126MiZpBA-UvWbX2vVnXBbObj2OVZyOOSr4dVJWUgsiH0B4gaVI.woff2","meta":{"rootId":"o3pn0bmn9h2hmok","id":"o3pn0bmn9h2hmok"},"id":"av04l4fmmdfllnu","previousOperationId":"g0jhrt2hbrekmbu"}
{"type":"log","timestamp":1678741139936,"level":"debug","message":"Page request: GET (font) https://fonts.gstatic.com/s/opensans/v34/memSYaGs126MiZpBA-UvWbX2vVnXBbObj2OVZyOOSr4dVJWUgsiH0B4gaVI.woff2","meta":{"rootId":"o3pn0bmn9h2hmok","id":"o3pn0bmn9h2hmok"},"id":"9cz5sn1jwftmvp1","previousOperationId":"g0jhrt2hbrekmbu"}
{"type":"log","timestamp":1678741140120,"level":"debug","message":"Page request finished: GET (font) 200 https://fonts.gstatic.com/s/opensans/v34/memSYaGs126MiZpBA-UvWbX2vVnXBbObj2OVZyOOSr4dVJWUgsiH0B4gaVI.woff2","meta":{"rootId":"o3pn0bmn9h2hmok","id":"o3pn0bmn9h2hmok"},"id":"tkpudc78q7gmbh1","previousOperationId":"g0jhrt2hbrekmbu"}
{"type":"log","timestamp":1678741140153,"level":"debug","message":"Running chrome with params {\"scale\":1,\"displayHeaderFooter\":true,\"headerTemplate\":\"...\",\"footerTemplate\":\"...\",\"printBackground\":true,\"pageRanges\":\"\",\"format\":\"A4\",\"width\":\"\",\"height\":\"\",\"marginTop\":\"350px\",\"marginRight\":\"20px\",\"marginBottom\":\"80px\",\"marginLeft\":\"20px\",\"waitForJS\":false,\"waitForNetworkIddle\":false,\"timeout\":58516,\"waitForNetworkIdle\":false,\"margin\":{\"top\":\"350px\",\"right\":\"20px\",\"bottom\":\"80px\",\"left\":\"20px\"}}","meta":{"rootId":"o3pn0bmn9h2hmok","id":"o3pn0bmn9h2hmok"},"id":"87y81yzcet5mjko","previousOperationId":"g0jhrt2hbrekmbu"}
{"type":"operationEnd","operationId":"g0jhrt2hbrekmbu","timestamp":1678741140417,"id":"w94a9base6trfjs","previousEventId":"7ghkado40i8jky3","previousOperationId":"g0jhrt2hbrekmbu"}
{"type":"log","timestamp":1678741140418,"level":"debug","message":"Skipping storing report.","meta":{"rootId":"o3pn0bmn9h2hmok","id":"o3pn0bmn9h2hmok"},"id":"7cnyv6bz56f92z3","previousOperationId":"g0jhrt2hbrekmbu"}
{"type":"log","timestamp":1678741140418,"level":"info","message":"Rendering request 1 finished in 3580 ms","meta":{"rootId":"o3pn0bmn9h2hmok","id":"o3pn0bmn9h2hmok"},"id":"rikair4jtfogkkw","previousOperationId":"g0jhrt2hbrekmbu"}
{"type":"operationEnd","subtype":"render","operationId":"4owj9pr1sdp92vc","timestamp":1678741140418,"id":"q53vzr8i8ev16zc","previousEventId":"w94a9base6trfjs","previousOperationId":"g0jhrt2hbrekmbu"}
{"type":"operationEnd","doDiffs":false,"previousEventId":"gbiteb5rc935anj","previousOperationId":"c1qs3mx6juux1c1","operationId":"c1qs3mx6juux1c1","timestamp":1678741140422,"id":"kp0a98vy1ao8m81"}
