{"type":"operationStart","subtype":"profile","data":{"_id":"BBR2LEbHDNTjalzE","timestamp":"2023-04-10T16:26:34.632Z","state":"queued","mode":"standard","creationDate":"2023-04-10T16:26:34.640Z","modificationDate":"2023-04-10T16:26:34.640Z","shortid":"D7uPQC1","$entitySet":"profiles"},"doDiffs":false,"timestamp":1681143994634,"id":"yccsopz5deu27jp","previousOperationId":null,"operationId":"bdu6agw2xjwch9a"}
{"type":"log","level":"info","message":"Render request 1 queued for execution and waiting for available worker","previousOperationId":"bdu6agw2xjwch9a","timestamp":1681143994634,"id":"rz67nin7mdxt8ka"}
{"type":"operationStart","subtype":"render","name":"anonymous","previousOperationId":"bdu6agw2xjwch9a","timestamp":1681143994667,"id":"1utnjmaufgxe94h","previousEventId":"yccsopz5deu27jp","operationId":"b09s8dr9atv9bkv"}
{"type":"log","timestamp":1681143994672,"level":"info","message":"Starting rendering request 1 (user: null)","meta":{"rootId":"o9by9hwdr43n1i0","id":"o9by9hwdr43n1i0"},"id":"wv18hx13x1go38t","previousOperationId":"b09s8dr9atv9bkv"}
{"type":"log","timestamp":1681143994677,"level":"info","message":"Rendering anonymous template { recipe: chrome-pdf, engine: handlebars }","meta":{"rootId":"o9by9hwdr43n1i0","id":"o9by9hwdr43n1i0"},"id":"qd2yjoqa4mr5cui","previousOperationId":"b09s8dr9atv9bkv"}
{"type":"log","timestamp":1681143994678,"level":"debug","message":"Inline data specified.","meta":{"rootId":"o9by9hwdr43n1i0","id":"o9by9hwdr43n1i0"},"id":"jjo0o8bw3n9eqyz","previousOperationId":"b09s8dr9atv9bkv"}
{"type":"log","timestamp":1681143994690,"level":"debug","message":"Base url not specified, skipping its injection.","meta":{"rootId":"o9by9hwdr43n1i0","id":"o9by9hwdr43n1i0"},"id":"6asfftwluivht7c","previousOperationId":"b09s8dr9atv9bkv"}
{"type":"operationStart","subtype":"engine","name":"handlebars","timestamp":1681143994695,"id":"o949dn6j398us31","previousEventId":"1utnjmaufgxe94h","operationId":"r22z8evt9ovjk5v","previousOperationId":"b09s8dr9atv9bkv"}
{"type":"log","timestamp":1681143994695,"level":"debug","message":"Rendering engine handlebars","meta":{"rootId":"o9by9hwdr43n1i0","id":"o9by9hwdr43n1i0"},"id":"5jjg2kyuz6h2mov","previousOperationId":"r22z8evt9ovjk5v"}
{"type":"operationEnd","operationId":"r22z8evt9ovjk5v","timestamp":1681143995896,"id":"febvjahox7m7uac","previousEventId":"o949dn6j398us31","previousOperationId":"r22z8evt9ovjk5v"}
{"type":"operationStart","subtype":"recipe","name":"chrome-pdf","timestamp":1681143995897,"id":"xr5z4x5fjjtiy95","previousEventId":"febvjahox7m7uac","operationId":"j9l42mw2qxofpxr","previousOperationId":"r22z8evt9ovjk5v"}
{"type":"log","timestamp":1681143995897,"level":"debug","message":"Executing recipe chrome-pdf","meta":{"rootId":"o9by9hwdr43n1i0","id":"o9by9hwdr43n1i0"},"id":"xh5ab699xaczjgw","previousOperationId":"j9l42mw2qxofpxr"}
{"type":"log","timestamp":1681143996095,"level":"debug","message":"Starting child request to render pdf header","meta":{"rootId":"o9by9hwdr43n1i0","id":"o9by9hwdr43n1i0"},"id":"y16lgr97jwj2ptm","previousOperationId":"j9l42mw2qxofpxr"}
{"type":"operationStart","subtype":"render","name":"anonymous","previousOperationId":"j9l42mw2qxofpxr","timestamp":1681143996096,"id":"zwglovw38jl5dby","previousEventId":"xr5z4x5fjjtiy95","operationId":"ugw9v882qopsutd"}
{"type":"log","timestamp":1681143996096,"level":"info","message":"Starting rendering request 1 (user: null)","meta":{"rootId":"o9by9hwdr43n1i0","id":"gdjsi85s8muen81"},"id":"cpvdbk7fc792gbw","previousOperationId":"ugw9v882qopsutd"}
{"type":"log","timestamp":1681143996097,"level":"info","message":"Rendering anonymous template { recipe: html, engine: handlebars }","meta":{"rootId":"o9by9hwdr43n1i0","id":"gdjsi85s8muen81"},"id":"au70kbn8rzf0b7u","previousOperationId":"ugw9v882qopsutd"}
{"type":"log","timestamp":1681143996097,"level":"debug","message":"Inline data specified.","meta":{"rootId":"o9by9hwdr43n1i0","id":"gdjsi85s8muen81"},"id":"6gu5i0v6is2ldvy","previousOperationId":"ugw9v882qopsutd"}
{"type":"log","timestamp":1681143996100,"level":"debug","message":"Base url not specified, skipping its injection.","meta":{"rootId":"o9by9hwdr43n1i0","id":"gdjsi85s8muen81"},"id":"09plz9yu3p5sig7","previousOperationId":"ugw9v882qopsutd"}
{"type":"log","timestamp":1681143996111,"level":"debug","message":"Replaced assets [\"./src/reporting/assets/logo.png\"]","meta":{"rootId":"o9by9hwdr43n1i0","id":"gdjsi85s8muen81"},"id":"y4oeb5693igl7h0","previousOperationId":"ugw9v882qopsutd"}
{"type":"operationStart","subtype":"engine","name":"handlebars","timestamp":1681143996112,"id":"yn0cp9s5n5qw1gb","previousEventId":"zwglovw38jl5dby","operationId":"8qr75g4303c5j1c","previousOperationId":"ugw9v882qopsutd"}
{"type":"log","timestamp":1681143996112,"level":"debug","message":"Rendering engine handlebars","meta":{"rootId":"o9by9hwdr43n1i0","id":"gdjsi85s8muen81"},"id":"3t9nhy10qnk67bh","previousOperationId":"8qr75g4303c5j1c"}
{"type":"operationEnd","operationId":"8qr75g4303c5j1c","timestamp":1681143996142,"id":"hbrkab0ioi7kjvw","previousEventId":"yn0cp9s5n5qw1gb","previousOperationId":"8qr75g4303c5j1c"}
{"type":"operationStart","subtype":"recipe","name":"html","timestamp":1681143996142,"id":"44weheoixtoh8j5","previousEventId":"hbrkab0ioi7kjvw","operationId":"y630xtvqteutwuw","previousOperationId":"8qr75g4303c5j1c"}
{"type":"log","timestamp":1681143996142,"level":"debug","message":"Executing recipe html","meta":{"rootId":"o9by9hwdr43n1i0","id":"gdjsi85s8muen81"},"id":"w7o46qr1bj4lanu","previousOperationId":"y630xtvqteutwuw"}
{"type":"operationEnd","operationId":"y630xtvqteutwuw","timestamp":1681143996143,"id":"riu598nx05yt036","previousEventId":"44weheoixtoh8j5","previousOperationId":"y630xtvqteutwuw"}
{"type":"log","timestamp":1681143996143,"level":"debug","message":"Skipping storing report.","meta":{"rootId":"o9by9hwdr43n1i0","id":"gdjsi85s8muen81"},"id":"s9e2seup3jx2yj7","previousOperationId":"y630xtvqteutwuw"}
{"type":"log","timestamp":1681143996144,"level":"info","message":"Rendering request 1 finished in 1513 ms","meta":{"rootId":"o9by9hwdr43n1i0","id":"gdjsi85s8muen81"},"id":"vr8e8t8c8a0cv6c","previousOperationId":"y630xtvqteutwuw"}
{"type":"operationEnd","subtype":"render","operationId":"ugw9v882qopsutd","timestamp":1681143996144,"id":"om35fd0qmb6gtqf","previousEventId":"riu598nx05yt036","previousOperationId":"y630xtvqteutwuw"}
{"type":"log","timestamp":1681143996144,"level":"debug","message":"Starting child request to render pdf footer","meta":{"rootId":"o9by9hwdr43n1i0","id":"o9by9hwdr43n1i0"},"id":"egbxwlvewjym7p0","previousOperationId":"j9l42mw2qxofpxr"}
{"type":"operationStart","subtype":"render","name":"anonymous","previousOperationId":"j9l42mw2qxofpxr","timestamp":1681143996144,"id":"gkwxohxwaya0js7","previousEventId":"xr5z4x5fjjtiy95","operationId":"79bggo154q3i95f"}
{"type":"log","timestamp":1681143996144,"level":"info","message":"Starting rendering request 1 (user: null)","meta":{"rootId":"o9by9hwdr43n1i0","id":"uf110yrz5nlhsfw"},"id":"x6ndk20fh4jr9un","previousOperationId":"79bggo154q3i95f"}
{"type":"log","timestamp":1681143996144,"level":"info","message":"Rendering anonymous template { recipe: html, engine: handlebars }","meta":{"rootId":"o9by9hwdr43n1i0","id":"uf110yrz5nlhsfw"},"id":"hgdwluxkn6fpu7y","previousOperationId":"79bggo154q3i95f"}
{"type":"log","timestamp":1681143996144,"level":"debug","message":"Inline data specified.","meta":{"rootId":"o9by9hwdr43n1i0","id":"uf110yrz5nlhsfw"},"id":"6rn8b3lyncepk1y","previousOperationId":"79bggo154q3i95f"}
{"type":"log","timestamp":1681143996146,"level":"debug","message":"Base url not specified, skipping its injection.","meta":{"rootId":"o9by9hwdr43n1i0","id":"uf110yrz5nlhsfw"},"id":"05lgyh1jcx7r790","previousOperationId":"79bggo154q3i95f"}
{"type":"operationStart","subtype":"engine","name":"handlebars","timestamp":1681143996147,"id":"ztz4dreijwlwbzw","previousEventId":"gkwxohxwaya0js7","operationId":"dc9ljg6pai1do4s","previousOperationId":"79bggo154q3i95f"}
{"type":"log","timestamp":1681143996147,"level":"debug","message":"Rendering engine handlebars","meta":{"rootId":"o9by9hwdr43n1i0","id":"uf110yrz5nlhsfw"},"id":"klu6kkkrp5g7g9i","previousOperationId":"dc9ljg6pai1do4s"}
{"type":"operationEnd","operationId":"dc9ljg6pai1do4s","timestamp":1681143996174,"id":"z32jdm0ll9sax4f","previousEventId":"ztz4dreijwlwbzw","previousOperationId":"dc9ljg6pai1do4s"}
{"type":"operationStart","subtype":"recipe","name":"html","timestamp":1681143996174,"id":"1lybf8rctkn94yp","previousEventId":"z32jdm0ll9sax4f","operationId":"uqreyrz9e784uv1","previousOperationId":"dc9ljg6pai1do4s"}
{"type":"log","timestamp":1681143996174,"level":"debug","message":"Executing recipe html","meta":{"rootId":"o9by9hwdr43n1i0","id":"uf110yrz5nlhsfw"},"id":"4ek3ax07wpviemh","previousOperationId":"uqreyrz9e784uv1"}
{"type":"operationEnd","operationId":"uqreyrz9e784uv1","timestamp":1681143996175,"id":"ro23m62q319s5kl","previousEventId":"1lybf8rctkn94yp","previousOperationId":"uqreyrz9e784uv1"}
{"type":"log","timestamp":1681143996175,"level":"debug","message":"Skipping storing report.","meta":{"rootId":"o9by9hwdr43n1i0","id":"uf110yrz5nlhsfw"},"id":"a7m630089aa2ek7","previousOperationId":"uqreyrz9e784uv1"}
{"type":"log","timestamp":1681143996175,"level":"info","message":"Rendering request 1 finished in 1544 ms","meta":{"rootId":"o9by9hwdr43n1i0","id":"uf110yrz5nlhsfw"},"id":"ugofq91e9xw9pra","previousOperationId":"uqreyrz9e784uv1"}
{"type":"operationEnd","subtype":"render","operationId":"79bggo154q3i95f","timestamp":1681143996175,"id":"7n323xmpnjsmcb1","previousEventId":"ro23m62q319s5kl","previousOperationId":"uqreyrz9e784uv1"}
{"type":"log","timestamp":1681143997628,"level":"debug","message":"Converting with chrome HeadlessChrome/98.0.4758.0 using chrome-pool strategy","meta":{"rootId":"o9by9hwdr43n1i0","id":"o9by9hwdr43n1i0"},"id":"czh3z5pa8lqf5cg","previousOperationId":"j9l42mw2qxofpxr"}
{"type":"log","timestamp":1681143997957,"level":"debug","message":"Page request: GET (document) file:///C:/Users/ADMINI~1/AppData/Local/Temp/jsreport/autocleanup/a233576f-4de6-44fc-8d76-a47d9f20da8d-chrome-pdf.html","meta":{"rootId":"o9by9hwdr43n1i0","id":"o9by9hwdr43n1i0"},"id":"phqa2obxorjow9z","previousOperationId":"j9l42mw2qxofpxr"}
{"type":"log","timestamp":1681143997980,"level":"debug","message":"Page request finished: GET (document) file:///C:/Users/ADMINI~1/AppData/Local/Temp/jsreport/autocleanup/a233576f-4de6-44fc-8d76-a47d9f20da8d-chrome-pdf.html","meta":{"rootId":"o9by9hwdr43n1i0","id":"o9by9hwdr43n1i0"},"id":"gsye20gqjy7y9u0","previousOperationId":"j9l42mw2qxofpxr"}
{"type":"log","timestamp":1681143997988,"level":"debug","message":"Page request: GET (stylesheet) https://fonts.googleapis.com/css2?family=Montserrat:wght@500&family=Open+Sans:wght@300&display=swap","meta":{"rootId":"o9by9hwdr43n1i0","id":"o9by9hwdr43n1i0"},"id":"prxtrbehlysott0","previousOperationId":"j9l42mw2qxofpxr"}
{"type":"log","timestamp":1681143998313,"level":"debug","message":"Page request finished: GET (stylesheet) 200 https://fonts.googleapis.com/css2?family=Montserrat:wght@500&family=Open+Sans:wght@300&display=swap","meta":{"rootId":"o9by9hwdr43n1i0","id":"o9by9hwdr43n1i0"},"id":"9mvmq3wk4nh4988","previousOperationId":"j9l42mw2qxofpxr"}
{"type":"log","timestamp":1681143998399,"level":"debug","message":"Page request: GET (font) https://fonts.gstatic.com/s/opensans/v34/memSYaGs126MiZpBA-UvWbX2vVnXBbObj2OVZyOOSr4dVJWUgsiH0B4gaVI.woff2","meta":{"rootId":"o9by9hwdr43n1i0","id":"o9by9hwdr43n1i0"},"id":"pz8bum69qh38k4v","previousOperationId":"j9l42mw2qxofpxr"}
{"type":"log","timestamp":1681143998406,"level":"debug","message":"Page request: GET (font) https://fonts.gstatic.com/s/opensans/v34/memSYaGs126MiZpBA-UvWbX2vVnXBbObj2OVZyOOSr4dVJWUgsiH0B4gaVI.woff2","meta":{"rootId":"o9by9hwdr43n1i0","id":"o9by9hwdr43n1i0"},"id":"iz1dtm1l0i3xs0o","previousOperationId":"j9l42mw2qxofpxr"}
{"type":"log","timestamp":1681143998659,"level":"debug","message":"Page request finished: GET (font) 200 https://fonts.gstatic.com/s/opensans/v34/memSYaGs126MiZpBA-UvWbX2vVnXBbObj2OVZyOOSr4dVJWUgsiH0B4gaVI.woff2","meta":{"rootId":"o9by9hwdr43n1i0","id":"o9by9hwdr43n1i0"},"id":"kg6smkoxvasd0ei","previousOperationId":"j9l42mw2qxofpxr"}
{"type":"log","timestamp":1681143998715,"level":"debug","message":"Running chrome with params {\"scale\":1,\"displayHeaderFooter\":true,\"headerTemplate\":\"...\",\"footerTemplate\":\"...\",\"printBackground\":true,\"pageRanges\":\"\",\"format\":\"A4\",\"width\":\"\",\"height\":\"\",\"marginTop\":\"350px\",\"marginRight\":\"20px\",\"marginBottom\":\"80px\",\"marginLeft\":\"20px\",\"waitForJS\":false,\"waitForNetworkIddle\":false,\"timeout\":58456,\"waitForNetworkIdle\":false,\"margin\":{\"top\":\"350px\",\"right\":\"20px\",\"bottom\":\"80px\",\"left\":\"20px\"}}","meta":{"rootId":"o9by9hwdr43n1i0","id":"o9by9hwdr43n1i0"},"id":"r664v58lqlkm3ae","previousOperationId":"j9l42mw2qxofpxr"}
{"type":"operationEnd","operationId":"j9l42mw2qxofpxr","timestamp":1681144000077,"id":"c3sx09b9skkzoxz","previousEventId":"xr5z4x5fjjtiy95","previousOperationId":"j9l42mw2qxofpxr"}
{"type":"log","timestamp":1681144000077,"level":"debug","message":"Skipping storing report.","meta":{"rootId":"o9by9hwdr43n1i0","id":"o9by9hwdr43n1i0"},"id":"si3oiz6d0ll39li","previousOperationId":"j9l42mw2qxofpxr"}
{"type":"log","timestamp":1681144000077,"level":"info","message":"Rendering request 1 finished in 5446 ms","meta":{"rootId":"o9by9hwdr43n1i0","id":"o9by9hwdr43n1i0"},"id":"e9vn6e3k7p74gey","previousOperationId":"j9l42mw2qxofpxr"}
{"type":"operationEnd","subtype":"render","operationId":"b09s8dr9atv9bkv","timestamp":1681144000077,"id":"fk79q8073v6nf0j","previousEventId":"c3sx09b9skkzoxz","previousOperationId":"j9l42mw2qxofpxr"}
{"type":"operationEnd","doDiffs":false,"previousEventId":"yccsopz5deu27jp","previousOperationId":"bdu6agw2xjwch9a","operationId":"bdu6agw2xjwch9a","timestamp":1681144000085,"id":"a1m4fov832zqudp"}
