{"type":"operationStart","subtype":"profile","data":{"_id":"Jmsd1DJbGXJJgW4x","timestamp":"2023-03-28T15:29:35.618Z","state":"queued","mode":"standard","creationDate":"2023-03-28T15:29:35.624Z","modificationDate":"2023-03-28T15:29:35.624Z","shortid":"jxzcVwR","$entitySet":"profiles"},"doDiffs":false,"timestamp":1680017375622,"id":"98txnvukls3rg3z","previousOperationId":null,"operationId":"vuyb3rvtwz3an06"}
{"type":"log","level":"info","message":"Render request 1 queued for execution and waiting for available worker","previousOperationId":"vuyb3rvtwz3an06","timestamp":1680017375622,"id":"urglha41waukvt4"}
{"type":"operationStart","subtype":"render","name":"anonymous","previousOperationId":"vuyb3rvtwz3an06","timestamp":1680017375673,"id":"8f7dqlko2vy4cyk","previousEventId":"98txnvukls3rg3z","operationId":"xtahizpa0dn3xfy"}
{"type":"log","timestamp":1680017375674,"level":"info","message":"Starting rendering request 1 (user: null)","meta":{"rootId":"obb2vi3yvhs4u1t","id":"obb2vi3yvhs4u1t"},"id":"nb8ex0qz06v37vr","previousOperationId":"xtahizpa0dn3xfy"}
{"type":"log","timestamp":1680017375682,"level":"info","message":"Rendering anonymous template { recipe: chrome-pdf, engine: handlebars }","meta":{"rootId":"obb2vi3yvhs4u1t","id":"obb2vi3yvhs4u1t"},"id":"ecj4rgm3e1de01e","previousOperationId":"xtahizpa0dn3xfy"}
{"type":"log","timestamp":1680017375683,"level":"debug","message":"Inline data specified.","meta":{"rootId":"obb2vi3yvhs4u1t","id":"obb2vi3yvhs4u1t"},"id":"vpgojgvre7xlyai","previousOperationId":"xtahizpa0dn3xfy"}
{"type":"log","timestamp":1680017375728,"level":"debug","message":"Base url not specified, skipping its injection.","meta":{"rootId":"obb2vi3yvhs4u1t","id":"obb2vi3yvhs4u1t"},"id":"ocjy8uaaqk81nyo","previousOperationId":"xtahizpa0dn3xfy"}
{"type":"operationStart","subtype":"engine","name":"handlebars","timestamp":1680017375730,"id":"e7r53rs7fxs1lbb","previousEventId":"8f7dqlko2vy4cyk","operationId":"wy6o8tjh327cpm1","previousOperationId":"xtahizpa0dn3xfy"}
{"type":"log","timestamp":1680017375730,"level":"debug","message":"Rendering engine handlebars","meta":{"rootId":"obb2vi3yvhs4u1t","id":"obb2vi3yvhs4u1t"},"id":"n13v9n189xgav0m","previousOperationId":"wy6o8tjh327cpm1"}
{"type":"operationEnd","operationId":"wy6o8tjh327cpm1","timestamp":1680017376909,"id":"kaioomxwangrc0x","previousEventId":"e7r53rs7fxs1lbb","previousOperationId":"wy6o8tjh327cpm1"}
{"type":"operationStart","subtype":"recipe","name":"chrome-pdf","timestamp":1680017376909,"id":"a10lgo5zderzm9w","previousEventId":"kaioomxwangrc0x","operationId":"p79m0ndpneij1ct","previousOperationId":"wy6o8tjh327cpm1"}
{"type":"log","timestamp":1680017376909,"level":"debug","message":"Executing recipe chrome-pdf","meta":{"rootId":"obb2vi3yvhs4u1t","id":"obb2vi3yvhs4u1t"},"id":"04wsq5z11mcuhpf","previousOperationId":"p79m0ndpneij1ct"}
{"type":"log","timestamp":1680017377124,"level":"debug","message":"Starting child request to render pdf header","meta":{"rootId":"obb2vi3yvhs4u1t","id":"obb2vi3yvhs4u1t"},"id":"d3npa36cpfuj2p1","previousOperationId":"p79m0ndpneij1ct"}
{"type":"operationStart","subtype":"render","name":"anonymous","previousOperationId":"p79m0ndpneij1ct","timestamp":1680017377124,"id":"q288ue1qp47stt6","previousEventId":"a10lgo5zderzm9w","operationId":"vrioefxgd0i8f0n"}
{"type":"log","timestamp":1680017377125,"level":"info","message":"Starting rendering request 1 (user: null)","meta":{"rootId":"obb2vi3yvhs4u1t","id":"lxxspbs2c8nir1u"},"id":"v1wb4vgw0b5dtv2","previousOperationId":"vrioefxgd0i8f0n"}
{"type":"log","timestamp":1680017377126,"level":"info","message":"Rendering anonymous template { recipe: html, engine: handlebars }","meta":{"rootId":"obb2vi3yvhs4u1t","id":"lxxspbs2c8nir1u"},"id":"7og08hkgf9w9z29","previousOperationId":"vrioefxgd0i8f0n"}
{"type":"log","timestamp":1680017377126,"level":"debug","message":"Inline data specified.","meta":{"rootId":"obb2vi3yvhs4u1t","id":"lxxspbs2c8nir1u"},"id":"tn77039drsgwwyt","previousOperationId":"vrioefxgd0i8f0n"}
{"type":"log","timestamp":1680017377129,"level":"debug","message":"Base url not specified, skipping its injection.","meta":{"rootId":"obb2vi3yvhs4u1t","id":"lxxspbs2c8nir1u"},"id":"axy70tz9m51td46","previousOperationId":"vrioefxgd0i8f0n"}
{"type":"log","timestamp":1680017377144,"level":"debug","message":"Replaced assets [\"./src/reporting/assets/logo.png\"]","meta":{"rootId":"obb2vi3yvhs4u1t","id":"lxxspbs2c8nir1u"},"id":"ccjq70iv8bzdrmm","previousOperationId":"vrioefxgd0i8f0n"}
{"type":"operationStart","subtype":"engine","name":"handlebars","timestamp":1680017377144,"id":"39aygh5wi0k7oia","previousEventId":"q288ue1qp47stt6","operationId":"kb6hsihbvrh2yi1","previousOperationId":"vrioefxgd0i8f0n"}
{"type":"log","timestamp":1680017377144,"level":"debug","message":"Rendering engine handlebars","meta":{"rootId":"obb2vi3yvhs4u1t","id":"lxxspbs2c8nir1u"},"id":"7jmacg6f8vwxkoy","previousOperationId":"kb6hsihbvrh2yi1"}
{"type":"operationEnd","operationId":"kb6hsihbvrh2yi1","timestamp":1680017377177,"id":"9oseti6uopiknhj","previousEventId":"39aygh5wi0k7oia","previousOperationId":"kb6hsihbvrh2yi1"}
{"type":"operationStart","subtype":"recipe","name":"html","timestamp":1680017377177,"id":"lsb0s2rydnr7ppx","previousEventId":"9oseti6uopiknhj","operationId":"wybkf7buhp11zys","previousOperationId":"kb6hsihbvrh2yi1"}
{"type":"log","timestamp":1680017377177,"level":"debug","message":"Executing recipe html","meta":{"rootId":"obb2vi3yvhs4u1t","id":"lxxspbs2c8nir1u"},"id":"qha25x0j3svq2wz","previousOperationId":"wybkf7buhp11zys"}
{"type":"operationEnd","operationId":"wybkf7buhp11zys","timestamp":1680017377177,"id":"2608bs50gg7m9ue","previousEventId":"lsb0s2rydnr7ppx","previousOperationId":"wybkf7buhp11zys"}
{"type":"log","timestamp":1680017377178,"level":"debug","message":"Skipping storing report.","meta":{"rootId":"obb2vi3yvhs4u1t","id":"lxxspbs2c8nir1u"},"id":"y2yln3y3d14sq87","previousOperationId":"wybkf7buhp11zys"}
{"type":"log","timestamp":1680017377179,"level":"info","message":"Rendering request 1 finished in 1563 ms","meta":{"rootId":"obb2vi3yvhs4u1t","id":"lxxspbs2c8nir1u"},"id":"dtscri1ldzr7ox8","previousOperationId":"wybkf7buhp11zys"}
{"type":"operationEnd","subtype":"render","operationId":"vrioefxgd0i8f0n","timestamp":1680017377179,"id":"bqforfeqez0926j","previousEventId":"2608bs50gg7m9ue","previousOperationId":"wybkf7buhp11zys"}
{"type":"log","timestamp":1680017377179,"level":"debug","message":"Starting child request to render pdf footer","meta":{"rootId":"obb2vi3yvhs4u1t","id":"obb2vi3yvhs4u1t"},"id":"ahg7h9qfpnevdr4","previousOperationId":"p79m0ndpneij1ct"}
{"type":"operationStart","subtype":"render","name":"anonymous","previousOperationId":"p79m0ndpneij1ct","timestamp":1680017377179,"id":"2ryk56jp4uu7pej","previousEventId":"a10lgo5zderzm9w","operationId":"a7vcbyd2s5kvl0j"}
{"type":"log","timestamp":1680017377179,"level":"info","message":"Starting rendering request 1 (user: null)","meta":{"rootId":"obb2vi3yvhs4u1t","id":"07z2rssgvupc0gt"},"id":"cij29tkjf7yrhj7","previousOperationId":"a7vcbyd2s5kvl0j"}
{"type":"log","timestamp":1680017377179,"level":"info","message":"Rendering anonymous template { recipe: html, engine: handlebars }","meta":{"rootId":"obb2vi3yvhs4u1t","id":"07z2rssgvupc0gt"},"id":"9uxzy91pnbxkzwk","previousOperationId":"a7vcbyd2s5kvl0j"}
{"type":"log","timestamp":1680017377179,"level":"debug","message":"Inline data specified.","meta":{"rootId":"obb2vi3yvhs4u1t","id":"07z2rssgvupc0gt"},"id":"lmybiap312pmaon","previousOperationId":"a7vcbyd2s5kvl0j"}
{"type":"log","timestamp":1680017377181,"level":"debug","message":"Base url not specified, skipping its injection.","meta":{"rootId":"obb2vi3yvhs4u1t","id":"07z2rssgvupc0gt"},"id":"1sjngnxye30qx4s","previousOperationId":"a7vcbyd2s5kvl0j"}
{"type":"operationStart","subtype":"engine","name":"handlebars","timestamp":1680017377182,"id":"od2j7738ga8ps59","previousEventId":"2ryk56jp4uu7pej","operationId":"f6v6wmvsdjvtz3u","previousOperationId":"a7vcbyd2s5kvl0j"}
{"type":"log","timestamp":1680017377182,"level":"debug","message":"Rendering engine handlebars","meta":{"rootId":"obb2vi3yvhs4u1t","id":"07z2rssgvupc0gt"},"id":"bpkukb80qivxy50","previousOperationId":"f6v6wmvsdjvtz3u"}
{"type":"operationEnd","operationId":"f6v6wmvsdjvtz3u","timestamp":1680017377209,"id":"5l78actfix8lb7t","previousEventId":"od2j7738ga8ps59","previousOperationId":"f6v6wmvsdjvtz3u"}
{"type":"operationStart","subtype":"recipe","name":"html","timestamp":1680017377210,"id":"rvdkw7yrykddxm8","previousEventId":"5l78actfix8lb7t","operationId":"pxjy0ouljbu49pw","previousOperationId":"f6v6wmvsdjvtz3u"}
{"type":"log","timestamp":1680017377210,"level":"debug","message":"Executing recipe html","meta":{"rootId":"obb2vi3yvhs4u1t","id":"07z2rssgvupc0gt"},"id":"c47uyxq3xtnwbi1","previousOperationId":"pxjy0ouljbu49pw"}
{"type":"operationEnd","operationId":"pxjy0ouljbu49pw","timestamp":1680017377210,"id":"ro93o95hg6paeq4","previousEventId":"rvdkw7yrykddxm8","previousOperationId":"pxjy0ouljbu49pw"}
{"type":"log","timestamp":1680017377210,"level":"debug","message":"Skipping storing report.","meta":{"rootId":"obb2vi3yvhs4u1t","id":"07z2rssgvupc0gt"},"id":"s0oc0hu9s8t63w8","previousOperationId":"pxjy0ouljbu49pw"}
{"type":"log","timestamp":1680017377210,"level":"info","message":"Rendering request 1 finished in 1594 ms","meta":{"rootId":"obb2vi3yvhs4u1t","id":"07z2rssgvupc0gt"},"id":"ivlcwngijuwxtkg","previousOperationId":"pxjy0ouljbu49pw"}
{"type":"operationEnd","subtype":"render","operationId":"a7vcbyd2s5kvl0j","timestamp":1680017377210,"id":"x5h6p6wp8mg0koy","previousEventId":"ro93o95hg6paeq4","previousOperationId":"pxjy0ouljbu49pw"}
{"type":"log","timestamp":1680017379132,"level":"debug","message":"Converting with chrome HeadlessChrome/98.0.4758.0 using chrome-pool strategy","meta":{"rootId":"obb2vi3yvhs4u1t","id":"obb2vi3yvhs4u1t"},"id":"b39lfowbmhgvp24","previousOperationId":"p79m0ndpneij1ct"}
{"type":"log","timestamp":1680017379354,"level":"debug","message":"Page request: GET (document) file:///C:/Users/ADMINI~1/AppData/Local/Temp/jsreport/autocleanup/3a9d013a-3817-4f34-bcf3-63273c390c5f-chrome-pdf.html","meta":{"rootId":"obb2vi3yvhs4u1t","id":"obb2vi3yvhs4u1t"},"id":"95r77iwr6elyzkf","previousOperationId":"p79m0ndpneij1ct"}
{"type":"log","timestamp":1680017379372,"level":"debug","message":"Page request finished: GET (document) file:///C:/Users/ADMINI~1/AppData/Local/Temp/jsreport/autocleanup/3a9d013a-3817-4f34-bcf3-63273c390c5f-chrome-pdf.html","meta":{"rootId":"obb2vi3yvhs4u1t","id":"obb2vi3yvhs4u1t"},"id":"dub52qsr8cslrox","previousOperationId":"p79m0ndpneij1ct"}
{"type":"log","timestamp":1680017379377,"level":"debug","message":"Page request: GET (stylesheet) https://fonts.googleapis.com/css2?family=Montserrat:wght@500&family=Open+Sans:wght@300&display=swap","meta":{"rootId":"obb2vi3yvhs4u1t","id":"obb2vi3yvhs4u1t"},"id":"txgq8ehecnu57ts","previousOperationId":"p79m0ndpneij1ct"}
{"type":"log","timestamp":1680017379664,"level":"debug","message":"Page request finished: GET (stylesheet) 200 https://fonts.googleapis.com/css2?family=Montserrat:wght@500&family=Open+Sans:wght@300&display=swap","meta":{"rootId":"obb2vi3yvhs4u1t","id":"obb2vi3yvhs4u1t"},"id":"izj42c7i86mgoxf","previousOperationId":"p79m0ndpneij1ct"}
{"type":"log","timestamp":1680017379760,"level":"debug","message":"Page request: GET (font) https://fonts.gstatic.com/s/opensans/v34/memSYaGs126MiZpBA-UvWbX2vVnXBbObj2OVZyOOSr4dVJWUgsiH0B4gaVI.woff2","meta":{"rootId":"obb2vi3yvhs4u1t","id":"obb2vi3yvhs4u1t"},"id":"nbdd3cbvk8jqkdw","previousOperationId":"p79m0ndpneij1ct"}
{"type":"log","timestamp":1680017379761,"level":"debug","message":"Running chrome with params {\"scale\":1,\"displayHeaderFooter\":true,\"headerTemplate\":\"...\",\"footerTemplate\":\"...\",\"printBackground\":true,\"pageRanges\":\"\",\"format\":\"A4\",\"width\":\"\",\"height\":\"\",\"marginTop\":\"470px\",\"marginRight\":\"20px\",\"marginBottom\":\"80px\",\"marginLeft\":\"20px\",\"waitForJS\":false,\"waitForNetworkIddle\":false,\"timeout\":58406,\"waitForNetworkIdle\":false,\"margin\":{\"top\":\"470px\",\"right\":\"20px\",\"bottom\":\"80px\",\"left\":\"20px\"}}","meta":{"rootId":"obb2vi3yvhs4u1t","id":"obb2vi3yvhs4u1t"},"id":"juxdqaozwa6wq2p","previousOperationId":"p79m0ndpneij1ct"}
{"type":"log","timestamp":1680017379801,"level":"debug","message":"Page request: GET (font) https://fonts.gstatic.com/s/opensans/v34/memSYaGs126MiZpBA-UvWbX2vVnXBbObj2OVZyOOSr4dVJWUgsiH0B4gaVI.woff2","meta":{"rootId":"obb2vi3yvhs4u1t","id":"obb2vi3yvhs4u1t"},"id":"3c5npxmn2krnyqk","previousOperationId":"p79m0ndpneij1ct"}
{"type":"log","timestamp":1680017380155,"level":"debug","message":"Page request finished: GET (font) 200 https://fonts.gstatic.com/s/opensans/v34/memSYaGs126MiZpBA-UvWbX2vVnXBbObj2OVZyOOSr4dVJWUgsiH0B4gaVI.woff2","meta":{"rootId":"obb2vi3yvhs4u1t","id":"obb2vi3yvhs4u1t"},"id":"q6acuwjnkhanxu7","previousOperationId":"p79m0ndpneij1ct"}
{"type":"operationEnd","operationId":"p79m0ndpneij1ct","timestamp":1680017380321,"id":"4dyqdxv1q590xrf","previousEventId":"a10lgo5zderzm9w","previousOperationId":"p79m0ndpneij1ct"}
{"type":"log","timestamp":1680017380322,"level":"debug","message":"Skipping storing report.","meta":{"rootId":"obb2vi3yvhs4u1t","id":"obb2vi3yvhs4u1t"},"id":"qvhtxpndcgtm00h","previousOperationId":"p79m0ndpneij1ct"}
{"type":"log","timestamp":1680017380322,"level":"info","message":"Rendering request 1 finished in 4706 ms","meta":{"rootId":"obb2vi3yvhs4u1t","id":"obb2vi3yvhs4u1t"},"id":"a52nwo628dfhoev","previousOperationId":"p79m0ndpneij1ct"}
{"type":"operationEnd","subtype":"render","operationId":"xtahizpa0dn3xfy","timestamp":1680017380322,"id":"n8gaya2j1vodn67","previousEventId":"4dyqdxv1q590xrf","previousOperationId":"p79m0ndpneij1ct"}
{"type":"operationEnd","doDiffs":false,"previousEventId":"98txnvukls3rg3z","previousOperationId":"vuyb3rvtwz3an06","operationId":"vuyb3rvtwz3an06","timestamp":1680017380329,"id":"pvmju433e97nkla"}
