{"type":"operationStart","subtype":"profile","data":{"_id":"jTKcHYRe9rxo0LrB","timestamp":"2022-09-23T16:07:43.609Z","state":"queued","mode":"standard","creationDate":"2022-09-23T16:07:43.615Z","modificationDate":"2022-09-23T16:07:43.615Z","shortid":"czfX0EF","$entitySet":"profiles"},"doDiffs":false,"timestamp":1663949263612,"id":"m3lvn0k4ch64ard","previousOperationId":null,"operationId":"lmvp1pik3iuu9xd"}
{"type":"log","level":"info","message":"Render request 1 queued for execution and waiting for available worker","previousOperationId":"lmvp1pik3iuu9xd","timestamp":1663949263613,"id":"vn2it5vpmnsy0a7"}
{"type":"operationStart","subtype":"render","name":"anonymous","previousOperationId":"lmvp1pik3iuu9xd","timestamp":1663949263665,"id":"wn3c4qirtdkv10b","previousEventId":"m3lvn0k4ch64ard","operationId":"3xfrx1qgsxq2vw9"}
{"type":"log","timestamp":1663949263668,"level":"info","message":"Starting rendering request 1 (user: null)","meta":{"rootId":"oec267z2d0s054p","id":"oec267z2d0s054p"},"id":"9psy3yftuhd8tjg","previousOperationId":"3xfrx1qgsxq2vw9"}
{"type":"log","timestamp":1663949263688,"level":"info","message":"Rendering anonymous template { recipe: chrome-pdf, engine: handlebars }","meta":{"rootId":"oec267z2d0s054p","id":"oec267z2d0s054p"},"id":"mvn1cun0ylnwcdv","previousOperationId":"3xfrx1qgsxq2vw9"}
{"type":"log","timestamp":1663949263688,"level":"debug","message":"Inline data specified.","meta":{"rootId":"oec267z2d0s054p","id":"oec267z2d0s054p"},"id":"eulv1hps7pmkzy4","previousOperationId":"3xfrx1qgsxq2vw9"}
{"type":"log","timestamp":1663949263722,"level":"debug","message":"Base url not specified, skipping its injection.","meta":{"rootId":"oec267z2d0s054p","id":"oec267z2d0s054p"},"id":"8zmh5ules1niwa1","previousOperationId":"3xfrx1qgsxq2vw9"}
{"type":"operationStart","subtype":"engine","name":"handlebars","timestamp":1663949263730,"id":"o0k2vl8rdyp0xft","previousEventId":"wn3c4qirtdkv10b","operationId":"dq89hpqqu6wx5pm","previousOperationId":"3xfrx1qgsxq2vw9"}
{"type":"log","timestamp":1663949263730,"level":"debug","message":"Rendering engine handlebars","meta":{"rootId":"oec267z2d0s054p","id":"oec267z2d0s054p"},"id":"k84amy9z0khq6v0","previousOperationId":"dq89hpqqu6wx5pm"}
{"type":"operationEnd","operationId":"dq89hpqqu6wx5pm","timestamp":1663949264820,"id":"6pxf70glh3sjik8","previousEventId":"o0k2vl8rdyp0xft","previousOperationId":"dq89hpqqu6wx5pm"}
{"type":"operationStart","subtype":"recipe","name":"chrome-pdf","timestamp":1663949264822,"id":"13bpbnwd6b3tsix","previousEventId":"6pxf70glh3sjik8","operationId":"ca6ahuxjdal7aez","previousOperationId":"dq89hpqqu6wx5pm"}
{"type":"log","timestamp":1663949264822,"level":"debug","message":"Executing recipe chrome-pdf","meta":{"rootId":"oec267z2d0s054p","id":"oec267z2d0s054p"},"id":"ssflbsrwthlf8qu","previousOperationId":"ca6ahuxjdal7aez"}
{"type":"log","timestamp":1663949264976,"level":"debug","message":"Starting child request to render pdf header","meta":{"rootId":"oec267z2d0s054p","id":"oec267z2d0s054p"},"id":"npbhm5ia16xsrpx","previousOperationId":"ca6ahuxjdal7aez"}
{"type":"operationStart","subtype":"render","name":"anonymous","previousOperationId":"ca6ahuxjdal7aez","timestamp":1663949264977,"id":"hu43rv708gwl6ee","previousEventId":"13bpbnwd6b3tsix","operationId":"navzzrsfy6quah7"}
{"type":"log","timestamp":1663949264977,"level":"info","message":"Starting rendering request 1 (user: null)","meta":{"rootId":"oec267z2d0s054p","id":"vb73imfoqb8qr5j"},"id":"t4ojxqjh0f82jau","previousOperationId":"navzzrsfy6quah7"}
{"type":"log","timestamp":1663949264978,"level":"info","message":"Rendering anonymous template { recipe: html, engine: handlebars }","meta":{"rootId":"oec267z2d0s054p","id":"vb73imfoqb8qr5j"},"id":"xw8t5n2qe8yt8kt","previousOperationId":"navzzrsfy6quah7"}
{"type":"log","timestamp":1663949264978,"level":"debug","message":"Inline data specified.","meta":{"rootId":"oec267z2d0s054p","id":"vb73imfoqb8qr5j"},"id":"4isbakse8au5nrm","previousOperationId":"navzzrsfy6quah7"}
{"type":"log","timestamp":1663949264980,"level":"debug","message":"Base url not specified, skipping its injection.","meta":{"rootId":"oec267z2d0s054p","id":"vb73imfoqb8qr5j"},"id":"tktgkwwroqxcqb6","previousOperationId":"navzzrsfy6quah7"}
{"type":"log","timestamp":1663949264995,"level":"debug","message":"Replaced assets [\"./src/reporting/assets/logo.png\"]","meta":{"rootId":"oec267z2d0s054p","id":"vb73imfoqb8qr5j"},"id":"ihe70vo695qpgu4","previousOperationId":"navzzrsfy6quah7"}
{"type":"operationStart","subtype":"engine","name":"handlebars","timestamp":1663949264996,"id":"67g8qyhqfbl4vse","previousEventId":"hu43rv708gwl6ee","operationId":"f1j3zd1bwiw1td1","previousOperationId":"navzzrsfy6quah7"}
{"type":"log","timestamp":1663949264996,"level":"debug","message":"Rendering engine handlebars","meta":{"rootId":"oec267z2d0s054p","id":"vb73imfoqb8qr5j"},"id":"oeiqvy2f7pmegey","previousOperationId":"f1j3zd1bwiw1td1"}
{"type":"operationEnd","operationId":"f1j3zd1bwiw1td1","timestamp":1663949265123,"id":"s8m5ws9bflnmd39","previousEventId":"67g8qyhqfbl4vse","previousOperationId":"f1j3zd1bwiw1td1"}
{"type":"operationStart","subtype":"recipe","name":"html","timestamp":1663949265123,"id":"0q5q1cinr7o4rmd","previousEventId":"s8m5ws9bflnmd39","operationId":"km02ug274frmeoi","previousOperationId":"f1j3zd1bwiw1td1"}
{"type":"log","timestamp":1663949265124,"level":"debug","message":"Executing recipe html","meta":{"rootId":"oec267z2d0s054p","id":"vb73imfoqb8qr5j"},"id":"p5hiups6az5jccu","previousOperationId":"km02ug274frmeoi"}
{"type":"operationEnd","operationId":"km02ug274frmeoi","timestamp":1663949265124,"id":"nyspf7wtmyp4xy4","previousEventId":"0q5q1cinr7o4rmd","previousOperationId":"km02ug274frmeoi"}
{"type":"log","timestamp":1663949265125,"level":"debug","message":"Skipping storing report.","meta":{"rootId":"oec267z2d0s054p","id":"vb73imfoqb8qr5j"},"id":"iusqaeoyczcn1hu","previousOperationId":"km02ug274frmeoi"}
{"type":"log","timestamp":1663949265126,"level":"info","message":"Rendering request 1 finished in 1519 ms","meta":{"rootId":"oec267z2d0s054p","id":"vb73imfoqb8qr5j"},"id":"eqfx9m2dux93v9d","previousOperationId":"km02ug274frmeoi"}
{"type":"operationEnd","subtype":"render","operationId":"navzzrsfy6quah7","timestamp":1663949265126,"id":"rrwd68561arw7w2","previousEventId":"nyspf7wtmyp4xy4","previousOperationId":"km02ug274frmeoi"}
{"type":"log","timestamp":1663949265126,"level":"debug","message":"Starting child request to render pdf footer","meta":{"rootId":"oec267z2d0s054p","id":"oec267z2d0s054p"},"id":"y8xehhorue3otpb","previousOperationId":"ca6ahuxjdal7aez"}
{"type":"operationStart","subtype":"render","name":"anonymous","previousOperationId":"ca6ahuxjdal7aez","timestamp":1663949265127,"id":"ti1m3iutew84awn","previousEventId":"13bpbnwd6b3tsix","operationId":"y2j1gqo6reo00g5"}
{"type":"log","timestamp":1663949265127,"level":"info","message":"Starting rendering request 1 (user: null)","meta":{"rootId":"oec267z2d0s054p","id":"pcf1ydasc62hrnz"},"id":"v3qokg5z7jsnw1t","previousOperationId":"y2j1gqo6reo00g5"}
{"type":"log","timestamp":1663949265127,"level":"info","message":"Rendering anonymous template { recipe: html, engine: handlebars }","meta":{"rootId":"oec267z2d0s054p","id":"pcf1ydasc62hrnz"},"id":"6vs8zvalp8oe6sn","previousOperationId":"y2j1gqo6reo00g5"}
{"type":"log","timestamp":1663949265127,"level":"debug","message":"Inline data specified.","meta":{"rootId":"oec267z2d0s054p","id":"pcf1ydasc62hrnz"},"id":"0ts2m45ex8yd6lo","previousOperationId":"y2j1gqo6reo00g5"}
{"type":"log","timestamp":1663949265130,"level":"debug","message":"Base url not specified, skipping its injection.","meta":{"rootId":"oec267z2d0s054p","id":"pcf1ydasc62hrnz"},"id":"1hd0aimgsqa5ua2","previousOperationId":"y2j1gqo6reo00g5"}
{"type":"operationStart","subtype":"engine","name":"handlebars","timestamp":1663949265130,"id":"jke971k0q764pcv","previousEventId":"ti1m3iutew84awn","operationId":"9vzkdvalbeuf34m","previousOperationId":"y2j1gqo6reo00g5"}
{"type":"log","timestamp":1663949265130,"level":"debug","message":"Rendering engine handlebars","meta":{"rootId":"oec267z2d0s054p","id":"pcf1ydasc62hrnz"},"id":"08ojyeb6pua79ly","previousOperationId":"9vzkdvalbeuf34m"}
{"type":"operationEnd","operationId":"9vzkdvalbeuf34m","timestamp":1663949265169,"id":"htgjcezat7i4e9y","previousEventId":"jke971k0q764pcv","previousOperationId":"9vzkdvalbeuf34m"}
{"type":"operationStart","subtype":"recipe","name":"html","timestamp":1663949265169,"id":"n87lt793ow3wsgk","previousEventId":"htgjcezat7i4e9y","operationId":"phsvg4kalmdp9qr","previousOperationId":"9vzkdvalbeuf34m"}
{"type":"log","timestamp":1663949265169,"level":"debug","message":"Executing recipe html","meta":{"rootId":"oec267z2d0s054p","id":"pcf1ydasc62hrnz"},"id":"7ljnjbuwtomgqp9","previousOperationId":"phsvg4kalmdp9qr"}
{"type":"operationEnd","operationId":"phsvg4kalmdp9qr","timestamp":1663949265169,"id":"2zm16xl4baubt28","previousEventId":"n87lt793ow3wsgk","previousOperationId":"phsvg4kalmdp9qr"}
{"type":"log","timestamp":1663949265170,"level":"debug","message":"Skipping storing report.","meta":{"rootId":"oec267z2d0s054p","id":"pcf1ydasc62hrnz"},"id":"tnxosa7gpx6rljm","previousOperationId":"phsvg4kalmdp9qr"}
{"type":"log","timestamp":1663949265170,"level":"info","message":"Rendering request 1 finished in 1563 ms","meta":{"rootId":"oec267z2d0s054p","id":"pcf1ydasc62hrnz"},"id":"l26ko66w5wje0yw","previousOperationId":"phsvg4kalmdp9qr"}
{"type":"operationEnd","subtype":"render","operationId":"y2j1gqo6reo00g5","timestamp":1663949265170,"id":"06bwhr5udssddqf","previousEventId":"2zm16xl4baubt28","previousOperationId":"phsvg4kalmdp9qr"}
{"type":"log","timestamp":1663949267091,"level":"debug","message":"Converting with chrome HeadlessChrome/98.0.4758.0 using chrome-pool strategy","meta":{"rootId":"oec267z2d0s054p","id":"oec267z2d0s054p"},"id":"91hc5sl71f9uw6w","previousOperationId":"ca6ahuxjdal7aez"}
{"type":"log","timestamp":1663949267366,"level":"debug","message":"Page request: GET (document) file:///var/folders/8m/98z140gs3yzbw6jqmpbh8b8m0000gn/T/jsreport/autocleanup/0c5772a7-44e0-4c31-913f-a750f130d9bd-chrome-pdf.html","meta":{"rootId":"oec267z2d0s054p","id":"oec267z2d0s054p"},"id":"31y2t1xhvrcdmdl","previousOperationId":"ca6ahuxjdal7aez"}
{"type":"log","timestamp":1663949267386,"level":"debug","message":"Page request finished: GET (document) file:///var/folders/8m/98z140gs3yzbw6jqmpbh8b8m0000gn/T/jsreport/autocleanup/0c5772a7-44e0-4c31-913f-a750f130d9bd-chrome-pdf.html","meta":{"rootId":"oec267z2d0s054p","id":"oec267z2d0s054p"},"id":"cbwv4xtnj08nioo","previousOperationId":"ca6ahuxjdal7aez"}
{"type":"log","timestamp":1663949267395,"level":"debug","message":"Page request: GET (stylesheet) https://fonts.googleapis.com/css2?family=Montserrat:wght@500&family=Open+Sans:wght@300&display=swap","meta":{"rootId":"oec267z2d0s054p","id":"oec267z2d0s054p"},"id":"xr64gf1xcmubhwj","previousOperationId":"ca6ahuxjdal7aez"}
{"type":"log","timestamp":1663949267703,"level":"debug","message":"Page request finished: GET (stylesheet) 200 https://fonts.googleapis.com/css2?family=Montserrat:wght@500&family=Open+Sans:wght@300&display=swap","meta":{"rootId":"oec267z2d0s054p","id":"oec267z2d0s054p"},"id":"v21tanhi2n4i2tx","previousOperationId":"ca6ahuxjdal7aez"}
{"type":"log","timestamp":1663949267741,"level":"debug","message":"Page request: GET (font) https://fonts.gstatic.com/s/opensans/v34/memSYaGs126MiZpBA-UvWbX2vVnXBbObj2OVZyOOSr4dVJWUgsiH0B4gaVQUwaEQbjA.woff","meta":{"rootId":"oec267z2d0s054p","id":"oec267z2d0s054p"},"id":"0mi0f0r4w0xo1xw","previousOperationId":"ca6ahuxjdal7aez"}
{"type":"log","timestamp":1663949267745,"level":"debug","message":"Running chrome with params {\"scale\":1,\"displayHeaderFooter\":true,\"headerTemplate\":\"...\",\"footerTemplate\":\"...\",\"printBackground\":true,\"pageRanges\":\"\",\"format\":\"A4\",\"width\":\"\",\"height\":\"\",\"marginTop\":\"350px\",\"marginRight\":\"20px\",\"marginBottom\":\"80px\",\"marginLeft\":\"20px\",\"waitForJS\":false,\"waitForNetworkIddle\":false,\"timeout\":58435,\"waitForNetworkIdle\":false,\"margin\":{\"top\":\"350px\",\"right\":\"20px\",\"bottom\":\"80px\",\"left\":\"20px\"}}","meta":{"rootId":"oec267z2d0s054p","id":"oec267z2d0s054p"},"id":"u36yvzpxayukqlh","previousOperationId":"ca6ahuxjdal7aez"}
{"type":"log","timestamp":1663949267751,"level":"debug","message":"Page request: GET (font) https://fonts.gstatic.com/s/opensans/v34/memSYaGs126MiZpBA-UvWbX2vVnXBbObj2OVZyOOSr4dVJWUgsiH0B4gaVQUwaEQbjA.woff","meta":{"rootId":"oec267z2d0s054p","id":"oec267z2d0s054p"},"id":"xc67ljtfr9m5oyj","previousOperationId":"ca6ahuxjdal7aez"}
{"type":"operationEnd","operationId":"ca6ahuxjdal7aez","timestamp":1663949268001,"id":"ky7algerdjx12wb","previousEventId":"13bpbnwd6b3tsix","previousOperationId":"ca6ahuxjdal7aez"}
{"type":"log","timestamp":1663949268002,"level":"debug","message":"Skipping storing report.","meta":{"rootId":"oec267z2d0s054p","id":"oec267z2d0s054p"},"id":"31klbsmw4370jwu","previousOperationId":"ca6ahuxjdal7aez"}
{"type":"log","timestamp":1663949268002,"level":"info","message":"Rendering request 1 finished in 4395 ms","meta":{"rootId":"oec267z2d0s054p","id":"oec267z2d0s054p"},"id":"it1s4etcdfk7etl","previousOperationId":"ca6ahuxjdal7aez"}
{"type":"operationEnd","subtype":"render","operationId":"3xfrx1qgsxq2vw9","timestamp":1663949268002,"id":"0ytr4t48w2jyebl","previousEventId":"ky7algerdjx12wb","previousOperationId":"ca6ahuxjdal7aez"}
{"type":"operationEnd","doDiffs":false,"previousEventId":"m3lvn0k4ch64ard","previousOperationId":"lmvp1pik3iuu9xd","operationId":"lmvp1pik3iuu9xd","timestamp":1663949268012,"id":"c58jwqkbeetlnif"}
