{"type":"operationStart","subtype":"profile","data":{"_id":"ZqrGsuKig43HwhDk","timestamp":"2022-10-02T11:38:57.812Z","state":"queued","mode":"standard","creationDate":"2022-10-02T11:38:57.818Z","modificationDate":"2022-10-02T11:38:57.818Z","shortid":"6W_u9Jp","$entitySet":"profiles"},"doDiffs":false,"timestamp":1664710737815,"id":"ywhit3upmnh9yix","previousOperationId":null,"operationId":"gww4uaxp79gxwjb"}
{"type":"log","level":"info","message":"Render request 1 queued for execution and waiting for available worker","previousOperationId":"gww4uaxp79gxwjb","timestamp":1664710737815,"id":"kc8q6ozz2mb0ed9"}
{"type":"operationStart","subtype":"render","name":"anonymous","previousOperationId":"gww4uaxp79gxwjb","timestamp":1664710737860,"id":"859zez90ytsrhne","previousEventId":"ywhit3upmnh9yix","operationId":"c4t34p14o71atkz"}
{"type":"log","timestamp":1664710737863,"level":"info","message":"Starting rendering request 1 (user: null)","meta":{"rootId":"oesdirnp12fpxjy","id":"oesdirnp12fpxjy"},"id":"l80x1a2ccqlcesm","previousOperationId":"c4t34p14o71atkz"}
{"type":"log","timestamp":1664710737875,"level":"info","message":"Rendering anonymous template { recipe: chrome-pdf, engine: handlebars }","meta":{"rootId":"oesdirnp12fpxjy","id":"oesdirnp12fpxjy"},"id":"deyh03iaif2e344","previousOperationId":"c4t34p14o71atkz"}
{"type":"log","timestamp":1664710737876,"level":"debug","message":"Inline data specified.","meta":{"rootId":"oesdirnp12fpxjy","id":"oesdirnp12fpxjy"},"id":"wzvwod1vteytfqr","previousOperationId":"c4t34p14o71atkz"}
{"type":"log","timestamp":1664710737884,"level":"debug","message":"Base url not specified, skipping its injection.","meta":{"rootId":"oesdirnp12fpxjy","id":"oesdirnp12fpxjy"},"id":"g3r6obwcxey2b2k","previousOperationId":"c4t34p14o71atkz"}
{"type":"operationStart","subtype":"engine","name":"handlebars","timestamp":1664710737887,"id":"h5czn3b9j381s9r","previousEventId":"859zez90ytsrhne","operationId":"ndwbu2fqlks5b54","previousOperationId":"c4t34p14o71atkz"}
{"type":"log","timestamp":1664710737887,"level":"debug","message":"Rendering engine handlebars","meta":{"rootId":"oesdirnp12fpxjy","id":"oesdirnp12fpxjy"},"id":"y4x17ocj15lf35n","previousOperationId":"ndwbu2fqlks5b54"}
{"type":"operationEnd","operationId":"ndwbu2fqlks5b54","timestamp":1664710739363,"id":"bddsfo7a0vqzbuc","previousEventId":"h5czn3b9j381s9r","previousOperationId":"ndwbu2fqlks5b54"}
{"type":"operationStart","subtype":"recipe","name":"chrome-pdf","timestamp":1664710739364,"id":"9tyg9j5l8p18edc","previousEventId":"bddsfo7a0vqzbuc","operationId":"f8hsnlz4t3ttv0m","previousOperationId":"ndwbu2fqlks5b54"}
{"type":"log","timestamp":1664710739364,"level":"debug","message":"Executing recipe chrome-pdf","meta":{"rootId":"oesdirnp12fpxjy","id":"oesdirnp12fpxjy"},"id":"flzioxxq0fu93dk","previousOperationId":"f8hsnlz4t3ttv0m"}
{"type":"log","timestamp":1664710739541,"level":"debug","message":"Starting child request to render pdf header","meta":{"rootId":"oesdirnp12fpxjy","id":"oesdirnp12fpxjy"},"id":"909r1kmn9jzufy8","previousOperationId":"f8hsnlz4t3ttv0m"}
{"type":"operationStart","subtype":"render","name":"anonymous","previousOperationId":"f8hsnlz4t3ttv0m","timestamp":1664710739542,"id":"cayi8ntq6gzj37u","previousEventId":"9tyg9j5l8p18edc","operationId":"6jasx5ej8lz536q"}
{"type":"log","timestamp":1664710739542,"level":"info","message":"Starting rendering request 1 (user: null)","meta":{"rootId":"oesdirnp12fpxjy","id":"ujsna5l472c4sny"},"id":"kxi9o1g8zcrc83g","previousOperationId":"6jasx5ej8lz536q"}
{"type":"log","timestamp":1664710739542,"level":"info","message":"Rendering anonymous template { recipe: html, engine: handlebars }","meta":{"rootId":"oesdirnp12fpxjy","id":"ujsna5l472c4sny"},"id":"d9p19270wu60fmi","previousOperationId":"6jasx5ej8lz536q"}
{"type":"log","timestamp":1664710739542,"level":"debug","message":"Inline data specified.","meta":{"rootId":"oesdirnp12fpxjy","id":"ujsna5l472c4sny"},"id":"eu6fl7ak752u6sx","previousOperationId":"6jasx5ej8lz536q"}
{"type":"log","timestamp":1664710739811,"level":"debug","message":"Base url not specified, skipping its injection.","meta":{"rootId":"oesdirnp12fpxjy","id":"ujsna5l472c4sny"},"id":"235ymz3hq1op5b4","previousOperationId":"6jasx5ej8lz536q"}
{"type":"log","timestamp":1664710739911,"level":"debug","message":"Replaced assets [\"./src/reporting/assets/logo.png\"]","meta":{"rootId":"oesdirnp12fpxjy","id":"ujsna5l472c4sny"},"id":"dn9a7l8a9zg2t08","previousOperationId":"6jasx5ej8lz536q"}
{"type":"operationStart","subtype":"engine","name":"handlebars","timestamp":1664710739911,"id":"7sno23oiy6z3g1l","previousEventId":"cayi8ntq6gzj37u","operationId":"uq4p8bfk0yq23ee","previousOperationId":"6jasx5ej8lz536q"}
{"type":"log","timestamp":1664710739911,"level":"debug","message":"Rendering engine handlebars","meta":{"rootId":"oesdirnp12fpxjy","id":"ujsna5l472c4sny"},"id":"1sv75x32ru1bidl","previousOperationId":"uq4p8bfk0yq23ee"}
{"type":"operationEnd","operationId":"uq4p8bfk0yq23ee","timestamp":1664710739952,"id":"p7dbkheb72lbs06","previousEventId":"7sno23oiy6z3g1l","previousOperationId":"uq4p8bfk0yq23ee"}
{"type":"operationStart","subtype":"recipe","name":"html","timestamp":1664710739954,"id":"rld1bpulbx3xbvc","previousEventId":"p7dbkheb72lbs06","operationId":"xzx1004nfxh71ax","previousOperationId":"uq4p8bfk0yq23ee"}
{"type":"log","timestamp":1664710739954,"level":"debug","message":"Executing recipe html","meta":{"rootId":"oesdirnp12fpxjy","id":"ujsna5l472c4sny"},"id":"gew1w5odi1uij9e","previousOperationId":"xzx1004nfxh71ax"}
{"type":"operationEnd","operationId":"xzx1004nfxh71ax","timestamp":1664710739954,"id":"lndrsl8zwxs78u5","previousEventId":"rld1bpulbx3xbvc","previousOperationId":"xzx1004nfxh71ax"}
{"type":"log","timestamp":1664710739955,"level":"debug","message":"Skipping storing report.","meta":{"rootId":"oesdirnp12fpxjy","id":"ujsna5l472c4sny"},"id":"plvxb3alv0f2fdw","previousOperationId":"xzx1004nfxh71ax"}
{"type":"log","timestamp":1664710739956,"level":"info","message":"Rendering request 1 finished in 2147 ms","meta":{"rootId":"oesdirnp12fpxjy","id":"ujsna5l472c4sny"},"id":"xqcf5w3upawcadc","previousOperationId":"xzx1004nfxh71ax"}
{"type":"operationEnd","subtype":"render","operationId":"6jasx5ej8lz536q","timestamp":1664710739956,"id":"99ic3au9qc7lcpg","previousEventId":"lndrsl8zwxs78u5","previousOperationId":"xzx1004nfxh71ax"}
{"type":"log","timestamp":1664710739956,"level":"debug","message":"Starting child request to render pdf footer","meta":{"rootId":"oesdirnp12fpxjy","id":"oesdirnp12fpxjy"},"id":"l4v47tngdw0sfh5","previousOperationId":"f8hsnlz4t3ttv0m"}
{"type":"operationStart","subtype":"render","name":"anonymous","previousOperationId":"f8hsnlz4t3ttv0m","timestamp":1664710739956,"id":"930h2gy2njoj16r","previousEventId":"9tyg9j5l8p18edc","operationId":"driimu7f560sldb"}
{"type":"log","timestamp":1664710739956,"level":"info","message":"Starting rendering request 1 (user: null)","meta":{"rootId":"oesdirnp12fpxjy","id":"8vx6voduwyk25eh"},"id":"33l8gy1w1vpsotx","previousOperationId":"driimu7f560sldb"}
{"type":"log","timestamp":1664710739957,"level":"info","message":"Rendering anonymous template { recipe: html, engine: handlebars }","meta":{"rootId":"oesdirnp12fpxjy","id":"8vx6voduwyk25eh"},"id":"k9tcz4wpizvnh7n","previousOperationId":"driimu7f560sldb"}
{"type":"log","timestamp":1664710739957,"level":"debug","message":"Inline data specified.","meta":{"rootId":"oesdirnp12fpxjy","id":"8vx6voduwyk25eh"},"id":"2f3fhcstrtlqnek","previousOperationId":"driimu7f560sldb"}
{"type":"log","timestamp":1664710739960,"level":"debug","message":"Base url not specified, skipping its injection.","meta":{"rootId":"oesdirnp12fpxjy","id":"8vx6voduwyk25eh"},"id":"y10klubrt10gd0w","previousOperationId":"driimu7f560sldb"}
{"type":"operationStart","subtype":"engine","name":"handlebars","timestamp":1664710739960,"id":"dmjmkwxr4cixiq5","previousEventId":"930h2gy2njoj16r","operationId":"fzt4fku1c9tb2mg","previousOperationId":"driimu7f560sldb"}
{"type":"log","timestamp":1664710739960,"level":"debug","message":"Rendering engine handlebars","meta":{"rootId":"oesdirnp12fpxjy","id":"8vx6voduwyk25eh"},"id":"bvgsd7r9007k3gr","previousOperationId":"fzt4fku1c9tb2mg"}
{"type":"operationEnd","operationId":"fzt4fku1c9tb2mg","timestamp":1664710739990,"id":"l8dspmkiof1ogyf","previousEventId":"dmjmkwxr4cixiq5","previousOperationId":"fzt4fku1c9tb2mg"}
{"type":"operationStart","subtype":"recipe","name":"html","timestamp":1664710739990,"id":"wyrc99rz8mkqm9w","previousEventId":"l8dspmkiof1ogyf","operationId":"vvplup95l08igit","previousOperationId":"fzt4fku1c9tb2mg"}
{"type":"log","timestamp":1664710739990,"level":"debug","message":"Executing recipe html","meta":{"rootId":"oesdirnp12fpxjy","id":"8vx6voduwyk25eh"},"id":"j4yqiqnfrcmv20d","previousOperationId":"vvplup95l08igit"}
{"type":"operationEnd","operationId":"vvplup95l08igit","timestamp":1664710739990,"id":"ej89mc95mal0qq2","previousEventId":"wyrc99rz8mkqm9w","previousOperationId":"vvplup95l08igit"}
{"type":"log","timestamp":1664710739990,"level":"debug","message":"Skipping storing report.","meta":{"rootId":"oesdirnp12fpxjy","id":"8vx6voduwyk25eh"},"id":"k6lmnmccgfd5xg4","previousOperationId":"vvplup95l08igit"}
{"type":"log","timestamp":1664710739990,"level":"info","message":"Rendering request 1 finished in 2181 ms","meta":{"rootId":"oesdirnp12fpxjy","id":"8vx6voduwyk25eh"},"id":"aa5r1fjoojeadnc","previousOperationId":"vvplup95l08igit"}
{"type":"operationEnd","subtype":"render","operationId":"driimu7f560sldb","timestamp":1664710739990,"id":"5z59ea4bkfl0u0p","previousEventId":"ej89mc95mal0qq2","previousOperationId":"vvplup95l08igit"}
{"type":"log","timestamp":1664710742086,"level":"debug","message":"Converting with chrome HeadlessChrome/98.0.4758.0 using chrome-pool strategy","meta":{"rootId":"oesdirnp12fpxjy","id":"oesdirnp12fpxjy"},"id":"1bszdqod35b9lit","previousOperationId":"f8hsnlz4t3ttv0m"}
{"type":"log","timestamp":1664710742501,"level":"debug","message":"Page request: GET (document) file:///var/folders/8m/98z140gs3yzbw6jqmpbh8b8m0000gn/T/jsreport/autocleanup/29aff259-f870-47cf-b68c-3dbc2d31e128-chrome-pdf.html","meta":{"rootId":"oesdirnp12fpxjy","id":"oesdirnp12fpxjy"},"id":"m19tu549u6y3m9k","previousOperationId":"f8hsnlz4t3ttv0m"}
{"type":"log","timestamp":1664710742523,"level":"debug","message":"Page request finished: GET (document) file:///var/folders/8m/98z140gs3yzbw6jqmpbh8b8m0000gn/T/jsreport/autocleanup/29aff259-f870-47cf-b68c-3dbc2d31e128-chrome-pdf.html","meta":{"rootId":"oesdirnp12fpxjy","id":"oesdirnp12fpxjy"},"id":"caki8ob8izlcnkp","previousOperationId":"f8hsnlz4t3ttv0m"}
{"type":"log","timestamp":1664710742537,"level":"debug","message":"Page request: GET (stylesheet) https://fonts.googleapis.com/css2?family=Montserrat:wght@500&family=Open+Sans:wght@300&display=swap","meta":{"rootId":"oesdirnp12fpxjy","id":"oesdirnp12fpxjy"},"id":"rkq8pe6l8il5w96","previousOperationId":"f8hsnlz4t3ttv0m"}
{"type":"log","timestamp":1664710743112,"level":"debug","message":"Page request finished: GET (stylesheet) 200 https://fonts.googleapis.com/css2?family=Montserrat:wght@500&family=Open+Sans:wght@300&display=swap","meta":{"rootId":"oesdirnp12fpxjy","id":"oesdirnp12fpxjy"},"id":"cn92b4ocuzcwebq","previousOperationId":"f8hsnlz4t3ttv0m"}
{"type":"log","timestamp":1664710743171,"level":"debug","message":"Page request: GET (font) https://fonts.gstatic.com/s/opensans/v34/memSYaGs126MiZpBA-UvWbX2vVnXBbObj2OVZyOOSr4dVJWUgsiH0B4gaVQUwaEQbjA.woff","meta":{"rootId":"oesdirnp12fpxjy","id":"oesdirnp12fpxjy"},"id":"k3bgyjwl0dolg6t","previousOperationId":"f8hsnlz4t3ttv0m"}
{"type":"log","timestamp":1664710743188,"level":"debug","message":"Running chrome with params {\"scale\":1,\"displayHeaderFooter\":true,\"headerTemplate\":\"...\",\"footerTemplate\":\"...\",\"printBackground\":true,\"pageRanges\":\"\",\"format\":\"A4\",\"width\":\"\",\"height\":\"\",\"marginTop\":\"500px\",\"marginRight\":\"20px\",\"marginBottom\":\"80px\",\"marginLeft\":\"20px\",\"waitForJS\":false,\"waitForNetworkIddle\":false,\"timeout\":57818,\"waitForNetworkIdle\":false,\"margin\":{\"top\":\"500px\",\"right\":\"20px\",\"bottom\":\"80px\",\"left\":\"20px\"}}","meta":{"rootId":"oesdirnp12fpxjy","id":"oesdirnp12fpxjy"},"id":"wkv33ls7oh6grg8","previousOperationId":"f8hsnlz4t3ttv0m"}
{"type":"log","timestamp":1664710743201,"level":"debug","message":"Page request: GET (font) https://fonts.gstatic.com/s/opensans/v34/memSYaGs126MiZpBA-UvWbX2vVnXBbObj2OVZyOOSr4dVJWUgsiH0B4gaVQUwaEQbjA.woff","meta":{"rootId":"oesdirnp12fpxjy","id":"oesdirnp12fpxjy"},"id":"yf7225w6n5ihtki","previousOperationId":"f8hsnlz4t3ttv0m"}
{"type":"operationEnd","operationId":"f8hsnlz4t3ttv0m","timestamp":1664710743445,"id":"bjuv4ispx3z67m8","previousEventId":"9tyg9j5l8p18edc","previousOperationId":"f8hsnlz4t3ttv0m"}
{"type":"log","timestamp":1664710743445,"level":"debug","message":"Skipping storing report.","meta":{"rootId":"oesdirnp12fpxjy","id":"oesdirnp12fpxjy"},"id":"wjk6eltn6wtopcb","previousOperationId":"f8hsnlz4t3ttv0m"}
{"type":"log","timestamp":1664710743446,"level":"info","message":"Rendering request 1 finished in 5637 ms","meta":{"rootId":"oesdirnp12fpxjy","id":"oesdirnp12fpxjy"},"id":"qrtfeyg536f0eii","previousOperationId":"f8hsnlz4t3ttv0m"}
{"type":"operationEnd","subtype":"render","operationId":"c4t34p14o71atkz","timestamp":1664710743446,"id":"h5u8setngh7zvhj","previousEventId":"bjuv4ispx3z67m8","previousOperationId":"f8hsnlz4t3ttv0m"}
{"type":"operationEnd","doDiffs":false,"previousEventId":"ywhit3upmnh9yix","previousOperationId":"gww4uaxp79gxwjb","operationId":"gww4uaxp79gxwjb","timestamp":1664710743461,"id":"m54q70gjtjtofp7"}
