{"type":"operationStart","subtype":"profile","data":{"_id":"qOP2LnzbssmtqBdG","timestamp":"2022-10-02T12:12:06.229Z","state":"queued","mode":"standard","creationDate":"2022-10-02T12:12:06.234Z","modificationDate":"2022-10-02T12:12:06.234Z","shortid":"TsfpEEg","$entitySet":"profiles"},"doDiffs":false,"timestamp":1664712726232,"id":"1v4ufg6ts9a8dyi","previousOperationId":null,"operationId":"xl34rpkvo00yh8z"}
{"type":"log","level":"info","message":"Render request 1 queued for execution and waiting for available worker","previousOperationId":"xl34rpkvo00yh8z","timestamp":1664712726232,"id":"e6j11ekz5uqqcwn"}
{"type":"operationStart","subtype":"render","name":"anonymous","previousOperationId":"xl34rpkvo00yh8z","timestamp":1664712726288,"id":"c2rg0nunon1kjod","previousEventId":"1v4ufg6ts9a8dyi","operationId":"drfrndltivg8hyw"}
{"type":"log","timestamp":1664712726293,"level":"info","message":"Starting rendering request 1 (user: null)","meta":{"rootId":"oi614vt0a2i7alr","id":"oi614vt0a2i7alr"},"id":"bohbzeykkoborpr","previousOperationId":"drfrndltivg8hyw"}
{"type":"log","timestamp":1664712726300,"level":"info","message":"Rendering anonymous template { recipe: chrome-pdf, engine: handlebars }","meta":{"rootId":"oi614vt0a2i7alr","id":"oi614vt0a2i7alr"},"id":"owq22w2zqps09d5","previousOperationId":"drfrndltivg8hyw"}
{"type":"log","timestamp":1664712726300,"level":"debug","message":"Inline data specified.","meta":{"rootId":"oi614vt0a2i7alr","id":"oi614vt0a2i7alr"},"id":"vcvw6i8v6zedaih","previousOperationId":"drfrndltivg8hyw"}
{"type":"log","timestamp":1664712726331,"level":"debug","message":"Base url not specified, skipping its injection.","meta":{"rootId":"oi614vt0a2i7alr","id":"oi614vt0a2i7alr"},"id":"1ijob3t0mt03iv6","previousOperationId":"drfrndltivg8hyw"}
{"type":"operationStart","subtype":"engine","name":"handlebars","timestamp":1664712726336,"id":"xv3i9xads7krix0","previousEventId":"c2rg0nunon1kjod","operationId":"6v89688f1q97ch8","previousOperationId":"drfrndltivg8hyw"}
{"type":"log","timestamp":1664712726336,"level":"debug","message":"Rendering engine handlebars","meta":{"rootId":"oi614vt0a2i7alr","id":"oi614vt0a2i7alr"},"id":"skqikkl87l158md","previousOperationId":"6v89688f1q97ch8"}
{"type":"operationEnd","operationId":"6v89688f1q97ch8","timestamp":1664712728248,"id":"mltaz299xtactir","previousEventId":"xv3i9xads7krix0","previousOperationId":"6v89688f1q97ch8"}
{"type":"operationStart","subtype":"recipe","name":"chrome-pdf","timestamp":1664712728250,"id":"p41y3dxlx5alyjp","previousEventId":"mltaz299xtactir","operationId":"kmriq5g4cfms8mt","previousOperationId":"6v89688f1q97ch8"}
{"type":"log","timestamp":1664712728250,"level":"debug","message":"Executing recipe chrome-pdf","meta":{"rootId":"oi614vt0a2i7alr","id":"oi614vt0a2i7alr"},"id":"74t6fiyos9px44d","previousOperationId":"kmriq5g4cfms8mt"}
{"type":"log","timestamp":1664712728601,"level":"debug","message":"Starting child request to render pdf header","meta":{"rootId":"oi614vt0a2i7alr","id":"oi614vt0a2i7alr"},"id":"h9gkaul110aolfq","previousOperationId":"kmriq5g4cfms8mt"}
{"type":"operationStart","subtype":"render","name":"anonymous","previousOperationId":"kmriq5g4cfms8mt","timestamp":1664712728602,"id":"0hzdb0mk5kgt2za","previousEventId":"p41y3dxlx5alyjp","operationId":"2sf572iund7rvcn"}
{"type":"log","timestamp":1664712728602,"level":"info","message":"Starting rendering request 1 (user: null)","meta":{"rootId":"oi614vt0a2i7alr","id":"lmx7kih9ou7bssv"},"id":"w1rx0ndpo1kjm8l","previousOperationId":"2sf572iund7rvcn"}
{"type":"log","timestamp":1664712728602,"level":"info","message":"Rendering anonymous template { recipe: html, engine: handlebars }","meta":{"rootId":"oi614vt0a2i7alr","id":"lmx7kih9ou7bssv"},"id":"8in91ejw5blaf5b","previousOperationId":"2sf572iund7rvcn"}
{"type":"log","timestamp":1664712728603,"level":"debug","message":"Inline data specified.","meta":{"rootId":"oi614vt0a2i7alr","id":"lmx7kih9ou7bssv"},"id":"qye1e9d5cdl552k","previousOperationId":"2sf572iund7rvcn"}
{"type":"log","timestamp":1664712728606,"level":"debug","message":"Base url not specified, skipping its injection.","meta":{"rootId":"oi614vt0a2i7alr","id":"lmx7kih9ou7bssv"},"id":"m9m4e4hk3uzcsbm","previousOperationId":"2sf572iund7rvcn"}
{"type":"log","timestamp":1664712728622,"level":"debug","message":"Replaced assets [\"./src/reporting/assets/logo.png\"]","meta":{"rootId":"oi614vt0a2i7alr","id":"lmx7kih9ou7bssv"},"id":"i80ptqpfopxj4l6","previousOperationId":"2sf572iund7rvcn"}
{"type":"operationStart","subtype":"engine","name":"handlebars","timestamp":1664712728622,"id":"r5xx32lyjzmjord","previousEventId":"0hzdb0mk5kgt2za","operationId":"wxy5bkpzvb0ur4u","previousOperationId":"2sf572iund7rvcn"}
{"type":"log","timestamp":1664712728622,"level":"debug","message":"Rendering engine handlebars","meta":{"rootId":"oi614vt0a2i7alr","id":"lmx7kih9ou7bssv"},"id":"p7aks7pqpilpizh","previousOperationId":"wxy5bkpzvb0ur4u"}
{"type":"operationEnd","operationId":"wxy5bkpzvb0ur4u","timestamp":1664712728677,"id":"j3mbq3bp9y53317","previousEventId":"r5xx32lyjzmjord","previousOperationId":"wxy5bkpzvb0ur4u"}
{"type":"operationStart","subtype":"recipe","name":"html","timestamp":1664712728677,"id":"a6e35tqxrefudwf","previousEventId":"j3mbq3bp9y53317","operationId":"9m5zru6vy1whuv0","previousOperationId":"wxy5bkpzvb0ur4u"}
{"type":"log","timestamp":1664712728677,"level":"debug","message":"Executing recipe html","meta":{"rootId":"oi614vt0a2i7alr","id":"lmx7kih9ou7bssv"},"id":"m4qlweausx73emv","previousOperationId":"9m5zru6vy1whuv0"}
{"type":"operationEnd","operationId":"9m5zru6vy1whuv0","timestamp":1664712728677,"id":"ek3ut4agca1fhyv","previousEventId":"a6e35tqxrefudwf","previousOperationId":"9m5zru6vy1whuv0"}
{"type":"log","timestamp":1664712728679,"level":"debug","message":"Skipping storing report.","meta":{"rootId":"oi614vt0a2i7alr","id":"lmx7kih9ou7bssv"},"id":"ssje6vdqolrofao","previousOperationId":"9m5zru6vy1whuv0"}
{"type":"log","timestamp":1664712728679,"level":"info","message":"Rendering request 1 finished in 2451 ms","meta":{"rootId":"oi614vt0a2i7alr","id":"lmx7kih9ou7bssv"},"id":"1by1cabtx2lig47","previousOperationId":"9m5zru6vy1whuv0"}
{"type":"operationEnd","subtype":"render","operationId":"2sf572iund7rvcn","timestamp":1664712728680,"id":"qmbg822yo7eo52z","previousEventId":"ek3ut4agca1fhyv","previousOperationId":"9m5zru6vy1whuv0"}
{"type":"log","timestamp":1664712728680,"level":"debug","message":"Starting child request to render pdf footer","meta":{"rootId":"oi614vt0a2i7alr","id":"oi614vt0a2i7alr"},"id":"lha30rcrk7db3li","previousOperationId":"kmriq5g4cfms8mt"}
{"type":"operationStart","subtype":"render","name":"anonymous","previousOperationId":"kmriq5g4cfms8mt","timestamp":1664712728680,"id":"ez8n33z4niqpbtf","previousEventId":"p41y3dxlx5alyjp","operationId":"y9t3kys2z4p7e6r"}
{"type":"log","timestamp":1664712728680,"level":"info","message":"Starting rendering request 1 (user: null)","meta":{"rootId":"oi614vt0a2i7alr","id":"ud563qvsk7va3kt"},"id":"e8sg6spni61olyw","previousOperationId":"y9t3kys2z4p7e6r"}
{"type":"log","timestamp":1664712728681,"level":"info","message":"Rendering anonymous template { recipe: html, engine: handlebars }","meta":{"rootId":"oi614vt0a2i7alr","id":"ud563qvsk7va3kt"},"id":"9dz4ax1q5ldzvju","previousOperationId":"y9t3kys2z4p7e6r"}
{"type":"log","timestamp":1664712728681,"level":"debug","message":"Inline data specified.","meta":{"rootId":"oi614vt0a2i7alr","id":"ud563qvsk7va3kt"},"id":"q64dsq8xoh0mcka","previousOperationId":"y9t3kys2z4p7e6r"}
{"type":"log","timestamp":1664712728683,"level":"debug","message":"Base url not specified, skipping its injection.","meta":{"rootId":"oi614vt0a2i7alr","id":"ud563qvsk7va3kt"},"id":"a2j1turhr2jukex","previousOperationId":"y9t3kys2z4p7e6r"}
{"type":"operationStart","subtype":"engine","name":"handlebars","timestamp":1664712728683,"id":"vyji4mibn8990jk","previousEventId":"ez8n33z4niqpbtf","operationId":"nylrktw1aqrglah","previousOperationId":"y9t3kys2z4p7e6r"}
{"type":"log","timestamp":1664712728683,"level":"debug","message":"Rendering engine handlebars","meta":{"rootId":"oi614vt0a2i7alr","id":"ud563qvsk7va3kt"},"id":"v8dsswdm1iblxts","previousOperationId":"nylrktw1aqrglah"}
{"type":"operationEnd","operationId":"nylrktw1aqrglah","timestamp":1664712728728,"id":"z9tkdhi9noyuy45","previousEventId":"vyji4mibn8990jk","previousOperationId":"nylrktw1aqrglah"}
{"type":"operationStart","subtype":"recipe","name":"html","timestamp":1664712728729,"id":"mt82ovcrqo67i56","previousEventId":"z9tkdhi9noyuy45","operationId":"o07cfspiokgdilb","previousOperationId":"nylrktw1aqrglah"}
{"type":"log","timestamp":1664712728729,"level":"debug","message":"Executing recipe html","meta":{"rootId":"oi614vt0a2i7alr","id":"ud563qvsk7va3kt"},"id":"i0olud4hs263a52","previousOperationId":"o07cfspiokgdilb"}
{"type":"operationEnd","operationId":"o07cfspiokgdilb","timestamp":1664712728729,"id":"bu6l9is4q5pb2sf","previousEventId":"mt82ovcrqo67i56","previousOperationId":"o07cfspiokgdilb"}
{"type":"log","timestamp":1664712728729,"level":"debug","message":"Skipping storing report.","meta":{"rootId":"oi614vt0a2i7alr","id":"ud563qvsk7va3kt"},"id":"4q5opp24r6qb5tc","previousOperationId":"o07cfspiokgdilb"}
{"type":"log","timestamp":1664712728729,"level":"info","message":"Rendering request 1 finished in 2501 ms","meta":{"rootId":"oi614vt0a2i7alr","id":"ud563qvsk7va3kt"},"id":"sers184vyqjvf5f","previousOperationId":"o07cfspiokgdilb"}
{"type":"operationEnd","subtype":"render","operationId":"y9t3kys2z4p7e6r","timestamp":1664712728729,"id":"ifxlcr0knhyjcp9","previousEventId":"bu6l9is4q5pb2sf","previousOperationId":"o07cfspiokgdilb"}
{"type":"log","timestamp":1664712732658,"level":"debug","message":"Converting with chrome HeadlessChrome/98.0.4758.0 using chrome-pool strategy","meta":{"rootId":"oi614vt0a2i7alr","id":"oi614vt0a2i7alr"},"id":"ebzde78nzbtxtvv","previousOperationId":"kmriq5g4cfms8mt"}
{"type":"log","timestamp":1664712733661,"level":"debug","message":"Page request: GET (document) file:///var/folders/8m/98z140gs3yzbw6jqmpbh8b8m0000gn/T/jsreport/autocleanup/32dc257d-6ee0-4824-9b1b-938066ba3b99-chrome-pdf.html","meta":{"rootId":"oi614vt0a2i7alr","id":"oi614vt0a2i7alr"},"id":"dv8jpfba3qwknvp","previousOperationId":"kmriq5g4cfms8mt"}
{"type":"log","timestamp":1664712733689,"level":"debug","message":"Page request finished: GET (document) file:///var/folders/8m/98z140gs3yzbw6jqmpbh8b8m0000gn/T/jsreport/autocleanup/32dc257d-6ee0-4824-9b1b-938066ba3b99-chrome-pdf.html","meta":{"rootId":"oi614vt0a2i7alr","id":"oi614vt0a2i7alr"},"id":"vmp6rp7jcp7jczz","previousOperationId":"kmriq5g4cfms8mt"}
{"type":"log","timestamp":1664712733700,"level":"debug","message":"Page request: GET (stylesheet) https://fonts.googleapis.com/css2?family=Montserrat:wght@500&family=Open+Sans:wght@300&display=swap","meta":{"rootId":"oi614vt0a2i7alr","id":"oi614vt0a2i7alr"},"id":"a86pzxl8i8ua3cn","previousOperationId":"kmriq5g4cfms8mt"}
{"type":"log","timestamp":1664712734141,"level":"debug","message":"Page request finished: GET (stylesheet) 200 https://fonts.googleapis.com/css2?family=Montserrat:wght@500&family=Open+Sans:wght@300&display=swap","meta":{"rootId":"oi614vt0a2i7alr","id":"oi614vt0a2i7alr"},"id":"exl1x8ia1hhjltv","previousOperationId":"kmriq5g4cfms8mt"}
{"type":"log","timestamp":1664712734272,"level":"debug","message":"Page request: GET (font) https://fonts.gstatic.com/s/opensans/v34/memSYaGs126MiZpBA-UvWbX2vVnXBbObj2OVZyOOSr4dVJWUgsiH0B4gaVQUwaEQbjA.woff","meta":{"rootId":"oi614vt0a2i7alr","id":"oi614vt0a2i7alr"},"id":"t7e2j7w5j66ciqk","previousOperationId":"kmriq5g4cfms8mt"}
{"type":"log","timestamp":1664712734306,"level":"debug","message":"Page request: GET (font) https://fonts.gstatic.com/s/opensans/v34/memSYaGs126MiZpBA-UvWbX2vVnXBbObj2OVZyOOSr4dVJWUgsiH0B4gaVQUwaEQbjA.woff","meta":{"rootId":"oi614vt0a2i7alr","id":"oi614vt0a2i7alr"},"id":"a2jjyulnelotwwv","previousOperationId":"kmriq5g4cfms8mt"}
{"type":"log","timestamp":1664712734311,"level":"debug","message":"Running chrome with params {\"scale\":1,\"displayHeaderFooter\":true,\"headerTemplate\":\"...\",\"footerTemplate\":\"...\",\"printBackground\":true,\"pageRanges\":\"\",\"format\":\"A4\",\"width\":\"\",\"height\":\"\",\"marginTop\":\"470px\",\"marginRight\":\"20px\",\"marginBottom\":\"80px\",\"marginLeft\":\"20px\",\"waitForJS\":false,\"waitForNetworkIddle\":false,\"timeout\":57498,\"waitForNetworkIdle\":false,\"margin\":{\"top\":\"470px\",\"right\":\"20px\",\"bottom\":\"80px\",\"left\":\"20px\"}}","meta":{"rootId":"oi614vt0a2i7alr","id":"oi614vt0a2i7alr"},"id":"sl3kuzza878mpw0","previousOperationId":"kmriq5g4cfms8mt"}
{"type":"log","timestamp":1664712735059,"level":"debug","message":"Page request finished: GET (font) 200 https://fonts.gstatic.com/s/opensans/v34/memSYaGs126MiZpBA-UvWbX2vVnXBbObj2OVZyOOSr4dVJWUgsiH0B4gaVQUwaEQbjA.woff","meta":{"rootId":"oi614vt0a2i7alr","id":"oi614vt0a2i7alr"},"id":"fxl14qk571rga8n","previousOperationId":"kmriq5g4cfms8mt"}
{"type":"operationEnd","operationId":"kmriq5g4cfms8mt","timestamp":1664712735107,"id":"f2xaji371tnw5i1","previousEventId":"p41y3dxlx5alyjp","previousOperationId":"kmriq5g4cfms8mt"}
{"type":"log","timestamp":1664712735107,"level":"debug","message":"Skipping storing report.","meta":{"rootId":"oi614vt0a2i7alr","id":"oi614vt0a2i7alr"},"id":"khfojzlj9444qk0","previousOperationId":"kmriq5g4cfms8mt"}
{"type":"log","timestamp":1664712735108,"level":"info","message":"Rendering request 1 finished in 8880 ms","meta":{"rootId":"oi614vt0a2i7alr","id":"oi614vt0a2i7alr"},"id":"1wkg0a1qukhs0ng","previousOperationId":"kmriq5g4cfms8mt"}
{"type":"operationEnd","subtype":"render","operationId":"drfrndltivg8hyw","timestamp":1664712735108,"id":"cipvywsl30evs40","previousEventId":"f2xaji371tnw5i1","previousOperationId":"kmriq5g4cfms8mt"}
{"type":"operationEnd","doDiffs":false,"previousEventId":"1v4ufg6ts9a8dyi","previousOperationId":"xl34rpkvo00yh8z","operationId":"xl34rpkvo00yh8z","timestamp":1664712735118,"id":"zk5f13jp4mieif4"}
