{"type":"operationStart","subtype":"profile","data":{"_id":"Uzwkf9PR3lunikth","timestamp":"2022-09-17T21:26:55.339Z","state":"queued","mode":"standard","creationDate":"2022-09-17T21:26:55.345Z","modificationDate":"2022-09-17T21:26:55.345Z","shortid":"Iaff5eF","$entitySet":"profiles"},"doDiffs":false,"timestamp":1663450015343,"id":"dzsthx3fhyzm0r3","previousOperationId":null,"operationId":"4ra7dayb4wazfyu"}
{"type":"log","level":"info","message":"Render request 1 queued for execution and waiting for available worker","previousOperationId":"4ra7dayb4wazfyu","timestamp":1663450015343,"id":"lrtjdnd7ji8hh4t"}
{"type":"operationStart","subtype":"render","name":"anonymous","previousOperationId":"4ra7dayb4wazfyu","timestamp":1663450015378,"id":"4fkx0t3eld78ccc","previousEventId":"dzsthx3fhyzm0r3","operationId":"9afztoq7lhw3jaf"}
{"type":"log","timestamp":1663450015380,"level":"info","message":"Starting rendering request 1 (user: null)","meta":{"rootId":"oy8n6gfivrd2cui","id":"oy8n6gfivrd2cui"},"id":"sc7t3bsvlheko3s","previousOperationId":"9afztoq7lhw3jaf"}
{"type":"log","timestamp":1663450015391,"level":"info","message":"Rendering anonymous template { recipe: chrome-pdf, engine: handlebars }","meta":{"rootId":"oy8n6gfivrd2cui","id":"oy8n6gfivrd2cui"},"id":"g0vjz8ffberlqvy","previousOperationId":"9afztoq7lhw3jaf"}
{"type":"log","timestamp":1663450015392,"level":"debug","message":"Inline data specified.","meta":{"rootId":"oy8n6gfivrd2cui","id":"oy8n6gfivrd2cui"},"id":"jmkj30ekvt1a0nv","previousOperationId":"9afztoq7lhw3jaf"}
{"type":"log","timestamp":1663450015408,"level":"debug","message":"Base url not specified, skipping its injection.","meta":{"rootId":"oy8n6gfivrd2cui","id":"oy8n6gfivrd2cui"},"id":"5z4k8po02o9b8uv","previousOperationId":"9afztoq7lhw3jaf"}
{"type":"operationStart","subtype":"engine","name":"handlebars","timestamp":1663450015410,"id":"ttonsm0bj02mx74","previousEventId":"4fkx0t3eld78ccc","operationId":"ymjth20rim1zvby","previousOperationId":"9afztoq7lhw3jaf"}
{"type":"log","timestamp":1663450015410,"level":"debug","message":"Rendering engine handlebars","meta":{"rootId":"oy8n6gfivrd2cui","id":"oy8n6gfivrd2cui"},"id":"ahgf8saulusqsn4","previousOperationId":"ymjth20rim1zvby"}
{"type":"operationEnd","operationId":"ymjth20rim1zvby","timestamp":1663450016855,"id":"mqs0c4t4n3y8ad9","previousEventId":"ttonsm0bj02mx74","previousOperationId":"ymjth20rim1zvby"}
{"type":"operationStart","subtype":"recipe","name":"chrome-pdf","timestamp":1663450016857,"id":"ena2t2qplo47vke","previousEventId":"mqs0c4t4n3y8ad9","operationId":"7rafnxn0fhpqyem","previousOperationId":"ymjth20rim1zvby"}
{"type":"log","timestamp":1663450016857,"level":"debug","message":"Executing recipe chrome-pdf","meta":{"rootId":"oy8n6gfivrd2cui","id":"oy8n6gfivrd2cui"},"id":"26nwoean546b1d4","previousOperationId":"7rafnxn0fhpqyem"}
{"type":"log","timestamp":1663450017115,"level":"debug","message":"Starting child request to render pdf header","meta":{"rootId":"oy8n6gfivrd2cui","id":"oy8n6gfivrd2cui"},"id":"btq5o49s6tvsr14","previousOperationId":"7rafnxn0fhpqyem"}
{"type":"operationStart","subtype":"render","name":"anonymous","previousOperationId":"7rafnxn0fhpqyem","timestamp":1663450017117,"id":"di7042b2xotozod","previousEventId":"ena2t2qplo47vke","operationId":"r8f7oq3juj6m8d8"}
{"type":"log","timestamp":1663450017118,"level":"info","message":"Starting rendering request 1 (user: null)","meta":{"rootId":"oy8n6gfivrd2cui","id":"06m5s03cmnu8j67"},"id":"1ja76ttqrkfkeng","previousOperationId":"r8f7oq3juj6m8d8"}
{"type":"log","timestamp":1663450017118,"level":"info","message":"Rendering anonymous template { recipe: html, engine: handlebars }","meta":{"rootId":"oy8n6gfivrd2cui","id":"06m5s03cmnu8j67"},"id":"pnelzju6w6m616m","previousOperationId":"r8f7oq3juj6m8d8"}
{"type":"log","timestamp":1663450017118,"level":"debug","message":"Inline data specified.","meta":{"rootId":"oy8n6gfivrd2cui","id":"06m5s03cmnu8j67"},"id":"3v3kll93pk1k0gd","previousOperationId":"r8f7oq3juj6m8d8"}
{"type":"log","timestamp":1663450017128,"level":"debug","message":"Base url not specified, skipping its injection.","meta":{"rootId":"oy8n6gfivrd2cui","id":"06m5s03cmnu8j67"},"id":"l5jyn3akqtc5yxw","previousOperationId":"r8f7oq3juj6m8d8"}
{"type":"log","timestamp":1663450017196,"level":"debug","message":"Replaced assets [\"./src/reporting/assets/logo.png\"]","meta":{"rootId":"oy8n6gfivrd2cui","id":"06m5s03cmnu8j67"},"id":"p3h5k1mdnxx29zz","previousOperationId":"r8f7oq3juj6m8d8"}
{"type":"operationStart","subtype":"engine","name":"handlebars","timestamp":1663450017196,"id":"ijmrjc8smlgj8xs","previousEventId":"di7042b2xotozod","operationId":"catlnxefx00wouq","previousOperationId":"r8f7oq3juj6m8d8"}
{"type":"log","timestamp":1663450017196,"level":"debug","message":"Rendering engine handlebars","meta":{"rootId":"oy8n6gfivrd2cui","id":"06m5s03cmnu8j67"},"id":"h48d1ojil4trsgw","previousOperationId":"catlnxefx00wouq"}
{"type":"operationEnd","operationId":"catlnxefx00wouq","timestamp":1663450017311,"id":"p961tqg90tn3hs5","previousEventId":"ijmrjc8smlgj8xs","previousOperationId":"catlnxefx00wouq"}
{"type":"operationStart","subtype":"recipe","name":"html","timestamp":1663450017311,"id":"1z4xxji9nkz1etv","previousEventId":"p961tqg90tn3hs5","operationId":"s7hzaebkfe4gwcm","previousOperationId":"catlnxefx00wouq"}
{"type":"log","timestamp":1663450017311,"level":"debug","message":"Executing recipe html","meta":{"rootId":"oy8n6gfivrd2cui","id":"06m5s03cmnu8j67"},"id":"li2rsfqekfeqxpm","previousOperationId":"s7hzaebkfe4gwcm"}
{"type":"operationEnd","operationId":"s7hzaebkfe4gwcm","timestamp":1663450017311,"id":"0autp9mp1grq1qt","previousEventId":"1z4xxji9nkz1etv","previousOperationId":"s7hzaebkfe4gwcm"}
{"type":"log","timestamp":1663450017316,"level":"debug","message":"Skipping storing report.","meta":{"rootId":"oy8n6gfivrd2cui","id":"06m5s03cmnu8j67"},"id":"9p089q5v26tqqs0","previousOperationId":"s7hzaebkfe4gwcm"}
{"type":"log","timestamp":1663450017316,"level":"info","message":"Rendering request 1 finished in 1978 ms","meta":{"rootId":"oy8n6gfivrd2cui","id":"06m5s03cmnu8j67"},"id":"nopbmldqv4sc7ie","previousOperationId":"s7hzaebkfe4gwcm"}
{"type":"operationEnd","subtype":"render","operationId":"r8f7oq3juj6m8d8","timestamp":1663450017319,"id":"q8txo5152omt1pm","previousEventId":"0autp9mp1grq1qt","previousOperationId":"s7hzaebkfe4gwcm"}
{"type":"log","timestamp":1663450017319,"level":"debug","message":"Starting child request to render pdf footer","meta":{"rootId":"oy8n6gfivrd2cui","id":"oy8n6gfivrd2cui"},"id":"rjr4gzf3x21dy3n","previousOperationId":"7rafnxn0fhpqyem"}
{"type":"operationStart","subtype":"render","name":"anonymous","previousOperationId":"7rafnxn0fhpqyem","timestamp":1663450017320,"id":"gynqxls615snpe0","previousEventId":"ena2t2qplo47vke","operationId":"8fgpy4oc374mtwr"}
{"type":"log","timestamp":1663450017320,"level":"info","message":"Starting rendering request 1 (user: null)","meta":{"rootId":"oy8n6gfivrd2cui","id":"ezo5u1d9f6drnxd"},"id":"3yclnpm1fntj9be","previousOperationId":"8fgpy4oc374mtwr"}
{"type":"log","timestamp":1663450017320,"level":"info","message":"Rendering anonymous template { recipe: html, engine: handlebars }","meta":{"rootId":"oy8n6gfivrd2cui","id":"ezo5u1d9f6drnxd"},"id":"q436r21qe2cn0m5","previousOperationId":"8fgpy4oc374mtwr"}
{"type":"log","timestamp":1663450017325,"level":"debug","message":"Inline data specified.","meta":{"rootId":"oy8n6gfivrd2cui","id":"ezo5u1d9f6drnxd"},"id":"eesnnew9iu9lin8","previousOperationId":"8fgpy4oc374mtwr"}
{"type":"log","timestamp":1663450017357,"level":"debug","message":"Base url not specified, skipping its injection.","meta":{"rootId":"oy8n6gfivrd2cui","id":"ezo5u1d9f6drnxd"},"id":"fvizyxfm8qn34l8","previousOperationId":"8fgpy4oc374mtwr"}
{"type":"operationStart","subtype":"engine","name":"handlebars","timestamp":1663450017358,"id":"8gm3e8rh7zv14hx","previousEventId":"gynqxls615snpe0","operationId":"cz4pjpgxupzo35i","previousOperationId":"8fgpy4oc374mtwr"}
{"type":"log","timestamp":1663450017358,"level":"debug","message":"Rendering engine handlebars","meta":{"rootId":"oy8n6gfivrd2cui","id":"ezo5u1d9f6drnxd"},"id":"sfx242lwuqvv61o","previousOperationId":"cz4pjpgxupzo35i"}
{"type":"operationEnd","operationId":"cz4pjpgxupzo35i","timestamp":1663450017397,"id":"95sbyais2p87d1o","previousEventId":"8gm3e8rh7zv14hx","previousOperationId":"cz4pjpgxupzo35i"}
{"type":"operationStart","subtype":"recipe","name":"html","timestamp":1663450017398,"id":"ejsaahyob5ituvt","previousEventId":"95sbyais2p87d1o","operationId":"xyb70cqprfsmi16","previousOperationId":"cz4pjpgxupzo35i"}
{"type":"log","timestamp":1663450017398,"level":"debug","message":"Executing recipe html","meta":{"rootId":"oy8n6gfivrd2cui","id":"ezo5u1d9f6drnxd"},"id":"2wvcvpgh2rzr1g4","previousOperationId":"xyb70cqprfsmi16"}
{"type":"operationEnd","operationId":"xyb70cqprfsmi16","timestamp":1663450017399,"id":"fh97s1r0mmj8btk","previousEventId":"ejsaahyob5ituvt","previousOperationId":"xyb70cqprfsmi16"}
{"type":"log","timestamp":1663450017399,"level":"debug","message":"Skipping storing report.","meta":{"rootId":"oy8n6gfivrd2cui","id":"ezo5u1d9f6drnxd"},"id":"ymvgrx95bheltrl","previousOperationId":"xyb70cqprfsmi16"}
{"type":"log","timestamp":1663450017399,"level":"info","message":"Rendering request 1 finished in 2061 ms","meta":{"rootId":"oy8n6gfivrd2cui","id":"ezo5u1d9f6drnxd"},"id":"alp8znoqii0bbff","previousOperationId":"xyb70cqprfsmi16"}
{"type":"operationEnd","subtype":"render","operationId":"8fgpy4oc374mtwr","timestamp":1663450017399,"id":"91kmgpdhtgxi6ar","previousEventId":"fh97s1r0mmj8btk","previousOperationId":"xyb70cqprfsmi16"}
{"type":"log","timestamp":1663450019384,"level":"debug","message":"Converting with chrome HeadlessChrome/98.0.4758.0 using chrome-pool strategy","meta":{"rootId":"oy8n6gfivrd2cui","id":"oy8n6gfivrd2cui"},"id":"osnznbxmhszuhvi","previousOperationId":"7rafnxn0fhpqyem"}
{"type":"log","timestamp":1663450020075,"level":"debug","message":"Page request: GET (document) file:///var/folders/8m/98z140gs3yzbw6jqmpbh8b8m0000gn/T/jsreport/autocleanup/13c3464d-b3fd-4bb7-b6f1-bddabbea22cc-chrome-pdf.html","meta":{"rootId":"oy8n6gfivrd2cui","id":"oy8n6gfivrd2cui"},"id":"qlbtxhc9ltoslek","previousOperationId":"7rafnxn0fhpqyem"}
{"type":"log","timestamp":1663450020097,"level":"debug","message":"Page request finished: GET (document) file:///var/folders/8m/98z140gs3yzbw6jqmpbh8b8m0000gn/T/jsreport/autocleanup/13c3464d-b3fd-4bb7-b6f1-bddabbea22cc-chrome-pdf.html","meta":{"rootId":"oy8n6gfivrd2cui","id":"oy8n6gfivrd2cui"},"id":"twqou3gwi7n30r7","previousOperationId":"7rafnxn0fhpqyem"}
{"type":"log","timestamp":1663450020105,"level":"debug","message":"Page request: GET (stylesheet) https://fonts.googleapis.com/css2?family=Montserrat:wght@500&family=Open+Sans:wght@300&display=swap","meta":{"rootId":"oy8n6gfivrd2cui","id":"oy8n6gfivrd2cui"},"id":"esbkcvlcvt3yras","previousOperationId":"7rafnxn0fhpqyem"}
{"type":"log","timestamp":1663450020385,"level":"debug","message":"Page request finished: GET (stylesheet) 200 https://fonts.googleapis.com/css2?family=Montserrat:wght@500&family=Open+Sans:wght@300&display=swap","meta":{"rootId":"oy8n6gfivrd2cui","id":"oy8n6gfivrd2cui"},"id":"em3zs0sda34121a","previousOperationId":"7rafnxn0fhpqyem"}
{"type":"log","timestamp":1663450020424,"level":"debug","message":"Page request: GET (font) https://fonts.gstatic.com/s/opensans/v34/memSYaGs126MiZpBA-UvWbX2vVnXBbObj2OVZyOOSr4dVJWUgsiH0B4gaVQUwaEQbjA.woff","meta":{"rootId":"oy8n6gfivrd2cui","id":"oy8n6gfivrd2cui"},"id":"bkeh0u59fffafsk","previousOperationId":"7rafnxn0fhpqyem"}
{"type":"log","timestamp":1663450020430,"level":"debug","message":"Running chrome with params {\"scale\":1,\"displayHeaderFooter\":true,\"headerTemplate\":\"...\",\"footerTemplate\":\"...\",\"printBackground\":true,\"pageRanges\":\"\",\"format\":\"A4\",\"width\":\"\",\"height\":\"\",\"marginTop\":\"350px\",\"marginRight\":\"20px\",\"marginBottom\":\"80px\",\"marginLeft\":\"20px\",\"waitForJS\":false,\"waitForNetworkIddle\":false,\"timeout\":57938,\"waitForNetworkIdle\":false,\"margin\":{\"top\":\"350px\",\"right\":\"20px\",\"bottom\":\"80px\",\"left\":\"20px\"}}","meta":{"rootId":"oy8n6gfivrd2cui","id":"oy8n6gfivrd2cui"},"id":"6t97susg4wa5svr","previousOperationId":"7rafnxn0fhpqyem"}
{"type":"log","timestamp":1663450020435,"level":"debug","message":"Page request: GET (font) https://fonts.gstatic.com/s/opensans/v34/memSYaGs126MiZpBA-UvWbX2vVnXBbObj2OVZyOOSr4dVJWUgsiH0B4gaVQUwaEQbjA.woff","meta":{"rootId":"oy8n6gfivrd2cui","id":"oy8n6gfivrd2cui"},"id":"ywdcjo8t9hjces9","previousOperationId":"7rafnxn0fhpqyem"}
{"type":"operationEnd","operationId":"7rafnxn0fhpqyem","timestamp":1663450020700,"id":"226q2epk1cbxiv0","previousEventId":"ena2t2qplo47vke","previousOperationId":"7rafnxn0fhpqyem"}
{"type":"log","timestamp":1663450020700,"level":"debug","message":"Skipping storing report.","meta":{"rootId":"oy8n6gfivrd2cui","id":"oy8n6gfivrd2cui"},"id":"kivd70v7kwuxy8t","previousOperationId":"7rafnxn0fhpqyem"}
{"type":"log","timestamp":1663450020701,"level":"info","message":"Rendering request 1 finished in 5363 ms","meta":{"rootId":"oy8n6gfivrd2cui","id":"oy8n6gfivrd2cui"},"id":"nw9cmc20xk0fap1","previousOperationId":"7rafnxn0fhpqyem"}
{"type":"operationEnd","subtype":"render","operationId":"9afztoq7lhw3jaf","timestamp":1663450020701,"id":"p8hfk470ycrpdl2","previousEventId":"226q2epk1cbxiv0","previousOperationId":"7rafnxn0fhpqyem"}
{"type":"operationEnd","doDiffs":false,"previousEventId":"dzsthx3fhyzm0r3","previousOperationId":"4ra7dayb4wazfyu","operationId":"4ra7dayb4wazfyu","timestamp":1663450020716,"id":"bo5pmqwsdct17ni"}
