{"type":"operationStart","subtype":"profile","data":{"_id":"NAF8PTFYO7Z9q8rL","timestamp":"2022-09-23T16:02:09.652Z","state":"queued","mode":"standard","creationDate":"2022-09-23T16:02:09.657Z","modificationDate":"2022-09-23T16:02:09.657Z","shortid":"IMlLO9I","$entitySet":"profiles"},"doDiffs":false,"timestamp":1663948929655,"id":"krsp7acz03pkktj","previousOperationId":null,"operationId":"p0kuzmh6j2krm3f"}
{"type":"log","level":"info","message":"Render request 1 queued for execution and waiting for available worker","previousOperationId":"p0kuzmh6j2krm3f","timestamp":1663948929655,"id":"a8rpax0eeicygiv"}
{"type":"operationStart","subtype":"render","name":"anonymous","previousOperationId":"p0kuzmh6j2krm3f","timestamp":1663948929703,"id":"kg67852flgz5ss4","previousEventId":"krsp7acz03pkktj","operationId":"h7el9ky04z46l3l"}
{"type":"log","timestamp":1663948929708,"level":"info","message":"Starting rendering request 1 (user: null)","meta":{"rootId":"p3spkr94ya4u6cc","id":"p3spkr94ya4u6cc"},"id":"sd4nr9g6p2mgdft","previousOperationId":"h7el9ky04z46l3l"}
{"type":"log","timestamp":1663948929712,"level":"info","message":"Rendering anonymous template { recipe: chrome-pdf, engine: handlebars }","meta":{"rootId":"p3spkr94ya4u6cc","id":"p3spkr94ya4u6cc"},"id":"iue8td3b0v10dts","previousOperationId":"h7el9ky04z46l3l"}
{"type":"log","timestamp":1663948929713,"level":"debug","message":"Data item not defined for this template.","meta":{"rootId":"p3spkr94ya4u6cc","id":"p3spkr94ya4u6cc"},"id":"x7bkmpx0au5ybv9","previousOperationId":"h7el9ky04z46l3l"}
{"type":"log","timestamp":1663948929738,"level":"debug","message":"Base url not specified, skipping its injection.","meta":{"rootId":"p3spkr94ya4u6cc","id":"p3spkr94ya4u6cc"},"id":"cnyfxf6v4qr3yjw","previousOperationId":"h7el9ky04z46l3l"}
{"type":"operationStart","subtype":"engine","name":"handlebars","timestamp":1663948929742,"id":"uabzcvsh476ccx2","previousEventId":"kg67852flgz5ss4","operationId":"mjttjshroedox1b","previousOperationId":"h7el9ky04z46l3l"}
{"type":"log","timestamp":1663948929742,"level":"debug","message":"Rendering engine handlebars","meta":{"rootId":"p3spkr94ya4u6cc","id":"p3spkr94ya4u6cc"},"id":"3gy6rw5cxteinxm","previousOperationId":"mjttjshroedox1b"}
{"type":"operationEnd","operationId":"mjttjshroedox1b","timestamp":1663948931559,"id":"dya700c6np54nsk","previousEventId":"uabzcvsh476ccx2","previousOperationId":"mjttjshroedox1b"}
{"type":"operationStart","subtype":"recipe","name":"chrome-pdf","timestamp":1663948931560,"id":"z560t6o87bygb7a","previousEventId":"dya700c6np54nsk","operationId":"1of6s7e24g22ghk","previousOperationId":"mjttjshroedox1b"}
{"type":"log","timestamp":1663948931560,"level":"debug","message":"Executing recipe chrome-pdf","meta":{"rootId":"p3spkr94ya4u6cc","id":"p3spkr94ya4u6cc"},"id":"866pjb295nzqoas","previousOperationId":"1of6s7e24g22ghk"}
{"type":"log","timestamp":1663948931736,"level":"debug","message":"Starting child request to render pdf header","meta":{"rootId":"p3spkr94ya4u6cc","id":"p3spkr94ya4u6cc"},"id":"gz1ncfyh7qy2tsr","previousOperationId":"1of6s7e24g22ghk"}
{"type":"operationStart","subtype":"render","name":"anonymous","previousOperationId":"1of6s7e24g22ghk","timestamp":1663948931737,"id":"42gc53t0mgn486p","previousEventId":"z560t6o87bygb7a","operationId":"noxmzikri1sxlke"}
{"type":"log","timestamp":1663948931737,"level":"info","message":"Starting rendering request 1 (user: null)","meta":{"rootId":"p3spkr94ya4u6cc","id":"liyvgqraxutpits"},"id":"lvghm23iz6qh7dl","previousOperationId":"noxmzikri1sxlke"}
{"type":"log","timestamp":1663948931737,"level":"info","message":"Rendering anonymous template { recipe: html, engine: handlebars }","meta":{"rootId":"p3spkr94ya4u6cc","id":"liyvgqraxutpits"},"id":"wl5aztu9utl8rhl","previousOperationId":"noxmzikri1sxlke"}
{"type":"log","timestamp":1663948931737,"level":"debug","message":"Data item not defined for this template.","meta":{"rootId":"p3spkr94ya4u6cc","id":"liyvgqraxutpits"},"id":"d8hvuz7lwm85t5d","previousOperationId":"noxmzikri1sxlke"}
{"type":"log","timestamp":1663948931742,"level":"debug","message":"Base url not specified, skipping its injection.","meta":{"rootId":"p3spkr94ya4u6cc","id":"liyvgqraxutpits"},"id":"lsft9mtd8ilwrao","previousOperationId":"noxmzikri1sxlke"}
{"type":"log","timestamp":1663948931761,"level":"debug","message":"Replaced assets [\"./src/reporting/assets/logo.png\"]","meta":{"rootId":"p3spkr94ya4u6cc","id":"liyvgqraxutpits"},"id":"3i5yytjymzqu7pn","previousOperationId":"noxmzikri1sxlke"}
{"type":"operationStart","subtype":"engine","name":"handlebars","timestamp":1663948931761,"id":"jvl0csn90uv9fne","previousEventId":"42gc53t0mgn486p","operationId":"ucocfb33r3m2fgl","previousOperationId":"noxmzikri1sxlke"}
{"type":"log","timestamp":1663948931761,"level":"debug","message":"Rendering engine handlebars","meta":{"rootId":"p3spkr94ya4u6cc","id":"liyvgqraxutpits"},"id":"a6n9lffmedk5wk8","previousOperationId":"ucocfb33r3m2fgl"}
{"type":"operationEnd","operationId":"ucocfb33r3m2fgl","timestamp":1663948931798,"id":"n7pevfw4ttbxrfd","previousEventId":"jvl0csn90uv9fne","previousOperationId":"ucocfb33r3m2fgl"}
{"type":"operationStart","subtype":"recipe","name":"html","timestamp":1663948931799,"id":"ptfzr5drixo5dpv","previousEventId":"n7pevfw4ttbxrfd","operationId":"q4kquiqt0uxp7p3","previousOperationId":"ucocfb33r3m2fgl"}
{"type":"log","timestamp":1663948931799,"level":"debug","message":"Executing recipe html","meta":{"rootId":"p3spkr94ya4u6cc","id":"liyvgqraxutpits"},"id":"srq1sh8rse9fdgf","previousOperationId":"q4kquiqt0uxp7p3"}
{"type":"operationEnd","operationId":"q4kquiqt0uxp7p3","timestamp":1663948931801,"id":"4ed8tvwxt4eumtr","previousEventId":"ptfzr5drixo5dpv","previousOperationId":"q4kquiqt0uxp7p3"}
{"type":"log","timestamp":1663948931803,"level":"debug","message":"Skipping storing report.","meta":{"rootId":"p3spkr94ya4u6cc","id":"liyvgqraxutpits"},"id":"qhi27acxmh4nskb","previousOperationId":"q4kquiqt0uxp7p3"}
{"type":"log","timestamp":1663948931803,"level":"info","message":"Rendering request 1 finished in 2153 ms","meta":{"rootId":"p3spkr94ya4u6cc","id":"liyvgqraxutpits"},"id":"ykyxi6o6enxwdk2","previousOperationId":"q4kquiqt0uxp7p3"}
{"type":"operationEnd","subtype":"render","operationId":"noxmzikri1sxlke","timestamp":1663948931804,"id":"kf28x4s69pd3shi","previousEventId":"4ed8tvwxt4eumtr","previousOperationId":"q4kquiqt0uxp7p3"}
{"type":"log","timestamp":1663948931804,"level":"debug","message":"Starting child request to render pdf footer","meta":{"rootId":"p3spkr94ya4u6cc","id":"p3spkr94ya4u6cc"},"id":"3k2mpan1ho6xqep","previousOperationId":"1of6s7e24g22ghk"}
{"type":"operationStart","subtype":"render","name":"anonymous","previousOperationId":"1of6s7e24g22ghk","timestamp":1663948931804,"id":"urhgvveuj5z6w0e","previousEventId":"z560t6o87bygb7a","operationId":"9gdtxsy7k0j7ava"}
{"type":"log","timestamp":1663948931804,"level":"info","message":"Starting rendering request 1 (user: null)","meta":{"rootId":"p3spkr94ya4u6cc","id":"5m7uf5b3pm4yfcz"},"id":"6diiubul94hnmgv","previousOperationId":"9gdtxsy7k0j7ava"}
{"type":"log","timestamp":1663948931805,"level":"info","message":"Rendering anonymous template { recipe: html, engine: handlebars }","meta":{"rootId":"p3spkr94ya4u6cc","id":"5m7uf5b3pm4yfcz"},"id":"bbvzxbedrvr1593","previousOperationId":"9gdtxsy7k0j7ava"}
{"type":"log","timestamp":1663948931805,"level":"debug","message":"Data item not defined for this template.","meta":{"rootId":"p3spkr94ya4u6cc","id":"5m7uf5b3pm4yfcz"},"id":"86r5y0pw49o5882","previousOperationId":"9gdtxsy7k0j7ava"}
{"type":"log","timestamp":1663948931827,"level":"debug","message":"Base url not specified, skipping its injection.","meta":{"rootId":"p3spkr94ya4u6cc","id":"5m7uf5b3pm4yfcz"},"id":"in8yjc2gs5rjkjh","previousOperationId":"9gdtxsy7k0j7ava"}
{"type":"operationStart","subtype":"engine","name":"handlebars","timestamp":1663948931828,"id":"w78p3ebx34y4uss","previousEventId":"urhgvveuj5z6w0e","operationId":"sh7ty4saho4oep5","previousOperationId":"9gdtxsy7k0j7ava"}
{"type":"log","timestamp":1663948931828,"level":"debug","message":"Rendering engine handlebars","meta":{"rootId":"p3spkr94ya4u6cc","id":"5m7uf5b3pm4yfcz"},"id":"sit7q9apr30911r","previousOperationId":"sh7ty4saho4oep5"}
{"type":"operationEnd","operationId":"sh7ty4saho4oep5","timestamp":1663948931871,"id":"kgqfmoyu6oy11di","previousEventId":"w78p3ebx34y4uss","previousOperationId":"sh7ty4saho4oep5"}
{"type":"operationStart","subtype":"recipe","name":"html","timestamp":1663948931872,"id":"p6w480o5lpjr8r6","previousEventId":"kgqfmoyu6oy11di","operationId":"pbcdh236n9e9dqi","previousOperationId":"sh7ty4saho4oep5"}
{"type":"log","timestamp":1663948931872,"level":"debug","message":"Executing recipe html","meta":{"rootId":"p3spkr94ya4u6cc","id":"5m7uf5b3pm4yfcz"},"id":"4ds1gomdow137hh","previousOperationId":"pbcdh236n9e9dqi"}
{"type":"operationEnd","operationId":"pbcdh236n9e9dqi","timestamp":1663948931872,"id":"v4bj9fy5csbckkz","previousEventId":"p6w480o5lpjr8r6","previousOperationId":"pbcdh236n9e9dqi"}
{"type":"log","timestamp":1663948931872,"level":"debug","message":"Skipping storing report.","meta":{"rootId":"p3spkr94ya4u6cc","id":"5m7uf5b3pm4yfcz"},"id":"gfw8pcoe9yh7vmr","previousOperationId":"pbcdh236n9e9dqi"}
{"type":"log","timestamp":1663948931872,"level":"info","message":"Rendering request 1 finished in 2222 ms","meta":{"rootId":"p3spkr94ya4u6cc","id":"5m7uf5b3pm4yfcz"},"id":"r8wa8v2daz5gev0","previousOperationId":"pbcdh236n9e9dqi"}
{"type":"operationEnd","subtype":"render","operationId":"9gdtxsy7k0j7ava","timestamp":1663948931872,"id":"katk2n9tt838lng","previousEventId":"v4bj9fy5csbckkz","previousOperationId":"pbcdh236n9e9dqi"}
{"type":"log","timestamp":1663948933954,"level":"debug","message":"Converting with chrome HeadlessChrome/98.0.4758.0 using chrome-pool strategy","meta":{"rootId":"p3spkr94ya4u6cc","id":"p3spkr94ya4u6cc"},"id":"ofkq0xczihh3pyx","previousOperationId":"1of6s7e24g22ghk"}
{"type":"log","timestamp":1663948934328,"level":"debug","message":"Page request: GET (document) file:///var/folders/8m/98z140gs3yzbw6jqmpbh8b8m0000gn/T/jsreport/autocleanup/a8f4cdf4-d4b0-469a-8d21-94b4cfcc88fc-chrome-pdf.html","meta":{"rootId":"p3spkr94ya4u6cc","id":"p3spkr94ya4u6cc"},"id":"yss0x1qyu1299pl","previousOperationId":"1of6s7e24g22ghk"}
{"type":"log","timestamp":1663948934356,"level":"debug","message":"Page request finished: GET (document) file:///var/folders/8m/98z140gs3yzbw6jqmpbh8b8m0000gn/T/jsreport/autocleanup/a8f4cdf4-d4b0-469a-8d21-94b4cfcc88fc-chrome-pdf.html","meta":{"rootId":"p3spkr94ya4u6cc","id":"p3spkr94ya4u6cc"},"id":"u3tfsqs1dwrixfl","previousOperationId":"1of6s7e24g22ghk"}
{"type":"log","timestamp":1663948934360,"level":"debug","message":"Page request: GET (stylesheet) https://fonts.googleapis.com/css2?family=Montserrat:wght@500&family=Open+Sans:wght@300&display=swap","meta":{"rootId":"p3spkr94ya4u6cc","id":"p3spkr94ya4u6cc"},"id":"05drds13q7kktj9","previousOperationId":"1of6s7e24g22ghk"}
{"type":"log","timestamp":1663948934590,"level":"debug","message":"Page request finished: GET (stylesheet) 200 https://fonts.googleapis.com/css2?family=Montserrat:wght@500&family=Open+Sans:wght@300&display=swap","meta":{"rootId":"p3spkr94ya4u6cc","id":"p3spkr94ya4u6cc"},"id":"fpiye5wibbmmjeq","previousOperationId":"1of6s7e24g22ghk"}
{"type":"log","timestamp":1663948934622,"level":"debug","message":"Page request: GET (font) https://fonts.gstatic.com/s/opensans/v34/memSYaGs126MiZpBA-UvWbX2vVnXBbObj2OVZyOOSr4dVJWUgsiH0B4gaVQUwaEQbjA.woff","meta":{"rootId":"p3spkr94ya4u6cc","id":"p3spkr94ya4u6cc"},"id":"yrn5wqrlak1t16f","previousOperationId":"1of6s7e24g22ghk"}
{"type":"log","timestamp":1663948934629,"level":"debug","message":"Running chrome with params {\"scale\":1,\"displayHeaderFooter\":true,\"headerTemplate\":\"...\",\"footerTemplate\":\"...\",\"printBackground\":true,\"pageRanges\":\"\",\"format\":\"A4\",\"width\":\"\",\"height\":\"\",\"marginTop\":\"350px\",\"marginRight\":\"20px\",\"marginBottom\":\"80px\",\"marginLeft\":\"20px\",\"waitForJS\":false,\"waitForNetworkIddle\":false,\"timeout\":57778,\"waitForNetworkIdle\":false,\"margin\":{\"top\":\"350px\",\"right\":\"20px\",\"bottom\":\"80px\",\"left\":\"20px\"}}","meta":{"rootId":"p3spkr94ya4u6cc","id":"p3spkr94ya4u6cc"},"id":"1w2c6jf8dhavi6a","previousOperationId":"1of6s7e24g22ghk"}
{"type":"log","timestamp":1663948934636,"level":"debug","message":"Page request: GET (font) https://fonts.gstatic.com/s/opensans/v34/memSYaGs126MiZpBA-UvWbX2vVnXBbObj2OVZyOOSr4dVJWUgsiH0B4gaVQUwaEQbjA.woff","meta":{"rootId":"p3spkr94ya4u6cc","id":"p3spkr94ya4u6cc"},"id":"fkvk440qi0mmozh","previousOperationId":"1of6s7e24g22ghk"}
{"type":"operationEnd","operationId":"1of6s7e24g22ghk","timestamp":1663948934943,"id":"72bllzr35v8mczs","previousEventId":"z560t6o87bygb7a","previousOperationId":"1of6s7e24g22ghk"}
{"type":"log","timestamp":1663948934943,"level":"debug","message":"Skipping storing report.","meta":{"rootId":"p3spkr94ya4u6cc","id":"p3spkr94ya4u6cc"},"id":"eoqfabyfaegnjnk","previousOperationId":"1of6s7e24g22ghk"}
{"type":"log","timestamp":1663948934944,"level":"info","message":"Rendering request 1 finished in 5294 ms","meta":{"rootId":"p3spkr94ya4u6cc","id":"p3spkr94ya4u6cc"},"id":"7x2tlr20thxl9kc","previousOperationId":"1of6s7e24g22ghk"}
{"type":"operationEnd","subtype":"render","operationId":"h7el9ky04z46l3l","timestamp":1663948934945,"id":"aqxe8m53p8kcx0v","previousEventId":"72bllzr35v8mczs","previousOperationId":"1of6s7e24g22ghk"}
{"type":"operationEnd","doDiffs":false,"previousEventId":"krsp7acz03pkktj","previousOperationId":"p0kuzmh6j2krm3f","operationId":"p0kuzmh6j2krm3f","timestamp":1663948934952,"id":"2uov4fgepkrlwxq"}
