{"type":"operationStart","subtype":"profile","data":{"_id":"oAAU6EfRSgpjX2Wi","timestamp":"2022-09-23T15:57:25.047Z","state":"queued","mode":"standard","creationDate":"2022-09-23T15:57:25.051Z","modificationDate":"2022-09-23T15:57:25.051Z","shortid":"YLaXFaD","$entitySet":"profiles"},"doDiffs":false,"timestamp":1663948645049,"id":"zg875tur9stb4c8","previousOperationId":null,"operationId":"3y3wo4gac54jkzi"}
{"type":"log","level":"info","message":"Render request 1 queued for execution and waiting for available worker","previousOperationId":"3y3wo4gac54jkzi","timestamp":1663948645049,"id":"mtxbbbrtj9xdu21"}
{"type":"operationStart","subtype":"render","name":"anonymous","previousOperationId":"3y3wo4gac54jkzi","timestamp":1663948645075,"id":"fn69lydavxny7ti","previousEventId":"zg875tur9stb4c8","operationId":"e8ec5xyj7vrka5r"}
{"type":"log","timestamp":1663948645077,"level":"info","message":"Starting rendering request 1 (user: null)","meta":{"rootId":"p48x094sm53xxvu","id":"p48x094sm53xxvu"},"id":"lmc87g3v68wxitf","previousOperationId":"e8ec5xyj7vrka5r"}
{"type":"log","timestamp":1663948645147,"level":"info","message":"Rendering anonymous template { recipe: chrome-pdf, engine: handlebars }","meta":{"rootId":"p48x094sm53xxvu","id":"p48x094sm53xxvu"},"id":"ri3q3vk4ajnge9h","previousOperationId":"e8ec5xyj7vrka5r"}
{"type":"log","timestamp":1663948645147,"level":"debug","message":"Data item not defined for this template.","meta":{"rootId":"p48x094sm53xxvu","id":"p48x094sm53xxvu"},"id":"ld28tgn2ow30nds","previousOperationId":"e8ec5xyj7vrka5r"}
{"type":"log","timestamp":1663948645184,"level":"debug","message":"Base url not specified, skipping its injection.","meta":{"rootId":"p48x094sm53xxvu","id":"p48x094sm53xxvu"},"id":"585na65cfmw2jnu","previousOperationId":"e8ec5xyj7vrka5r"}
{"type":"operationStart","subtype":"engine","name":"handlebars","timestamp":1663948645186,"id":"mtowciiyuk0ujtf","previousEventId":"fn69lydavxny7ti","operationId":"4dlhc6pau00i4xq","previousOperationId":"e8ec5xyj7vrka5r"}
{"type":"log","timestamp":1663948645186,"level":"debug","message":"Rendering engine handlebars","meta":{"rootId":"p48x094sm53xxvu","id":"p48x094sm53xxvu"},"id":"s2j60fty43xnhv6","previousOperationId":"4dlhc6pau00i4xq"}
{"type":"operationEnd","operationId":"4dlhc6pau00i4xq","timestamp":1663948646509,"id":"zf2hvwsbd33v4dr","previousEventId":"mtowciiyuk0ujtf","previousOperationId":"4dlhc6pau00i4xq"}
{"type":"operationStart","subtype":"recipe","name":"chrome-pdf","timestamp":1663948646511,"id":"rdy1oyqwvd8wief","previousEventId":"zf2hvwsbd33v4dr","operationId":"k0i4g0v5lz6hndg","previousOperationId":"4dlhc6pau00i4xq"}
{"type":"log","timestamp":1663948646511,"level":"debug","message":"Executing recipe chrome-pdf","meta":{"rootId":"p48x094sm53xxvu","id":"p48x094sm53xxvu"},"id":"byx21vuxmn7gimr","previousOperationId":"k0i4g0v5lz6hndg"}
{"type":"log","timestamp":1663948646747,"level":"debug","message":"Starting child request to render pdf header","meta":{"rootId":"p48x094sm53xxvu","id":"p48x094sm53xxvu"},"id":"ajptuwxul353a9e","previousOperationId":"k0i4g0v5lz6hndg"}
{"type":"operationStart","subtype":"render","name":"anonymous","previousOperationId":"k0i4g0v5lz6hndg","timestamp":1663948646748,"id":"bqa5evfzcuodxvx","previousEventId":"rdy1oyqwvd8wief","operationId":"4qurbbnj3nwu9o7"}
{"type":"log","timestamp":1663948646749,"level":"info","message":"Starting rendering request 1 (user: null)","meta":{"rootId":"p48x094sm53xxvu","id":"51bhzi55cjxz3ws"},"id":"w0u8sjc1pf0phyd","previousOperationId":"4qurbbnj3nwu9o7"}
{"type":"log","timestamp":1663948646749,"level":"info","message":"Rendering anonymous template { recipe: html, engine: handlebars }","meta":{"rootId":"p48x094sm53xxvu","id":"51bhzi55cjxz3ws"},"id":"msoop1on83nh7gl","previousOperationId":"4qurbbnj3nwu9o7"}
{"type":"log","timestamp":1663948646749,"level":"debug","message":"Data item not defined for this template.","meta":{"rootId":"p48x094sm53xxvu","id":"51bhzi55cjxz3ws"},"id":"9uex6inclsz48lo","previousOperationId":"4qurbbnj3nwu9o7"}
{"type":"log","timestamp":1663948646754,"level":"debug","message":"Base url not specified, skipping its injection.","meta":{"rootId":"p48x094sm53xxvu","id":"51bhzi55cjxz3ws"},"id":"gyl2ydq3vl9f9pt","previousOperationId":"4qurbbnj3nwu9o7"}
{"type":"log","timestamp":1663948646784,"level":"debug","message":"Replaced assets [\"./src/reporting/assets/logo.png\"]","meta":{"rootId":"p48x094sm53xxvu","id":"51bhzi55cjxz3ws"},"id":"8oje46odk4cfj05","previousOperationId":"4qurbbnj3nwu9o7"}
{"type":"operationStart","subtype":"engine","name":"handlebars","timestamp":1663948646784,"id":"bahvqhbvsv2a7ey","previousEventId":"bqa5evfzcuodxvx","operationId":"ko470db2n5oi4nx","previousOperationId":"4qurbbnj3nwu9o7"}
{"type":"log","timestamp":1663948646784,"level":"debug","message":"Rendering engine handlebars","meta":{"rootId":"p48x094sm53xxvu","id":"51bhzi55cjxz3ws"},"id":"jecohrod9z6hpw9","previousOperationId":"ko470db2n5oi4nx"}
{"type":"operationEnd","operationId":"ko470db2n5oi4nx","timestamp":1663948646807,"id":"303awvp0gxqsoz8","previousEventId":"bahvqhbvsv2a7ey","previousOperationId":"ko470db2n5oi4nx"}
{"type":"operationStart","subtype":"recipe","name":"html","timestamp":1663948646808,"id":"09fssh1olnccgk0","previousEventId":"303awvp0gxqsoz8","operationId":"k9m7or8jyeasfcn","previousOperationId":"ko470db2n5oi4nx"}
{"type":"log","timestamp":1663948646808,"level":"debug","message":"Executing recipe html","meta":{"rootId":"p48x094sm53xxvu","id":"51bhzi55cjxz3ws"},"id":"x4s67cqqwh66jl6","previousOperationId":"k9m7or8jyeasfcn"}
{"type":"operationEnd","operationId":"k9m7or8jyeasfcn","timestamp":1663948646808,"id":"000fogj58v38f4p","previousEventId":"09fssh1olnccgk0","previousOperationId":"k9m7or8jyeasfcn"}
{"type":"log","timestamp":1663948646810,"level":"debug","message":"Skipping storing report.","meta":{"rootId":"p48x094sm53xxvu","id":"51bhzi55cjxz3ws"},"id":"b8bfnexr9kn7kyz","previousOperationId":"k9m7or8jyeasfcn"}
{"type":"log","timestamp":1663948646810,"level":"info","message":"Rendering request 1 finished in 1765 ms","meta":{"rootId":"p48x094sm53xxvu","id":"51bhzi55cjxz3ws"},"id":"ffi365hleo6nucu","previousOperationId":"k9m7or8jyeasfcn"}
{"type":"operationEnd","subtype":"render","operationId":"4qurbbnj3nwu9o7","timestamp":1663948646810,"id":"t5f9a6nd6ue6t07","previousEventId":"000fogj58v38f4p","previousOperationId":"k9m7or8jyeasfcn"}
{"type":"log","timestamp":1663948646811,"level":"debug","message":"Starting child request to render pdf footer","meta":{"rootId":"p48x094sm53xxvu","id":"p48x094sm53xxvu"},"id":"34wrd0trllzsz0d","previousOperationId":"k0i4g0v5lz6hndg"}
{"type":"operationStart","subtype":"render","name":"anonymous","previousOperationId":"k0i4g0v5lz6hndg","timestamp":1663948646813,"id":"esjdn6kzgwns44n","previousEventId":"rdy1oyqwvd8wief","operationId":"gyg3zmybfz79edo"}
{"type":"log","timestamp":1663948646813,"level":"info","message":"Starting rendering request 1 (user: null)","meta":{"rootId":"p48x094sm53xxvu","id":"7lj2aqzar8vu9w7"},"id":"q6gxjio8vi3yfuf","previousOperationId":"gyg3zmybfz79edo"}
{"type":"log","timestamp":1663948646813,"level":"info","message":"Rendering anonymous template { recipe: html, engine: handlebars }","meta":{"rootId":"p48x094sm53xxvu","id":"7lj2aqzar8vu9w7"},"id":"ofgv2yhl135dp2z","previousOperationId":"gyg3zmybfz79edo"}
{"type":"log","timestamp":1663948646814,"level":"debug","message":"Data item not defined for this template.","meta":{"rootId":"p48x094sm53xxvu","id":"7lj2aqzar8vu9w7"},"id":"2qulj9p3d95fwvv","previousOperationId":"gyg3zmybfz79edo"}
{"type":"log","timestamp":1663948646820,"level":"debug","message":"Base url not specified, skipping its injection.","meta":{"rootId":"p48x094sm53xxvu","id":"7lj2aqzar8vu9w7"},"id":"brk054nq9fxaa7h","previousOperationId":"gyg3zmybfz79edo"}
{"type":"operationStart","subtype":"engine","name":"handlebars","timestamp":1663948646821,"id":"r5em6ad3ls3fh0h","previousEventId":"esjdn6kzgwns44n","operationId":"1rx7wwvff3qdoaf","previousOperationId":"gyg3zmybfz79edo"}
{"type":"log","timestamp":1663948646821,"level":"debug","message":"Rendering engine handlebars","meta":{"rootId":"p48x094sm53xxvu","id":"7lj2aqzar8vu9w7"},"id":"5nr89b6ln3uxqy9","previousOperationId":"1rx7wwvff3qdoaf"}
{"type":"operationEnd","operationId":"1rx7wwvff3qdoaf","timestamp":1663948646845,"id":"jx7seyr7ewz6bm6","previousEventId":"r5em6ad3ls3fh0h","previousOperationId":"1rx7wwvff3qdoaf"}
{"type":"operationStart","subtype":"recipe","name":"html","timestamp":1663948646846,"id":"mue3g03xp5b9fk1","previousEventId":"jx7seyr7ewz6bm6","operationId":"ydqoqw3uqojoi8t","previousOperationId":"1rx7wwvff3qdoaf"}
{"type":"log","timestamp":1663948646846,"level":"debug","message":"Executing recipe html","meta":{"rootId":"p48x094sm53xxvu","id":"7lj2aqzar8vu9w7"},"id":"v1rlpj2yd7p1zc6","previousOperationId":"ydqoqw3uqojoi8t"}
{"type":"operationEnd","operationId":"ydqoqw3uqojoi8t","timestamp":1663948646846,"id":"a0avf0mg0yy038e","previousEventId":"mue3g03xp5b9fk1","previousOperationId":"ydqoqw3uqojoi8t"}
{"type":"log","timestamp":1663948646846,"level":"debug","message":"Skipping storing report.","meta":{"rootId":"p48x094sm53xxvu","id":"7lj2aqzar8vu9w7"},"id":"530i6wajgys5na9","previousOperationId":"ydqoqw3uqojoi8t"}
{"type":"log","timestamp":1663948646846,"level":"info","message":"Rendering request 1 finished in 1801 ms","meta":{"rootId":"p48x094sm53xxvu","id":"7lj2aqzar8vu9w7"},"id":"ow4isv1xnfctmj4","previousOperationId":"ydqoqw3uqojoi8t"}
{"type":"operationEnd","subtype":"render","operationId":"gyg3zmybfz79edo","timestamp":1663948646846,"id":"azwn432al8n9llt","previousEventId":"a0avf0mg0yy038e","previousOperationId":"ydqoqw3uqojoi8t"}
{"type":"log","timestamp":1663948648438,"level":"debug","message":"Converting with chrome HeadlessChrome/98.0.4758.0 using chrome-pool strategy","meta":{"rootId":"p48x094sm53xxvu","id":"p48x094sm53xxvu"},"id":"b6sp2r03xb45tug","previousOperationId":"k0i4g0v5lz6hndg"}
{"type":"log","timestamp":1663948648786,"level":"debug","message":"Page request: GET (document) file:///var/folders/8m/98z140gs3yzbw6jqmpbh8b8m0000gn/T/jsreport/autocleanup/b850b6a8-b4d4-49dd-8d9b-8cff127f2837-chrome-pdf.html","meta":{"rootId":"p48x094sm53xxvu","id":"p48x094sm53xxvu"},"id":"9n7511sn3li4w77","previousOperationId":"k0i4g0v5lz6hndg"}
{"type":"log","timestamp":1663948648832,"level":"debug","message":"Page request finished: GET (document) file:///var/folders/8m/98z140gs3yzbw6jqmpbh8b8m0000gn/T/jsreport/autocleanup/b850b6a8-b4d4-49dd-8d9b-8cff127f2837-chrome-pdf.html","meta":{"rootId":"p48x094sm53xxvu","id":"p48x094sm53xxvu"},"id":"xz1cp4646j7x3m9","previousOperationId":"k0i4g0v5lz6hndg"}
{"type":"log","timestamp":1663948648842,"level":"debug","message":"Page request: GET (stylesheet) https://fonts.googleapis.com/css2?family=Montserrat:wght@500&family=Open+Sans:wght@300&display=swap","meta":{"rootId":"p48x094sm53xxvu","id":"p48x094sm53xxvu"},"id":"0ccj9qnwygf6cyi","previousOperationId":"k0i4g0v5lz6hndg"}
{"type":"log","timestamp":1663948649139,"level":"debug","message":"Page request finished: GET (stylesheet) 200 https://fonts.googleapis.com/css2?family=Montserrat:wght@500&family=Open+Sans:wght@300&display=swap","meta":{"rootId":"p48x094sm53xxvu","id":"p48x094sm53xxvu"},"id":"tl1kvvpy8zea9l0","previousOperationId":"k0i4g0v5lz6hndg"}
{"type":"log","timestamp":1663948649193,"level":"debug","message":"Page request: GET (font) https://fonts.gstatic.com/s/opensans/v34/memSYaGs126MiZpBA-UvWbX2vVnXBbObj2OVZyOOSr4dVJWUgsiH0B4gaVQUwaEQbjA.woff","meta":{"rootId":"p48x094sm53xxvu","id":"p48x094sm53xxvu"},"id":"ovlgt6c6d87vy2z","previousOperationId":"k0i4g0v5lz6hndg"}
{"type":"log","timestamp":1663948649205,"level":"debug","message":"Page request: GET (font) https://fonts.gstatic.com/s/opensans/v34/memSYaGs126MiZpBA-UvWbX2vVnXBbObj2OVZyOOSr4dVJWUgsiH0B4gaVQUwaEQbjA.woff","meta":{"rootId":"p48x094sm53xxvu","id":"p48x094sm53xxvu"},"id":"wul5k5n4h7jqpsn","previousOperationId":"k0i4g0v5lz6hndg"}
{"type":"log","timestamp":1663948649494,"level":"debug","message":"Page request finished: GET (font) 200 https://fonts.gstatic.com/s/opensans/v34/memSYaGs126MiZpBA-UvWbX2vVnXBbObj2OVZyOOSr4dVJWUgsiH0B4gaVQUwaEQbjA.woff","meta":{"rootId":"p48x094sm53xxvu","id":"p48x094sm53xxvu"},"id":"baxre53jacvc42a","previousOperationId":"k0i4g0v5lz6hndg"}
{"type":"log","timestamp":1663948649518,"level":"debug","message":"Running chrome with params {\"scale\":1,\"displayHeaderFooter\":true,\"headerTemplate\":\"...\",\"footerTemplate\":\"...\",\"printBackground\":true,\"pageRanges\":\"\",\"format\":\"A4\",\"width\":\"\",\"height\":\"\",\"marginTop\":\"350px\",\"marginRight\":\"20px\",\"marginBottom\":\"80px\",\"marginLeft\":\"20px\",\"waitForJS\":false,\"waitForNetworkIddle\":false,\"timeout\":58198,\"waitForNetworkIdle\":false,\"margin\":{\"top\":\"350px\",\"right\":\"20px\",\"bottom\":\"80px\",\"left\":\"20px\"}}","meta":{"rootId":"p48x094sm53xxvu","id":"p48x094sm53xxvu"},"id":"inbu8rsjvar2dvf","previousOperationId":"k0i4g0v5lz6hndg"}
{"type":"operationEnd","operationId":"k0i4g0v5lz6hndg","timestamp":1663948649782,"id":"4x3ubutwilsyy7c","previousEventId":"rdy1oyqwvd8wief","previousOperationId":"k0i4g0v5lz6hndg"}
{"type":"log","timestamp":1663948649782,"level":"debug","message":"Skipping storing report.","meta":{"rootId":"p48x094sm53xxvu","id":"p48x094sm53xxvu"},"id":"kyx2rtxuuidqb2r","previousOperationId":"k0i4g0v5lz6hndg"}
{"type":"log","timestamp":1663948649783,"level":"info","message":"Rendering request 1 finished in 4738 ms","meta":{"rootId":"p48x094sm53xxvu","id":"p48x094sm53xxvu"},"id":"j0lhsyqet5bxork","previousOperationId":"k0i4g0v5lz6hndg"}
{"type":"operationEnd","subtype":"render","operationId":"e8ec5xyj7vrka5r","timestamp":1663948649783,"id":"2pam52lrd3br5jb","previousEventId":"4x3ubutwilsyy7c","previousOperationId":"k0i4g0v5lz6hndg"}
{"type":"operationEnd","doDiffs":false,"previousEventId":"zg875tur9stb4c8","previousOperationId":"3y3wo4gac54jkzi","operationId":"3y3wo4gac54jkzi","timestamp":1663948649793,"id":"n5djtt0ra51dru9"}
