{"type":"operationStart","subtype":"profile","data":{"_id":"7yW7ehn7lmeroKRN","timestamp":"2023-03-13T20:54:09.860Z","state":"queued","mode":"standard","creationDate":"2023-03-13T20:54:09.868Z","modificationDate":"2023-03-13T20:54:09.868Z","shortid":"ONYp-2A","$entitySet":"profiles"},"doDiffs":false,"timestamp":1678740849866,"id":"4dosiiwatmbo4c1","previousOperationId":null,"operationId":"sjdlmeq9ylfz72m"}
{"type":"log","level":"info","message":"Render request 1 queued for execution and waiting for available worker","previousOperationId":"sjdlmeq9ylfz72m","timestamp":1678740849866,"id":"qcniacrnslfzje0"}
{"type":"operationStart","subtype":"render","name":"anonymous","previousOperationId":"sjdlmeq9ylfz72m","timestamp":1678740849898,"id":"idad9ifm3fuqepc","previousEventId":"4dosiiwatmbo4c1","operationId":"eqh3pp46vwn6pnx"}
{"type":"log","timestamp":1678740849901,"level":"info","message":"Starting rendering request 1 (user: null)","meta":{"rootId":"pc2kfax64u2vuhi","id":"pc2kfax64u2vuhi"},"id":"jdbz553hnk2mhjz","previousOperationId":"eqh3pp46vwn6pnx"}
{"type":"log","timestamp":1678740849906,"level":"info","message":"Rendering anonymous template { recipe: chrome-pdf, engine: handlebars }","meta":{"rootId":"pc2kfax64u2vuhi","id":"pc2kfax64u2vuhi"},"id":"moy7yxk4jbor0j8","previousOperationId":"eqh3pp46vwn6pnx"}
{"type":"log","timestamp":1678740849907,"level":"debug","message":"Inline data specified.","meta":{"rootId":"pc2kfax64u2vuhi","id":"pc2kfax64u2vuhi"},"id":"4gdqppgp1rctf4u","previousOperationId":"eqh3pp46vwn6pnx"}
{"type":"log","timestamp":1678740849915,"level":"debug","message":"Base url not specified, skipping its injection.","meta":{"rootId":"pc2kfax64u2vuhi","id":"pc2kfax64u2vuhi"},"id":"sugludlpqwjhkta","previousOperationId":"eqh3pp46vwn6pnx"}
{"type":"operationStart","subtype":"engine","name":"handlebars","timestamp":1678740849917,"id":"6icvi6jd85tom2u","previousEventId":"idad9ifm3fuqepc","operationId":"rw0a6ehnbk1d99u","previousOperationId":"eqh3pp46vwn6pnx"}
{"type":"log","timestamp":1678740849917,"level":"debug","message":"Rendering engine handlebars","meta":{"rootId":"pc2kfax64u2vuhi","id":"pc2kfax64u2vuhi"},"id":"wml54hgii069b5p","previousOperationId":"rw0a6ehnbk1d99u"}
{"type":"operationEnd","operationId":"rw0a6ehnbk1d99u","timestamp":1678740850922,"id":"wqwzb512qptg4x4","previousEventId":"6icvi6jd85tom2u","previousOperationId":"rw0a6ehnbk1d99u"}
{"type":"operationStart","subtype":"recipe","name":"chrome-pdf","timestamp":1678740850923,"id":"t34f10pbj98y0yq","previousEventId":"wqwzb512qptg4x4","operationId":"7ruz68tfggvu41u","previousOperationId":"rw0a6ehnbk1d99u"}
{"type":"log","timestamp":1678740850923,"level":"debug","message":"Executing recipe chrome-pdf","meta":{"rootId":"pc2kfax64u2vuhi","id":"pc2kfax64u2vuhi"},"id":"mjsk0nnwit1f1o2","previousOperationId":"7ruz68tfggvu41u"}
{"type":"log","timestamp":1678740851110,"level":"debug","message":"Starting child request to render pdf header","meta":{"rootId":"pc2kfax64u2vuhi","id":"pc2kfax64u2vuhi"},"id":"xd3ex2qho54y9hp","previousOperationId":"7ruz68tfggvu41u"}
{"type":"operationStart","subtype":"render","name":"anonymous","previousOperationId":"7ruz68tfggvu41u","timestamp":1678740851110,"id":"r8zgp04in9unmr6","previousEventId":"t34f10pbj98y0yq","operationId":"8osj0mv3ubngoqw"}
{"type":"log","timestamp":1678740851111,"level":"info","message":"Starting rendering request 1 (user: null)","meta":{"rootId":"pc2kfax64u2vuhi","id":"rgmnnjvilww39zm"},"id":"uge32cac0x4wtwx","previousOperationId":"8osj0mv3ubngoqw"}
{"type":"log","timestamp":1678740851111,"level":"info","message":"Rendering anonymous template { recipe: html, engine: handlebars }","meta":{"rootId":"pc2kfax64u2vuhi","id":"rgmnnjvilww39zm"},"id":"i0zz0kx2xq64a3t","previousOperationId":"8osj0mv3ubngoqw"}
{"type":"log","timestamp":1678740851111,"level":"debug","message":"Inline data specified.","meta":{"rootId":"pc2kfax64u2vuhi","id":"rgmnnjvilww39zm"},"id":"wehu5kvbrww80zk","previousOperationId":"8osj0mv3ubngoqw"}
{"type":"log","timestamp":1678740851115,"level":"debug","message":"Base url not specified, skipping its injection.","meta":{"rootId":"pc2kfax64u2vuhi","id":"rgmnnjvilww39zm"},"id":"glczejfhkhc2zd9","previousOperationId":"8osj0mv3ubngoqw"}
{"type":"log","timestamp":1678740851124,"level":"debug","message":"Replaced assets [\"./src/reporting/assets/logo.png\"]","meta":{"rootId":"pc2kfax64u2vuhi","id":"rgmnnjvilww39zm"},"id":"2ldbg7728q5gkzx","previousOperationId":"8osj0mv3ubngoqw"}
{"type":"operationStart","subtype":"engine","name":"handlebars","timestamp":1678740851124,"id":"sma1cqmyu6inh56","previousEventId":"r8zgp04in9unmr6","operationId":"wmrzgwz8eqqldo8","previousOperationId":"8osj0mv3ubngoqw"}
{"type":"log","timestamp":1678740851124,"level":"debug","message":"Rendering engine handlebars","meta":{"rootId":"pc2kfax64u2vuhi","id":"rgmnnjvilww39zm"},"id":"xekmp7e42gjmxt2","previousOperationId":"wmrzgwz8eqqldo8"}
{"type":"operationEnd","operationId":"wmrzgwz8eqqldo8","timestamp":1678740851157,"id":"tm3hs3k0m7rmsq3","previousEventId":"sma1cqmyu6inh56","previousOperationId":"wmrzgwz8eqqldo8"}
{"type":"operationStart","subtype":"recipe","name":"html","timestamp":1678740851158,"id":"p0w3lb3838hed0j","previousEventId":"tm3hs3k0m7rmsq3","operationId":"gcynppiuyylz1k6","previousOperationId":"wmrzgwz8eqqldo8"}
{"type":"log","timestamp":1678740851158,"level":"debug","message":"Executing recipe html","meta":{"rootId":"pc2kfax64u2vuhi","id":"rgmnnjvilww39zm"},"id":"1zc9qxjywu1rh2r","previousOperationId":"gcynppiuyylz1k6"}
{"type":"operationEnd","operationId":"gcynppiuyylz1k6","timestamp":1678740851158,"id":"4br9jzo7y09v40f","previousEventId":"p0w3lb3838hed0j","previousOperationId":"gcynppiuyylz1k6"}
{"type":"log","timestamp":1678740851160,"level":"debug","message":"Skipping storing report.","meta":{"rootId":"pc2kfax64u2vuhi","id":"rgmnnjvilww39zm"},"id":"0z5sfwzvq6be8k1","previousOperationId":"gcynppiuyylz1k6"}
{"type":"log","timestamp":1678740851160,"level":"info","message":"Rendering request 1 finished in 1301 ms","meta":{"rootId":"pc2kfax64u2vuhi","id":"rgmnnjvilww39zm"},"id":"wljt0uf4fjtefhh","previousOperationId":"gcynppiuyylz1k6"}
{"type":"operationEnd","subtype":"render","operationId":"8osj0mv3ubngoqw","timestamp":1678740851160,"id":"evmqke82elvojqd","previousEventId":"4br9jzo7y09v40f","previousOperationId":"gcynppiuyylz1k6"}
{"type":"log","timestamp":1678740851161,"level":"debug","message":"Starting child request to render pdf footer","meta":{"rootId":"pc2kfax64u2vuhi","id":"pc2kfax64u2vuhi"},"id":"flbaqfv7g9vivoa","previousOperationId":"7ruz68tfggvu41u"}
{"type":"operationStart","subtype":"render","name":"anonymous","previousOperationId":"7ruz68tfggvu41u","timestamp":1678740851161,"id":"hr0ry6p6wa96yvz","previousEventId":"t34f10pbj98y0yq","operationId":"k3svnxae1d976uw"}
{"type":"log","timestamp":1678740851161,"level":"info","message":"Starting rendering request 1 (user: null)","meta":{"rootId":"pc2kfax64u2vuhi","id":"m9qpcv7t1u75roa"},"id":"kjd7o7tg9m6dp8d","previousOperationId":"k3svnxae1d976uw"}
{"type":"log","timestamp":1678740851161,"level":"info","message":"Rendering anonymous template { recipe: html, engine: handlebars }","meta":{"rootId":"pc2kfax64u2vuhi","id":"m9qpcv7t1u75roa"},"id":"d28cwp9fr58x4ai","previousOperationId":"k3svnxae1d976uw"}
{"type":"log","timestamp":1678740851162,"level":"debug","message":"Inline data specified.","meta":{"rootId":"pc2kfax64u2vuhi","id":"m9qpcv7t1u75roa"},"id":"b0pi8qoloemjvl7","previousOperationId":"k3svnxae1d976uw"}
{"type":"log","timestamp":1678740851167,"level":"debug","message":"Base url not specified, skipping its injection.","meta":{"rootId":"pc2kfax64u2vuhi","id":"m9qpcv7t1u75roa"},"id":"7hqjmbwqdwi89lq","previousOperationId":"k3svnxae1d976uw"}
{"type":"operationStart","subtype":"engine","name":"handlebars","timestamp":1678740851168,"id":"12thyin29wbi0x9","previousEventId":"hr0ry6p6wa96yvz","operationId":"7em874x0o4qb95a","previousOperationId":"k3svnxae1d976uw"}
{"type":"log","timestamp":1678740851168,"level":"debug","message":"Rendering engine handlebars","meta":{"rootId":"pc2kfax64u2vuhi","id":"m9qpcv7t1u75roa"},"id":"9yeuwwqgednllj4","previousOperationId":"7em874x0o4qb95a"}
{"type":"operationEnd","operationId":"7em874x0o4qb95a","timestamp":1678740851191,"id":"t5aoaao7nrh6ezm","previousEventId":"12thyin29wbi0x9","previousOperationId":"7em874x0o4qb95a"}
{"type":"operationStart","subtype":"recipe","name":"html","timestamp":1678740851192,"id":"i484vbd8pjrsl61","previousEventId":"t5aoaao7nrh6ezm","operationId":"z7gifzrfq0w45h4","previousOperationId":"7em874x0o4qb95a"}
{"type":"log","timestamp":1678740851192,"level":"debug","message":"Executing recipe html","meta":{"rootId":"pc2kfax64u2vuhi","id":"m9qpcv7t1u75roa"},"id":"ptye2yaq1c87myp","previousOperationId":"z7gifzrfq0w45h4"}
{"type":"operationEnd","operationId":"z7gifzrfq0w45h4","timestamp":1678740851192,"id":"4qmsp6j285tr73a","previousEventId":"i484vbd8pjrsl61","previousOperationId":"z7gifzrfq0w45h4"}
{"type":"log","timestamp":1678740851192,"level":"debug","message":"Skipping storing report.","meta":{"rootId":"pc2kfax64u2vuhi","id":"m9qpcv7t1u75roa"},"id":"gjemz3xbvskkr4f","previousOperationId":"z7gifzrfq0w45h4"}
{"type":"log","timestamp":1678740851192,"level":"info","message":"Rendering request 1 finished in 1333 ms","meta":{"rootId":"pc2kfax64u2vuhi","id":"m9qpcv7t1u75roa"},"id":"3j6yss0fubrg5ij","previousOperationId":"z7gifzrfq0w45h4"}
{"type":"operationEnd","subtype":"render","operationId":"k3svnxae1d976uw","timestamp":1678740851192,"id":"3w1sbcq49k1hz3b","previousEventId":"4qmsp6j285tr73a","previousOperationId":"z7gifzrfq0w45h4"}
{"type":"log","timestamp":1678740851456,"level":"debug","message":"Converting with chrome HeadlessChrome/98.0.4758.0 using chrome-pool strategy","meta":{"rootId":"pc2kfax64u2vuhi","id":"pc2kfax64u2vuhi"},"id":"f7fncozxinz9pmm","previousOperationId":"7ruz68tfggvu41u"}
{"type":"log","timestamp":1678740851739,"level":"debug","message":"Page request: GET (document) file:///C:/Users/ADMINI~1/AppData/Local/Temp/jsreport/autocleanup/c389faac-0d9a-4699-bea8-7d31040a9c2d-chrome-pdf.html","meta":{"rootId":"pc2kfax64u2vuhi","id":"pc2kfax64u2vuhi"},"id":"o6aqqzxppzf8b9t","previousOperationId":"7ruz68tfggvu41u"}
{"type":"log","timestamp":1678740851778,"level":"debug","message":"Page request finished: GET (document) file:///C:/Users/ADMINI~1/AppData/Local/Temp/jsreport/autocleanup/c389faac-0d9a-4699-bea8-7d31040a9c2d-chrome-pdf.html","meta":{"rootId":"pc2kfax64u2vuhi","id":"pc2kfax64u2vuhi"},"id":"sil8buqgod3n9ar","previousOperationId":"7ruz68tfggvu41u"}
{"type":"log","timestamp":1678740851783,"level":"debug","message":"Page request: GET (stylesheet) https://fonts.googleapis.com/css2?family=Montserrat:wght@500&family=Open+Sans:wght@300&display=swap","meta":{"rootId":"pc2kfax64u2vuhi","id":"pc2kfax64u2vuhi"},"id":"gnoncxmnj1vqvp2","previousOperationId":"7ruz68tfggvu41u"}
{"type":"log","timestamp":1678740852114,"level":"debug","message":"Page request finished: GET (stylesheet) 200 https://fonts.googleapis.com/css2?family=Montserrat:wght@500&family=Open+Sans:wght@300&display=swap","meta":{"rootId":"pc2kfax64u2vuhi","id":"pc2kfax64u2vuhi"},"id":"tbxr7e1hp46fbrd","previousOperationId":"7ruz68tfggvu41u"}
{"type":"log","timestamp":1678740852194,"level":"debug","message":"Page request: GET (font) https://fonts.gstatic.com/s/opensans/v34/memSYaGs126MiZpBA-UvWbX2vVnXBbObj2OVZyOOSr4dVJWUgsiH0B4gaVI.woff2","meta":{"rootId":"pc2kfax64u2vuhi","id":"pc2kfax64u2vuhi"},"id":"ayzygs0ohb3uwin","previousOperationId":"7ruz68tfggvu41u"}
{"type":"log","timestamp":1678740852200,"level":"debug","message":"Page request: GET (font) https://fonts.gstatic.com/s/opensans/v34/memSYaGs126MiZpBA-UvWbX2vVnXBbObj2OVZyOOSr4dVJWUgsiH0B4gaVI.woff2","meta":{"rootId":"pc2kfax64u2vuhi","id":"pc2kfax64u2vuhi"},"id":"jp2qhh0dwx7ax7f","previousOperationId":"7ruz68tfggvu41u"}
{"type":"log","timestamp":1678740852624,"level":"debug","message":"Page request finished: GET (font) 200 https://fonts.gstatic.com/s/opensans/v34/memSYaGs126MiZpBA-UvWbX2vVnXBbObj2OVZyOOSr4dVJWUgsiH0B4gaVI.woff2","meta":{"rootId":"pc2kfax64u2vuhi","id":"pc2kfax64u2vuhi"},"id":"0a871yff3e4npqo","previousOperationId":"7ruz68tfggvu41u"}
{"type":"log","timestamp":1678740852655,"level":"debug","message":"Running chrome with params {\"scale\":1,\"displayHeaderFooter\":true,\"headerTemplate\":\"...\",\"footerTemplate\":\"...\",\"printBackground\":true,\"pageRanges\":\"\",\"format\":\"A4\",\"width\":\"\",\"height\":\"\",\"marginTop\":\"350px\",\"marginRight\":\"20px\",\"marginBottom\":\"80px\",\"marginLeft\":\"20px\",\"waitForJS\":false,\"waitForNetworkIddle\":false,\"timeout\":58667,\"waitForNetworkIdle\":false,\"margin\":{\"top\":\"350px\",\"right\":\"20px\",\"bottom\":\"80px\",\"left\":\"20px\"}}","meta":{"rootId":"pc2kfax64u2vuhi","id":"pc2kfax64u2vuhi"},"id":"tnnc5cyoesqylie","previousOperationId":"7ruz68tfggvu41u"}
{"type":"operationEnd","operationId":"7ruz68tfggvu41u","timestamp":1678740852943,"id":"arzka6szmgrct9h","previousEventId":"t34f10pbj98y0yq","previousOperationId":"7ruz68tfggvu41u"}
{"type":"log","timestamp":1678740852943,"level":"debug","message":"Skipping storing report.","meta":{"rootId":"pc2kfax64u2vuhi","id":"pc2kfax64u2vuhi"},"id":"57io7lbgtctmhxy","previousOperationId":"7ruz68tfggvu41u"}
{"type":"log","timestamp":1678740852943,"level":"info","message":"Rendering request 1 finished in 3084 ms","meta":{"rootId":"pc2kfax64u2vuhi","id":"pc2kfax64u2vuhi"},"id":"ylvr1gtr8fao9yc","previousOperationId":"7ruz68tfggvu41u"}
{"type":"operationEnd","subtype":"render","operationId":"eqh3pp46vwn6pnx","timestamp":1678740852943,"id":"ga0kkzjjv0t0f8t","previousEventId":"arzka6szmgrct9h","previousOperationId":"7ruz68tfggvu41u"}
{"type":"operationEnd","doDiffs":false,"previousEventId":"4dosiiwatmbo4c1","previousOperationId":"sjdlmeq9ylfz72m","operationId":"sjdlmeq9ylfz72m","timestamp":1678740852950,"id":"7wvdk70lbtqu91r"}
