{"type":"operationStart","subtype":"profile","data":{"_id":"emTBhstsbVvOu35A","timestamp":"2022-09-01T09:01:58.626Z","state":"queued","mode":"standard","creationDate":"2022-09-01T09:01:58.632Z","modificationDate":"2022-09-01T09:01:58.632Z","shortid":"O-VfQri","$entitySet":"profiles"},"doDiffs":false,"timestamp":1662022918629,"id":"2j1rxab2zlygd9k","previousOperationId":null,"operationId":"snholyc4wkxl151"}
{"type":"log","level":"info","message":"Render request 1 queued for execution and waiting for available worker","previousOperationId":"snholyc4wkxl151","timestamp":1662022918629,"id":"hvyvgd66rigaje3"}
{"type":"operationStart","subtype":"render","name":"anonymous","previousOperationId":"snholyc4wkxl151","timestamp":1662022918690,"id":"zxcn9am3p2wxb91","previousEventId":"2j1rxab2zlygd9k","operationId":"ffuw651n4ty8515"}
{"type":"log","timestamp":1662022918692,"level":"info","message":"Starting rendering request 1 (user: null)","meta":{"rootId":"qw26l2s2tit0cd0","id":"qw26l2s2tit0cd0"},"id":"ixz5mp7ewsokti3","previousOperationId":"ffuw651n4ty8515"}
{"type":"log","timestamp":1662022918697,"level":"info","message":"Rendering anonymous template { recipe: chrome-pdf, engine: handlebars }","meta":{"rootId":"qw26l2s2tit0cd0","id":"qw26l2s2tit0cd0"},"id":"ry0d9u3o3c6n54d","previousOperationId":"ffuw651n4ty8515"}
{"type":"log","timestamp":1662022918698,"level":"debug","message":"Inline data specified.","meta":{"rootId":"qw26l2s2tit0cd0","id":"qw26l2s2tit0cd0"},"id":"gfd6vukpujaadvk","previousOperationId":"ffuw651n4ty8515"}
{"type":"log","timestamp":1662022918787,"level":"debug","message":"Base url not specified, skipping its injection.","meta":{"rootId":"qw26l2s2tit0cd0","id":"qw26l2s2tit0cd0"},"id":"zsp334qmsjklqe0","previousOperationId":"ffuw651n4ty8515"}
{"type":"operationStart","subtype":"engine","name":"handlebars","timestamp":1662022918789,"id":"vlbau6fc9huxx2g","previousEventId":"zxcn9am3p2wxb91","operationId":"ru6i5wzdgnqo303","previousOperationId":"ffuw651n4ty8515"}
{"type":"log","timestamp":1662022918789,"level":"debug","message":"Rendering engine handlebars","meta":{"rootId":"qw26l2s2tit0cd0","id":"qw26l2s2tit0cd0"},"id":"irfobhx24iiu3ts","previousOperationId":"ru6i5wzdgnqo303"}
{"type":"operationEnd","operationId":"ru6i5wzdgnqo303","timestamp":1662022921459,"id":"odzxr00dfdus8dd","previousEventId":"vlbau6fc9huxx2g","previousOperationId":"ru6i5wzdgnqo303"}
{"type":"operationStart","subtype":"recipe","name":"chrome-pdf","timestamp":1662022921461,"id":"61rctmej15or5to","previousEventId":"odzxr00dfdus8dd","operationId":"2wybparmpaaxclu","previousOperationId":"ru6i5wzdgnqo303"}
{"type":"log","timestamp":1662022921461,"level":"debug","message":"Executing recipe chrome-pdf","meta":{"rootId":"qw26l2s2tit0cd0","id":"qw26l2s2tit0cd0"},"id":"blzu3kfelbacr3m","previousOperationId":"2wybparmpaaxclu"}
{"type":"log","timestamp":1662022921718,"level":"debug","message":"Starting child request to render pdf header","meta":{"rootId":"qw26l2s2tit0cd0","id":"qw26l2s2tit0cd0"},"id":"7r9tdfak2hnv0zc","previousOperationId":"2wybparmpaaxclu"}
{"type":"operationStart","subtype":"render","name":"anonymous","previousOperationId":"2wybparmpaaxclu","timestamp":1662022921719,"id":"yy5panxbfda5vr0","previousEventId":"61rctmej15or5to","operationId":"po7079dky1e17pw"}
{"type":"log","timestamp":1662022921719,"level":"info","message":"Starting rendering request 1 (user: null)","meta":{"rootId":"qw26l2s2tit0cd0","id":"e7o2hyrtuclcr1b"},"id":"re7epoaydhnbbtp","previousOperationId":"po7079dky1e17pw"}
{"type":"log","timestamp":1662022921720,"level":"info","message":"Rendering anonymous template { recipe: html, engine: handlebars }","meta":{"rootId":"qw26l2s2tit0cd0","id":"e7o2hyrtuclcr1b"},"id":"d59f3ne382jobhe","previousOperationId":"po7079dky1e17pw"}
{"type":"log","timestamp":1662022921720,"level":"debug","message":"Inline data specified.","meta":{"rootId":"qw26l2s2tit0cd0","id":"e7o2hyrtuclcr1b"},"id":"ohxxahf7aghm3o8","previousOperationId":"po7079dky1e17pw"}
{"type":"log","timestamp":1662022921734,"level":"debug","message":"Base url not specified, skipping its injection.","meta":{"rootId":"qw26l2s2tit0cd0","id":"e7o2hyrtuclcr1b"},"id":"b3fuho9xkun7xtj","previousOperationId":"po7079dky1e17pw"}
{"type":"log","timestamp":1662022921912,"level":"debug","message":"Replaced assets [\"./src/reporting/assets/logo.png\"]","meta":{"rootId":"qw26l2s2tit0cd0","id":"e7o2hyrtuclcr1b"},"id":"lxypl3cygj2owuv","previousOperationId":"po7079dky1e17pw"}
{"type":"operationStart","subtype":"engine","name":"handlebars","timestamp":1662022921912,"id":"iguamyrq1bjq847","previousEventId":"yy5panxbfda5vr0","operationId":"06aup2tk17yg3y5","previousOperationId":"po7079dky1e17pw"}
{"type":"log","timestamp":1662022921912,"level":"debug","message":"Rendering engine handlebars","meta":{"rootId":"qw26l2s2tit0cd0","id":"e7o2hyrtuclcr1b"},"id":"sz2yeqq56neqnda","previousOperationId":"06aup2tk17yg3y5"}
{"type":"operationEnd","operationId":"06aup2tk17yg3y5","timestamp":1662022921993,"id":"v8em82kyqsr0gs9","previousEventId":"iguamyrq1bjq847","previousOperationId":"06aup2tk17yg3y5"}
{"type":"operationStart","subtype":"recipe","name":"html","timestamp":1662022921993,"id":"ejsiy41cx7ot5qm","previousEventId":"v8em82kyqsr0gs9","operationId":"j0evt7a7wsjkf2j","previousOperationId":"06aup2tk17yg3y5"}
{"type":"log","timestamp":1662022921993,"level":"debug","message":"Executing recipe html","meta":{"rootId":"qw26l2s2tit0cd0","id":"e7o2hyrtuclcr1b"},"id":"7u7gmm10fkmw6xg","previousOperationId":"j0evt7a7wsjkf2j"}
{"type":"operationEnd","operationId":"j0evt7a7wsjkf2j","timestamp":1662022921993,"id":"g0rbt8ln8sasy66","previousEventId":"ejsiy41cx7ot5qm","previousOperationId":"j0evt7a7wsjkf2j"}
{"type":"log","timestamp":1662022921994,"level":"debug","message":"Skipping storing report.","meta":{"rootId":"qw26l2s2tit0cd0","id":"e7o2hyrtuclcr1b"},"id":"qi55tjhths64t9a","previousOperationId":"j0evt7a7wsjkf2j"}
{"type":"log","timestamp":1662022921995,"level":"info","message":"Rendering request 1 finished in 3370 ms","meta":{"rootId":"qw26l2s2tit0cd0","id":"e7o2hyrtuclcr1b"},"id":"482e1i65p27vccw","previousOperationId":"j0evt7a7wsjkf2j"}
{"type":"operationEnd","subtype":"render","operationId":"po7079dky1e17pw","timestamp":1662022921995,"id":"gx7g1tcyqzu1vi6","previousEventId":"g0rbt8ln8sasy66","previousOperationId":"j0evt7a7wsjkf2j"}
{"type":"log","timestamp":1662022921995,"level":"debug","message":"Starting child request to render pdf footer","meta":{"rootId":"qw26l2s2tit0cd0","id":"qw26l2s2tit0cd0"},"id":"0owf5y7ua1xe0z0","previousOperationId":"2wybparmpaaxclu"}
{"type":"operationStart","subtype":"render","name":"anonymous","previousOperationId":"2wybparmpaaxclu","timestamp":1662022921996,"id":"lpp29158f38w8yn","previousEventId":"61rctmej15or5to","operationId":"kikuhxbwhb26hjg"}
{"type":"log","timestamp":1662022921996,"level":"info","message":"Starting rendering request 1 (user: null)","meta":{"rootId":"qw26l2s2tit0cd0","id":"0myc09ua23axtwv"},"id":"ajdlh69w19fenvi","previousOperationId":"kikuhxbwhb26hjg"}
{"type":"log","timestamp":1662022921996,"level":"info","message":"Rendering anonymous template { recipe: html, engine: handlebars }","meta":{"rootId":"qw26l2s2tit0cd0","id":"0myc09ua23axtwv"},"id":"myumti24rhu7ofl","previousOperationId":"kikuhxbwhb26hjg"}
{"type":"log","timestamp":1662022921997,"level":"debug","message":"Inline data specified.","meta":{"rootId":"qw26l2s2tit0cd0","id":"0myc09ua23axtwv"},"id":"tizbq8mi2s76msn","previousOperationId":"kikuhxbwhb26hjg"}
{"type":"log","timestamp":1662022922012,"level":"debug","message":"Base url not specified, skipping its injection.","meta":{"rootId":"qw26l2s2tit0cd0","id":"0myc09ua23axtwv"},"id":"cb7y4c9peiydbq1","previousOperationId":"kikuhxbwhb26hjg"}
{"type":"operationStart","subtype":"engine","name":"handlebars","timestamp":1662022922013,"id":"tu2te81dydp8gvu","previousEventId":"lpp29158f38w8yn","operationId":"lea1z5ys3s5tp9k","previousOperationId":"kikuhxbwhb26hjg"}
{"type":"log","timestamp":1662022922013,"level":"debug","message":"Rendering engine handlebars","meta":{"rootId":"qw26l2s2tit0cd0","id":"0myc09ua23axtwv"},"id":"wvaefzt0qhssg26","previousOperationId":"lea1z5ys3s5tp9k"}
{"type":"operationEnd","operationId":"lea1z5ys3s5tp9k","timestamp":1662022922118,"id":"w8pev7p8skzlkh4","previousEventId":"tu2te81dydp8gvu","previousOperationId":"lea1z5ys3s5tp9k"}
{"type":"operationStart","subtype":"recipe","name":"html","timestamp":1662022922118,"id":"hc0zetjrd7u0z9r","previousEventId":"w8pev7p8skzlkh4","operationId":"rxl276oydunxsos","previousOperationId":"lea1z5ys3s5tp9k"}
{"type":"log","timestamp":1662022922118,"level":"debug","message":"Executing recipe html","meta":{"rootId":"qw26l2s2tit0cd0","id":"0myc09ua23axtwv"},"id":"jorl4ikxsik8r8y","previousOperationId":"rxl276oydunxsos"}
{"type":"operationEnd","operationId":"rxl276oydunxsos","timestamp":1662022922118,"id":"saqljqx5xoxt8s2","previousEventId":"hc0zetjrd7u0z9r","previousOperationId":"rxl276oydunxsos"}
{"type":"log","timestamp":1662022922118,"level":"debug","message":"Skipping storing report.","meta":{"rootId":"qw26l2s2tit0cd0","id":"0myc09ua23axtwv"},"id":"m6ohsd678p20kk4","previousOperationId":"rxl276oydunxsos"}
{"type":"log","timestamp":1662022922119,"level":"info","message":"Rendering request 1 finished in 3494 ms","meta":{"rootId":"qw26l2s2tit0cd0","id":"0myc09ua23axtwv"},"id":"45w2kp8hg0ewlg2","previousOperationId":"rxl276oydunxsos"}
{"type":"operationEnd","subtype":"render","operationId":"kikuhxbwhb26hjg","timestamp":1662022922119,"id":"6ohvljqtrfj56gg","previousEventId":"saqljqx5xoxt8s2","previousOperationId":"rxl276oydunxsos"}
{"type":"log","timestamp":1662022931522,"level":"debug","message":"Converting with chrome HeadlessChrome/98.0.4758.0 using chrome-pool strategy","meta":{"rootId":"qw26l2s2tit0cd0","id":"qw26l2s2tit0cd0"},"id":"xiiqep9wjtkxh6r","previousOperationId":"2wybparmpaaxclu"}
{"type":"log","timestamp":1662022931847,"level":"debug","message":"Page request: GET (document) file:///var/folders/8m/98z140gs3yzbw6jqmpbh8b8m0000gn/T/jsreport/autocleanup/c74271ee-cc01-4585-b927-fc7637fca08d-chrome-pdf.html","meta":{"rootId":"qw26l2s2tit0cd0","id":"qw26l2s2tit0cd0"},"id":"ozi15dk6t7b69x6","previousOperationId":"2wybparmpaaxclu"}
{"type":"log","timestamp":1662022931868,"level":"debug","message":"Page request finished: GET (document) file:///var/folders/8m/98z140gs3yzbw6jqmpbh8b8m0000gn/T/jsreport/autocleanup/c74271ee-cc01-4585-b927-fc7637fca08d-chrome-pdf.html","meta":{"rootId":"qw26l2s2tit0cd0","id":"qw26l2s2tit0cd0"},"id":"1jr78ngc3taz3nh","previousOperationId":"2wybparmpaaxclu"}
{"type":"log","timestamp":1662022931879,"level":"debug","message":"Page request: GET (stylesheet) https://fonts.googleapis.com/css2?family=Montserrat:wght@500&family=Open+Sans:wght@300&display=swap","meta":{"rootId":"qw26l2s2tit0cd0","id":"qw26l2s2tit0cd0"},"id":"jr7egz65bgdh5dv","previousOperationId":"2wybparmpaaxclu"}
{"type":"log","timestamp":1662022932302,"level":"debug","message":"Page request finished: GET (stylesheet) 200 https://fonts.googleapis.com/css2?family=Montserrat:wght@500&family=Open+Sans:wght@300&display=swap","meta":{"rootId":"qw26l2s2tit0cd0","id":"qw26l2s2tit0cd0"},"id":"mhz5ztqfkfjmc5b","previousOperationId":"2wybparmpaaxclu"}
{"type":"log","timestamp":1662022932454,"level":"debug","message":"Page request: GET (font) https://fonts.gstatic.com/s/opensans/v34/memSYaGs126MiZpBA-UvWbX2vVnXBbObj2OVZyOOSr4dVJWUgsiH0B4gaVQUwaEQbjA.woff","meta":{"rootId":"qw26l2s2tit0cd0","id":"qw26l2s2tit0cd0"},"id":"pkh020qcqqwwe9h","previousOperationId":"2wybparmpaaxclu"}
{"type":"log","timestamp":1662022932482,"level":"debug","message":"Running chrome with params {\"scale\":1,\"displayHeaderFooter\":true,\"headerTemplate\":\"...\",\"footerTemplate\":\"...\",\"printBackground\":true,\"pageRanges\":\"\",\"format\":\"A4\",\"width\":\"\",\"height\":\"\",\"marginTop\":\"350px\",\"marginRight\":\"20px\",\"marginBottom\":\"80px\",\"marginLeft\":\"20px\",\"waitForJS\":false,\"waitForNetworkIddle\":false,\"timeout\":56506,\"waitForNetworkIdle\":false,\"margin\":{\"top\":\"350px\",\"right\":\"20px\",\"bottom\":\"80px\",\"left\":\"20px\"}}","meta":{"rootId":"qw26l2s2tit0cd0","id":"qw26l2s2tit0cd0"},"id":"7l0ks7r7r70zvh3","previousOperationId":"2wybparmpaaxclu"}
{"type":"log","timestamp":1662022932493,"level":"debug","message":"Page request: GET (font) https://fonts.gstatic.com/s/opensans/v34/memSYaGs126MiZpBA-UvWbX2vVnXBbObj2OVZyOOSr4dVJWUgsiH0B4gaVQUwaEQbjA.woff","meta":{"rootId":"qw26l2s2tit0cd0","id":"qw26l2s2tit0cd0"},"id":"n3knvjlkc8615ts","previousOperationId":"2wybparmpaaxclu"}
{"type":"operationEnd","operationId":"2wybparmpaaxclu","timestamp":1662022932975,"id":"oq047vop82apymu","previousEventId":"61rctmej15or5to","previousOperationId":"2wybparmpaaxclu"}
{"type":"log","timestamp":1662022932976,"level":"debug","message":"Skipping storing report.","meta":{"rootId":"qw26l2s2tit0cd0","id":"qw26l2s2tit0cd0"},"id":"t0jsl2ouxx8jhjm","previousOperationId":"2wybparmpaaxclu"}
{"type":"log","timestamp":1662022932976,"level":"info","message":"Rendering request 1 finished in 14351 ms","meta":{"rootId":"qw26l2s2tit0cd0","id":"qw26l2s2tit0cd0"},"id":"uit7w7lfx1mjml8","previousOperationId":"2wybparmpaaxclu"}
{"type":"operationEnd","subtype":"render","operationId":"ffuw651n4ty8515","timestamp":1662022932976,"id":"mu9pdyfvhx1wnyi","previousEventId":"oq047vop82apymu","previousOperationId":"2wybparmpaaxclu"}
{"type":"operationEnd","doDiffs":false,"previousEventId":"2j1rxab2zlygd9k","previousOperationId":"snholyc4wkxl151","operationId":"snholyc4wkxl151","timestamp":1662022932983,"id":"exa2blj3madwzuw"}
