{"type":"operationStart","subtype":"profile","data":{"_id":"qN5TOi2jHeKairkS","timestamp":"2023-02-15T18:48:43.392Z","state":"queued","mode":"standard","creationDate":"2023-02-15T18:48:43.400Z","modificationDate":"2023-02-15T18:48:43.400Z","shortid":"sjhodiu","$entitySet":"profiles"},"doDiffs":false,"timestamp":1676486923397,"id":"f1qywahtsr5lhqh","previousOperationId":null,"operationId":"b7jw3v90ngh6qtm"}
{"type":"log","level":"info","message":"Render request 1 queued for execution and waiting for available worker","previousOperationId":"b7jw3v90ngh6qtm","timestamp":1676486923397,"id":"jq1p8kh2hyxswal"}
{"type":"operationStart","subtype":"render","name":"anonymous","previousOperationId":"b7jw3v90ngh6qtm","timestamp":1676486923439,"id":"oxufm678fcafksw","previousEventId":"f1qywahtsr5lhqh","operationId":"n4pro97vbn6ukrq"}
{"type":"log","timestamp":1676486923442,"level":"info","message":"Starting rendering request 1 (user: null)","meta":{"rootId":"r1sl2zzakynq0rt","id":"r1sl2zzakynq0rt"},"id":"fyc0mdqlr9a0907","previousOperationId":"n4pro97vbn6ukrq"}
{"type":"log","timestamp":1676486923448,"level":"info","message":"Rendering anonymous template { recipe: chrome-pdf, engine: handlebars }","meta":{"rootId":"r1sl2zzakynq0rt","id":"r1sl2zzakynq0rt"},"id":"0792l7bb6ik80sm","previousOperationId":"n4pro97vbn6ukrq"}
{"type":"log","timestamp":1676486923450,"level":"debug","message":"Inline data specified.","meta":{"rootId":"r1sl2zzakynq0rt","id":"r1sl2zzakynq0rt"},"id":"8rf8tttmgax07k9","previousOperationId":"n4pro97vbn6ukrq"}
{"type":"log","timestamp":1676486923464,"level":"debug","message":"Base url not specified, skipping its injection.","meta":{"rootId":"r1sl2zzakynq0rt","id":"r1sl2zzakynq0rt"},"id":"hrw245o62by6p7k","previousOperationId":"n4pro97vbn6ukrq"}
{"type":"operationStart","subtype":"engine","name":"handlebars","timestamp":1676486923468,"id":"gen26ipibgvjl3k","previousEventId":"oxufm678fcafksw","operationId":"2bit2h2cth3289l","previousOperationId":"n4pro97vbn6ukrq"}
{"type":"log","timestamp":1676486923468,"level":"debug","message":"Rendering engine handlebars","meta":{"rootId":"r1sl2zzakynq0rt","id":"r1sl2zzakynq0rt"},"id":"fo0zkd6nlpamgnt","previousOperationId":"2bit2h2cth3289l"}
{"type":"operationEnd","operationId":"2bit2h2cth3289l","timestamp":1676486925467,"id":"3tx0zf72w07lhvy","previousEventId":"gen26ipibgvjl3k","previousOperationId":"2bit2h2cth3289l"}
{"type":"operationStart","subtype":"recipe","name":"chrome-pdf","timestamp":1676486925469,"id":"xr2f1u348ehpdka","previousEventId":"3tx0zf72w07lhvy","operationId":"vpsugfkl73fh2wq","previousOperationId":"2bit2h2cth3289l"}
{"type":"log","timestamp":1676486925469,"level":"debug","message":"Executing recipe chrome-pdf","meta":{"rootId":"r1sl2zzakynq0rt","id":"r1sl2zzakynq0rt"},"id":"2pqvhcmjj5gc79t","previousOperationId":"vpsugfkl73fh2wq"}
{"type":"log","timestamp":1676486925890,"level":"debug","message":"Starting child request to render pdf header","meta":{"rootId":"r1sl2zzakynq0rt","id":"r1sl2zzakynq0rt"},"id":"i3nafz2iueryw98","previousOperationId":"vpsugfkl73fh2wq"}
{"type":"operationStart","subtype":"render","name":"anonymous","previousOperationId":"vpsugfkl73fh2wq","timestamp":1676486925892,"id":"d5v404c3ot5stxg","previousEventId":"xr2f1u348ehpdka","operationId":"2tywinyrzqf1jsl"}
{"type":"log","timestamp":1676486925892,"level":"info","message":"Starting rendering request 1 (user: null)","meta":{"rootId":"r1sl2zzakynq0rt","id":"he13foqeoi9cw3p"},"id":"e3inyppw27kre20","previousOperationId":"2tywinyrzqf1jsl"}
{"type":"log","timestamp":1676486925893,"level":"info","message":"Rendering anonymous template { recipe: html, engine: handlebars }","meta":{"rootId":"r1sl2zzakynq0rt","id":"he13foqeoi9cw3p"},"id":"6ov68thz7ahwfxq","previousOperationId":"2tywinyrzqf1jsl"}
{"type":"log","timestamp":1676486925895,"level":"debug","message":"Inline data specified.","meta":{"rootId":"r1sl2zzakynq0rt","id":"he13foqeoi9cw3p"},"id":"z03xpbamj0o249j","previousOperationId":"2tywinyrzqf1jsl"}
{"type":"log","timestamp":1676486925902,"level":"debug","message":"Base url not specified, skipping its injection.","meta":{"rootId":"r1sl2zzakynq0rt","id":"he13foqeoi9cw3p"},"id":"zz8r8haksuxnp7h","previousOperationId":"2tywinyrzqf1jsl"}
{"type":"log","timestamp":1676486925923,"level":"debug","message":"Replaced assets [\"./src/reporting/assets/logo.png\"]","meta":{"rootId":"r1sl2zzakynq0rt","id":"he13foqeoi9cw3p"},"id":"oinhycb3f576rg6","previousOperationId":"2tywinyrzqf1jsl"}
{"type":"operationStart","subtype":"engine","name":"handlebars","timestamp":1676486925924,"id":"xafq8j60ou5gg4n","previousEventId":"d5v404c3ot5stxg","operationId":"2blucgszyej1omh","previousOperationId":"2tywinyrzqf1jsl"}
{"type":"log","timestamp":1676486925924,"level":"debug","message":"Rendering engine handlebars","meta":{"rootId":"r1sl2zzakynq0rt","id":"he13foqeoi9cw3p"},"id":"2jh3hrqpouon5ad","previousOperationId":"2blucgszyej1omh"}
{"type":"operationEnd","operationId":"2blucgszyej1omh","timestamp":1676486925971,"id":"8hsl73gi4b7x0bu","previousEventId":"xafq8j60ou5gg4n","previousOperationId":"2blucgszyej1omh"}
{"type":"operationStart","subtype":"recipe","name":"html","timestamp":1676486925972,"id":"39v8y01krry1g9u","previousEventId":"8hsl73gi4b7x0bu","operationId":"kf0o75c01uuvcz4","previousOperationId":"2blucgszyej1omh"}
{"type":"log","timestamp":1676486925972,"level":"debug","message":"Executing recipe html","meta":{"rootId":"r1sl2zzakynq0rt","id":"he13foqeoi9cw3p"},"id":"lrxt4yzkp6ydoxq","previousOperationId":"kf0o75c01uuvcz4"}
{"type":"operationEnd","operationId":"kf0o75c01uuvcz4","timestamp":1676486925973,"id":"myh0vzhvtyrshpz","previousEventId":"39v8y01krry1g9u","previousOperationId":"kf0o75c01uuvcz4"}
{"type":"log","timestamp":1676486925975,"level":"debug","message":"Skipping storing report.","meta":{"rootId":"r1sl2zzakynq0rt","id":"he13foqeoi9cw3p"},"id":"p3qa16owy9oyyf0","previousOperationId":"kf0o75c01uuvcz4"}
{"type":"log","timestamp":1676486925976,"level":"info","message":"Rendering request 1 finished in 2587 ms","meta":{"rootId":"r1sl2zzakynq0rt","id":"he13foqeoi9cw3p"},"id":"fciup875z66l9h8","previousOperationId":"kf0o75c01uuvcz4"}
{"type":"operationEnd","subtype":"render","operationId":"2tywinyrzqf1jsl","timestamp":1676486925976,"id":"81ggnyye629e2mn","previousEventId":"myh0vzhvtyrshpz","previousOperationId":"kf0o75c01uuvcz4"}
{"type":"log","timestamp":1676486925977,"level":"debug","message":"Starting child request to render pdf footer","meta":{"rootId":"r1sl2zzakynq0rt","id":"r1sl2zzakynq0rt"},"id":"2b44u2j6s53gga8","previousOperationId":"vpsugfkl73fh2wq"}
{"type":"operationStart","subtype":"render","name":"anonymous","previousOperationId":"vpsugfkl73fh2wq","timestamp":1676486925978,"id":"x93ge87onpzgilt","previousEventId":"xr2f1u348ehpdka","operationId":"xdcpbowm8mnreem"}
{"type":"log","timestamp":1676486925979,"level":"info","message":"Starting rendering request 1 (user: null)","meta":{"rootId":"r1sl2zzakynq0rt","id":"gktbj5y0js6eoou"},"id":"nc5a3m9mm32ii3c","previousOperationId":"xdcpbowm8mnreem"}
{"type":"log","timestamp":1676486925980,"level":"info","message":"Rendering anonymous template { recipe: html, engine: handlebars }","meta":{"rootId":"r1sl2zzakynq0rt","id":"gktbj5y0js6eoou"},"id":"mmnl5h5ez6xxvj3","previousOperationId":"xdcpbowm8mnreem"}
{"type":"log","timestamp":1676486925980,"level":"debug","message":"Inline data specified.","meta":{"rootId":"r1sl2zzakynq0rt","id":"gktbj5y0js6eoou"},"id":"twf1y1m4dnubpem","previousOperationId":"xdcpbowm8mnreem"}
{"type":"log","timestamp":1676486925984,"level":"debug","message":"Base url not specified, skipping its injection.","meta":{"rootId":"r1sl2zzakynq0rt","id":"gktbj5y0js6eoou"},"id":"t44jxt52751duq6","previousOperationId":"xdcpbowm8mnreem"}
{"type":"operationStart","subtype":"engine","name":"handlebars","timestamp":1676486925985,"id":"gyczeqckcbxqvok","previousEventId":"x93ge87onpzgilt","operationId":"n4470cez2u1g71v","previousOperationId":"xdcpbowm8mnreem"}
{"type":"log","timestamp":1676486925985,"level":"debug","message":"Rendering engine handlebars","meta":{"rootId":"r1sl2zzakynq0rt","id":"gktbj5y0js6eoou"},"id":"8dhvyts5wqkylgh","previousOperationId":"n4470cez2u1g71v"}
{"type":"operationEnd","operationId":"n4470cez2u1g71v","timestamp":1676486926028,"id":"k2ynify9pkdfd18","previousEventId":"gyczeqckcbxqvok","previousOperationId":"n4470cez2u1g71v"}
{"type":"operationStart","subtype":"recipe","name":"html","timestamp":1676486926029,"id":"fmfdookf2x084fc","previousEventId":"k2ynify9pkdfd18","operationId":"i15804ded2x4a5i","previousOperationId":"n4470cez2u1g71v"}
{"type":"log","timestamp":1676486926029,"level":"debug","message":"Executing recipe html","meta":{"rootId":"r1sl2zzakynq0rt","id":"gktbj5y0js6eoou"},"id":"5g761c0d1w6ma5y","previousOperationId":"i15804ded2x4a5i"}
{"type":"operationEnd","operationId":"i15804ded2x4a5i","timestamp":1676486926029,"id":"qtyh8ds70b0lu4v","previousEventId":"fmfdookf2x084fc","previousOperationId":"i15804ded2x4a5i"}
{"type":"log","timestamp":1676486926030,"level":"debug","message":"Skipping storing report.","meta":{"rootId":"r1sl2zzakynq0rt","id":"gktbj5y0js6eoou"},"id":"996fo8si6nod0hx","previousOperationId":"i15804ded2x4a5i"}
{"type":"log","timestamp":1676486926031,"level":"info","message":"Rendering request 1 finished in 2642 ms","meta":{"rootId":"r1sl2zzakynq0rt","id":"gktbj5y0js6eoou"},"id":"qndd50ngksdall8","previousOperationId":"i15804ded2x4a5i"}
{"type":"operationEnd","subtype":"render","operationId":"xdcpbowm8mnreem","timestamp":1676486926031,"id":"18gptilb1a64pra","previousEventId":"qtyh8ds70b0lu4v","previousOperationId":"i15804ded2x4a5i"}
{"type":"log","timestamp":1676486927866,"level":"debug","message":"Converting with chrome HeadlessChrome/98.0.4758.0 using chrome-pool strategy","meta":{"rootId":"r1sl2zzakynq0rt","id":"r1sl2zzakynq0rt"},"id":"90y8hhazrx31gz7","previousOperationId":"vpsugfkl73fh2wq"}
{"type":"log","timestamp":1676486928846,"level":"debug","message":"Page request: GET (document) file:///C:/Users/ADMINI~1/AppData/Local/Temp/jsreport/autocleanup/77755b93-9a93-4314-9d9c-f2252b4d60a0-chrome-pdf.html","meta":{"rootId":"r1sl2zzakynq0rt","id":"r1sl2zzakynq0rt"},"id":"evqpzcs0l1sexjt","previousOperationId":"vpsugfkl73fh2wq"}
{"type":"log","timestamp":1676486928878,"level":"debug","message":"Page request finished: GET (document) file:///C:/Users/ADMINI~1/AppData/Local/Temp/jsreport/autocleanup/77755b93-9a93-4314-9d9c-f2252b4d60a0-chrome-pdf.html","meta":{"rootId":"r1sl2zzakynq0rt","id":"r1sl2zzakynq0rt"},"id":"6r4g3vljsvjm6ez","previousOperationId":"vpsugfkl73fh2wq"}
{"type":"log","timestamp":1676486928889,"level":"debug","message":"Page request: GET (stylesheet) https://fonts.googleapis.com/css2?family=Montserrat:wght@500&family=Open+Sans:wght@300&display=swap","meta":{"rootId":"r1sl2zzakynq0rt","id":"r1sl2zzakynq0rt"},"id":"ar7mhpnqvpbpn6f","previousOperationId":"vpsugfkl73fh2wq"}
{"type":"log","timestamp":1676486929640,"level":"debug","message":"Page request finished: GET (stylesheet) 200 https://fonts.googleapis.com/css2?family=Montserrat:wght@500&family=Open+Sans:wght@300&display=swap","meta":{"rootId":"r1sl2zzakynq0rt","id":"r1sl2zzakynq0rt"},"id":"ax34j135q2h3mpg","previousOperationId":"vpsugfkl73fh2wq"}
{"type":"log","timestamp":1676486929818,"level":"debug","message":"Page request: GET (font) https://fonts.gstatic.com/s/opensans/v34/memSYaGs126MiZpBA-UvWbX2vVnXBbObj2OVZyOOSr4dVJWUgsiH0B4gaVI.woff2","meta":{"rootId":"r1sl2zzakynq0rt","id":"r1sl2zzakynq0rt"},"id":"x7cueesbndzdrj7","previousOperationId":"vpsugfkl73fh2wq"}
{"type":"log","timestamp":1676486929834,"level":"debug","message":"Page request: GET (font) https://fonts.gstatic.com/s/opensans/v34/memSYaGs126MiZpBA-UvWbX2vVnXBbObj2OVZyOOSr4dVJWUgsiH0B4gaVI.woff2","meta":{"rootId":"r1sl2zzakynq0rt","id":"r1sl2zzakynq0rt"},"id":"1s2njoyqj7z0mi6","previousOperationId":"vpsugfkl73fh2wq"}
{"type":"log","timestamp":1676486930092,"level":"debug","message":"Page request finished: GET (font) 200 https://fonts.gstatic.com/s/opensans/v34/memSYaGs126MiZpBA-UvWbX2vVnXBbObj2OVZyOOSr4dVJWUgsiH0B4gaVI.woff2","meta":{"rootId":"r1sl2zzakynq0rt","id":"r1sl2zzakynq0rt"},"id":"fxsic8r4bhdnfy1","previousOperationId":"vpsugfkl73fh2wq"}
{"type":"log","timestamp":1676486930144,"level":"debug","message":"Running chrome with params {\"scale\":1,\"displayHeaderFooter\":true,\"headerTemplate\":\"...\",\"footerTemplate\":\"...\",\"printBackground\":true,\"pageRanges\":\"\",\"format\":\"A4\",\"width\":\"\",\"height\":\"\",\"marginTop\":\"350px\",\"marginRight\":\"20px\",\"marginBottom\":\"80px\",\"marginLeft\":\"20px\",\"waitForJS\":false,\"waitForNetworkIddle\":false,\"timeout\":57357,\"waitForNetworkIdle\":false,\"margin\":{\"top\":\"350px\",\"right\":\"20px\",\"bottom\":\"80px\",\"left\":\"20px\"}}","meta":{"rootId":"r1sl2zzakynq0rt","id":"r1sl2zzakynq0rt"},"id":"pvnn4ac6vjjyxba","previousOperationId":"vpsugfkl73fh2wq"}
{"type":"operationEnd","operationId":"vpsugfkl73fh2wq","timestamp":1676486931103,"id":"qwhz58wi3n6uxn8","previousEventId":"xr2f1u348ehpdka","previousOperationId":"vpsugfkl73fh2wq"}
{"type":"log","timestamp":1676486931103,"level":"debug","message":"Skipping storing report.","meta":{"rootId":"r1sl2zzakynq0rt","id":"r1sl2zzakynq0rt"},"id":"ahghufd56ykc5yn","previousOperationId":"vpsugfkl73fh2wq"}
{"type":"log","timestamp":1676486931103,"level":"info","message":"Rendering request 1 finished in 7714 ms","meta":{"rootId":"r1sl2zzakynq0rt","id":"r1sl2zzakynq0rt"},"id":"byop5jo8qemobw5","previousOperationId":"vpsugfkl73fh2wq"}
{"type":"operationEnd","subtype":"render","operationId":"n4pro97vbn6ukrq","timestamp":1676486931103,"id":"vu0xfseejzs6c75","previousEventId":"qwhz58wi3n6uxn8","previousOperationId":"vpsugfkl73fh2wq"}
{"type":"operationEnd","doDiffs":false,"previousEventId":"f1qywahtsr5lhqh","previousOperationId":"b7jw3v90ngh6qtm","operationId":"b7jw3v90ngh6qtm","timestamp":1676486931115,"id":"ca8l9gvs7d1qx7j"}
