{"type":"operationStart","subtype":"profile","data":{"_id":"XacOQyWmr9LEMRHz","timestamp":"2022-09-22T09:16:55.118Z","state":"queued","mode":"standard","creationDate":"2022-09-22T09:16:55.123Z","modificationDate":"2022-09-22T09:16:55.123Z","shortid":"TKD2tLx","$entitySet":"profiles"},"doDiffs":false,"timestamp":1663838215121,"id":"rbz9f8slymfsafz","previousOperationId":null,"operationId":"cjcfg0bar79w727"}
{"type":"log","level":"info","message":"Render request 1 queued for execution and waiting for available worker","previousOperationId":"cjcfg0bar79w727","timestamp":1663838215121,"id":"gi7db7x0vb66zcn"}
{"type":"operationStart","subtype":"render","name":"anonymous","previousOperationId":"cjcfg0bar79w727","timestamp":1663838215171,"id":"ag0wh86oomgpiy9","previousEventId":"rbz9f8slymfsafz","operationId":"ug0s0zw9haf29m9"}
{"type":"log","timestamp":1663838215180,"level":"info","message":"Starting rendering request 1 (user: null)","meta":{"rootId":"r8x432rsp3zrrho","id":"r8x432rsp3zrrho"},"id":"ac6fccfc00x3aim","previousOperationId":"ug0s0zw9haf29m9"}
{"type":"log","timestamp":1663838215184,"level":"info","message":"Rendering anonymous template { recipe: chrome-pdf, engine: handlebars }","meta":{"rootId":"r8x432rsp3zrrho","id":"r8x432rsp3zrrho"},"id":"6n3uiosesyz7tfz","previousOperationId":"ug0s0zw9haf29m9"}
{"type":"log","timestamp":1663838215184,"level":"debug","message":"Inline data specified.","meta":{"rootId":"r8x432rsp3zrrho","id":"r8x432rsp3zrrho"},"id":"67n550ltt0upvc2","previousOperationId":"ug0s0zw9haf29m9"}
{"type":"log","timestamp":1663838215194,"level":"debug","message":"Base url not specified, skipping its injection.","meta":{"rootId":"r8x432rsp3zrrho","id":"r8x432rsp3zrrho"},"id":"is1q6no930ud6by","previousOperationId":"ug0s0zw9haf29m9"}
{"type":"operationStart","subtype":"engine","name":"handlebars","timestamp":1663838215196,"id":"gn8tpswy7drpzpr","previousEventId":"ag0wh86oomgpiy9","operationId":"pccvy780yydq7g4","previousOperationId":"ug0s0zw9haf29m9"}
{"type":"log","timestamp":1663838215196,"level":"debug","message":"Rendering engine handlebars","meta":{"rootId":"r8x432rsp3zrrho","id":"r8x432rsp3zrrho"},"id":"n0y7zd08p8wh9t6","previousOperationId":"pccvy780yydq7g4"}
{"type":"operationEnd","operationId":"pccvy780yydq7g4","timestamp":1663838216377,"id":"cpmbyl9l14i1jss","previousEventId":"gn8tpswy7drpzpr","previousOperationId":"pccvy780yydq7g4"}
{"type":"operationStart","subtype":"recipe","name":"chrome-pdf","timestamp":1663838216378,"id":"vix5zg3js9m4wlw","previousEventId":"cpmbyl9l14i1jss","operationId":"65mp9ohads3eu8r","previousOperationId":"pccvy780yydq7g4"}
{"type":"log","timestamp":1663838216378,"level":"debug","message":"Executing recipe chrome-pdf","meta":{"rootId":"r8x432rsp3zrrho","id":"r8x432rsp3zrrho"},"id":"ybp534ey0wr64r4","previousOperationId":"65mp9ohads3eu8r"}
{"type":"log","timestamp":1663838216616,"level":"debug","message":"Starting child request to render pdf header","meta":{"rootId":"r8x432rsp3zrrho","id":"r8x432rsp3zrrho"},"id":"jrennhnzztszvvz","previousOperationId":"65mp9ohads3eu8r"}
{"type":"operationStart","subtype":"render","name":"anonymous","previousOperationId":"65mp9ohads3eu8r","timestamp":1663838216617,"id":"lks9wz7roixebb7","previousEventId":"vix5zg3js9m4wlw","operationId":"xxh0zy09p9cbu0l"}
{"type":"log","timestamp":1663838216617,"level":"info","message":"Starting rendering request 1 (user: null)","meta":{"rootId":"r8x432rsp3zrrho","id":"cbxgc4cnhwv7xy2"},"id":"lnadke37e121xf9","previousOperationId":"xxh0zy09p9cbu0l"}
{"type":"log","timestamp":1663838216617,"level":"info","message":"Rendering anonymous template { recipe: html, engine: handlebars }","meta":{"rootId":"r8x432rsp3zrrho","id":"cbxgc4cnhwv7xy2"},"id":"6kd9ojvo0ipmcse","previousOperationId":"xxh0zy09p9cbu0l"}
{"type":"log","timestamp":1663838216617,"level":"debug","message":"Inline data specified.","meta":{"rootId":"r8x432rsp3zrrho","id":"cbxgc4cnhwv7xy2"},"id":"ex05oykxcqhehqq","previousOperationId":"xxh0zy09p9cbu0l"}
{"type":"log","timestamp":1663838216626,"level":"debug","message":"Base url not specified, skipping its injection.","meta":{"rootId":"r8x432rsp3zrrho","id":"cbxgc4cnhwv7xy2"},"id":"th1ufp4nt3uczyl","previousOperationId":"xxh0zy09p9cbu0l"}
{"type":"log","timestamp":1663838216699,"level":"debug","message":"Replaced assets [\"./src/reporting/assets/logo.png\"]","meta":{"rootId":"r8x432rsp3zrrho","id":"cbxgc4cnhwv7xy2"},"id":"gvzazpkcyw5qxly","previousOperationId":"xxh0zy09p9cbu0l"}
{"type":"operationStart","subtype":"engine","name":"handlebars","timestamp":1663838216699,"id":"ej7vxd34vge8lg0","previousEventId":"lks9wz7roixebb7","operationId":"yrw5ldgoea7ffm0","previousOperationId":"xxh0zy09p9cbu0l"}
{"type":"log","timestamp":1663838216699,"level":"debug","message":"Rendering engine handlebars","meta":{"rootId":"r8x432rsp3zrrho","id":"cbxgc4cnhwv7xy2"},"id":"aob42u4t5e9fmzl","previousOperationId":"yrw5ldgoea7ffm0"}
{"type":"operationEnd","operationId":"yrw5ldgoea7ffm0","timestamp":1663838216736,"id":"hga7x0czi2jux6d","previousEventId":"ej7vxd34vge8lg0","previousOperationId":"yrw5ldgoea7ffm0"}
{"type":"operationStart","subtype":"recipe","name":"html","timestamp":1663838216737,"id":"bdph95h8vprc2lu","previousEventId":"hga7x0czi2jux6d","operationId":"okwkvj7derlpm67","previousOperationId":"yrw5ldgoea7ffm0"}
{"type":"log","timestamp":1663838216737,"level":"debug","message":"Executing recipe html","meta":{"rootId":"r8x432rsp3zrrho","id":"cbxgc4cnhwv7xy2"},"id":"uigl6a16vu6h20f","previousOperationId":"okwkvj7derlpm67"}
{"type":"operationEnd","operationId":"okwkvj7derlpm67","timestamp":1663838216737,"id":"s85emlbeyq35151","previousEventId":"bdph95h8vprc2lu","previousOperationId":"okwkvj7derlpm67"}
{"type":"log","timestamp":1663838216738,"level":"debug","message":"Skipping storing report.","meta":{"rootId":"r8x432rsp3zrrho","id":"cbxgc4cnhwv7xy2"},"id":"5czzxf3dncvf926","previousOperationId":"okwkvj7derlpm67"}
{"type":"log","timestamp":1663838216739,"level":"info","message":"Rendering request 1 finished in 1622 ms","meta":{"rootId":"r8x432rsp3zrrho","id":"cbxgc4cnhwv7xy2"},"id":"4d45j7m55vsxkjv","previousOperationId":"okwkvj7derlpm67"}
{"type":"operationEnd","subtype":"render","operationId":"xxh0zy09p9cbu0l","timestamp":1663838216739,"id":"26wwnlit26frvlm","previousEventId":"s85emlbeyq35151","previousOperationId":"okwkvj7derlpm67"}
{"type":"log","timestamp":1663838216739,"level":"debug","message":"Starting child request to render pdf footer","meta":{"rootId":"r8x432rsp3zrrho","id":"r8x432rsp3zrrho"},"id":"aeobdhugzquq8j3","previousOperationId":"65mp9ohads3eu8r"}
{"type":"operationStart","subtype":"render","name":"anonymous","previousOperationId":"65mp9ohads3eu8r","timestamp":1663838216740,"id":"jxpxpqxidnmkjam","previousEventId":"vix5zg3js9m4wlw","operationId":"h1vskrw6s0l8408"}
{"type":"log","timestamp":1663838216740,"level":"info","message":"Starting rendering request 1 (user: null)","meta":{"rootId":"r8x432rsp3zrrho","id":"zfgy82xjqlbx6q7"},"id":"2r06ekjr9t5jkjo","previousOperationId":"h1vskrw6s0l8408"}
{"type":"log","timestamp":1663838216741,"level":"info","message":"Rendering anonymous template { recipe: html, engine: handlebars }","meta":{"rootId":"r8x432rsp3zrrho","id":"zfgy82xjqlbx6q7"},"id":"oiizuxbri074n8v","previousOperationId":"h1vskrw6s0l8408"}
{"type":"log","timestamp":1663838216741,"level":"debug","message":"Inline data specified.","meta":{"rootId":"r8x432rsp3zrrho","id":"zfgy82xjqlbx6q7"},"id":"j7cj43wugjwkgzy","previousOperationId":"h1vskrw6s0l8408"}
{"type":"log","timestamp":1663838216753,"level":"debug","message":"Base url not specified, skipping its injection.","meta":{"rootId":"r8x432rsp3zrrho","id":"zfgy82xjqlbx6q7"},"id":"iko7aogk4qwycd0","previousOperationId":"h1vskrw6s0l8408"}
{"type":"operationStart","subtype":"engine","name":"handlebars","timestamp":1663838216753,"id":"e591gznwddf9a46","previousEventId":"jxpxpqxidnmkjam","operationId":"8tj755yiniluu8a","previousOperationId":"h1vskrw6s0l8408"}
{"type":"log","timestamp":1663838216754,"level":"debug","message":"Rendering engine handlebars","meta":{"rootId":"r8x432rsp3zrrho","id":"zfgy82xjqlbx6q7"},"id":"i0uh8dtg9h44567","previousOperationId":"8tj755yiniluu8a"}
{"type":"operationEnd","operationId":"8tj755yiniluu8a","timestamp":1663838216780,"id":"apr7amuatzp1pn9","previousEventId":"e591gznwddf9a46","previousOperationId":"8tj755yiniluu8a"}
{"type":"operationStart","subtype":"recipe","name":"html","timestamp":1663838216780,"id":"ylva0gvfz96etyn","previousEventId":"apr7amuatzp1pn9","operationId":"17qftnqsrk9m1fh","previousOperationId":"8tj755yiniluu8a"}
{"type":"log","timestamp":1663838216780,"level":"debug","message":"Executing recipe html","meta":{"rootId":"r8x432rsp3zrrho","id":"zfgy82xjqlbx6q7"},"id":"0pmk39nmh4viaz1","previousOperationId":"17qftnqsrk9m1fh"}
{"type":"operationEnd","operationId":"17qftnqsrk9m1fh","timestamp":1663838216780,"id":"r5qata9jcr9otqt","previousEventId":"ylva0gvfz96etyn","previousOperationId":"17qftnqsrk9m1fh"}
{"type":"log","timestamp":1663838216781,"level":"debug","message":"Skipping storing report.","meta":{"rootId":"r8x432rsp3zrrho","id":"zfgy82xjqlbx6q7"},"id":"tzbyjv6do2x0hig","previousOperationId":"17qftnqsrk9m1fh"}
{"type":"log","timestamp":1663838216781,"level":"info","message":"Rendering request 1 finished in 1664 ms","meta":{"rootId":"r8x432rsp3zrrho","id":"zfgy82xjqlbx6q7"},"id":"2ozy0go74okyzba","previousOperationId":"17qftnqsrk9m1fh"}
{"type":"operationEnd","subtype":"render","operationId":"h1vskrw6s0l8408","timestamp":1663838216781,"id":"rtrqfpgvgslh6is","previousEventId":"r5qata9jcr9otqt","previousOperationId":"17qftnqsrk9m1fh"}
{"type":"log","timestamp":1663838218594,"level":"debug","message":"Converting with chrome HeadlessChrome/98.0.4758.0 using chrome-pool strategy","meta":{"rootId":"r8x432rsp3zrrho","id":"r8x432rsp3zrrho"},"id":"cb1tnmuwr215g84","previousOperationId":"65mp9ohads3eu8r"}
{"type":"log","timestamp":1663838218847,"level":"debug","message":"Page request: GET (document) file:///var/folders/8m/98z140gs3yzbw6jqmpbh8b8m0000gn/T/jsreport/autocleanup/f836678a-45aa-4b61-ab19-c2fe786b0a45-chrome-pdf.html","meta":{"rootId":"r8x432rsp3zrrho","id":"r8x432rsp3zrrho"},"id":"o1sz7u8agze3y9g","previousOperationId":"65mp9ohads3eu8r"}
{"type":"log","timestamp":1663838218869,"level":"debug","message":"Page request finished: GET (document) file:///var/folders/8m/98z140gs3yzbw6jqmpbh8b8m0000gn/T/jsreport/autocleanup/f836678a-45aa-4b61-ab19-c2fe786b0a45-chrome-pdf.html","meta":{"rootId":"r8x432rsp3zrrho","id":"r8x432rsp3zrrho"},"id":"z9syev4w63chud5","previousOperationId":"65mp9ohads3eu8r"}
{"type":"log","timestamp":1663838218877,"level":"debug","message":"Page request: GET (stylesheet) https://fonts.googleapis.com/css2?family=Montserrat:wght@500&family=Open+Sans:wght@300&display=swap","meta":{"rootId":"r8x432rsp3zrrho","id":"r8x432rsp3zrrho"},"id":"92vwyoo7efbi144","previousOperationId":"65mp9ohads3eu8r"}
{"type":"log","timestamp":1663838219309,"level":"debug","message":"Page request finished: GET (stylesheet) 200 https://fonts.googleapis.com/css2?family=Montserrat:wght@500&family=Open+Sans:wght@300&display=swap","meta":{"rootId":"r8x432rsp3zrrho","id":"r8x432rsp3zrrho"},"id":"dvh4qg0ajjx2zdi","previousOperationId":"65mp9ohads3eu8r"}
{"type":"log","timestamp":1663838219367,"level":"debug","message":"Page request: GET (font) https://fonts.gstatic.com/s/opensans/v34/memSYaGs126MiZpBA-UvWbX2vVnXBbObj2OVZyOOSr4dVJWUgsiH0B4gaVQUwaEQbjA.woff","meta":{"rootId":"r8x432rsp3zrrho","id":"r8x432rsp3zrrho"},"id":"hx7lhniiwhfmcgv","previousOperationId":"65mp9ohads3eu8r"}
{"type":"log","timestamp":1663838219375,"level":"debug","message":"Running chrome with params {\"scale\":1,\"displayHeaderFooter\":true,\"headerTemplate\":\"...\",\"footerTemplate\":\"...\",\"printBackground\":true,\"pageRanges\":\"\",\"format\":\"A4\",\"width\":\"\",\"height\":\"\",\"marginTop\":\"350px\",\"marginRight\":\"20px\",\"marginBottom\":\"80px\",\"marginLeft\":\"20px\",\"waitForJS\":false,\"waitForNetworkIddle\":false,\"timeout\":58336,\"waitForNetworkIdle\":false,\"margin\":{\"top\":\"350px\",\"right\":\"20px\",\"bottom\":\"80px\",\"left\":\"20px\"}}","meta":{"rootId":"r8x432rsp3zrrho","id":"r8x432rsp3zrrho"},"id":"k7fsub6493zvao2","previousOperationId":"65mp9ohads3eu8r"}
{"type":"log","timestamp":1663838219387,"level":"debug","message":"Page request: GET (font) https://fonts.gstatic.com/s/opensans/v34/memSYaGs126MiZpBA-UvWbX2vVnXBbObj2OVZyOOSr4dVJWUgsiH0B4gaVQUwaEQbjA.woff","meta":{"rootId":"r8x432rsp3zrrho","id":"r8x432rsp3zrrho"},"id":"fh2evjr6iiu5kew","previousOperationId":"65mp9ohads3eu8r"}
{"type":"operationEnd","operationId":"65mp9ohads3eu8r","timestamp":1663838219613,"id":"uogwe2sggjm82bf","previousEventId":"vix5zg3js9m4wlw","previousOperationId":"65mp9ohads3eu8r"}
{"type":"log","timestamp":1663838219613,"level":"debug","message":"Skipping storing report.","meta":{"rootId":"r8x432rsp3zrrho","id":"r8x432rsp3zrrho"},"id":"bqo3w8dukt9s6nu","previousOperationId":"65mp9ohads3eu8r"}
{"type":"log","timestamp":1663838219613,"level":"info","message":"Rendering request 1 finished in 4496 ms","meta":{"rootId":"r8x432rsp3zrrho","id":"r8x432rsp3zrrho"},"id":"p9zq5bt64xmjs91","previousOperationId":"65mp9ohads3eu8r"}
{"type":"operationEnd","subtype":"render","operationId":"ug0s0zw9haf29m9","timestamp":1663838219614,"id":"rq6m1ubdw8evfhm","previousEventId":"uogwe2sggjm82bf","previousOperationId":"65mp9ohads3eu8r"}
{"type":"operationEnd","doDiffs":false,"previousEventId":"rbz9f8slymfsafz","previousOperationId":"cjcfg0bar79w727","operationId":"cjcfg0bar79w727","timestamp":1663838219620,"id":"hwqa39iaf5rwx0m"}
