{"type":"operationStart","subtype":"profile","data":{"_id":"D9F070XbIsJiOIGa","timestamp":"2022-10-02T11:51:58.471Z","state":"queued","mode":"standard","creationDate":"2022-10-02T11:51:58.635Z","modificationDate":"2022-10-02T11:51:58.635Z","shortid":"YZ1ZDPu","$entitySet":"profiles"},"doDiffs":false,"timestamp":1664711518617,"id":"qilgc33mjbp4bn5","previousOperationId":null,"operationId":"2jlpvbelg7pgjtz"}
{"type":"log","level":"info","message":"Render request 1 queued for execution and waiting for available worker","previousOperationId":"2jlpvbelg7pgjtz","timestamp":1664711518618,"id":"j4k1rpi3zdchrai"}
{"type":"operationStart","subtype":"render","name":"anonymous","previousOperationId":"2jlpvbelg7pgjtz","timestamp":1664711518751,"id":"udkim688fxj0t42","previousEventId":"qilgc33mjbp4bn5","operationId":"r9wdcjd73ohqt7x"}
{"type":"log","timestamp":1664711518754,"level":"info","message":"Starting rendering request 1 (user: null)","meta":{"rootId":"s27r0efcedbygbl","id":"s27r0efcedbygbl"},"id":"wg4v1lxfs3bvdj6","previousOperationId":"r9wdcjd73ohqt7x"}
{"type":"log","timestamp":1664711518769,"level":"info","message":"Rendering anonymous template { recipe: chrome-pdf, engine: handlebars }","meta":{"rootId":"s27r0efcedbygbl","id":"s27r0efcedbygbl"},"id":"lp6xikbdlbnfjoq","previousOperationId":"r9wdcjd73ohqt7x"}
{"type":"log","timestamp":1664711518770,"level":"debug","message":"Inline data specified.","meta":{"rootId":"s27r0efcedbygbl","id":"s27r0efcedbygbl"},"id":"ree8olzp5ji2fem","previousOperationId":"r9wdcjd73ohqt7x"}
{"type":"log","timestamp":1664711518909,"level":"debug","message":"Base url not specified, skipping its injection.","meta":{"rootId":"s27r0efcedbygbl","id":"s27r0efcedbygbl"},"id":"qzwgjo56p1xwts6","previousOperationId":"r9wdcjd73ohqt7x"}
{"type":"operationStart","subtype":"engine","name":"handlebars","timestamp":1664711518913,"id":"6dft9juq6oyqetr","previousEventId":"udkim688fxj0t42","operationId":"9n8i1nt7b6yed93","previousOperationId":"r9wdcjd73ohqt7x"}
{"type":"log","timestamp":1664711518913,"level":"debug","message":"Rendering engine handlebars","meta":{"rootId":"s27r0efcedbygbl","id":"s27r0efcedbygbl"},"id":"hzclr2910el6wue","previousOperationId":"9n8i1nt7b6yed93"}
{"type":"operationEnd","operationId":"9n8i1nt7b6yed93","timestamp":1664711521136,"id":"av8o31cddk3718x","previousEventId":"6dft9juq6oyqetr","previousOperationId":"9n8i1nt7b6yed93"}
{"type":"operationStart","subtype":"recipe","name":"chrome-pdf","timestamp":1664711521145,"id":"ek26b9t7er3uy3j","previousEventId":"av8o31cddk3718x","operationId":"a8vf1nqt71ht5sn","previousOperationId":"9n8i1nt7b6yed93"}
{"type":"log","timestamp":1664711521145,"level":"debug","message":"Executing recipe chrome-pdf","meta":{"rootId":"s27r0efcedbygbl","id":"s27r0efcedbygbl"},"id":"boxx2bydtk60hco","previousOperationId":"a8vf1nqt71ht5sn"}
{"type":"log","timestamp":1664711521359,"level":"debug","message":"Starting child request to render pdf header","meta":{"rootId":"s27r0efcedbygbl","id":"s27r0efcedbygbl"},"id":"l3yv7iae2mi3xmt","previousOperationId":"a8vf1nqt71ht5sn"}
{"type":"operationStart","subtype":"render","name":"anonymous","previousOperationId":"a8vf1nqt71ht5sn","timestamp":1664711521361,"id":"ndipzcktod8tzn5","previousEventId":"ek26b9t7er3uy3j","operationId":"wmnwafidunfyvrt"}
{"type":"log","timestamp":1664711521361,"level":"info","message":"Starting rendering request 1 (user: null)","meta":{"rootId":"s27r0efcedbygbl","id":"hz5hq9mt1sycp9v"},"id":"bv5tlh3uqb7qvdg","previousOperationId":"wmnwafidunfyvrt"}
{"type":"log","timestamp":1664711521362,"level":"info","message":"Rendering anonymous template { recipe: html, engine: handlebars }","meta":{"rootId":"s27r0efcedbygbl","id":"hz5hq9mt1sycp9v"},"id":"14wi98kfnszehs6","previousOperationId":"wmnwafidunfyvrt"}
{"type":"log","timestamp":1664711521362,"level":"debug","message":"Inline data specified.","meta":{"rootId":"s27r0efcedbygbl","id":"hz5hq9mt1sycp9v"},"id":"b9w4fdl3c2834lk","previousOperationId":"wmnwafidunfyvrt"}
{"type":"log","timestamp":1664711521366,"level":"debug","message":"Base url not specified, skipping its injection.","meta":{"rootId":"s27r0efcedbygbl","id":"hz5hq9mt1sycp9v"},"id":"l2nlfa9n61nkqkk","previousOperationId":"wmnwafidunfyvrt"}
{"type":"log","timestamp":1664711521387,"level":"debug","message":"Replaced assets [\"./src/reporting/assets/logo.png\"]","meta":{"rootId":"s27r0efcedbygbl","id":"hz5hq9mt1sycp9v"},"id":"prlaa3akf7gr4lr","previousOperationId":"wmnwafidunfyvrt"}
{"type":"operationStart","subtype":"engine","name":"handlebars","timestamp":1664711521387,"id":"uwo8m0fgxglc99s","previousEventId":"ndipzcktod8tzn5","operationId":"m3009uv0wydmq9y","previousOperationId":"wmnwafidunfyvrt"}
{"type":"log","timestamp":1664711521387,"level":"debug","message":"Rendering engine handlebars","meta":{"rootId":"s27r0efcedbygbl","id":"hz5hq9mt1sycp9v"},"id":"hpnc0jl1vs25vve","previousOperationId":"m3009uv0wydmq9y"}
{"type":"operationEnd","operationId":"m3009uv0wydmq9y","timestamp":1664711521426,"id":"0aasodm5347akdc","previousEventId":"uwo8m0fgxglc99s","previousOperationId":"m3009uv0wydmq9y"}
{"type":"operationStart","subtype":"recipe","name":"html","timestamp":1664711521427,"id":"vmxc81jutybr7j7","previousEventId":"0aasodm5347akdc","operationId":"nemiyqa9nyyy199","previousOperationId":"m3009uv0wydmq9y"}
{"type":"log","timestamp":1664711521427,"level":"debug","message":"Executing recipe html","meta":{"rootId":"s27r0efcedbygbl","id":"hz5hq9mt1sycp9v"},"id":"lpgw79eqbpp77mc","previousOperationId":"nemiyqa9nyyy199"}
{"type":"operationEnd","operationId":"nemiyqa9nyyy199","timestamp":1664711521429,"id":"7nqllq6nzvfwa51","previousEventId":"vmxc81jutybr7j7","previousOperationId":"nemiyqa9nyyy199"}
{"type":"log","timestamp":1664711521432,"level":"debug","message":"Skipping storing report.","meta":{"rootId":"s27r0efcedbygbl","id":"hz5hq9mt1sycp9v"},"id":"7yphd32px255b96","previousOperationId":"nemiyqa9nyyy199"}
{"type":"log","timestamp":1664711521432,"level":"info","message":"Rendering request 1 finished in 2963 ms","meta":{"rootId":"s27r0efcedbygbl","id":"hz5hq9mt1sycp9v"},"id":"qprk80q3ebu1qmg","previousOperationId":"nemiyqa9nyyy199"}
{"type":"operationEnd","subtype":"render","operationId":"wmnwafidunfyvrt","timestamp":1664711521432,"id":"r3l9hspqlezdmsm","previousEventId":"7nqllq6nzvfwa51","previousOperationId":"nemiyqa9nyyy199"}
{"type":"log","timestamp":1664711521433,"level":"debug","message":"Starting child request to render pdf footer","meta":{"rootId":"s27r0efcedbygbl","id":"s27r0efcedbygbl"},"id":"ds2nvp8iav26lg1","previousOperationId":"a8vf1nqt71ht5sn"}
{"type":"operationStart","subtype":"render","name":"anonymous","previousOperationId":"a8vf1nqt71ht5sn","timestamp":1664711521437,"id":"w4edxhusuoll0t2","previousEventId":"ek26b9t7er3uy3j","operationId":"isglsp6ih3yz2hb"}
{"type":"log","timestamp":1664711521438,"level":"info","message":"Starting rendering request 1 (user: null)","meta":{"rootId":"s27r0efcedbygbl","id":"2xeurtj8ahnr2gu"},"id":"qd1dpc8vk2y3ua9","previousOperationId":"isglsp6ih3yz2hb"}
{"type":"log","timestamp":1664711521439,"level":"info","message":"Rendering anonymous template { recipe: html, engine: handlebars }","meta":{"rootId":"s27r0efcedbygbl","id":"2xeurtj8ahnr2gu"},"id":"rvdp182o7p8uja0","previousOperationId":"isglsp6ih3yz2hb"}
{"type":"log","timestamp":1664711521439,"level":"debug","message":"Inline data specified.","meta":{"rootId":"s27r0efcedbygbl","id":"2xeurtj8ahnr2gu"},"id":"symkhht8cwlqf0b","previousOperationId":"isglsp6ih3yz2hb"}
{"type":"log","timestamp":1664711521447,"level":"debug","message":"Base url not specified, skipping its injection.","meta":{"rootId":"s27r0efcedbygbl","id":"2xeurtj8ahnr2gu"},"id":"odkreswugvc4nh0","previousOperationId":"isglsp6ih3yz2hb"}
{"type":"operationStart","subtype":"engine","name":"handlebars","timestamp":1664711521448,"id":"ryuv6043fvqvli2","previousEventId":"w4edxhusuoll0t2","operationId":"5ndo2uc516p9zoc","previousOperationId":"isglsp6ih3yz2hb"}
{"type":"log","timestamp":1664711521448,"level":"debug","message":"Rendering engine handlebars","meta":{"rootId":"s27r0efcedbygbl","id":"2xeurtj8ahnr2gu"},"id":"wnwadmild9ol4sm","previousOperationId":"5ndo2uc516p9zoc"}
{"type":"operationEnd","operationId":"5ndo2uc516p9zoc","timestamp":1664711521532,"id":"seo2kl2p97o6bhj","previousEventId":"ryuv6043fvqvli2","previousOperationId":"5ndo2uc516p9zoc"}
{"type":"operationStart","subtype":"recipe","name":"html","timestamp":1664711521532,"id":"752yk8b7ot61gwv","previousEventId":"seo2kl2p97o6bhj","operationId":"xicq3v3uspsp2tf","previousOperationId":"5ndo2uc516p9zoc"}
{"type":"log","timestamp":1664711521532,"level":"debug","message":"Executing recipe html","meta":{"rootId":"s27r0efcedbygbl","id":"2xeurtj8ahnr2gu"},"id":"i8kd1zmzv9i1i3j","previousOperationId":"xicq3v3uspsp2tf"}
{"type":"operationEnd","operationId":"xicq3v3uspsp2tf","timestamp":1664711521532,"id":"85zkbxxyopiv7ts","previousEventId":"752yk8b7ot61gwv","previousOperationId":"xicq3v3uspsp2tf"}
{"type":"log","timestamp":1664711521532,"level":"debug","message":"Skipping storing report.","meta":{"rootId":"s27r0efcedbygbl","id":"2xeurtj8ahnr2gu"},"id":"147e8oknyfnykgn","previousOperationId":"xicq3v3uspsp2tf"}
{"type":"log","timestamp":1664711521532,"level":"info","message":"Rendering request 1 finished in 3063 ms","meta":{"rootId":"s27r0efcedbygbl","id":"2xeurtj8ahnr2gu"},"id":"7lr5q27h7oa12gd","previousOperationId":"xicq3v3uspsp2tf"}
{"type":"operationEnd","subtype":"render","operationId":"isglsp6ih3yz2hb","timestamp":1664711521532,"id":"gt329kiph3ooa4v","previousEventId":"85zkbxxyopiv7ts","previousOperationId":"xicq3v3uspsp2tf"}
{"type":"log","timestamp":1664711523872,"level":"debug","message":"Converting with chrome HeadlessChrome/98.0.4758.0 using chrome-pool strategy","meta":{"rootId":"s27r0efcedbygbl","id":"s27r0efcedbygbl"},"id":"c87m4jltkq8rq92","previousOperationId":"a8vf1nqt71ht5sn"}
{"type":"log","timestamp":1664711524256,"level":"debug","message":"Page request: GET (document) file:///var/folders/8m/98z140gs3yzbw6jqmpbh8b8m0000gn/T/jsreport/autocleanup/66209b07-fbe2-4d1c-98ff-f30e070b094a-chrome-pdf.html","meta":{"rootId":"s27r0efcedbygbl","id":"s27r0efcedbygbl"},"id":"3wkcextk2aar9ky","previousOperationId":"a8vf1nqt71ht5sn"}
{"type":"log","timestamp":1664711524326,"level":"debug","message":"Page request finished: GET (document) file:///var/folders/8m/98z140gs3yzbw6jqmpbh8b8m0000gn/T/jsreport/autocleanup/66209b07-fbe2-4d1c-98ff-f30e070b094a-chrome-pdf.html","meta":{"rootId":"s27r0efcedbygbl","id":"s27r0efcedbygbl"},"id":"76konlh5wi91xjk","previousOperationId":"a8vf1nqt71ht5sn"}
{"type":"log","timestamp":1664711524347,"level":"debug","message":"Page request: GET (stylesheet) https://fonts.googleapis.com/css2?family=Montserrat:wght@500&family=Open+Sans:wght@300&display=swap","meta":{"rootId":"s27r0efcedbygbl","id":"s27r0efcedbygbl"},"id":"a3jyzsz1hwzqjco","previousOperationId":"a8vf1nqt71ht5sn"}
{"type":"log","timestamp":1664711524857,"level":"debug","message":"Page request finished: GET (stylesheet) 200 https://fonts.googleapis.com/css2?family=Montserrat:wght@500&family=Open+Sans:wght@300&display=swap","meta":{"rootId":"s27r0efcedbygbl","id":"s27r0efcedbygbl"},"id":"b3x31ney2syv5wv","previousOperationId":"a8vf1nqt71ht5sn"}
{"type":"log","timestamp":1664711524961,"level":"debug","message":"Page request: GET (font) https://fonts.gstatic.com/s/opensans/v34/memSYaGs126MiZpBA-UvWbX2vVnXBbObj2OVZyOOSr4dVJWUgsiH0B4gaVQUwaEQbjA.woff","meta":{"rootId":"s27r0efcedbygbl","id":"s27r0efcedbygbl"},"id":"epo5dsm7m7yfm96","previousOperationId":"a8vf1nqt71ht5sn"}
{"type":"log","timestamp":1664711524980,"level":"debug","message":"Page request: GET (font) https://fonts.gstatic.com/s/opensans/v34/memSYaGs126MiZpBA-UvWbX2vVnXBbObj2OVZyOOSr4dVJWUgsiH0B4gaVQUwaEQbjA.woff","meta":{"rootId":"s27r0efcedbygbl","id":"s27r0efcedbygbl"},"id":"0y1vxjb1xajjh6w","previousOperationId":"a8vf1nqt71ht5sn"}
{"type":"log","timestamp":1664711525293,"level":"debug","message":"Page request finished: GET (font) 200 https://fonts.gstatic.com/s/opensans/v34/memSYaGs126MiZpBA-UvWbX2vVnXBbObj2OVZyOOSr4dVJWUgsiH0B4gaVQUwaEQbjA.woff","meta":{"rootId":"s27r0efcedbygbl","id":"s27r0efcedbygbl"},"id":"1us2d922wao879q","previousOperationId":"a8vf1nqt71ht5sn"}
{"type":"log","timestamp":1664711525330,"level":"debug","message":"Running chrome with params {\"scale\":1,\"displayHeaderFooter\":true,\"headerTemplate\":\"...\",\"footerTemplate\":\"...\",\"printBackground\":true,\"pageRanges\":\"\",\"format\":\"A4\",\"width\":\"\",\"height\":\"\",\"marginTop\":\"470px\",\"marginRight\":\"20px\",\"marginBottom\":\"80px\",\"marginLeft\":\"20px\",\"waitForJS\":false,\"waitForNetworkIddle\":false,\"timeout\":56928,\"waitForNetworkIdle\":false,\"margin\":{\"top\":\"470px\",\"right\":\"20px\",\"bottom\":\"80px\",\"left\":\"20px\"}}","meta":{"rootId":"s27r0efcedbygbl","id":"s27r0efcedbygbl"},"id":"9jcsolzw69bnff8","previousOperationId":"a8vf1nqt71ht5sn"}
{"type":"operationEnd","operationId":"a8vf1nqt71ht5sn","timestamp":1664711525703,"id":"vydn3u34aezuhaa","previousEventId":"ek26b9t7er3uy3j","previousOperationId":"a8vf1nqt71ht5sn"}
{"type":"log","timestamp":1664711525703,"level":"debug","message":"Skipping storing report.","meta":{"rootId":"s27r0efcedbygbl","id":"s27r0efcedbygbl"},"id":"pi4nzz5kvkhreki","previousOperationId":"a8vf1nqt71ht5sn"}
{"type":"log","timestamp":1664711525703,"level":"info","message":"Rendering request 1 finished in 7234 ms","meta":{"rootId":"s27r0efcedbygbl","id":"s27r0efcedbygbl"},"id":"heux5nqakn7gyb5","previousOperationId":"a8vf1nqt71ht5sn"}
{"type":"operationEnd","subtype":"render","operationId":"r9wdcjd73ohqt7x","timestamp":1664711525703,"id":"hjfwjxu46ogfex0","previousEventId":"vydn3u34aezuhaa","previousOperationId":"a8vf1nqt71ht5sn"}
{"type":"operationEnd","doDiffs":false,"previousEventId":"qilgc33mjbp4bn5","previousOperationId":"2jlpvbelg7pgjtz","operationId":"2jlpvbelg7pgjtz","timestamp":1664711525731,"id":"or27uirva4jo5jr"}
