{"type":"operationStart","subtype":"profile","data":{"_id":"Gw6qiI2jS1mZccVO","timestamp":"2023-07-03T10:52:21.371Z","state":"queued","mode":"standard","creationDate":"2023-07-03T10:52:21.379Z","modificationDate":"2023-07-03T10:52:21.379Z","shortid":"nwHNLF3","$entitySet":"profiles"},"doDiffs":false,"timestamp":1688381541374,"id":"ghalxwmgkypgyrr","previousOperationId":null,"operationId":"g4ymzc1ium6a839"}
{"type":"log","level":"info","message":"Render request 1 queued for execution and waiting for available worker","previousOperationId":"g4ymzc1ium6a839","timestamp":1688381541374,"id":"7hquyhj1cvbat9c"}
{"type":"operationStart","subtype":"render","name":"anonymous","previousOperationId":"g4ymzc1ium6a839","timestamp":1688381541441,"id":"aro1tcuxp82zhj1","previousEventId":"ghalxwmgkypgyrr","operationId":"ofbz7z5kgwc7e3c"}
{"type":"log","timestamp":1688381541445,"level":"info","message":"Starting rendering request 1","meta":{"rootId":"sn5ha3nbm7lmfry","id":"sn5ha3nbm7lmfry"},"id":"v67p0ku10fmt4ev","previousOperationId":"ofbz7z5kgwc7e3c"}
{"type":"log","timestamp":1688381541452,"level":"info","message":"Rendering anonymous template { recipe: chrome-pdf, engine: handlebars }","meta":{"rootId":"sn5ha3nbm7lmfry","id":"sn5ha3nbm7lmfry"},"id":"b542v7pr29invon","previousOperationId":"ofbz7z5kgwc7e3c"}
{"type":"log","timestamp":1688381541453,"level":"debug","message":"Inline data specified.","meta":{"rootId":"sn5ha3nbm7lmfry","id":"sn5ha3nbm7lmfry"},"id":"0i0vfoctpo5a9jq","previousOperationId":"ofbz7z5kgwc7e3c"}
{"type":"log","timestamp":1688381541472,"level":"debug","message":"Base url not specified, skipping its injection.","meta":{"rootId":"sn5ha3nbm7lmfry","id":"sn5ha3nbm7lmfry"},"id":"ltu1fk0fditqjjb","previousOperationId":"ofbz7z5kgwc7e3c"}
{"type":"operationStart","subtype":"engine","name":"handlebars","timestamp":1688381541476,"id":"6ftyvzb0gn9ek68","previousEventId":"aro1tcuxp82zhj1","operationId":"9ooe4b1camb9tvj","previousOperationId":"ofbz7z5kgwc7e3c"}
{"type":"log","timestamp":1688381541476,"level":"debug","message":"Rendering engine handlebars","meta":{"rootId":"sn5ha3nbm7lmfry","id":"sn5ha3nbm7lmfry"},"id":"f644n3j7r12dewc","previousOperationId":"9ooe4b1camb9tvj"}
{"type":"operationEnd","operationId":"9ooe4b1camb9tvj","timestamp":1688381543015,"id":"evau3wwjb5duw3p","previousEventId":"6ftyvzb0gn9ek68","previousOperationId":"9ooe4b1camb9tvj"}
{"type":"operationStart","subtype":"recipe","name":"chrome-pdf","timestamp":1688381543017,"id":"bfoux6prfnqd0e3","previousEventId":"evau3wwjb5duw3p","operationId":"9xwvyt5e8xrb2cj","previousOperationId":"9ooe4b1camb9tvj"}
{"type":"log","timestamp":1688381543017,"level":"debug","message":"Executing recipe chrome-pdf","meta":{"rootId":"sn5ha3nbm7lmfry","id":"sn5ha3nbm7lmfry"},"id":"y40hn213qq7jyv3","previousOperationId":"9xwvyt5e8xrb2cj"}
{"type":"log","timestamp":1688381543520,"level":"debug","message":"Starting child request to render pdf header","meta":{"rootId":"sn5ha3nbm7lmfry","id":"sn5ha3nbm7lmfry"},"id":"xeaim2szhxonv0l","previousOperationId":"9xwvyt5e8xrb2cj"}
{"type":"operationStart","subtype":"render","name":"anonymous","previousOperationId":"9xwvyt5e8xrb2cj","timestamp":1688381543522,"id":"w8llfnabaq2qj27","previousEventId":"bfoux6prfnqd0e3","operationId":"25e1b3bcbxfzuhk"}
{"type":"log","timestamp":1688381543523,"level":"info","message":"Starting rendering (child) request","meta":{"rootId":"sn5ha3nbm7lmfry","id":"e8nfxe46q24kx5v"},"id":"a5235ibvrq6gm0z","previousOperationId":"25e1b3bcbxfzuhk"}
{"type":"log","timestamp":1688381543525,"level":"info","message":"Rendering anonymous template { recipe: html, engine: handlebars }","meta":{"rootId":"sn5ha3nbm7lmfry","id":"e8nfxe46q24kx5v"},"id":"982ob5h96gatx2e","previousOperationId":"25e1b3bcbxfzuhk"}
{"type":"log","timestamp":1688381543526,"level":"debug","message":"Inline data specified.","meta":{"rootId":"sn5ha3nbm7lmfry","id":"e8nfxe46q24kx5v"},"id":"rfmg0itj0vs6t7t","previousOperationId":"25e1b3bcbxfzuhk"}
{"type":"log","timestamp":1688381543532,"level":"debug","message":"Base url not specified, skipping its injection.","meta":{"rootId":"sn5ha3nbm7lmfry","id":"e8nfxe46q24kx5v"},"id":"yuiu1vsmwca8z89","previousOperationId":"25e1b3bcbxfzuhk"}
{"type":"log","timestamp":1688381543553,"level":"debug","message":"Replaced assets [\"./src/reporting/assets/logo.png\"]","meta":{"rootId":"sn5ha3nbm7lmfry","id":"e8nfxe46q24kx5v"},"id":"ilg26rcqkjb9j6n","previousOperationId":"25e1b3bcbxfzuhk"}
{"type":"operationStart","subtype":"engine","name":"handlebars","timestamp":1688381543553,"id":"v0zeg6a1ourklmb","previousEventId":"w8llfnabaq2qj27","operationId":"l0oaato6pjd1dcd","previousOperationId":"25e1b3bcbxfzuhk"}
{"type":"log","timestamp":1688381543553,"level":"debug","message":"Rendering engine handlebars","meta":{"rootId":"sn5ha3nbm7lmfry","id":"e8nfxe46q24kx5v"},"id":"n10ngs8reqnzug2","previousOperationId":"l0oaato6pjd1dcd"}
{"type":"operationEnd","operationId":"l0oaato6pjd1dcd","timestamp":1688381543624,"id":"64u6vrp5nhmvizn","previousEventId":"v0zeg6a1ourklmb","previousOperationId":"l0oaato6pjd1dcd"}
{"type":"operationStart","subtype":"recipe","name":"html","timestamp":1688381543625,"id":"9pxa5a33y44u4e8","previousEventId":"64u6vrp5nhmvizn","operationId":"8rh2sm9bx967dh2","previousOperationId":"l0oaato6pjd1dcd"}
{"type":"log","timestamp":1688381543625,"level":"debug","message":"Executing recipe html","meta":{"rootId":"sn5ha3nbm7lmfry","id":"e8nfxe46q24kx5v"},"id":"4p2g3846wihqqhh","previousOperationId":"8rh2sm9bx967dh2"}
{"type":"operationEnd","operationId":"8rh2sm9bx967dh2","timestamp":1688381543625,"id":"x9gmew9f6t5ibtb","previousEventId":"9pxa5a33y44u4e8","previousOperationId":"8rh2sm9bx967dh2"}
{"type":"log","timestamp":1688381543627,"level":"debug","message":"Skipping storing report.","meta":{"rootId":"sn5ha3nbm7lmfry","id":"e8nfxe46q24kx5v"},"id":"2e2i4gkbpzltho8","previousOperationId":"8rh2sm9bx967dh2"}
{"type":"log","timestamp":1688381543627,"level":"info","message":"Rendering (child) request finished in 2258 ms","meta":{"rootId":"sn5ha3nbm7lmfry","id":"e8nfxe46q24kx5v"},"id":"kioy2vv4iwrlt0s","previousOperationId":"8rh2sm9bx967dh2"}
{"type":"operationEnd","subtype":"render","operationId":"25e1b3bcbxfzuhk","timestamp":1688381543628,"id":"l7u88sep6aegldc","previousEventId":"x9gmew9f6t5ibtb","previousOperationId":"8rh2sm9bx967dh2"}
{"type":"log","timestamp":1688381543628,"level":"debug","message":"Starting child request to render pdf footer","meta":{"rootId":"sn5ha3nbm7lmfry","id":"sn5ha3nbm7lmfry"},"id":"22idty31kacb0ht","previousOperationId":"9xwvyt5e8xrb2cj"}
{"type":"operationStart","subtype":"render","name":"anonymous","previousOperationId":"9xwvyt5e8xrb2cj","timestamp":1688381543628,"id":"v4ya87o7r16rjs9","previousEventId":"bfoux6prfnqd0e3","operationId":"u389pg4cuxn1259"}
{"type":"log","timestamp":1688381543631,"level":"info","message":"Starting rendering (child) request","meta":{"rootId":"sn5ha3nbm7lmfry","id":"79ie6s6sfcfzda4"},"id":"qt7omhg5tss298r","previousOperationId":"u389pg4cuxn1259"}
{"type":"log","timestamp":1688381543632,"level":"info","message":"Rendering anonymous template { recipe: html, engine: handlebars }","meta":{"rootId":"sn5ha3nbm7lmfry","id":"79ie6s6sfcfzda4"},"id":"ak44295ptdhq856","previousOperationId":"u389pg4cuxn1259"}
{"type":"log","timestamp":1688381543632,"level":"debug","message":"Inline data specified.","meta":{"rootId":"sn5ha3nbm7lmfry","id":"79ie6s6sfcfzda4"},"id":"ciew7ceh0dt6dle","previousOperationId":"u389pg4cuxn1259"}
{"type":"log","timestamp":1688381543635,"level":"debug","message":"Base url not specified, skipping its injection.","meta":{"rootId":"sn5ha3nbm7lmfry","id":"79ie6s6sfcfzda4"},"id":"vc1b7h06u1bxakv","previousOperationId":"u389pg4cuxn1259"}
{"type":"operationStart","subtype":"engine","name":"handlebars","timestamp":1688381543636,"id":"iid7chvbfawa1v0","previousEventId":"v4ya87o7r16rjs9","operationId":"t106imkbmnv5auu","previousOperationId":"u389pg4cuxn1259"}
{"type":"log","timestamp":1688381543636,"level":"debug","message":"Rendering engine handlebars","meta":{"rootId":"sn5ha3nbm7lmfry","id":"79ie6s6sfcfzda4"},"id":"dq00cuu3zgln6ou","previousOperationId":"t106imkbmnv5auu"}
{"type":"operationEnd","operationId":"t106imkbmnv5auu","timestamp":1688381543705,"id":"mnm12bd09c8x4p3","previousEventId":"iid7chvbfawa1v0","previousOperationId":"t106imkbmnv5auu"}
{"type":"operationStart","subtype":"recipe","name":"html","timestamp":1688381543706,"id":"hc04ada8fn8mi2i","previousEventId":"mnm12bd09c8x4p3","operationId":"t3sxosdrp1nxu12","previousOperationId":"t106imkbmnv5auu"}
{"type":"log","timestamp":1688381543706,"level":"debug","message":"Executing recipe html","meta":{"rootId":"sn5ha3nbm7lmfry","id":"79ie6s6sfcfzda4"},"id":"bc5klg1qezwf3vw","previousOperationId":"t3sxosdrp1nxu12"}
{"type":"operationEnd","operationId":"t3sxosdrp1nxu12","timestamp":1688381543706,"id":"2a4f8z6fg0wt3l1","previousEventId":"hc04ada8fn8mi2i","previousOperationId":"t3sxosdrp1nxu12"}
{"type":"log","timestamp":1688381543707,"level":"debug","message":"Skipping storing report.","meta":{"rootId":"sn5ha3nbm7lmfry","id":"79ie6s6sfcfzda4"},"id":"nhfkssjbtani18p","previousOperationId":"t3sxosdrp1nxu12"}
{"type":"log","timestamp":1688381543707,"level":"info","message":"Rendering (child) request finished in 2338 ms","meta":{"rootId":"sn5ha3nbm7lmfry","id":"79ie6s6sfcfzda4"},"id":"dbljjmu86ee1on8","previousOperationId":"t3sxosdrp1nxu12"}
{"type":"operationEnd","subtype":"render","operationId":"u389pg4cuxn1259","timestamp":1688381543707,"id":"ubk26ck1um05xhh","previousEventId":"2a4f8z6fg0wt3l1","previousOperationId":"t3sxosdrp1nxu12"}
{"type":"log","timestamp":1688381544880,"level":"debug","message":"Converting with chrome HeadlessChrome/105.0.5173.0 using chrome-pool strategy","meta":{"rootId":"sn5ha3nbm7lmfry","id":"sn5ha3nbm7lmfry"},"id":"fvu6addovcci9b7","previousOperationId":"9xwvyt5e8xrb2cj"}
{"type":"log","timestamp":1688381545309,"level":"debug","message":"Page request: GET (document) file:///C:/Users/hi/AppData/Local/Temp/jsreport/autocleanup/3fe2ac6b-b879-4bb2-b028-72e115ac11cf-chrome-pdf.html","meta":{"rootId":"sn5ha3nbm7lmfry","id":"sn5ha3nbm7lmfry"},"id":"3nf7zfd6gp1fopg","previousOperationId":"9xwvyt5e8xrb2cj"}
{"type":"log","timestamp":1688381545331,"level":"debug","message":"Page request finished: GET (document) 200 file:///C:/Users/hi/AppData/Local/Temp/jsreport/autocleanup/3fe2ac6b-b879-4bb2-b028-72e115ac11cf-chrome-pdf.html","meta":{"rootId":"sn5ha3nbm7lmfry","id":"sn5ha3nbm7lmfry"},"id":"fldpxp214t54xqe","previousOperationId":"9xwvyt5e8xrb2cj"}
{"type":"log","timestamp":1688381545333,"level":"debug","message":"Page request: GET (stylesheet) https://fonts.googleapis.com/css2?family=Montserrat:wght@500&family=Open+Sans:wght@300&display=swap","meta":{"rootId":"sn5ha3nbm7lmfry","id":"sn5ha3nbm7lmfry"},"id":"cg5y0uem860kqtb","previousOperationId":"9xwvyt5e8xrb2cj"}
{"type":"log","timestamp":1688381548014,"level":"debug","message":"Page request finished: GET (stylesheet) 200 https://fonts.googleapis.com/css2?family=Montserrat:wght@500&family=Open+Sans:wght@300&display=swap","meta":{"rootId":"sn5ha3nbm7lmfry","id":"sn5ha3nbm7lmfry"},"id":"ur536zcnaoc2kcu","previousOperationId":"9xwvyt5e8xrb2cj"}
{"type":"log","timestamp":1688381548078,"level":"debug","message":"Page request: GET (font) https://fonts.gstatic.com/s/opensans/v35/memSYaGs126MiZpBA-UvWbX2vVnXBbObj2OVZyOOSr4dVJWUgsiH0B4gaVI.woff2","meta":{"rootId":"sn5ha3nbm7lmfry","id":"sn5ha3nbm7lmfry"},"id":"u9q6vkr96usbs5y","previousOperationId":"9xwvyt5e8xrb2cj"}
{"type":"log","timestamp":1688381548082,"level":"debug","message":"Page request: GET (font) https://fonts.gstatic.com/s/opensans/v35/memSYaGs126MiZpBA-UvWbX2vVnXBbObj2OVZyOOSr4dVJWUgsiH0B4gaVI.woff2","meta":{"rootId":"sn5ha3nbm7lmfry","id":"sn5ha3nbm7lmfry"},"id":"4ym3tb4nwvy0l7f","previousOperationId":"9xwvyt5e8xrb2cj"}
{"type":"log","timestamp":1688381548300,"level":"debug","message":"Page request finished: GET (font) 200 https://fonts.gstatic.com/s/opensans/v35/memSYaGs126MiZpBA-UvWbX2vVnXBbObj2OVZyOOSr4dVJWUgsiH0B4gaVI.woff2","meta":{"rootId":"sn5ha3nbm7lmfry","id":"sn5ha3nbm7lmfry"},"id":"3jg0v3821y91sdc","previousOperationId":"9xwvyt5e8xrb2cj"}
{"type":"log","timestamp":1688381548328,"level":"debug","message":"Running chrome with params {\"scale\":1,\"displayHeaderFooter\":true,\"headerTemplate\":\"...\",\"footerTemplate\":\"...\",\"printBackground\":true,\"pageRanges\":\"\",\"format\":\"A4\",\"width\":\"\",\"height\":\"\",\"marginTop\":\"470px\",\"marginRight\":\"20px\",\"marginBottom\":\"80px\",\"marginLeft\":\"20px\",\"waitForJS\":false,\"waitForNetworkIddle\":false,\"timeout\":57662,\"waitForNetworkIdle\":false,\"margin\":{\"top\":\"470px\",\"right\":\"20px\",\"bottom\":\"80px\",\"left\":\"20px\"}}","meta":{"rootId":"sn5ha3nbm7lmfry","id":"sn5ha3nbm7lmfry"},"id":"e0mvj5pskronlyi","previousOperationId":"9xwvyt5e8xrb2cj"}
{"type":"operationEnd","operationId":"9xwvyt5e8xrb2cj","timestamp":1688381548692,"id":"vb7yv99qx1r5ebl","previousEventId":"bfoux6prfnqd0e3","previousOperationId":"9xwvyt5e8xrb2cj"}
{"type":"log","timestamp":1688381548693,"level":"debug","message":"Skipping storing report.","meta":{"rootId":"sn5ha3nbm7lmfry","id":"sn5ha3nbm7lmfry"},"id":"hv0f5r8cce3avdu","previousOperationId":"9xwvyt5e8xrb2cj"}
{"type":"log","timestamp":1688381548693,"level":"info","message":"Rendering request 1 finished in 7324 ms","meta":{"rootId":"sn5ha3nbm7lmfry","id":"sn5ha3nbm7lmfry"},"id":"yfdvq4lyhz6orp3","previousOperationId":"9xwvyt5e8xrb2cj"}
{"type":"operationEnd","subtype":"render","operationId":"ofbz7z5kgwc7e3c","timestamp":1688381548693,"id":"e5d9sybfk5qxmeg","previousEventId":"vb7yv99qx1r5ebl","previousOperationId":"9xwvyt5e8xrb2cj"}
{"type":"operationEnd","doDiffs":false,"previousEventId":"ghalxwmgkypgyrr","previousOperationId":"g4ymzc1ium6a839","operationId":"g4ymzc1ium6a839","timestamp":1688381548703,"id":"aw2klzv9spq51k1"}
