{"type":"operationStart","subtype":"profile","data":{"_id":"UXBTTYsiCyeXaELM","timestamp":"2022-09-09T20:14:17.206Z","state":"queued","mode":"standard","creationDate":"2022-09-09T20:14:17.210Z","modificationDate":"2022-09-09T20:14:17.210Z","shortid":"pJD5Sp8","$entitySet":"profiles"},"doDiffs":false,"timestamp":1662754457208,"id":"lxv2jyfyybwdp8h","previousOperationId":null,"operationId":"wlmy9t4ffohe0ug"}
{"type":"log","level":"info","message":"Render request 1 queued for execution and waiting for available worker","previousOperationId":"wlmy9t4ffohe0ug","timestamp":1662754457208,"id":"xzm30tbkfswm5ew"}
{"type":"operationStart","subtype":"render","name":"anonymous","previousOperationId":"wlmy9t4ffohe0ug","timestamp":1662754457256,"id":"op8q2u04jqgqgt7","previousEventId":"lxv2jyfyybwdp8h","operationId":"71hldovgxwj6fi0"}
{"type":"log","timestamp":1662754457273,"level":"info","message":"Starting rendering request 1 (user: null)","meta":{"rootId":"su3g3g7n9p6kdh4","id":"su3g3g7n9p6kdh4"},"id":"6ov2bua84r69ijx","previousOperationId":"71hldovgxwj6fi0"}
{"type":"log","timestamp":1662754457281,"level":"info","message":"Rendering anonymous template { recipe: chrome-pdf, engine: handlebars }","meta":{"rootId":"su3g3g7n9p6kdh4","id":"su3g3g7n9p6kdh4"},"id":"y74zmc5pvqf8xrm","previousOperationId":"71hldovgxwj6fi0"}
{"type":"log","timestamp":1662754457282,"level":"debug","message":"Inline data specified.","meta":{"rootId":"su3g3g7n9p6kdh4","id":"su3g3g7n9p6kdh4"},"id":"q2m345qok0xoz6h","previousOperationId":"71hldovgxwj6fi0"}
{"type":"log","timestamp":1662754457298,"level":"debug","message":"Base url not specified, skipping its injection.","meta":{"rootId":"su3g3g7n9p6kdh4","id":"su3g3g7n9p6kdh4"},"id":"ild6nuf84ydnlbw","previousOperationId":"71hldovgxwj6fi0"}
{"type":"operationStart","subtype":"engine","name":"handlebars","timestamp":1662754457300,"id":"4mgd4iqdzg5tguz","previousEventId":"op8q2u04jqgqgt7","operationId":"3xlifij9852omv2","previousOperationId":"71hldovgxwj6fi0"}
{"type":"log","timestamp":1662754457300,"level":"debug","message":"Rendering engine handlebars","meta":{"rootId":"su3g3g7n9p6kdh4","id":"su3g3g7n9p6kdh4"},"id":"j13y86rknl51x1e","previousOperationId":"3xlifij9852omv2"}
{"type":"operationEnd","operationId":"3xlifij9852omv2","timestamp":1662754458334,"id":"fa7ukec48jdruix","previousEventId":"4mgd4iqdzg5tguz","previousOperationId":"3xlifij9852omv2"}
{"type":"operationStart","subtype":"recipe","name":"chrome-pdf","timestamp":1662754458336,"id":"7v4y29dl42pyae5","previousEventId":"fa7ukec48jdruix","operationId":"y806prn1mbawdrh","previousOperationId":"3xlifij9852omv2"}
{"type":"log","timestamp":1662754458336,"level":"debug","message":"Executing recipe chrome-pdf","meta":{"rootId":"su3g3g7n9p6kdh4","id":"su3g3g7n9p6kdh4"},"id":"11ynv20r8787o0q","previousOperationId":"y806prn1mbawdrh"}
{"type":"log","timestamp":1662754458535,"level":"debug","message":"Starting child request to render pdf header","meta":{"rootId":"su3g3g7n9p6kdh4","id":"su3g3g7n9p6kdh4"},"id":"uywtjbetu5p3fvc","previousOperationId":"y806prn1mbawdrh"}
{"type":"operationStart","subtype":"render","name":"anonymous","previousOperationId":"y806prn1mbawdrh","timestamp":1662754458537,"id":"yv96bq7zr8630zu","previousEventId":"7v4y29dl42pyae5","operationId":"s8lywfhjdc7j5yg"}
{"type":"log","timestamp":1662754458537,"level":"info","message":"Starting rendering request 1 (user: null)","meta":{"rootId":"su3g3g7n9p6kdh4","id":"h29v0vrbnvickhg"},"id":"3nkynxckez6dgmh","previousOperationId":"s8lywfhjdc7j5yg"}
{"type":"log","timestamp":1662754458537,"level":"info","message":"Rendering anonymous template { recipe: html, engine: handlebars }","meta":{"rootId":"su3g3g7n9p6kdh4","id":"h29v0vrbnvickhg"},"id":"xbomeh1r8kb8a9l","previousOperationId":"s8lywfhjdc7j5yg"}
{"type":"log","timestamp":1662754458538,"level":"debug","message":"Inline data specified.","meta":{"rootId":"su3g3g7n9p6kdh4","id":"h29v0vrbnvickhg"},"id":"q36gwlm3grnt85c","previousOperationId":"s8lywfhjdc7j5yg"}
{"type":"log","timestamp":1662754458563,"level":"debug","message":"Base url not specified, skipping its injection.","meta":{"rootId":"su3g3g7n9p6kdh4","id":"h29v0vrbnvickhg"},"id":"nwahmd41bbgts5i","previousOperationId":"s8lywfhjdc7j5yg"}
{"type":"log","timestamp":1662754458581,"level":"debug","message":"Replaced assets [\"./src/reporting/assets/logo.png\"]","meta":{"rootId":"su3g3g7n9p6kdh4","id":"h29v0vrbnvickhg"},"id":"qduqrqmg73jg76k","previousOperationId":"s8lywfhjdc7j5yg"}
{"type":"operationStart","subtype":"engine","name":"handlebars","timestamp":1662754458582,"id":"o5ojb0b22tw1744","previousEventId":"yv96bq7zr8630zu","operationId":"mq1999z5ogcbqso","previousOperationId":"s8lywfhjdc7j5yg"}
{"type":"log","timestamp":1662754458582,"level":"debug","message":"Rendering engine handlebars","meta":{"rootId":"su3g3g7n9p6kdh4","id":"h29v0vrbnvickhg"},"id":"q16045so4shp1l6","previousOperationId":"mq1999z5ogcbqso"}
{"type":"operationEnd","operationId":"mq1999z5ogcbqso","timestamp":1662754458648,"id":"z2fihy17xcdtatx","previousEventId":"o5ojb0b22tw1744","previousOperationId":"mq1999z5ogcbqso"}
{"type":"operationStart","subtype":"recipe","name":"html","timestamp":1662754458648,"id":"2ymt30m5c5pwmvi","previousEventId":"z2fihy17xcdtatx","operationId":"pferddm9rsqwyu9","previousOperationId":"mq1999z5ogcbqso"}
{"type":"log","timestamp":1662754458648,"level":"debug","message":"Executing recipe html","meta":{"rootId":"su3g3g7n9p6kdh4","id":"h29v0vrbnvickhg"},"id":"jg4rnc9l244n3o0","previousOperationId":"pferddm9rsqwyu9"}
{"type":"operationEnd","operationId":"pferddm9rsqwyu9","timestamp":1662754458649,"id":"ebvsm7oe2p1366t","previousEventId":"2ymt30m5c5pwmvi","previousOperationId":"pferddm9rsqwyu9"}
{"type":"log","timestamp":1662754458650,"level":"debug","message":"Skipping storing report.","meta":{"rootId":"su3g3g7n9p6kdh4","id":"h29v0vrbnvickhg"},"id":"blmzjpfkd9yt1vw","previousOperationId":"pferddm9rsqwyu9"}
{"type":"log","timestamp":1662754458650,"level":"info","message":"Rendering request 1 finished in 1445 ms","meta":{"rootId":"su3g3g7n9p6kdh4","id":"h29v0vrbnvickhg"},"id":"jjwhyl9y0qtn5d0","previousOperationId":"pferddm9rsqwyu9"}
{"type":"operationEnd","subtype":"render","operationId":"s8lywfhjdc7j5yg","timestamp":1662754458651,"id":"cjow88pqktrwl1x","previousEventId":"ebvsm7oe2p1366t","previousOperationId":"pferddm9rsqwyu9"}
{"type":"log","timestamp":1662754458651,"level":"debug","message":"Starting child request to render pdf footer","meta":{"rootId":"su3g3g7n9p6kdh4","id":"su3g3g7n9p6kdh4"},"id":"r4ge6bnjjhu8xw0","previousOperationId":"y806prn1mbawdrh"}
{"type":"operationStart","subtype":"render","name":"anonymous","previousOperationId":"y806prn1mbawdrh","timestamp":1662754458651,"id":"r3bpmzgr306trq3","previousEventId":"7v4y29dl42pyae5","operationId":"v5j086k4j09lc28"}
{"type":"log","timestamp":1662754458651,"level":"info","message":"Starting rendering request 1 (user: null)","meta":{"rootId":"su3g3g7n9p6kdh4","id":"vvdults3u2qylzy"},"id":"y5osrxc0fdmdxiu","previousOperationId":"v5j086k4j09lc28"}
{"type":"log","timestamp":1662754458651,"level":"info","message":"Rendering anonymous template { recipe: html, engine: handlebars }","meta":{"rootId":"su3g3g7n9p6kdh4","id":"vvdults3u2qylzy"},"id":"cmcles7i32so87k","previousOperationId":"v5j086k4j09lc28"}
{"type":"log","timestamp":1662754458651,"level":"debug","message":"Inline data specified.","meta":{"rootId":"su3g3g7n9p6kdh4","id":"vvdults3u2qylzy"},"id":"rk9yj2w227kefwl","previousOperationId":"v5j086k4j09lc28"}
{"type":"log","timestamp":1662754458654,"level":"debug","message":"Base url not specified, skipping its injection.","meta":{"rootId":"su3g3g7n9p6kdh4","id":"vvdults3u2qylzy"},"id":"4d72ghfet5g947c","previousOperationId":"v5j086k4j09lc28"}
{"type":"operationStart","subtype":"engine","name":"handlebars","timestamp":1662754458654,"id":"8x490jjjcs5soo2","previousEventId":"r3bpmzgr306trq3","operationId":"j35rmxo0qes0f9i","previousOperationId":"v5j086k4j09lc28"}
{"type":"log","timestamp":1662754458654,"level":"debug","message":"Rendering engine handlebars","meta":{"rootId":"su3g3g7n9p6kdh4","id":"vvdults3u2qylzy"},"id":"dabg5c1u7isk6ah","previousOperationId":"j35rmxo0qes0f9i"}
{"type":"operationEnd","operationId":"j35rmxo0qes0f9i","timestamp":1662754458670,"id":"oa0mvwl7knjdmcx","previousEventId":"8x490jjjcs5soo2","previousOperationId":"j35rmxo0qes0f9i"}
{"type":"operationStart","subtype":"recipe","name":"html","timestamp":1662754458671,"id":"6oh8gk980adm2b8","previousEventId":"oa0mvwl7knjdmcx","operationId":"eg2ic3ccf41nqwd","previousOperationId":"j35rmxo0qes0f9i"}
{"type":"log","timestamp":1662754458671,"level":"debug","message":"Executing recipe html","meta":{"rootId":"su3g3g7n9p6kdh4","id":"vvdults3u2qylzy"},"id":"358tg7s0wkrjrsu","previousOperationId":"eg2ic3ccf41nqwd"}
{"type":"operationEnd","operationId":"eg2ic3ccf41nqwd","timestamp":1662754458671,"id":"fcu2fluiqjvw0fl","previousEventId":"6oh8gk980adm2b8","previousOperationId":"eg2ic3ccf41nqwd"}
{"type":"log","timestamp":1662754458671,"level":"debug","message":"Skipping storing report.","meta":{"rootId":"su3g3g7n9p6kdh4","id":"vvdults3u2qylzy"},"id":"o7by6j30abpjxwy","previousOperationId":"eg2ic3ccf41nqwd"}
{"type":"log","timestamp":1662754458671,"level":"info","message":"Rendering request 1 finished in 1466 ms","meta":{"rootId":"su3g3g7n9p6kdh4","id":"vvdults3u2qylzy"},"id":"wyhcs25jibwhvu4","previousOperationId":"eg2ic3ccf41nqwd"}
{"type":"operationEnd","subtype":"render","operationId":"v5j086k4j09lc28","timestamp":1662754458671,"id":"iigdxwps8e1x0qt","previousEventId":"fcu2fluiqjvw0fl","previousOperationId":"eg2ic3ccf41nqwd"}
{"type":"log","timestamp":1662754460245,"level":"debug","message":"Converting with chrome HeadlessChrome/98.0.4758.0 using chrome-pool strategy","meta":{"rootId":"su3g3g7n9p6kdh4","id":"su3g3g7n9p6kdh4"},"id":"3bjg4jgxwy934ct","previousOperationId":"y806prn1mbawdrh"}
{"type":"log","timestamp":1662754460986,"level":"debug","message":"Page request: GET (document) file:///var/folders/8m/98z140gs3yzbw6jqmpbh8b8m0000gn/T/jsreport/autocleanup/faf52bb0-a0a7-43a9-86ff-c08f2fe59b8b-chrome-pdf.html","meta":{"rootId":"su3g3g7n9p6kdh4","id":"su3g3g7n9p6kdh4"},"id":"mkr8u13g318omgx","previousOperationId":"y806prn1mbawdrh"}
{"type":"log","timestamp":1662754461003,"level":"debug","message":"Page request finished: GET (document) file:///var/folders/8m/98z140gs3yzbw6jqmpbh8b8m0000gn/T/jsreport/autocleanup/faf52bb0-a0a7-43a9-86ff-c08f2fe59b8b-chrome-pdf.html","meta":{"rootId":"su3g3g7n9p6kdh4","id":"su3g3g7n9p6kdh4"},"id":"y088kq2omoxd9sk","previousOperationId":"y806prn1mbawdrh"}
{"type":"log","timestamp":1662754461008,"level":"debug","message":"Page request: GET (stylesheet) https://fonts.googleapis.com/css2?family=Montserrat:wght@500&family=Open+Sans:wght@300&display=swap","meta":{"rootId":"su3g3g7n9p6kdh4","id":"su3g3g7n9p6kdh4"},"id":"5v9cnp6qyw73722","previousOperationId":"y806prn1mbawdrh"}
{"type":"log","timestamp":1662754461292,"level":"debug","message":"Page request finished: GET (stylesheet) 200 https://fonts.googleapis.com/css2?family=Montserrat:wght@500&family=Open+Sans:wght@300&display=swap","meta":{"rootId":"su3g3g7n9p6kdh4","id":"su3g3g7n9p6kdh4"},"id":"4i73gd9wecvq0gi","previousOperationId":"y806prn1mbawdrh"}
{"type":"log","timestamp":1662754461324,"level":"debug","message":"Page request: GET (font) https://fonts.gstatic.com/s/opensans/v34/memSYaGs126MiZpBA-UvWbX2vVnXBbObj2OVZyOOSr4dVJWUgsiH0B4gaVQUwaEQbjA.woff","meta":{"rootId":"su3g3g7n9p6kdh4","id":"su3g3g7n9p6kdh4"},"id":"8oezj7eiak5icis","previousOperationId":"y806prn1mbawdrh"}
{"type":"log","timestamp":1662754461330,"level":"debug","message":"Running chrome with params {\"scale\":1,\"displayHeaderFooter\":true,\"headerTemplate\":\"...\",\"footerTemplate\":\"...\",\"printBackground\":true,\"pageRanges\":\"\",\"format\":\"A4\",\"width\":\"\",\"height\":\"\",\"marginTop\":\"350px\",\"marginRight\":\"20px\",\"marginBottom\":\"80px\",\"marginLeft\":\"20px\",\"waitForJS\":false,\"waitForNetworkIddle\":false,\"timeout\":58533,\"waitForNetworkIdle\":false,\"margin\":{\"top\":\"350px\",\"right\":\"20px\",\"bottom\":\"80px\",\"left\":\"20px\"}}","meta":{"rootId":"su3g3g7n9p6kdh4","id":"su3g3g7n9p6kdh4"},"id":"yx6vcicvc7n6x2i","previousOperationId":"y806prn1mbawdrh"}
{"type":"log","timestamp":1662754461335,"level":"debug","message":"Page request: GET (font) https://fonts.gstatic.com/s/opensans/v34/memSYaGs126MiZpBA-UvWbX2vVnXBbObj2OVZyOOSr4dVJWUgsiH0B4gaVQUwaEQbjA.woff","meta":{"rootId":"su3g3g7n9p6kdh4","id":"su3g3g7n9p6kdh4"},"id":"q443z5x4cswlb3i","previousOperationId":"y806prn1mbawdrh"}
{"type":"operationEnd","operationId":"y806prn1mbawdrh","timestamp":1662754461593,"id":"3y405s06oomdjp7","previousEventId":"7v4y29dl42pyae5","previousOperationId":"y806prn1mbawdrh"}
{"type":"log","timestamp":1662754461593,"level":"debug","message":"Skipping storing report.","meta":{"rootId":"su3g3g7n9p6kdh4","id":"su3g3g7n9p6kdh4"},"id":"6egi7ceosw1b0qx","previousOperationId":"y806prn1mbawdrh"}
{"type":"log","timestamp":1662754461594,"level":"info","message":"Rendering request 1 finished in 4389 ms","meta":{"rootId":"su3g3g7n9p6kdh4","id":"su3g3g7n9p6kdh4"},"id":"2mdwtom3rj55f49","previousOperationId":"y806prn1mbawdrh"}
{"type":"operationEnd","subtype":"render","operationId":"71hldovgxwj6fi0","timestamp":1662754461594,"id":"w7tyc3ssws9jwf8","previousEventId":"3y405s06oomdjp7","previousOperationId":"y806prn1mbawdrh"}
{"type":"operationEnd","doDiffs":false,"previousEventId":"lxv2jyfyybwdp8h","previousOperationId":"wlmy9t4ffohe0ug","operationId":"wlmy9t4ffohe0ug","timestamp":1662754461613,"id":"qhd5aa7agachs21"}
