{"type":"operationStart","subtype":"profile","data":{"_id":"nkOx3Y9kXzB6DlBg","timestamp":"2022-10-05T21:22:00.802Z","state":"queued","mode":"standard","creationDate":"2022-10-05T21:22:00.809Z","modificationDate":"2022-10-05T21:22:00.809Z","shortid":"quMTkep","$entitySet":"profiles"},"doDiffs":false,"timestamp":1665004920805,"id":"0qup4ocood8xf3d","previousOperationId":null,"operationId":"23pcwhycx4wb41b"}
{"type":"log","level":"info","message":"Render request 1 queued for execution and waiting for available worker","previousOperationId":"23pcwhycx4wb41b","timestamp":1665004920805,"id":"ci6cja3qy1fg3mr"}
{"type":"operationStart","subtype":"render","name":"anonymous","previousOperationId":"23pcwhycx4wb41b","timestamp":1665004920834,"id":"4eiia9sqrwp5inb","previousEventId":"0qup4ocood8xf3d","operationId":"r8vrytdkbt9zmwz"}
{"type":"log","timestamp":1665004920837,"level":"info","message":"Starting rendering request 1 (user: null)","meta":{"rootId":"sxvky38kpihnbl8","id":"sxvky38kpihnbl8"},"id":"h3qm4k2hwram7xj","previousOperationId":"r8vrytdkbt9zmwz"}
{"type":"log","timestamp":1665004920840,"level":"info","message":"Rendering anonymous template { recipe: chrome-pdf, engine: handlebars }","meta":{"rootId":"sxvky38kpihnbl8","id":"sxvky38kpihnbl8"},"id":"81kud6sdo8bghqn","previousOperationId":"r8vrytdkbt9zmwz"}
{"type":"log","timestamp":1665004920840,"level":"debug","message":"Inline data specified.","meta":{"rootId":"sxvky38kpihnbl8","id":"sxvky38kpihnbl8"},"id":"omv0ht22w720y6f","previousOperationId":"r8vrytdkbt9zmwz"}
{"type":"log","timestamp":1665004920846,"level":"debug","message":"Base url not specified, skipping its injection.","meta":{"rootId":"sxvky38kpihnbl8","id":"sxvky38kpihnbl8"},"id":"53fv9ikr09gczb7","previousOperationId":"r8vrytdkbt9zmwz"}
{"type":"operationStart","subtype":"engine","name":"handlebars","timestamp":1665004920848,"id":"ti6j1e4fkskm5gl","previousEventId":"4eiia9sqrwp5inb","operationId":"gkswujeynxhifu6","previousOperationId":"r8vrytdkbt9zmwz"}
{"type":"log","timestamp":1665004920848,"level":"debug","message":"Rendering engine handlebars","meta":{"rootId":"sxvky38kpihnbl8","id":"sxvky38kpihnbl8"},"id":"kub9g8am9m54w4q","previousOperationId":"gkswujeynxhifu6"}
{"type":"operationEnd","operationId":"gkswujeynxhifu6","timestamp":1665004922021,"id":"vqtuaduk4rpu3l9","previousEventId":"ti6j1e4fkskm5gl","previousOperationId":"gkswujeynxhifu6"}
{"type":"operationStart","subtype":"recipe","name":"chrome-pdf","timestamp":1665004922023,"id":"wrcc3060kfvn45w","previousEventId":"vqtuaduk4rpu3l9","operationId":"dn1ufzy7gj3ivm8","previousOperationId":"gkswujeynxhifu6"}
{"type":"log","timestamp":1665004922023,"level":"debug","message":"Executing recipe chrome-pdf","meta":{"rootId":"sxvky38kpihnbl8","id":"sxvky38kpihnbl8"},"id":"dq6wtthlkxld8ek","previousOperationId":"dn1ufzy7gj3ivm8"}
{"type":"log","timestamp":1665004922238,"level":"debug","message":"Starting child request to render pdf header","meta":{"rootId":"sxvky38kpihnbl8","id":"sxvky38kpihnbl8"},"id":"nqu5f9mdimdaw37","previousOperationId":"dn1ufzy7gj3ivm8"}
{"type":"operationStart","subtype":"render","name":"anonymous","previousOperationId":"dn1ufzy7gj3ivm8","timestamp":1665004922239,"id":"8kcko0kqd45a3up","previousEventId":"wrcc3060kfvn45w","operationId":"t5gagqlzgwjrxa1"}
{"type":"log","timestamp":1665004922239,"level":"info","message":"Starting rendering request 1 (user: null)","meta":{"rootId":"sxvky38kpihnbl8","id":"3q4gdbr89v6p3ro"},"id":"l8l8oyc0wm0amof","previousOperationId":"t5gagqlzgwjrxa1"}
{"type":"log","timestamp":1665004922239,"level":"info","message":"Rendering anonymous template { recipe: html, engine: handlebars }","meta":{"rootId":"sxvky38kpihnbl8","id":"3q4gdbr89v6p3ro"},"id":"luumur1xk4qxogw","previousOperationId":"t5gagqlzgwjrxa1"}
{"type":"log","timestamp":1665004922240,"level":"debug","message":"Inline data specified.","meta":{"rootId":"sxvky38kpihnbl8","id":"3q4gdbr89v6p3ro"},"id":"8d8ykugr1ir9kgy","previousOperationId":"t5gagqlzgwjrxa1"}
{"type":"log","timestamp":1665004922242,"level":"debug","message":"Base url not specified, skipping its injection.","meta":{"rootId":"sxvky38kpihnbl8","id":"3q4gdbr89v6p3ro"},"id":"tkwok93jjku8uzh","previousOperationId":"t5gagqlzgwjrxa1"}
{"type":"log","timestamp":1665004922273,"level":"debug","message":"Replaced assets [\"./src/reporting/assets/logo.png\"]","meta":{"rootId":"sxvky38kpihnbl8","id":"3q4gdbr89v6p3ro"},"id":"0p2pkag2q89u0x5","previousOperationId":"t5gagqlzgwjrxa1"}
{"type":"operationStart","subtype":"engine","name":"handlebars","timestamp":1665004922273,"id":"l18nz41piqq1ze8","previousEventId":"8kcko0kqd45a3up","operationId":"i6k2etqlxytzett","previousOperationId":"t5gagqlzgwjrxa1"}
{"type":"log","timestamp":1665004922273,"level":"debug","message":"Rendering engine handlebars","meta":{"rootId":"sxvky38kpihnbl8","id":"3q4gdbr89v6p3ro"},"id":"qlpjain3hngcw5z","previousOperationId":"i6k2etqlxytzett"}
{"type":"operationEnd","operationId":"i6k2etqlxytzett","timestamp":1665004922337,"id":"n77o5lishe3vqjf","previousEventId":"l18nz41piqq1ze8","previousOperationId":"i6k2etqlxytzett"}
{"type":"operationStart","subtype":"recipe","name":"html","timestamp":1665004922338,"id":"21i78pywxym9k16","previousEventId":"n77o5lishe3vqjf","operationId":"mifg385v4u8aid5","previousOperationId":"i6k2etqlxytzett"}
{"type":"log","timestamp":1665004922338,"level":"debug","message":"Executing recipe html","meta":{"rootId":"sxvky38kpihnbl8","id":"3q4gdbr89v6p3ro"},"id":"w331n9wzu2nn3mb","previousOperationId":"mifg385v4u8aid5"}
{"type":"operationEnd","operationId":"mifg385v4u8aid5","timestamp":1665004922338,"id":"o0cmrn8jw6omrlw","previousEventId":"21i78pywxym9k16","previousOperationId":"mifg385v4u8aid5"}
{"type":"log","timestamp":1665004922339,"level":"debug","message":"Skipping storing report.","meta":{"rootId":"sxvky38kpihnbl8","id":"3q4gdbr89v6p3ro"},"id":"ehrola9o7srqqm0","previousOperationId":"mifg385v4u8aid5"}
{"type":"log","timestamp":1665004922344,"level":"info","message":"Rendering request 1 finished in 1543 ms","meta":{"rootId":"sxvky38kpihnbl8","id":"3q4gdbr89v6p3ro"},"id":"ecy1a23b2x5hykt","previousOperationId":"mifg385v4u8aid5"}
{"type":"operationEnd","subtype":"render","operationId":"t5gagqlzgwjrxa1","timestamp":1665004922345,"id":"w54czzpl8s2kcyu","previousEventId":"o0cmrn8jw6omrlw","previousOperationId":"mifg385v4u8aid5"}
{"type":"log","timestamp":1665004922345,"level":"debug","message":"Starting child request to render pdf footer","meta":{"rootId":"sxvky38kpihnbl8","id":"sxvky38kpihnbl8"},"id":"2gyougovgj9z0q2","previousOperationId":"dn1ufzy7gj3ivm8"}
{"type":"operationStart","subtype":"render","name":"anonymous","previousOperationId":"dn1ufzy7gj3ivm8","timestamp":1665004922345,"id":"m5h2fmpbrnrh0vv","previousEventId":"wrcc3060kfvn45w","operationId":"dsf3brtsw4s9qi0"}
{"type":"log","timestamp":1665004922345,"level":"info","message":"Starting rendering request 1 (user: null)","meta":{"rootId":"sxvky38kpihnbl8","id":"8cxpwrqhqqmh5y2"},"id":"qg5cdk7h9iq6xtx","previousOperationId":"dsf3brtsw4s9qi0"}
{"type":"log","timestamp":1665004922346,"level":"info","message":"Rendering anonymous template { recipe: html, engine: handlebars }","meta":{"rootId":"sxvky38kpihnbl8","id":"8cxpwrqhqqmh5y2"},"id":"6l62psx08a1uqae","previousOperationId":"dsf3brtsw4s9qi0"}
{"type":"log","timestamp":1665004922346,"level":"debug","message":"Inline data specified.","meta":{"rootId":"sxvky38kpihnbl8","id":"8cxpwrqhqqmh5y2"},"id":"cdxlnaeebr5x7pk","previousOperationId":"dsf3brtsw4s9qi0"}
{"type":"log","timestamp":1665004922357,"level":"debug","message":"Base url not specified, skipping its injection.","meta":{"rootId":"sxvky38kpihnbl8","id":"8cxpwrqhqqmh5y2"},"id":"msnjobcw3hrcl7z","previousOperationId":"dsf3brtsw4s9qi0"}
{"type":"operationStart","subtype":"engine","name":"handlebars","timestamp":1665004922357,"id":"c72p90ldqj9gs7m","previousEventId":"m5h2fmpbrnrh0vv","operationId":"s15wjn5ru8wdl50","previousOperationId":"dsf3brtsw4s9qi0"}
{"type":"log","timestamp":1665004922357,"level":"debug","message":"Rendering engine handlebars","meta":{"rootId":"sxvky38kpihnbl8","id":"8cxpwrqhqqmh5y2"},"id":"d5f6f689yuajm64","previousOperationId":"s15wjn5ru8wdl50"}
{"type":"operationEnd","operationId":"s15wjn5ru8wdl50","timestamp":1665004922385,"id":"rkf2j4l82kwsy9z","previousEventId":"c72p90ldqj9gs7m","previousOperationId":"s15wjn5ru8wdl50"}
{"type":"operationStart","subtype":"recipe","name":"html","timestamp":1665004922385,"id":"0ohld6pciqnuxcy","previousEventId":"rkf2j4l82kwsy9z","operationId":"gozzfmadfcbwerq","previousOperationId":"s15wjn5ru8wdl50"}
{"type":"log","timestamp":1665004922385,"level":"debug","message":"Executing recipe html","meta":{"rootId":"sxvky38kpihnbl8","id":"8cxpwrqhqqmh5y2"},"id":"537mekbk7uurga9","previousOperationId":"gozzfmadfcbwerq"}
{"type":"operationEnd","operationId":"gozzfmadfcbwerq","timestamp":1665004922385,"id":"zq960oap73dqo6r","previousEventId":"0ohld6pciqnuxcy","previousOperationId":"gozzfmadfcbwerq"}
{"type":"log","timestamp":1665004922386,"level":"debug","message":"Skipping storing report.","meta":{"rootId":"sxvky38kpihnbl8","id":"8cxpwrqhqqmh5y2"},"id":"5cdlualcghb3eko","previousOperationId":"gozzfmadfcbwerq"}
{"type":"log","timestamp":1665004922386,"level":"info","message":"Rendering request 1 finished in 1585 ms","meta":{"rootId":"sxvky38kpihnbl8","id":"8cxpwrqhqqmh5y2"},"id":"pgd0s83e0t5eui5","previousOperationId":"gozzfmadfcbwerq"}
{"type":"operationEnd","subtype":"render","operationId":"dsf3brtsw4s9qi0","timestamp":1665004922386,"id":"1jak5b4zanzql76","previousEventId":"zq960oap73dqo6r","previousOperationId":"gozzfmadfcbwerq"}
{"type":"log","timestamp":1665004923961,"level":"debug","message":"Converting with chrome HeadlessChrome/98.0.4758.0 using chrome-pool strategy","meta":{"rootId":"sxvky38kpihnbl8","id":"sxvky38kpihnbl8"},"id":"9k5xs7rsl6zkz7v","previousOperationId":"dn1ufzy7gj3ivm8"}
{"type":"log","timestamp":1665004924223,"level":"debug","message":"Page request: GET (document) file:///var/folders/8m/98z140gs3yzbw6jqmpbh8b8m0000gn/T/jsreport/autocleanup/2156f847-30a0-47f4-8098-f755cdb0be1d-chrome-pdf.html","meta":{"rootId":"sxvky38kpihnbl8","id":"sxvky38kpihnbl8"},"id":"9q3sxyn72uvuddg","previousOperationId":"dn1ufzy7gj3ivm8"}
{"type":"log","timestamp":1665004924252,"level":"debug","message":"Page request finished: GET (document) file:///var/folders/8m/98z140gs3yzbw6jqmpbh8b8m0000gn/T/jsreport/autocleanup/2156f847-30a0-47f4-8098-f755cdb0be1d-chrome-pdf.html","meta":{"rootId":"sxvky38kpihnbl8","id":"sxvky38kpihnbl8"},"id":"xsqkxpv86ikmgvv","previousOperationId":"dn1ufzy7gj3ivm8"}
{"type":"log","timestamp":1665004924260,"level":"debug","message":"Page request: GET (stylesheet) https://fonts.googleapis.com/css2?family=Montserrat:wght@500&family=Open+Sans:wght@300&display=swap","meta":{"rootId":"sxvky38kpihnbl8","id":"sxvky38kpihnbl8"},"id":"vodsyht0edpjvcb","previousOperationId":"dn1ufzy7gj3ivm8"}
{"type":"log","timestamp":1665004926194,"level":"debug","message":"Page request finished: GET (stylesheet) 200 https://fonts.googleapis.com/css2?family=Montserrat:wght@500&family=Open+Sans:wght@300&display=swap","meta":{"rootId":"sxvky38kpihnbl8","id":"sxvky38kpihnbl8"},"id":"xj70ezpakwvio9x","previousOperationId":"dn1ufzy7gj3ivm8"}
{"type":"log","timestamp":1665004926231,"level":"debug","message":"Page request: GET (font) https://fonts.gstatic.com/s/opensans/v34/memSYaGs126MiZpBA-UvWbX2vVnXBbObj2OVZyOOSr4dVJWUgsiH0B4gaVQUwaEQbjA.woff","meta":{"rootId":"sxvky38kpihnbl8","id":"sxvky38kpihnbl8"},"id":"vy48yw7r61imnfl","previousOperationId":"dn1ufzy7gj3ivm8"}
{"type":"log","timestamp":1665004926236,"level":"debug","message":"Running chrome with params {\"scale\":1,\"displayHeaderFooter\":true,\"headerTemplate\":\"...\",\"footerTemplate\":\"...\",\"printBackground\":true,\"pageRanges\":\"\",\"format\":\"A4\",\"width\":\"\",\"height\":\"\",\"marginTop\":\"470px\",\"marginRight\":\"20px\",\"marginBottom\":\"80px\",\"marginLeft\":\"20px\",\"waitForJS\":false,\"waitForNetworkIddle\":false,\"timeout\":58415,\"waitForNetworkIdle\":false,\"margin\":{\"top\":\"470px\",\"right\":\"20px\",\"bottom\":\"80px\",\"left\":\"20px\"}}","meta":{"rootId":"sxvky38kpihnbl8","id":"sxvky38kpihnbl8"},"id":"i0qty2b0x76qxck","previousOperationId":"dn1ufzy7gj3ivm8"}
{"type":"log","timestamp":1665004926241,"level":"debug","message":"Page request: GET (font) https://fonts.gstatic.com/s/opensans/v34/memSYaGs126MiZpBA-UvWbX2vVnXBbObj2OVZyOOSr4dVJWUgsiH0B4gaVQUwaEQbjA.woff","meta":{"rootId":"sxvky38kpihnbl8","id":"sxvky38kpihnbl8"},"id":"br6gr26p5fgme5n","previousOperationId":"dn1ufzy7gj3ivm8"}
{"type":"operationEnd","operationId":"dn1ufzy7gj3ivm8","timestamp":1665004926433,"id":"ni5436vh87fpmfm","previousEventId":"wrcc3060kfvn45w","previousOperationId":"dn1ufzy7gj3ivm8"}
{"type":"log","timestamp":1665004926434,"level":"debug","message":"Skipping storing report.","meta":{"rootId":"sxvky38kpihnbl8","id":"sxvky38kpihnbl8"},"id":"g3jnx2k0u8gxxz1","previousOperationId":"dn1ufzy7gj3ivm8"}
{"type":"log","timestamp":1665004926434,"level":"info","message":"Rendering request 1 finished in 5633 ms","meta":{"rootId":"sxvky38kpihnbl8","id":"sxvky38kpihnbl8"},"id":"a047qstwoxh1u6d","previousOperationId":"dn1ufzy7gj3ivm8"}
{"type":"operationEnd","subtype":"render","operationId":"r8vrytdkbt9zmwz","timestamp":1665004926434,"id":"govxifnpplaxgy5","previousEventId":"ni5436vh87fpmfm","previousOperationId":"dn1ufzy7gj3ivm8"}
{"type":"operationEnd","doDiffs":false,"previousEventId":"0qup4ocood8xf3d","previousOperationId":"23pcwhycx4wb41b","operationId":"23pcwhycx4wb41b","timestamp":1665004926441,"id":"nsp643ne42y5hqk"}
