{"type":"operationStart","subtype":"profile","data":{"_id":"UVGskmBMtT2Krf4l","timestamp":"2023-07-03T11:03:07.499Z","state":"queued","mode":"standard","creationDate":"2023-07-03T11:03:07.513Z","modificationDate":"2023-07-03T11:03:07.513Z","shortid":"FsE-jbn","$entitySet":"profiles"},"doDiffs":false,"timestamp":1688382187505,"id":"i7v6ddrfjxf9n5n","previousOperationId":null,"operationId":"th4jz0nyoefsbg5"}
{"type":"log","level":"info","message":"Render request 1 queued for execution and waiting for available worker","previousOperationId":"th4jz0nyoefsbg5","timestamp":1688382187505,"id":"9266pjzufmw75mf"}
{"type":"operationStart","subtype":"render","name":"anonymous","previousOperationId":"th4jz0nyoefsbg5","timestamp":1688382187573,"id":"v6l98oy24xg7gp5","previousEventId":"i7v6ddrfjxf9n5n","operationId":"0xkbh9zcwcixgu9"}
{"type":"log","timestamp":1688382187577,"level":"info","message":"Starting rendering request 1","meta":{"rootId":"t4akegi9d0fahbh","id":"t4akegi9d0fahbh"},"id":"4q5oeonranu3t5h","previousOperationId":"0xkbh9zcwcixgu9"}
{"type":"log","timestamp":1688382187582,"level":"info","message":"Rendering anonymous template { recipe: chrome-pdf, engine: handlebars }","meta":{"rootId":"t4akegi9d0fahbh","id":"t4akegi9d0fahbh"},"id":"kummmcwrb0kwe1m","previousOperationId":"0xkbh9zcwcixgu9"}
{"type":"log","timestamp":1688382187583,"level":"debug","message":"Inline data specified.","meta":{"rootId":"t4akegi9d0fahbh","id":"t4akegi9d0fahbh"},"id":"ybzdc4elrvwchma","previousOperationId":"0xkbh9zcwcixgu9"}
{"type":"log","timestamp":1688382187604,"level":"debug","message":"Base url not specified, skipping its injection.","meta":{"rootId":"t4akegi9d0fahbh","id":"t4akegi9d0fahbh"},"id":"cfn9boaqx5n4p71","previousOperationId":"0xkbh9zcwcixgu9"}
{"type":"operationStart","subtype":"engine","name":"handlebars","timestamp":1688382187608,"id":"a08yjyhekpxxq4a","previousEventId":"v6l98oy24xg7gp5","operationId":"d6nmxz42tx4xxsg","previousOperationId":"0xkbh9zcwcixgu9"}
{"type":"log","timestamp":1688382187608,"level":"debug","message":"Rendering engine handlebars","meta":{"rootId":"t4akegi9d0fahbh","id":"t4akegi9d0fahbh"},"id":"yp5sh07vz27ouk1","previousOperationId":"d6nmxz42tx4xxsg"}
{"type":"operationEnd","operationId":"d6nmxz42tx4xxsg","timestamp":1688382189345,"id":"pzs4curz4n1t7xv","previousEventId":"a08yjyhekpxxq4a","previousOperationId":"d6nmxz42tx4xxsg"}
{"type":"operationStart","subtype":"recipe","name":"chrome-pdf","timestamp":1688382189347,"id":"atn5gmbx2ksufay","previousEventId":"pzs4curz4n1t7xv","operationId":"4yfgn7t3qdwf7n0","previousOperationId":"d6nmxz42tx4xxsg"}
{"type":"log","timestamp":1688382189347,"level":"debug","message":"Executing recipe chrome-pdf","meta":{"rootId":"t4akegi9d0fahbh","id":"t4akegi9d0fahbh"},"id":"ac73yqumwhxj9mq","previousOperationId":"4yfgn7t3qdwf7n0"}
{"type":"log","timestamp":1688382189993,"level":"debug","message":"Starting child request to render pdf header","meta":{"rootId":"t4akegi9d0fahbh","id":"t4akegi9d0fahbh"},"id":"1sixia2uvzq7anz","previousOperationId":"4yfgn7t3qdwf7n0"}
{"type":"operationStart","subtype":"render","name":"anonymous","previousOperationId":"4yfgn7t3qdwf7n0","timestamp":1688382189998,"id":"1geaffhke3381cb","previousEventId":"atn5gmbx2ksufay","operationId":"13lo5gp9bi2sde8"}
{"type":"log","timestamp":1688382189998,"level":"info","message":"Starting rendering (child) request","meta":{"rootId":"t4akegi9d0fahbh","id":"j7cboj29shevmot"},"id":"hnfzceo0oayhcbo","previousOperationId":"13lo5gp9bi2sde8"}
{"type":"log","timestamp":1688382189999,"level":"info","message":"Rendering anonymous template { recipe: html, engine: handlebars }","meta":{"rootId":"t4akegi9d0fahbh","id":"j7cboj29shevmot"},"id":"35cwtzcqoocgnly","previousOperationId":"13lo5gp9bi2sde8"}
{"type":"log","timestamp":1688382189999,"level":"debug","message":"Inline data specified.","meta":{"rootId":"t4akegi9d0fahbh","id":"j7cboj29shevmot"},"id":"70dibs4lf9uh1lt","previousOperationId":"13lo5gp9bi2sde8"}
{"type":"log","timestamp":1688382190048,"level":"debug","message":"Base url not specified, skipping its injection.","meta":{"rootId":"t4akegi9d0fahbh","id":"j7cboj29shevmot"},"id":"qiln9wnkx5319jh","previousOperationId":"13lo5gp9bi2sde8"}
{"type":"log","timestamp":1688382190098,"level":"debug","message":"Replaced assets [\"./src/reporting/assets/logo.png\"]","meta":{"rootId":"t4akegi9d0fahbh","id":"j7cboj29shevmot"},"id":"iwho63x6avfmbp0","previousOperationId":"13lo5gp9bi2sde8"}
{"type":"operationStart","subtype":"engine","name":"handlebars","timestamp":1688382190099,"id":"7qu1wssq9oj3k2k","previousEventId":"1geaffhke3381cb","operationId":"t4xq6ovlunuzkvi","previousOperationId":"13lo5gp9bi2sde8"}
{"type":"log","timestamp":1688382190099,"level":"debug","message":"Rendering engine handlebars","meta":{"rootId":"t4akegi9d0fahbh","id":"j7cboj29shevmot"},"id":"jvte4o1ict484h8","previousOperationId":"t4xq6ovlunuzkvi"}
{"type":"operationEnd","operationId":"t4xq6ovlunuzkvi","timestamp":1688382190375,"id":"eeabk3d76umxg9d","previousEventId":"7qu1wssq9oj3k2k","previousOperationId":"t4xq6ovlunuzkvi"}
{"type":"operationStart","subtype":"recipe","name":"html","timestamp":1688382190377,"id":"4e74c69j1ktg9h0","previousEventId":"eeabk3d76umxg9d","operationId":"w38of5hldgemccd","previousOperationId":"t4xq6ovlunuzkvi"}
{"type":"log","timestamp":1688382190377,"level":"debug","message":"Executing recipe html","meta":{"rootId":"t4akegi9d0fahbh","id":"j7cboj29shevmot"},"id":"0cvyepfu9cww5wr","previousOperationId":"w38of5hldgemccd"}
{"type":"operationEnd","operationId":"w38of5hldgemccd","timestamp":1688382190377,"id":"rnmint933k42kby","previousEventId":"4e74c69j1ktg9h0","previousOperationId":"w38of5hldgemccd"}
{"type":"log","timestamp":1688382190379,"level":"debug","message":"Skipping storing report.","meta":{"rootId":"t4akegi9d0fahbh","id":"j7cboj29shevmot"},"id":"8dlji2jhly4pjkj","previousOperationId":"w38of5hldgemccd"}
{"type":"log","timestamp":1688382190379,"level":"info","message":"Rendering (child) request finished in 2882 ms","meta":{"rootId":"t4akegi9d0fahbh","id":"j7cboj29shevmot"},"id":"tdwz6ipzvwn6t0f","previousOperationId":"w38of5hldgemccd"}
{"type":"operationEnd","subtype":"render","operationId":"13lo5gp9bi2sde8","timestamp":1688382190380,"id":"a90gd5z2ndq45j3","previousEventId":"rnmint933k42kby","previousOperationId":"w38of5hldgemccd"}
{"type":"log","timestamp":1688382190380,"level":"debug","message":"Starting child request to render pdf footer","meta":{"rootId":"t4akegi9d0fahbh","id":"t4akegi9d0fahbh"},"id":"e2h3xh795ljabvu","previousOperationId":"4yfgn7t3qdwf7n0"}
{"type":"operationStart","subtype":"render","name":"anonymous","previousOperationId":"4yfgn7t3qdwf7n0","timestamp":1688382190380,"id":"dhl457dyviv3qpr","previousEventId":"atn5gmbx2ksufay","operationId":"uah7zxfomgtmztq"}
{"type":"log","timestamp":1688382190381,"level":"info","message":"Starting rendering (child) request","meta":{"rootId":"t4akegi9d0fahbh","id":"i8by4acaqbnftn2"},"id":"zds82eil93x1jxq","previousOperationId":"uah7zxfomgtmztq"}
{"type":"log","timestamp":1688382190381,"level":"info","message":"Rendering anonymous template { recipe: html, engine: handlebars }","meta":{"rootId":"t4akegi9d0fahbh","id":"i8by4acaqbnftn2"},"id":"5x2kfop5s20vkxp","previousOperationId":"uah7zxfomgtmztq"}
{"type":"log","timestamp":1688382190381,"level":"debug","message":"Inline data specified.","meta":{"rootId":"t4akegi9d0fahbh","id":"i8by4acaqbnftn2"},"id":"3aj055znheg7t24","previousOperationId":"uah7zxfomgtmztq"}
{"type":"log","timestamp":1688382190479,"level":"debug","message":"Base url not specified, skipping its injection.","meta":{"rootId":"t4akegi9d0fahbh","id":"i8by4acaqbnftn2"},"id":"1890lfze80asilt","previousOperationId":"uah7zxfomgtmztq"}
{"type":"operationStart","subtype":"engine","name":"handlebars","timestamp":1688382190480,"id":"54613csw9yzpk6o","previousEventId":"dhl457dyviv3qpr","operationId":"o5zmrjx5t5t4r8w","previousOperationId":"uah7zxfomgtmztq"}
{"type":"log","timestamp":1688382190480,"level":"debug","message":"Rendering engine handlebars","meta":{"rootId":"t4akegi9d0fahbh","id":"i8by4acaqbnftn2"},"id":"prsuchi7xl42wrs","previousOperationId":"o5zmrjx5t5t4r8w"}
{"type":"operationEnd","operationId":"o5zmrjx5t5t4r8w","timestamp":1688382190568,"id":"yhm8uq9ouczdsln","previousEventId":"54613csw9yzpk6o","previousOperationId":"o5zmrjx5t5t4r8w"}
{"type":"operationStart","subtype":"recipe","name":"html","timestamp":1688382190569,"id":"ojvt7e6mpfyptv5","previousEventId":"yhm8uq9ouczdsln","operationId":"s9iklvikorhcann","previousOperationId":"o5zmrjx5t5t4r8w"}
{"type":"log","timestamp":1688382190569,"level":"debug","message":"Executing recipe html","meta":{"rootId":"t4akegi9d0fahbh","id":"i8by4acaqbnftn2"},"id":"wy47w01x2egfn88","previousOperationId":"s9iklvikorhcann"}
{"type":"operationEnd","operationId":"s9iklvikorhcann","timestamp":1688382190569,"id":"u9i5dygb491dq6f","previousEventId":"ojvt7e6mpfyptv5","previousOperationId":"s9iklvikorhcann"}
{"type":"log","timestamp":1688382190569,"level":"debug","message":"Skipping storing report.","meta":{"rootId":"t4akegi9d0fahbh","id":"i8by4acaqbnftn2"},"id":"sphvbfg186fnj73","previousOperationId":"s9iklvikorhcann"}
{"type":"log","timestamp":1688382190570,"level":"info","message":"Rendering (child) request finished in 3073 ms","meta":{"rootId":"t4akegi9d0fahbh","id":"i8by4acaqbnftn2"},"id":"br2v8wd0swz2snx","previousOperationId":"s9iklvikorhcann"}
{"type":"operationEnd","subtype":"render","operationId":"uah7zxfomgtmztq","timestamp":1688382190570,"id":"88y2f3cmvh1eiru","previousEventId":"u9i5dygb491dq6f","previousOperationId":"s9iklvikorhcann"}
{"type":"log","timestamp":1688382191460,"level":"debug","message":"Converting with chrome HeadlessChrome/105.0.5173.0 using chrome-pool strategy","meta":{"rootId":"t4akegi9d0fahbh","id":"t4akegi9d0fahbh"},"id":"h9asb1yulkfj4w8","previousOperationId":"4yfgn7t3qdwf7n0"}
{"type":"log","timestamp":1688382191818,"level":"debug","message":"Page request: GET (document) file:///C:/Users/hi/AppData/Local/Temp/jsreport/autocleanup/5b24bba8-f82e-443a-8546-c2cb81cd0a10-chrome-pdf.html","meta":{"rootId":"t4akegi9d0fahbh","id":"t4akegi9d0fahbh"},"id":"jhzr7ae4zokjozo","previousOperationId":"4yfgn7t3qdwf7n0"}
{"type":"log","timestamp":1688382191858,"level":"debug","message":"Page request finished: GET (document) 200 file:///C:/Users/hi/AppData/Local/Temp/jsreport/autocleanup/5b24bba8-f82e-443a-8546-c2cb81cd0a10-chrome-pdf.html","meta":{"rootId":"t4akegi9d0fahbh","id":"t4akegi9d0fahbh"},"id":"9v067kzyop47ajg","previousOperationId":"4yfgn7t3qdwf7n0"}
{"type":"log","timestamp":1688382191860,"level":"debug","message":"Page request: GET (stylesheet) https://fonts.googleapis.com/css2?family=Montserrat:wght@500&family=Open+Sans:wght@300&display=swap","meta":{"rootId":"t4akegi9d0fahbh","id":"t4akegi9d0fahbh"},"id":"3pz7lt5recgj4ex","previousOperationId":"4yfgn7t3qdwf7n0"}
{"type":"log","timestamp":1688382194652,"level":"debug","message":"Page request finished: GET (stylesheet) 200 https://fonts.googleapis.com/css2?family=Montserrat:wght@500&family=Open+Sans:wght@300&display=swap","meta":{"rootId":"t4akegi9d0fahbh","id":"t4akegi9d0fahbh"},"id":"4wxzhystua28wr3","previousOperationId":"4yfgn7t3qdwf7n0"}
{"type":"log","timestamp":1688382194768,"level":"debug","message":"Page request: GET (font) https://fonts.gstatic.com/s/opensans/v35/memSYaGs126MiZpBA-UvWbX2vVnXBbObj2OVZyOOSr4dVJWUgsiH0B4gaVI.woff2","meta":{"rootId":"t4akegi9d0fahbh","id":"t4akegi9d0fahbh"},"id":"h2d23j10s3yb7h0","previousOperationId":"4yfgn7t3qdwf7n0"}
{"type":"log","timestamp":1688382194772,"level":"debug","message":"Page request: GET (font) https://fonts.gstatic.com/s/opensans/v35/memSYaGs126MiZpBA-UvWbX2vVnXBbObj2OVZyOOSr4dVJWUgsiH0B4gaVI.woff2","meta":{"rootId":"t4akegi9d0fahbh","id":"t4akegi9d0fahbh"},"id":"a3l6digs1um4hia","previousOperationId":"4yfgn7t3qdwf7n0"}
{"type":"log","timestamp":1688382195035,"level":"debug","message":"Page request finished: GET (font) 200 https://fonts.gstatic.com/s/opensans/v35/memSYaGs126MiZpBA-UvWbX2vVnXBbObj2OVZyOOSr4dVJWUgsiH0B4gaVI.woff2","meta":{"rootId":"t4akegi9d0fahbh","id":"t4akegi9d0fahbh"},"id":"zw4wgne18k94316","previousOperationId":"4yfgn7t3qdwf7n0"}
{"type":"log","timestamp":1688382195077,"level":"debug","message":"Running chrome with params {\"scale\":1,\"displayHeaderFooter\":true,\"headerTemplate\":\"...\",\"footerTemplate\":\"...\",\"printBackground\":true,\"pageRanges\":\"\",\"format\":\"A4\",\"width\":\"\",\"height\":\"\",\"marginTop\":\"470px\",\"marginRight\":\"20px\",\"marginBottom\":\"80px\",\"marginLeft\":\"20px\",\"waitForJS\":false,\"waitForNetworkIddle\":false,\"timeout\":56926,\"waitForNetworkIdle\":false,\"margin\":{\"top\":\"470px\",\"right\":\"20px\",\"bottom\":\"80px\",\"left\":\"20px\"}}","meta":{"rootId":"t4akegi9d0fahbh","id":"t4akegi9d0fahbh"},"id":"rp9224eejs0cijm","previousOperationId":"4yfgn7t3qdwf7n0"}
{"type":"operationEnd","operationId":"4yfgn7t3qdwf7n0","timestamp":1688382196156,"id":"udxbm4nll3ubf1b","previousEventId":"atn5gmbx2ksufay","previousOperationId":"4yfgn7t3qdwf7n0"}
{"type":"log","timestamp":1688382196156,"level":"debug","message":"Skipping storing report.","meta":{"rootId":"t4akegi9d0fahbh","id":"t4akegi9d0fahbh"},"id":"sikfqa0qmbg22hc","previousOperationId":"4yfgn7t3qdwf7n0"}
{"type":"log","timestamp":1688382196156,"level":"info","message":"Rendering request 1 finished in 8659 ms","meta":{"rootId":"t4akegi9d0fahbh","id":"t4akegi9d0fahbh"},"id":"4gq2o6cf87xnzc4","previousOperationId":"4yfgn7t3qdwf7n0"}
{"type":"operationEnd","subtype":"render","operationId":"0xkbh9zcwcixgu9","timestamp":1688382196156,"id":"pwlo3ysuk9paz9x","previousEventId":"udxbm4nll3ubf1b","previousOperationId":"4yfgn7t3qdwf7n0"}
{"type":"operationEnd","doDiffs":false,"previousEventId":"i7v6ddrfjxf9n5n","previousOperationId":"th4jz0nyoefsbg5","operationId":"th4jz0nyoefsbg5","timestamp":1688382196174,"id":"sbpa6z714nfj1nr"}
