{"type":"operationStart","subtype":"profile","data":{"_id":"ghQWUP6JMWTPOv7K","timestamp":"2023-03-13T14:25:30.237Z","state":"queued","mode":"standard","creationDate":"2023-03-13T14:25:30.241Z","modificationDate":"2023-03-13T14:25:30.241Z","shortid":"nx7OVsH","$entitySet":"profiles"},"doDiffs":false,"timestamp":1678717530239,"id":"54znlatn2tyxtg0","previousOperationId":null,"operationId":"quv6511ljz5f9gm"}
{"type":"log","level":"info","message":"Render request 1 queued for execution and waiting for available worker","previousOperationId":"quv6511ljz5f9gm","timestamp":1678717530240,"id":"ymuajn4bsf6jvf5"}
{"type":"operationStart","subtype":"render","name":"anonymous","previousOperationId":"quv6511ljz5f9gm","timestamp":1678717530259,"id":"6k6ykzqwt1981ym","previousEventId":"54znlatn2tyxtg0","operationId":"wzj43k29u2tpnzp"}
{"type":"log","timestamp":1678717530261,"level":"info","message":"Starting rendering request 1 (user: null)","meta":{"rootId":"trlz5j7oph81q56","id":"trlz5j7oph81q56"},"id":"wzmqefy98rl2uvu","previousOperationId":"wzj43k29u2tpnzp"}
{"type":"log","timestamp":1678717530263,"level":"info","message":"Rendering anonymous template { recipe: chrome-pdf, engine: handlebars }","meta":{"rootId":"trlz5j7oph81q56","id":"trlz5j7oph81q56"},"id":"wjrgczvhec4e3t4","previousOperationId":"wzj43k29u2tpnzp"}
{"type":"log","timestamp":1678717530264,"level":"debug","message":"Inline data specified.","meta":{"rootId":"trlz5j7oph81q56","id":"trlz5j7oph81q56"},"id":"dcsjphlidr9wro8","previousOperationId":"wzj43k29u2tpnzp"}
{"type":"log","timestamp":1678717530268,"level":"debug","message":"Base url not specified, skipping its injection.","meta":{"rootId":"trlz5j7oph81q56","id":"trlz5j7oph81q56"},"id":"q8si7c5fwv59nzb","previousOperationId":"wzj43k29u2tpnzp"}
{"type":"operationStart","subtype":"engine","name":"handlebars","timestamp":1678717530270,"id":"k5adaulw0jn7ajt","previousEventId":"6k6ykzqwt1981ym","operationId":"wtfn5xz7iw6971n","previousOperationId":"wzj43k29u2tpnzp"}
{"type":"log","timestamp":1678717530270,"level":"debug","message":"Rendering engine handlebars","meta":{"rootId":"trlz5j7oph81q56","id":"trlz5j7oph81q56"},"id":"mi1z422abya3alk","previousOperationId":"wtfn5xz7iw6971n"}
{"type":"operationEnd","operationId":"wtfn5xz7iw6971n","timestamp":1678717531155,"id":"t19rvjbhl0gkdx6","previousEventId":"k5adaulw0jn7ajt","previousOperationId":"wtfn5xz7iw6971n"}
{"type":"operationStart","subtype":"recipe","name":"chrome-pdf","timestamp":1678717531156,"id":"bsmlc34s7mmt0io","previousEventId":"t19rvjbhl0gkdx6","operationId":"ydk0ug37njdoyjn","previousOperationId":"wtfn5xz7iw6971n"}
{"type":"log","timestamp":1678717531156,"level":"debug","message":"Executing recipe chrome-pdf","meta":{"rootId":"trlz5j7oph81q56","id":"trlz5j7oph81q56"},"id":"i9142lvug4dh1hs","previousOperationId":"ydk0ug37njdoyjn"}
{"type":"log","timestamp":1678717531333,"level":"debug","message":"Starting child request to render pdf header","meta":{"rootId":"trlz5j7oph81q56","id":"trlz5j7oph81q56"},"id":"z92e9n3dma2kps9","previousOperationId":"ydk0ug37njdoyjn"}
{"type":"operationStart","subtype":"render","name":"anonymous","previousOperationId":"ydk0ug37njdoyjn","timestamp":1678717531334,"id":"einpztksyzm41ow","previousEventId":"bsmlc34s7mmt0io","operationId":"1l6dt9kkvsb70sn"}
{"type":"log","timestamp":1678717531334,"level":"info","message":"Starting rendering request 1 (user: null)","meta":{"rootId":"trlz5j7oph81q56","id":"xeuckkzjhwfew72"},"id":"egvlbcmvw6iona5","previousOperationId":"1l6dt9kkvsb70sn"}
{"type":"log","timestamp":1678717531335,"level":"info","message":"Rendering anonymous template { recipe: html, engine: handlebars }","meta":{"rootId":"trlz5j7oph81q56","id":"xeuckkzjhwfew72"},"id":"kokbixu9fqf8jim","previousOperationId":"1l6dt9kkvsb70sn"}
{"type":"log","timestamp":1678717531335,"level":"debug","message":"Inline data specified.","meta":{"rootId":"trlz5j7oph81q56","id":"xeuckkzjhwfew72"},"id":"m8f7zw8wi6lc605","previousOperationId":"1l6dt9kkvsb70sn"}
{"type":"log","timestamp":1678717531336,"level":"debug","message":"Base url not specified, skipping its injection.","meta":{"rootId":"trlz5j7oph81q56","id":"xeuckkzjhwfew72"},"id":"8p5jg9m4sl0mj5f","previousOperationId":"1l6dt9kkvsb70sn"}
{"type":"log","timestamp":1678717531343,"level":"debug","message":"Replaced assets [\"./src/reporting/assets/logo.png\"]","meta":{"rootId":"trlz5j7oph81q56","id":"xeuckkzjhwfew72"},"id":"q41anw8zv9dmf1m","previousOperationId":"1l6dt9kkvsb70sn"}
{"type":"operationStart","subtype":"engine","name":"handlebars","timestamp":1678717531343,"id":"sw9gj73iznb3pwv","previousEventId":"einpztksyzm41ow","operationId":"90y75uj3qm3knap","previousOperationId":"1l6dt9kkvsb70sn"}
{"type":"log","timestamp":1678717531343,"level":"debug","message":"Rendering engine handlebars","meta":{"rootId":"trlz5j7oph81q56","id":"xeuckkzjhwfew72"},"id":"joa47kkaqge8li8","previousOperationId":"90y75uj3qm3knap"}
{"type":"operationEnd","operationId":"90y75uj3qm3knap","timestamp":1678717531363,"id":"kf9zmdoxn0i8sba","previousEventId":"sw9gj73iznb3pwv","previousOperationId":"90y75uj3qm3knap"}
{"type":"operationStart","subtype":"recipe","name":"html","timestamp":1678717531363,"id":"wxbyvu1xbdzypom","previousEventId":"kf9zmdoxn0i8sba","operationId":"5ihxsy93tgoxt5m","previousOperationId":"90y75uj3qm3knap"}
{"type":"log","timestamp":1678717531363,"level":"debug","message":"Executing recipe html","meta":{"rootId":"trlz5j7oph81q56","id":"xeuckkzjhwfew72"},"id":"jr7mnfc28j7ptja","previousOperationId":"5ihxsy93tgoxt5m"}
{"type":"operationEnd","operationId":"5ihxsy93tgoxt5m","timestamp":1678717531363,"id":"dhcjd7hoojfgtjg","previousEventId":"wxbyvu1xbdzypom","previousOperationId":"5ihxsy93tgoxt5m"}
{"type":"log","timestamp":1678717531364,"level":"debug","message":"Skipping storing report.","meta":{"rootId":"trlz5j7oph81q56","id":"xeuckkzjhwfew72"},"id":"geb7hn34677cwtt","previousOperationId":"5ihxsy93tgoxt5m"}
{"type":"log","timestamp":1678717531364,"level":"info","message":"Rendering request 1 finished in 1129 ms","meta":{"rootId":"trlz5j7oph81q56","id":"xeuckkzjhwfew72"},"id":"flwxls3edywtdoz","previousOperationId":"5ihxsy93tgoxt5m"}
{"type":"operationEnd","subtype":"render","operationId":"1l6dt9kkvsb70sn","timestamp":1678717531365,"id":"0uwz5074li4b91o","previousEventId":"dhcjd7hoojfgtjg","previousOperationId":"5ihxsy93tgoxt5m"}
{"type":"log","timestamp":1678717531365,"level":"debug","message":"Starting child request to render pdf footer","meta":{"rootId":"trlz5j7oph81q56","id":"trlz5j7oph81q56"},"id":"8svieijvkevw7fm","previousOperationId":"ydk0ug37njdoyjn"}
{"type":"operationStart","subtype":"render","name":"anonymous","previousOperationId":"ydk0ug37njdoyjn","timestamp":1678717531366,"id":"f0al8fib6w11ck4","previousEventId":"bsmlc34s7mmt0io","operationId":"hw9hyu8qvr3t0u5"}
{"type":"log","timestamp":1678717531366,"level":"info","message":"Starting rendering request 1 (user: null)","meta":{"rootId":"trlz5j7oph81q56","id":"z0c7uw5fxg7yece"},"id":"yumtxz1kcl0xvhx","previousOperationId":"hw9hyu8qvr3t0u5"}
{"type":"log","timestamp":1678717531366,"level":"info","message":"Rendering anonymous template { recipe: html, engine: handlebars }","meta":{"rootId":"trlz5j7oph81q56","id":"z0c7uw5fxg7yece"},"id":"95fp2i0dxyp8bc1","previousOperationId":"hw9hyu8qvr3t0u5"}
{"type":"log","timestamp":1678717531366,"level":"debug","message":"Inline data specified.","meta":{"rootId":"trlz5j7oph81q56","id":"z0c7uw5fxg7yece"},"id":"urtdro3o0nuqtci","previousOperationId":"hw9hyu8qvr3t0u5"}
{"type":"log","timestamp":1678717531368,"level":"debug","message":"Base url not specified, skipping its injection.","meta":{"rootId":"trlz5j7oph81q56","id":"z0c7uw5fxg7yece"},"id":"bk41p9r6wjjqcza","previousOperationId":"hw9hyu8qvr3t0u5"}
{"type":"operationStart","subtype":"engine","name":"handlebars","timestamp":1678717531368,"id":"cw064i25eehmt7s","previousEventId":"f0al8fib6w11ck4","operationId":"kehzyq3ywae07uz","previousOperationId":"hw9hyu8qvr3t0u5"}
{"type":"log","timestamp":1678717531368,"level":"debug","message":"Rendering engine handlebars","meta":{"rootId":"trlz5j7oph81q56","id":"z0c7uw5fxg7yece"},"id":"4atic6yc6yd1f64","previousOperationId":"kehzyq3ywae07uz"}
{"type":"operationEnd","operationId":"kehzyq3ywae07uz","timestamp":1678717531385,"id":"yvlxspspllw3muh","previousEventId":"cw064i25eehmt7s","previousOperationId":"kehzyq3ywae07uz"}
{"type":"operationStart","subtype":"recipe","name":"html","timestamp":1678717531386,"id":"rriu51rladtzhmj","previousEventId":"yvlxspspllw3muh","operationId":"oilpf95d50asz4k","previousOperationId":"kehzyq3ywae07uz"}
{"type":"log","timestamp":1678717531386,"level":"debug","message":"Executing recipe html","meta":{"rootId":"trlz5j7oph81q56","id":"z0c7uw5fxg7yece"},"id":"74kytfhmokb7ugu","previousOperationId":"oilpf95d50asz4k"}
{"type":"operationEnd","operationId":"oilpf95d50asz4k","timestamp":1678717531386,"id":"66obc6tms9idiw8","previousEventId":"rriu51rladtzhmj","previousOperationId":"oilpf95d50asz4k"}
{"type":"log","timestamp":1678717531386,"level":"debug","message":"Skipping storing report.","meta":{"rootId":"trlz5j7oph81q56","id":"z0c7uw5fxg7yece"},"id":"wr8hnyod7xqs13m","previousOperationId":"oilpf95d50asz4k"}
{"type":"log","timestamp":1678717531386,"level":"info","message":"Rendering request 1 finished in 1151 ms","meta":{"rootId":"trlz5j7oph81q56","id":"z0c7uw5fxg7yece"},"id":"us411fagbd3j2m5","previousOperationId":"oilpf95d50asz4k"}
{"type":"operationEnd","subtype":"render","operationId":"hw9hyu8qvr3t0u5","timestamp":1678717531386,"id":"1w1m1mkk69cl471","previousEventId":"66obc6tms9idiw8","previousOperationId":"oilpf95d50asz4k"}
{"type":"log","timestamp":1678717532262,"level":"debug","message":"Converting with chrome HeadlessChrome/98.0.4758.0 using chrome-pool strategy","meta":{"rootId":"trlz5j7oph81q56","id":"trlz5j7oph81q56"},"id":"7un3pxg58oltj91","previousOperationId":"ydk0ug37njdoyjn"}
{"type":"log","timestamp":1678717532739,"level":"debug","message":"Page request: GET (document) file:///C:/Users/ADMINI~1/AppData/Local/Temp/jsreport/autocleanup/f1b2ac25-26ae-4454-9b01-a8a4f1bd9da8-chrome-pdf.html","meta":{"rootId":"trlz5j7oph81q56","id":"trlz5j7oph81q56"},"id":"v2fo1ui36i6drhy","previousOperationId":"ydk0ug37njdoyjn"}
{"type":"log","timestamp":1678717532770,"level":"debug","message":"Page request finished: GET (document) file:///C:/Users/ADMINI~1/AppData/Local/Temp/jsreport/autocleanup/f1b2ac25-26ae-4454-9b01-a8a4f1bd9da8-chrome-pdf.html","meta":{"rootId":"trlz5j7oph81q56","id":"trlz5j7oph81q56"},"id":"54gxt0ulj1w9ema","previousOperationId":"ydk0ug37njdoyjn"}
{"type":"log","timestamp":1678717532772,"level":"debug","message":"Page request: GET (stylesheet) https://fonts.googleapis.com/css2?family=Montserrat:wght@500&family=Open+Sans:wght@300&display=swap","meta":{"rootId":"trlz5j7oph81q56","id":"trlz5j7oph81q56"},"id":"8y6amtdvph2q427","previousOperationId":"ydk0ug37njdoyjn"}
{"type":"log","timestamp":1678717533012,"level":"debug","message":"Page request finished: GET (stylesheet) 200 https://fonts.googleapis.com/css2?family=Montserrat:wght@500&family=Open+Sans:wght@300&display=swap","meta":{"rootId":"trlz5j7oph81q56","id":"trlz5j7oph81q56"},"id":"xauy2sq4exgwjf1","previousOperationId":"ydk0ug37njdoyjn"}
{"type":"log","timestamp":1678717533098,"level":"debug","message":"Page request: GET (font) https://fonts.gstatic.com/s/opensans/v34/memSYaGs126MiZpBA-UvWbX2vVnXBbObj2OVZyOOSr4dVJWUgsiH0B4gaVI.woff2","meta":{"rootId":"trlz5j7oph81q56","id":"trlz5j7oph81q56"},"id":"mntqnwgvy9qp3k2","previousOperationId":"ydk0ug37njdoyjn"}
{"type":"log","timestamp":1678717533102,"level":"debug","message":"Running chrome with params {\"scale\":1,\"displayHeaderFooter\":true,\"headerTemplate\":\"...\",\"footerTemplate\":\"...\",\"printBackground\":true,\"pageRanges\":\"\",\"format\":\"A4\",\"width\":\"\",\"height\":\"\",\"marginTop\":\"350px\",\"marginRight\":\"20px\",\"marginBottom\":\"80px\",\"marginLeft\":\"20px\",\"waitForJS\":false,\"waitForNetworkIddle\":false,\"timeout\":58849,\"waitForNetworkIdle\":false,\"margin\":{\"top\":\"350px\",\"right\":\"20px\",\"bottom\":\"80px\",\"left\":\"20px\"}}","meta":{"rootId":"trlz5j7oph81q56","id":"trlz5j7oph81q56"},"id":"rd5xojtjirol914","previousOperationId":"ydk0ug37njdoyjn"}
{"type":"log","timestamp":1678717533107,"level":"debug","message":"Page request: GET (font) https://fonts.gstatic.com/s/opensans/v34/memSYaGs126MiZpBA-UvWbX2vVnXBbObj2OVZyOOSr4dVJWUgsiH0B4gaVI.woff2","meta":{"rootId":"trlz5j7oph81q56","id":"trlz5j7oph81q56"},"id":"4odhuct207972qr","previousOperationId":"ydk0ug37njdoyjn"}
{"type":"log","timestamp":1678717533438,"level":"debug","message":"Page request finished: GET (font) 200 https://fonts.gstatic.com/s/opensans/v34/memSYaGs126MiZpBA-UvWbX2vVnXBbObj2OVZyOOSr4dVJWUgsiH0B4gaVI.woff2","meta":{"rootId":"trlz5j7oph81q56","id":"trlz5j7oph81q56"},"id":"f178s6clqqy8nx4","previousOperationId":"ydk0ug37njdoyjn"}
{"type":"operationEnd","operationId":"ydk0ug37njdoyjn","timestamp":1678717533452,"id":"e2ktj8k65qxbj37","previousEventId":"bsmlc34s7mmt0io","previousOperationId":"ydk0ug37njdoyjn"}
{"type":"log","timestamp":1678717533453,"level":"debug","message":"Skipping storing report.","meta":{"rootId":"trlz5j7oph81q56","id":"trlz5j7oph81q56"},"id":"4pj3euzc71zgmmx","previousOperationId":"ydk0ug37njdoyjn"}
{"type":"log","timestamp":1678717533453,"level":"info","message":"Rendering request 1 finished in 3218 ms","meta":{"rootId":"trlz5j7oph81q56","id":"trlz5j7oph81q56"},"id":"nepaggw7eto7oub","previousOperationId":"ydk0ug37njdoyjn"}
{"type":"operationEnd","subtype":"render","operationId":"wzj43k29u2tpnzp","timestamp":1678717533453,"id":"wzooxpp54wbovi9","previousEventId":"e2ktj8k65qxbj37","previousOperationId":"ydk0ug37njdoyjn"}
{"type":"operationEnd","doDiffs":false,"previousEventId":"54znlatn2tyxtg0","previousOperationId":"quv6511ljz5f9gm","operationId":"quv6511ljz5f9gm","timestamp":1678717533459,"id":"5m633axzgpky5p7"}
