{"type":"operationStart","subtype":"profile","data":{"_id":"SVcWt1NofPLn2sA1","timestamp":"2022-10-02T11:23:42.264Z","state":"queued","mode":"standard","creationDate":"2022-10-02T11:23:42.267Z","modificationDate":"2022-10-02T11:23:42.267Z","shortid":"_OlN1dc","$entitySet":"profiles"},"doDiffs":false,"timestamp":1664709822266,"id":"vbdx74fup6bulpt","previousOperationId":null,"operationId":"ksmez9cjxpbo6t8"}
{"type":"log","level":"info","message":"Render request 2 queued for execution and waiting for available worker","previousOperationId":"ksmez9cjxpbo6t8","timestamp":1664709822266,"id":"c3gxlgjq3yadqm1"}
{"type":"operationStart","subtype":"render","name":"anonymous","previousOperationId":"ksmez9cjxpbo6t8","timestamp":1664709822287,"id":"g8gjaxix7md98wx","previousEventId":"vbdx74fup6bulpt","operationId":"uicb1qj8eyh2iwi"}
{"type":"log","timestamp":1664709822291,"level":"info","message":"Starting rendering request 2 (user: null)","meta":{"rootId":"tse2yt1q5yax4da","id":"tse2yt1q5yax4da"},"id":"hs2zvchee4j1ji7","previousOperationId":"uicb1qj8eyh2iwi"}
{"type":"log","timestamp":1664709822295,"level":"info","message":"Rendering anonymous template { recipe: chrome-pdf, engine: handlebars }","meta":{"rootId":"tse2yt1q5yax4da","id":"tse2yt1q5yax4da"},"id":"movvwto4naalsai","previousOperationId":"uicb1qj8eyh2iwi"}
{"type":"log","timestamp":1664709822295,"level":"debug","message":"Inline data specified.","meta":{"rootId":"tse2yt1q5yax4da","id":"tse2yt1q5yax4da"},"id":"tobqp6um42tm65n","previousOperationId":"uicb1qj8eyh2iwi"}
{"type":"log","timestamp":1664709822300,"level":"debug","message":"Base url not specified, skipping its injection.","meta":{"rootId":"tse2yt1q5yax4da","id":"tse2yt1q5yax4da"},"id":"1iggtbbr9i978yl","previousOperationId":"uicb1qj8eyh2iwi"}
{"type":"operationStart","subtype":"engine","name":"handlebars","timestamp":1664709822303,"id":"l5r41tqte5b896d","previousEventId":"g8gjaxix7md98wx","operationId":"b1x0beo4te5zst8","previousOperationId":"uicb1qj8eyh2iwi"}
{"type":"log","timestamp":1664709822303,"level":"debug","message":"Rendering engine handlebars","meta":{"rootId":"tse2yt1q5yax4da","id":"tse2yt1q5yax4da"},"id":"6vojwdajmqzsdni","previousOperationId":"b1x0beo4te5zst8"}
{"type":"operationEnd","operationId":"b1x0beo4te5zst8","timestamp":1664709823726,"id":"isuwr8n702pl6j1","previousEventId":"l5r41tqte5b896d","previousOperationId":"b1x0beo4te5zst8"}
{"type":"operationStart","subtype":"recipe","name":"chrome-pdf","timestamp":1664709823729,"id":"wka02xkkstiehly","previousEventId":"isuwr8n702pl6j1","operationId":"br3wgnf5yxlm4pw","previousOperationId":"b1x0beo4te5zst8"}
{"type":"log","timestamp":1664709823729,"level":"debug","message":"Executing recipe chrome-pdf","meta":{"rootId":"tse2yt1q5yax4da","id":"tse2yt1q5yax4da"},"id":"vii9nww0gkmkn2s","previousOperationId":"br3wgnf5yxlm4pw"}
{"type":"log","timestamp":1664709823970,"level":"debug","message":"Starting child request to render pdf header","meta":{"rootId":"tse2yt1q5yax4da","id":"tse2yt1q5yax4da"},"id":"r13y3cyl9cxdr7n","previousOperationId":"br3wgnf5yxlm4pw"}
{"type":"operationStart","subtype":"render","name":"anonymous","previousOperationId":"br3wgnf5yxlm4pw","timestamp":1664709823971,"id":"xpef76k7ygnwfh1","previousEventId":"wka02xkkstiehly","operationId":"b1bd1dqn4ruayz7"}
{"type":"log","timestamp":1664709823971,"level":"info","message":"Starting rendering request 2 (user: null)","meta":{"rootId":"tse2yt1q5yax4da","id":"5h6dr3bvodsgjsy"},"id":"fnhn2zufhwofejg","previousOperationId":"b1bd1dqn4ruayz7"}
{"type":"log","timestamp":1664709823971,"level":"info","message":"Rendering anonymous template { recipe: html, engine: handlebars }","meta":{"rootId":"tse2yt1q5yax4da","id":"5h6dr3bvodsgjsy"},"id":"n9ngiuwo008peso","previousOperationId":"b1bd1dqn4ruayz7"}
{"type":"log","timestamp":1664709823971,"level":"debug","message":"Inline data specified.","meta":{"rootId":"tse2yt1q5yax4da","id":"5h6dr3bvodsgjsy"},"id":"hjd7a07nfnkhcsh","previousOperationId":"b1bd1dqn4ruayz7"}
{"type":"log","timestamp":1664709823975,"level":"debug","message":"Base url not specified, skipping its injection.","meta":{"rootId":"tse2yt1q5yax4da","id":"5h6dr3bvodsgjsy"},"id":"3wmv3olwk0wkbtt","previousOperationId":"b1bd1dqn4ruayz7"}
{"type":"log","timestamp":1664709823985,"level":"debug","message":"Replaced assets [\"./src/reporting/assets/logo.png\"]","meta":{"rootId":"tse2yt1q5yax4da","id":"5h6dr3bvodsgjsy"},"id":"pcxlm2lffxehu1r","previousOperationId":"b1bd1dqn4ruayz7"}
{"type":"operationStart","subtype":"engine","name":"handlebars","timestamp":1664709823985,"id":"4cy203vkdzotuxx","previousEventId":"xpef76k7ygnwfh1","operationId":"6wkffwqlb2njp74","previousOperationId":"b1bd1dqn4ruayz7"}
{"type":"log","timestamp":1664709823985,"level":"debug","message":"Rendering engine handlebars","meta":{"rootId":"tse2yt1q5yax4da","id":"5h6dr3bvodsgjsy"},"id":"nuuofn59rardpix","previousOperationId":"6wkffwqlb2njp74"}
{"type":"operationEnd","operationId":"6wkffwqlb2njp74","timestamp":1664709824006,"id":"teexdxsfj4wmhgj","previousEventId":"4cy203vkdzotuxx","previousOperationId":"6wkffwqlb2njp74"}
{"type":"operationStart","subtype":"recipe","name":"html","timestamp":1664709824007,"id":"69ajrade099d1uo","previousEventId":"teexdxsfj4wmhgj","operationId":"xihgihpy7nwwhen","previousOperationId":"6wkffwqlb2njp74"}
{"type":"log","timestamp":1664709824007,"level":"debug","message":"Executing recipe html","meta":{"rootId":"tse2yt1q5yax4da","id":"5h6dr3bvodsgjsy"},"id":"01w7zf5fnkx9rt5","previousOperationId":"xihgihpy7nwwhen"}
{"type":"operationEnd","operationId":"xihgihpy7nwwhen","timestamp":1664709824008,"id":"d34qpo43evw4z54","previousEventId":"69ajrade099d1uo","previousOperationId":"xihgihpy7nwwhen"}
{"type":"log","timestamp":1664709824009,"level":"debug","message":"Skipping storing report.","meta":{"rootId":"tse2yt1q5yax4da","id":"5h6dr3bvodsgjsy"},"id":"x9q211htzme1ypg","previousOperationId":"xihgihpy7nwwhen"}
{"type":"log","timestamp":1664709824010,"level":"info","message":"Rendering request 2 finished in 1747 ms","meta":{"rootId":"tse2yt1q5yax4da","id":"5h6dr3bvodsgjsy"},"id":"uegoa0ijud1uoyg","previousOperationId":"xihgihpy7nwwhen"}
{"type":"operationEnd","subtype":"render","operationId":"b1bd1dqn4ruayz7","timestamp":1664709824010,"id":"f8zqnr76ne1pbqf","previousEventId":"d34qpo43evw4z54","previousOperationId":"xihgihpy7nwwhen"}
{"type":"log","timestamp":1664709824010,"level":"debug","message":"Starting child request to render pdf footer","meta":{"rootId":"tse2yt1q5yax4da","id":"tse2yt1q5yax4da"},"id":"s6pe9pl01jisjgr","previousOperationId":"br3wgnf5yxlm4pw"}
{"type":"operationStart","subtype":"render","name":"anonymous","previousOperationId":"br3wgnf5yxlm4pw","timestamp":1664709824011,"id":"3qju2ap2944q9bw","previousEventId":"wka02xkkstiehly","operationId":"pm41o8y1aqr29jq"}
{"type":"log","timestamp":1664709824011,"level":"info","message":"Starting rendering request 2 (user: null)","meta":{"rootId":"tse2yt1q5yax4da","id":"pxcuywyjvvxzzd4"},"id":"3zfhx5wnaix9kz4","previousOperationId":"pm41o8y1aqr29jq"}
{"type":"log","timestamp":1664709824011,"level":"info","message":"Rendering anonymous template { recipe: html, engine: handlebars }","meta":{"rootId":"tse2yt1q5yax4da","id":"pxcuywyjvvxzzd4"},"id":"dtydt0li3jftv9o","previousOperationId":"pm41o8y1aqr29jq"}
{"type":"log","timestamp":1664709824011,"level":"debug","message":"Inline data specified.","meta":{"rootId":"tse2yt1q5yax4da","id":"pxcuywyjvvxzzd4"},"id":"lp8sdsg3qxfq66w","previousOperationId":"pm41o8y1aqr29jq"}
{"type":"log","timestamp":1664709824013,"level":"debug","message":"Base url not specified, skipping its injection.","meta":{"rootId":"tse2yt1q5yax4da","id":"pxcuywyjvvxzzd4"},"id":"gkfbqhkwepbtdy1","previousOperationId":"pm41o8y1aqr29jq"}
{"type":"operationStart","subtype":"engine","name":"handlebars","timestamp":1664709824014,"id":"fis7cofthf17p4n","previousEventId":"3qju2ap2944q9bw","operationId":"f5xx552vg609y7p","previousOperationId":"pm41o8y1aqr29jq"}
{"type":"log","timestamp":1664709824014,"level":"debug","message":"Rendering engine handlebars","meta":{"rootId":"tse2yt1q5yax4da","id":"pxcuywyjvvxzzd4"},"id":"c0lkoh43t6ehcmk","previousOperationId":"f5xx552vg609y7p"}
{"type":"operationEnd","operationId":"f5xx552vg609y7p","timestamp":1664709824034,"id":"pysi024sqmegv2h","previousEventId":"fis7cofthf17p4n","previousOperationId":"f5xx552vg609y7p"}
{"type":"operationStart","subtype":"recipe","name":"html","timestamp":1664709824035,"id":"pji6gpi55z4aoiw","previousEventId":"pysi024sqmegv2h","operationId":"1c57slgowenkw0s","previousOperationId":"f5xx552vg609y7p"}
{"type":"log","timestamp":1664709824035,"level":"debug","message":"Executing recipe html","meta":{"rootId":"tse2yt1q5yax4da","id":"pxcuywyjvvxzzd4"},"id":"epvzu4iyxcgkqtr","previousOperationId":"1c57slgowenkw0s"}
{"type":"operationEnd","operationId":"1c57slgowenkw0s","timestamp":1664709824035,"id":"05ctgj88a9fh3eh","previousEventId":"pji6gpi55z4aoiw","previousOperationId":"1c57slgowenkw0s"}
{"type":"log","timestamp":1664709824035,"level":"debug","message":"Skipping storing report.","meta":{"rootId":"tse2yt1q5yax4da","id":"pxcuywyjvvxzzd4"},"id":"8oh80pk4b3ix0m2","previousOperationId":"1c57slgowenkw0s"}
{"type":"log","timestamp":1664709824035,"level":"info","message":"Rendering request 2 finished in 1772 ms","meta":{"rootId":"tse2yt1q5yax4da","id":"pxcuywyjvvxzzd4"},"id":"9o4seek3345j7jy","previousOperationId":"1c57slgowenkw0s"}
{"type":"operationEnd","subtype":"render","operationId":"pm41o8y1aqr29jq","timestamp":1664709824035,"id":"btqg1ccg6foz22b","previousEventId":"05ctgj88a9fh3eh","previousOperationId":"1c57slgowenkw0s"}
{"type":"log","timestamp":1664709825975,"level":"debug","message":"Converting with chrome HeadlessChrome/98.0.4758.0 using chrome-pool strategy","meta":{"rootId":"tse2yt1q5yax4da","id":"tse2yt1q5yax4da"},"id":"fjxwq8776ow4nva","previousOperationId":"br3wgnf5yxlm4pw"}
{"type":"log","timestamp":1664709826237,"level":"debug","message":"Page request: GET (document) file:///var/folders/8m/98z140gs3yzbw6jqmpbh8b8m0000gn/T/jsreport/autocleanup/47c0efeb-bcad-4331-9579-ccccf9bd4750-chrome-pdf.html","meta":{"rootId":"tse2yt1q5yax4da","id":"tse2yt1q5yax4da"},"id":"6m8vr507m4lh2sb","previousOperationId":"br3wgnf5yxlm4pw"}
{"type":"log","timestamp":1664709826264,"level":"debug","message":"Page request finished: GET (document) file:///var/folders/8m/98z140gs3yzbw6jqmpbh8b8m0000gn/T/jsreport/autocleanup/47c0efeb-bcad-4331-9579-ccccf9bd4750-chrome-pdf.html","meta":{"rootId":"tse2yt1q5yax4da","id":"tse2yt1q5yax4da"},"id":"dcy0edusuyeodh1","previousOperationId":"br3wgnf5yxlm4pw"}
{"type":"log","timestamp":1664709826272,"level":"debug","message":"Page request: GET (stylesheet) https://fonts.googleapis.com/css2?family=Montserrat:wght@500&family=Open+Sans:wght@300&display=swap","meta":{"rootId":"tse2yt1q5yax4da","id":"tse2yt1q5yax4da"},"id":"twogi0qlv0s1a3y","previousOperationId":"br3wgnf5yxlm4pw"}
{"type":"log","timestamp":1664709826573,"level":"debug","message":"Page request finished: GET (stylesheet) 200 https://fonts.googleapis.com/css2?family=Montserrat:wght@500&family=Open+Sans:wght@300&display=swap","meta":{"rootId":"tse2yt1q5yax4da","id":"tse2yt1q5yax4da"},"id":"6bd2y9ygvs9cvel","previousOperationId":"br3wgnf5yxlm4pw"}
{"type":"log","timestamp":1664709826612,"level":"debug","message":"Page request: GET (font) https://fonts.gstatic.com/s/opensans/v34/memSYaGs126MiZpBA-UvWbX2vVnXBbObj2OVZyOOSr4dVJWUgsiH0B4gaVQUwaEQbjA.woff","meta":{"rootId":"tse2yt1q5yax4da","id":"tse2yt1q5yax4da"},"id":"aemv0206tfdfdl1","previousOperationId":"br3wgnf5yxlm4pw"}
{"type":"log","timestamp":1664709826613,"level":"debug","message":"Running chrome with params {\"scale\":1,\"displayHeaderFooter\":true,\"headerTemplate\":\"...\",\"footerTemplate\":\"...\",\"printBackground\":true,\"pageRanges\":\"\",\"format\":\"A4\",\"width\":\"\",\"height\":\"\",\"marginTop\":\"500px\",\"marginRight\":\"20px\",\"marginBottom\":\"80px\",\"marginLeft\":\"20px\",\"waitForJS\":false,\"waitForNetworkIddle\":false,\"timeout\":58227,\"waitForNetworkIdle\":false,\"margin\":{\"top\":\"500px\",\"right\":\"20px\",\"bottom\":\"80px\",\"left\":\"20px\"}}","meta":{"rootId":"tse2yt1q5yax4da","id":"tse2yt1q5yax4da"},"id":"2lpt3enp66rllxs","previousOperationId":"br3wgnf5yxlm4pw"}
{"type":"log","timestamp":1664709826665,"level":"debug","message":"Page request: GET (font) https://fonts.gstatic.com/s/opensans/v34/memSYaGs126MiZpBA-UvWbX2vVnXBbObj2OVZyOOSr4dVJWUgsiH0B4gaVQUwaEQbjA.woff","meta":{"rootId":"tse2yt1q5yax4da","id":"tse2yt1q5yax4da"},"id":"enn9twrslpj4t3b","previousOperationId":"br3wgnf5yxlm4pw"}
{"type":"operationEnd","operationId":"br3wgnf5yxlm4pw","timestamp":1664709826877,"id":"77jqhjnlnk2ab20","previousEventId":"wka02xkkstiehly","previousOperationId":"br3wgnf5yxlm4pw"}
{"type":"log","timestamp":1664709826877,"level":"debug","message":"Skipping storing report.","meta":{"rootId":"tse2yt1q5yax4da","id":"tse2yt1q5yax4da"},"id":"l9k36in48qhcza0","previousOperationId":"br3wgnf5yxlm4pw"}
{"type":"log","timestamp":1664709826877,"level":"info","message":"Rendering request 2 finished in 4614 ms","meta":{"rootId":"tse2yt1q5yax4da","id":"tse2yt1q5yax4da"},"id":"1gpfg36lctggb04","previousOperationId":"br3wgnf5yxlm4pw"}
{"type":"operationEnd","subtype":"render","operationId":"uicb1qj8eyh2iwi","timestamp":1664709826877,"id":"ql8ohb4mw4g1nrp","previousEventId":"77jqhjnlnk2ab20","previousOperationId":"br3wgnf5yxlm4pw"}
{"type":"operationEnd","doDiffs":false,"previousEventId":"vbdx74fup6bulpt","previousOperationId":"ksmez9cjxpbo6t8","operationId":"ksmez9cjxpbo6t8","timestamp":1664709826887,"id":"tq95d3bvjre1zpl"}
