{"type":"operationStart","subtype":"profile","data":{"_id":"rgGLvm9J91vI7zoZ","timestamp":"2022-08-28T12:20:05.383Z","state":"queued","mode":"standard","creationDate":"2022-08-28T12:20:05.389Z","modificationDate":"2022-08-28T12:20:05.389Z","shortid":"GtQL4Rg","$entitySet":"profiles"},"doDiffs":false,"timestamp":1661689205385,"id":"m1mnbf6xrgwmszb","previousOperationId":null,"operationId":"c5koogus3698lru"}
{"type":"log","level":"info","message":"Render request 1 queued for execution and waiting for available worker","previousOperationId":"c5koogus3698lru","timestamp":1661689205386,"id":"n4worvteofx4yij"}
{"type":"operationStart","subtype":"render","name":"anonymous","previousOperationId":"c5koogus3698lru","timestamp":1661689205458,"id":"p8zykq6x9n2p60l","previousEventId":"m1mnbf6xrgwmszb","operationId":"cll9jsx5xvhy6r6"}
{"type":"log","timestamp":1661689205475,"level":"info","message":"Starting rendering request 1 (user: null)","meta":{"rootId":"uc48upwf9qkzpfg","id":"uc48upwf9qkzpfg"},"id":"8rkz6fpiurtjrpo","previousOperationId":"cll9jsx5xvhy6r6"}
{"type":"log","timestamp":1661689205482,"level":"info","message":"Rendering anonymous template { recipe: chrome-pdf, engine: handlebars }","meta":{"rootId":"uc48upwf9qkzpfg","id":"uc48upwf9qkzpfg"},"id":"w8dx0funb5w9a4s","previousOperationId":"cll9jsx5xvhy6r6"}
{"type":"log","timestamp":1661689205487,"level":"debug","message":"Inline data specified.","meta":{"rootId":"uc48upwf9qkzpfg","id":"uc48upwf9qkzpfg"},"id":"5e4efkbb8v3vgvb","previousOperationId":"cll9jsx5xvhy6r6"}
{"type":"log","timestamp":1661689205498,"level":"debug","message":"Base url not specified, skipping its injection.","meta":{"rootId":"uc48upwf9qkzpfg","id":"uc48upwf9qkzpfg"},"id":"05ql0ef4vkl9fai","previousOperationId":"cll9jsx5xvhy6r6"}
{"type":"operationStart","subtype":"engine","name":"handlebars","timestamp":1661689205510,"id":"ldzqbbt3xc41v16","previousEventId":"p8zykq6x9n2p60l","operationId":"dqgmmq9948at8fc","previousOperationId":"cll9jsx5xvhy6r6"}
{"type":"log","timestamp":1661689205510,"level":"debug","message":"Rendering engine handlebars","meta":{"rootId":"uc48upwf9qkzpfg","id":"uc48upwf9qkzpfg"},"id":"xvq294mcqomnnct","previousOperationId":"dqgmmq9948at8fc"}
{"type":"operationEnd","operationId":"dqgmmq9948at8fc","timestamp":1661689206788,"id":"i2xd5gov501o49c","previousEventId":"ldzqbbt3xc41v16","previousOperationId":"dqgmmq9948at8fc"}
{"type":"operationStart","subtype":"recipe","name":"chrome-pdf","timestamp":1661689206789,"id":"jph7hxpfcp7s3fq","previousEventId":"i2xd5gov501o49c","operationId":"hc35jkeyq7wulya","previousOperationId":"dqgmmq9948at8fc"}
{"type":"log","timestamp":1661689206789,"level":"debug","message":"Executing recipe chrome-pdf","meta":{"rootId":"uc48upwf9qkzpfg","id":"uc48upwf9qkzpfg"},"id":"p3juja7be86ghjt","previousOperationId":"hc35jkeyq7wulya"}
{"type":"log","timestamp":1661689207024,"level":"debug","message":"Starting child request to render pdf header","meta":{"rootId":"uc48upwf9qkzpfg","id":"uc48upwf9qkzpfg"},"id":"oh4ec6nuy8a1puo","previousOperationId":"hc35jkeyq7wulya"}
{"type":"operationStart","subtype":"render","name":"anonymous","previousOperationId":"hc35jkeyq7wulya","timestamp":1661689207040,"id":"w0whm5498oeagbx","previousEventId":"jph7hxpfcp7s3fq","operationId":"74fuynb9feqyjz5"}
{"type":"log","timestamp":1661689207040,"level":"info","message":"Starting rendering request 1 (user: null)","meta":{"rootId":"uc48upwf9qkzpfg","id":"uwd2tbb26wzn9o2"},"id":"9ge8tisk5mzsibd","previousOperationId":"74fuynb9feqyjz5"}
{"type":"log","timestamp":1661689207041,"level":"info","message":"Rendering anonymous template { recipe: html, engine: handlebars }","meta":{"rootId":"uc48upwf9qkzpfg","id":"uwd2tbb26wzn9o2"},"id":"v7yzrf5mc6rwfij","previousOperationId":"74fuynb9feqyjz5"}
{"type":"log","timestamp":1661689207041,"level":"debug","message":"Inline data specified.","meta":{"rootId":"uc48upwf9qkzpfg","id":"uwd2tbb26wzn9o2"},"id":"mti2om4p4284dnz","previousOperationId":"74fuynb9feqyjz5"}
{"type":"log","timestamp":1661689207063,"level":"debug","message":"Base url not specified, skipping its injection.","meta":{"rootId":"uc48upwf9qkzpfg","id":"uwd2tbb26wzn9o2"},"id":"jbhehwi0lel7y1d","previousOperationId":"74fuynb9feqyjz5"}
{"type":"log","timestamp":1661689207097,"level":"debug","message":"Replaced assets [\"./src/reporting/assets/logo.png\"]","meta":{"rootId":"uc48upwf9qkzpfg","id":"uwd2tbb26wzn9o2"},"id":"18zpxlc9mokpbse","previousOperationId":"74fuynb9feqyjz5"}
{"type":"operationStart","subtype":"engine","name":"handlebars","timestamp":1661689207097,"id":"fph1c1dlgbh3qwb","previousEventId":"w0whm5498oeagbx","operationId":"36ib7hbutu2zl6l","previousOperationId":"74fuynb9feqyjz5"}
{"type":"log","timestamp":1661689207097,"level":"debug","message":"Rendering engine handlebars","meta":{"rootId":"uc48upwf9qkzpfg","id":"uwd2tbb26wzn9o2"},"id":"lc8adl4moiwfimk","previousOperationId":"36ib7hbutu2zl6l"}
{"type":"operationEnd","operationId":"36ib7hbutu2zl6l","timestamp":1661689207215,"id":"uftonpf8r4r6870","previousEventId":"fph1c1dlgbh3qwb","previousOperationId":"36ib7hbutu2zl6l"}
{"type":"operationStart","subtype":"recipe","name":"html","timestamp":1661689207216,"id":"pvfiphn53nzvo4f","previousEventId":"uftonpf8r4r6870","operationId":"dmcefxuvnxw3dlk","previousOperationId":"36ib7hbutu2zl6l"}
{"type":"log","timestamp":1661689207216,"level":"debug","message":"Executing recipe html","meta":{"rootId":"uc48upwf9qkzpfg","id":"uwd2tbb26wzn9o2"},"id":"ks2g39xupewq896","previousOperationId":"dmcefxuvnxw3dlk"}
{"type":"operationEnd","operationId":"dmcefxuvnxw3dlk","timestamp":1661689207216,"id":"wp2wqtg1qqij4jr","previousEventId":"pvfiphn53nzvo4f","previousOperationId":"dmcefxuvnxw3dlk"}
{"type":"log","timestamp":1661689207229,"level":"debug","message":"Skipping storing report.","meta":{"rootId":"uc48upwf9qkzpfg","id":"uwd2tbb26wzn9o2"},"id":"m1xo3a889wtuc8i","previousOperationId":"dmcefxuvnxw3dlk"}
{"type":"log","timestamp":1661689207230,"level":"info","message":"Rendering request 1 finished in 1849 ms","meta":{"rootId":"uc48upwf9qkzpfg","id":"uwd2tbb26wzn9o2"},"id":"4f9ddsupy0w0v9z","previousOperationId":"dmcefxuvnxw3dlk"}
{"type":"operationEnd","subtype":"render","operationId":"74fuynb9feqyjz5","timestamp":1661689207230,"id":"20qy8jfxzb17xg3","previousEventId":"wp2wqtg1qqij4jr","previousOperationId":"dmcefxuvnxw3dlk"}
{"type":"log","timestamp":1661689207231,"level":"debug","message":"Starting child request to render pdf footer","meta":{"rootId":"uc48upwf9qkzpfg","id":"uc48upwf9qkzpfg"},"id":"xc9qa69sj1535se","previousOperationId":"hc35jkeyq7wulya"}
{"type":"operationStart","subtype":"render","name":"anonymous","previousOperationId":"hc35jkeyq7wulya","timestamp":1661689207232,"id":"rkrj0u3yl8aj0r3","previousEventId":"jph7hxpfcp7s3fq","operationId":"eytkckk5nivm48i"}
{"type":"log","timestamp":1661689207233,"level":"info","message":"Starting rendering request 1 (user: null)","meta":{"rootId":"uc48upwf9qkzpfg","id":"n1r2lyonb58hzq9"},"id":"9eushmbjnphv577","previousOperationId":"eytkckk5nivm48i"}
{"type":"log","timestamp":1661689207233,"level":"info","message":"Rendering anonymous template { recipe: html, engine: handlebars }","meta":{"rootId":"uc48upwf9qkzpfg","id":"n1r2lyonb58hzq9"},"id":"4fimnitsy0tb7oi","previousOperationId":"eytkckk5nivm48i"}
{"type":"log","timestamp":1661689207233,"level":"debug","message":"Inline data specified.","meta":{"rootId":"uc48upwf9qkzpfg","id":"n1r2lyonb58hzq9"},"id":"sr00ybougonc8m7","previousOperationId":"eytkckk5nivm48i"}
{"type":"log","timestamp":1661689207253,"level":"debug","message":"Base url not specified, skipping its injection.","meta":{"rootId":"uc48upwf9qkzpfg","id":"n1r2lyonb58hzq9"},"id":"jq2mlflo88qwj9r","previousOperationId":"eytkckk5nivm48i"}
{"type":"operationStart","subtype":"engine","name":"handlebars","timestamp":1661689207254,"id":"835evmlmfx8rt6i","previousEventId":"rkrj0u3yl8aj0r3","operationId":"wykl9545xnj5z7f","previousOperationId":"eytkckk5nivm48i"}
{"type":"log","timestamp":1661689207254,"level":"debug","message":"Rendering engine handlebars","meta":{"rootId":"uc48upwf9qkzpfg","id":"n1r2lyonb58hzq9"},"id":"u3xslceaaq3jdh0","previousOperationId":"wykl9545xnj5z7f"}
{"type":"operationEnd","operationId":"wykl9545xnj5z7f","timestamp":1661689207292,"id":"fetgxjxr844q6z9","previousEventId":"835evmlmfx8rt6i","previousOperationId":"wykl9545xnj5z7f"}
{"type":"operationStart","subtype":"recipe","name":"html","timestamp":1661689207293,"id":"ls74wd5479hcdgb","previousEventId":"fetgxjxr844q6z9","operationId":"bsr95slyp3u1ktc","previousOperationId":"wykl9545xnj5z7f"}
{"type":"log","timestamp":1661689207293,"level":"debug","message":"Executing recipe html","meta":{"rootId":"uc48upwf9qkzpfg","id":"n1r2lyonb58hzq9"},"id":"5atwvw2h8ewnija","previousOperationId":"bsr95slyp3u1ktc"}
{"type":"operationEnd","operationId":"bsr95slyp3u1ktc","timestamp":1661689207293,"id":"42s7lveynfuarjh","previousEventId":"ls74wd5479hcdgb","previousOperationId":"bsr95slyp3u1ktc"}
{"type":"log","timestamp":1661689207293,"level":"debug","message":"Skipping storing report.","meta":{"rootId":"uc48upwf9qkzpfg","id":"n1r2lyonb58hzq9"},"id":"8qgv7lfau3x3myn","previousOperationId":"bsr95slyp3u1ktc"}
{"type":"log","timestamp":1661689207293,"level":"info","message":"Rendering request 1 finished in 1912 ms","meta":{"rootId":"uc48upwf9qkzpfg","id":"n1r2lyonb58hzq9"},"id":"slipjx1d2d8q4o3","previousOperationId":"bsr95slyp3u1ktc"}
{"type":"operationEnd","subtype":"render","operationId":"eytkckk5nivm48i","timestamp":1661689207293,"id":"ekm1vlassvrtp46","previousEventId":"42s7lveynfuarjh","previousOperationId":"bsr95slyp3u1ktc"}
{"type":"log","timestamp":1661689207337,"level":"error","message":"Error when processing render request 1 Could not find expected browser (chrome) locally. Run `npm install` to download the correct Chromium revision (950341). Error: Could not find expected browser (chrome) locally. Run `npm install` to download the correct Chromium revision (950341).\n    at ChromeLauncher.launch (/Users/bchahrazed/backend-erp-acsiome/node_modules/puppeteer/lib/cjs/puppeteer/node/Launcher.js:109:27)\n    at async createBrowser (/Users/bchahrazed/backend-erp-acsiome/node_modules/@jsreport/jsreport-chrome-pdf/lib/chromePoolStrategy.js:98:26)\n    at async allocateBrowser (/Users/bchahrazed/backend-erp-acsiome/node_modules/@jsreport/jsreport-chrome-pdf/lib/chromePoolStrategy.js:113:5)\n    at async getBrowser (/Users/bchahrazed/backend-erp-acsiome/node_modules/@jsreport/jsreport-chrome-pdf/lib/chromePoolStrategy.js:23:30)\n    at async module.exports (/Users/bchahrazed/backend-erp-acsiome/node_modules/@jsreport/jsreport-chrome-pdf/lib/conversion.js:11:19)\n    at async execute (/Users/bchahrazed/backend-erp-acsiome/node_modules/@jsreport/jsreport-chrome-pdf/lib/chromePoolStrategy.js:20:22)\n    at async /Users/bchahrazed/backend-erp-acsiome/node_modules/@jsreport/jsreport-chrome-pdf/lib/lazyRecipe.js:62:20\n    at async invokeRender (/Users/bchahrazed/backend-erp-acsiome/node_modules/@jsreport/jsreport-core/lib/worker/render/render.js:95:5)\n    at async WorkerReporter._render (/Users/bchahrazed/backend-erp-acsiome/node_modules/@jsreport/jsreport-core/lib/worker/render/render.js:147:7)\n    at async /Users/bchahrazed/backend-erp-acsiome/node_modules/@jsreport/jsreport-core/lib/worker/reporter.js:179:19","meta":{"rootId":"uc48upwf9qkzpfg","id":"uc48upwf9qkzpfg"},"id":"l5gaox6r0s5p73j","previousOperationId":"hc35jkeyq7wulya"}
{"type":"log","timestamp":1661689207337,"level":"error","message":"Rendering request 1 finished with error in 1956 ms","meta":{"rootId":"uc48upwf9qkzpfg","id":"uc48upwf9qkzpfg"},"id":"ht1ph02u1p1bona","previousOperationId":"hc35jkeyq7wulya"}
{"type":"error","timestamp":1661689207355,"logged":true,"previousOperationId":"hc35jkeyq7wulya","id":"h8t5w6zl3pra8wc","stack":"Error: Could not find expected browser (chrome) locally. Run `npm install` to download the correct Chromium revision (950341).\n    at ChromeLauncher.launch (/Users/bchahrazed/backend-erp-acsiome/node_modules/puppeteer/lib/cjs/puppeteer/node/Launcher.js:109:27)\n    at async createBrowser (/Users/bchahrazed/backend-erp-acsiome/node_modules/@jsreport/jsreport-chrome-pdf/lib/chromePoolStrategy.js:98:26)\n    at async allocateBrowser (/Users/bchahrazed/backend-erp-acsiome/node_modules/@jsreport/jsreport-chrome-pdf/lib/chromePoolStrategy.js:113:5)\n    at async getBrowser (/Users/bchahrazed/backend-erp-acsiome/node_modules/@jsreport/jsreport-chrome-pdf/lib/chromePoolStrategy.js:23:30)\n    at async module.exports (/Users/bchahrazed/backend-erp-acsiome/node_modules/@jsreport/jsreport-chrome-pdf/lib/conversion.js:11:19)\n    at async execute (/Users/bchahrazed/backend-erp-acsiome/node_modules/@jsreport/jsreport-chrome-pdf/lib/chromePoolStrategy.js:20:22)\n    at async /Users/bchahrazed/backend-erp-acsiome/node_modules/@jsreport/jsreport-chrome-pdf/lib/lazyRecipe.js:62:20\n    at async invokeRender (/Users/bchahrazed/backend-erp-acsiome/node_modules/@jsreport/jsreport-core/lib/worker/render/render.js:95:5)\n    at async WorkerReporter._render (/Users/bchahrazed/backend-erp-acsiome/node_modules/@jsreport/jsreport-core/lib/worker/render/render.js:147:7)\n    at async /Users/bchahrazed/backend-erp-acsiome/node_modules/@jsreport/jsreport-core/lib/worker/reporter.js:179:19","message":"Could not find expected browser (chrome) locally. Run `npm install` to download the correct Chromium revision (950341)."}
