{"type":"operationStart","subtype":"profile","data":{"_id":"ff5xd7FLkXfAiR9R","timestamp":"2023-05-25T17:51:49.927Z","state":"queued","mode":"standard","creationDate":"2023-05-25T17:51:49.936Z","modificationDate":"2023-05-25T17:51:49.936Z","shortid":"1XrOUCH","$entitySet":"profiles"},"doDiffs":false,"timestamp":1685037109932,"id":"4epctiq28mqeh43","previousOperationId":null,"operationId":"dt49y5hb0dnahcy"}
{"type":"log","level":"info","message":"Render request 1 queued for execution and waiting for available worker","previousOperationId":"dt49y5hb0dnahcy","timestamp":1685037109933,"id":"l0xp3nkr9jzayzb"}
{"type":"operationStart","subtype":"render","name":"anonymous","previousOperationId":"dt49y5hb0dnahcy","timestamp":1685037109972,"id":"4fhogwy1sxuamjj","previousEventId":"4epctiq28mqeh43","operationId":"v36jqz6ppkci9d6"}
{"type":"log","timestamp":1685037109975,"level":"info","message":"Starting rendering request 1","meta":{"rootId":"ucl1u3qwibxptib","id":"ucl1u3qwibxptib"},"id":"gromqaqq3xzofyi","previousOperationId":"v36jqz6ppkci9d6"}
{"type":"log","timestamp":1685037109979,"level":"info","message":"Rendering anonymous template { recipe: chrome-pdf, engine: handlebars }","meta":{"rootId":"ucl1u3qwibxptib","id":"ucl1u3qwibxptib"},"id":"pqgkuzvtpwu7zta","previousOperationId":"v36jqz6ppkci9d6"}
{"type":"log","timestamp":1685037109980,"level":"debug","message":"Inline data specified.","meta":{"rootId":"ucl1u3qwibxptib","id":"ucl1u3qwibxptib"},"id":"yhp5xg88zjtxbjk","previousOperationId":"v36jqz6ppkci9d6"}
{"type":"log","timestamp":1685037109991,"level":"debug","message":"Base url not specified, skipping its injection.","meta":{"rootId":"ucl1u3qwibxptib","id":"ucl1u3qwibxptib"},"id":"wnd03uzn6v2pbf5","previousOperationId":"v36jqz6ppkci9d6"}
{"type":"operationStart","subtype":"engine","name":"handlebars","timestamp":1685037109998,"id":"tf86xl7qh1qwxsx","previousEventId":"4fhogwy1sxuamjj","operationId":"1tzlxinzv48coym","previousOperationId":"v36jqz6ppkci9d6"}
{"type":"log","timestamp":1685037109999,"level":"debug","message":"Rendering engine handlebars","meta":{"rootId":"ucl1u3qwibxptib","id":"ucl1u3qwibxptib"},"id":"hnygavvazywx6fl","previousOperationId":"1tzlxinzv48coym"}
{"type":"operationEnd","operationId":"1tzlxinzv48coym","timestamp":1685037111908,"id":"bbsvv9og4t9awk7","previousEventId":"tf86xl7qh1qwxsx","previousOperationId":"1tzlxinzv48coym"}
{"type":"operationStart","subtype":"recipe","name":"chrome-pdf","timestamp":1685037111910,"id":"h4v51e1doyn2zrz","previousEventId":"bbsvv9og4t9awk7","operationId":"eby1n9rzn5w4p6q","previousOperationId":"1tzlxinzv48coym"}
{"type":"log","timestamp":1685037111910,"level":"debug","message":"Executing recipe chrome-pdf","meta":{"rootId":"ucl1u3qwibxptib","id":"ucl1u3qwibxptib"},"id":"be52rzsl5oaxjzh","previousOperationId":"eby1n9rzn5w4p6q"}
{"type":"log","timestamp":1685037112348,"level":"debug","message":"Starting child request to render pdf header","meta":{"rootId":"ucl1u3qwibxptib","id":"ucl1u3qwibxptib"},"id":"pogt372bggyzjc3","previousOperationId":"eby1n9rzn5w4p6q"}
{"type":"operationStart","subtype":"render","name":"anonymous","previousOperationId":"eby1n9rzn5w4p6q","timestamp":1685037112350,"id":"q33dkwgk9ehpcwl","previousEventId":"h4v51e1doyn2zrz","operationId":"9opudo948gqv98t"}
{"type":"log","timestamp":1685037112350,"level":"info","message":"Starting rendering (child) request","meta":{"rootId":"ucl1u3qwibxptib","id":"yx494jos0zdk7nx"},"id":"oa8yz3b85d4jmjp","previousOperationId":"9opudo948gqv98t"}
{"type":"log","timestamp":1685037112351,"level":"info","message":"Rendering anonymous template { recipe: html, engine: handlebars }","meta":{"rootId":"ucl1u3qwibxptib","id":"yx494jos0zdk7nx"},"id":"j9znxy46r3iozk5","previousOperationId":"9opudo948gqv98t"}
{"type":"log","timestamp":1685037112353,"level":"debug","message":"Inline data specified.","meta":{"rootId":"ucl1u3qwibxptib","id":"yx494jos0zdk7nx"},"id":"ujgnjlowi4hh9qe","previousOperationId":"9opudo948gqv98t"}
{"type":"log","timestamp":1685037112357,"level":"debug","message":"Base url not specified, skipping its injection.","meta":{"rootId":"ucl1u3qwibxptib","id":"yx494jos0zdk7nx"},"id":"pbalvpucg1jlq9m","previousOperationId":"9opudo948gqv98t"}
{"type":"log","timestamp":1685037112374,"level":"debug","message":"Replaced assets [\"./src/reporting/assets/logo.png\"]","meta":{"rootId":"ucl1u3qwibxptib","id":"yx494jos0zdk7nx"},"id":"a7an7ewupihwazj","previousOperationId":"9opudo948gqv98t"}
{"type":"operationStart","subtype":"engine","name":"handlebars","timestamp":1685037112374,"id":"n0g1qxiyb0wo2q8","previousEventId":"q33dkwgk9ehpcwl","operationId":"zjbh4e5wzf8saxb","previousOperationId":"9opudo948gqv98t"}
{"type":"log","timestamp":1685037112374,"level":"debug","message":"Rendering engine handlebars","meta":{"rootId":"ucl1u3qwibxptib","id":"yx494jos0zdk7nx"},"id":"skv7fl8ik9aejm4","previousOperationId":"zjbh4e5wzf8saxb"}
{"type":"operationEnd","operationId":"zjbh4e5wzf8saxb","timestamp":1685037112417,"id":"dl1v0jz7ezylnvh","previousEventId":"n0g1qxiyb0wo2q8","previousOperationId":"zjbh4e5wzf8saxb"}
{"type":"operationStart","subtype":"recipe","name":"html","timestamp":1685037112419,"id":"6kv7mlm51soqvme","previousEventId":"dl1v0jz7ezylnvh","operationId":"by8e3optx4di5wt","previousOperationId":"zjbh4e5wzf8saxb"}
{"type":"log","timestamp":1685037112419,"level":"debug","message":"Executing recipe html","meta":{"rootId":"ucl1u3qwibxptib","id":"yx494jos0zdk7nx"},"id":"4vh4kceab1q3wcs","previousOperationId":"by8e3optx4di5wt"}
{"type":"operationEnd","operationId":"by8e3optx4di5wt","timestamp":1685037112419,"id":"js7xiz81z915gl6","previousEventId":"6kv7mlm51soqvme","previousOperationId":"by8e3optx4di5wt"}
{"type":"log","timestamp":1685037112421,"level":"debug","message":"Skipping storing report.","meta":{"rootId":"ucl1u3qwibxptib","id":"yx494jos0zdk7nx"},"id":"7czeot19p2p4i7w","previousOperationId":"by8e3optx4di5wt"}
{"type":"log","timestamp":1685037112422,"level":"info","message":"Rendering (child) request finished in 2497 ms","meta":{"rootId":"ucl1u3qwibxptib","id":"yx494jos0zdk7nx"},"id":"9ah4qxo298p89pg","previousOperationId":"by8e3optx4di5wt"}
{"type":"operationEnd","subtype":"render","operationId":"9opudo948gqv98t","timestamp":1685037112422,"id":"gq2w6zm4k5j1gp0","previousEventId":"js7xiz81z915gl6","previousOperationId":"by8e3optx4di5wt"}
{"type":"log","timestamp":1685037112422,"level":"debug","message":"Starting child request to render pdf footer","meta":{"rootId":"ucl1u3qwibxptib","id":"ucl1u3qwibxptib"},"id":"xtvhco68abka1sd","previousOperationId":"eby1n9rzn5w4p6q"}
{"type":"operationStart","subtype":"render","name":"anonymous","previousOperationId":"eby1n9rzn5w4p6q","timestamp":1685037112422,"id":"zrez2lcfrvb2m1r","previousEventId":"h4v51e1doyn2zrz","operationId":"dk5iwwv6id8ao3d"}
{"type":"log","timestamp":1685037112423,"level":"info","message":"Starting rendering (child) request","meta":{"rootId":"ucl1u3qwibxptib","id":"l6t4kjghux1u73p"},"id":"dczo0z1ja1c7dt3","previousOperationId":"dk5iwwv6id8ao3d"}
{"type":"log","timestamp":1685037112423,"level":"info","message":"Rendering anonymous template { recipe: html, engine: handlebars }","meta":{"rootId":"ucl1u3qwibxptib","id":"l6t4kjghux1u73p"},"id":"a4h120vlw9jlszp","previousOperationId":"dk5iwwv6id8ao3d"}
{"type":"log","timestamp":1685037112423,"level":"debug","message":"Inline data specified.","meta":{"rootId":"ucl1u3qwibxptib","id":"l6t4kjghux1u73p"},"id":"2380uuktky82q7d","previousOperationId":"dk5iwwv6id8ao3d"}
{"type":"log","timestamp":1685037112425,"level":"debug","message":"Base url not specified, skipping its injection.","meta":{"rootId":"ucl1u3qwibxptib","id":"l6t4kjghux1u73p"},"id":"6kz4041bbqlbz84","previousOperationId":"dk5iwwv6id8ao3d"}
{"type":"operationStart","subtype":"engine","name":"handlebars","timestamp":1685037112426,"id":"hntzol3842bejy2","previousEventId":"zrez2lcfrvb2m1r","operationId":"7nfpd52xyr8lj9q","previousOperationId":"dk5iwwv6id8ao3d"}
{"type":"log","timestamp":1685037112426,"level":"debug","message":"Rendering engine handlebars","meta":{"rootId":"ucl1u3qwibxptib","id":"l6t4kjghux1u73p"},"id":"w8kkeuo0bwqpazp","previousOperationId":"7nfpd52xyr8lj9q"}
{"type":"operationEnd","operationId":"7nfpd52xyr8lj9q","timestamp":1685037112466,"id":"nzl52eqdfc1b6d9","previousEventId":"hntzol3842bejy2","previousOperationId":"7nfpd52xyr8lj9q"}
{"type":"operationStart","subtype":"recipe","name":"html","timestamp":1685037112467,"id":"xsjremv6hqz0mux","previousEventId":"nzl52eqdfc1b6d9","operationId":"mailz8l3fb7t8wn","previousOperationId":"7nfpd52xyr8lj9q"}
{"type":"log","timestamp":1685037112467,"level":"debug","message":"Executing recipe html","meta":{"rootId":"ucl1u3qwibxptib","id":"l6t4kjghux1u73p"},"id":"fn845uui68j2hcv","previousOperationId":"mailz8l3fb7t8wn"}
{"type":"operationEnd","operationId":"mailz8l3fb7t8wn","timestamp":1685037112467,"id":"4qsqmv40cig08zl","previousEventId":"xsjremv6hqz0mux","previousOperationId":"mailz8l3fb7t8wn"}
{"type":"log","timestamp":1685037112468,"level":"debug","message":"Skipping storing report.","meta":{"rootId":"ucl1u3qwibxptib","id":"l6t4kjghux1u73p"},"id":"hvnww4iuj1dqbu1","previousOperationId":"mailz8l3fb7t8wn"}
{"type":"log","timestamp":1685037112469,"level":"info","message":"Rendering (child) request finished in 2544 ms","meta":{"rootId":"ucl1u3qwibxptib","id":"l6t4kjghux1u73p"},"id":"hjc0e12rua5utvj","previousOperationId":"mailz8l3fb7t8wn"}
{"type":"operationEnd","subtype":"render","operationId":"dk5iwwv6id8ao3d","timestamp":1685037112469,"id":"fbenvxangbde20w","previousEventId":"4qsqmv40cig08zl","previousOperationId":"mailz8l3fb7t8wn"}
{"type":"log","timestamp":1685037112848,"level":"debug","message":"Converting with chrome HeadlessChrome/105.0.5173.0 using chrome-pool strategy","meta":{"rootId":"ucl1u3qwibxptib","id":"ucl1u3qwibxptib"},"id":"vpqdj94xyzs98u4","previousOperationId":"eby1n9rzn5w4p6q"}
{"type":"log","timestamp":1685037113231,"level":"debug","message":"Page request: GET (document) file:///C:/Users/ADMINI~1/AppData/Local/Temp/jsreport/autocleanup/b09789cf-1444-433d-a389-fe6b68bf0dfc-chrome-pdf.html","meta":{"rootId":"ucl1u3qwibxptib","id":"ucl1u3qwibxptib"},"id":"0r2l44r526pxcqg","previousOperationId":"eby1n9rzn5w4p6q"}
{"type":"log","timestamp":1685037113255,"level":"debug","message":"Page request finished: GET (document) 200 file:///C:/Users/ADMINI~1/AppData/Local/Temp/jsreport/autocleanup/b09789cf-1444-433d-a389-fe6b68bf0dfc-chrome-pdf.html","meta":{"rootId":"ucl1u3qwibxptib","id":"ucl1u3qwibxptib"},"id":"6xn17zt5akcsu4f","previousOperationId":"eby1n9rzn5w4p6q"}
{"type":"log","timestamp":1685037113255,"level":"debug","message":"Page request: GET (stylesheet) https://fonts.googleapis.com/css2?family=Montserrat:wght@500&family=Open+Sans:wght@300&display=swap","meta":{"rootId":"ucl1u3qwibxptib","id":"ucl1u3qwibxptib"},"id":"906p9yf8axe61c5","previousOperationId":"eby1n9rzn5w4p6q"}
{"type":"log","timestamp":1685037113628,"level":"debug","message":"Page request finished: GET (stylesheet) 200 https://fonts.googleapis.com/css2?family=Montserrat:wght@500&family=Open+Sans:wght@300&display=swap","meta":{"rootId":"ucl1u3qwibxptib","id":"ucl1u3qwibxptib"},"id":"y8mmpzimjc9gu1m","previousOperationId":"eby1n9rzn5w4p6q"}
{"type":"log","timestamp":1685037113733,"level":"debug","message":"Page request: GET (font) https://fonts.gstatic.com/s/opensans/v35/memSYaGs126MiZpBA-UvWbX2vVnXBbObj2OVZyOOSr4dVJWUgsiH0B4gaVI.woff2","meta":{"rootId":"ucl1u3qwibxptib","id":"ucl1u3qwibxptib"},"id":"gmv2m3nd38ixrn0","previousOperationId":"eby1n9rzn5w4p6q"}
{"type":"log","timestamp":1685037113740,"level":"debug","message":"Page request: GET (font) https://fonts.gstatic.com/s/opensans/v35/memSYaGs126MiZpBA-UvWbX2vVnXBbObj2OVZyOOSr4dVJWUgsiH0B4gaVI.woff2","meta":{"rootId":"ucl1u3qwibxptib","id":"ucl1u3qwibxptib"},"id":"mux9hhfdthfd3ez","previousOperationId":"eby1n9rzn5w4p6q"}
{"type":"log","timestamp":1685037113996,"level":"debug","message":"Page request finished: GET (font) 200 https://fonts.gstatic.com/s/opensans/v35/memSYaGs126MiZpBA-UvWbX2vVnXBbObj2OVZyOOSr4dVJWUgsiH0B4gaVI.woff2","meta":{"rootId":"ucl1u3qwibxptib","id":"ucl1u3qwibxptib"},"id":"kbyvli0mfqsdsat","previousOperationId":"eby1n9rzn5w4p6q"}
{"type":"log","timestamp":1685037114000,"level":"debug","message":"Running chrome with params {\"scale\":1,\"displayHeaderFooter\":true,\"headerTemplate\":\"...\",\"footerTemplate\":\"...\",\"printBackground\":true,\"pageRanges\":\"\",\"format\":\"A4\",\"width\":\"\",\"height\":\"\",\"marginTop\":\"470px\",\"marginRight\":\"20px\",\"marginBottom\":\"80px\",\"marginLeft\":\"20px\",\"waitForJS\":false,\"waitForNetworkIddle\":false,\"timeout\":57455,\"waitForNetworkIdle\":false,\"margin\":{\"top\":\"470px\",\"right\":\"20px\",\"bottom\":\"80px\",\"left\":\"20px\"}}","meta":{"rootId":"ucl1u3qwibxptib","id":"ucl1u3qwibxptib"},"id":"5a7jtr6s4bs1pta","previousOperationId":"eby1n9rzn5w4p6q"}
{"type":"operationEnd","operationId":"eby1n9rzn5w4p6q","timestamp":1685037114784,"id":"efmy7kbfaujlywm","previousEventId":"h4v51e1doyn2zrz","previousOperationId":"eby1n9rzn5w4p6q"}
{"type":"log","timestamp":1685037114784,"level":"debug","message":"Skipping storing report.","meta":{"rootId":"ucl1u3qwibxptib","id":"ucl1u3qwibxptib"},"id":"swbaa8qdspnz7yp","previousOperationId":"eby1n9rzn5w4p6q"}
{"type":"log","timestamp":1685037114784,"level":"info","message":"Rendering request 1 finished in 4859 ms","meta":{"rootId":"ucl1u3qwibxptib","id":"ucl1u3qwibxptib"},"id":"6r2cq7k7hbh5xic","previousOperationId":"eby1n9rzn5w4p6q"}
{"type":"operationEnd","subtype":"render","operationId":"v36jqz6ppkci9d6","timestamp":1685037114784,"id":"1vkxvzzh9bk3aiw","previousEventId":"efmy7kbfaujlywm","previousOperationId":"eby1n9rzn5w4p6q"}
{"type":"operationEnd","doDiffs":false,"previousEventId":"4epctiq28mqeh43","previousOperationId":"dt49y5hb0dnahcy","operationId":"dt49y5hb0dnahcy","timestamp":1685037114804,"id":"s0jv9wcuj03r17p"}
