{"type":"operationStart","subtype":"profile","data":{"_id":"sdAqovfKsTjQwGAo","timestamp":"2023-03-13T21:42:06.869Z","state":"queued","mode":"standard","creationDate":"2023-03-13T21:42:06.873Z","modificationDate":"2023-03-13T21:42:06.873Z","shortid":"RJgb1Jk","$entitySet":"profiles"},"doDiffs":false,"timestamp":1678743726871,"id":"0ptchn5fdi14zsw","previousOperationId":null,"operationId":"2mygnxrz62iwhj3"}
{"type":"log","level":"info","message":"Render request 1 queued for execution and waiting for available worker","previousOperationId":"2mygnxrz62iwhj3","timestamp":1678743726871,"id":"mcsxdyy02q7b0sr"}
{"type":"operationStart","subtype":"render","name":"anonymous","previousOperationId":"2mygnxrz62iwhj3","timestamp":1678743726892,"id":"f9kmal1m55yw0nf","previousEventId":"0ptchn5fdi14zsw","operationId":"2i6oxcfizmmn5wb"}
{"type":"log","timestamp":1678743726895,"level":"info","message":"Starting rendering request 1 (user: null)","meta":{"rootId":"um2slg10a3j3ilk","id":"um2slg10a3j3ilk"},"id":"u1nziwtismhkvxk","previousOperationId":"2i6oxcfizmmn5wb"}
{"type":"log","timestamp":1678743726898,"level":"info","message":"Rendering anonymous template { recipe: chrome-pdf, engine: handlebars }","meta":{"rootId":"um2slg10a3j3ilk","id":"um2slg10a3j3ilk"},"id":"108nmtca7szpfbs","previousOperationId":"2i6oxcfizmmn5wb"}
{"type":"log","timestamp":1678743726899,"level":"debug","message":"Inline data specified.","meta":{"rootId":"um2slg10a3j3ilk","id":"um2slg10a3j3ilk"},"id":"z0wc4fdxg1ynpo3","previousOperationId":"2i6oxcfizmmn5wb"}
{"type":"log","timestamp":1678743726904,"level":"debug","message":"Base url not specified, skipping its injection.","meta":{"rootId":"um2slg10a3j3ilk","id":"um2slg10a3j3ilk"},"id":"e2p4remxmol1y21","previousOperationId":"2i6oxcfizmmn5wb"}
{"type":"operationStart","subtype":"engine","name":"handlebars","timestamp":1678743726906,"id":"kr0xi3ai5ehzk03","previousEventId":"f9kmal1m55yw0nf","operationId":"4snw4mzzd394svz","previousOperationId":"2i6oxcfizmmn5wb"}
{"type":"log","timestamp":1678743726906,"level":"debug","message":"Rendering engine handlebars","meta":{"rootId":"um2slg10a3j3ilk","id":"um2slg10a3j3ilk"},"id":"kibh3fd0q8xqrtu","previousOperationId":"4snw4mzzd394svz"}
{"type":"operationEnd","operationId":"4snw4mzzd394svz","timestamp":1678743727825,"id":"c5fx4a1kj9zg6p1","previousEventId":"kr0xi3ai5ehzk03","previousOperationId":"4snw4mzzd394svz"}
{"type":"operationStart","subtype":"recipe","name":"chrome-pdf","timestamp":1678743727826,"id":"diuyn2ipe02qvag","previousEventId":"c5fx4a1kj9zg6p1","operationId":"t1xz7xpmwxbq1kr","previousOperationId":"4snw4mzzd394svz"}
{"type":"log","timestamp":1678743727827,"level":"debug","message":"Executing recipe chrome-pdf","meta":{"rootId":"um2slg10a3j3ilk","id":"um2slg10a3j3ilk"},"id":"gyo7edvbvv9n47p","previousOperationId":"t1xz7xpmwxbq1kr"}
{"type":"log","timestamp":1678743727990,"level":"debug","message":"Starting child request to render pdf header","meta":{"rootId":"um2slg10a3j3ilk","id":"um2slg10a3j3ilk"},"id":"x46h3750cjcmwpu","previousOperationId":"t1xz7xpmwxbq1kr"}
{"type":"operationStart","subtype":"render","name":"anonymous","previousOperationId":"t1xz7xpmwxbq1kr","timestamp":1678743727991,"id":"46qjk4f7f8oi09t","previousEventId":"diuyn2ipe02qvag","operationId":"n7a8q9ceptmdcnz"}
{"type":"log","timestamp":1678743727991,"level":"info","message":"Starting rendering request 1 (user: null)","meta":{"rootId":"um2slg10a3j3ilk","id":"l1q38ddkop6x63p"},"id":"42oyoonicnj95bp","previousOperationId":"n7a8q9ceptmdcnz"}
{"type":"log","timestamp":1678743727991,"level":"info","message":"Rendering anonymous template { recipe: html, engine: handlebars }","meta":{"rootId":"um2slg10a3j3ilk","id":"l1q38ddkop6x63p"},"id":"lgnhtvveo3yvwad","previousOperationId":"n7a8q9ceptmdcnz"}
{"type":"log","timestamp":1678743727991,"level":"debug","message":"Inline data specified.","meta":{"rootId":"um2slg10a3j3ilk","id":"l1q38ddkop6x63p"},"id":"uyrzfek923ks7lp","previousOperationId":"n7a8q9ceptmdcnz"}
{"type":"log","timestamp":1678743727993,"level":"debug","message":"Base url not specified, skipping its injection.","meta":{"rootId":"um2slg10a3j3ilk","id":"l1q38ddkop6x63p"},"id":"i8saszclrqaoet8","previousOperationId":"n7a8q9ceptmdcnz"}
{"type":"log","timestamp":1678743728002,"level":"debug","message":"Replaced assets [\"./src/reporting/assets/logo.png\"]","meta":{"rootId":"um2slg10a3j3ilk","id":"l1q38ddkop6x63p"},"id":"4sh1fj2pz3i8t4f","previousOperationId":"n7a8q9ceptmdcnz"}
{"type":"operationStart","subtype":"engine","name":"handlebars","timestamp":1678743728002,"id":"cxpwqvzzvv1o1vq","previousEventId":"46qjk4f7f8oi09t","operationId":"kb93bwdldkbn39s","previousOperationId":"n7a8q9ceptmdcnz"}
{"type":"log","timestamp":1678743728002,"level":"debug","message":"Rendering engine handlebars","meta":{"rootId":"um2slg10a3j3ilk","id":"l1q38ddkop6x63p"},"id":"2z34l4bdl7rpsds","previousOperationId":"kb93bwdldkbn39s"}
{"type":"operationEnd","operationId":"kb93bwdldkbn39s","timestamp":1678743728024,"id":"cx044ehhy5m4wex","previousEventId":"cxpwqvzzvv1o1vq","previousOperationId":"kb93bwdldkbn39s"}
{"type":"operationStart","subtype":"recipe","name":"html","timestamp":1678743728024,"id":"onnntvswj45ecyb","previousEventId":"cx044ehhy5m4wex","operationId":"c1u2umb365q8yga","previousOperationId":"kb93bwdldkbn39s"}
{"type":"log","timestamp":1678743728024,"level":"debug","message":"Executing recipe html","meta":{"rootId":"um2slg10a3j3ilk","id":"l1q38ddkop6x63p"},"id":"4kru96xe23vjczk","previousOperationId":"c1u2umb365q8yga"}
{"type":"operationEnd","operationId":"c1u2umb365q8yga","timestamp":1678743728024,"id":"qdc88knf1tdxbgz","previousEventId":"onnntvswj45ecyb","previousOperationId":"c1u2umb365q8yga"}
{"type":"log","timestamp":1678743728025,"level":"debug","message":"Skipping storing report.","meta":{"rootId":"um2slg10a3j3ilk","id":"l1q38ddkop6x63p"},"id":"dls1alwcm7wc6tr","previousOperationId":"c1u2umb365q8yga"}
{"type":"log","timestamp":1678743728025,"level":"info","message":"Rendering request 1 finished in 1157 ms","meta":{"rootId":"um2slg10a3j3ilk","id":"l1q38ddkop6x63p"},"id":"3b4a8jye863v1yl","previousOperationId":"c1u2umb365q8yga"}
{"type":"operationEnd","subtype":"render","operationId":"n7a8q9ceptmdcnz","timestamp":1678743728026,"id":"o6ej04xxpfrq052","previousEventId":"qdc88knf1tdxbgz","previousOperationId":"c1u2umb365q8yga"}
{"type":"log","timestamp":1678743728026,"level":"debug","message":"Starting child request to render pdf footer","meta":{"rootId":"um2slg10a3j3ilk","id":"um2slg10a3j3ilk"},"id":"6de91ivg9257b5z","previousOperationId":"t1xz7xpmwxbq1kr"}
{"type":"operationStart","subtype":"render","name":"anonymous","previousOperationId":"t1xz7xpmwxbq1kr","timestamp":1678743728026,"id":"t1pgsg4z5lqsl4q","previousEventId":"diuyn2ipe02qvag","operationId":"r83r83pkdxq6vbq"}
{"type":"log","timestamp":1678743728026,"level":"info","message":"Starting rendering request 1 (user: null)","meta":{"rootId":"um2slg10a3j3ilk","id":"16rzbxt6ecjpfpt"},"id":"yt7fqpl2vjhtkpv","previousOperationId":"r83r83pkdxq6vbq"}
{"type":"log","timestamp":1678743728027,"level":"info","message":"Rendering anonymous template { recipe: html, engine: handlebars }","meta":{"rootId":"um2slg10a3j3ilk","id":"16rzbxt6ecjpfpt"},"id":"hu2jjfa0gxeyeoc","previousOperationId":"r83r83pkdxq6vbq"}
{"type":"log","timestamp":1678743728027,"level":"debug","message":"Inline data specified.","meta":{"rootId":"um2slg10a3j3ilk","id":"16rzbxt6ecjpfpt"},"id":"zby1l1hbmw1amv8","previousOperationId":"r83r83pkdxq6vbq"}
{"type":"log","timestamp":1678743728029,"level":"debug","message":"Base url not specified, skipping its injection.","meta":{"rootId":"um2slg10a3j3ilk","id":"16rzbxt6ecjpfpt"},"id":"f2xzqkqnfca6grn","previousOperationId":"r83r83pkdxq6vbq"}
{"type":"operationStart","subtype":"engine","name":"handlebars","timestamp":1678743728030,"id":"smotqyyr466by7m","previousEventId":"t1pgsg4z5lqsl4q","operationId":"i2wp2j6dfunbdj0","previousOperationId":"r83r83pkdxq6vbq"}
{"type":"log","timestamp":1678743728030,"level":"debug","message":"Rendering engine handlebars","meta":{"rootId":"um2slg10a3j3ilk","id":"16rzbxt6ecjpfpt"},"id":"oltjl265v5a489e","previousOperationId":"i2wp2j6dfunbdj0"}
{"type":"operationEnd","operationId":"i2wp2j6dfunbdj0","timestamp":1678743728049,"id":"408uihrqghi9wta","previousEventId":"smotqyyr466by7m","previousOperationId":"i2wp2j6dfunbdj0"}
{"type":"operationStart","subtype":"recipe","name":"html","timestamp":1678743728049,"id":"mhoj0lgrgbpbktp","previousEventId":"408uihrqghi9wta","operationId":"ig3ss7gywblscmw","previousOperationId":"i2wp2j6dfunbdj0"}
{"type":"log","timestamp":1678743728049,"level":"debug","message":"Executing recipe html","meta":{"rootId":"um2slg10a3j3ilk","id":"16rzbxt6ecjpfpt"},"id":"14knot0z4cyf7lf","previousOperationId":"ig3ss7gywblscmw"}
{"type":"operationEnd","operationId":"ig3ss7gywblscmw","timestamp":1678743728049,"id":"9mpgac2qi5v551l","previousEventId":"mhoj0lgrgbpbktp","previousOperationId":"ig3ss7gywblscmw"}
{"type":"log","timestamp":1678743728050,"level":"debug","message":"Skipping storing report.","meta":{"rootId":"um2slg10a3j3ilk","id":"16rzbxt6ecjpfpt"},"id":"c1duqlbgra95184","previousOperationId":"ig3ss7gywblscmw"}
{"type":"log","timestamp":1678743728050,"level":"info","message":"Rendering request 1 finished in 1182 ms","meta":{"rootId":"um2slg10a3j3ilk","id":"16rzbxt6ecjpfpt"},"id":"zgmfef4kiczbamd","previousOperationId":"ig3ss7gywblscmw"}
{"type":"operationEnd","subtype":"render","operationId":"r83r83pkdxq6vbq","timestamp":1678743728050,"id":"opqtlc5ovfm5ny0","previousEventId":"9mpgac2qi5v551l","previousOperationId":"ig3ss7gywblscmw"}
{"type":"log","timestamp":1678743728249,"level":"debug","message":"Converting with chrome HeadlessChrome/98.0.4758.0 using chrome-pool strategy","meta":{"rootId":"um2slg10a3j3ilk","id":"um2slg10a3j3ilk"},"id":"0kdxe32yv9m3vrt","previousOperationId":"t1xz7xpmwxbq1kr"}
{"type":"log","timestamp":1678743728556,"level":"debug","message":"Page request: GET (document) file:///C:/Users/ADMINI~1/AppData/Local/Temp/jsreport/autocleanup/f9cd8071-10cb-435f-b061-d0f642b189ed-chrome-pdf.html","meta":{"rootId":"um2slg10a3j3ilk","id":"um2slg10a3j3ilk"},"id":"yyon7kjycye8bc6","previousOperationId":"t1xz7xpmwxbq1kr"}
{"type":"log","timestamp":1678743728580,"level":"debug","message":"Page request finished: GET (document) file:///C:/Users/ADMINI~1/AppData/Local/Temp/jsreport/autocleanup/f9cd8071-10cb-435f-b061-d0f642b189ed-chrome-pdf.html","meta":{"rootId":"um2slg10a3j3ilk","id":"um2slg10a3j3ilk"},"id":"1qzge4aymopg8r6","previousOperationId":"t1xz7xpmwxbq1kr"}
{"type":"log","timestamp":1678743728582,"level":"debug","message":"Page request: GET (stylesheet) https://fonts.googleapis.com/css2?family=Montserrat:wght@500&family=Open+Sans:wght@300&display=swap","meta":{"rootId":"um2slg10a3j3ilk","id":"um2slg10a3j3ilk"},"id":"77rympsxvk5yfzb","previousOperationId":"t1xz7xpmwxbq1kr"}
{"type":"log","timestamp":1678743728839,"level":"debug","message":"Page request finished: GET (stylesheet) 200 https://fonts.googleapis.com/css2?family=Montserrat:wght@500&family=Open+Sans:wght@300&display=swap","meta":{"rootId":"um2slg10a3j3ilk","id":"um2slg10a3j3ilk"},"id":"a4upcr4c9u4jov0","previousOperationId":"t1xz7xpmwxbq1kr"}
{"type":"log","timestamp":1678743728981,"level":"debug","message":"Page request: GET (font) https://fonts.gstatic.com/s/opensans/v34/memSYaGs126MiZpBA-UvWbX2vVnXBbObj2OVZyOOSr4dVJWUgsiH0B4gaVI.woff2","meta":{"rootId":"um2slg10a3j3ilk","id":"um2slg10a3j3ilk"},"id":"92szj0gg39dao0s","previousOperationId":"t1xz7xpmwxbq1kr"}
{"type":"log","timestamp":1678743729000,"level":"debug","message":"Page request: GET (font) https://fonts.gstatic.com/s/opensans/v34/memSYaGs126MiZpBA-UvWbX2vVnXBbObj2OVZyOOSr4dVJWUgsiH0B4gaVI.woff2","meta":{"rootId":"um2slg10a3j3ilk","id":"um2slg10a3j3ilk"},"id":"ttshlp55ggazgnj","previousOperationId":"t1xz7xpmwxbq1kr"}
{"type":"log","timestamp":1678743729182,"level":"debug","message":"Page request finished: GET (font) 200 https://fonts.gstatic.com/s/opensans/v34/memSYaGs126MiZpBA-UvWbX2vVnXBbObj2OVZyOOSr4dVJWUgsiH0B4gaVI.woff2","meta":{"rootId":"um2slg10a3j3ilk","id":"um2slg10a3j3ilk"},"id":"933zdwguvy11ha3","previousOperationId":"t1xz7xpmwxbq1kr"}
{"type":"log","timestamp":1678743729221,"level":"debug","message":"Running chrome with params {\"scale\":1,\"displayHeaderFooter\":true,\"headerTemplate\":\"...\",\"footerTemplate\":\"...\",\"printBackground\":true,\"pageRanges\":\"\",\"format\":\"A4\",\"width\":\"\",\"height\":\"\",\"marginTop\":\"350px\",\"marginRight\":\"20px\",\"marginBottom\":\"80px\",\"marginLeft\":\"20px\",\"waitForJS\":false,\"waitForNetworkIddle\":false,\"timeout\":58818,\"waitForNetworkIdle\":false,\"margin\":{\"top\":\"350px\",\"right\":\"20px\",\"bottom\":\"80px\",\"left\":\"20px\"}}","meta":{"rootId":"um2slg10a3j3ilk","id":"um2slg10a3j3ilk"},"id":"b7lra4fgfwfuftq","previousOperationId":"t1xz7xpmwxbq1kr"}
{"type":"operationEnd","operationId":"t1xz7xpmwxbq1kr","timestamp":1678743729537,"id":"cpqqmbmrm8j0sjn","previousEventId":"diuyn2ipe02qvag","previousOperationId":"t1xz7xpmwxbq1kr"}
{"type":"log","timestamp":1678743729537,"level":"debug","message":"Skipping storing report.","meta":{"rootId":"um2slg10a3j3ilk","id":"um2slg10a3j3ilk"},"id":"y4pktrpp0wm6pho","previousOperationId":"t1xz7xpmwxbq1kr"}
{"type":"log","timestamp":1678743729537,"level":"info","message":"Rendering request 1 finished in 2669 ms","meta":{"rootId":"um2slg10a3j3ilk","id":"um2slg10a3j3ilk"},"id":"m6e4epwhc7jj79h","previousOperationId":"t1xz7xpmwxbq1kr"}
{"type":"operationEnd","subtype":"render","operationId":"2i6oxcfizmmn5wb","timestamp":1678743729537,"id":"6infruqyctbm1lj","previousEventId":"cpqqmbmrm8j0sjn","previousOperationId":"t1xz7xpmwxbq1kr"}
{"type":"operationEnd","doDiffs":false,"previousEventId":"0ptchn5fdi14zsw","previousOperationId":"2mygnxrz62iwhj3","operationId":"2mygnxrz62iwhj3","timestamp":1678743729547,"id":"jri1mwh9v5sie22"}
