{"type":"operationStart","subtype":"profile","data":{"_id":"2QvzORepWIimK15w","timestamp":"2023-07-03T11:13:46.438Z","state":"queued","mode":"standard","creationDate":"2023-07-03T11:13:46.447Z","modificationDate":"2023-07-03T11:13:46.447Z","shortid":"aWsuWYs","$entitySet":"profiles"},"doDiffs":false,"timestamp":1688382826442,"id":"srpnq489ffcsivq","previousOperationId":null,"operationId":"ugaqhyoc94ir0ue"}
{"type":"log","level":"info","message":"Render request 1 queued for execution and waiting for available worker","previousOperationId":"ugaqhyoc94ir0ue","timestamp":1688382826443,"id":"kntc4nwu9klxzl5"}
{"type":"operationStart","subtype":"render","name":"anonymous","previousOperationId":"ugaqhyoc94ir0ue","timestamp":1688382826503,"id":"sjbcifyxlqmqa1l","previousEventId":"srpnq489ffcsivq","operationId":"htyqi267fxuxeps"}
{"type":"log","timestamp":1688382826506,"level":"info","message":"Starting rendering request 1","meta":{"rootId":"unmlhze6efdcwxf","id":"unmlhze6efdcwxf"},"id":"7hw070541gqscr6","previousOperationId":"htyqi267fxuxeps"}
{"type":"log","timestamp":1688382826514,"level":"info","message":"Rendering anonymous template { recipe: chrome-pdf, engine: handlebars }","meta":{"rootId":"unmlhze6efdcwxf","id":"unmlhze6efdcwxf"},"id":"a10rm75vmeiq3mj","previousOperationId":"htyqi267fxuxeps"}
{"type":"log","timestamp":1688382826516,"level":"debug","message":"Inline data specified.","meta":{"rootId":"unmlhze6efdcwxf","id":"unmlhze6efdcwxf"},"id":"05ath08kocaw12o","previousOperationId":"htyqi267fxuxeps"}
{"type":"log","timestamp":1688382826540,"level":"debug","message":"Base url not specified, skipping its injection.","meta":{"rootId":"unmlhze6efdcwxf","id":"unmlhze6efdcwxf"},"id":"2zzqt6fb6e99mmk","previousOperationId":"htyqi267fxuxeps"}
{"type":"operationStart","subtype":"engine","name":"handlebars","timestamp":1688382826545,"id":"drl0524886zhmw6","previousEventId":"sjbcifyxlqmqa1l","operationId":"l7z5b1lus8j3vgg","previousOperationId":"htyqi267fxuxeps"}
{"type":"log","timestamp":1688382826546,"level":"debug","message":"Rendering engine handlebars","meta":{"rootId":"unmlhze6efdcwxf","id":"unmlhze6efdcwxf"},"id":"ehj6djzrsfo8j8z","previousOperationId":"l7z5b1lus8j3vgg"}
{"type":"operationEnd","operationId":"l7z5b1lus8j3vgg","timestamp":1688382829117,"id":"pmrol45sde2h2u4","previousEventId":"drl0524886zhmw6","previousOperationId":"l7z5b1lus8j3vgg"}
{"type":"operationStart","subtype":"recipe","name":"chrome-pdf","timestamp":1688382829121,"id":"qoypofsk9cdzk83","previousEventId":"pmrol45sde2h2u4","operationId":"eb4ak5la3dvzksq","previousOperationId":"l7z5b1lus8j3vgg"}
{"type":"log","timestamp":1688382829121,"level":"debug","message":"Executing recipe chrome-pdf","meta":{"rootId":"unmlhze6efdcwxf","id":"unmlhze6efdcwxf"},"id":"dvsplukzneftxdx","previousOperationId":"eb4ak5la3dvzksq"}
{"type":"log","timestamp":1688382829811,"level":"debug","message":"Starting child request to render pdf header","meta":{"rootId":"unmlhze6efdcwxf","id":"unmlhze6efdcwxf"},"id":"wnwru8uqb0oehsb","previousOperationId":"eb4ak5la3dvzksq"}
{"type":"operationStart","subtype":"render","name":"anonymous","previousOperationId":"eb4ak5la3dvzksq","timestamp":1688382829824,"id":"qco64vph1d3oww2","previousEventId":"qoypofsk9cdzk83","operationId":"saes7ul8lsferlc"}
{"type":"log","timestamp":1688382829824,"level":"info","message":"Starting rendering (child) request","meta":{"rootId":"unmlhze6efdcwxf","id":"7m4iupmtigv1tyw"},"id":"5laoiuqd45emk48","previousOperationId":"saes7ul8lsferlc"}
{"type":"log","timestamp":1688382829826,"level":"info","message":"Rendering anonymous template { recipe: html, engine: handlebars }","meta":{"rootId":"unmlhze6efdcwxf","id":"7m4iupmtigv1tyw"},"id":"dlrj494hdl72xm7","previousOperationId":"saes7ul8lsferlc"}
{"type":"log","timestamp":1688382829828,"level":"debug","message":"Inline data specified.","meta":{"rootId":"unmlhze6efdcwxf","id":"7m4iupmtigv1tyw"},"id":"vxc3edtc3p1geq3","previousOperationId":"saes7ul8lsferlc"}
{"type":"log","timestamp":1688382829844,"level":"debug","message":"Base url not specified, skipping its injection.","meta":{"rootId":"unmlhze6efdcwxf","id":"7m4iupmtigv1tyw"},"id":"j3wxhzmdztaol23","previousOperationId":"saes7ul8lsferlc"}
{"type":"log","timestamp":1688382829906,"level":"debug","message":"Replaced assets [\"./src/reporting/assets/logo.png\"]","meta":{"rootId":"unmlhze6efdcwxf","id":"7m4iupmtigv1tyw"},"id":"ifpyzwhqk0xgdua","previousOperationId":"saes7ul8lsferlc"}
{"type":"operationStart","subtype":"engine","name":"handlebars","timestamp":1688382829913,"id":"xhlttlg8l56f3x0","previousEventId":"qco64vph1d3oww2","operationId":"qaftd7ml0bsuqh2","previousOperationId":"saes7ul8lsferlc"}
{"type":"log","timestamp":1688382829913,"level":"debug","message":"Rendering engine handlebars","meta":{"rootId":"unmlhze6efdcwxf","id":"7m4iupmtigv1tyw"},"id":"6wo2qibxrtip25t","previousOperationId":"qaftd7ml0bsuqh2"}
{"type":"operationEnd","operationId":"qaftd7ml0bsuqh2","timestamp":1688382830020,"id":"q2ohv5wdam39qnv","previousEventId":"xhlttlg8l56f3x0","previousOperationId":"qaftd7ml0bsuqh2"}
{"type":"operationStart","subtype":"recipe","name":"html","timestamp":1688382830022,"id":"745w7pa8k0i6lvs","previousEventId":"q2ohv5wdam39qnv","operationId":"yc5tl6onvndui5m","previousOperationId":"qaftd7ml0bsuqh2"}
{"type":"log","timestamp":1688382830022,"level":"debug","message":"Executing recipe html","meta":{"rootId":"unmlhze6efdcwxf","id":"7m4iupmtigv1tyw"},"id":"22ojetjl12gtiln","previousOperationId":"yc5tl6onvndui5m"}
{"type":"operationEnd","operationId":"yc5tl6onvndui5m","timestamp":1688382830022,"id":"1k9nvgmqyehvdgi","previousEventId":"745w7pa8k0i6lvs","previousOperationId":"yc5tl6onvndui5m"}
{"type":"log","timestamp":1688382830023,"level":"debug","message":"Skipping storing report.","meta":{"rootId":"unmlhze6efdcwxf","id":"7m4iupmtigv1tyw"},"id":"ikpasn03x3wvqgw","previousOperationId":"yc5tl6onvndui5m"}
{"type":"log","timestamp":1688382830024,"level":"info","message":"Rendering (child) request finished in 3588 ms","meta":{"rootId":"unmlhze6efdcwxf","id":"7m4iupmtigv1tyw"},"id":"myeomawkq887xak","previousOperationId":"yc5tl6onvndui5m"}
{"type":"operationEnd","subtype":"render","operationId":"saes7ul8lsferlc","timestamp":1688382830024,"id":"hctavp7n2oc61rw","previousEventId":"1k9nvgmqyehvdgi","previousOperationId":"yc5tl6onvndui5m"}
{"type":"log","timestamp":1688382830024,"level":"debug","message":"Starting child request to render pdf footer","meta":{"rootId":"unmlhze6efdcwxf","id":"unmlhze6efdcwxf"},"id":"6u2n3feagdj4w6u","previousOperationId":"eb4ak5la3dvzksq"}
{"type":"operationStart","subtype":"render","name":"anonymous","previousOperationId":"eb4ak5la3dvzksq","timestamp":1688382830025,"id":"89poabolq7o5emr","previousEventId":"qoypofsk9cdzk83","operationId":"cqqdpfbwcdhlc1g"}
{"type":"log","timestamp":1688382830025,"level":"info","message":"Starting rendering (child) request","meta":{"rootId":"unmlhze6efdcwxf","id":"jvzmpdz4ww1gfgy"},"id":"d7z60ko9me1x66t","previousOperationId":"cqqdpfbwcdhlc1g"}
{"type":"log","timestamp":1688382830025,"level":"info","message":"Rendering anonymous template { recipe: html, engine: handlebars }","meta":{"rootId":"unmlhze6efdcwxf","id":"jvzmpdz4ww1gfgy"},"id":"w91750fj43hiv2a","previousOperationId":"cqqdpfbwcdhlc1g"}
{"type":"log","timestamp":1688382830025,"level":"debug","message":"Inline data specified.","meta":{"rootId":"unmlhze6efdcwxf","id":"jvzmpdz4ww1gfgy"},"id":"af0b5dk9mf7vyae","previousOperationId":"cqqdpfbwcdhlc1g"}
{"type":"log","timestamp":1688382830039,"level":"debug","message":"Base url not specified, skipping its injection.","meta":{"rootId":"unmlhze6efdcwxf","id":"jvzmpdz4ww1gfgy"},"id":"jnb3oo3osuz63hc","previousOperationId":"cqqdpfbwcdhlc1g"}
{"type":"operationStart","subtype":"engine","name":"handlebars","timestamp":1688382830040,"id":"dv1audjeb5z7hf8","previousEventId":"89poabolq7o5emr","operationId":"dh6qkn0pglly8b1","previousOperationId":"cqqdpfbwcdhlc1g"}
{"type":"log","timestamp":1688382830040,"level":"debug","message":"Rendering engine handlebars","meta":{"rootId":"unmlhze6efdcwxf","id":"jvzmpdz4ww1gfgy"},"id":"39a10x332060ku6","previousOperationId":"dh6qkn0pglly8b1"}
{"type":"operationEnd","operationId":"dh6qkn0pglly8b1","timestamp":1688382830580,"id":"gjq8py9n74hn4fg","previousEventId":"dv1audjeb5z7hf8","previousOperationId":"dh6qkn0pglly8b1"}
{"type":"operationStart","subtype":"recipe","name":"html","timestamp":1688382830582,"id":"wk4hy1rn65w04te","previousEventId":"gjq8py9n74hn4fg","operationId":"w1760sdew5rcf6v","previousOperationId":"dh6qkn0pglly8b1"}
{"type":"log","timestamp":1688382830582,"level":"debug","message":"Executing recipe html","meta":{"rootId":"unmlhze6efdcwxf","id":"jvzmpdz4ww1gfgy"},"id":"x9ql63txqidt5e3","previousOperationId":"w1760sdew5rcf6v"}
{"type":"operationEnd","operationId":"w1760sdew5rcf6v","timestamp":1688382830582,"id":"1oue8caxzaa7sui","previousEventId":"wk4hy1rn65w04te","previousOperationId":"w1760sdew5rcf6v"}
{"type":"log","timestamp":1688382830583,"level":"debug","message":"Skipping storing report.","meta":{"rootId":"unmlhze6efdcwxf","id":"jvzmpdz4ww1gfgy"},"id":"88irs1mddsabvvo","previousOperationId":"w1760sdew5rcf6v"}
{"type":"log","timestamp":1688382830587,"level":"info","message":"Rendering (child) request finished in 4151 ms","meta":{"rootId":"unmlhze6efdcwxf","id":"jvzmpdz4ww1gfgy"},"id":"uolwin7y35hp4hq","previousOperationId":"w1760sdew5rcf6v"}
{"type":"operationEnd","subtype":"render","operationId":"cqqdpfbwcdhlc1g","timestamp":1688382830587,"id":"p8gedjb0vwzzyft","previousEventId":"1oue8caxzaa7sui","previousOperationId":"w1760sdew5rcf6v"}
{"type":"log","timestamp":1688382831608,"level":"debug","message":"Converting with chrome HeadlessChrome/105.0.5173.0 using chrome-pool strategy","meta":{"rootId":"unmlhze6efdcwxf","id":"unmlhze6efdcwxf"},"id":"kehwc4e8gwc67k9","previousOperationId":"eb4ak5la3dvzksq"}
{"type":"log","timestamp":1688382832169,"level":"debug","message":"Page request: GET (document) file:///C:/Users/hi/AppData/Local/Temp/jsreport/autocleanup/4b235c24-00cd-4b75-b0b2-7ddc6f2f1960-chrome-pdf.html","meta":{"rootId":"unmlhze6efdcwxf","id":"unmlhze6efdcwxf"},"id":"0hoisb01h5mf316","previousOperationId":"eb4ak5la3dvzksq"}
{"type":"log","timestamp":1688382832232,"level":"debug","message":"Page request finished: GET (document) 200 file:///C:/Users/hi/AppData/Local/Temp/jsreport/autocleanup/4b235c24-00cd-4b75-b0b2-7ddc6f2f1960-chrome-pdf.html","meta":{"rootId":"unmlhze6efdcwxf","id":"unmlhze6efdcwxf"},"id":"a7lw99m64dejjoa","previousOperationId":"eb4ak5la3dvzksq"}
{"type":"log","timestamp":1688382832252,"level":"debug","message":"Page request: GET (stylesheet) https://fonts.googleapis.com/css2?family=Montserrat:wght@500&family=Open+Sans:wght@300&display=swap","meta":{"rootId":"unmlhze6efdcwxf","id":"unmlhze6efdcwxf"},"id":"z1y4c1tobqjd3j2","previousOperationId":"eb4ak5la3dvzksq"}
{"type":"log","timestamp":1688382835220,"level":"debug","message":"Page request finished: GET (stylesheet) 200 https://fonts.googleapis.com/css2?family=Montserrat:wght@500&family=Open+Sans:wght@300&display=swap","meta":{"rootId":"unmlhze6efdcwxf","id":"unmlhze6efdcwxf"},"id":"47ssbyh0rfzxnbg","previousOperationId":"eb4ak5la3dvzksq"}
{"type":"log","timestamp":1688382835298,"level":"debug","message":"Page request: GET (font) https://fonts.gstatic.com/s/opensans/v35/memSYaGs126MiZpBA-UvWbX2vVnXBbObj2OVZyOOSr4dVJWUgsiH0B4gaVI.woff2","meta":{"rootId":"unmlhze6efdcwxf","id":"unmlhze6efdcwxf"},"id":"4tfyqkz3bgiu9te","previousOperationId":"eb4ak5la3dvzksq"}
{"type":"log","timestamp":1688382835303,"level":"debug","message":"Page request: GET (font) https://fonts.gstatic.com/s/opensans/v35/memSYaGs126MiZpBA-UvWbX2vVnXBbObj2OVZyOOSr4dVJWUgsiH0B4gaVI.woff2","meta":{"rootId":"unmlhze6efdcwxf","id":"unmlhze6efdcwxf"},"id":"l62g79x1nv3xgwb","previousOperationId":"eb4ak5la3dvzksq"}
{"type":"log","timestamp":1688382835583,"level":"debug","message":"Page request finished: GET (font) 200 https://fonts.gstatic.com/s/opensans/v35/memSYaGs126MiZpBA-UvWbX2vVnXBbObj2OVZyOOSr4dVJWUgsiH0B4gaVI.woff2","meta":{"rootId":"unmlhze6efdcwxf","id":"unmlhze6efdcwxf"},"id":"wiwhtia0f55lxwr","previousOperationId":"eb4ak5la3dvzksq"}
{"type":"log","timestamp":1688382835616,"level":"debug","message":"Running chrome with params {\"scale\":1,\"displayHeaderFooter\":true,\"headerTemplate\":\"...\",\"footerTemplate\":\"...\",\"printBackground\":true,\"pageRanges\":\"\",\"format\":\"A4\",\"width\":\"\",\"height\":\"\",\"marginTop\":\"470px\",\"marginRight\":\"20px\",\"marginBottom\":\"80px\",\"marginLeft\":\"20px\",\"waitForJS\":false,\"waitForNetworkIddle\":false,\"timeout\":55847,\"waitForNetworkIdle\":false,\"margin\":{\"top\":\"470px\",\"right\":\"20px\",\"bottom\":\"80px\",\"left\":\"20px\"}}","meta":{"rootId":"unmlhze6efdcwxf","id":"unmlhze6efdcwxf"},"id":"xfjc8xkb83tqi5d","previousOperationId":"eb4ak5la3dvzksq"}
{"type":"operationEnd","operationId":"eb4ak5la3dvzksq","timestamp":1688382836176,"id":"qc8ghn8vhsmsuxq","previousEventId":"qoypofsk9cdzk83","previousOperationId":"eb4ak5la3dvzksq"}
{"type":"log","timestamp":1688382836176,"level":"debug","message":"Skipping storing report.","meta":{"rootId":"unmlhze6efdcwxf","id":"unmlhze6efdcwxf"},"id":"wub9rk96xttig4t","previousOperationId":"eb4ak5la3dvzksq"}
{"type":"log","timestamp":1688382836177,"level":"info","message":"Rendering request 1 finished in 9741 ms","meta":{"rootId":"unmlhze6efdcwxf","id":"unmlhze6efdcwxf"},"id":"8kgr0cypyo9hvpj","previousOperationId":"eb4ak5la3dvzksq"}
{"type":"operationEnd","subtype":"render","operationId":"htyqi267fxuxeps","timestamp":1688382836177,"id":"3ydxhcyadzpcav4","previousEventId":"qc8ghn8vhsmsuxq","previousOperationId":"eb4ak5la3dvzksq"}
{"type":"operationEnd","doDiffs":false,"previousEventId":"srpnq489ffcsivq","previousOperationId":"ugaqhyoc94ir0ue","operationId":"ugaqhyoc94ir0ue","timestamp":1688382836200,"id":"apbyg7e99639dqh"}
