{"type":"operationStart","subtype":"profile","data":{"_id":"EEPqPE5YqyITkr1L","timestamp":"2022-10-05T21:39:16.675Z","state":"queued","mode":"standard","creationDate":"2022-10-05T21:39:16.682Z","modificationDate":"2022-10-05T21:39:16.682Z","shortid":"A2HuMyY","$entitySet":"profiles"},"doDiffs":false,"timestamp":1665005956680,"id":"3cdfktjg8ubuq6f","previousOperationId":null,"operationId":"2v9lgda8aj9meqr"}
{"type":"log","level":"info","message":"Render request 1 queued for execution and waiting for available worker","previousOperationId":"2v9lgda8aj9meqr","timestamp":1665005956680,"id":"3nej6f7yw1dhucq"}
{"type":"operationStart","subtype":"render","name":"anonymous","previousOperationId":"2v9lgda8aj9meqr","timestamp":1665005956730,"id":"1qdcb7dz4xzr3up","previousEventId":"3cdfktjg8ubuq6f","operationId":"pemq721zlrdxyrh"}
{"type":"log","timestamp":1665005956732,"level":"info","message":"Starting rendering request 1 (user: null)","meta":{"rootId":"up8icqrz0i4hvo5","id":"up8icqrz0i4hvo5"},"id":"s7df56vtgu3pdh2","previousOperationId":"pemq721zlrdxyrh"}
{"type":"log","timestamp":1665005956735,"level":"info","message":"Rendering anonymous template { recipe: chrome-pdf, engine: handlebars }","meta":{"rootId":"up8icqrz0i4hvo5","id":"up8icqrz0i4hvo5"},"id":"5z8na92w08q1rzq","previousOperationId":"pemq721zlrdxyrh"}
{"type":"log","timestamp":1665005956736,"level":"debug","message":"Inline data specified.","meta":{"rootId":"up8icqrz0i4hvo5","id":"up8icqrz0i4hvo5"},"id":"wfimvr0npk10g87","previousOperationId":"pemq721zlrdxyrh"}
{"type":"log","timestamp":1665005956755,"level":"debug","message":"Base url not specified, skipping its injection.","meta":{"rootId":"up8icqrz0i4hvo5","id":"up8icqrz0i4hvo5"},"id":"awetuxhgayqgp7b","previousOperationId":"pemq721zlrdxyrh"}
{"type":"operationStart","subtype":"engine","name":"handlebars","timestamp":1665005956757,"id":"dft4pz15x02ngeq","previousEventId":"1qdcb7dz4xzr3up","operationId":"f77j36zs097uk57","previousOperationId":"pemq721zlrdxyrh"}
{"type":"log","timestamp":1665005956758,"level":"debug","message":"Rendering engine handlebars","meta":{"rootId":"up8icqrz0i4hvo5","id":"up8icqrz0i4hvo5"},"id":"ltdehnt9cb2eyhw","previousOperationId":"f77j36zs097uk57"}
{"type":"operationEnd","operationId":"f77j36zs097uk57","timestamp":1665005961680,"id":"fzvcbeza497a4je","previousEventId":"dft4pz15x02ngeq","previousOperationId":"f77j36zs097uk57"}
{"type":"operationStart","subtype":"recipe","name":"chrome-pdf","timestamp":1665005961683,"id":"m15qz5niw1vfyuo","previousEventId":"fzvcbeza497a4je","operationId":"6qlwu08i7otdx16","previousOperationId":"f77j36zs097uk57"}
{"type":"log","timestamp":1665005961683,"level":"debug","message":"Executing recipe chrome-pdf","meta":{"rootId":"up8icqrz0i4hvo5","id":"up8icqrz0i4hvo5"},"id":"0z3nq494jnnrfyz","previousOperationId":"6qlwu08i7otdx16"}
{"type":"log","timestamp":1665005962007,"level":"debug","message":"Starting child request to render pdf header","meta":{"rootId":"up8icqrz0i4hvo5","id":"up8icqrz0i4hvo5"},"id":"t15ggd5op3qbmpw","previousOperationId":"6qlwu08i7otdx16"}
{"type":"operationStart","subtype":"render","name":"anonymous","previousOperationId":"6qlwu08i7otdx16","timestamp":1665005962008,"id":"ea8eqb5skbzri5c","previousEventId":"m15qz5niw1vfyuo","operationId":"1w34abosdrw9zwl"}
{"type":"log","timestamp":1665005962009,"level":"info","message":"Starting rendering request 1 (user: null)","meta":{"rootId":"up8icqrz0i4hvo5","id":"q3js9iag1h7cvid"},"id":"71uwe71l5tn3seq","previousOperationId":"1w34abosdrw9zwl"}
{"type":"log","timestamp":1665005962009,"level":"info","message":"Rendering anonymous template { recipe: html, engine: handlebars }","meta":{"rootId":"up8icqrz0i4hvo5","id":"q3js9iag1h7cvid"},"id":"63q2qzrvwwyled4","previousOperationId":"1w34abosdrw9zwl"}
{"type":"log","timestamp":1665005962009,"level":"debug","message":"Inline data specified.","meta":{"rootId":"up8icqrz0i4hvo5","id":"q3js9iag1h7cvid"},"id":"nfyuhgvvgn84mk3","previousOperationId":"1w34abosdrw9zwl"}
{"type":"log","timestamp":1665005962500,"level":"debug","message":"Base url not specified, skipping its injection.","meta":{"rootId":"up8icqrz0i4hvo5","id":"q3js9iag1h7cvid"},"id":"v0o3xvnfqgw26he","previousOperationId":"1w34abosdrw9zwl"}
{"type":"log","timestamp":1665005962519,"level":"debug","message":"Replaced assets [\"./src/reporting/assets/logo.png\"]","meta":{"rootId":"up8icqrz0i4hvo5","id":"q3js9iag1h7cvid"},"id":"p38bse16f0ckhuc","previousOperationId":"1w34abosdrw9zwl"}
{"type":"operationStart","subtype":"engine","name":"handlebars","timestamp":1665005962519,"id":"wkj91zri1elsuax","previousEventId":"ea8eqb5skbzri5c","operationId":"xx4n2lqlwcn21z3","previousOperationId":"1w34abosdrw9zwl"}
{"type":"log","timestamp":1665005962519,"level":"debug","message":"Rendering engine handlebars","meta":{"rootId":"up8icqrz0i4hvo5","id":"q3js9iag1h7cvid"},"id":"7c6cwu2k8psr6cc","previousOperationId":"xx4n2lqlwcn21z3"}
{"type":"operationEnd","operationId":"xx4n2lqlwcn21z3","timestamp":1665005962562,"id":"0glibslx76oj2nk","previousEventId":"wkj91zri1elsuax","previousOperationId":"xx4n2lqlwcn21z3"}
{"type":"operationStart","subtype":"recipe","name":"html","timestamp":1665005962563,"id":"19vxd838a6uxkb1","previousEventId":"0glibslx76oj2nk","operationId":"oovmi5dx9wua0a3","previousOperationId":"xx4n2lqlwcn21z3"}
{"type":"log","timestamp":1665005962563,"level":"debug","message":"Executing recipe html","meta":{"rootId":"up8icqrz0i4hvo5","id":"q3js9iag1h7cvid"},"id":"4uxx1o0334vqpjt","previousOperationId":"oovmi5dx9wua0a3"}
{"type":"operationEnd","operationId":"oovmi5dx9wua0a3","timestamp":1665005962563,"id":"voqcviiiqrhdnyo","previousEventId":"19vxd838a6uxkb1","previousOperationId":"oovmi5dx9wua0a3"}
{"type":"log","timestamp":1665005962809,"level":"debug","message":"Skipping storing report.","meta":{"rootId":"up8icqrz0i4hvo5","id":"q3js9iag1h7cvid"},"id":"p0pfy8wzv4dsmms","previousOperationId":"oovmi5dx9wua0a3"}
{"type":"log","timestamp":1665005962809,"level":"info","message":"Rendering request 1 finished in 6135 ms","meta":{"rootId":"up8icqrz0i4hvo5","id":"q3js9iag1h7cvid"},"id":"hcmtzefyxbxisp8","previousOperationId":"oovmi5dx9wua0a3"}
{"type":"operationEnd","subtype":"render","operationId":"1w34abosdrw9zwl","timestamp":1665005962810,"id":"mxprovua8iks9ks","previousEventId":"voqcviiiqrhdnyo","previousOperationId":"oovmi5dx9wua0a3"}
{"type":"log","timestamp":1665005962810,"level":"debug","message":"Starting child request to render pdf footer","meta":{"rootId":"up8icqrz0i4hvo5","id":"up8icqrz0i4hvo5"},"id":"vlk0wlkq86xjso1","previousOperationId":"6qlwu08i7otdx16"}
{"type":"operationStart","subtype":"render","name":"anonymous","previousOperationId":"6qlwu08i7otdx16","timestamp":1665005962810,"id":"ofpzp7srtp5bus4","previousEventId":"m15qz5niw1vfyuo","operationId":"ttoyoza1yp1fbox"}
{"type":"log","timestamp":1665005962810,"level":"info","message":"Starting rendering request 1 (user: null)","meta":{"rootId":"up8icqrz0i4hvo5","id":"58y17byp1yl3e15"},"id":"iqu7gphxa824mg7","previousOperationId":"ttoyoza1yp1fbox"}
{"type":"log","timestamp":1665005962811,"level":"info","message":"Rendering anonymous template { recipe: html, engine: handlebars }","meta":{"rootId":"up8icqrz0i4hvo5","id":"58y17byp1yl3e15"},"id":"wm6spj2w2kdvmhz","previousOperationId":"ttoyoza1yp1fbox"}
{"type":"log","timestamp":1665005962811,"level":"debug","message":"Inline data specified.","meta":{"rootId":"up8icqrz0i4hvo5","id":"58y17byp1yl3e15"},"id":"fhv08429jxdypb5","previousOperationId":"ttoyoza1yp1fbox"}
{"type":"log","timestamp":1665005963040,"level":"debug","message":"Base url not specified, skipping its injection.","meta":{"rootId":"up8icqrz0i4hvo5","id":"58y17byp1yl3e15"},"id":"cjo1hxietyd0925","previousOperationId":"ttoyoza1yp1fbox"}
{"type":"operationStart","subtype":"engine","name":"handlebars","timestamp":1665005963041,"id":"vbd7qz0sm5k1nwy","previousEventId":"ofpzp7srtp5bus4","operationId":"afahoqh5x0kc199","previousOperationId":"ttoyoza1yp1fbox"}
{"type":"log","timestamp":1665005963041,"level":"debug","message":"Rendering engine handlebars","meta":{"rootId":"up8icqrz0i4hvo5","id":"58y17byp1yl3e15"},"id":"h3idt4di6yn55w1","previousOperationId":"afahoqh5x0kc199"}
{"type":"operationEnd","operationId":"afahoqh5x0kc199","timestamp":1665005963066,"id":"45emi12v7kh0npx","previousEventId":"vbd7qz0sm5k1nwy","previousOperationId":"afahoqh5x0kc199"}
{"type":"operationStart","subtype":"recipe","name":"html","timestamp":1665005963066,"id":"sgrmk0ntbofakhw","previousEventId":"45emi12v7kh0npx","operationId":"mb2yvd9kcg4yd8d","previousOperationId":"afahoqh5x0kc199"}
{"type":"log","timestamp":1665005963066,"level":"debug","message":"Executing recipe html","meta":{"rootId":"up8icqrz0i4hvo5","id":"58y17byp1yl3e15"},"id":"c0xuo5ry0bpvm6s","previousOperationId":"mb2yvd9kcg4yd8d"}
{"type":"operationEnd","operationId":"mb2yvd9kcg4yd8d","timestamp":1665005963066,"id":"vfs0daf6mbocw1h","previousEventId":"sgrmk0ntbofakhw","previousOperationId":"mb2yvd9kcg4yd8d"}
{"type":"log","timestamp":1665005963066,"level":"debug","message":"Skipping storing report.","meta":{"rootId":"up8icqrz0i4hvo5","id":"58y17byp1yl3e15"},"id":"zraeogsisess4fn","previousOperationId":"mb2yvd9kcg4yd8d"}
{"type":"log","timestamp":1665005963067,"level":"info","message":"Rendering request 1 finished in 6393 ms","meta":{"rootId":"up8icqrz0i4hvo5","id":"58y17byp1yl3e15"},"id":"0zdk6bbampqpwub","previousOperationId":"mb2yvd9kcg4yd8d"}
{"type":"operationEnd","subtype":"render","operationId":"ttoyoza1yp1fbox","timestamp":1665005963067,"id":"eif4ybfvlw4wph6","previousEventId":"vfs0daf6mbocw1h","previousOperationId":"mb2yvd9kcg4yd8d"}
{"type":"log","timestamp":1665005967125,"level":"debug","message":"Converting with chrome HeadlessChrome/98.0.4758.0 using chrome-pool strategy","meta":{"rootId":"up8icqrz0i4hvo5","id":"up8icqrz0i4hvo5"},"id":"1byo9jzcvfxatwf","previousOperationId":"6qlwu08i7otdx16"}
{"type":"log","timestamp":1665005967629,"level":"debug","message":"Page request: GET (document) file:///var/folders/8m/98z140gs3yzbw6jqmpbh8b8m0000gn/T/jsreport/autocleanup/73633713-3bd9-4c48-81fe-e207535c642d-chrome-pdf.html","meta":{"rootId":"up8icqrz0i4hvo5","id":"up8icqrz0i4hvo5"},"id":"23diuj7wb9ixxnr","previousOperationId":"6qlwu08i7otdx16"}
{"type":"log","timestamp":1665005967661,"level":"debug","message":"Page request finished: GET (document) file:///var/folders/8m/98z140gs3yzbw6jqmpbh8b8m0000gn/T/jsreport/autocleanup/73633713-3bd9-4c48-81fe-e207535c642d-chrome-pdf.html","meta":{"rootId":"up8icqrz0i4hvo5","id":"up8icqrz0i4hvo5"},"id":"w23ubmtc3i4tjda","previousOperationId":"6qlwu08i7otdx16"}
{"type":"log","timestamp":1665005967681,"level":"debug","message":"Page request: GET (stylesheet) https://fonts.googleapis.com/css2?family=Montserrat:wght@500&family=Open+Sans:wght@300&display=swap","meta":{"rootId":"up8icqrz0i4hvo5","id":"up8icqrz0i4hvo5"},"id":"0ofzvjbfx0t6x2w","previousOperationId":"6qlwu08i7otdx16"}
{"type":"log","timestamp":1665005968628,"level":"debug","message":"Page request finished: GET (stylesheet) 200 https://fonts.googleapis.com/css2?family=Montserrat:wght@500&family=Open+Sans:wght@300&display=swap","meta":{"rootId":"up8icqrz0i4hvo5","id":"up8icqrz0i4hvo5"},"id":"ijc4q72nvuu5zn4","previousOperationId":"6qlwu08i7otdx16"}
{"type":"log","timestamp":1665005969047,"level":"debug","message":"Page request: GET (font) https://fonts.gstatic.com/s/opensans/v34/memSYaGs126MiZpBA-UvWbX2vVnXBbObj2OVZyOOSr4dVJWUgsiH0B4gaVQUwaEQbjA.woff","meta":{"rootId":"up8icqrz0i4hvo5","id":"up8icqrz0i4hvo5"},"id":"ixfaebp94lq5aw0","previousOperationId":"6qlwu08i7otdx16"}
{"type":"log","timestamp":1665005969058,"level":"debug","message":"Running chrome with params {\"scale\":1,\"displayHeaderFooter\":true,\"headerTemplate\":\"...\",\"footerTemplate\":\"...\",\"printBackground\":true,\"pageRanges\":\"\",\"format\":\"A4\",\"width\":\"\",\"height\":\"\",\"marginTop\":\"470px\",\"marginRight\":\"20px\",\"marginBottom\":\"80px\",\"marginLeft\":\"20px\",\"waitForJS\":false,\"waitForNetworkIddle\":false,\"timeout\":53605,\"waitForNetworkIdle\":false,\"margin\":{\"top\":\"470px\",\"right\":\"20px\",\"bottom\":\"80px\",\"left\":\"20px\"}}","meta":{"rootId":"up8icqrz0i4hvo5","id":"up8icqrz0i4hvo5"},"id":"5lkacevkhq2q92l","previousOperationId":"6qlwu08i7otdx16"}
{"type":"log","timestamp":1665005969066,"level":"debug","message":"Page request: GET (font) https://fonts.gstatic.com/s/opensans/v34/memSYaGs126MiZpBA-UvWbX2vVnXBbObj2OVZyOOSr4dVJWUgsiH0B4gaVQUwaEQbjA.woff","meta":{"rootId":"up8icqrz0i4hvo5","id":"up8icqrz0i4hvo5"},"id":"oewedv93ma3a87h","previousOperationId":"6qlwu08i7otdx16"}
{"type":"operationEnd","operationId":"6qlwu08i7otdx16","timestamp":1665005969735,"id":"1r6bw5tk6ybxzc5","previousEventId":"m15qz5niw1vfyuo","previousOperationId":"6qlwu08i7otdx16"}
{"type":"log","timestamp":1665005969736,"level":"debug","message":"Skipping storing report.","meta":{"rootId":"up8icqrz0i4hvo5","id":"up8icqrz0i4hvo5"},"id":"x59f8pp4enpc3jh","previousOperationId":"6qlwu08i7otdx16"}
{"type":"log","timestamp":1665005969736,"level":"info","message":"Rendering request 1 finished in 13062 ms","meta":{"rootId":"up8icqrz0i4hvo5","id":"up8icqrz0i4hvo5"},"id":"d7ss9mno93nhj1e","previousOperationId":"6qlwu08i7otdx16"}
{"type":"operationEnd","subtype":"render","operationId":"pemq721zlrdxyrh","timestamp":1665005969736,"id":"7vcly457c9bym83","previousEventId":"1r6bw5tk6ybxzc5","previousOperationId":"6qlwu08i7otdx16"}
{"type":"operationEnd","doDiffs":false,"previousEventId":"3cdfktjg8ubuq6f","previousOperationId":"2v9lgda8aj9meqr","operationId":"2v9lgda8aj9meqr","timestamp":1665005969741,"id":"mvem6h3ohbcskfq"}
