{"type":"operationStart","subtype":"profile","data":{"_id":"q8rWKZXrFz0lKuae","timestamp":"2022-09-08T09:08:50.429Z","state":"queued","mode":"standard","creationDate":"2022-09-08T09:08:50.441Z","modificationDate":"2022-09-08T09:08:50.441Z","shortid":"MJ1dmtI","$entitySet":"profiles"},"doDiffs":false,"timestamp":1662628130438,"id":"06m5zs6q9rr2etq","previousOperationId":null,"operationId":"9kuzrr4xji7wa5c"}
{"type":"log","level":"info","message":"Render request 1 queued for execution and waiting for available worker","previousOperationId":"9kuzrr4xji7wa5c","timestamp":1662628130438,"id":"on53cvc5fn02ek2"}
{"type":"operationStart","subtype":"render","name":"anonymous","previousOperationId":"9kuzrr4xji7wa5c","timestamp":1662628130510,"id":"pysygx4es7ikvd4","previousEventId":"06m5zs6q9rr2etq","operationId":"rrs2dhsgqoeesul"}
{"type":"log","timestamp":1662628130512,"level":"info","message":"Starting rendering request 1 (user: null)","meta":{"rootId":"uqd3lvsmactebtg","id":"uqd3lvsmactebtg"},"id":"x4sms2f53fy66cj","previousOperationId":"rrs2dhsgqoeesul"}
{"type":"log","timestamp":1662628130516,"level":"info","message":"Rendering anonymous template { recipe: chrome-pdf, engine: handlebars }","meta":{"rootId":"uqd3lvsmactebtg","id":"uqd3lvsmactebtg"},"id":"48z4ior7t7hbi7m","previousOperationId":"rrs2dhsgqoeesul"}
{"type":"log","timestamp":1662628130518,"level":"debug","message":"Inline data specified.","meta":{"rootId":"uqd3lvsmactebtg","id":"uqd3lvsmactebtg"},"id":"klvv1ged0q7i7mw","previousOperationId":"rrs2dhsgqoeesul"}
{"type":"log","timestamp":1662628130532,"level":"debug","message":"Base url not specified, skipping its injection.","meta":{"rootId":"uqd3lvsmactebtg","id":"uqd3lvsmactebtg"},"id":"qw4wj865ervfxqq","previousOperationId":"rrs2dhsgqoeesul"}
{"type":"operationStart","subtype":"engine","name":"handlebars","timestamp":1662628130534,"id":"4ujxj8cdkeweypw","previousEventId":"pysygx4es7ikvd4","operationId":"rp1uei69d7wknoq","previousOperationId":"rrs2dhsgqoeesul"}
{"type":"log","timestamp":1662628130534,"level":"debug","message":"Rendering engine handlebars","meta":{"rootId":"uqd3lvsmactebtg","id":"uqd3lvsmactebtg"},"id":"4gwhb4gv8yvy0vv","previousOperationId":"rp1uei69d7wknoq"}
{"type":"operationEnd","operationId":"rp1uei69d7wknoq","timestamp":1662628131827,"id":"vm79en3geo5mfuf","previousEventId":"4ujxj8cdkeweypw","previousOperationId":"rp1uei69d7wknoq"}
{"type":"operationStart","subtype":"recipe","name":"chrome-pdf","timestamp":1662628131829,"id":"nqb9ogvskkabmra","previousEventId":"vm79en3geo5mfuf","operationId":"496uljs7eyqdtc0","previousOperationId":"rp1uei69d7wknoq"}
{"type":"log","timestamp":1662628131829,"level":"debug","message":"Executing recipe chrome-pdf","meta":{"rootId":"uqd3lvsmactebtg","id":"uqd3lvsmactebtg"},"id":"dd5qigi2yi2otae","previousOperationId":"496uljs7eyqdtc0"}
{"type":"log","timestamp":1662628132124,"level":"debug","message":"Starting child request to render pdf header","meta":{"rootId":"uqd3lvsmactebtg","id":"uqd3lvsmactebtg"},"id":"ehfn7r94ly2sotg","previousOperationId":"496uljs7eyqdtc0"}
{"type":"operationStart","subtype":"render","name":"anonymous","previousOperationId":"496uljs7eyqdtc0","timestamp":1662628132125,"id":"vyvydjabrnilrq1","previousEventId":"nqb9ogvskkabmra","operationId":"wgdy0975c6tkbku"}
{"type":"log","timestamp":1662628132125,"level":"info","message":"Starting rendering request 1 (user: null)","meta":{"rootId":"uqd3lvsmactebtg","id":"5hzriybrcxqufxv"},"id":"1z5m9qyrtiqhsb4","previousOperationId":"wgdy0975c6tkbku"}
{"type":"log","timestamp":1662628132126,"level":"info","message":"Rendering anonymous template { recipe: html, engine: handlebars }","meta":{"rootId":"uqd3lvsmactebtg","id":"5hzriybrcxqufxv"},"id":"boef6xq0hpujpon","previousOperationId":"wgdy0975c6tkbku"}
{"type":"log","timestamp":1662628132126,"level":"debug","message":"Inline data specified.","meta":{"rootId":"uqd3lvsmactebtg","id":"5hzriybrcxqufxv"},"id":"uxmy7gzwgunvo5s","previousOperationId":"wgdy0975c6tkbku"}
{"type":"log","timestamp":1662628132132,"level":"debug","message":"Base url not specified, skipping its injection.","meta":{"rootId":"uqd3lvsmactebtg","id":"5hzriybrcxqufxv"},"id":"dq5611w68zftwnl","previousOperationId":"wgdy0975c6tkbku"}
{"type":"log","timestamp":1662628132142,"level":"debug","message":"Replaced assets [\"./src/reporting/assets/logo.png\"]","meta":{"rootId":"uqd3lvsmactebtg","id":"5hzriybrcxqufxv"},"id":"wl3loe714ebp5yq","previousOperationId":"wgdy0975c6tkbku"}
{"type":"operationStart","subtype":"engine","name":"handlebars","timestamp":1662628132143,"id":"du4lg8hprv62px9","previousEventId":"vyvydjabrnilrq1","operationId":"3glqcm2oobt1ouw","previousOperationId":"wgdy0975c6tkbku"}
{"type":"log","timestamp":1662628132143,"level":"debug","message":"Rendering engine handlebars","meta":{"rootId":"uqd3lvsmactebtg","id":"5hzriybrcxqufxv"},"id":"09oapcb0vru2atv","previousOperationId":"3glqcm2oobt1ouw"}
{"type":"operationEnd","operationId":"3glqcm2oobt1ouw","timestamp":1662628132193,"id":"6q0x8k9hq147bm2","previousEventId":"du4lg8hprv62px9","previousOperationId":"3glqcm2oobt1ouw"}
{"type":"operationStart","subtype":"recipe","name":"html","timestamp":1662628132194,"id":"o880863xmwtdlwm","previousEventId":"6q0x8k9hq147bm2","operationId":"jxox9dmr4leubao","previousOperationId":"3glqcm2oobt1ouw"}
{"type":"log","timestamp":1662628132194,"level":"debug","message":"Executing recipe html","meta":{"rootId":"uqd3lvsmactebtg","id":"5hzriybrcxqufxv"},"id":"5w8ydmrsa83t0qv","previousOperationId":"jxox9dmr4leubao"}
{"type":"operationEnd","operationId":"jxox9dmr4leubao","timestamp":1662628132194,"id":"i62xsj9qp3wxm2g","previousEventId":"o880863xmwtdlwm","previousOperationId":"jxox9dmr4leubao"}
{"type":"log","timestamp":1662628132195,"level":"debug","message":"Skipping storing report.","meta":{"rootId":"uqd3lvsmactebtg","id":"5hzriybrcxqufxv"},"id":"i8kb0vxxabfr7tl","previousOperationId":"jxox9dmr4leubao"}
{"type":"log","timestamp":1662628132195,"level":"info","message":"Rendering request 1 finished in 1768 ms","meta":{"rootId":"uqd3lvsmactebtg","id":"5hzriybrcxqufxv"},"id":"baftvse28sxv2i1","previousOperationId":"jxox9dmr4leubao"}
{"type":"operationEnd","subtype":"render","operationId":"wgdy0975c6tkbku","timestamp":1662628132195,"id":"6phzyprogsgcg8b","previousEventId":"i62xsj9qp3wxm2g","previousOperationId":"jxox9dmr4leubao"}
{"type":"log","timestamp":1662628132196,"level":"debug","message":"Starting child request to render pdf footer","meta":{"rootId":"uqd3lvsmactebtg","id":"uqd3lvsmactebtg"},"id":"chp5lprly2n0tnd","previousOperationId":"496uljs7eyqdtc0"}
{"type":"operationStart","subtype":"render","name":"anonymous","previousOperationId":"496uljs7eyqdtc0","timestamp":1662628132196,"id":"1y5gw29g23hh8qv","previousEventId":"nqb9ogvskkabmra","operationId":"rkpegevwrrwlfl4"}
{"type":"log","timestamp":1662628132196,"level":"info","message":"Starting rendering request 1 (user: null)","meta":{"rootId":"uqd3lvsmactebtg","id":"9fpf88dvfswdlah"},"id":"aq2m5d5dyem1apv","previousOperationId":"rkpegevwrrwlfl4"}
{"type":"log","timestamp":1662628132196,"level":"info","message":"Rendering anonymous template { recipe: html, engine: handlebars }","meta":{"rootId":"uqd3lvsmactebtg","id":"9fpf88dvfswdlah"},"id":"2mciqwh00e43tij","previousOperationId":"rkpegevwrrwlfl4"}
{"type":"log","timestamp":1662628132196,"level":"debug","message":"Inline data specified.","meta":{"rootId":"uqd3lvsmactebtg","id":"9fpf88dvfswdlah"},"id":"3lz24wcwnj3d5br","previousOperationId":"rkpegevwrrwlfl4"}
{"type":"log","timestamp":1662628132199,"level":"debug","message":"Base url not specified, skipping its injection.","meta":{"rootId":"uqd3lvsmactebtg","id":"9fpf88dvfswdlah"},"id":"lhecgdhhaz05ahx","previousOperationId":"rkpegevwrrwlfl4"}
{"type":"operationStart","subtype":"engine","name":"handlebars","timestamp":1662628132200,"id":"wyesik50axmsq9w","previousEventId":"1y5gw29g23hh8qv","operationId":"8599r3p4ddn8i9h","previousOperationId":"rkpegevwrrwlfl4"}
{"type":"log","timestamp":1662628132201,"level":"debug","message":"Rendering engine handlebars","meta":{"rootId":"uqd3lvsmactebtg","id":"9fpf88dvfswdlah"},"id":"fdwwfy09u0suthq","previousOperationId":"8599r3p4ddn8i9h"}
{"type":"operationEnd","operationId":"8599r3p4ddn8i9h","timestamp":1662628132251,"id":"3wrc2yzvq30xr1y","previousEventId":"wyesik50axmsq9w","previousOperationId":"8599r3p4ddn8i9h"}
{"type":"operationStart","subtype":"recipe","name":"html","timestamp":1662628132252,"id":"4exodsbxqt4f6z7","previousEventId":"3wrc2yzvq30xr1y","operationId":"umqst18h1oefo5m","previousOperationId":"8599r3p4ddn8i9h"}
{"type":"log","timestamp":1662628132252,"level":"debug","message":"Executing recipe html","meta":{"rootId":"uqd3lvsmactebtg","id":"9fpf88dvfswdlah"},"id":"gchpmnmp4zm85lm","previousOperationId":"umqst18h1oefo5m"}
{"type":"operationEnd","operationId":"umqst18h1oefo5m","timestamp":1662628132252,"id":"2c6whurr2xqg9ji","previousEventId":"4exodsbxqt4f6z7","previousOperationId":"umqst18h1oefo5m"}
{"type":"log","timestamp":1662628132253,"level":"debug","message":"Skipping storing report.","meta":{"rootId":"uqd3lvsmactebtg","id":"9fpf88dvfswdlah"},"id":"mdamj40ize72biq","previousOperationId":"umqst18h1oefo5m"}
{"type":"log","timestamp":1662628132253,"level":"info","message":"Rendering request 1 finished in 1826 ms","meta":{"rootId":"uqd3lvsmactebtg","id":"9fpf88dvfswdlah"},"id":"n0fo408dlzlk8ou","previousOperationId":"umqst18h1oefo5m"}
{"type":"operationEnd","subtype":"render","operationId":"rkpegevwrrwlfl4","timestamp":1662628132253,"id":"hia2n63p2sa4xxg","previousEventId":"2c6whurr2xqg9ji","previousOperationId":"umqst18h1oefo5m"}
{"type":"log","timestamp":1662628133203,"level":"debug","message":"Converting with chrome HeadlessChrome/98.0.4758.0 using chrome-pool strategy","meta":{"rootId":"uqd3lvsmactebtg","id":"uqd3lvsmactebtg"},"id":"v4r9kmvk8ax2rri","previousOperationId":"496uljs7eyqdtc0"}
{"type":"log","timestamp":1662628134374,"level":"debug","message":"Page request: GET (document) file:///var/folders/8m/98z140gs3yzbw6jqmpbh8b8m0000gn/T/jsreport/autocleanup/8ade9c5d-4cf2-4011-b79c-8a6a04c063dd-chrome-pdf.html","meta":{"rootId":"uqd3lvsmactebtg","id":"uqd3lvsmactebtg"},"id":"n5ik8x7hhjirtfh","previousOperationId":"496uljs7eyqdtc0"}
{"type":"log","timestamp":1662628134422,"level":"debug","message":"Page request finished: GET (document) file:///var/folders/8m/98z140gs3yzbw6jqmpbh8b8m0000gn/T/jsreport/autocleanup/8ade9c5d-4cf2-4011-b79c-8a6a04c063dd-chrome-pdf.html","meta":{"rootId":"uqd3lvsmactebtg","id":"uqd3lvsmactebtg"},"id":"51b06uwiu9msgi4","previousOperationId":"496uljs7eyqdtc0"}
{"type":"log","timestamp":1662628134425,"level":"debug","message":"Page request: GET (stylesheet) https://fonts.googleapis.com/css2?family=Montserrat:wght@500&family=Open+Sans:wght@300&display=swap","meta":{"rootId":"uqd3lvsmactebtg","id":"uqd3lvsmactebtg"},"id":"vr6n37m3h8biyc9","previousOperationId":"496uljs7eyqdtc0"}
{"type":"log","timestamp":1662628134818,"level":"debug","message":"Page request finished: GET (stylesheet) 200 https://fonts.googleapis.com/css2?family=Montserrat:wght@500&family=Open+Sans:wght@300&display=swap","meta":{"rootId":"uqd3lvsmactebtg","id":"uqd3lvsmactebtg"},"id":"8n0eocbf8o9cat4","previousOperationId":"496uljs7eyqdtc0"}
{"type":"log","timestamp":1662628134855,"level":"debug","message":"Page request: GET (font) https://fonts.gstatic.com/s/opensans/v34/memSYaGs126MiZpBA-UvWbX2vVnXBbObj2OVZyOOSr4dVJWUgsiH0B4gaVQUwaEQbjA.woff","meta":{"rootId":"uqd3lvsmactebtg","id":"uqd3lvsmactebtg"},"id":"8i6xczbwhap9202","previousOperationId":"496uljs7eyqdtc0"}
{"type":"log","timestamp":1662628134864,"level":"debug","message":"Running chrome with params {\"scale\":1,\"displayHeaderFooter\":true,\"headerTemplate\":\"...\",\"footerTemplate\":\"...\",\"printBackground\":true,\"pageRanges\":\"\",\"format\":\"A4\",\"width\":\"\",\"height\":\"\",\"marginTop\":\"350px\",\"marginRight\":\"20px\",\"marginBottom\":\"80px\",\"marginLeft\":\"20px\",\"waitForJS\":false,\"waitForNetworkIddle\":false,\"timeout\":58174,\"waitForNetworkIdle\":false,\"margin\":{\"top\":\"350px\",\"right\":\"20px\",\"bottom\":\"80px\",\"left\":\"20px\"}}","meta":{"rootId":"uqd3lvsmactebtg","id":"uqd3lvsmactebtg"},"id":"qq68xmlpgzpuiai","previousOperationId":"496uljs7eyqdtc0"}
{"type":"log","timestamp":1662628134869,"level":"debug","message":"Page request: GET (font) https://fonts.gstatic.com/s/opensans/v34/memSYaGs126MiZpBA-UvWbX2vVnXBbObj2OVZyOOSr4dVJWUgsiH0B4gaVQUwaEQbjA.woff","meta":{"rootId":"uqd3lvsmactebtg","id":"uqd3lvsmactebtg"},"id":"bijaoef0jlxmjlw","previousOperationId":"496uljs7eyqdtc0"}
{"type":"operationEnd","operationId":"496uljs7eyqdtc0","timestamp":1662628135154,"id":"q2nh5adlbo4llz3","previousEventId":"nqb9ogvskkabmra","previousOperationId":"496uljs7eyqdtc0"}
{"type":"log","timestamp":1662628135155,"level":"debug","message":"Skipping storing report.","meta":{"rootId":"uqd3lvsmactebtg","id":"uqd3lvsmactebtg"},"id":"dc2t5u4liky0kml","previousOperationId":"496uljs7eyqdtc0"}
{"type":"log","timestamp":1662628135155,"level":"info","message":"Rendering request 1 finished in 4728 ms","meta":{"rootId":"uqd3lvsmactebtg","id":"uqd3lvsmactebtg"},"id":"lo23mflq5m668jp","previousOperationId":"496uljs7eyqdtc0"}
{"type":"operationEnd","subtype":"render","operationId":"rrs2dhsgqoeesul","timestamp":1662628135155,"id":"dat9a7ztpqqpykf","previousEventId":"q2nh5adlbo4llz3","previousOperationId":"496uljs7eyqdtc0"}
{"type":"operationEnd","doDiffs":false,"previousEventId":"06m5zs6q9rr2etq","previousOperationId":"9kuzrr4xji7wa5c","operationId":"9kuzrr4xji7wa5c","timestamp":1662628135163,"id":"qxc09uyvceygad8"}
