{"type":"operationStart","subtype":"profile","data":{"_id":"G40859B0eniMTtTS","timestamp":"2023-05-23T19:42:42.578Z","state":"queued","mode":"standard","creationDate":"2023-05-23T19:42:42.582Z","modificationDate":"2023-05-23T19:42:42.582Z","shortid":"MkdpmNe","$entitySet":"profiles"},"doDiffs":false,"timestamp":1684870962580,"id":"jnjavpvf25tq02g","previousOperationId":null,"operationId":"64n25oofcw5gw1r"}
{"type":"log","level":"info","message":"Render request 1 queued for execution and waiting for available worker","previousOperationId":"64n25oofcw5gw1r","timestamp":1684870962580,"id":"ga0pkty9rvr30wc"}
{"type":"operationStart","subtype":"render","name":"anonymous","previousOperationId":"64n25oofcw5gw1r","timestamp":1684870962605,"id":"zlxsokojyxpwzeu","previousEventId":"jnjavpvf25tq02g","operationId":"iu2kzl0yvk95y7p"}
{"type":"log","timestamp":1684870962609,"level":"info","message":"Starting rendering request 1","meta":{"rootId":"uv98igmju7hgjm5","id":"uv98igmju7hgjm5"},"id":"thkoawxbhlk8xg3","previousOperationId":"iu2kzl0yvk95y7p"}
{"type":"log","timestamp":1684870962613,"level":"info","message":"Rendering anonymous template { recipe: chrome-pdf, engine: handlebars }","meta":{"rootId":"uv98igmju7hgjm5","id":"uv98igmju7hgjm5"},"id":"571xlhoakbjlszo","previousOperationId":"iu2kzl0yvk95y7p"}
{"type":"log","timestamp":1684870962614,"level":"debug","message":"Inline data specified.","meta":{"rootId":"uv98igmju7hgjm5","id":"uv98igmju7hgjm5"},"id":"k8p91v1zhdcs23t","previousOperationId":"iu2kzl0yvk95y7p"}
{"type":"log","timestamp":1684870962618,"level":"debug","message":"Base url not specified, skipping its injection.","meta":{"rootId":"uv98igmju7hgjm5","id":"uv98igmju7hgjm5"},"id":"llnp23muknzmalz","previousOperationId":"iu2kzl0yvk95y7p"}
{"type":"operationStart","subtype":"engine","name":"handlebars","timestamp":1684870962620,"id":"yg7yclyn0fzccqo","previousEventId":"zlxsokojyxpwzeu","operationId":"u5k0l1n9tntbfks","previousOperationId":"iu2kzl0yvk95y7p"}
{"type":"log","timestamp":1684870962620,"level":"debug","message":"Rendering engine handlebars","meta":{"rootId":"uv98igmju7hgjm5","id":"uv98igmju7hgjm5"},"id":"l9dadruif04x1k8","previousOperationId":"u5k0l1n9tntbfks"}
{"type":"operationEnd","operationId":"u5k0l1n9tntbfks","timestamp":1684870963813,"id":"3jq90r5pot8um7r","previousEventId":"yg7yclyn0fzccqo","previousOperationId":"u5k0l1n9tntbfks"}
{"type":"operationStart","subtype":"recipe","name":"chrome-pdf","timestamp":1684870963819,"id":"ngq6l0o7v61zgru","previousEventId":"3jq90r5pot8um7r","operationId":"324vw1akb388pwg","previousOperationId":"u5k0l1n9tntbfks"}
{"type":"log","timestamp":1684870963819,"level":"debug","message":"Executing recipe chrome-pdf","meta":{"rootId":"uv98igmju7hgjm5","id":"uv98igmju7hgjm5"},"id":"rf1y6qy2vv5kjx0","previousOperationId":"324vw1akb388pwg"}
{"type":"log","timestamp":1684870964129,"level":"debug","message":"Starting child request to render pdf header","meta":{"rootId":"uv98igmju7hgjm5","id":"uv98igmju7hgjm5"},"id":"8vlb2k2te0kbu5d","previousOperationId":"324vw1akb388pwg"}
{"type":"operationStart","subtype":"render","name":"anonymous","previousOperationId":"324vw1akb388pwg","timestamp":1684870964130,"id":"tnknt6z4ghdiorm","previousEventId":"ngq6l0o7v61zgru","operationId":"c3ga8n80b8cl0ol"}
{"type":"log","timestamp":1684870964130,"level":"info","message":"Starting rendering (child) request","meta":{"rootId":"uv98igmju7hgjm5","id":"sb8vwswtsfpysrp"},"id":"ff7nkvzqleix5ms","previousOperationId":"c3ga8n80b8cl0ol"}
{"type":"log","timestamp":1684870964131,"level":"info","message":"Rendering anonymous template { recipe: html, engine: handlebars }","meta":{"rootId":"uv98igmju7hgjm5","id":"sb8vwswtsfpysrp"},"id":"15qct5ss7428tbm","previousOperationId":"c3ga8n80b8cl0ol"}
{"type":"log","timestamp":1684870964131,"level":"debug","message":"Inline data specified.","meta":{"rootId":"uv98igmju7hgjm5","id":"sb8vwswtsfpysrp"},"id":"emxd1xv9c2tv6u2","previousOperationId":"c3ga8n80b8cl0ol"}
{"type":"log","timestamp":1684870964134,"level":"debug","message":"Base url not specified, skipping its injection.","meta":{"rootId":"uv98igmju7hgjm5","id":"sb8vwswtsfpysrp"},"id":"me71prj7alynyhk","previousOperationId":"c3ga8n80b8cl0ol"}
{"type":"log","timestamp":1684870964148,"level":"debug","message":"Replaced assets [\"./src/reporting/assets/logo.png\"]","meta":{"rootId":"uv98igmju7hgjm5","id":"sb8vwswtsfpysrp"},"id":"ued0wcrgys24xc9","previousOperationId":"c3ga8n80b8cl0ol"}
{"type":"operationStart","subtype":"engine","name":"handlebars","timestamp":1684870964148,"id":"gjjmmlra254w13e","previousEventId":"tnknt6z4ghdiorm","operationId":"l1sw0vgecbhumhp","previousOperationId":"c3ga8n80b8cl0ol"}
{"type":"log","timestamp":1684870964148,"level":"debug","message":"Rendering engine handlebars","meta":{"rootId":"uv98igmju7hgjm5","id":"sb8vwswtsfpysrp"},"id":"jqf6d4f372jrt5o","previousOperationId":"l1sw0vgecbhumhp"}
{"type":"operationEnd","operationId":"l1sw0vgecbhumhp","timestamp":1684870964174,"id":"7x2ctxmf9znic3w","previousEventId":"gjjmmlra254w13e","previousOperationId":"l1sw0vgecbhumhp"}
{"type":"operationStart","subtype":"recipe","name":"html","timestamp":1684870964175,"id":"mfbwxr9ssvrad0t","previousEventId":"7x2ctxmf9znic3w","operationId":"17eddqmel6jzjhn","previousOperationId":"l1sw0vgecbhumhp"}
{"type":"log","timestamp":1684870964175,"level":"debug","message":"Executing recipe html","meta":{"rootId":"uv98igmju7hgjm5","id":"sb8vwswtsfpysrp"},"id":"hqrscaq4hsy6vcx","previousOperationId":"17eddqmel6jzjhn"}
{"type":"operationEnd","operationId":"17eddqmel6jzjhn","timestamp":1684870964175,"id":"ko5w9b647go8r4v","previousEventId":"mfbwxr9ssvrad0t","previousOperationId":"17eddqmel6jzjhn"}
{"type":"log","timestamp":1684870964176,"level":"debug","message":"Skipping storing report.","meta":{"rootId":"uv98igmju7hgjm5","id":"sb8vwswtsfpysrp"},"id":"52cmsdxqte0ms0w","previousOperationId":"17eddqmel6jzjhn"}
{"type":"log","timestamp":1684870964177,"level":"info","message":"Rendering (child) request finished in 1601 ms","meta":{"rootId":"uv98igmju7hgjm5","id":"sb8vwswtsfpysrp"},"id":"kmugu21muq61na6","previousOperationId":"17eddqmel6jzjhn"}
{"type":"operationEnd","subtype":"render","operationId":"c3ga8n80b8cl0ol","timestamp":1684870964177,"id":"t5q104ppyuo325s","previousEventId":"ko5w9b647go8r4v","previousOperationId":"17eddqmel6jzjhn"}
{"type":"log","timestamp":1684870964178,"level":"debug","message":"Starting child request to render pdf footer","meta":{"rootId":"uv98igmju7hgjm5","id":"uv98igmju7hgjm5"},"id":"b4r7zpl5kz4833z","previousOperationId":"324vw1akb388pwg"}
{"type":"operationStart","subtype":"render","name":"anonymous","previousOperationId":"324vw1akb388pwg","timestamp":1684870964178,"id":"ycjme310zbwd9p3","previousEventId":"ngq6l0o7v61zgru","operationId":"b94ylwck31jj307"}
{"type":"log","timestamp":1684870964179,"level":"info","message":"Starting rendering (child) request","meta":{"rootId":"uv98igmju7hgjm5","id":"rfxhfuglgnhdcf5"},"id":"sk5xjj25s9w4giw","previousOperationId":"b94ylwck31jj307"}
{"type":"log","timestamp":1684870964180,"level":"info","message":"Rendering anonymous template { recipe: html, engine: handlebars }","meta":{"rootId":"uv98igmju7hgjm5","id":"rfxhfuglgnhdcf5"},"id":"gy1a7anpt6j2at0","previousOperationId":"b94ylwck31jj307"}
{"type":"log","timestamp":1684870964180,"level":"debug","message":"Inline data specified.","meta":{"rootId":"uv98igmju7hgjm5","id":"rfxhfuglgnhdcf5"},"id":"wa6z0oe8l681vdq","previousOperationId":"b94ylwck31jj307"}
{"type":"log","timestamp":1684870964183,"level":"debug","message":"Base url not specified, skipping its injection.","meta":{"rootId":"uv98igmju7hgjm5","id":"rfxhfuglgnhdcf5"},"id":"t62ux5l410urydm","previousOperationId":"b94ylwck31jj307"}
{"type":"operationStart","subtype":"engine","name":"handlebars","timestamp":1684870964183,"id":"j7lvemn4fw1365q","previousEventId":"ycjme310zbwd9p3","operationId":"fqkijta11cs0u1y","previousOperationId":"b94ylwck31jj307"}
{"type":"log","timestamp":1684870964183,"level":"debug","message":"Rendering engine handlebars","meta":{"rootId":"uv98igmju7hgjm5","id":"rfxhfuglgnhdcf5"},"id":"4cgtva7zdv0qykm","previousOperationId":"fqkijta11cs0u1y"}
{"type":"operationEnd","operationId":"fqkijta11cs0u1y","timestamp":1684870964209,"id":"dwy3216jiaahs3m","previousEventId":"j7lvemn4fw1365q","previousOperationId":"fqkijta11cs0u1y"}
{"type":"operationStart","subtype":"recipe","name":"html","timestamp":1684870964210,"id":"dsob4cyn9krx2ts","previousEventId":"dwy3216jiaahs3m","operationId":"099rwy8t43gdn33","previousOperationId":"fqkijta11cs0u1y"}
{"type":"log","timestamp":1684870964210,"level":"debug","message":"Executing recipe html","meta":{"rootId":"uv98igmju7hgjm5","id":"rfxhfuglgnhdcf5"},"id":"n8zinuynb7oowas","previousOperationId":"099rwy8t43gdn33"}
{"type":"operationEnd","operationId":"099rwy8t43gdn33","timestamp":1684870964210,"id":"f2in757h27t2ifv","previousEventId":"dsob4cyn9krx2ts","previousOperationId":"099rwy8t43gdn33"}
{"type":"log","timestamp":1684870964211,"level":"debug","message":"Skipping storing report.","meta":{"rootId":"uv98igmju7hgjm5","id":"rfxhfuglgnhdcf5"},"id":"njyubreezj8lkdb","previousOperationId":"099rwy8t43gdn33"}
{"type":"log","timestamp":1684870964211,"level":"info","message":"Rendering (child) request finished in 1635 ms","meta":{"rootId":"uv98igmju7hgjm5","id":"rfxhfuglgnhdcf5"},"id":"3lw6p51s2cvlpsu","previousOperationId":"099rwy8t43gdn33"}
{"type":"operationEnd","subtype":"render","operationId":"b94ylwck31jj307","timestamp":1684870964211,"id":"e40ybkgx6ruqru7","previousEventId":"f2in757h27t2ifv","previousOperationId":"099rwy8t43gdn33"}
{"type":"log","timestamp":1684870966432,"level":"debug","message":"Converting with chrome HeadlessChrome/105.0.5173.0 using chrome-pool strategy","meta":{"rootId":"uv98igmju7hgjm5","id":"uv98igmju7hgjm5"},"id":"r46i29wyefdp7wo","previousOperationId":"324vw1akb388pwg"}
{"type":"log","timestamp":1684870966829,"level":"debug","message":"Page request: GET (document) file:///C:/Users/ADMINI~1/AppData/Local/Temp/jsreport/autocleanup/5f8d5d5c-c284-4f78-8ba9-af17d63ee3c5-chrome-pdf.html","meta":{"rootId":"uv98igmju7hgjm5","id":"uv98igmju7hgjm5"},"id":"4p0t7sbxhbf0ubf","previousOperationId":"324vw1akb388pwg"}
{"type":"log","timestamp":1684870966853,"level":"debug","message":"Page request finished: GET (document) 200 file:///C:/Users/ADMINI~1/AppData/Local/Temp/jsreport/autocleanup/5f8d5d5c-c284-4f78-8ba9-af17d63ee3c5-chrome-pdf.html","meta":{"rootId":"uv98igmju7hgjm5","id":"uv98igmju7hgjm5"},"id":"f04savx6h1w9hae","previousOperationId":"324vw1akb388pwg"}
{"type":"log","timestamp":1684870966854,"level":"debug","message":"Page request: GET (stylesheet) https://fonts.googleapis.com/css2?family=Montserrat:wght@500&family=Open+Sans:wght@300&display=swap","meta":{"rootId":"uv98igmju7hgjm5","id":"uv98igmju7hgjm5"},"id":"abxn7xee7r50j1n","previousOperationId":"324vw1akb388pwg"}
{"type":"log","timestamp":1684870967107,"level":"debug","message":"Page request finished: GET (stylesheet) 200 https://fonts.googleapis.com/css2?family=Montserrat:wght@500&family=Open+Sans:wght@300&display=swap","meta":{"rootId":"uv98igmju7hgjm5","id":"uv98igmju7hgjm5"},"id":"lxkkd6x68laz4mj","previousOperationId":"324vw1akb388pwg"}
{"type":"log","timestamp":1684870967164,"level":"debug","message":"Page request: GET (font) https://fonts.gstatic.com/s/opensans/v35/memSYaGs126MiZpBA-UvWbX2vVnXBbObj2OVZyOOSr4dVJWUgsiH0B4gaVI.woff2","meta":{"rootId":"uv98igmju7hgjm5","id":"uv98igmju7hgjm5"},"id":"judhzdu876cc1c5","previousOperationId":"324vw1akb388pwg"}
{"type":"log","timestamp":1684870967176,"level":"debug","message":"Page request: GET (font) https://fonts.gstatic.com/s/opensans/v35/memSYaGs126MiZpBA-UvWbX2vVnXBbObj2OVZyOOSr4dVJWUgsiH0B4gaVI.woff2","meta":{"rootId":"uv98igmju7hgjm5","id":"uv98igmju7hgjm5"},"id":"83cedezqodevf8c","previousOperationId":"324vw1akb388pwg"}
{"type":"log","timestamp":1684870967524,"level":"debug","message":"Page request finished: GET (font) 200 https://fonts.gstatic.com/s/opensans/v35/memSYaGs126MiZpBA-UvWbX2vVnXBbObj2OVZyOOSr4dVJWUgsiH0B4gaVI.woff2","meta":{"rootId":"uv98igmju7hgjm5","id":"uv98igmju7hgjm5"},"id":"t574b3raxfsesvn","previousOperationId":"324vw1akb388pwg"}
{"type":"log","timestamp":1684870967575,"level":"debug","message":"Running chrome with params {\"scale\":1,\"displayHeaderFooter\":true,\"headerTemplate\":\"...\",\"footerTemplate\":\"...\",\"printBackground\":true,\"pageRanges\":\"\",\"format\":\"A4\",\"width\":\"\",\"height\":\"\",\"marginTop\":\"470px\",\"marginRight\":\"20px\",\"marginBottom\":\"80px\",\"marginLeft\":\"20px\",\"waitForJS\":false,\"waitForNetworkIddle\":false,\"timeout\":58364,\"waitForNetworkIdle\":false,\"margin\":{\"top\":\"470px\",\"right\":\"20px\",\"bottom\":\"80px\",\"left\":\"20px\"}}","meta":{"rootId":"uv98igmju7hgjm5","id":"uv98igmju7hgjm5"},"id":"t6rmtz55nisavnp","previousOperationId":"324vw1akb388pwg"}
{"type":"operationEnd","operationId":"324vw1akb388pwg","timestamp":1684870968647,"id":"li0k6ngjse3k7pf","previousEventId":"ngq6l0o7v61zgru","previousOperationId":"324vw1akb388pwg"}
{"type":"log","timestamp":1684870968647,"level":"debug","message":"Skipping storing report.","meta":{"rootId":"uv98igmju7hgjm5","id":"uv98igmju7hgjm5"},"id":"9kx9biypg18pof7","previousOperationId":"324vw1akb388pwg"}
{"type":"log","timestamp":1684870968648,"level":"info","message":"Rendering request 1 finished in 6072 ms","meta":{"rootId":"uv98igmju7hgjm5","id":"uv98igmju7hgjm5"},"id":"yhqqfk4hogeemcz","previousOperationId":"324vw1akb388pwg"}
{"type":"operationEnd","subtype":"render","operationId":"iu2kzl0yvk95y7p","timestamp":1684870968648,"id":"ejkwnmw1lbqywh4","previousEventId":"li0k6ngjse3k7pf","previousOperationId":"324vw1akb388pwg"}
{"type":"operationEnd","doDiffs":false,"previousEventId":"jnjavpvf25tq02g","previousOperationId":"64n25oofcw5gw1r","operationId":"64n25oofcw5gw1r","timestamp":1684870968661,"id":"h71krybw5wzpokj"}
