{"type":"operationStart","subtype":"profile","data":{"_id":"3dWQOfzPeepOvpeA","timestamp":"2023-01-28T15:32:14.533Z","state":"queued","mode":"standard","creationDate":"2023-01-28T15:32:14.551Z","modificationDate":"2023-01-28T15:32:14.551Z","shortid":"9EBdJwZ","$entitySet":"profiles"},"doDiffs":false,"timestamp":1674919934550,"id":"2wbggs9vrptrk0z","previousOperationId":null,"operationId":"buy9nfx45wekhgj"}
{"type":"log","level":"info","message":"Render request 2 queued for execution and waiting for available worker","previousOperationId":"buy9nfx45wekhgj","timestamp":1674919934550,"id":"uvjijncflzw1ovm"}
{"type":"operationStart","subtype":"render","name":"anonymous","previousOperationId":"buy9nfx45wekhgj","timestamp":1674919934567,"id":"z7s1s8kd3x8f68o","previousEventId":"2wbggs9vrptrk0z","operationId":"88jd2ptkq2vsvzi"}
{"type":"log","timestamp":1674919934569,"level":"info","message":"Starting rendering request 2 (user: null)","meta":{"rootId":"vn1i4vry8xz655n","id":"vn1i4vry8xz655n"},"id":"3tnbgorla48qrtc","previousOperationId":"88jd2ptkq2vsvzi"}
{"type":"log","timestamp":1674919934572,"level":"info","message":"Rendering anonymous template { recipe: chrome-pdf, engine: handlebars }","meta":{"rootId":"vn1i4vry8xz655n","id":"vn1i4vry8xz655n"},"id":"7yu1cna7tubowkj","previousOperationId":"88jd2ptkq2vsvzi"}
{"type":"log","timestamp":1674919934572,"level":"debug","message":"Inline data specified.","meta":{"rootId":"vn1i4vry8xz655n","id":"vn1i4vry8xz655n"},"id":"qfejp3coqjk257e","previousOperationId":"88jd2ptkq2vsvzi"}
{"type":"log","timestamp":1674919934576,"level":"debug","message":"Base url not specified, skipping its injection.","meta":{"rootId":"vn1i4vry8xz655n","id":"vn1i4vry8xz655n"},"id":"xu6b6ru91sxvp64","previousOperationId":"88jd2ptkq2vsvzi"}
{"type":"operationStart","subtype":"engine","name":"handlebars","timestamp":1674919934579,"id":"gnk683eojdssl75","previousEventId":"z7s1s8kd3x8f68o","operationId":"gbno5nmi3l8c6m4","previousOperationId":"88jd2ptkq2vsvzi"}
{"type":"log","timestamp":1674919934579,"level":"debug","message":"Rendering engine handlebars","meta":{"rootId":"vn1i4vry8xz655n","id":"vn1i4vry8xz655n"},"id":"lij8v4aszo6rt6b","previousOperationId":"gbno5nmi3l8c6m4"}
{"type":"operationEnd","operationId":"gbno5nmi3l8c6m4","timestamp":1674919935792,"id":"jnbdjdam10y1urz","previousEventId":"gnk683eojdssl75","previousOperationId":"gbno5nmi3l8c6m4"}
{"type":"operationStart","subtype":"recipe","name":"chrome-pdf","timestamp":1674919935794,"id":"ny5lo1flevxgsz6","previousEventId":"jnbdjdam10y1urz","operationId":"fianchh5sfcut7l","previousOperationId":"gbno5nmi3l8c6m4"}
{"type":"log","timestamp":1674919935794,"level":"debug","message":"Executing recipe chrome-pdf","meta":{"rootId":"vn1i4vry8xz655n","id":"vn1i4vry8xz655n"},"id":"tmuvc25k1tcemms","previousOperationId":"fianchh5sfcut7l"}
{"type":"log","timestamp":1674919936014,"level":"debug","message":"Starting child request to render pdf header","meta":{"rootId":"vn1i4vry8xz655n","id":"vn1i4vry8xz655n"},"id":"ni9ynvy55eve9n6","previousOperationId":"fianchh5sfcut7l"}
{"type":"operationStart","subtype":"render","name":"anonymous","previousOperationId":"fianchh5sfcut7l","timestamp":1674919936015,"id":"rti9ipjfnuyw078","previousEventId":"ny5lo1flevxgsz6","operationId":"2egr4hki80aw59n"}
{"type":"log","timestamp":1674919936015,"level":"info","message":"Starting rendering request 2 (user: null)","meta":{"rootId":"vn1i4vry8xz655n","id":"ho8p8mq3mz2b19t"},"id":"yxrszhkulopsl4f","previousOperationId":"2egr4hki80aw59n"}
{"type":"log","timestamp":1674919936015,"level":"info","message":"Rendering anonymous template { recipe: html, engine: handlebars }","meta":{"rootId":"vn1i4vry8xz655n","id":"ho8p8mq3mz2b19t"},"id":"c9ptjv4hjopsmpd","previousOperationId":"2egr4hki80aw59n"}
{"type":"log","timestamp":1674919936015,"level":"debug","message":"Inline data specified.","meta":{"rootId":"vn1i4vry8xz655n","id":"ho8p8mq3mz2b19t"},"id":"wdgrwczesrz7b8l","previousOperationId":"2egr4hki80aw59n"}
{"type":"log","timestamp":1674919936018,"level":"debug","message":"Base url not specified, skipping its injection.","meta":{"rootId":"vn1i4vry8xz655n","id":"ho8p8mq3mz2b19t"},"id":"9p3d8cbr2acglzq","previousOperationId":"2egr4hki80aw59n"}
{"type":"log","timestamp":1674919936024,"level":"debug","message":"Replaced assets [\"./src/reporting/assets/logo.png\"]","meta":{"rootId":"vn1i4vry8xz655n","id":"ho8p8mq3mz2b19t"},"id":"dzinp0dpleor14r","previousOperationId":"2egr4hki80aw59n"}
{"type":"operationStart","subtype":"engine","name":"handlebars","timestamp":1674919936024,"id":"oc1k95lbdkw4oi3","previousEventId":"rti9ipjfnuyw078","operationId":"1ffx2kjolwqrzp7","previousOperationId":"2egr4hki80aw59n"}
{"type":"log","timestamp":1674919936024,"level":"debug","message":"Rendering engine handlebars","meta":{"rootId":"vn1i4vry8xz655n","id":"ho8p8mq3mz2b19t"},"id":"52lz2iy1yh2wqcl","previousOperationId":"1ffx2kjolwqrzp7"}
{"type":"operationEnd","operationId":"1ffx2kjolwqrzp7","timestamp":1674919936043,"id":"892fbsbjjw5hnf3","previousEventId":"oc1k95lbdkw4oi3","previousOperationId":"1ffx2kjolwqrzp7"}
{"type":"operationStart","subtype":"recipe","name":"html","timestamp":1674919936043,"id":"tnq152dgdrwgj5h","previousEventId":"892fbsbjjw5hnf3","operationId":"1i39nt8mff34y4d","previousOperationId":"1ffx2kjolwqrzp7"}
{"type":"log","timestamp":1674919936043,"level":"debug","message":"Executing recipe html","meta":{"rootId":"vn1i4vry8xz655n","id":"ho8p8mq3mz2b19t"},"id":"6r1fuou5fbh7az6","previousOperationId":"1i39nt8mff34y4d"}
{"type":"operationEnd","operationId":"1i39nt8mff34y4d","timestamp":1674919936044,"id":"apbfwz1st7wef6u","previousEventId":"tnq152dgdrwgj5h","previousOperationId":"1i39nt8mff34y4d"}
{"type":"log","timestamp":1674919936044,"level":"debug","message":"Skipping storing report.","meta":{"rootId":"vn1i4vry8xz655n","id":"ho8p8mq3mz2b19t"},"id":"bwk7xl59e1pa0qr","previousOperationId":"1i39nt8mff34y4d"}
{"type":"log","timestamp":1674919936045,"level":"info","message":"Rendering request 2 finished in 1513 ms","meta":{"rootId":"vn1i4vry8xz655n","id":"ho8p8mq3mz2b19t"},"id":"kh8ee2tukcmr2wk","previousOperationId":"1i39nt8mff34y4d"}
{"type":"operationEnd","subtype":"render","operationId":"2egr4hki80aw59n","timestamp":1674919936045,"id":"t5wd9524d8s1xdb","previousEventId":"apbfwz1st7wef6u","previousOperationId":"1i39nt8mff34y4d"}
{"type":"log","timestamp":1674919936045,"level":"debug","message":"Starting child request to render pdf footer","meta":{"rootId":"vn1i4vry8xz655n","id":"vn1i4vry8xz655n"},"id":"c3bdge1b0wosh77","previousOperationId":"fianchh5sfcut7l"}
{"type":"operationStart","subtype":"render","name":"anonymous","previousOperationId":"fianchh5sfcut7l","timestamp":1674919936046,"id":"ld7fwn1t2xe6j43","previousEventId":"ny5lo1flevxgsz6","operationId":"ddg97l35svirka3"}
{"type":"log","timestamp":1674919936046,"level":"info","message":"Starting rendering request 2 (user: null)","meta":{"rootId":"vn1i4vry8xz655n","id":"oivnxj27dst01n5"},"id":"58sd1tynjsp62iv","previousOperationId":"ddg97l35svirka3"}
{"type":"log","timestamp":1674919936046,"level":"info","message":"Rendering anonymous template { recipe: html, engine: handlebars }","meta":{"rootId":"vn1i4vry8xz655n","id":"oivnxj27dst01n5"},"id":"nghawx5ttw9aqjg","previousOperationId":"ddg97l35svirka3"}
{"type":"log","timestamp":1674919936046,"level":"debug","message":"Inline data specified.","meta":{"rootId":"vn1i4vry8xz655n","id":"oivnxj27dst01n5"},"id":"z6p2gwla60yj5uq","previousOperationId":"ddg97l35svirka3"}
{"type":"log","timestamp":1674919936047,"level":"debug","message":"Base url not specified, skipping its injection.","meta":{"rootId":"vn1i4vry8xz655n","id":"oivnxj27dst01n5"},"id":"4qfsbf4b0x0ts3j","previousOperationId":"ddg97l35svirka3"}
{"type":"operationStart","subtype":"engine","name":"handlebars","timestamp":1674919936048,"id":"003r202s8c7mwqz","previousEventId":"ld7fwn1t2xe6j43","operationId":"uuq94tm95rbqn7n","previousOperationId":"ddg97l35svirka3"}
{"type":"log","timestamp":1674919936048,"level":"debug","message":"Rendering engine handlebars","meta":{"rootId":"vn1i4vry8xz655n","id":"oivnxj27dst01n5"},"id":"wptshcf8ekfakjz","previousOperationId":"uuq94tm95rbqn7n"}
{"type":"operationEnd","operationId":"uuq94tm95rbqn7n","timestamp":1674919936064,"id":"9w05owmjw0dv5ns","previousEventId":"003r202s8c7mwqz","previousOperationId":"uuq94tm95rbqn7n"}
{"type":"operationStart","subtype":"recipe","name":"html","timestamp":1674919936064,"id":"8klfarpp2eidxtf","previousEventId":"9w05owmjw0dv5ns","operationId":"dfzbusp6bko7lzd","previousOperationId":"uuq94tm95rbqn7n"}
{"type":"log","timestamp":1674919936064,"level":"debug","message":"Executing recipe html","meta":{"rootId":"vn1i4vry8xz655n","id":"oivnxj27dst01n5"},"id":"zzgavi856c0j488","previousOperationId":"dfzbusp6bko7lzd"}
{"type":"operationEnd","operationId":"dfzbusp6bko7lzd","timestamp":1674919936064,"id":"qwyr8e6b81xgcf2","previousEventId":"8klfarpp2eidxtf","previousOperationId":"dfzbusp6bko7lzd"}
{"type":"log","timestamp":1674919936065,"level":"debug","message":"Skipping storing report.","meta":{"rootId":"vn1i4vry8xz655n","id":"oivnxj27dst01n5"},"id":"wa4n0zntmjixczf","previousOperationId":"dfzbusp6bko7lzd"}
{"type":"log","timestamp":1674919936065,"level":"info","message":"Rendering request 2 finished in 1533 ms","meta":{"rootId":"vn1i4vry8xz655n","id":"oivnxj27dst01n5"},"id":"ikybnpvtmzokwtm","previousOperationId":"dfzbusp6bko7lzd"}
{"type":"operationEnd","subtype":"render","operationId":"ddg97l35svirka3","timestamp":1674919936065,"id":"e94hs2asy2jw4mm","previousEventId":"qwyr8e6b81xgcf2","previousOperationId":"dfzbusp6bko7lzd"}
{"type":"log","timestamp":1674919936338,"level":"debug","message":"Converting with chrome HeadlessChrome/98.0.4758.0 using chrome-pool strategy","meta":{"rootId":"vn1i4vry8xz655n","id":"vn1i4vry8xz655n"},"id":"20qhknim4i16b9x","previousOperationId":"fianchh5sfcut7l"}
{"type":"log","timestamp":1674919936601,"level":"debug","message":"Page request: GET (document) file:///C:/Users/ADMINI~1/AppData/Local/Temp/jsreport/autocleanup/8a5b80bf-8dc9-453b-9394-89b4d21c911a-chrome-pdf.html","meta":{"rootId":"vn1i4vry8xz655n","id":"vn1i4vry8xz655n"},"id":"9895p5m9ackag1b","previousOperationId":"fianchh5sfcut7l"}
{"type":"log","timestamp":1674919936616,"level":"debug","message":"Page request finished: GET (document) file:///C:/Users/ADMINI~1/AppData/Local/Temp/jsreport/autocleanup/8a5b80bf-8dc9-453b-9394-89b4d21c911a-chrome-pdf.html","meta":{"rootId":"vn1i4vry8xz655n","id":"vn1i4vry8xz655n"},"id":"k8gtweiiwx8nvum","previousOperationId":"fianchh5sfcut7l"}
{"type":"log","timestamp":1674919936622,"level":"debug","message":"Page request: GET (stylesheet) https://fonts.googleapis.com/css2?family=Montserrat:wght@500&family=Open+Sans:wght@300&display=swap","meta":{"rootId":"vn1i4vry8xz655n","id":"vn1i4vry8xz655n"},"id":"ygyqjqsh29746lo","previousOperationId":"fianchh5sfcut7l"}
{"type":"log","timestamp":1674919936861,"level":"debug","message":"Page request finished: GET (stylesheet) 200 https://fonts.googleapis.com/css2?family=Montserrat:wght@500&family=Open+Sans:wght@300&display=swap","meta":{"rootId":"vn1i4vry8xz655n","id":"vn1i4vry8xz655n"},"id":"63ddgvg0sd42ubp","previousOperationId":"fianchh5sfcut7l"}
{"type":"log","timestamp":1674919936936,"level":"debug","message":"Page request: GET (font) https://fonts.gstatic.com/s/opensans/v34/memSYaGs126MiZpBA-UvWbX2vVnXBbObj2OVZyOOSr4dVJWUgsiH0B4gaVI.woff2","meta":{"rootId":"vn1i4vry8xz655n","id":"vn1i4vry8xz655n"},"id":"ytsd2shcz16t7f4","previousOperationId":"fianchh5sfcut7l"}
{"type":"log","timestamp":1674919936943,"level":"debug","message":"Page request: GET (font) https://fonts.gstatic.com/s/opensans/v34/memSYaGs126MiZpBA-UvWbX2vVnXBbObj2OVZyOOSr4dVJWUgsiH0B4gaVI.woff2","meta":{"rootId":"vn1i4vry8xz655n","id":"vn1i4vry8xz655n"},"id":"kxsqsinl40ok4wv","previousOperationId":"fianchh5sfcut7l"}
{"type":"log","timestamp":1674919937193,"level":"debug","message":"Page request finished: GET (font) 200 https://fonts.gstatic.com/s/opensans/v34/memSYaGs126MiZpBA-UvWbX2vVnXBbObj2OVZyOOSr4dVJWUgsiH0B4gaVI.woff2","meta":{"rootId":"vn1i4vry8xz655n","id":"vn1i4vry8xz655n"},"id":"por0hhnnla4ozlc","previousOperationId":"fianchh5sfcut7l"}
{"type":"log","timestamp":1674919937232,"level":"debug","message":"Running chrome with params {\"scale\":1,\"displayHeaderFooter\":true,\"headerTemplate\":\"...\",\"footerTemplate\":\"...\",\"printBackground\":true,\"pageRanges\":\"\",\"format\":\"A4\",\"width\":\"\",\"height\":\"\",\"marginTop\":\"350px\",\"marginRight\":\"20px\",\"marginBottom\":\"80px\",\"marginLeft\":\"20px\",\"waitForJS\":false,\"waitForNetworkIddle\":false,\"timeout\":58467,\"waitForNetworkIdle\":false,\"margin\":{\"top\":\"350px\",\"right\":\"20px\",\"bottom\":\"80px\",\"left\":\"20px\"}}","meta":{"rootId":"vn1i4vry8xz655n","id":"vn1i4vry8xz655n"},"id":"jhn3tp1zv0cg8rm","previousOperationId":"fianchh5sfcut7l"}
{"type":"operationEnd","operationId":"fianchh5sfcut7l","timestamp":1674919938416,"id":"211d9ortskgwjtz","previousEventId":"ny5lo1flevxgsz6","previousOperationId":"fianchh5sfcut7l"}
{"type":"log","timestamp":1674919938416,"level":"debug","message":"Skipping storing report.","meta":{"rootId":"vn1i4vry8xz655n","id":"vn1i4vry8xz655n"},"id":"w2dhkibhrt678z4","previousOperationId":"fianchh5sfcut7l"}
{"type":"log","timestamp":1674919938417,"level":"info","message":"Rendering request 2 finished in 3885 ms","meta":{"rootId":"vn1i4vry8xz655n","id":"vn1i4vry8xz655n"},"id":"reoafy1xfp4srf8","previousOperationId":"fianchh5sfcut7l"}
{"type":"operationEnd","subtype":"render","operationId":"88jd2ptkq2vsvzi","timestamp":1674919938417,"id":"eawh6ovxkhlywch","previousEventId":"211d9ortskgwjtz","previousOperationId":"fianchh5sfcut7l"}
{"type":"operationEnd","doDiffs":false,"previousEventId":"2wbggs9vrptrk0z","previousOperationId":"buy9nfx45wekhgj","operationId":"buy9nfx45wekhgj","timestamp":1674919938434,"id":"ucu67f8i01nki8w"}
