{"type":"operationStart","subtype":"profile","data":{"_id":"3wD7f4ttaQEPEgD5","timestamp":"2022-10-02T11:37:42.583Z","state":"queued","mode":"standard","creationDate":"2022-10-02T11:37:42.597Z","modificationDate":"2022-10-02T11:37:42.597Z","shortid":"D8S9hAH","$entitySet":"profiles"},"doDiffs":false,"timestamp":1664710662593,"id":"2vk1ss145kbnne9","previousOperationId":null,"operationId":"1avco7cdo0fcse0"}
{"type":"log","level":"info","message":"Render request 1 queued for execution and waiting for available worker","previousOperationId":"1avco7cdo0fcse0","timestamp":1664710662593,"id":"w0zzdytsj824lf3"}
{"type":"operationStart","subtype":"render","name":"anonymous","previousOperationId":"1avco7cdo0fcse0","timestamp":1664710662668,"id":"gbqofpxm82bgijd","previousEventId":"2vk1ss145kbnne9","operationId":"hcka3dvyqza04ko"}
{"type":"log","timestamp":1664710662669,"level":"info","message":"Starting rendering request 1 (user: null)","meta":{"rootId":"vnrcw15ktzcc1qv","id":"vnrcw15ktzcc1qv"},"id":"mw28qfcjfia68ln","previousOperationId":"hcka3dvyqza04ko"}
{"type":"log","timestamp":1664710662675,"level":"info","message":"Rendering anonymous template { recipe: chrome-pdf, engine: handlebars }","meta":{"rootId":"vnrcw15ktzcc1qv","id":"vnrcw15ktzcc1qv"},"id":"50excpmygt25jz4","previousOperationId":"hcka3dvyqza04ko"}
{"type":"log","timestamp":1664710662675,"level":"debug","message":"Inline data specified.","meta":{"rootId":"vnrcw15ktzcc1qv","id":"vnrcw15ktzcc1qv"},"id":"zl0pnroe92h4mo8","previousOperationId":"hcka3dvyqza04ko"}
{"type":"log","timestamp":1664710662698,"level":"debug","message":"Base url not specified, skipping its injection.","meta":{"rootId":"vnrcw15ktzcc1qv","id":"vnrcw15ktzcc1qv"},"id":"wj87ykf41z5xl6x","previousOperationId":"hcka3dvyqza04ko"}
{"type":"operationStart","subtype":"engine","name":"handlebars","timestamp":1664710662701,"id":"6amlvcs6r0owozr","previousEventId":"gbqofpxm82bgijd","operationId":"cpgct1q5d9jfky9","previousOperationId":"hcka3dvyqza04ko"}
{"type":"log","timestamp":1664710662701,"level":"debug","message":"Rendering engine handlebars","meta":{"rootId":"vnrcw15ktzcc1qv","id":"vnrcw15ktzcc1qv"},"id":"9s8qfr4o9rqob1l","previousOperationId":"cpgct1q5d9jfky9"}
{"type":"operationEnd","operationId":"cpgct1q5d9jfky9","timestamp":1664710665365,"id":"ejgs8kf7bl8ahdr","previousEventId":"6amlvcs6r0owozr","previousOperationId":"cpgct1q5d9jfky9"}
{"type":"operationStart","subtype":"recipe","name":"chrome-pdf","timestamp":1664710665366,"id":"lxdk2kiashyfyr6","previousEventId":"ejgs8kf7bl8ahdr","operationId":"odxvt40j6igcj58","previousOperationId":"cpgct1q5d9jfky9"}
{"type":"log","timestamp":1664710665366,"level":"debug","message":"Executing recipe chrome-pdf","meta":{"rootId":"vnrcw15ktzcc1qv","id":"vnrcw15ktzcc1qv"},"id":"ngrhxntg11hwczs","previousOperationId":"odxvt40j6igcj58"}
{"type":"log","timestamp":1664710665689,"level":"debug","message":"Starting child request to render pdf header","meta":{"rootId":"vnrcw15ktzcc1qv","id":"vnrcw15ktzcc1qv"},"id":"4s1d0i06uniop3p","previousOperationId":"odxvt40j6igcj58"}
{"type":"operationStart","subtype":"render","name":"anonymous","previousOperationId":"odxvt40j6igcj58","timestamp":1664710665690,"id":"ml64yfkvnf89hyy","previousEventId":"lxdk2kiashyfyr6","operationId":"y3d8iaj4pt9n529"}
{"type":"log","timestamp":1664710665690,"level":"info","message":"Starting rendering request 1 (user: null)","meta":{"rootId":"vnrcw15ktzcc1qv","id":"ctkw3olqk27fldu"},"id":"8i6c3ppjwweoc79","previousOperationId":"y3d8iaj4pt9n529"}
{"type":"log","timestamp":1664710665690,"level":"info","message":"Rendering anonymous template { recipe: html, engine: handlebars }","meta":{"rootId":"vnrcw15ktzcc1qv","id":"ctkw3olqk27fldu"},"id":"slat37rw8npum6n","previousOperationId":"y3d8iaj4pt9n529"}
{"type":"log","timestamp":1664710665690,"level":"debug","message":"Inline data specified.","meta":{"rootId":"vnrcw15ktzcc1qv","id":"ctkw3olqk27fldu"},"id":"qedzomy1wvuik2x","previousOperationId":"y3d8iaj4pt9n529"}
{"type":"log","timestamp":1664710665695,"level":"debug","message":"Base url not specified, skipping its injection.","meta":{"rootId":"vnrcw15ktzcc1qv","id":"ctkw3olqk27fldu"},"id":"ovjoxoqnj5jxnbp","previousOperationId":"y3d8iaj4pt9n529"}
{"type":"log","timestamp":1664710665723,"level":"debug","message":"Replaced assets [\"./src/reporting/assets/logo.png\"]","meta":{"rootId":"vnrcw15ktzcc1qv","id":"ctkw3olqk27fldu"},"id":"vj68gquh7f9vmec","previousOperationId":"y3d8iaj4pt9n529"}
{"type":"operationStart","subtype":"engine","name":"handlebars","timestamp":1664710665723,"id":"j0jy8nxviy15xsk","previousEventId":"ml64yfkvnf89hyy","operationId":"1ny80xpnczthcde","previousOperationId":"y3d8iaj4pt9n529"}
{"type":"log","timestamp":1664710665723,"level":"debug","message":"Rendering engine handlebars","meta":{"rootId":"vnrcw15ktzcc1qv","id":"ctkw3olqk27fldu"},"id":"rsa87r3x8feubg2","previousOperationId":"1ny80xpnczthcde"}
{"type":"operationEnd","operationId":"1ny80xpnczthcde","timestamp":1664710665838,"id":"80qvc9m274cumkc","previousEventId":"j0jy8nxviy15xsk","previousOperationId":"1ny80xpnczthcde"}
{"type":"operationStart","subtype":"recipe","name":"html","timestamp":1664710665839,"id":"9qovx050lrz5qi3","previousEventId":"80qvc9m274cumkc","operationId":"l4n8vpfkym2ckxx","previousOperationId":"1ny80xpnczthcde"}
{"type":"log","timestamp":1664710665839,"level":"debug","message":"Executing recipe html","meta":{"rootId":"vnrcw15ktzcc1qv","id":"ctkw3olqk27fldu"},"id":"2jxtajpdy29zyt9","previousOperationId":"l4n8vpfkym2ckxx"}
{"type":"operationEnd","operationId":"l4n8vpfkym2ckxx","timestamp":1664710665839,"id":"a8iq5n520wdbvfe","previousEventId":"9qovx050lrz5qi3","previousOperationId":"l4n8vpfkym2ckxx"}
{"type":"log","timestamp":1664710665840,"level":"debug","message":"Skipping storing report.","meta":{"rootId":"vnrcw15ktzcc1qv","id":"ctkw3olqk27fldu"},"id":"7l6ocj70ewdav5u","previousOperationId":"l4n8vpfkym2ckxx"}
{"type":"log","timestamp":1664710665841,"level":"info","message":"Rendering request 1 finished in 3259 ms","meta":{"rootId":"vnrcw15ktzcc1qv","id":"ctkw3olqk27fldu"},"id":"dxp5lfmk2m6hizm","previousOperationId":"l4n8vpfkym2ckxx"}
{"type":"operationEnd","subtype":"render","operationId":"y3d8iaj4pt9n529","timestamp":1664710665841,"id":"57pjpsz53tj3yd8","previousEventId":"a8iq5n520wdbvfe","previousOperationId":"l4n8vpfkym2ckxx"}
{"type":"log","timestamp":1664710665841,"level":"debug","message":"Starting child request to render pdf footer","meta":{"rootId":"vnrcw15ktzcc1qv","id":"vnrcw15ktzcc1qv"},"id":"twb56xmp1c4kpuv","previousOperationId":"odxvt40j6igcj58"}
{"type":"operationStart","subtype":"render","name":"anonymous","previousOperationId":"odxvt40j6igcj58","timestamp":1664710665841,"id":"1zat63y0lh415lw","previousEventId":"lxdk2kiashyfyr6","operationId":"wgstufsdk96ujbi"}
{"type":"log","timestamp":1664710665841,"level":"info","message":"Starting rendering request 1 (user: null)","meta":{"rootId":"vnrcw15ktzcc1qv","id":"3xugsvrl60cminn"},"id":"vsyyvyyzvuyii78","previousOperationId":"wgstufsdk96ujbi"}
{"type":"log","timestamp":1664710665842,"level":"info","message":"Rendering anonymous template { recipe: html, engine: handlebars }","meta":{"rootId":"vnrcw15ktzcc1qv","id":"3xugsvrl60cminn"},"id":"id2v32zz9rwxzpw","previousOperationId":"wgstufsdk96ujbi"}
{"type":"log","timestamp":1664710665842,"level":"debug","message":"Inline data specified.","meta":{"rootId":"vnrcw15ktzcc1qv","id":"3xugsvrl60cminn"},"id":"sgbm2uin4hj2rie","previousOperationId":"wgstufsdk96ujbi"}
{"type":"log","timestamp":1664710665849,"level":"debug","message":"Base url not specified, skipping its injection.","meta":{"rootId":"vnrcw15ktzcc1qv","id":"3xugsvrl60cminn"},"id":"p7u7ujwi3zi7wml","previousOperationId":"wgstufsdk96ujbi"}
{"type":"operationStart","subtype":"engine","name":"handlebars","timestamp":1664710665850,"id":"tf6yo1o0lqa1g07","previousEventId":"1zat63y0lh415lw","operationId":"axd90idz6w877wu","previousOperationId":"wgstufsdk96ujbi"}
{"type":"log","timestamp":1664710665850,"level":"debug","message":"Rendering engine handlebars","meta":{"rootId":"vnrcw15ktzcc1qv","id":"3xugsvrl60cminn"},"id":"oxcv7wuh24pq4ce","previousOperationId":"axd90idz6w877wu"}
{"type":"operationEnd","operationId":"axd90idz6w877wu","timestamp":1664710665935,"id":"9qeiwxzht2k283a","previousEventId":"tf6yo1o0lqa1g07","previousOperationId":"axd90idz6w877wu"}
{"type":"operationStart","subtype":"recipe","name":"html","timestamp":1664710665936,"id":"a3n61jk6muj15tn","previousEventId":"9qeiwxzht2k283a","operationId":"g5ioy46c1zye1xi","previousOperationId":"axd90idz6w877wu"}
{"type":"log","timestamp":1664710665936,"level":"debug","message":"Executing recipe html","meta":{"rootId":"vnrcw15ktzcc1qv","id":"3xugsvrl60cminn"},"id":"szo4g5cd2v2fc9l","previousOperationId":"g5ioy46c1zye1xi"}
{"type":"operationEnd","operationId":"g5ioy46c1zye1xi","timestamp":1664710665936,"id":"t7al2hnpn5slh06","previousEventId":"a3n61jk6muj15tn","previousOperationId":"g5ioy46c1zye1xi"}
{"type":"log","timestamp":1664710665936,"level":"debug","message":"Skipping storing report.","meta":{"rootId":"vnrcw15ktzcc1qv","id":"3xugsvrl60cminn"},"id":"qkwrv82cyzuf2tx","previousOperationId":"g5ioy46c1zye1xi"}
{"type":"log","timestamp":1664710665936,"level":"info","message":"Rendering request 1 finished in 3354 ms","meta":{"rootId":"vnrcw15ktzcc1qv","id":"3xugsvrl60cminn"},"id":"zjp0lvbvazonqej","previousOperationId":"g5ioy46c1zye1xi"}
{"type":"operationEnd","subtype":"render","operationId":"wgstufsdk96ujbi","timestamp":1664710665936,"id":"t1hfkknc9g9i0ez","previousEventId":"t7al2hnpn5slh06","previousOperationId":"g5ioy46c1zye1xi"}
{"type":"log","timestamp":1664710667959,"level":"debug","message":"Converting with chrome HeadlessChrome/98.0.4758.0 using chrome-pool strategy","meta":{"rootId":"vnrcw15ktzcc1qv","id":"vnrcw15ktzcc1qv"},"id":"qa866guqzo8i4iq","previousOperationId":"odxvt40j6igcj58"}
{"type":"log","timestamp":1664710668328,"level":"debug","message":"Page request: GET (document) file:///var/folders/8m/98z140gs3yzbw6jqmpbh8b8m0000gn/T/jsreport/autocleanup/db8407a8-66ba-48d6-8b5e-d17e9f7da916-chrome-pdf.html","meta":{"rootId":"vnrcw15ktzcc1qv","id":"vnrcw15ktzcc1qv"},"id":"n5cxkgtb1wc6p5o","previousOperationId":"odxvt40j6igcj58"}
{"type":"log","timestamp":1664710668360,"level":"debug","message":"Page request finished: GET (document) file:///var/folders/8m/98z140gs3yzbw6jqmpbh8b8m0000gn/T/jsreport/autocleanup/db8407a8-66ba-48d6-8b5e-d17e9f7da916-chrome-pdf.html","meta":{"rootId":"vnrcw15ktzcc1qv","id":"vnrcw15ktzcc1qv"},"id":"vs5r97jpo0ncsik","previousOperationId":"odxvt40j6igcj58"}
{"type":"log","timestamp":1664710668368,"level":"debug","message":"Page request: GET (stylesheet) https://fonts.googleapis.com/css2?family=Montserrat:wght@500&family=Open+Sans:wght@300&display=swap","meta":{"rootId":"vnrcw15ktzcc1qv","id":"vnrcw15ktzcc1qv"},"id":"n0tmf3eyn707ygn","previousOperationId":"odxvt40j6igcj58"}
{"type":"log","timestamp":1664710668915,"level":"debug","message":"Page request finished: GET (stylesheet) 200 https://fonts.googleapis.com/css2?family=Montserrat:wght@500&family=Open+Sans:wght@300&display=swap","meta":{"rootId":"vnrcw15ktzcc1qv","id":"vnrcw15ktzcc1qv"},"id":"l584xfe5mv76bvq","previousOperationId":"odxvt40j6igcj58"}
{"type":"log","timestamp":1664710669045,"level":"debug","message":"Page request: GET (font) https://fonts.gstatic.com/s/opensans/v34/memSYaGs126MiZpBA-UvWbX2vVnXBbObj2OVZyOOSr4dVJWUgsiH0B4gaVQUwaEQbjA.woff","meta":{"rootId":"vnrcw15ktzcc1qv","id":"vnrcw15ktzcc1qv"},"id":"44jv09al31o4nga","previousOperationId":"odxvt40j6igcj58"}
{"type":"log","timestamp":1664710669052,"level":"debug","message":"Running chrome with params {\"scale\":1,\"displayHeaderFooter\":true,\"headerTemplate\":\"...\",\"footerTemplate\":\"...\",\"printBackground\":true,\"pageRanges\":\"\",\"format\":\"A4\",\"width\":\"\",\"height\":\"\",\"marginTop\":\"500px\",\"marginRight\":\"20px\",\"marginBottom\":\"80px\",\"marginLeft\":\"20px\",\"waitForJS\":false,\"waitForNetworkIddle\":false,\"timeout\":56646,\"waitForNetworkIdle\":false,\"margin\":{\"top\":\"500px\",\"right\":\"20px\",\"bottom\":\"80px\",\"left\":\"20px\"}}","meta":{"rootId":"vnrcw15ktzcc1qv","id":"vnrcw15ktzcc1qv"},"id":"amroxsv0yc5ezse","previousOperationId":"odxvt40j6igcj58"}
{"type":"log","timestamp":1664710669066,"level":"debug","message":"Page request: GET (font) https://fonts.gstatic.com/s/opensans/v34/memSYaGs126MiZpBA-UvWbX2vVnXBbObj2OVZyOOSr4dVJWUgsiH0B4gaVQUwaEQbjA.woff","meta":{"rootId":"vnrcw15ktzcc1qv","id":"vnrcw15ktzcc1qv"},"id":"wtwr6gtgfcaoj1f","previousOperationId":"odxvt40j6igcj58"}
{"type":"log","timestamp":1664710669690,"level":"debug","message":"Page request finished: GET (font) 200 https://fonts.gstatic.com/s/opensans/v34/memSYaGs126MiZpBA-UvWbX2vVnXBbObj2OVZyOOSr4dVJWUgsiH0B4gaVQUwaEQbjA.woff","meta":{"rootId":"vnrcw15ktzcc1qv","id":"vnrcw15ktzcc1qv"},"id":"zekysovp2g0l9vv","previousOperationId":"odxvt40j6igcj58"}
{"type":"operationEnd","operationId":"odxvt40j6igcj58","timestamp":1664710669840,"id":"xewramd3q17yc1t","previousEventId":"lxdk2kiashyfyr6","previousOperationId":"odxvt40j6igcj58"}
{"type":"log","timestamp":1664710669844,"level":"debug","message":"Skipping storing report.","meta":{"rootId":"vnrcw15ktzcc1qv","id":"vnrcw15ktzcc1qv"},"id":"gd1p57zu4f4mdwq","previousOperationId":"odxvt40j6igcj58"}
{"type":"log","timestamp":1664710669844,"level":"info","message":"Rendering request 1 finished in 7262 ms","meta":{"rootId":"vnrcw15ktzcc1qv","id":"vnrcw15ktzcc1qv"},"id":"egi26cflorfhvky","previousOperationId":"odxvt40j6igcj58"}
{"type":"operationEnd","subtype":"render","operationId":"hcka3dvyqza04ko","timestamp":1664710669844,"id":"ejto85mdmmdebul","previousEventId":"xewramd3q17yc1t","previousOperationId":"odxvt40j6igcj58"}
{"type":"operationEnd","doDiffs":false,"previousEventId":"2vk1ss145kbnne9","previousOperationId":"1avco7cdo0fcse0","operationId":"1avco7cdo0fcse0","timestamp":1664710669853,"id":"avhttuewnsc8o7r"}
