{"type":"operationStart","subtype":"profile","data":{"_id":"56L4r9Zkp3FgmTZU","timestamp":"2022-09-15T11:46:27.247Z","state":"queued","mode":"standard","creationDate":"2022-09-15T11:46:27.252Z","modificationDate":"2022-09-15T11:46:27.252Z","shortid":"eaClthI","$entitySet":"profiles"},"doDiffs":false,"timestamp":1663242387250,"id":"xeisfyg5bzlsfn4","previousOperationId":null,"operationId":"zoig7dp4jiouz0q"}
{"type":"log","level":"info","message":"Render request 1 queued for execution and waiting for available worker","previousOperationId":"zoig7dp4jiouz0q","timestamp":1663242387250,"id":"9os8ydhh80rowmd"}
{"type":"operationStart","subtype":"render","name":"anonymous","previousOperationId":"zoig7dp4jiouz0q","timestamp":1663242387311,"id":"r4epo0bj5l7ubd0","previousEventId":"xeisfyg5bzlsfn4","operationId":"t75x9pbbo9pv0n4"}
{"type":"log","timestamp":1663242387315,"level":"info","message":"Starting rendering request 1 (user: null)","meta":{"rootId":"vtdznjtypt55q6k","id":"vtdznjtypt55q6k"},"id":"fes9352rgxa8v7w","previousOperationId":"t75x9pbbo9pv0n4"}
{"type":"log","timestamp":1663242387322,"level":"info","message":"Rendering anonymous template { recipe: chrome-pdf, engine: handlebars }","meta":{"rootId":"vtdznjtypt55q6k","id":"vtdznjtypt55q6k"},"id":"02jwb5basu58s22","previousOperationId":"t75x9pbbo9pv0n4"}
{"type":"log","timestamp":1663242387322,"level":"debug","message":"Inline data specified.","meta":{"rootId":"vtdznjtypt55q6k","id":"vtdznjtypt55q6k"},"id":"148mwchkii8mg1y","previousOperationId":"t75x9pbbo9pv0n4"}
{"type":"log","timestamp":1663242387382,"level":"debug","message":"Base url not specified, skipping its injection.","meta":{"rootId":"vtdznjtypt55q6k","id":"vtdznjtypt55q6k"},"id":"k6mxzcuqao8mwfz","previousOperationId":"t75x9pbbo9pv0n4"}
{"type":"operationStart","subtype":"engine","name":"handlebars","timestamp":1663242387404,"id":"66arrbiq1vjktwt","previousEventId":"r4epo0bj5l7ubd0","operationId":"5pdkj6t280qifix","previousOperationId":"t75x9pbbo9pv0n4"}
{"type":"log","timestamp":1663242387404,"level":"debug","message":"Rendering engine handlebars","meta":{"rootId":"vtdznjtypt55q6k","id":"vtdznjtypt55q6k"},"id":"fmi9ld98qngp92p","previousOperationId":"5pdkj6t280qifix"}
{"type":"operationEnd","operationId":"5pdkj6t280qifix","timestamp":1663242388715,"id":"bam37cmzbz7r8d3","previousEventId":"66arrbiq1vjktwt","previousOperationId":"5pdkj6t280qifix"}
{"type":"operationStart","subtype":"recipe","name":"chrome-pdf","timestamp":1663242388717,"id":"2zcbrfp6hpi439t","previousEventId":"bam37cmzbz7r8d3","operationId":"hxwet1mf5kp66tb","previousOperationId":"5pdkj6t280qifix"}
{"type":"log","timestamp":1663242388717,"level":"debug","message":"Executing recipe chrome-pdf","meta":{"rootId":"vtdznjtypt55q6k","id":"vtdznjtypt55q6k"},"id":"qqy7n7qd03747l5","previousOperationId":"hxwet1mf5kp66tb"}
{"type":"log","timestamp":1663242389157,"level":"debug","message":"Starting child request to render pdf header","meta":{"rootId":"vtdznjtypt55q6k","id":"vtdznjtypt55q6k"},"id":"7d73vnui9de06ua","previousOperationId":"hxwet1mf5kp66tb"}
{"type":"operationStart","subtype":"render","name":"anonymous","previousOperationId":"hxwet1mf5kp66tb","timestamp":1663242389158,"id":"zie8off5s95ove0","previousEventId":"2zcbrfp6hpi439t","operationId":"q0kxdl727pd4b8o"}
{"type":"log","timestamp":1663242389158,"level":"info","message":"Starting rendering request 1 (user: null)","meta":{"rootId":"vtdznjtypt55q6k","id":"0q53ky0eikrvddy"},"id":"gxfcfkp9d67miqk","previousOperationId":"q0kxdl727pd4b8o"}
{"type":"log","timestamp":1663242389158,"level":"info","message":"Rendering anonymous template { recipe: html, engine: handlebars }","meta":{"rootId":"vtdznjtypt55q6k","id":"0q53ky0eikrvddy"},"id":"xz1wahaf4yithpc","previousOperationId":"q0kxdl727pd4b8o"}
{"type":"log","timestamp":1663242389159,"level":"debug","message":"Inline data specified.","meta":{"rootId":"vtdznjtypt55q6k","id":"0q53ky0eikrvddy"},"id":"nge69lb2qlsnqy4","previousOperationId":"q0kxdl727pd4b8o"}
{"type":"log","timestamp":1663242389161,"level":"debug","message":"Base url not specified, skipping its injection.","meta":{"rootId":"vtdznjtypt55q6k","id":"0q53ky0eikrvddy"},"id":"tf8i9z4n6rybs76","previousOperationId":"q0kxdl727pd4b8o"}
{"type":"log","timestamp":1663242389181,"level":"debug","message":"Replaced assets [\"./src/reporting/assets/logo.png\"]","meta":{"rootId":"vtdznjtypt55q6k","id":"0q53ky0eikrvddy"},"id":"2xg2jcrezgptas6","previousOperationId":"q0kxdl727pd4b8o"}
{"type":"operationStart","subtype":"engine","name":"handlebars","timestamp":1663242389181,"id":"2l10odltvaglcvu","previousEventId":"zie8off5s95ove0","operationId":"egi8qpwefemc8j6","previousOperationId":"q0kxdl727pd4b8o"}
{"type":"log","timestamp":1663242389181,"level":"debug","message":"Rendering engine handlebars","meta":{"rootId":"vtdznjtypt55q6k","id":"0q53ky0eikrvddy"},"id":"ohdwwvdo4c9si9i","previousOperationId":"egi8qpwefemc8j6"}
{"type":"operationEnd","operationId":"egi8qpwefemc8j6","timestamp":1663242389229,"id":"oijm66fj0xugx7t","previousEventId":"2l10odltvaglcvu","previousOperationId":"egi8qpwefemc8j6"}
{"type":"operationStart","subtype":"recipe","name":"html","timestamp":1663242389230,"id":"lpg6t7jzmsiu8tv","previousEventId":"oijm66fj0xugx7t","operationId":"hkl0wpl88p854tk","previousOperationId":"egi8qpwefemc8j6"}
{"type":"log","timestamp":1663242389230,"level":"debug","message":"Executing recipe html","meta":{"rootId":"vtdznjtypt55q6k","id":"0q53ky0eikrvddy"},"id":"z6eyvclmz1lqrtf","previousOperationId":"hkl0wpl88p854tk"}
{"type":"operationEnd","operationId":"hkl0wpl88p854tk","timestamp":1663242389230,"id":"iz4zyumvnrj8pe0","previousEventId":"lpg6t7jzmsiu8tv","previousOperationId":"hkl0wpl88p854tk"}
{"type":"log","timestamp":1663242389232,"level":"debug","message":"Skipping storing report.","meta":{"rootId":"vtdznjtypt55q6k","id":"0q53ky0eikrvddy"},"id":"77jkeroxditxh9n","previousOperationId":"hkl0wpl88p854tk"}
{"type":"log","timestamp":1663242389232,"level":"info","message":"Rendering request 1 finished in 1987 ms","meta":{"rootId":"vtdznjtypt55q6k","id":"0q53ky0eikrvddy"},"id":"z8i2sgje0mpxk2t","previousOperationId":"hkl0wpl88p854tk"}
{"type":"operationEnd","subtype":"render","operationId":"q0kxdl727pd4b8o","timestamp":1663242389232,"id":"55micwc0tpwwco8","previousEventId":"iz4zyumvnrj8pe0","previousOperationId":"hkl0wpl88p854tk"}
{"type":"log","timestamp":1663242389232,"level":"debug","message":"Starting child request to render pdf footer","meta":{"rootId":"vtdznjtypt55q6k","id":"vtdznjtypt55q6k"},"id":"vzg0ebofsvtrtwh","previousOperationId":"hxwet1mf5kp66tb"}
{"type":"operationStart","subtype":"render","name":"anonymous","previousOperationId":"hxwet1mf5kp66tb","timestamp":1663242389233,"id":"j266sqerhzu9hf7","previousEventId":"2zcbrfp6hpi439t","operationId":"mjdcq6srpn8n92w"}
{"type":"log","timestamp":1663242389233,"level":"info","message":"Starting rendering request 1 (user: null)","meta":{"rootId":"vtdznjtypt55q6k","id":"wrfg7u4jeq70gvl"},"id":"12y5l6n7madkldp","previousOperationId":"mjdcq6srpn8n92w"}
{"type":"log","timestamp":1663242389233,"level":"info","message":"Rendering anonymous template { recipe: html, engine: handlebars }","meta":{"rootId":"vtdznjtypt55q6k","id":"wrfg7u4jeq70gvl"},"id":"abvs0e15nuns8u6","previousOperationId":"mjdcq6srpn8n92w"}
{"type":"log","timestamp":1663242389233,"level":"debug","message":"Inline data specified.","meta":{"rootId":"vtdznjtypt55q6k","id":"wrfg7u4jeq70gvl"},"id":"lbwzo9agqdcixax","previousOperationId":"mjdcq6srpn8n92w"}
{"type":"log","timestamp":1663242389384,"level":"debug","message":"Base url not specified, skipping its injection.","meta":{"rootId":"vtdznjtypt55q6k","id":"wrfg7u4jeq70gvl"},"id":"uzhi6uejzp6xskn","previousOperationId":"mjdcq6srpn8n92w"}
{"type":"operationStart","subtype":"engine","name":"handlebars","timestamp":1663242389385,"id":"rwq5q3c7l68cqe9","previousEventId":"j266sqerhzu9hf7","operationId":"t6lft4wgx584tum","previousOperationId":"mjdcq6srpn8n92w"}
{"type":"log","timestamp":1663242389385,"level":"debug","message":"Rendering engine handlebars","meta":{"rootId":"vtdznjtypt55q6k","id":"wrfg7u4jeq70gvl"},"id":"jakmqj80ljuv3b1","previousOperationId":"t6lft4wgx584tum"}
{"type":"operationEnd","operationId":"t6lft4wgx584tum","timestamp":1663242389434,"id":"qn0dr47uyy9i0ce","previousEventId":"rwq5q3c7l68cqe9","previousOperationId":"t6lft4wgx584tum"}
{"type":"operationStart","subtype":"recipe","name":"html","timestamp":1663242389434,"id":"9ey9frxhbgwei9r","previousEventId":"qn0dr47uyy9i0ce","operationId":"pnezolw7ufv8q45","previousOperationId":"t6lft4wgx584tum"}
{"type":"log","timestamp":1663242389434,"level":"debug","message":"Executing recipe html","meta":{"rootId":"vtdznjtypt55q6k","id":"wrfg7u4jeq70gvl"},"id":"mgnbtd0fr84fqz2","previousOperationId":"pnezolw7ufv8q45"}
{"type":"operationEnd","operationId":"pnezolw7ufv8q45","timestamp":1663242389435,"id":"b0l6p3ktklpojhy","previousEventId":"9ey9frxhbgwei9r","previousOperationId":"pnezolw7ufv8q45"}
{"type":"log","timestamp":1663242389435,"level":"debug","message":"Skipping storing report.","meta":{"rootId":"vtdznjtypt55q6k","id":"wrfg7u4jeq70gvl"},"id":"pc312xxtr60e73e","previousOperationId":"pnezolw7ufv8q45"}
{"type":"log","timestamp":1663242389435,"level":"info","message":"Rendering request 1 finished in 2190 ms","meta":{"rootId":"vtdznjtypt55q6k","id":"wrfg7u4jeq70gvl"},"id":"kmc02vjxl57h4er","previousOperationId":"pnezolw7ufv8q45"}
{"type":"operationEnd","subtype":"render","operationId":"mjdcq6srpn8n92w","timestamp":1663242389435,"id":"gpyg4z6na0xums9","previousEventId":"b0l6p3ktklpojhy","previousOperationId":"pnezolw7ufv8q45"}
{"type":"log","timestamp":1663242391916,"level":"debug","message":"Converting with chrome HeadlessChrome/98.0.4758.0 using chrome-pool strategy","meta":{"rootId":"vtdznjtypt55q6k","id":"vtdznjtypt55q6k"},"id":"xdka1tlmef4yfx7","previousOperationId":"hxwet1mf5kp66tb"}
{"type":"log","timestamp":1663242392285,"level":"debug","message":"Page request: GET (document) file:///var/folders/8m/98z140gs3yzbw6jqmpbh8b8m0000gn/T/jsreport/autocleanup/dc7b3451-00f8-46e4-9779-d62c850f954c-chrome-pdf.html","meta":{"rootId":"vtdznjtypt55q6k","id":"vtdznjtypt55q6k"},"id":"66pcumn4c2ukwkc","previousOperationId":"hxwet1mf5kp66tb"}
{"type":"log","timestamp":1663242392304,"level":"debug","message":"Page request finished: GET (document) file:///var/folders/8m/98z140gs3yzbw6jqmpbh8b8m0000gn/T/jsreport/autocleanup/dc7b3451-00f8-46e4-9779-d62c850f954c-chrome-pdf.html","meta":{"rootId":"vtdznjtypt55q6k","id":"vtdznjtypt55q6k"},"id":"4xg7b0voytr9n5t","previousOperationId":"hxwet1mf5kp66tb"}
{"type":"log","timestamp":1663242392307,"level":"debug","message":"Page request: GET (stylesheet) https://fonts.googleapis.com/css2?family=Montserrat:wght@500&family=Open+Sans:wght@300&display=swap","meta":{"rootId":"vtdznjtypt55q6k","id":"vtdznjtypt55q6k"},"id":"q6zn4tye5dfe8dp","previousOperationId":"hxwet1mf5kp66tb"}
{"type":"log","timestamp":1663242392861,"level":"debug","message":"Page request finished: GET (stylesheet) 200 https://fonts.googleapis.com/css2?family=Montserrat:wght@500&family=Open+Sans:wght@300&display=swap","meta":{"rootId":"vtdznjtypt55q6k","id":"vtdznjtypt55q6k"},"id":"8fgagwnrqp86iab","previousOperationId":"hxwet1mf5kp66tb"}
{"type":"log","timestamp":1663242392901,"level":"debug","message":"Page request: GET (font) https://fonts.gstatic.com/s/opensans/v34/memSYaGs126MiZpBA-UvWbX2vVnXBbObj2OVZyOOSr4dVJWUgsiH0B4gaVQUwaEQbjA.woff","meta":{"rootId":"vtdznjtypt55q6k","id":"vtdznjtypt55q6k"},"id":"93c30m1w3b1rewe","previousOperationId":"hxwet1mf5kp66tb"}
{"type":"log","timestamp":1663242392907,"level":"debug","message":"Page request: GET (font) https://fonts.gstatic.com/s/opensans/v34/memSYaGs126MiZpBA-UvWbX2vVnXBbObj2OVZyOOSr4dVJWUgsiH0B4gaVQUwaEQbjA.woff","meta":{"rootId":"vtdznjtypt55q6k","id":"vtdznjtypt55q6k"},"id":"9g6ydbzxwha4l77","previousOperationId":"hxwet1mf5kp66tb"}
{"type":"log","timestamp":1663242392908,"level":"debug","message":"Running chrome with params {\"scale\":1,\"displayHeaderFooter\":true,\"headerTemplate\":\"...\",\"footerTemplate\":\"...\",\"printBackground\":true,\"pageRanges\":\"\",\"format\":\"A4\",\"width\":\"\",\"height\":\"\",\"marginTop\":\"350px\",\"marginRight\":\"20px\",\"marginBottom\":\"80px\",\"marginLeft\":\"20px\",\"waitForJS\":false,\"waitForNetworkIddle\":false,\"timeout\":57808,\"waitForNetworkIdle\":false,\"margin\":{\"top\":\"350px\",\"right\":\"20px\",\"bottom\":\"80px\",\"left\":\"20px\"}}","meta":{"rootId":"vtdznjtypt55q6k","id":"vtdznjtypt55q6k"},"id":"ih9bxdbbmitttys","previousOperationId":"hxwet1mf5kp66tb"}
{"type":"operationEnd","operationId":"hxwet1mf5kp66tb","timestamp":1663242393159,"id":"xntkqt60e33gc35","previousEventId":"2zcbrfp6hpi439t","previousOperationId":"hxwet1mf5kp66tb"}
{"type":"log","timestamp":1663242393159,"level":"debug","message":"Skipping storing report.","meta":{"rootId":"vtdznjtypt55q6k","id":"vtdznjtypt55q6k"},"id":"19v8dp0ln4p0ro5","previousOperationId":"hxwet1mf5kp66tb"}
{"type":"log","timestamp":1663242393160,"level":"info","message":"Rendering request 1 finished in 5915 ms","meta":{"rootId":"vtdznjtypt55q6k","id":"vtdznjtypt55q6k"},"id":"01nqzlezndq4ljz","previousOperationId":"hxwet1mf5kp66tb"}
{"type":"operationEnd","subtype":"render","operationId":"t75x9pbbo9pv0n4","timestamp":1663242393160,"id":"ttle3eqdicau268","previousEventId":"xntkqt60e33gc35","previousOperationId":"hxwet1mf5kp66tb"}
{"type":"operationEnd","doDiffs":false,"previousEventId":"xeisfyg5bzlsfn4","previousOperationId":"zoig7dp4jiouz0q","operationId":"zoig7dp4jiouz0q","timestamp":1663242393167,"id":"rshizcw8dlv2nqc"}
