{"type":"operationStart","subtype":"profile","data":{"_id":"6WpQvdJrY1aTG9FB","timestamp":"2023-01-28T18:50:58.291Z","state":"queued","mode":"standard","creationDate":"2023-01-28T18:50:58.299Z","modificationDate":"2023-01-28T18:50:58.299Z","shortid":"ffsWjmm","$entitySet":"profiles"},"doDiffs":false,"timestamp":1674931858296,"id":"fcp0a698ixg2msw","previousOperationId":null,"operationId":"ycnb4mqdw8xxw5o"}
{"type":"log","level":"info","message":"Render request 3 queued for execution and waiting for available worker","previousOperationId":"ycnb4mqdw8xxw5o","timestamp":1674931858297,"id":"mcftwntaysg1l8h"}
{"type":"operationStart","subtype":"render","name":"anonymous","previousOperationId":"ycnb4mqdw8xxw5o","timestamp":1674931858317,"id":"zcmj7n2ae9cog89","previousEventId":"fcp0a698ixg2msw","operationId":"3c2y4oqovwxga79"}
{"type":"log","timestamp":1674931858318,"level":"info","message":"Starting rendering request 3 (user: null)","meta":{"rootId":"w9hg90x1is4ftpl","id":"w9hg90x1is4ftpl"},"id":"fp97fzrllyprr0s","previousOperationId":"3c2y4oqovwxga79"}
{"type":"log","timestamp":1674931858321,"level":"info","message":"Rendering anonymous template { recipe: chrome-pdf, engine: handlebars }","meta":{"rootId":"w9hg90x1is4ftpl","id":"w9hg90x1is4ftpl"},"id":"j0amcxm9txg5c0s","previousOperationId":"3c2y4oqovwxga79"}
{"type":"log","timestamp":1674931858322,"level":"debug","message":"Inline data specified.","meta":{"rootId":"w9hg90x1is4ftpl","id":"w9hg90x1is4ftpl"},"id":"v1ls429ym5h4cgg","previousOperationId":"3c2y4oqovwxga79"}
{"type":"log","timestamp":1674931858325,"level":"debug","message":"Base url not specified, skipping its injection.","meta":{"rootId":"w9hg90x1is4ftpl","id":"w9hg90x1is4ftpl"},"id":"cql3iorpsu08w9c","previousOperationId":"3c2y4oqovwxga79"}
{"type":"operationStart","subtype":"engine","name":"handlebars","timestamp":1674931858328,"id":"ifiol581b51y86b","previousEventId":"zcmj7n2ae9cog89","operationId":"9p0z4denz51ydf1","previousOperationId":"3c2y4oqovwxga79"}
{"type":"log","timestamp":1674931858328,"level":"debug","message":"Rendering engine handlebars","meta":{"rootId":"w9hg90x1is4ftpl","id":"w9hg90x1is4ftpl"},"id":"dwah0zcr57pb1hp","previousOperationId":"9p0z4denz51ydf1"}
{"type":"operationEnd","operationId":"9p0z4denz51ydf1","timestamp":1674931859643,"id":"6if08ui3xgkm0vo","previousEventId":"ifiol581b51y86b","previousOperationId":"9p0z4denz51ydf1"}
{"type":"operationStart","subtype":"recipe","name":"chrome-pdf","timestamp":1674931859648,"id":"7wf3tqi23ekttnt","previousEventId":"6if08ui3xgkm0vo","operationId":"tndafuck6v07en1","previousOperationId":"9p0z4denz51ydf1"}
{"type":"log","timestamp":1674931859648,"level":"debug","message":"Executing recipe chrome-pdf","meta":{"rootId":"w9hg90x1is4ftpl","id":"w9hg90x1is4ftpl"},"id":"23fjkwgh3img3pv","previousOperationId":"tndafuck6v07en1"}
{"type":"log","timestamp":1674931859891,"level":"debug","message":"Starting child request to render pdf header","meta":{"rootId":"w9hg90x1is4ftpl","id":"w9hg90x1is4ftpl"},"id":"x6t532pj0u8lk50","previousOperationId":"tndafuck6v07en1"}
{"type":"operationStart","subtype":"render","name":"anonymous","previousOperationId":"tndafuck6v07en1","timestamp":1674931859893,"id":"2wcnhq7eqwwh84h","previousEventId":"7wf3tqi23ekttnt","operationId":"7zhnf6l8twd9tv5"}
{"type":"log","timestamp":1674931859893,"level":"info","message":"Starting rendering request 3 (user: null)","meta":{"rootId":"w9hg90x1is4ftpl","id":"excxwoivnlwcwm9"},"id":"eh0nvp42jgy9sis","previousOperationId":"7zhnf6l8twd9tv5"}
{"type":"log","timestamp":1674931859893,"level":"info","message":"Rendering anonymous template { recipe: html, engine: handlebars }","meta":{"rootId":"w9hg90x1is4ftpl","id":"excxwoivnlwcwm9"},"id":"txrwm72eaos17q5","previousOperationId":"7zhnf6l8twd9tv5"}
{"type":"log","timestamp":1674931859893,"level":"debug","message":"Inline data specified.","meta":{"rootId":"w9hg90x1is4ftpl","id":"excxwoivnlwcwm9"},"id":"m5ydhdx2bcuswvk","previousOperationId":"7zhnf6l8twd9tv5"}
{"type":"log","timestamp":1674931859896,"level":"debug","message":"Base url not specified, skipping its injection.","meta":{"rootId":"w9hg90x1is4ftpl","id":"excxwoivnlwcwm9"},"id":"utcqjg3ucvnvjma","previousOperationId":"7zhnf6l8twd9tv5"}
{"type":"log","timestamp":1674931860005,"level":"debug","message":"Replaced assets [\"./src/reporting/assets/logo.png\"]","meta":{"rootId":"w9hg90x1is4ftpl","id":"excxwoivnlwcwm9"},"id":"440ztlturq7gwjr","previousOperationId":"7zhnf6l8twd9tv5"}
{"type":"operationStart","subtype":"engine","name":"handlebars","timestamp":1674931860006,"id":"z650q37f0sl724p","previousEventId":"2wcnhq7eqwwh84h","operationId":"s9u8iwyd3jekys6","previousOperationId":"7zhnf6l8twd9tv5"}
{"type":"log","timestamp":1674931860006,"level":"debug","message":"Rendering engine handlebars","meta":{"rootId":"w9hg90x1is4ftpl","id":"excxwoivnlwcwm9"},"id":"lz3x1q8isk27eu3","previousOperationId":"s9u8iwyd3jekys6"}
{"type":"operationEnd","operationId":"s9u8iwyd3jekys6","timestamp":1674931860216,"id":"35u28awzco2331v","previousEventId":"z650q37f0sl724p","previousOperationId":"s9u8iwyd3jekys6"}
{"type":"operationStart","subtype":"recipe","name":"html","timestamp":1674931860217,"id":"xyqnc7vyiuiy0rf","previousEventId":"35u28awzco2331v","operationId":"gmgmnk7ehtzusk9","previousOperationId":"s9u8iwyd3jekys6"}
{"type":"log","timestamp":1674931860217,"level":"debug","message":"Executing recipe html","meta":{"rootId":"w9hg90x1is4ftpl","id":"excxwoivnlwcwm9"},"id":"ovg6bzboc2iayxh","previousOperationId":"gmgmnk7ehtzusk9"}
{"type":"operationEnd","operationId":"gmgmnk7ehtzusk9","timestamp":1674931860217,"id":"28861p8e1n44v72","previousEventId":"xyqnc7vyiuiy0rf","previousOperationId":"gmgmnk7ehtzusk9"}
{"type":"log","timestamp":1674931860219,"level":"debug","message":"Skipping storing report.","meta":{"rootId":"w9hg90x1is4ftpl","id":"excxwoivnlwcwm9"},"id":"fu028dq5ji1he7x","previousOperationId":"gmgmnk7ehtzusk9"}
{"type":"log","timestamp":1674931860220,"level":"info","message":"Rendering request 3 finished in 1929 ms","meta":{"rootId":"w9hg90x1is4ftpl","id":"excxwoivnlwcwm9"},"id":"mkgjffm8zsl4sod","previousOperationId":"gmgmnk7ehtzusk9"}
{"type":"operationEnd","subtype":"render","operationId":"7zhnf6l8twd9tv5","timestamp":1674931860222,"id":"fetoit4dvwtwo5j","previousEventId":"28861p8e1n44v72","previousOperationId":"gmgmnk7ehtzusk9"}
{"type":"log","timestamp":1674931860222,"level":"debug","message":"Starting child request to render pdf footer","meta":{"rootId":"w9hg90x1is4ftpl","id":"w9hg90x1is4ftpl"},"id":"mlnywht15zyruv8","previousOperationId":"tndafuck6v07en1"}
{"type":"operationStart","subtype":"render","name":"anonymous","previousOperationId":"tndafuck6v07en1","timestamp":1674931860223,"id":"o0s6xj78psg4p2z","previousEventId":"7wf3tqi23ekttnt","operationId":"oaqqpf2pzr8l789"}
{"type":"log","timestamp":1674931860224,"level":"info","message":"Starting rendering request 3 (user: null)","meta":{"rootId":"w9hg90x1is4ftpl","id":"6z69cc0q0t7bvo3"},"id":"apopci13y1n8xl3","previousOperationId":"oaqqpf2pzr8l789"}
{"type":"log","timestamp":1674931860225,"level":"info","message":"Rendering anonymous template { recipe: html, engine: handlebars }","meta":{"rootId":"w9hg90x1is4ftpl","id":"6z69cc0q0t7bvo3"},"id":"dkwxpe1u4okfgzc","previousOperationId":"oaqqpf2pzr8l789"}
{"type":"log","timestamp":1674931860225,"level":"debug","message":"Inline data specified.","meta":{"rootId":"w9hg90x1is4ftpl","id":"6z69cc0q0t7bvo3"},"id":"3xhegrxdzflxvv7","previousOperationId":"oaqqpf2pzr8l789"}
{"type":"log","timestamp":1674931860253,"level":"debug","message":"Base url not specified, skipping its injection.","meta":{"rootId":"w9hg90x1is4ftpl","id":"6z69cc0q0t7bvo3"},"id":"truetb0oi7069ce","previousOperationId":"oaqqpf2pzr8l789"}
{"type":"operationStart","subtype":"engine","name":"handlebars","timestamp":1674931860254,"id":"j8m7yh8e0r13qyf","previousEventId":"o0s6xj78psg4p2z","operationId":"odf8pewd4hexpg3","previousOperationId":"oaqqpf2pzr8l789"}
{"type":"log","timestamp":1674931860254,"level":"debug","message":"Rendering engine handlebars","meta":{"rootId":"w9hg90x1is4ftpl","id":"6z69cc0q0t7bvo3"},"id":"mnku1qbr007di9i","previousOperationId":"odf8pewd4hexpg3"}
{"type":"operationEnd","operationId":"odf8pewd4hexpg3","timestamp":1674931860318,"id":"8rlg9ytby9640n9","previousEventId":"j8m7yh8e0r13qyf","previousOperationId":"odf8pewd4hexpg3"}
{"type":"operationStart","subtype":"recipe","name":"html","timestamp":1674931860320,"id":"z8nrcpyykja9cxs","previousEventId":"8rlg9ytby9640n9","operationId":"1hhzsaq37iavooz","previousOperationId":"odf8pewd4hexpg3"}
{"type":"log","timestamp":1674931860320,"level":"debug","message":"Executing recipe html","meta":{"rootId":"w9hg90x1is4ftpl","id":"6z69cc0q0t7bvo3"},"id":"9dzhsk15077ngn8","previousOperationId":"1hhzsaq37iavooz"}
{"type":"operationEnd","operationId":"1hhzsaq37iavooz","timestamp":1674931860320,"id":"ry9u18qpe4t57z0","previousEventId":"z8nrcpyykja9cxs","previousOperationId":"1hhzsaq37iavooz"}
{"type":"log","timestamp":1674931860320,"level":"debug","message":"Skipping storing report.","meta":{"rootId":"w9hg90x1is4ftpl","id":"6z69cc0q0t7bvo3"},"id":"26ddvvq8bvelgw9","previousOperationId":"1hhzsaq37iavooz"}
{"type":"log","timestamp":1674931860320,"level":"info","message":"Rendering request 3 finished in 2029 ms","meta":{"rootId":"w9hg90x1is4ftpl","id":"6z69cc0q0t7bvo3"},"id":"ge50u1m1rgnhi8j","previousOperationId":"1hhzsaq37iavooz"}
{"type":"operationEnd","subtype":"render","operationId":"oaqqpf2pzr8l789","timestamp":1674931860320,"id":"rfpdfpu6zk0wve0","previousEventId":"ry9u18qpe4t57z0","previousOperationId":"1hhzsaq37iavooz"}
{"type":"log","timestamp":1674931860615,"level":"debug","message":"Converting with chrome HeadlessChrome/98.0.4758.0 using chrome-pool strategy","meta":{"rootId":"w9hg90x1is4ftpl","id":"w9hg90x1is4ftpl"},"id":"h1ztea6yl0ppyzq","previousOperationId":"tndafuck6v07en1"}
{"type":"log","timestamp":1674931860890,"level":"debug","message":"Page request: GET (document) file:///C:/Users/ADMINI~1/AppData/Local/Temp/jsreport/autocleanup/df2bfacf-963d-4db3-93d5-f621ef3b3c40-chrome-pdf.html","meta":{"rootId":"w9hg90x1is4ftpl","id":"w9hg90x1is4ftpl"},"id":"batrii5zom4c5br","previousOperationId":"tndafuck6v07en1"}
{"type":"log","timestamp":1674931860903,"level":"debug","message":"Page request finished: GET (document) file:///C:/Users/ADMINI~1/AppData/Local/Temp/jsreport/autocleanup/df2bfacf-963d-4db3-93d5-f621ef3b3c40-chrome-pdf.html","meta":{"rootId":"w9hg90x1is4ftpl","id":"w9hg90x1is4ftpl"},"id":"kan1zhpfng83r4p","previousOperationId":"tndafuck6v07en1"}
{"type":"log","timestamp":1674931860905,"level":"debug","message":"Page request: GET (stylesheet) https://fonts.googleapis.com/css2?family=Montserrat:wght@500&family=Open+Sans:wght@300&display=swap","meta":{"rootId":"w9hg90x1is4ftpl","id":"w9hg90x1is4ftpl"},"id":"jlslt8r5tdqaugz","previousOperationId":"tndafuck6v07en1"}
{"type":"log","timestamp":1674931861125,"level":"debug","message":"Page request finished: GET (stylesheet) 200 https://fonts.googleapis.com/css2?family=Montserrat:wght@500&family=Open+Sans:wght@300&display=swap","meta":{"rootId":"w9hg90x1is4ftpl","id":"w9hg90x1is4ftpl"},"id":"ljxx7grdvclbfhz","previousOperationId":"tndafuck6v07en1"}
{"type":"log","timestamp":1674931861332,"level":"debug","message":"Page request: GET (font) https://fonts.gstatic.com/s/opensans/v34/memSYaGs126MiZpBA-UvWbX2vVnXBbObj2OVZyOOSr4dVJWUgsiH0B4gaVI.woff2","meta":{"rootId":"w9hg90x1is4ftpl","id":"w9hg90x1is4ftpl"},"id":"g0cq14vjuxg0zk5","previousOperationId":"tndafuck6v07en1"}
{"type":"log","timestamp":1674931861388,"level":"debug","message":"Page request: GET (font) https://fonts.gstatic.com/s/opensans/v34/memSYaGs126MiZpBA-UvWbX2vVnXBbObj2OVZyOOSr4dVJWUgsiH0B4gaVI.woff2","meta":{"rootId":"w9hg90x1is4ftpl","id":"w9hg90x1is4ftpl"},"id":"ffo2002h2sel73p","previousOperationId":"tndafuck6v07en1"}
{"type":"log","timestamp":1674931862034,"level":"debug","message":"Page request finished: GET (font) 200 https://fonts.gstatic.com/s/opensans/v34/memSYaGs126MiZpBA-UvWbX2vVnXBbObj2OVZyOOSr4dVJWUgsiH0B4gaVI.woff2","meta":{"rootId":"w9hg90x1is4ftpl","id":"w9hg90x1is4ftpl"},"id":"cli0rursux3agcv","previousOperationId":"tndafuck6v07en1"}
{"type":"log","timestamp":1674931862074,"level":"debug","message":"Running chrome with params {\"scale\":1,\"displayHeaderFooter\":true,\"headerTemplate\":\"...\",\"footerTemplate\":\"...\",\"printBackground\":true,\"pageRanges\":\"\",\"format\":\"A4\",\"width\":\"\",\"height\":\"\",\"marginTop\":\"350px\",\"marginRight\":\"20px\",\"marginBottom\":\"80px\",\"marginLeft\":\"20px\",\"waitForJS\":false,\"waitForNetworkIddle\":false,\"timeout\":57970,\"waitForNetworkIdle\":false,\"margin\":{\"top\":\"350px\",\"right\":\"20px\",\"bottom\":\"80px\",\"left\":\"20px\"}}","meta":{"rootId":"w9hg90x1is4ftpl","id":"w9hg90x1is4ftpl"},"id":"hkhnogfcdb1t1ds","previousOperationId":"tndafuck6v07en1"}
{"type":"operationEnd","operationId":"tndafuck6v07en1","timestamp":1674931862643,"id":"nr6x5r5k0wbe02d","previousEventId":"7wf3tqi23ekttnt","previousOperationId":"tndafuck6v07en1"}
{"type":"log","timestamp":1674931862643,"level":"debug","message":"Skipping storing report.","meta":{"rootId":"w9hg90x1is4ftpl","id":"w9hg90x1is4ftpl"},"id":"ljwsysai3vx7t5r","previousOperationId":"tndafuck6v07en1"}
{"type":"log","timestamp":1674931862643,"level":"info","message":"Rendering request 3 finished in 4352 ms","meta":{"rootId":"w9hg90x1is4ftpl","id":"w9hg90x1is4ftpl"},"id":"s0oiviuk5a0m02g","previousOperationId":"tndafuck6v07en1"}
{"type":"operationEnd","subtype":"render","operationId":"3c2y4oqovwxga79","timestamp":1674931862643,"id":"rbjems51bqk3ctk","previousEventId":"nr6x5r5k0wbe02d","previousOperationId":"tndafuck6v07en1"}
{"type":"operationEnd","doDiffs":false,"previousEventId":"fcp0a698ixg2msw","previousOperationId":"ycnb4mqdw8xxw5o","operationId":"ycnb4mqdw8xxw5o","timestamp":1674931862664,"id":"0udrruoqwgs8l64"}
