{"type":"operationStart","subtype":"profile","data":{"_id":"zYjGmwwjskRUgoaA","timestamp":"2022-10-05T21:32:08.674Z","state":"queued","mode":"standard","creationDate":"2022-10-05T21:32:08.692Z","modificationDate":"2022-10-05T21:32:08.692Z","shortid":"z2VFkK0","$entitySet":"profiles"},"doDiffs":false,"timestamp":1665005528689,"id":"h35fde18q1owp97","previousOperationId":null,"operationId":"r7mzdqgjdtitzku"}
{"type":"log","level":"info","message":"Render request 1 queued for execution and waiting for available worker","previousOperationId":"r7mzdqgjdtitzku","timestamp":1665005528689,"id":"mm3jxhgdx8rtfwy"}
{"type":"operationStart","subtype":"render","name":"anonymous","previousOperationId":"r7mzdqgjdtitzku","timestamp":1665005528900,"id":"ma2r65exk715yio","previousEventId":"h35fde18q1owp97","operationId":"um0xex45mtgm8w0"}
{"type":"log","timestamp":1665005528903,"level":"info","message":"Starting rendering request 1 (user: null)","meta":{"rootId":"wbwm8vi18vp4qh3","id":"wbwm8vi18vp4qh3"},"id":"8txva4om56yoxsc","previousOperationId":"um0xex45mtgm8w0"}
{"type":"log","timestamp":1665005528906,"level":"info","message":"Rendering anonymous template { recipe: chrome-pdf, engine: handlebars }","meta":{"rootId":"wbwm8vi18vp4qh3","id":"wbwm8vi18vp4qh3"},"id":"m8uy8k0mctk641n","previousOperationId":"um0xex45mtgm8w0"}
{"type":"log","timestamp":1665005528907,"level":"debug","message":"Inline data specified.","meta":{"rootId":"wbwm8vi18vp4qh3","id":"wbwm8vi18vp4qh3"},"id":"b7a3ekp914lc9qq","previousOperationId":"um0xex45mtgm8w0"}
{"type":"log","timestamp":1665005528914,"level":"debug","message":"Base url not specified, skipping its injection.","meta":{"rootId":"wbwm8vi18vp4qh3","id":"wbwm8vi18vp4qh3"},"id":"x3c94ur9bspgoj8","previousOperationId":"um0xex45mtgm8w0"}
{"type":"operationStart","subtype":"engine","name":"handlebars","timestamp":1665005528916,"id":"ldatd8rqc3plc4b","previousEventId":"ma2r65exk715yio","operationId":"u78601s8t7gur60","previousOperationId":"um0xex45mtgm8w0"}
{"type":"log","timestamp":1665005528916,"level":"debug","message":"Rendering engine handlebars","meta":{"rootId":"wbwm8vi18vp4qh3","id":"wbwm8vi18vp4qh3"},"id":"34yyafy0pstcwuj","previousOperationId":"u78601s8t7gur60"}
{"type":"operationEnd","operationId":"u78601s8t7gur60","timestamp":1665005531136,"id":"8zh21gpl8techzr","previousEventId":"ldatd8rqc3plc4b","previousOperationId":"u78601s8t7gur60"}
{"type":"operationStart","subtype":"recipe","name":"chrome-pdf","timestamp":1665005531138,"id":"1d9553kv9e36yxm","previousEventId":"8zh21gpl8techzr","operationId":"hamdrxgd3e7zqnn","previousOperationId":"u78601s8t7gur60"}
{"type":"log","timestamp":1665005531138,"level":"debug","message":"Executing recipe chrome-pdf","meta":{"rootId":"wbwm8vi18vp4qh3","id":"wbwm8vi18vp4qh3"},"id":"7dj5o1kt8tog9gv","previousOperationId":"hamdrxgd3e7zqnn"}
{"type":"log","timestamp":1665005531297,"level":"debug","message":"Starting child request to render pdf header","meta":{"rootId":"wbwm8vi18vp4qh3","id":"wbwm8vi18vp4qh3"},"id":"tnazxmsadoye081","previousOperationId":"hamdrxgd3e7zqnn"}
{"type":"operationStart","subtype":"render","name":"anonymous","previousOperationId":"hamdrxgd3e7zqnn","timestamp":1665005531298,"id":"8o5wxnxx1qu3kpb","previousEventId":"1d9553kv9e36yxm","operationId":"7ioewknc6do0czw"}
{"type":"log","timestamp":1665005531298,"level":"info","message":"Starting rendering request 1 (user: null)","meta":{"rootId":"wbwm8vi18vp4qh3","id":"89w1p1hu1skfyrt"},"id":"vfkqk06a0d2425j","previousOperationId":"7ioewknc6do0czw"}
{"type":"log","timestamp":1665005531298,"level":"info","message":"Rendering anonymous template { recipe: html, engine: handlebars }","meta":{"rootId":"wbwm8vi18vp4qh3","id":"89w1p1hu1skfyrt"},"id":"l6sl7ls51wmwh9l","previousOperationId":"7ioewknc6do0czw"}
{"type":"log","timestamp":1665005531299,"level":"debug","message":"Inline data specified.","meta":{"rootId":"wbwm8vi18vp4qh3","id":"89w1p1hu1skfyrt"},"id":"4oibl56in32gjlh","previousOperationId":"7ioewknc6do0czw"}
{"type":"log","timestamp":1665005531304,"level":"debug","message":"Base url not specified, skipping its injection.","meta":{"rootId":"wbwm8vi18vp4qh3","id":"89w1p1hu1skfyrt"},"id":"af7u2gqadfx9cpm","previousOperationId":"7ioewknc6do0czw"}
{"type":"log","timestamp":1665005531320,"level":"debug","message":"Replaced assets [\"./src/reporting/assets/logo.png\"]","meta":{"rootId":"wbwm8vi18vp4qh3","id":"89w1p1hu1skfyrt"},"id":"b1bw0ndzn9d2q1i","previousOperationId":"7ioewknc6do0czw"}
{"type":"operationStart","subtype":"engine","name":"handlebars","timestamp":1665005531320,"id":"ysiaxm9g1q07bvr","previousEventId":"8o5wxnxx1qu3kpb","operationId":"j0l9dmnggwk5lv1","previousOperationId":"7ioewknc6do0czw"}
{"type":"log","timestamp":1665005531320,"level":"debug","message":"Rendering engine handlebars","meta":{"rootId":"wbwm8vi18vp4qh3","id":"89w1p1hu1skfyrt"},"id":"zq6y0lazy752scm","previousOperationId":"j0l9dmnggwk5lv1"}
{"type":"operationEnd","operationId":"j0l9dmnggwk5lv1","timestamp":1665005531360,"id":"c0trcd8bq4y1th3","previousEventId":"ysiaxm9g1q07bvr","previousOperationId":"j0l9dmnggwk5lv1"}
{"type":"operationStart","subtype":"recipe","name":"html","timestamp":1665005531361,"id":"8p4dp05k8eby8fz","previousEventId":"c0trcd8bq4y1th3","operationId":"ot94y0sjo6xu2hm","previousOperationId":"j0l9dmnggwk5lv1"}
{"type":"log","timestamp":1665005531361,"level":"debug","message":"Executing recipe html","meta":{"rootId":"wbwm8vi18vp4qh3","id":"89w1p1hu1skfyrt"},"id":"dhupmp1ufcx53e1","previousOperationId":"ot94y0sjo6xu2hm"}
{"type":"operationEnd","operationId":"ot94y0sjo6xu2hm","timestamp":1665005531361,"id":"dtq3mpsw5hc8g1a","previousEventId":"8p4dp05k8eby8fz","previousOperationId":"ot94y0sjo6xu2hm"}
{"type":"log","timestamp":1665005531362,"level":"debug","message":"Skipping storing report.","meta":{"rootId":"wbwm8vi18vp4qh3","id":"89w1p1hu1skfyrt"},"id":"pbv8b2asauaanlp","previousOperationId":"ot94y0sjo6xu2hm"}
{"type":"log","timestamp":1665005531363,"level":"info","message":"Rendering request 1 finished in 2691 ms","meta":{"rootId":"wbwm8vi18vp4qh3","id":"89w1p1hu1skfyrt"},"id":"tposou00rocv8hj","previousOperationId":"ot94y0sjo6xu2hm"}
{"type":"operationEnd","subtype":"render","operationId":"7ioewknc6do0czw","timestamp":1665005531363,"id":"cp3c4pr353vruzv","previousEventId":"dtq3mpsw5hc8g1a","previousOperationId":"ot94y0sjo6xu2hm"}
{"type":"log","timestamp":1665005531363,"level":"debug","message":"Starting child request to render pdf footer","meta":{"rootId":"wbwm8vi18vp4qh3","id":"wbwm8vi18vp4qh3"},"id":"nohcmsbvbp9hvmy","previousOperationId":"hamdrxgd3e7zqnn"}
{"type":"operationStart","subtype":"render","name":"anonymous","previousOperationId":"hamdrxgd3e7zqnn","timestamp":1665005531364,"id":"4crkgn2x1w7xkta","previousEventId":"1d9553kv9e36yxm","operationId":"teuwxgfjy1u26tl"}
{"type":"log","timestamp":1665005531364,"level":"info","message":"Starting rendering request 1 (user: null)","meta":{"rootId":"wbwm8vi18vp4qh3","id":"0se4b2kz34jko8l"},"id":"o0176xlp0bq3mtd","previousOperationId":"teuwxgfjy1u26tl"}
{"type":"log","timestamp":1665005531364,"level":"info","message":"Rendering anonymous template { recipe: html, engine: handlebars }","meta":{"rootId":"wbwm8vi18vp4qh3","id":"0se4b2kz34jko8l"},"id":"2bh4a2feftmzfkh","previousOperationId":"teuwxgfjy1u26tl"}
{"type":"log","timestamp":1665005531366,"level":"debug","message":"Inline data specified.","meta":{"rootId":"wbwm8vi18vp4qh3","id":"0se4b2kz34jko8l"},"id":"m12ijbe1h712ety","previousOperationId":"teuwxgfjy1u26tl"}
{"type":"log","timestamp":1665005531369,"level":"debug","message":"Base url not specified, skipping its injection.","meta":{"rootId":"wbwm8vi18vp4qh3","id":"0se4b2kz34jko8l"},"id":"kw7f675lsx2f9q3","previousOperationId":"teuwxgfjy1u26tl"}
{"type":"operationStart","subtype":"engine","name":"handlebars","timestamp":1665005531369,"id":"hi1sins9mu3wfca","previousEventId":"4crkgn2x1w7xkta","operationId":"2pg6r39j73aa8a0","previousOperationId":"teuwxgfjy1u26tl"}
{"type":"log","timestamp":1665005531369,"level":"debug","message":"Rendering engine handlebars","meta":{"rootId":"wbwm8vi18vp4qh3","id":"0se4b2kz34jko8l"},"id":"4fjyirvbab2uz5a","previousOperationId":"2pg6r39j73aa8a0"}
{"type":"operationEnd","operationId":"2pg6r39j73aa8a0","timestamp":1665005531432,"id":"17yf4zmprhic2xg","previousEventId":"hi1sins9mu3wfca","previousOperationId":"2pg6r39j73aa8a0"}
{"type":"operationStart","subtype":"recipe","name":"html","timestamp":1665005531433,"id":"xc2ymzagvcoenli","previousEventId":"17yf4zmprhic2xg","operationId":"qqwf428tby0o715","previousOperationId":"2pg6r39j73aa8a0"}
{"type":"log","timestamp":1665005531433,"level":"debug","message":"Executing recipe html","meta":{"rootId":"wbwm8vi18vp4qh3","id":"0se4b2kz34jko8l"},"id":"nlmgqwx9dsm3ovo","previousOperationId":"qqwf428tby0o715"}
{"type":"operationEnd","operationId":"qqwf428tby0o715","timestamp":1665005531433,"id":"d3iph1pj4ht5o6v","previousEventId":"xc2ymzagvcoenli","previousOperationId":"qqwf428tby0o715"}
{"type":"log","timestamp":1665005531433,"level":"debug","message":"Skipping storing report.","meta":{"rootId":"wbwm8vi18vp4qh3","id":"0se4b2kz34jko8l"},"id":"k4o2e8hatz1x65h","previousOperationId":"qqwf428tby0o715"}
{"type":"log","timestamp":1665005531433,"level":"info","message":"Rendering request 1 finished in 2761 ms","meta":{"rootId":"wbwm8vi18vp4qh3","id":"0se4b2kz34jko8l"},"id":"0dsvoe5xwwq7jd5","previousOperationId":"qqwf428tby0o715"}
{"type":"operationEnd","subtype":"render","operationId":"teuwxgfjy1u26tl","timestamp":1665005531433,"id":"w3zf5g4i3lrwyol","previousEventId":"d3iph1pj4ht5o6v","previousOperationId":"qqwf428tby0o715"}
{"type":"log","timestamp":1665005533511,"level":"debug","message":"Converting with chrome HeadlessChrome/98.0.4758.0 using chrome-pool strategy","meta":{"rootId":"wbwm8vi18vp4qh3","id":"wbwm8vi18vp4qh3"},"id":"8ukbqtlu42rarm2","previousOperationId":"hamdrxgd3e7zqnn"}
{"type":"log","timestamp":1665005533901,"level":"debug","message":"Page request: GET (document) file:///var/folders/8m/98z140gs3yzbw6jqmpbh8b8m0000gn/T/jsreport/autocleanup/6bc78bc4-9041-4cdb-8f03-e650ace04a14-chrome-pdf.html","meta":{"rootId":"wbwm8vi18vp4qh3","id":"wbwm8vi18vp4qh3"},"id":"1s8ok8bkn8vdqty","previousOperationId":"hamdrxgd3e7zqnn"}
{"type":"log","timestamp":1665005533922,"level":"debug","message":"Page request finished: GET (document) file:///var/folders/8m/98z140gs3yzbw6jqmpbh8b8m0000gn/T/jsreport/autocleanup/6bc78bc4-9041-4cdb-8f03-e650ace04a14-chrome-pdf.html","meta":{"rootId":"wbwm8vi18vp4qh3","id":"wbwm8vi18vp4qh3"},"id":"cdbs5na9kxy6dg1","previousOperationId":"hamdrxgd3e7zqnn"}
{"type":"log","timestamp":1665005533932,"level":"debug","message":"Page request: GET (stylesheet) https://fonts.googleapis.com/css2?family=Montserrat:wght@500&family=Open+Sans:wght@300&display=swap","meta":{"rootId":"wbwm8vi18vp4qh3","id":"wbwm8vi18vp4qh3"},"id":"6ioxcct34tq36me","previousOperationId":"hamdrxgd3e7zqnn"}
{"type":"log","timestamp":1665005534982,"level":"debug","message":"Page request finished: GET (stylesheet) 200 https://fonts.googleapis.com/css2?family=Montserrat:wght@500&family=Open+Sans:wght@300&display=swap","meta":{"rootId":"wbwm8vi18vp4qh3","id":"wbwm8vi18vp4qh3"},"id":"j1v8d88dfwzuw9i","previousOperationId":"hamdrxgd3e7zqnn"}
{"type":"log","timestamp":1665005535029,"level":"debug","message":"Page request: GET (font) https://fonts.gstatic.com/s/opensans/v34/memSYaGs126MiZpBA-UvWbX2vVnXBbObj2OVZyOOSr4dVJWUgsiH0B4gaVQUwaEQbjA.woff","meta":{"rootId":"wbwm8vi18vp4qh3","id":"wbwm8vi18vp4qh3"},"id":"zrad7ka41suqe2n","previousOperationId":"hamdrxgd3e7zqnn"}
{"type":"log","timestamp":1665005535038,"level":"debug","message":"Running chrome with params {\"scale\":1,\"displayHeaderFooter\":true,\"headerTemplate\":\"...\",\"footerTemplate\":\"...\",\"printBackground\":true,\"pageRanges\":\"\",\"format\":\"A4\",\"width\":\"\",\"height\":\"\",\"marginTop\":\"470px\",\"marginRight\":\"20px\",\"marginBottom\":\"80px\",\"marginLeft\":\"20px\",\"waitForJS\":false,\"waitForNetworkIddle\":false,\"timeout\":57239,\"waitForNetworkIdle\":false,\"margin\":{\"top\":\"470px\",\"right\":\"20px\",\"bottom\":\"80px\",\"left\":\"20px\"}}","meta":{"rootId":"wbwm8vi18vp4qh3","id":"wbwm8vi18vp4qh3"},"id":"y3zr7bvuw9elzgc","previousOperationId":"hamdrxgd3e7zqnn"}
{"type":"log","timestamp":1665005535045,"level":"debug","message":"Page request: GET (font) https://fonts.gstatic.com/s/opensans/v34/memSYaGs126MiZpBA-UvWbX2vVnXBbObj2OVZyOOSr4dVJWUgsiH0B4gaVQUwaEQbjA.woff","meta":{"rootId":"wbwm8vi18vp4qh3","id":"wbwm8vi18vp4qh3"},"id":"r4cjy1c7k5gbsus","previousOperationId":"hamdrxgd3e7zqnn"}
{"type":"operationEnd","operationId":"hamdrxgd3e7zqnn","timestamp":1665005535514,"id":"c5uqglb1a5xbkrj","previousEventId":"1d9553kv9e36yxm","previousOperationId":"hamdrxgd3e7zqnn"}
{"type":"log","timestamp":1665005535514,"level":"debug","message":"Skipping storing report.","meta":{"rootId":"wbwm8vi18vp4qh3","id":"wbwm8vi18vp4qh3"},"id":"w0kib0aci05j8c0","previousOperationId":"hamdrxgd3e7zqnn"}
{"type":"log","timestamp":1665005535515,"level":"info","message":"Rendering request 1 finished in 6843 ms","meta":{"rootId":"wbwm8vi18vp4qh3","id":"wbwm8vi18vp4qh3"},"id":"wyr4gb6wea0i1f0","previousOperationId":"hamdrxgd3e7zqnn"}
{"type":"operationEnd","subtype":"render","operationId":"um0xex45mtgm8w0","timestamp":1665005535515,"id":"z9fpljelq1qryon","previousEventId":"c5uqglb1a5xbkrj","previousOperationId":"hamdrxgd3e7zqnn"}
{"type":"operationEnd","doDiffs":false,"previousEventId":"h35fde18q1owp97","previousOperationId":"r7mzdqgjdtitzku","operationId":"r7mzdqgjdtitzku","timestamp":1665005535525,"id":"ynqdm84h2brbev0"}
