{"type":"operationStart","subtype":"profile","data":{"_id":"Xav3J6Nl5sgSTGOx","timestamp":"2022-10-05T21:24:35.336Z","state":"queued","mode":"standard","creationDate":"2022-10-05T21:24:35.345Z","modificationDate":"2022-10-05T21:24:35.345Z","shortid":"d48y_LG","$entitySet":"profiles"},"doDiffs":false,"timestamp":1665005075342,"id":"dkrdg0r3rmpyr4l","previousOperationId":null,"operationId":"duplbu0ua9kxoek"}
{"type":"log","level":"info","message":"Render request 1 queued for execution and waiting for available worker","previousOperationId":"duplbu0ua9kxoek","timestamp":1665005075343,"id":"ekyinhkfuucc4ed"}
{"type":"operationStart","subtype":"render","name":"anonymous","previousOperationId":"duplbu0ua9kxoek","timestamp":1665005075441,"id":"qi4r43qsexr9jom","previousEventId":"dkrdg0r3rmpyr4l","operationId":"t6se8btrohbdwlt"}
{"type":"log","timestamp":1665005075444,"level":"info","message":"Starting rendering request 1 (user: null)","meta":{"rootId":"wc1ktuho3jz9il9","id":"wc1ktuho3jz9il9"},"id":"i8iv3ldavanhwxo","previousOperationId":"t6se8btrohbdwlt"}
{"type":"log","timestamp":1665005075449,"level":"info","message":"Rendering anonymous template { recipe: chrome-pdf, engine: handlebars }","meta":{"rootId":"wc1ktuho3jz9il9","id":"wc1ktuho3jz9il9"},"id":"mjoc0ln2sx0lpse","previousOperationId":"t6se8btrohbdwlt"}
{"type":"log","timestamp":1665005075454,"level":"debug","message":"Inline data specified.","meta":{"rootId":"wc1ktuho3jz9il9","id":"wc1ktuho3jz9il9"},"id":"g75stopr8cjhgsf","previousOperationId":"t6se8btrohbdwlt"}
{"type":"log","timestamp":1665005075471,"level":"debug","message":"Base url not specified, skipping its injection.","meta":{"rootId":"wc1ktuho3jz9il9","id":"wc1ktuho3jz9il9"},"id":"c7gh5canmd61vd2","previousOperationId":"t6se8btrohbdwlt"}
{"type":"operationStart","subtype":"engine","name":"handlebars","timestamp":1665005075473,"id":"2lmve8qh9dndc6z","previousEventId":"qi4r43qsexr9jom","operationId":"9rzab6pzgtbltnq","previousOperationId":"t6se8btrohbdwlt"}
{"type":"log","timestamp":1665005075473,"level":"debug","message":"Rendering engine handlebars","meta":{"rootId":"wc1ktuho3jz9il9","id":"wc1ktuho3jz9il9"},"id":"a4g4ff5msgp182r","previousOperationId":"9rzab6pzgtbltnq"}
{"type":"operationEnd","operationId":"9rzab6pzgtbltnq","timestamp":1665005076713,"id":"kh3ttaq5kn3297w","previousEventId":"2lmve8qh9dndc6z","previousOperationId":"9rzab6pzgtbltnq"}
{"type":"operationStart","subtype":"recipe","name":"chrome-pdf","timestamp":1665005076715,"id":"pp4t5eoxpxxqzu1","previousEventId":"kh3ttaq5kn3297w","operationId":"hw3f2yk8u215h0z","previousOperationId":"9rzab6pzgtbltnq"}
{"type":"log","timestamp":1665005076715,"level":"debug","message":"Executing recipe chrome-pdf","meta":{"rootId":"wc1ktuho3jz9il9","id":"wc1ktuho3jz9il9"},"id":"eetmic8qdj8g55o","previousOperationId":"hw3f2yk8u215h0z"}
{"type":"log","timestamp":1665005077056,"level":"debug","message":"Starting child request to render pdf header","meta":{"rootId":"wc1ktuho3jz9il9","id":"wc1ktuho3jz9il9"},"id":"ox7xnqkicbugm30","previousOperationId":"hw3f2yk8u215h0z"}
{"type":"operationStart","subtype":"render","name":"anonymous","previousOperationId":"hw3f2yk8u215h0z","timestamp":1665005077057,"id":"8dc8zk3ci4hxkyi","previousEventId":"pp4t5eoxpxxqzu1","operationId":"um6vwrdi3i81vcy"}
{"type":"log","timestamp":1665005077058,"level":"info","message":"Starting rendering request 1 (user: null)","meta":{"rootId":"wc1ktuho3jz9il9","id":"djkiowz5bkm3hy4"},"id":"g5fdoja2esc66qm","previousOperationId":"um6vwrdi3i81vcy"}
{"type":"log","timestamp":1665005077058,"level":"info","message":"Rendering anonymous template { recipe: html, engine: handlebars }","meta":{"rootId":"wc1ktuho3jz9il9","id":"djkiowz5bkm3hy4"},"id":"5r7gl6lizhqymp0","previousOperationId":"um6vwrdi3i81vcy"}
{"type":"log","timestamp":1665005077058,"level":"debug","message":"Inline data specified.","meta":{"rootId":"wc1ktuho3jz9il9","id":"djkiowz5bkm3hy4"},"id":"b2kcmrkpzkx960z","previousOperationId":"um6vwrdi3i81vcy"}
{"type":"log","timestamp":1665005077062,"level":"debug","message":"Base url not specified, skipping its injection.","meta":{"rootId":"wc1ktuho3jz9il9","id":"djkiowz5bkm3hy4"},"id":"gzyb50pvljynr70","previousOperationId":"um6vwrdi3i81vcy"}
{"type":"log","timestamp":1665005077074,"level":"debug","message":"Replaced assets [\"./src/reporting/assets/logo.png\"]","meta":{"rootId":"wc1ktuho3jz9il9","id":"djkiowz5bkm3hy4"},"id":"juiayslrkc82nvw","previousOperationId":"um6vwrdi3i81vcy"}
{"type":"operationStart","subtype":"engine","name":"handlebars","timestamp":1665005077076,"id":"azi4z1gvvom5cwg","previousEventId":"8dc8zk3ci4hxkyi","operationId":"pks43vsyqhic20r","previousOperationId":"um6vwrdi3i81vcy"}
{"type":"log","timestamp":1665005077076,"level":"debug","message":"Rendering engine handlebars","meta":{"rootId":"wc1ktuho3jz9il9","id":"djkiowz5bkm3hy4"},"id":"f4ihcvxgdjgxyv9","previousOperationId":"pks43vsyqhic20r"}
{"type":"operationEnd","operationId":"pks43vsyqhic20r","timestamp":1665005077101,"id":"06g4y9v7sdem11z","previousEventId":"azi4z1gvvom5cwg","previousOperationId":"pks43vsyqhic20r"}
{"type":"operationStart","subtype":"recipe","name":"html","timestamp":1665005077102,"id":"d4pz447xkmj7gzm","previousEventId":"06g4y9v7sdem11z","operationId":"7kb7g4kuv2bp9ld","previousOperationId":"pks43vsyqhic20r"}
{"type":"log","timestamp":1665005077102,"level":"debug","message":"Executing recipe html","meta":{"rootId":"wc1ktuho3jz9il9","id":"djkiowz5bkm3hy4"},"id":"opc0p1wfueew3wb","previousOperationId":"7kb7g4kuv2bp9ld"}
{"type":"operationEnd","operationId":"7kb7g4kuv2bp9ld","timestamp":1665005077102,"id":"myalcruh0gti9pu","previousEventId":"d4pz447xkmj7gzm","previousOperationId":"7kb7g4kuv2bp9ld"}
{"type":"log","timestamp":1665005077103,"level":"debug","message":"Skipping storing report.","meta":{"rootId":"wc1ktuho3jz9il9","id":"djkiowz5bkm3hy4"},"id":"7wfp3p0dizpylga","previousOperationId":"7kb7g4kuv2bp9ld"}
{"type":"log","timestamp":1665005077104,"level":"info","message":"Rendering request 1 finished in 1770 ms","meta":{"rootId":"wc1ktuho3jz9il9","id":"djkiowz5bkm3hy4"},"id":"bnt7s2e1vdzg7lo","previousOperationId":"7kb7g4kuv2bp9ld"}
{"type":"operationEnd","subtype":"render","operationId":"um6vwrdi3i81vcy","timestamp":1665005077104,"id":"3dv9loc43mebeo0","previousEventId":"myalcruh0gti9pu","previousOperationId":"7kb7g4kuv2bp9ld"}
{"type":"log","timestamp":1665005077104,"level":"debug","message":"Starting child request to render pdf footer","meta":{"rootId":"wc1ktuho3jz9il9","id":"wc1ktuho3jz9il9"},"id":"km4rib0tw82x51m","previousOperationId":"hw3f2yk8u215h0z"}
{"type":"operationStart","subtype":"render","name":"anonymous","previousOperationId":"hw3f2yk8u215h0z","timestamp":1665005077104,"id":"59p0tty14tpo6yr","previousEventId":"pp4t5eoxpxxqzu1","operationId":"3u6en4ebkg2j4o8"}
{"type":"log","timestamp":1665005077104,"level":"info","message":"Starting rendering request 1 (user: null)","meta":{"rootId":"wc1ktuho3jz9il9","id":"43mgsqfywgz6guk"},"id":"pbm6rwmk4om0pt2","previousOperationId":"3u6en4ebkg2j4o8"}
{"type":"log","timestamp":1665005077105,"level":"info","message":"Rendering anonymous template { recipe: html, engine: handlebars }","meta":{"rootId":"wc1ktuho3jz9il9","id":"43mgsqfywgz6guk"},"id":"vl4zi0y2tz5ds83","previousOperationId":"3u6en4ebkg2j4o8"}
{"type":"log","timestamp":1665005077105,"level":"debug","message":"Inline data specified.","meta":{"rootId":"wc1ktuho3jz9il9","id":"43mgsqfywgz6guk"},"id":"ew4orsvieq148d6","previousOperationId":"3u6en4ebkg2j4o8"}
{"type":"log","timestamp":1665005077106,"level":"debug","message":"Base url not specified, skipping its injection.","meta":{"rootId":"wc1ktuho3jz9il9","id":"43mgsqfywgz6guk"},"id":"c9qaj6zsebs971s","previousOperationId":"3u6en4ebkg2j4o8"}
{"type":"operationStart","subtype":"engine","name":"handlebars","timestamp":1665005077107,"id":"fb0stq1d9bvitmb","previousEventId":"59p0tty14tpo6yr","operationId":"0v3r536wcdusg56","previousOperationId":"3u6en4ebkg2j4o8"}
{"type":"log","timestamp":1665005077107,"level":"debug","message":"Rendering engine handlebars","meta":{"rootId":"wc1ktuho3jz9il9","id":"43mgsqfywgz6guk"},"id":"b947ozrmv3mu7qx","previousOperationId":"0v3r536wcdusg56"}
{"type":"operationEnd","operationId":"0v3r536wcdusg56","timestamp":1665005077131,"id":"v73aq0yrn8h5wc4","previousEventId":"fb0stq1d9bvitmb","previousOperationId":"0v3r536wcdusg56"}
{"type":"operationStart","subtype":"recipe","name":"html","timestamp":1665005077131,"id":"h1oaeh3w5qifc43","previousEventId":"v73aq0yrn8h5wc4","operationId":"z50vhl5x2fakzsa","previousOperationId":"0v3r536wcdusg56"}
{"type":"log","timestamp":1665005077131,"level":"debug","message":"Executing recipe html","meta":{"rootId":"wc1ktuho3jz9il9","id":"43mgsqfywgz6guk"},"id":"y1x316yp4zd8xwn","previousOperationId":"z50vhl5x2fakzsa"}
{"type":"operationEnd","operationId":"z50vhl5x2fakzsa","timestamp":1665005077131,"id":"760b20j1gwcpzt8","previousEventId":"h1oaeh3w5qifc43","previousOperationId":"z50vhl5x2fakzsa"}
{"type":"log","timestamp":1665005077132,"level":"debug","message":"Skipping storing report.","meta":{"rootId":"wc1ktuho3jz9il9","id":"43mgsqfywgz6guk"},"id":"zehnl2im4dszvh4","previousOperationId":"z50vhl5x2fakzsa"}
{"type":"log","timestamp":1665005077132,"level":"info","message":"Rendering request 1 finished in 1798 ms","meta":{"rootId":"wc1ktuho3jz9il9","id":"43mgsqfywgz6guk"},"id":"eggmzyuippsv83h","previousOperationId":"z50vhl5x2fakzsa"}
{"type":"operationEnd","subtype":"render","operationId":"3u6en4ebkg2j4o8","timestamp":1665005077132,"id":"moari0vyivd9taa","previousEventId":"760b20j1gwcpzt8","previousOperationId":"z50vhl5x2fakzsa"}
{"type":"log","timestamp":1665005078893,"level":"debug","message":"Converting with chrome HeadlessChrome/98.0.4758.0 using chrome-pool strategy","meta":{"rootId":"wc1ktuho3jz9il9","id":"wc1ktuho3jz9il9"},"id":"1cr0uroj0s89zj3","previousOperationId":"hw3f2yk8u215h0z"}
{"type":"log","timestamp":1665005079237,"level":"debug","message":"Page request: GET (document) file:///var/folders/8m/98z140gs3yzbw6jqmpbh8b8m0000gn/T/jsreport/autocleanup/ad592525-b67c-4d51-ab8e-ed2bb2fac4f4-chrome-pdf.html","meta":{"rootId":"wc1ktuho3jz9il9","id":"wc1ktuho3jz9il9"},"id":"4prrk7h1qkcxvxa","previousOperationId":"hw3f2yk8u215h0z"}
{"type":"log","timestamp":1665005079260,"level":"debug","message":"Page request finished: GET (document) file:///var/folders/8m/98z140gs3yzbw6jqmpbh8b8m0000gn/T/jsreport/autocleanup/ad592525-b67c-4d51-ab8e-ed2bb2fac4f4-chrome-pdf.html","meta":{"rootId":"wc1ktuho3jz9il9","id":"wc1ktuho3jz9il9"},"id":"tfjy66tk5bktb3b","previousOperationId":"hw3f2yk8u215h0z"}
{"type":"log","timestamp":1665005079266,"level":"debug","message":"Page request: GET (stylesheet) https://fonts.googleapis.com/css2?family=Montserrat:wght@500&family=Open+Sans:wght@300&display=swap","meta":{"rootId":"wc1ktuho3jz9il9","id":"wc1ktuho3jz9il9"},"id":"8zjvb3he7q0w1m3","previousOperationId":"hw3f2yk8u215h0z"}
{"type":"log","timestamp":1665005080613,"level":"debug","message":"Page request finished: GET (stylesheet) 200 https://fonts.googleapis.com/css2?family=Montserrat:wght@500&family=Open+Sans:wght@300&display=swap","meta":{"rootId":"wc1ktuho3jz9il9","id":"wc1ktuho3jz9il9"},"id":"qj8jb7hjifktbi7","previousOperationId":"hw3f2yk8u215h0z"}
{"type":"log","timestamp":1665005080659,"level":"debug","message":"Page request: GET (font) https://fonts.gstatic.com/s/opensans/v34/memSYaGs126MiZpBA-UvWbX2vVnXBbObj2OVZyOOSr4dVJWUgsiH0B4gaVQUwaEQbjA.woff","meta":{"rootId":"wc1ktuho3jz9il9","id":"wc1ktuho3jz9il9"},"id":"375e2cyici0fgbk","previousOperationId":"hw3f2yk8u215h0z"}
{"type":"log","timestamp":1665005080664,"level":"debug","message":"Running chrome with params {\"scale\":1,\"displayHeaderFooter\":true,\"headerTemplate\":\"...\",\"footerTemplate\":\"...\",\"printBackground\":true,\"pageRanges\":\"\",\"format\":\"A4\",\"width\":\"\",\"height\":\"\",\"marginTop\":\"470px\",\"marginRight\":\"20px\",\"marginBottom\":\"80px\",\"marginLeft\":\"20px\",\"waitForJS\":false,\"waitForNetworkIddle\":false,\"timeout\":58202,\"waitForNetworkIdle\":false,\"margin\":{\"top\":\"470px\",\"right\":\"20px\",\"bottom\":\"80px\",\"left\":\"20px\"}}","meta":{"rootId":"wc1ktuho3jz9il9","id":"wc1ktuho3jz9il9"},"id":"7vc3yv77o6of942","previousOperationId":"hw3f2yk8u215h0z"}
{"type":"log","timestamp":1665005080669,"level":"debug","message":"Page request: GET (font) https://fonts.gstatic.com/s/opensans/v34/memSYaGs126MiZpBA-UvWbX2vVnXBbObj2OVZyOOSr4dVJWUgsiH0B4gaVQUwaEQbjA.woff","meta":{"rootId":"wc1ktuho3jz9il9","id":"wc1ktuho3jz9il9"},"id":"01mce7cjt1l1i3o","previousOperationId":"hw3f2yk8u215h0z"}
{"type":"operationEnd","operationId":"hw3f2yk8u215h0z","timestamp":1665005080890,"id":"lasp2k7y4biczwi","previousEventId":"pp4t5eoxpxxqzu1","previousOperationId":"hw3f2yk8u215h0z"}
{"type":"log","timestamp":1665005080893,"level":"debug","message":"Skipping storing report.","meta":{"rootId":"wc1ktuho3jz9il9","id":"wc1ktuho3jz9il9"},"id":"nwl1dmccfzgclxj","previousOperationId":"hw3f2yk8u215h0z"}
{"type":"log","timestamp":1665005080893,"level":"info","message":"Rendering request 1 finished in 5559 ms","meta":{"rootId":"wc1ktuho3jz9il9","id":"wc1ktuho3jz9il9"},"id":"wdoattt7avs3e3z","previousOperationId":"hw3f2yk8u215h0z"}
{"type":"operationEnd","subtype":"render","operationId":"t6se8btrohbdwlt","timestamp":1665005080893,"id":"rgxpeh15tkqhyzt","previousEventId":"lasp2k7y4biczwi","previousOperationId":"hw3f2yk8u215h0z"}
{"type":"operationEnd","doDiffs":false,"previousEventId":"dkrdg0r3rmpyr4l","previousOperationId":"duplbu0ua9kxoek","operationId":"duplbu0ua9kxoek","timestamp":1665005080899,"id":"hr27wtqvd8dqyvu"}
