{"type":"operationStart","subtype":"profile","data":{"_id":"fbFP1vL364efMbuC","timestamp":"2023-03-28T17:49:31.721Z","state":"queued","mode":"standard","creationDate":"2023-03-28T17:49:31.772Z","modificationDate":"2023-03-28T17:49:31.772Z","shortid":"71K-Gut","$entitySet":"profiles"},"doDiffs":false,"timestamp":1680025771734,"id":"7zmw0ifntt4j7t6","previousOperationId":null,"operationId":"u7uzjed19r5vbzl"}
{"type":"log","level":"info","message":"Render request 1 queued for execution and waiting for available worker","previousOperationId":"u7uzjed19r5vbzl","timestamp":1680025771761,"id":"wacfxa74n1e1wfi"}
{"type":"operationStart","subtype":"render","name":"anonymous","previousOperationId":"u7uzjed19r5vbzl","timestamp":1680025771863,"id":"ddypkruj2bipaxb","previousEventId":"7zmw0ifntt4j7t6","operationId":"pv6m8zneskathy7"}
{"type":"log","timestamp":1680025771869,"level":"info","message":"Starting rendering request 1 (user: null)","meta":{"rootId":"wf7bood0yrbosd8","id":"wf7bood0yrbosd8"},"id":"sw96wffp7rzeg78","previousOperationId":"pv6m8zneskathy7"}
{"type":"log","timestamp":1680025771876,"level":"info","message":"Rendering anonymous template { recipe: chrome-pdf, engine: handlebars }","meta":{"rootId":"wf7bood0yrbosd8","id":"wf7bood0yrbosd8"},"id":"54k3ms7mfm9isvz","previousOperationId":"pv6m8zneskathy7"}
{"type":"log","timestamp":1680025771878,"level":"debug","message":"Inline data specified.","meta":{"rootId":"wf7bood0yrbosd8","id":"wf7bood0yrbosd8"},"id":"etdgrv59x41vgk4","previousOperationId":"pv6m8zneskathy7"}
{"type":"log","timestamp":1680025771893,"level":"debug","message":"Base url not specified, skipping its injection.","meta":{"rootId":"wf7bood0yrbosd8","id":"wf7bood0yrbosd8"},"id":"hnftfc3ivzy7rar","previousOperationId":"pv6m8zneskathy7"}
{"type":"operationStart","subtype":"engine","name":"handlebars","timestamp":1680025771899,"id":"bvmld8w94t4tscs","previousEventId":"ddypkruj2bipaxb","operationId":"i3mspfgtq1qqtue","previousOperationId":"pv6m8zneskathy7"}
{"type":"log","timestamp":1680025771899,"level":"debug","message":"Rendering engine handlebars","meta":{"rootId":"wf7bood0yrbosd8","id":"wf7bood0yrbosd8"},"id":"zev573tws4e8rj0","previousOperationId":"i3mspfgtq1qqtue"}
{"type":"operationEnd","operationId":"i3mspfgtq1qqtue","timestamp":1680025774413,"id":"1zd4vqfj3e7zgkb","previousEventId":"bvmld8w94t4tscs","previousOperationId":"i3mspfgtq1qqtue"}
{"type":"operationStart","subtype":"recipe","name":"chrome-pdf","timestamp":1680025774415,"id":"zj708xo739xcz2c","previousEventId":"1zd4vqfj3e7zgkb","operationId":"0n7rawdm185u2j8","previousOperationId":"i3mspfgtq1qqtue"}
{"type":"log","timestamp":1680025774415,"level":"debug","message":"Executing recipe chrome-pdf","meta":{"rootId":"wf7bood0yrbosd8","id":"wf7bood0yrbosd8"},"id":"uaxkzmuwvvpj329","previousOperationId":"0n7rawdm185u2j8"}
{"type":"log","timestamp":1680025774694,"level":"debug","message":"Starting child request to render pdf header","meta":{"rootId":"wf7bood0yrbosd8","id":"wf7bood0yrbosd8"},"id":"q9prjon6j70rbea","previousOperationId":"0n7rawdm185u2j8"}
{"type":"operationStart","subtype":"render","name":"anonymous","previousOperationId":"0n7rawdm185u2j8","timestamp":1680025774696,"id":"aopsf97phxasfvi","previousEventId":"zj708xo739xcz2c","operationId":"7b3nw1f07juzfir"}
{"type":"log","timestamp":1680025774696,"level":"info","message":"Starting rendering request 1 (user: null)","meta":{"rootId":"wf7bood0yrbosd8","id":"mo7fnotcs4sbl53"},"id":"qswey7m1l05pblv","previousOperationId":"7b3nw1f07juzfir"}
{"type":"log","timestamp":1680025774696,"level":"info","message":"Rendering anonymous template { recipe: html, engine: handlebars }","meta":{"rootId":"wf7bood0yrbosd8","id":"mo7fnotcs4sbl53"},"id":"dairca9x9f2cban","previousOperationId":"7b3nw1f07juzfir"}
{"type":"log","timestamp":1680025774696,"level":"debug","message":"Inline data specified.","meta":{"rootId":"wf7bood0yrbosd8","id":"mo7fnotcs4sbl53"},"id":"0r6ygt4x58m533u","previousOperationId":"7b3nw1f07juzfir"}
{"type":"log","timestamp":1680025774698,"level":"debug","message":"Base url not specified, skipping its injection.","meta":{"rootId":"wf7bood0yrbosd8","id":"mo7fnotcs4sbl53"},"id":"k0a4qxiocb4q1nj","previousOperationId":"7b3nw1f07juzfir"}
{"type":"log","timestamp":1680025774712,"level":"debug","message":"Replaced assets [\"./src/reporting/assets/logo.png\"]","meta":{"rootId":"wf7bood0yrbosd8","id":"mo7fnotcs4sbl53"},"id":"2mldv0oi6ocksda","previousOperationId":"7b3nw1f07juzfir"}
{"type":"operationStart","subtype":"engine","name":"handlebars","timestamp":1680025774713,"id":"cq2x01wwyf62kts","previousEventId":"aopsf97phxasfvi","operationId":"3l25ea4fmwqvja8","previousOperationId":"7b3nw1f07juzfir"}
{"type":"log","timestamp":1680025774713,"level":"debug","message":"Rendering engine handlebars","meta":{"rootId":"wf7bood0yrbosd8","id":"mo7fnotcs4sbl53"},"id":"ynd5woslqx9vo6s","previousOperationId":"3l25ea4fmwqvja8"}
{"type":"operationEnd","operationId":"3l25ea4fmwqvja8","timestamp":1680025774754,"id":"14xtleffyg4sdh1","previousEventId":"cq2x01wwyf62kts","previousOperationId":"3l25ea4fmwqvja8"}
{"type":"operationStart","subtype":"recipe","name":"html","timestamp":1680025774755,"id":"1xvd10s3qfcdjwk","previousEventId":"14xtleffyg4sdh1","operationId":"x0t7e8xpt0eaujk","previousOperationId":"3l25ea4fmwqvja8"}
{"type":"log","timestamp":1680025774755,"level":"debug","message":"Executing recipe html","meta":{"rootId":"wf7bood0yrbosd8","id":"mo7fnotcs4sbl53"},"id":"2ddmb5z0ra0qstv","previousOperationId":"x0t7e8xpt0eaujk"}
{"type":"operationEnd","operationId":"x0t7e8xpt0eaujk","timestamp":1680025774755,"id":"0g58b59hh03ewot","previousEventId":"1xvd10s3qfcdjwk","previousOperationId":"x0t7e8xpt0eaujk"}
{"type":"log","timestamp":1680025774756,"level":"debug","message":"Skipping storing report.","meta":{"rootId":"wf7bood0yrbosd8","id":"mo7fnotcs4sbl53"},"id":"e4xn16qq24t6js7","previousOperationId":"x0t7e8xpt0eaujk"}
{"type":"log","timestamp":1680025774757,"level":"info","message":"Rendering request 1 finished in 3039 ms","meta":{"rootId":"wf7bood0yrbosd8","id":"mo7fnotcs4sbl53"},"id":"b7dqhbozhnl8hi6","previousOperationId":"x0t7e8xpt0eaujk"}
{"type":"operationEnd","subtype":"render","operationId":"7b3nw1f07juzfir","timestamp":1680025774757,"id":"hwcnyu5rym4f4mi","previousEventId":"0g58b59hh03ewot","previousOperationId":"x0t7e8xpt0eaujk"}
{"type":"log","timestamp":1680025774757,"level":"debug","message":"Starting child request to render pdf footer","meta":{"rootId":"wf7bood0yrbosd8","id":"wf7bood0yrbosd8"},"id":"ohgqc88rffkfvbv","previousOperationId":"0n7rawdm185u2j8"}
{"type":"operationStart","subtype":"render","name":"anonymous","previousOperationId":"0n7rawdm185u2j8","timestamp":1680025774757,"id":"xrf63lb8egtfq3d","previousEventId":"zj708xo739xcz2c","operationId":"otzlstzlszurtmq"}
{"type":"log","timestamp":1680025774757,"level":"info","message":"Starting rendering request 1 (user: null)","meta":{"rootId":"wf7bood0yrbosd8","id":"r57k6402a9zdiz1"},"id":"tcnba5isjcye87o","previousOperationId":"otzlstzlszurtmq"}
{"type":"log","timestamp":1680025774758,"level":"info","message":"Rendering anonymous template { recipe: html, engine: handlebars }","meta":{"rootId":"wf7bood0yrbosd8","id":"r57k6402a9zdiz1"},"id":"i6nrhqwkwyr7u7n","previousOperationId":"otzlstzlszurtmq"}
{"type":"log","timestamp":1680025774758,"level":"debug","message":"Inline data specified.","meta":{"rootId":"wf7bood0yrbosd8","id":"r57k6402a9zdiz1"},"id":"3musxo7wvuxduv2","previousOperationId":"otzlstzlszurtmq"}
{"type":"log","timestamp":1680025774760,"level":"debug","message":"Base url not specified, skipping its injection.","meta":{"rootId":"wf7bood0yrbosd8","id":"r57k6402a9zdiz1"},"id":"d3v7u976lqblppk","previousOperationId":"otzlstzlszurtmq"}
{"type":"operationStart","subtype":"engine","name":"handlebars","timestamp":1680025774760,"id":"2c6t6stvspia0z4","previousEventId":"xrf63lb8egtfq3d","operationId":"qkibrbn8xsksgje","previousOperationId":"otzlstzlszurtmq"}
{"type":"log","timestamp":1680025774761,"level":"debug","message":"Rendering engine handlebars","meta":{"rootId":"wf7bood0yrbosd8","id":"r57k6402a9zdiz1"},"id":"q6ctnw3lnvtyxsb","previousOperationId":"qkibrbn8xsksgje"}
{"type":"operationEnd","operationId":"qkibrbn8xsksgje","timestamp":1680025774789,"id":"kk7lutgbi8e51pq","previousEventId":"2c6t6stvspia0z4","previousOperationId":"qkibrbn8xsksgje"}
{"type":"operationStart","subtype":"recipe","name":"html","timestamp":1680025774789,"id":"4wh5h3ndvf14n1p","previousEventId":"kk7lutgbi8e51pq","operationId":"bi6f9juqmpqmo2q","previousOperationId":"qkibrbn8xsksgje"}
{"type":"log","timestamp":1680025774789,"level":"debug","message":"Executing recipe html","meta":{"rootId":"wf7bood0yrbosd8","id":"r57k6402a9zdiz1"},"id":"e5gk13w0pk7g8hw","previousOperationId":"bi6f9juqmpqmo2q"}
{"type":"operationEnd","operationId":"bi6f9juqmpqmo2q","timestamp":1680025774789,"id":"vyehrti5onnfxew","previousEventId":"4wh5h3ndvf14n1p","previousOperationId":"bi6f9juqmpqmo2q"}
{"type":"log","timestamp":1680025774790,"level":"debug","message":"Skipping storing report.","meta":{"rootId":"wf7bood0yrbosd8","id":"r57k6402a9zdiz1"},"id":"etdn5gcirifynt8","previousOperationId":"bi6f9juqmpqmo2q"}
{"type":"log","timestamp":1680025774790,"level":"info","message":"Rendering request 1 finished in 3072 ms","meta":{"rootId":"wf7bood0yrbosd8","id":"r57k6402a9zdiz1"},"id":"fkabxcjza8t0i2p","previousOperationId":"bi6f9juqmpqmo2q"}
{"type":"operationEnd","subtype":"render","operationId":"otzlstzlszurtmq","timestamp":1680025774790,"id":"8x1muxzsu0dt8e4","previousEventId":"vyehrti5onnfxew","previousOperationId":"bi6f9juqmpqmo2q"}
{"type":"log","timestamp":1680025775139,"level":"debug","message":"Converting with chrome HeadlessChrome/98.0.4758.0 using chrome-pool strategy","meta":{"rootId":"wf7bood0yrbosd8","id":"wf7bood0yrbosd8"},"id":"jkecyan5xtxechk","previousOperationId":"0n7rawdm185u2j8"}
{"type":"log","timestamp":1680025775394,"level":"debug","message":"Page request: GET (document) file:///C:/Users/ADMINI~1/AppData/Local/Temp/jsreport/autocleanup/4029a8cb-e8bf-4c75-879a-4db71f4a6df3-chrome-pdf.html","meta":{"rootId":"wf7bood0yrbosd8","id":"wf7bood0yrbosd8"},"id":"4ky3vf7rb8fh7h0","previousOperationId":"0n7rawdm185u2j8"}
{"type":"log","timestamp":1680025775430,"level":"debug","message":"Page request finished: GET (document) file:///C:/Users/ADMINI~1/AppData/Local/Temp/jsreport/autocleanup/4029a8cb-e8bf-4c75-879a-4db71f4a6df3-chrome-pdf.html","meta":{"rootId":"wf7bood0yrbosd8","id":"wf7bood0yrbosd8"},"id":"uuqrm406aamanz0","previousOperationId":"0n7rawdm185u2j8"}
{"type":"log","timestamp":1680025775442,"level":"debug","message":"Page request: GET (stylesheet) https://fonts.googleapis.com/css2?family=Montserrat:wght@500&family=Open+Sans:wght@300&display=swap","meta":{"rootId":"wf7bood0yrbosd8","id":"wf7bood0yrbosd8"},"id":"h04i4v0kp14tfpm","previousOperationId":"0n7rawdm185u2j8"}
{"type":"log","timestamp":1680025776071,"level":"debug","message":"Page request finished: GET (stylesheet) 200 https://fonts.googleapis.com/css2?family=Montserrat:wght@500&family=Open+Sans:wght@300&display=swap","meta":{"rootId":"wf7bood0yrbosd8","id":"wf7bood0yrbosd8"},"id":"vbrp231zpwv2slr","previousOperationId":"0n7rawdm185u2j8"}
{"type":"log","timestamp":1680025776221,"level":"debug","message":"Page request: GET (font) https://fonts.gstatic.com/s/opensans/v34/memSYaGs126MiZpBA-UvWbX2vVnXBbObj2OVZyOOSr4dVJWUgsiH0B4gaVI.woff2","meta":{"rootId":"wf7bood0yrbosd8","id":"wf7bood0yrbosd8"},"id":"cgx0veu9av0sxno","previousOperationId":"0n7rawdm185u2j8"}
{"type":"log","timestamp":1680025776225,"level":"debug","message":"Page request: GET (font) https://fonts.gstatic.com/s/opensans/v34/memSYaGs126MiZpBA-UvWbX2vVnXBbObj2OVZyOOSr4dVJWUgsiH0B4gaVI.woff2","meta":{"rootId":"wf7bood0yrbosd8","id":"wf7bood0yrbosd8"},"id":"sc48idbinfvuexi","previousOperationId":"0n7rawdm185u2j8"}
{"type":"log","timestamp":1680025776472,"level":"debug","message":"Page request finished: GET (font) 200 https://fonts.gstatic.com/s/opensans/v34/memSYaGs126MiZpBA-UvWbX2vVnXBbObj2OVZyOOSr4dVJWUgsiH0B4gaVI.woff2","meta":{"rootId":"wf7bood0yrbosd8","id":"wf7bood0yrbosd8"},"id":"x9w10mm2qfohqhf","previousOperationId":"0n7rawdm185u2j8"}
{"type":"log","timestamp":1680025776684,"level":"debug","message":"Running chrome with params {\"scale\":1,\"displayHeaderFooter\":true,\"headerTemplate\":\"...\",\"footerTemplate\":\"...\",\"printBackground\":true,\"pageRanges\":\"\",\"format\":\"A4\",\"width\":\"\",\"height\":\"\",\"marginTop\":\"470px\",\"marginRight\":\"20px\",\"marginBottom\":\"80px\",\"marginLeft\":\"20px\",\"waitForJS\":false,\"waitForNetworkIddle\":false,\"timeout\":56927,\"waitForNetworkIdle\":false,\"margin\":{\"top\":\"470px\",\"right\":\"20px\",\"bottom\":\"80px\",\"left\":\"20px\"}}","meta":{"rootId":"wf7bood0yrbosd8","id":"wf7bood0yrbosd8"},"id":"fedctjs6qu9x2k5","previousOperationId":"0n7rawdm185u2j8"}
{"type":"operationEnd","operationId":"0n7rawdm185u2j8","timestamp":1680025778001,"id":"3k4kon5euqqeumk","previousEventId":"zj708xo739xcz2c","previousOperationId":"0n7rawdm185u2j8"}
{"type":"log","timestamp":1680025778001,"level":"debug","message":"Skipping storing report.","meta":{"rootId":"wf7bood0yrbosd8","id":"wf7bood0yrbosd8"},"id":"zmb8z7fjq89klp9","previousOperationId":"0n7rawdm185u2j8"}
{"type":"log","timestamp":1680025778002,"level":"info","message":"Rendering request 1 finished in 6284 ms","meta":{"rootId":"wf7bood0yrbosd8","id":"wf7bood0yrbosd8"},"id":"01mmxb19tgusp8l","previousOperationId":"0n7rawdm185u2j8"}
{"type":"operationEnd","subtype":"render","operationId":"pv6m8zneskathy7","timestamp":1680025778002,"id":"glx36i33aoffsu6","previousEventId":"3k4kon5euqqeumk","previousOperationId":"0n7rawdm185u2j8"}
{"type":"operationEnd","doDiffs":false,"previousEventId":"7zmw0ifntt4j7t6","previousOperationId":"u7uzjed19r5vbzl","operationId":"u7uzjed19r5vbzl","timestamp":1680025778018,"id":"sjfsoet4npq553x"}
