{"type":"operationStart","subtype":"profile","data":{"_id":"iBxmuVwJmEtZc1Lr","timestamp":"2022-10-05T21:11:16.145Z","state":"queued","mode":"standard","creationDate":"2022-10-05T21:11:16.158Z","modificationDate":"2022-10-05T21:11:16.159Z","shortid":"MrhVmJD","$entitySet":"profiles"},"doDiffs":false,"timestamp":1665004276147,"id":"s4vkwoyisn86fqa","previousOperationId":null,"operationId":"atfuv9y9bwngfsm"}
{"type":"log","level":"info","message":"Render request 1 queued for execution and waiting for available worker","previousOperationId":"atfuv9y9bwngfsm","timestamp":1665004276147,"id":"ebbkpsepef0yr1l"}
{"type":"operationStart","subtype":"render","name":"anonymous","previousOperationId":"atfuv9y9bwngfsm","timestamp":1665004276216,"id":"n535iu5k2il0dxv","previousEventId":"s4vkwoyisn86fqa","operationId":"vtxnr63ccrz4ojn"}
{"type":"log","timestamp":1665004276222,"level":"info","message":"Starting rendering request 1 (user: null)","meta":{"rootId":"wrvhaukmn7la4dq","id":"wrvhaukmn7la4dq"},"id":"k3hwrczo9mdmaki","previousOperationId":"vtxnr63ccrz4ojn"}
{"type":"log","timestamp":1665004276226,"level":"info","message":"Rendering anonymous template { recipe: chrome-pdf, engine: handlebars }","meta":{"rootId":"wrvhaukmn7la4dq","id":"wrvhaukmn7la4dq"},"id":"s7k0ift2p87caee","previousOperationId":"vtxnr63ccrz4ojn"}
{"type":"log","timestamp":1665004276227,"level":"debug","message":"Inline data specified.","meta":{"rootId":"wrvhaukmn7la4dq","id":"wrvhaukmn7la4dq"},"id":"mf2ea22982t2shp","previousOperationId":"vtxnr63ccrz4ojn"}
{"type":"log","timestamp":1665004276233,"level":"debug","message":"Base url not specified, skipping its injection.","meta":{"rootId":"wrvhaukmn7la4dq","id":"wrvhaukmn7la4dq"},"id":"tjswbtrx4lp9t3k","previousOperationId":"vtxnr63ccrz4ojn"}
{"type":"operationStart","subtype":"engine","name":"handlebars","timestamp":1665004276238,"id":"5iu6kycurig4qg7","previousEventId":"n535iu5k2il0dxv","operationId":"skf3jymp3cmi975","previousOperationId":"vtxnr63ccrz4ojn"}
{"type":"log","timestamp":1665004276238,"level":"debug","message":"Rendering engine handlebars","meta":{"rootId":"wrvhaukmn7la4dq","id":"wrvhaukmn7la4dq"},"id":"e467fwy9nr2voq9","previousOperationId":"skf3jymp3cmi975"}
{"type":"operationEnd","operationId":"skf3jymp3cmi975","timestamp":1665004278196,"id":"qpq89wrqv3bnpqz","previousEventId":"5iu6kycurig4qg7","previousOperationId":"skf3jymp3cmi975"}
{"type":"operationStart","subtype":"recipe","name":"chrome-pdf","timestamp":1665004278197,"id":"q7u7ez8uaticaon","previousEventId":"qpq89wrqv3bnpqz","operationId":"s7nv450ayg4axzi","previousOperationId":"skf3jymp3cmi975"}
{"type":"log","timestamp":1665004278197,"level":"debug","message":"Executing recipe chrome-pdf","meta":{"rootId":"wrvhaukmn7la4dq","id":"wrvhaukmn7la4dq"},"id":"2rd1zrm4tgu01qw","previousOperationId":"s7nv450ayg4axzi"}
{"type":"log","timestamp":1665004278685,"level":"debug","message":"Starting child request to render pdf header","meta":{"rootId":"wrvhaukmn7la4dq","id":"wrvhaukmn7la4dq"},"id":"usd4tqihxb495wp","previousOperationId":"s7nv450ayg4axzi"}
{"type":"operationStart","subtype":"render","name":"anonymous","previousOperationId":"s7nv450ayg4axzi","timestamp":1665004278686,"id":"vyunj5xze2wo7b7","previousEventId":"q7u7ez8uaticaon","operationId":"syrgnf941im9s5f"}
{"type":"log","timestamp":1665004278686,"level":"info","message":"Starting rendering request 1 (user: null)","meta":{"rootId":"wrvhaukmn7la4dq","id":"46oqvx1zlyfdzbh"},"id":"u7ml504tifn3zx5","previousOperationId":"syrgnf941im9s5f"}
{"type":"log","timestamp":1665004278686,"level":"info","message":"Rendering anonymous template { recipe: html, engine: handlebars }","meta":{"rootId":"wrvhaukmn7la4dq","id":"46oqvx1zlyfdzbh"},"id":"zwmlnf7ssk4fbz3","previousOperationId":"syrgnf941im9s5f"}
{"type":"log","timestamp":1665004278687,"level":"debug","message":"Inline data specified.","meta":{"rootId":"wrvhaukmn7la4dq","id":"46oqvx1zlyfdzbh"},"id":"53ear5jzazvtbs0","previousOperationId":"syrgnf941im9s5f"}
{"type":"log","timestamp":1665004278712,"level":"debug","message":"Base url not specified, skipping its injection.","meta":{"rootId":"wrvhaukmn7la4dq","id":"46oqvx1zlyfdzbh"},"id":"hws7di2epho7xu8","previousOperationId":"syrgnf941im9s5f"}
{"type":"log","timestamp":1665004278728,"level":"debug","message":"Replaced assets [\"./src/reporting/assets/logo.png\"]","meta":{"rootId":"wrvhaukmn7la4dq","id":"46oqvx1zlyfdzbh"},"id":"iwp4inksyp38dy5","previousOperationId":"syrgnf941im9s5f"}
{"type":"operationStart","subtype":"engine","name":"handlebars","timestamp":1665004278728,"id":"wwzxlyjy0j6jauw","previousEventId":"vyunj5xze2wo7b7","operationId":"hecd66mxg2wm5fq","previousOperationId":"syrgnf941im9s5f"}
{"type":"log","timestamp":1665004278728,"level":"debug","message":"Rendering engine handlebars","meta":{"rootId":"wrvhaukmn7la4dq","id":"46oqvx1zlyfdzbh"},"id":"9orcaq8s1td52h1","previousOperationId":"hecd66mxg2wm5fq"}
{"type":"operationEnd","operationId":"hecd66mxg2wm5fq","timestamp":1665004278772,"id":"ea3ad4yo1kaw01m","previousEventId":"wwzxlyjy0j6jauw","previousOperationId":"hecd66mxg2wm5fq"}
{"type":"operationStart","subtype":"recipe","name":"html","timestamp":1665004278773,"id":"mhksliu7ltc8hke","previousEventId":"ea3ad4yo1kaw01m","operationId":"d3cg273f7htra94","previousOperationId":"hecd66mxg2wm5fq"}
{"type":"log","timestamp":1665004278773,"level":"debug","message":"Executing recipe html","meta":{"rootId":"wrvhaukmn7la4dq","id":"46oqvx1zlyfdzbh"},"id":"inn2wyr0uv67s1u","previousOperationId":"d3cg273f7htra94"}
{"type":"operationEnd","operationId":"d3cg273f7htra94","timestamp":1665004278774,"id":"dsr5uxmhbd5nup9","previousEventId":"mhksliu7ltc8hke","previousOperationId":"d3cg273f7htra94"}
{"type":"log","timestamp":1665004278778,"level":"debug","message":"Skipping storing report.","meta":{"rootId":"wrvhaukmn7la4dq","id":"46oqvx1zlyfdzbh"},"id":"n8d6h69x8ca7sna","previousOperationId":"d3cg273f7htra94"}
{"type":"log","timestamp":1665004278779,"level":"info","message":"Rendering request 1 finished in 2636 ms","meta":{"rootId":"wrvhaukmn7la4dq","id":"46oqvx1zlyfdzbh"},"id":"120efzr5y9qi66n","previousOperationId":"d3cg273f7htra94"}
{"type":"operationEnd","subtype":"render","operationId":"syrgnf941im9s5f","timestamp":1665004278779,"id":"jah4pmtsht99nlm","previousEventId":"dsr5uxmhbd5nup9","previousOperationId":"d3cg273f7htra94"}
{"type":"log","timestamp":1665004278779,"level":"debug","message":"Starting child request to render pdf footer","meta":{"rootId":"wrvhaukmn7la4dq","id":"wrvhaukmn7la4dq"},"id":"ymupy1qaf51is0s","previousOperationId":"s7nv450ayg4axzi"}
{"type":"operationStart","subtype":"render","name":"anonymous","previousOperationId":"s7nv450ayg4axzi","timestamp":1665004278779,"id":"0tb2jfhwz2mhw7u","previousEventId":"q7u7ez8uaticaon","operationId":"rdbz2f8ddtigits"}
{"type":"log","timestamp":1665004278780,"level":"info","message":"Starting rendering request 1 (user: null)","meta":{"rootId":"wrvhaukmn7la4dq","id":"0ubxn8hf4g0tz6f"},"id":"mfg6fl8q1z3k42y","previousOperationId":"rdbz2f8ddtigits"}
{"type":"log","timestamp":1665004278780,"level":"info","message":"Rendering anonymous template { recipe: html, engine: handlebars }","meta":{"rootId":"wrvhaukmn7la4dq","id":"0ubxn8hf4g0tz6f"},"id":"c3mpdyyf3dm4b79","previousOperationId":"rdbz2f8ddtigits"}
{"type":"log","timestamp":1665004278780,"level":"debug","message":"Inline data specified.","meta":{"rootId":"wrvhaukmn7la4dq","id":"0ubxn8hf4g0tz6f"},"id":"8e5cwtzugg0s6sj","previousOperationId":"rdbz2f8ddtigits"}
{"type":"log","timestamp":1665004278782,"level":"debug","message":"Base url not specified, skipping its injection.","meta":{"rootId":"wrvhaukmn7la4dq","id":"0ubxn8hf4g0tz6f"},"id":"k8k58sb557lhvoh","previousOperationId":"rdbz2f8ddtigits"}
{"type":"operationStart","subtype":"engine","name":"handlebars","timestamp":1665004278783,"id":"qvdnrehqt1k3r79","previousEventId":"0tb2jfhwz2mhw7u","operationId":"j8sgcifp0qrp1zv","previousOperationId":"rdbz2f8ddtigits"}
{"type":"log","timestamp":1665004278783,"level":"debug","message":"Rendering engine handlebars","meta":{"rootId":"wrvhaukmn7la4dq","id":"0ubxn8hf4g0tz6f"},"id":"59eye6bkz1wmbmu","previousOperationId":"j8sgcifp0qrp1zv"}
{"type":"operationEnd","operationId":"j8sgcifp0qrp1zv","timestamp":1665004278826,"id":"0qfi7e446mkrt7o","previousEventId":"qvdnrehqt1k3r79","previousOperationId":"j8sgcifp0qrp1zv"}
{"type":"operationStart","subtype":"recipe","name":"html","timestamp":1665004278827,"id":"ipofngp4a2jznlb","previousEventId":"0qfi7e446mkrt7o","operationId":"u2xqsswrgkog3bx","previousOperationId":"j8sgcifp0qrp1zv"}
{"type":"log","timestamp":1665004278827,"level":"debug","message":"Executing recipe html","meta":{"rootId":"wrvhaukmn7la4dq","id":"0ubxn8hf4g0tz6f"},"id":"8f6tjfgpmr4xzmz","previousOperationId":"u2xqsswrgkog3bx"}
{"type":"operationEnd","operationId":"u2xqsswrgkog3bx","timestamp":1665004278827,"id":"pwdobveirml0vj5","previousEventId":"ipofngp4a2jznlb","previousOperationId":"u2xqsswrgkog3bx"}
{"type":"log","timestamp":1665004278827,"level":"debug","message":"Skipping storing report.","meta":{"rootId":"wrvhaukmn7la4dq","id":"0ubxn8hf4g0tz6f"},"id":"bakmigcqr43hdlg","previousOperationId":"u2xqsswrgkog3bx"}
{"type":"log","timestamp":1665004278827,"level":"info","message":"Rendering request 1 finished in 2684 ms","meta":{"rootId":"wrvhaukmn7la4dq","id":"0ubxn8hf4g0tz6f"},"id":"xlqxqcmokzidz6n","previousOperationId":"u2xqsswrgkog3bx"}
{"type":"operationEnd","subtype":"render","operationId":"rdbz2f8ddtigits","timestamp":1665004278828,"id":"uhpykbkxwxensqi","previousEventId":"pwdobveirml0vj5","previousOperationId":"u2xqsswrgkog3bx"}
{"type":"log","timestamp":1665004281488,"level":"debug","message":"Converting with chrome HeadlessChrome/98.0.4758.0 using chrome-pool strategy","meta":{"rootId":"wrvhaukmn7la4dq","id":"wrvhaukmn7la4dq"},"id":"p4tx2a7a6y07bum","previousOperationId":"s7nv450ayg4axzi"}
{"type":"log","timestamp":1665004281952,"level":"debug","message":"Page request: GET (document) file:///var/folders/8m/98z140gs3yzbw6jqmpbh8b8m0000gn/T/jsreport/autocleanup/bc4f9698-2b68-456b-8123-0949b4e2e2ca-chrome-pdf.html","meta":{"rootId":"wrvhaukmn7la4dq","id":"wrvhaukmn7la4dq"},"id":"6ui5esbrgex2jqk","previousOperationId":"s7nv450ayg4axzi"}
{"type":"log","timestamp":1665004282089,"level":"debug","message":"Page request finished: GET (document) file:///var/folders/8m/98z140gs3yzbw6jqmpbh8b8m0000gn/T/jsreport/autocleanup/bc4f9698-2b68-456b-8123-0949b4e2e2ca-chrome-pdf.html","meta":{"rootId":"wrvhaukmn7la4dq","id":"wrvhaukmn7la4dq"},"id":"c4k85cv9n40p3ie","previousOperationId":"s7nv450ayg4axzi"}
{"type":"log","timestamp":1665004282104,"level":"debug","message":"Page request: GET (stylesheet) https://fonts.googleapis.com/css2?family=Montserrat:wght@500&family=Open+Sans:wght@300&display=swap","meta":{"rootId":"wrvhaukmn7la4dq","id":"wrvhaukmn7la4dq"},"id":"vezehobkyb26y4b","previousOperationId":"s7nv450ayg4axzi"}
{"type":"log","timestamp":1665004283233,"level":"debug","message":"Page request finished: GET (stylesheet) 200 https://fonts.googleapis.com/css2?family=Montserrat:wght@500&family=Open+Sans:wght@300&display=swap","meta":{"rootId":"wrvhaukmn7la4dq","id":"wrvhaukmn7la4dq"},"id":"r8b8n1gwix2fbt8","previousOperationId":"s7nv450ayg4axzi"}
{"type":"log","timestamp":1665004283275,"level":"debug","message":"Page request: GET (font) https://fonts.gstatic.com/s/opensans/v34/memSYaGs126MiZpBA-UvWbX2vVnXBbObj2OVZyOOSr4dVJWUgsiH0B4gaVQUwaEQbjA.woff","meta":{"rootId":"wrvhaukmn7la4dq","id":"wrvhaukmn7la4dq"},"id":"6jjlsczjwa03yp7","previousOperationId":"s7nv450ayg4axzi"}
{"type":"log","timestamp":1665004283282,"level":"debug","message":"Running chrome with params {\"scale\":1,\"displayHeaderFooter\":true,\"headerTemplate\":\"...\",\"footerTemplate\":\"...\",\"printBackground\":true,\"pageRanges\":\"\",\"format\":\"A4\",\"width\":\"\",\"height\":\"\",\"marginTop\":\"470px\",\"marginRight\":\"20px\",\"marginBottom\":\"80px\",\"marginLeft\":\"20px\",\"waitForJS\":false,\"waitForNetworkIddle\":false,\"timeout\":57315,\"waitForNetworkIdle\":false,\"margin\":{\"top\":\"470px\",\"right\":\"20px\",\"bottom\":\"80px\",\"left\":\"20px\"}}","meta":{"rootId":"wrvhaukmn7la4dq","id":"wrvhaukmn7la4dq"},"id":"q8fq5xkxq2muk17","previousOperationId":"s7nv450ayg4axzi"}
{"type":"log","timestamp":1665004283289,"level":"debug","message":"Page request: GET (font) https://fonts.gstatic.com/s/opensans/v34/memSYaGs126MiZpBA-UvWbX2vVnXBbObj2OVZyOOSr4dVJWUgsiH0B4gaVQUwaEQbjA.woff","meta":{"rootId":"wrvhaukmn7la4dq","id":"wrvhaukmn7la4dq"},"id":"rsxb8znvvy555dr","previousOperationId":"s7nv450ayg4axzi"}
{"type":"operationEnd","operationId":"s7nv450ayg4axzi","timestamp":1665004283839,"id":"0tpb286ndtck51p","previousEventId":"q7u7ez8uaticaon","previousOperationId":"s7nv450ayg4axzi"}
{"type":"log","timestamp":1665004283840,"level":"debug","message":"Skipping storing report.","meta":{"rootId":"wrvhaukmn7la4dq","id":"wrvhaukmn7la4dq"},"id":"r3v4cvzeu1z8tdr","previousOperationId":"s7nv450ayg4axzi"}
{"type":"log","timestamp":1665004283840,"level":"info","message":"Rendering request 1 finished in 7697 ms","meta":{"rootId":"wrvhaukmn7la4dq","id":"wrvhaukmn7la4dq"},"id":"uai9y3qhbrr1fds","previousOperationId":"s7nv450ayg4axzi"}
{"type":"operationEnd","subtype":"render","operationId":"vtxnr63ccrz4ojn","timestamp":1665004283840,"id":"kvn1ecpvkadv2uz","previousEventId":"0tpb286ndtck51p","previousOperationId":"s7nv450ayg4axzi"}
{"type":"operationEnd","doDiffs":false,"previousEventId":"s4vkwoyisn86fqa","previousOperationId":"atfuv9y9bwngfsm","operationId":"atfuv9y9bwngfsm","timestamp":1665004283864,"id":"8q7bqe2anc29ddq"}
