{"type":"operationStart","subtype":"profile","data":{"_id":"R6RGBb8XuheWA9eG","timestamp":"2023-03-13T20:47:16.302Z","state":"queued","mode":"standard","creationDate":"2023-03-13T20:47:16.305Z","modificationDate":"2023-03-13T20:47:16.305Z","shortid":"4m7hM4E","$entitySet":"profiles"},"doDiffs":false,"timestamp":1678740436304,"id":"k5dj1b88r1da6ti","previousOperationId":null,"operationId":"9lep5uv62v2891w"}
{"type":"log","level":"info","message":"Render request 1 queued for execution and waiting for available worker","previousOperationId":"9lep5uv62v2891w","timestamp":1678740436304,"id":"9c1tj6pabhv33q3"}
{"type":"operationStart","subtype":"render","name":"anonymous","previousOperationId":"9lep5uv62v2891w","timestamp":1678740436325,"id":"7s8pz43yf9ccam2","previousEventId":"k5dj1b88r1da6ti","operationId":"02aqpvzdfptavdt"}
{"type":"log","timestamp":1678740436326,"level":"info","message":"Starting rendering request 1 (user: null)","meta":{"rootId":"xfa4etxeuc62ht1","id":"xfa4etxeuc62ht1"},"id":"2wvnfc7lyhi4gax","previousOperationId":"02aqpvzdfptavdt"}
{"type":"log","timestamp":1678740436329,"level":"info","message":"Rendering anonymous template { recipe: chrome-pdf, engine: handlebars }","meta":{"rootId":"xfa4etxeuc62ht1","id":"xfa4etxeuc62ht1"},"id":"dbr6jsvglg8g6rc","previousOperationId":"02aqpvzdfptavdt"}
{"type":"log","timestamp":1678740436330,"level":"debug","message":"Inline data specified.","meta":{"rootId":"xfa4etxeuc62ht1","id":"xfa4etxeuc62ht1"},"id":"oaiqwskr7xwb2wh","previousOperationId":"02aqpvzdfptavdt"}
{"type":"log","timestamp":1678740436335,"level":"debug","message":"Base url not specified, skipping its injection.","meta":{"rootId":"xfa4etxeuc62ht1","id":"xfa4etxeuc62ht1"},"id":"s4soxh5x0tknezc","previousOperationId":"02aqpvzdfptavdt"}
{"type":"operationStart","subtype":"engine","name":"handlebars","timestamp":1678740436337,"id":"ro2cocdkv2cdywb","previousEventId":"7s8pz43yf9ccam2","operationId":"w7cqw5i2zizxwlz","previousOperationId":"02aqpvzdfptavdt"}
{"type":"log","timestamp":1678740436338,"level":"debug","message":"Rendering engine handlebars","meta":{"rootId":"xfa4etxeuc62ht1","id":"xfa4etxeuc62ht1"},"id":"8vuyrft5gs45s1f","previousOperationId":"w7cqw5i2zizxwlz"}
{"type":"operationEnd","operationId":"w7cqw5i2zizxwlz","timestamp":1678740437267,"id":"wux1sg6cgdsdu79","previousEventId":"ro2cocdkv2cdywb","previousOperationId":"w7cqw5i2zizxwlz"}
{"type":"operationStart","subtype":"recipe","name":"chrome-pdf","timestamp":1678740437269,"id":"hu6su2u14glyv3e","previousEventId":"wux1sg6cgdsdu79","operationId":"z5rw6l6oatg6ehl","previousOperationId":"w7cqw5i2zizxwlz"}
{"type":"log","timestamp":1678740437269,"level":"debug","message":"Executing recipe chrome-pdf","meta":{"rootId":"xfa4etxeuc62ht1","id":"xfa4etxeuc62ht1"},"id":"t9javl5numhf06y","previousOperationId":"z5rw6l6oatg6ehl"}
{"type":"log","timestamp":1678740437472,"level":"debug","message":"Starting child request to render pdf header","meta":{"rootId":"xfa4etxeuc62ht1","id":"xfa4etxeuc62ht1"},"id":"5yvqr4douycc8be","previousOperationId":"z5rw6l6oatg6ehl"}
{"type":"operationStart","subtype":"render","name":"anonymous","previousOperationId":"z5rw6l6oatg6ehl","timestamp":1678740437473,"id":"l3h1vyz5h1cqb1a","previousEventId":"hu6su2u14glyv3e","operationId":"c7ctoykehn21amc"}
{"type":"log","timestamp":1678740437473,"level":"info","message":"Starting rendering request 1 (user: null)","meta":{"rootId":"xfa4etxeuc62ht1","id":"xx1tru23g4x0iqh"},"id":"eqoirzwe4uaau53","previousOperationId":"c7ctoykehn21amc"}
{"type":"log","timestamp":1678740437473,"level":"info","message":"Rendering anonymous template { recipe: html, engine: handlebars }","meta":{"rootId":"xfa4etxeuc62ht1","id":"xx1tru23g4x0iqh"},"id":"9nkz2jifuojfi70","previousOperationId":"c7ctoykehn21amc"}
{"type":"log","timestamp":1678740437473,"level":"debug","message":"Inline data specified.","meta":{"rootId":"xfa4etxeuc62ht1","id":"xx1tru23g4x0iqh"},"id":"7jiskrbulgxne0d","previousOperationId":"c7ctoykehn21amc"}
{"type":"log","timestamp":1678740437475,"level":"debug","message":"Base url not specified, skipping its injection.","meta":{"rootId":"xfa4etxeuc62ht1","id":"xx1tru23g4x0iqh"},"id":"3kxrvhc793z26px","previousOperationId":"c7ctoykehn21amc"}
{"type":"log","timestamp":1678740437481,"level":"debug","message":"Replaced assets [\"./src/reporting/assets/logo.png\"]","meta":{"rootId":"xfa4etxeuc62ht1","id":"xx1tru23g4x0iqh"},"id":"lcv707erx9gfynz","previousOperationId":"c7ctoykehn21amc"}
{"type":"operationStart","subtype":"engine","name":"handlebars","timestamp":1678740437481,"id":"7u5j90gnedqxu7e","previousEventId":"l3h1vyz5h1cqb1a","operationId":"oqgublecesp7pyl","previousOperationId":"c7ctoykehn21amc"}
{"type":"log","timestamp":1678740437481,"level":"debug","message":"Rendering engine handlebars","meta":{"rootId":"xfa4etxeuc62ht1","id":"xx1tru23g4x0iqh"},"id":"qebz8z6dil9k0gb","previousOperationId":"oqgublecesp7pyl"}
{"type":"operationEnd","operationId":"oqgublecesp7pyl","timestamp":1678740437502,"id":"a4sjvew05f30xtn","previousEventId":"7u5j90gnedqxu7e","previousOperationId":"oqgublecesp7pyl"}
{"type":"operationStart","subtype":"recipe","name":"html","timestamp":1678740437502,"id":"mrobtsi9imwwy4w","previousEventId":"a4sjvew05f30xtn","operationId":"sfpw2s2v69h31un","previousOperationId":"oqgublecesp7pyl"}
{"type":"log","timestamp":1678740437502,"level":"debug","message":"Executing recipe html","meta":{"rootId":"xfa4etxeuc62ht1","id":"xx1tru23g4x0iqh"},"id":"p1h49mjxdijkhay","previousOperationId":"sfpw2s2v69h31un"}
{"type":"operationEnd","operationId":"sfpw2s2v69h31un","timestamp":1678740437503,"id":"qrx7tjoh1m5kiqt","previousEventId":"mrobtsi9imwwy4w","previousOperationId":"sfpw2s2v69h31un"}
{"type":"log","timestamp":1678740437504,"level":"debug","message":"Skipping storing report.","meta":{"rootId":"xfa4etxeuc62ht1","id":"xx1tru23g4x0iqh"},"id":"97brn8z9icbkkox","previousOperationId":"sfpw2s2v69h31un"}
{"type":"log","timestamp":1678740437504,"level":"info","message":"Rendering request 1 finished in 1206 ms","meta":{"rootId":"xfa4etxeuc62ht1","id":"xx1tru23g4x0iqh"},"id":"p34p1yp22r3wnkc","previousOperationId":"sfpw2s2v69h31un"}
{"type":"operationEnd","subtype":"render","operationId":"c7ctoykehn21amc","timestamp":1678740437504,"id":"ullxhd7rfuq2dqv","previousEventId":"qrx7tjoh1m5kiqt","previousOperationId":"sfpw2s2v69h31un"}
{"type":"log","timestamp":1678740437504,"level":"debug","message":"Starting child request to render pdf footer","meta":{"rootId":"xfa4etxeuc62ht1","id":"xfa4etxeuc62ht1"},"id":"zku8j4dt4m0c61m","previousOperationId":"z5rw6l6oatg6ehl"}
{"type":"operationStart","subtype":"render","name":"anonymous","previousOperationId":"z5rw6l6oatg6ehl","timestamp":1678740437505,"id":"3c6jjx2hytwj9nc","previousEventId":"hu6su2u14glyv3e","operationId":"52hroet1vmpx8un"}
{"type":"log","timestamp":1678740437505,"level":"info","message":"Starting rendering request 1 (user: null)","meta":{"rootId":"xfa4etxeuc62ht1","id":"ij3ealyjrs84yan"},"id":"70i5qb39le9lab6","previousOperationId":"52hroet1vmpx8un"}
{"type":"log","timestamp":1678740437505,"level":"info","message":"Rendering anonymous template { recipe: html, engine: handlebars }","meta":{"rootId":"xfa4etxeuc62ht1","id":"ij3ealyjrs84yan"},"id":"l3f3n737an6chd9","previousOperationId":"52hroet1vmpx8un"}
{"type":"log","timestamp":1678740437505,"level":"debug","message":"Inline data specified.","meta":{"rootId":"xfa4etxeuc62ht1","id":"ij3ealyjrs84yan"},"id":"q2u2amr3j35s2pf","previousOperationId":"52hroet1vmpx8un"}
{"type":"log","timestamp":1678740437507,"level":"debug","message":"Base url not specified, skipping its injection.","meta":{"rootId":"xfa4etxeuc62ht1","id":"ij3ealyjrs84yan"},"id":"plzt0ia7uzbkhdj","previousOperationId":"52hroet1vmpx8un"}
{"type":"operationStart","subtype":"engine","name":"handlebars","timestamp":1678740437507,"id":"apc9rn6a43mxeog","previousEventId":"3c6jjx2hytwj9nc","operationId":"evuyksdgr8wrxr3","previousOperationId":"52hroet1vmpx8un"}
{"type":"log","timestamp":1678740437507,"level":"debug","message":"Rendering engine handlebars","meta":{"rootId":"xfa4etxeuc62ht1","id":"ij3ealyjrs84yan"},"id":"am1qgedmsfg3mel","previousOperationId":"evuyksdgr8wrxr3"}
{"type":"operationEnd","operationId":"evuyksdgr8wrxr3","timestamp":1678740437525,"id":"qmglj9pnt7b7zm3","previousEventId":"apc9rn6a43mxeog","previousOperationId":"evuyksdgr8wrxr3"}
{"type":"operationStart","subtype":"recipe","name":"html","timestamp":1678740437525,"id":"2xxtfl5py95kdtz","previousEventId":"qmglj9pnt7b7zm3","operationId":"2usctyfvrd1fhmo","previousOperationId":"evuyksdgr8wrxr3"}
{"type":"log","timestamp":1678740437525,"level":"debug","message":"Executing recipe html","meta":{"rootId":"xfa4etxeuc62ht1","id":"ij3ealyjrs84yan"},"id":"9evn7183nbswb6a","previousOperationId":"2usctyfvrd1fhmo"}
{"type":"operationEnd","operationId":"2usctyfvrd1fhmo","timestamp":1678740437525,"id":"tne7pp1lid60iay","previousEventId":"2xxtfl5py95kdtz","previousOperationId":"2usctyfvrd1fhmo"}
{"type":"log","timestamp":1678740437525,"level":"debug","message":"Skipping storing report.","meta":{"rootId":"xfa4etxeuc62ht1","id":"ij3ealyjrs84yan"},"id":"rglgn25zq3ltevf","previousOperationId":"2usctyfvrd1fhmo"}
{"type":"log","timestamp":1678740437526,"level":"info","message":"Rendering request 1 finished in 1228 ms","meta":{"rootId":"xfa4etxeuc62ht1","id":"ij3ealyjrs84yan"},"id":"g3ulz34r1sw8hti","previousOperationId":"2usctyfvrd1fhmo"}
{"type":"operationEnd","subtype":"render","operationId":"52hroet1vmpx8un","timestamp":1678740437526,"id":"bklpvduvhwioxag","previousEventId":"tne7pp1lid60iay","previousOperationId":"2usctyfvrd1fhmo"}
{"type":"log","timestamp":1678740437764,"level":"debug","message":"Converting with chrome HeadlessChrome/98.0.4758.0 using chrome-pool strategy","meta":{"rootId":"xfa4etxeuc62ht1","id":"xfa4etxeuc62ht1"},"id":"hfbwvl2ovqc8sm3","previousOperationId":"z5rw6l6oatg6ehl"}
{"type":"log","timestamp":1678740438038,"level":"debug","message":"Page request: GET (document) file:///C:/Users/ADMINI~1/AppData/Local/Temp/jsreport/autocleanup/dd73874a-754f-4fb3-be7a-9791cda7c951-chrome-pdf.html","meta":{"rootId":"xfa4etxeuc62ht1","id":"xfa4etxeuc62ht1"},"id":"f31e0dp53lyuza6","previousOperationId":"z5rw6l6oatg6ehl"}
{"type":"log","timestamp":1678740438091,"level":"debug","message":"Page request finished: GET (document) file:///C:/Users/ADMINI~1/AppData/Local/Temp/jsreport/autocleanup/dd73874a-754f-4fb3-be7a-9791cda7c951-chrome-pdf.html","meta":{"rootId":"xfa4etxeuc62ht1","id":"xfa4etxeuc62ht1"},"id":"zkjei9duc74febg","previousOperationId":"z5rw6l6oatg6ehl"}
{"type":"log","timestamp":1678740438094,"level":"debug","message":"Page request: GET (stylesheet) https://fonts.googleapis.com/css2?family=Montserrat:wght@500&family=Open+Sans:wght@300&display=swap","meta":{"rootId":"xfa4etxeuc62ht1","id":"xfa4etxeuc62ht1"},"id":"f4vczthegvvp0dp","previousOperationId":"z5rw6l6oatg6ehl"}
{"type":"log","timestamp":1678740438387,"level":"debug","message":"Page request finished: GET (stylesheet) 200 https://fonts.googleapis.com/css2?family=Montserrat:wght@500&family=Open+Sans:wght@300&display=swap","meta":{"rootId":"xfa4etxeuc62ht1","id":"xfa4etxeuc62ht1"},"id":"88rz17spkms6xyj","previousOperationId":"z5rw6l6oatg6ehl"}
{"type":"log","timestamp":1678740438445,"level":"debug","message":"Page request: GET (font) https://fonts.gstatic.com/s/opensans/v34/memSYaGs126MiZpBA-UvWbX2vVnXBbObj2OVZyOOSr4dVJWUgsiH0B4gaVI.woff2","meta":{"rootId":"xfa4etxeuc62ht1","id":"xfa4etxeuc62ht1"},"id":"wx374a6mnau3vpr","previousOperationId":"z5rw6l6oatg6ehl"}
{"type":"log","timestamp":1678740438448,"level":"debug","message":"Running chrome with params {\"scale\":1,\"displayHeaderFooter\":true,\"headerTemplate\":\"...\",\"footerTemplate\":\"...\",\"printBackground\":true,\"pageRanges\":\"\",\"format\":\"A4\",\"width\":\"\",\"height\":\"\",\"marginTop\":\"350px\",\"marginRight\":\"20px\",\"marginBottom\":\"80px\",\"marginLeft\":\"20px\",\"waitForJS\":false,\"waitForNetworkIddle\":false,\"timeout\":58772,\"waitForNetworkIdle\":false,\"margin\":{\"top\":\"350px\",\"right\":\"20px\",\"bottom\":\"80px\",\"left\":\"20px\"}}","meta":{"rootId":"xfa4etxeuc62ht1","id":"xfa4etxeuc62ht1"},"id":"dcyo4uub2bu0i36","previousOperationId":"z5rw6l6oatg6ehl"}
{"type":"log","timestamp":1678740438455,"level":"debug","message":"Page request: GET (font) https://fonts.gstatic.com/s/opensans/v34/memSYaGs126MiZpBA-UvWbX2vVnXBbObj2OVZyOOSr4dVJWUgsiH0B4gaVI.woff2","meta":{"rootId":"xfa4etxeuc62ht1","id":"xfa4etxeuc62ht1"},"id":"a8oqhanr5r4fmc2","previousOperationId":"z5rw6l6oatg6ehl"}
{"type":"log","timestamp":1678740438676,"level":"debug","message":"Page request finished: GET (font) 200 https://fonts.gstatic.com/s/opensans/v34/memSYaGs126MiZpBA-UvWbX2vVnXBbObj2OVZyOOSr4dVJWUgsiH0B4gaVI.woff2","meta":{"rootId":"xfa4etxeuc62ht1","id":"xfa4etxeuc62ht1"},"id":"ixps4obhv2q1ebi","previousOperationId":"z5rw6l6oatg6ehl"}
{"type":"operationEnd","operationId":"z5rw6l6oatg6ehl","timestamp":1678740438693,"id":"nvqesm5f38ml1np","previousEventId":"hu6su2u14glyv3e","previousOperationId":"z5rw6l6oatg6ehl"}
{"type":"log","timestamp":1678740438693,"level":"debug","message":"Skipping storing report.","meta":{"rootId":"xfa4etxeuc62ht1","id":"xfa4etxeuc62ht1"},"id":"82rj8ko9v6ixkck","previousOperationId":"z5rw6l6oatg6ehl"}
{"type":"log","timestamp":1678740438693,"level":"info","message":"Rendering request 1 finished in 2395 ms","meta":{"rootId":"xfa4etxeuc62ht1","id":"xfa4etxeuc62ht1"},"id":"vlunpbqrb15g680","previousOperationId":"z5rw6l6oatg6ehl"}
{"type":"operationEnd","subtype":"render","operationId":"02aqpvzdfptavdt","timestamp":1678740438693,"id":"0byvh10p98z9kwv","previousEventId":"nvqesm5f38ml1np","previousOperationId":"z5rw6l6oatg6ehl"}
{"type":"operationEnd","doDiffs":false,"previousEventId":"k5dj1b88r1da6ti","previousOperationId":"9lep5uv62v2891w","operationId":"9lep5uv62v2891w","timestamp":1678740438699,"id":"gucu0q86r6tm8mw"}
