{"type":"operationStart","subtype":"profile","data":{"_id":"cm3866bW7JSw5cmS","timestamp":"2022-09-01T09:17:44.787Z","state":"queued","mode":"standard","creationDate":"2022-09-01T09:17:44.797Z","modificationDate":"2022-09-01T09:17:44.797Z","shortid":"dYd9Xlo","$entitySet":"profiles"},"doDiffs":false,"timestamp":1662023864790,"id":"xy3ctqsms1evpzp","previousOperationId":null,"operationId":"jm482xvqn5ssfaz"}
{"type":"log","level":"info","message":"Render request 1 queued for execution and waiting for available worker","previousOperationId":"jm482xvqn5ssfaz","timestamp":1662023864790,"id":"ma36u51dqn5cwgc"}
{"type":"operationStart","subtype":"render","name":"anonymous","previousOperationId":"jm482xvqn5ssfaz","timestamp":1662023864874,"id":"7uhpjwful6di314","previousEventId":"xy3ctqsms1evpzp","operationId":"e0z6x1etkn3ez9e"}
{"type":"log","timestamp":1662023864939,"level":"info","message":"Starting rendering request 1 (user: null)","meta":{"rootId":"xi6t7gmto7t0rrt","id":"xi6t7gmto7t0rrt"},"id":"hfwb5ubv0azbox5","previousOperationId":"e0z6x1etkn3ez9e"}
{"type":"log","timestamp":1662023864945,"level":"info","message":"Rendering anonymous template { recipe: chrome-pdf, engine: handlebars }","meta":{"rootId":"xi6t7gmto7t0rrt","id":"xi6t7gmto7t0rrt"},"id":"udruz7bjqucayp2","previousOperationId":"e0z6x1etkn3ez9e"}
{"type":"log","timestamp":1662023864956,"level":"debug","message":"Inline data specified.","meta":{"rootId":"xi6t7gmto7t0rrt","id":"xi6t7gmto7t0rrt"},"id":"6rrehc7oz93sobs","previousOperationId":"e0z6x1etkn3ez9e"}
{"type":"log","timestamp":1662023864967,"level":"debug","message":"Base url not specified, skipping its injection.","meta":{"rootId":"xi6t7gmto7t0rrt","id":"xi6t7gmto7t0rrt"},"id":"p10i0yaa5y1gbly","previousOperationId":"e0z6x1etkn3ez9e"}
{"type":"operationStart","subtype":"engine","name":"handlebars","timestamp":1662023864975,"id":"y6x7dgngdrjmhr6","previousEventId":"7uhpjwful6di314","operationId":"ldp03iqer3c5avw","previousOperationId":"e0z6x1etkn3ez9e"}
{"type":"log","timestamp":1662023864975,"level":"debug","message":"Rendering engine handlebars","meta":{"rootId":"xi6t7gmto7t0rrt","id":"xi6t7gmto7t0rrt"},"id":"ujjf2x8ocxnjnx5","previousOperationId":"ldp03iqer3c5avw"}
{"type":"operationEnd","operationId":"ldp03iqer3c5avw","timestamp":1662023865888,"id":"vhugtpr1bz45tsv","previousEventId":"y6x7dgngdrjmhr6","previousOperationId":"ldp03iqer3c5avw"}
{"type":"operationStart","subtype":"recipe","name":"chrome-pdf","timestamp":1662023865889,"id":"005mes0h5fn3rsq","previousEventId":"vhugtpr1bz45tsv","operationId":"6hjpl39fzrqm6wq","previousOperationId":"ldp03iqer3c5avw"}
{"type":"log","timestamp":1662023865889,"level":"debug","message":"Executing recipe chrome-pdf","meta":{"rootId":"xi6t7gmto7t0rrt","id":"xi6t7gmto7t0rrt"},"id":"i08blxm5m9zt7vm","previousOperationId":"6hjpl39fzrqm6wq"}
{"type":"log","timestamp":1662023865982,"level":"debug","message":"Starting child request to render pdf header","meta":{"rootId":"xi6t7gmto7t0rrt","id":"xi6t7gmto7t0rrt"},"id":"cp1ls04olh7wzre","previousOperationId":"6hjpl39fzrqm6wq"}
{"type":"operationStart","subtype":"render","name":"anonymous","previousOperationId":"6hjpl39fzrqm6wq","timestamp":1662023865983,"id":"gj1lexmbnhy6np9","previousEventId":"005mes0h5fn3rsq","operationId":"qrd4ff9u4py06jg"}
{"type":"log","timestamp":1662023865983,"level":"info","message":"Starting rendering request 1 (user: null)","meta":{"rootId":"xi6t7gmto7t0rrt","id":"agz3ezlgx5uuwis"},"id":"cm7m2xd54ari22k","previousOperationId":"qrd4ff9u4py06jg"}
{"type":"log","timestamp":1662023865984,"level":"info","message":"Rendering anonymous template { recipe: html, engine: handlebars }","meta":{"rootId":"xi6t7gmto7t0rrt","id":"agz3ezlgx5uuwis"},"id":"6yax9b6bxy9095w","previousOperationId":"qrd4ff9u4py06jg"}
{"type":"log","timestamp":1662023865984,"level":"debug","message":"Inline data specified.","meta":{"rootId":"xi6t7gmto7t0rrt","id":"agz3ezlgx5uuwis"},"id":"pfjvj38q99rxkvs","previousOperationId":"qrd4ff9u4py06jg"}
{"type":"log","timestamp":1662023865986,"level":"debug","message":"Base url not specified, skipping its injection.","meta":{"rootId":"xi6t7gmto7t0rrt","id":"agz3ezlgx5uuwis"},"id":"wb9yd6eih8rdyrc","previousOperationId":"qrd4ff9u4py06jg"}
{"type":"log","timestamp":1662023865999,"level":"debug","message":"Replaced assets [\"./src/reporting/assets/logo.png\"]","meta":{"rootId":"xi6t7gmto7t0rrt","id":"agz3ezlgx5uuwis"},"id":"nkfy6wnzbcd9f1q","previousOperationId":"qrd4ff9u4py06jg"}
{"type":"operationStart","subtype":"engine","name":"handlebars","timestamp":1662023866000,"id":"u6q7pcmkx4yc7uh","previousEventId":"gj1lexmbnhy6np9","operationId":"597nb8ijzhw2i5z","previousOperationId":"qrd4ff9u4py06jg"}
{"type":"log","timestamp":1662023866000,"level":"debug","message":"Rendering engine handlebars","meta":{"rootId":"xi6t7gmto7t0rrt","id":"agz3ezlgx5uuwis"},"id":"r6y2vsw466fxdhd","previousOperationId":"597nb8ijzhw2i5z"}
{"type":"operationEnd","operationId":"597nb8ijzhw2i5z","timestamp":1662023866019,"id":"ccaauzv7z3csni9","previousEventId":"u6q7pcmkx4yc7uh","previousOperationId":"597nb8ijzhw2i5z"}
{"type":"operationStart","subtype":"recipe","name":"html","timestamp":1662023866020,"id":"cuukjeb3zggh9hp","previousEventId":"ccaauzv7z3csni9","operationId":"oi6rezlqdwevfiu","previousOperationId":"597nb8ijzhw2i5z"}
{"type":"log","timestamp":1662023866020,"level":"debug","message":"Executing recipe html","meta":{"rootId":"xi6t7gmto7t0rrt","id":"agz3ezlgx5uuwis"},"id":"b5b4xj8eft91qyv","previousOperationId":"oi6rezlqdwevfiu"}
{"type":"operationEnd","operationId":"oi6rezlqdwevfiu","timestamp":1662023866020,"id":"3jmkj2eze8dxjgv","previousEventId":"cuukjeb3zggh9hp","previousOperationId":"oi6rezlqdwevfiu"}
{"type":"log","timestamp":1662023866022,"level":"debug","message":"Skipping storing report.","meta":{"rootId":"xi6t7gmto7t0rrt","id":"agz3ezlgx5uuwis"},"id":"meryioln5k875zi","previousOperationId":"oi6rezlqdwevfiu"}
{"type":"log","timestamp":1662023866026,"level":"info","message":"Rendering request 1 finished in 1246 ms","meta":{"rootId":"xi6t7gmto7t0rrt","id":"agz3ezlgx5uuwis"},"id":"dqdfq6akvpqjs2z","previousOperationId":"oi6rezlqdwevfiu"}
{"type":"operationEnd","subtype":"render","operationId":"qrd4ff9u4py06jg","timestamp":1662023866026,"id":"degssgmdkhfjr3c","previousEventId":"3jmkj2eze8dxjgv","previousOperationId":"oi6rezlqdwevfiu"}
{"type":"log","timestamp":1662023866026,"level":"debug","message":"Starting child request to render pdf footer","meta":{"rootId":"xi6t7gmto7t0rrt","id":"xi6t7gmto7t0rrt"},"id":"xfnmkl0wokpgfxl","previousOperationId":"6hjpl39fzrqm6wq"}
{"type":"operationStart","subtype":"render","name":"anonymous","previousOperationId":"6hjpl39fzrqm6wq","timestamp":1662023866026,"id":"r4xyfrj8pq3f5ml","previousEventId":"005mes0h5fn3rsq","operationId":"dl1sn4tjsmafxo6"}
{"type":"log","timestamp":1662023866027,"level":"info","message":"Starting rendering request 1 (user: null)","meta":{"rootId":"xi6t7gmto7t0rrt","id":"z14qh8scah7otnk"},"id":"gdwwx0avnpjelee","previousOperationId":"dl1sn4tjsmafxo6"}
{"type":"log","timestamp":1662023866027,"level":"info","message":"Rendering anonymous template { recipe: html, engine: handlebars }","meta":{"rootId":"xi6t7gmto7t0rrt","id":"z14qh8scah7otnk"},"id":"mlb3am96kk90zea","previousOperationId":"dl1sn4tjsmafxo6"}
{"type":"log","timestamp":1662023866027,"level":"debug","message":"Inline data specified.","meta":{"rootId":"xi6t7gmto7t0rrt","id":"z14qh8scah7otnk"},"id":"j5pnxj3d0haekcc","previousOperationId":"dl1sn4tjsmafxo6"}
{"type":"log","timestamp":1662023866032,"level":"debug","message":"Base url not specified, skipping its injection.","meta":{"rootId":"xi6t7gmto7t0rrt","id":"z14qh8scah7otnk"},"id":"hfprglrbap4gvtq","previousOperationId":"dl1sn4tjsmafxo6"}
{"type":"operationStart","subtype":"engine","name":"handlebars","timestamp":1662023866033,"id":"o0q6h8f7rhxp2ql","previousEventId":"r4xyfrj8pq3f5ml","operationId":"x8s5k1z7yl25q1z","previousOperationId":"dl1sn4tjsmafxo6"}
{"type":"log","timestamp":1662023866033,"level":"debug","message":"Rendering engine handlebars","meta":{"rootId":"xi6t7gmto7t0rrt","id":"z14qh8scah7otnk"},"id":"vpxmqmn86rnkpjx","previousOperationId":"x8s5k1z7yl25q1z"}
{"type":"operationEnd","operationId":"x8s5k1z7yl25q1z","timestamp":1662023866060,"id":"wv7hiq4lelu97wr","previousEventId":"o0q6h8f7rhxp2ql","previousOperationId":"x8s5k1z7yl25q1z"}
{"type":"operationStart","subtype":"recipe","name":"html","timestamp":1662023866060,"id":"sjq8bbfp295mvdp","previousEventId":"wv7hiq4lelu97wr","operationId":"9tzlu8tzvkgt5ns","previousOperationId":"x8s5k1z7yl25q1z"}
{"type":"log","timestamp":1662023866060,"level":"debug","message":"Executing recipe html","meta":{"rootId":"xi6t7gmto7t0rrt","id":"z14qh8scah7otnk"},"id":"tgv4bvmgkuc0pid","previousOperationId":"9tzlu8tzvkgt5ns"}
{"type":"operationEnd","operationId":"9tzlu8tzvkgt5ns","timestamp":1662023866060,"id":"s5nb4o0v88c65x9","previousEventId":"sjq8bbfp295mvdp","previousOperationId":"9tzlu8tzvkgt5ns"}
{"type":"log","timestamp":1662023866061,"level":"debug","message":"Skipping storing report.","meta":{"rootId":"xi6t7gmto7t0rrt","id":"z14qh8scah7otnk"},"id":"0pw21k4ajdcmji1","previousOperationId":"9tzlu8tzvkgt5ns"}
{"type":"log","timestamp":1662023866062,"level":"info","message":"Rendering request 1 finished in 1282 ms","meta":{"rootId":"xi6t7gmto7t0rrt","id":"z14qh8scah7otnk"},"id":"r9rvht0s4cq1k43","previousOperationId":"9tzlu8tzvkgt5ns"}
{"type":"operationEnd","subtype":"render","operationId":"dl1sn4tjsmafxo6","timestamp":1662023866062,"id":"tyuhdlfkarty1h5","previousEventId":"s5nb4o0v88c65x9","previousOperationId":"9tzlu8tzvkgt5ns"}
{"type":"log","timestamp":1662023867499,"level":"debug","message":"Converting with chrome HeadlessChrome/98.0.4758.0 using chrome-pool strategy","meta":{"rootId":"xi6t7gmto7t0rrt","id":"xi6t7gmto7t0rrt"},"id":"cucdvrzmrv8wwik","previousOperationId":"6hjpl39fzrqm6wq"}
{"type":"log","timestamp":1662023868269,"level":"debug","message":"Page request: GET (document) file:///var/folders/8m/98z140gs3yzbw6jqmpbh8b8m0000gn/T/jsreport/autocleanup/130ef9f2-42b0-413b-92b5-7d542e5ef7dd-chrome-pdf.html","meta":{"rootId":"xi6t7gmto7t0rrt","id":"xi6t7gmto7t0rrt"},"id":"gc1wm3n8sbi04ya","previousOperationId":"6hjpl39fzrqm6wq"}
{"type":"log","timestamp":1662023868296,"level":"debug","message":"Page request finished: GET (document) file:///var/folders/8m/98z140gs3yzbw6jqmpbh8b8m0000gn/T/jsreport/autocleanup/130ef9f2-42b0-413b-92b5-7d542e5ef7dd-chrome-pdf.html","meta":{"rootId":"xi6t7gmto7t0rrt","id":"xi6t7gmto7t0rrt"},"id":"68el7fwn0kz3wk5","previousOperationId":"6hjpl39fzrqm6wq"}
{"type":"log","timestamp":1662023868335,"level":"debug","message":"Page request: GET (stylesheet) https://fonts.googleapis.com/css2?family=Montserrat:wght@500&family=Open+Sans:wght@300&display=swap","meta":{"rootId":"xi6t7gmto7t0rrt","id":"xi6t7gmto7t0rrt"},"id":"g2upequp4rb1xms","previousOperationId":"6hjpl39fzrqm6wq"}
{"type":"log","timestamp":1662023868758,"level":"debug","message":"Page request finished: GET (stylesheet) 200 https://fonts.googleapis.com/css2?family=Montserrat:wght@500&family=Open+Sans:wght@300&display=swap","meta":{"rootId":"xi6t7gmto7t0rrt","id":"xi6t7gmto7t0rrt"},"id":"85fwu6ltqetlzzv","previousOperationId":"6hjpl39fzrqm6wq"}
{"type":"log","timestamp":1662023868825,"level":"debug","message":"Page request: GET (font) https://fonts.gstatic.com/s/opensans/v34/memSYaGs126MiZpBA-UvWbX2vVnXBbObj2OVZyOOSr4dVJWUgsiH0B4gaVQUwaEQbjA.woff","meta":{"rootId":"xi6t7gmto7t0rrt","id":"xi6t7gmto7t0rrt"},"id":"r1ie0qu95qqpeau","previousOperationId":"6hjpl39fzrqm6wq"}
{"type":"log","timestamp":1662023868837,"level":"debug","message":"Running chrome with params {\"scale\":1,\"displayHeaderFooter\":true,\"headerTemplate\":\"...\",\"footerTemplate\":\"...\",\"printBackground\":true,\"pageRanges\":\"\",\"format\":\"A4\",\"width\":\"\",\"height\":\"\",\"marginTop\":\"350px\",\"marginRight\":\"20px\",\"marginBottom\":\"80px\",\"marginLeft\":\"20px\",\"waitForJS\":false,\"waitForNetworkIddle\":false,\"timeout\":58717,\"waitForNetworkIdle\":false,\"margin\":{\"top\":\"350px\",\"right\":\"20px\",\"bottom\":\"80px\",\"left\":\"20px\"}}","meta":{"rootId":"xi6t7gmto7t0rrt","id":"xi6t7gmto7t0rrt"},"id":"20l7i9bztd8qy96","previousOperationId":"6hjpl39fzrqm6wq"}
{"type":"log","timestamp":1662023868842,"level":"debug","message":"Page request: GET (font) https://fonts.gstatic.com/s/opensans/v34/memSYaGs126MiZpBA-UvWbX2vVnXBbObj2OVZyOOSr4dVJWUgsiH0B4gaVQUwaEQbjA.woff","meta":{"rootId":"xi6t7gmto7t0rrt","id":"xi6t7gmto7t0rrt"},"id":"8xsofzuv3mhzy9n","previousOperationId":"6hjpl39fzrqm6wq"}
{"type":"operationEnd","operationId":"6hjpl39fzrqm6wq","timestamp":1662023869156,"id":"34p2g55a92hnuy9","previousEventId":"005mes0h5fn3rsq","previousOperationId":"6hjpl39fzrqm6wq"}
{"type":"log","timestamp":1662023869156,"level":"debug","message":"Skipping storing report.","meta":{"rootId":"xi6t7gmto7t0rrt","id":"xi6t7gmto7t0rrt"},"id":"en433l14yq53ael","previousOperationId":"6hjpl39fzrqm6wq"}
{"type":"log","timestamp":1662023869156,"level":"info","message":"Rendering request 1 finished in 4376 ms","meta":{"rootId":"xi6t7gmto7t0rrt","id":"xi6t7gmto7t0rrt"},"id":"nzr4sibt9a27ae6","previousOperationId":"6hjpl39fzrqm6wq"}
{"type":"operationEnd","subtype":"render","operationId":"e0z6x1etkn3ez9e","timestamp":1662023869157,"id":"l1umr6891crtvd5","previousEventId":"34p2g55a92hnuy9","previousOperationId":"6hjpl39fzrqm6wq"}
{"type":"operationEnd","doDiffs":false,"previousEventId":"xy3ctqsms1evpzp","previousOperationId":"jm482xvqn5ssfaz","operationId":"jm482xvqn5ssfaz","timestamp":1662023869163,"id":"dks2zs99mytz5di"}
