{"type":"operationStart","subtype":"profile","data":{"_id":"LJFU7jX1Pddq0PrM","timestamp":"2022-09-22T09:00:19.906Z","state":"queued","mode":"standard","creationDate":"2022-09-22T09:00:19.916Z","modificationDate":"2022-09-22T09:00:19.916Z","shortid":"qxp_nsT","$entitySet":"profiles"},"doDiffs":false,"timestamp":1663837219908,"id":"sukl06xmldymjbo","previousOperationId":null,"operationId":"thxpd9frji8oc8j"}
{"type":"log","level":"info","message":"Render request 1 queued for execution and waiting for available worker","previousOperationId":"thxpd9frji8oc8j","timestamp":1663837219909,"id":"2sblc56ctu2j49k"}
{"type":"operationStart","subtype":"render","name":"anonymous","previousOperationId":"thxpd9frji8oc8j","timestamp":1663837219992,"id":"7lr8xomc6t0hoa4","previousEventId":"sukl06xmldymjbo","operationId":"ci3g7hxsbtjvfqq"}
{"type":"log","timestamp":1663837220006,"level":"info","message":"Starting rendering request 1 (user: null)","meta":{"rootId":"xu9c7h3krhpml2q","id":"xu9c7h3krhpml2q"},"id":"gmlm09ntw20avtj","previousOperationId":"ci3g7hxsbtjvfqq"}
{"type":"log","timestamp":1663837220009,"level":"info","message":"Rendering anonymous template { recipe: chrome-pdf, engine: handlebars }","meta":{"rootId":"xu9c7h3krhpml2q","id":"xu9c7h3krhpml2q"},"id":"x5xm7dsffyu8m7j","previousOperationId":"ci3g7hxsbtjvfqq"}
{"type":"log","timestamp":1663837220010,"level":"debug","message":"Inline data specified.","meta":{"rootId":"xu9c7h3krhpml2q","id":"xu9c7h3krhpml2q"},"id":"ofwgmyiwv65km64","previousOperationId":"ci3g7hxsbtjvfqq"}
{"type":"log","timestamp":1663837220038,"level":"debug","message":"Base url not specified, skipping its injection.","meta":{"rootId":"xu9c7h3krhpml2q","id":"xu9c7h3krhpml2q"},"id":"c8n049nsl750vkr","previousOperationId":"ci3g7hxsbtjvfqq"}
{"type":"operationStart","subtype":"engine","name":"handlebars","timestamp":1663837220040,"id":"ssrm6er2pwevo4b","previousEventId":"7lr8xomc6t0hoa4","operationId":"y8cgs7lsz7sa11s","previousOperationId":"ci3g7hxsbtjvfqq"}
{"type":"log","timestamp":1663837220041,"level":"debug","message":"Rendering engine handlebars","meta":{"rootId":"xu9c7h3krhpml2q","id":"xu9c7h3krhpml2q"},"id":"zpg3ekog2dcn9ty","previousOperationId":"y8cgs7lsz7sa11s"}
{"type":"operationEnd","operationId":"y8cgs7lsz7sa11s","timestamp":1663837221126,"id":"6m33iw2704owviv","previousEventId":"ssrm6er2pwevo4b","previousOperationId":"y8cgs7lsz7sa11s"}
{"type":"operationStart","subtype":"recipe","name":"chrome-pdf","timestamp":1663837221127,"id":"b6mk6usj5kvw7f5","previousEventId":"6m33iw2704owviv","operationId":"tcv62jxehydniqd","previousOperationId":"y8cgs7lsz7sa11s"}
{"type":"log","timestamp":1663837221127,"level":"debug","message":"Executing recipe chrome-pdf","meta":{"rootId":"xu9c7h3krhpml2q","id":"xu9c7h3krhpml2q"},"id":"l465ymm91al5bko","previousOperationId":"tcv62jxehydniqd"}
{"type":"log","timestamp":1663837221232,"level":"debug","message":"Starting child request to render pdf header","meta":{"rootId":"xu9c7h3krhpml2q","id":"xu9c7h3krhpml2q"},"id":"ovqpk8yn21zcau7","previousOperationId":"tcv62jxehydniqd"}
{"type":"operationStart","subtype":"render","name":"anonymous","previousOperationId":"tcv62jxehydniqd","timestamp":1663837221232,"id":"j9nroi2nguupezg","previousEventId":"b6mk6usj5kvw7f5","operationId":"2uf0j0m0ho61u36"}
{"type":"log","timestamp":1663837221232,"level":"info","message":"Starting rendering request 1 (user: null)","meta":{"rootId":"xu9c7h3krhpml2q","id":"4dubvj2madxu6or"},"id":"jg936qcuszz4qoq","previousOperationId":"2uf0j0m0ho61u36"}
{"type":"log","timestamp":1663837221233,"level":"info","message":"Rendering anonymous template { recipe: html, engine: handlebars }","meta":{"rootId":"xu9c7h3krhpml2q","id":"4dubvj2madxu6or"},"id":"i99ovcynv2d0eb0","previousOperationId":"2uf0j0m0ho61u36"}
{"type":"log","timestamp":1663837221233,"level":"debug","message":"Inline data specified.","meta":{"rootId":"xu9c7h3krhpml2q","id":"4dubvj2madxu6or"},"id":"c5adz1iifgtraw1","previousOperationId":"2uf0j0m0ho61u36"}
{"type":"log","timestamp":1663837221236,"level":"debug","message":"Base url not specified, skipping its injection.","meta":{"rootId":"xu9c7h3krhpml2q","id":"4dubvj2madxu6or"},"id":"u3ak7kyqp0zjw3x","previousOperationId":"2uf0j0m0ho61u36"}
{"type":"log","timestamp":1663837221244,"level":"debug","message":"Replaced assets [\"./src/reporting/assets/logo.png\"]","meta":{"rootId":"xu9c7h3krhpml2q","id":"4dubvj2madxu6or"},"id":"esgfguyu1pgurhs","previousOperationId":"2uf0j0m0ho61u36"}
{"type":"operationStart","subtype":"engine","name":"handlebars","timestamp":1663837221244,"id":"1n7a8uknr1gqzu9","previousEventId":"j9nroi2nguupezg","operationId":"aug50dii1xqfg5c","previousOperationId":"2uf0j0m0ho61u36"}
{"type":"log","timestamp":1663837221244,"level":"debug","message":"Rendering engine handlebars","meta":{"rootId":"xu9c7h3krhpml2q","id":"4dubvj2madxu6or"},"id":"5rbb06asxw54tdh","previousOperationId":"aug50dii1xqfg5c"}
{"type":"operationEnd","operationId":"aug50dii1xqfg5c","timestamp":1663837221259,"id":"p4i4bp5umj3nk7j","previousEventId":"1n7a8uknr1gqzu9","previousOperationId":"aug50dii1xqfg5c"}
{"type":"operationStart","subtype":"recipe","name":"html","timestamp":1663837221260,"id":"1w11dyid35rdl6k","previousEventId":"p4i4bp5umj3nk7j","operationId":"g3bece0wpyfxopf","previousOperationId":"aug50dii1xqfg5c"}
{"type":"log","timestamp":1663837221260,"level":"debug","message":"Executing recipe html","meta":{"rootId":"xu9c7h3krhpml2q","id":"4dubvj2madxu6or"},"id":"zureas6rpdbv5nf","previousOperationId":"g3bece0wpyfxopf"}
{"type":"operationEnd","operationId":"g3bece0wpyfxopf","timestamp":1663837221260,"id":"2l51r2r6b2qgegp","previousEventId":"1w11dyid35rdl6k","previousOperationId":"g3bece0wpyfxopf"}
{"type":"log","timestamp":1663837221260,"level":"debug","message":"Skipping storing report.","meta":{"rootId":"xu9c7h3krhpml2q","id":"4dubvj2madxu6or"},"id":"o95a8drxxukx11d","previousOperationId":"g3bece0wpyfxopf"}
{"type":"log","timestamp":1663837221261,"level":"info","message":"Rendering request 1 finished in 1357 ms","meta":{"rootId":"xu9c7h3krhpml2q","id":"4dubvj2madxu6or"},"id":"glmzl5se4g77r3w","previousOperationId":"g3bece0wpyfxopf"}
{"type":"operationEnd","subtype":"render","operationId":"2uf0j0m0ho61u36","timestamp":1663837221261,"id":"3iuh9pwoesdvvtg","previousEventId":"2l51r2r6b2qgegp","previousOperationId":"g3bece0wpyfxopf"}
{"type":"log","timestamp":1663837221261,"level":"debug","message":"Starting child request to render pdf footer","meta":{"rootId":"xu9c7h3krhpml2q","id":"xu9c7h3krhpml2q"},"id":"0wx4cxay28sosoz","previousOperationId":"tcv62jxehydniqd"}
{"type":"operationStart","subtype":"render","name":"anonymous","previousOperationId":"tcv62jxehydniqd","timestamp":1663837221261,"id":"c07ue0yakfcpqbu","previousEventId":"b6mk6usj5kvw7f5","operationId":"ahd3qdyjscyd3bz"}
{"type":"log","timestamp":1663837221262,"level":"info","message":"Starting rendering request 1 (user: null)","meta":{"rootId":"xu9c7h3krhpml2q","id":"03rj7w4f3n8bf6r"},"id":"qcdyfwrvx8i6w8w","previousOperationId":"ahd3qdyjscyd3bz"}
{"type":"log","timestamp":1663837221262,"level":"info","message":"Rendering anonymous template { recipe: html, engine: handlebars }","meta":{"rootId":"xu9c7h3krhpml2q","id":"03rj7w4f3n8bf6r"},"id":"wc3ln9hwf3wl1wx","previousOperationId":"ahd3qdyjscyd3bz"}
{"type":"log","timestamp":1663837221262,"level":"debug","message":"Inline data specified.","meta":{"rootId":"xu9c7h3krhpml2q","id":"03rj7w4f3n8bf6r"},"id":"0a2epbhm3airusq","previousOperationId":"ahd3qdyjscyd3bz"}
{"type":"log","timestamp":1663837221264,"level":"debug","message":"Base url not specified, skipping its injection.","meta":{"rootId":"xu9c7h3krhpml2q","id":"03rj7w4f3n8bf6r"},"id":"4so7t81wbghwhtd","previousOperationId":"ahd3qdyjscyd3bz"}
{"type":"operationStart","subtype":"engine","name":"handlebars","timestamp":1663837221264,"id":"3w7ts4l2hhuh8g7","previousEventId":"c07ue0yakfcpqbu","operationId":"3lma1urvkpgdydv","previousOperationId":"ahd3qdyjscyd3bz"}
{"type":"log","timestamp":1663837221264,"level":"debug","message":"Rendering engine handlebars","meta":{"rootId":"xu9c7h3krhpml2q","id":"03rj7w4f3n8bf6r"},"id":"f9qissgzqfoz30i","previousOperationId":"3lma1urvkpgdydv"}
{"type":"operationEnd","operationId":"3lma1urvkpgdydv","timestamp":1663837221283,"id":"uxbkkxznl1cpb0i","previousEventId":"3w7ts4l2hhuh8g7","previousOperationId":"3lma1urvkpgdydv"}
{"type":"operationStart","subtype":"recipe","name":"html","timestamp":1663837221283,"id":"2cf6urdr6ujesgc","previousEventId":"uxbkkxznl1cpb0i","operationId":"bb0ube04d78m9zm","previousOperationId":"3lma1urvkpgdydv"}
{"type":"log","timestamp":1663837221283,"level":"debug","message":"Executing recipe html","meta":{"rootId":"xu9c7h3krhpml2q","id":"03rj7w4f3n8bf6r"},"id":"qyfi3oh82sh0kht","previousOperationId":"bb0ube04d78m9zm"}
{"type":"operationEnd","operationId":"bb0ube04d78m9zm","timestamp":1663837221283,"id":"93385i0n9i8gnkk","previousEventId":"2cf6urdr6ujesgc","previousOperationId":"bb0ube04d78m9zm"}
{"type":"log","timestamp":1663837221284,"level":"debug","message":"Skipping storing report.","meta":{"rootId":"xu9c7h3krhpml2q","id":"03rj7w4f3n8bf6r"},"id":"qaaugo7kak485v5","previousOperationId":"bb0ube04d78m9zm"}
{"type":"log","timestamp":1663837221284,"level":"info","message":"Rendering request 1 finished in 1380 ms","meta":{"rootId":"xu9c7h3krhpml2q","id":"03rj7w4f3n8bf6r"},"id":"a3bz6qazos8a9ie","previousOperationId":"bb0ube04d78m9zm"}
{"type":"operationEnd","subtype":"render","operationId":"ahd3qdyjscyd3bz","timestamp":1663837221284,"id":"4rusf1v9544oul8","previousEventId":"93385i0n9i8gnkk","previousOperationId":"bb0ube04d78m9zm"}
{"type":"log","timestamp":1663837223235,"level":"debug","message":"Converting with chrome HeadlessChrome/98.0.4758.0 using chrome-pool strategy","meta":{"rootId":"xu9c7h3krhpml2q","id":"xu9c7h3krhpml2q"},"id":"vcvyfhwjzbk1l1h","previousOperationId":"tcv62jxehydniqd"}
{"type":"log","timestamp":1663837224439,"level":"debug","message":"Page request: GET (document) file:///var/folders/8m/98z140gs3yzbw6jqmpbh8b8m0000gn/T/jsreport/autocleanup/8d68c8d4-f1ce-4e8a-8a59-b39973383b36-chrome-pdf.html","meta":{"rootId":"xu9c7h3krhpml2q","id":"xu9c7h3krhpml2q"},"id":"5aqwy8xtt5pxodo","previousOperationId":"tcv62jxehydniqd"}
{"type":"log","timestamp":1663837224466,"level":"debug","message":"Page request finished: GET (document) file:///var/folders/8m/98z140gs3yzbw6jqmpbh8b8m0000gn/T/jsreport/autocleanup/8d68c8d4-f1ce-4e8a-8a59-b39973383b36-chrome-pdf.html","meta":{"rootId":"xu9c7h3krhpml2q","id":"xu9c7h3krhpml2q"},"id":"kt1gff98o1atvoj","previousOperationId":"tcv62jxehydniqd"}
{"type":"log","timestamp":1663837224476,"level":"debug","message":"Page request: GET (stylesheet) https://fonts.googleapis.com/css2?family=Montserrat:wght@500&family=Open+Sans:wght@300&display=swap","meta":{"rootId":"xu9c7h3krhpml2q","id":"xu9c7h3krhpml2q"},"id":"zug3suhhg7g1gij","previousOperationId":"tcv62jxehydniqd"}
{"type":"log","timestamp":1663837225261,"level":"debug","message":"Page request finished: GET (stylesheet) 200 https://fonts.googleapis.com/css2?family=Montserrat:wght@500&family=Open+Sans:wght@300&display=swap","meta":{"rootId":"xu9c7h3krhpml2q","id":"xu9c7h3krhpml2q"},"id":"rk45l5rjtnl86ul","previousOperationId":"tcv62jxehydniqd"}
{"type":"log","timestamp":1663837225361,"level":"debug","message":"Page request: GET (font) https://fonts.gstatic.com/s/opensans/v34/memSYaGs126MiZpBA-UvWbX2vVnXBbObj2OVZyOOSr4dVJWUgsiH0B4gaVQUwaEQbjA.woff","meta":{"rootId":"xu9c7h3krhpml2q","id":"xu9c7h3krhpml2q"},"id":"88qwooycfeyz1pt","previousOperationId":"tcv62jxehydniqd"}
{"type":"log","timestamp":1663837225363,"level":"debug","message":"Running chrome with params {\"scale\":1,\"displayHeaderFooter\":true,\"headerTemplate\":\"...\",\"footerTemplate\":\"...\",\"printBackground\":true,\"pageRanges\":\"\",\"format\":\"A4\",\"width\":\"\",\"height\":\"\",\"marginTop\":\"350px\",\"marginRight\":\"20px\",\"marginBottom\":\"80px\",\"marginLeft\":\"20px\",\"waitForJS\":false,\"waitForNetworkIddle\":false,\"timeout\":58620,\"waitForNetworkIdle\":false,\"margin\":{\"top\":\"350px\",\"right\":\"20px\",\"bottom\":\"80px\",\"left\":\"20px\"}}","meta":{"rootId":"xu9c7h3krhpml2q","id":"xu9c7h3krhpml2q"},"id":"1ij93gwaqjxo63b","previousOperationId":"tcv62jxehydniqd"}
{"type":"log","timestamp":1663837225520,"level":"debug","message":"Page request: GET (font) https://fonts.gstatic.com/s/opensans/v34/memSYaGs126MiZpBA-UvWbX2vVnXBbObj2OVZyOOSr4dVJWUgsiH0B4gaVQUwaEQbjA.woff","meta":{"rootId":"xu9c7h3krhpml2q","id":"xu9c7h3krhpml2q"},"id":"cgpr2rjcm2sfan0","previousOperationId":"tcv62jxehydniqd"}
{"type":"operationEnd","operationId":"tcv62jxehydniqd","timestamp":1663837225939,"id":"h4la9d8jxcb575v","previousEventId":"b6mk6usj5kvw7f5","previousOperationId":"tcv62jxehydniqd"}
{"type":"log","timestamp":1663837225939,"level":"debug","message":"Skipping storing report.","meta":{"rootId":"xu9c7h3krhpml2q","id":"xu9c7h3krhpml2q"},"id":"5lcln2p551qcsrs","previousOperationId":"tcv62jxehydniqd"}
{"type":"log","timestamp":1663837225939,"level":"info","message":"Rendering request 1 finished in 6035 ms","meta":{"rootId":"xu9c7h3krhpml2q","id":"xu9c7h3krhpml2q"},"id":"31vczrwd0r1sdfv","previousOperationId":"tcv62jxehydniqd"}
{"type":"operationEnd","subtype":"render","operationId":"ci3g7hxsbtjvfqq","timestamp":1663837225939,"id":"1cjahe1u40zm7wu","previousEventId":"h4la9d8jxcb575v","previousOperationId":"tcv62jxehydniqd"}
{"type":"operationEnd","doDiffs":false,"previousEventId":"sukl06xmldymjbo","previousOperationId":"thxpd9frji8oc8j","operationId":"thxpd9frji8oc8j","timestamp":1663837225945,"id":"8xhceeghkpx3lru"}
