{"type":"operationStart","subtype":"profile","data":{"_id":"NBPNuxJygPdTzqzE","timestamp":"2022-10-02T11:27:36.379Z","state":"queued","mode":"standard","creationDate":"2022-10-02T11:27:36.424Z","modificationDate":"2022-10-02T11:27:36.424Z","shortid":"GZFzA7v","$entitySet":"profiles"},"doDiffs":false,"timestamp":1664710056406,"id":"bh1jofldtydqzey","previousOperationId":null,"operationId":"90tbdd927qs3izy"}
{"type":"log","level":"info","message":"Render request 1 queued for execution and waiting for available worker","previousOperationId":"90tbdd927qs3izy","timestamp":1664710056407,"id":"dmy70b7lgz6yeky"}
{"type":"operationStart","subtype":"render","name":"anonymous","previousOperationId":"90tbdd927qs3izy","timestamp":1664710056593,"id":"8a5079somoja8kf","previousEventId":"bh1jofldtydqzey","operationId":"hx8bde8cq01ynx0"}
{"type":"log","timestamp":1664710056596,"level":"info","message":"Starting rendering request 1 (user: null)","meta":{"rootId":"ybiszk6ogfnzsxc","id":"ybiszk6ogfnzsxc"},"id":"7yk45b48ki31ape","previousOperationId":"hx8bde8cq01ynx0"}
{"type":"log","timestamp":1664710056702,"level":"info","message":"Rendering anonymous template { recipe: chrome-pdf, engine: handlebars }","meta":{"rootId":"ybiszk6ogfnzsxc","id":"ybiszk6ogfnzsxc"},"id":"3onp8cwot5ff83t","previousOperationId":"hx8bde8cq01ynx0"}
{"type":"log","timestamp":1664710056703,"level":"debug","message":"Inline data specified.","meta":{"rootId":"ybiszk6ogfnzsxc","id":"ybiszk6ogfnzsxc"},"id":"p1cdy9jiaqhqfir","previousOperationId":"hx8bde8cq01ynx0"}
{"type":"log","timestamp":1664710056741,"level":"debug","message":"Base url not specified, skipping its injection.","meta":{"rootId":"ybiszk6ogfnzsxc","id":"ybiszk6ogfnzsxc"},"id":"4yxytoyu5gf8qh9","previousOperationId":"hx8bde8cq01ynx0"}
{"type":"operationStart","subtype":"engine","name":"handlebars","timestamp":1664710056744,"id":"1lnnd79ax8xenhp","previousEventId":"8a5079somoja8kf","operationId":"wsj5gbaeljxzm2d","previousOperationId":"hx8bde8cq01ynx0"}
{"type":"log","timestamp":1664710056744,"level":"debug","message":"Rendering engine handlebars","meta":{"rootId":"ybiszk6ogfnzsxc","id":"ybiszk6ogfnzsxc"},"id":"a4fuc9g0dvfqnle","previousOperationId":"wsj5gbaeljxzm2d"}
{"type":"operationEnd","operationId":"wsj5gbaeljxzm2d","timestamp":1664710060949,"id":"fvdimqkfh62fwjm","previousEventId":"1lnnd79ax8xenhp","previousOperationId":"wsj5gbaeljxzm2d"}
{"type":"operationStart","subtype":"recipe","name":"chrome-pdf","timestamp":1664710060952,"id":"7hv6dw4cb3ljoku","previousEventId":"fvdimqkfh62fwjm","operationId":"n64wu5kzall5zwu","previousOperationId":"wsj5gbaeljxzm2d"}
{"type":"log","timestamp":1664710060952,"level":"debug","message":"Executing recipe chrome-pdf","meta":{"rootId":"ybiszk6ogfnzsxc","id":"ybiszk6ogfnzsxc"},"id":"4bc5z996jp14y7h","previousOperationId":"n64wu5kzall5zwu"}
{"type":"log","timestamp":1664710061666,"level":"debug","message":"Starting child request to render pdf header","meta":{"rootId":"ybiszk6ogfnzsxc","id":"ybiszk6ogfnzsxc"},"id":"3sl6qer1d59almy","previousOperationId":"n64wu5kzall5zwu"}
{"type":"operationStart","subtype":"render","name":"anonymous","previousOperationId":"n64wu5kzall5zwu","timestamp":1664710061667,"id":"xyzshck8t0ews58","previousEventId":"7hv6dw4cb3ljoku","operationId":"lyhv7wvt2m5dmgy"}
{"type":"log","timestamp":1664710061668,"level":"info","message":"Starting rendering request 1 (user: null)","meta":{"rootId":"ybiszk6ogfnzsxc","id":"jorm295idxttnqv"},"id":"4bnflmjvx8eyiof","previousOperationId":"lyhv7wvt2m5dmgy"}
{"type":"log","timestamp":1664710061668,"level":"info","message":"Rendering anonymous template { recipe: html, engine: handlebars }","meta":{"rootId":"ybiszk6ogfnzsxc","id":"jorm295idxttnqv"},"id":"ki5akt5ala40c9n","previousOperationId":"lyhv7wvt2m5dmgy"}
{"type":"log","timestamp":1664710061668,"level":"debug","message":"Inline data specified.","meta":{"rootId":"ybiszk6ogfnzsxc","id":"jorm295idxttnqv"},"id":"60e3ww8kkayjzvi","previousOperationId":"lyhv7wvt2m5dmgy"}
{"type":"log","timestamp":1664710061672,"level":"debug","message":"Base url not specified, skipping its injection.","meta":{"rootId":"ybiszk6ogfnzsxc","id":"jorm295idxttnqv"},"id":"q5nc5euvi21x6km","previousOperationId":"lyhv7wvt2m5dmgy"}
{"type":"log","timestamp":1664710061690,"level":"debug","message":"Replaced assets [\"./src/reporting/assets/logo.png\"]","meta":{"rootId":"ybiszk6ogfnzsxc","id":"jorm295idxttnqv"},"id":"vz4qz5qpkxb27tl","previousOperationId":"lyhv7wvt2m5dmgy"}
{"type":"operationStart","subtype":"engine","name":"handlebars","timestamp":1664710061691,"id":"9rcsupovuyr5e7z","previousEventId":"xyzshck8t0ews58","operationId":"4os7k68l87m2if4","previousOperationId":"lyhv7wvt2m5dmgy"}
{"type":"log","timestamp":1664710061691,"level":"debug","message":"Rendering engine handlebars","meta":{"rootId":"ybiszk6ogfnzsxc","id":"jorm295idxttnqv"},"id":"t7a3eo14j6qny78","previousOperationId":"4os7k68l87m2if4"}
{"type":"operationEnd","operationId":"4os7k68l87m2if4","timestamp":1664710061799,"id":"4gn3ls0i3bujgk7","previousEventId":"9rcsupovuyr5e7z","previousOperationId":"4os7k68l87m2if4"}
{"type":"operationStart","subtype":"recipe","name":"html","timestamp":1664710061800,"id":"u2m4xwf3bk48i61","previousEventId":"4gn3ls0i3bujgk7","operationId":"u7ck0g61ydw8jpg","previousOperationId":"4os7k68l87m2if4"}
{"type":"log","timestamp":1664710061800,"level":"debug","message":"Executing recipe html","meta":{"rootId":"ybiszk6ogfnzsxc","id":"jorm295idxttnqv"},"id":"r569jwa143jmvzb","previousOperationId":"u7ck0g61ydw8jpg"}
{"type":"operationEnd","operationId":"u7ck0g61ydw8jpg","timestamp":1664710061800,"id":"5o8f2qv0td9bn5h","previousEventId":"u2m4xwf3bk48i61","previousOperationId":"u7ck0g61ydw8jpg"}
{"type":"log","timestamp":1664710061801,"level":"debug","message":"Skipping storing report.","meta":{"rootId":"ybiszk6ogfnzsxc","id":"jorm295idxttnqv"},"id":"0svw0xvbnt1mwk1","previousOperationId":"u7ck0g61ydw8jpg"}
{"type":"log","timestamp":1664710061802,"level":"info","message":"Rendering request 1 finished in 5426 ms","meta":{"rootId":"ybiszk6ogfnzsxc","id":"jorm295idxttnqv"},"id":"tt0ik4i3sd03aak","previousOperationId":"u7ck0g61ydw8jpg"}
{"type":"operationEnd","subtype":"render","operationId":"lyhv7wvt2m5dmgy","timestamp":1664710061810,"id":"4s388vj0l5d3d7z","previousEventId":"5o8f2qv0td9bn5h","previousOperationId":"u7ck0g61ydw8jpg"}
{"type":"log","timestamp":1664710061810,"level":"debug","message":"Starting child request to render pdf footer","meta":{"rootId":"ybiszk6ogfnzsxc","id":"ybiszk6ogfnzsxc"},"id":"8qt9plimdrnw8yr","previousOperationId":"n64wu5kzall5zwu"}
{"type":"operationStart","subtype":"render","name":"anonymous","previousOperationId":"n64wu5kzall5zwu","timestamp":1664710061811,"id":"8pwzgo3ephmopfm","previousEventId":"7hv6dw4cb3ljoku","operationId":"di4e2ju74eie186"}
{"type":"log","timestamp":1664710061811,"level":"info","message":"Starting rendering request 1 (user: null)","meta":{"rootId":"ybiszk6ogfnzsxc","id":"53w95pw3139h49v"},"id":"a8key0rgw3773us","previousOperationId":"di4e2ju74eie186"}
{"type":"log","timestamp":1664710061811,"level":"info","message":"Rendering anonymous template { recipe: html, engine: handlebars }","meta":{"rootId":"ybiszk6ogfnzsxc","id":"53w95pw3139h49v"},"id":"foxlumr7022awyk","previousOperationId":"di4e2ju74eie186"}
{"type":"log","timestamp":1664710061812,"level":"debug","message":"Inline data specified.","meta":{"rootId":"ybiszk6ogfnzsxc","id":"53w95pw3139h49v"},"id":"m9r3lwilzt1cxb2","previousOperationId":"di4e2ju74eie186"}
{"type":"log","timestamp":1664710061840,"level":"debug","message":"Base url not specified, skipping its injection.","meta":{"rootId":"ybiszk6ogfnzsxc","id":"53w95pw3139h49v"},"id":"w8ftf5ov3h0ap26","previousOperationId":"di4e2ju74eie186"}
{"type":"operationStart","subtype":"engine","name":"handlebars","timestamp":1664710061841,"id":"rrhdh8ggevvropk","previousEventId":"8pwzgo3ephmopfm","operationId":"x82poezv5kn3pw7","previousOperationId":"di4e2ju74eie186"}
{"type":"log","timestamp":1664710061841,"level":"debug","message":"Rendering engine handlebars","meta":{"rootId":"ybiszk6ogfnzsxc","id":"53w95pw3139h49v"},"id":"6len223b8cmr79n","previousOperationId":"x82poezv5kn3pw7"}
{"type":"operationEnd","operationId":"x82poezv5kn3pw7","timestamp":1664710061917,"id":"5r179b6xbpcndl7","previousEventId":"rrhdh8ggevvropk","previousOperationId":"x82poezv5kn3pw7"}
{"type":"operationStart","subtype":"recipe","name":"html","timestamp":1664710061918,"id":"jqglizmrd5d43i3","previousEventId":"5r179b6xbpcndl7","operationId":"dfv0f1l307rljnq","previousOperationId":"x82poezv5kn3pw7"}
{"type":"log","timestamp":1664710061918,"level":"debug","message":"Executing recipe html","meta":{"rootId":"ybiszk6ogfnzsxc","id":"53w95pw3139h49v"},"id":"c3r6qk2r9ub12h0","previousOperationId":"dfv0f1l307rljnq"}
{"type":"operationEnd","operationId":"dfv0f1l307rljnq","timestamp":1664710061918,"id":"813ihee82s83wkr","previousEventId":"jqglizmrd5d43i3","previousOperationId":"dfv0f1l307rljnq"}
{"type":"log","timestamp":1664710061918,"level":"debug","message":"Skipping storing report.","meta":{"rootId":"ybiszk6ogfnzsxc","id":"53w95pw3139h49v"},"id":"ro33pt66hw4z09u","previousOperationId":"dfv0f1l307rljnq"}
{"type":"log","timestamp":1664710061922,"level":"info","message":"Rendering request 1 finished in 5542 ms","meta":{"rootId":"ybiszk6ogfnzsxc","id":"53w95pw3139h49v"},"id":"pqnz7vjmd464dra","previousOperationId":"dfv0f1l307rljnq"}
{"type":"operationEnd","subtype":"render","operationId":"di4e2ju74eie186","timestamp":1664710061923,"id":"hp98tkjb6cbqtol","previousEventId":"813ihee82s83wkr","previousOperationId":"dfv0f1l307rljnq"}
{"type":"log","timestamp":1664710064656,"level":"debug","message":"Converting with chrome HeadlessChrome/98.0.4758.0 using chrome-pool strategy","meta":{"rootId":"ybiszk6ogfnzsxc","id":"ybiszk6ogfnzsxc"},"id":"mg7eqnr9k7caht3","previousOperationId":"n64wu5kzall5zwu"}
{"type":"log","timestamp":1664710065288,"level":"debug","message":"Page request: GET (document) file:///var/folders/8m/98z140gs3yzbw6jqmpbh8b8m0000gn/T/jsreport/autocleanup/8fe6bf20-d6e0-4110-829e-740a82409b64-chrome-pdf.html","meta":{"rootId":"ybiszk6ogfnzsxc","id":"ybiszk6ogfnzsxc"},"id":"rqklyc9v2gciw2u","previousOperationId":"n64wu5kzall5zwu"}
{"type":"log","timestamp":1664710065340,"level":"debug","message":"Page request finished: GET (document) file:///var/folders/8m/98z140gs3yzbw6jqmpbh8b8m0000gn/T/jsreport/autocleanup/8fe6bf20-d6e0-4110-829e-740a82409b64-chrome-pdf.html","meta":{"rootId":"ybiszk6ogfnzsxc","id":"ybiszk6ogfnzsxc"},"id":"1mmpfammolazty7","previousOperationId":"n64wu5kzall5zwu"}
{"type":"log","timestamp":1664710065366,"level":"debug","message":"Page request: GET (stylesheet) https://fonts.googleapis.com/css2?family=Montserrat:wght@500&family=Open+Sans:wght@300&display=swap","meta":{"rootId":"ybiszk6ogfnzsxc","id":"ybiszk6ogfnzsxc"},"id":"8tdjafbq1zwijcv","previousOperationId":"n64wu5kzall5zwu"}
{"type":"log","timestamp":1664710065794,"level":"debug","message":"Page request finished: GET (stylesheet) 200 https://fonts.googleapis.com/css2?family=Montserrat:wght@500&family=Open+Sans:wght@300&display=swap","meta":{"rootId":"ybiszk6ogfnzsxc","id":"ybiszk6ogfnzsxc"},"id":"r78np80mspwogjr","previousOperationId":"n64wu5kzall5zwu"}
{"type":"log","timestamp":1664710065936,"level":"debug","message":"Page request: GET (font) https://fonts.gstatic.com/s/opensans/v34/memSYaGs126MiZpBA-UvWbX2vVnXBbObj2OVZyOOSr4dVJWUgsiH0B4gaVQUwaEQbjA.woff","meta":{"rootId":"ybiszk6ogfnzsxc","id":"ybiszk6ogfnzsxc"},"id":"ifaq3h7wf6n3o6v","previousOperationId":"n64wu5kzall5zwu"}
{"type":"log","timestamp":1664710065957,"level":"debug","message":"Page request: GET (font) https://fonts.gstatic.com/s/opensans/v34/memSYaGs126MiZpBA-UvWbX2vVnXBbObj2OVZyOOSr4dVJWUgsiH0B4gaVQUwaEQbjA.woff","meta":{"rootId":"ybiszk6ogfnzsxc","id":"ybiszk6ogfnzsxc"},"id":"t3denmyaobk6eoj","previousOperationId":"n64wu5kzall5zwu"}
{"type":"log","timestamp":1664710066489,"level":"debug","message":"Page request finished: GET (font) 200 https://fonts.gstatic.com/s/opensans/v34/memSYaGs126MiZpBA-UvWbX2vVnXBbObj2OVZyOOSr4dVJWUgsiH0B4gaVQUwaEQbjA.woff","meta":{"rootId":"ybiszk6ogfnzsxc","id":"ybiszk6ogfnzsxc"},"id":"b5hdags9dkgapy1","previousOperationId":"n64wu5kzall5zwu"}
{"type":"log","timestamp":1664710066551,"level":"debug","message":"Running chrome with params {\"scale\":1,\"displayHeaderFooter\":true,\"headerTemplate\":\"...\",\"footerTemplate\":\"...\",\"printBackground\":true,\"pageRanges\":\"\",\"format\":\"A4\",\"width\":\"\",\"height\":\"\",\"marginTop\":\"500px\",\"marginRight\":\"20px\",\"marginBottom\":\"80px\",\"marginLeft\":\"20px\",\"waitForJS\":false,\"waitForNetworkIddle\":false,\"timeout\":54433,\"waitForNetworkIdle\":false,\"margin\":{\"top\":\"500px\",\"right\":\"20px\",\"bottom\":\"80px\",\"left\":\"20px\"}}","meta":{"rootId":"ybiszk6ogfnzsxc","id":"ybiszk6ogfnzsxc"},"id":"pqbu5nahs50d7dy","previousOperationId":"n64wu5kzall5zwu"}
{"type":"operationEnd","operationId":"n64wu5kzall5zwu","timestamp":1664710067319,"id":"i1g2ibv0r2sz45v","previousEventId":"7hv6dw4cb3ljoku","previousOperationId":"n64wu5kzall5zwu"}
{"type":"log","timestamp":1664710067319,"level":"debug","message":"Skipping storing report.","meta":{"rootId":"ybiszk6ogfnzsxc","id":"ybiszk6ogfnzsxc"},"id":"ugu5khgh0c1os4k","previousOperationId":"n64wu5kzall5zwu"}
{"type":"log","timestamp":1664710067320,"level":"info","message":"Rendering request 1 finished in 10944 ms","meta":{"rootId":"ybiszk6ogfnzsxc","id":"ybiszk6ogfnzsxc"},"id":"ifzk3a877rkia25","previousOperationId":"n64wu5kzall5zwu"}
{"type":"operationEnd","subtype":"render","operationId":"hx8bde8cq01ynx0","timestamp":1664710067320,"id":"kri5dd4vbjctl5k","previousEventId":"i1g2ibv0r2sz45v","previousOperationId":"n64wu5kzall5zwu"}
{"type":"operationEnd","doDiffs":false,"previousEventId":"bh1jofldtydqzey","previousOperationId":"90tbdd927qs3izy","operationId":"90tbdd927qs3izy","timestamp":1664710067338,"id":"63scst2pfqvgftv"}
