{"type":"operationStart","subtype":"profile","data":{"_id":"b3f4pSd9HX4H0hKK","timestamp":"2022-10-02T11:23:02.921Z","state":"queued","mode":"standard","creationDate":"2022-10-02T11:23:02.927Z","modificationDate":"2022-10-02T11:23:02.927Z","shortid":"KioeUwF","$entitySet":"profiles"},"doDiffs":false,"timestamp":1664709782925,"id":"vad6z1by85l30mc","previousOperationId":null,"operationId":"q4t9mge5lvyxbvx"}
{"type":"log","level":"info","message":"Render request 1 queued for execution and waiting for available worker","previousOperationId":"q4t9mge5lvyxbvx","timestamp":1664709782925,"id":"1v1q9faevhl5abg"}
{"type":"operationStart","subtype":"render","name":"anonymous","previousOperationId":"q4t9mge5lvyxbvx","timestamp":1664709783019,"id":"yr23gw86o8vztkj","previousEventId":"vad6z1by85l30mc","operationId":"c5isu68k87xdjmo"}
{"type":"log","timestamp":1664709783021,"level":"info","message":"Starting rendering request 1 (user: null)","meta":{"rootId":"ye3n6bemjg0pt64","id":"ye3n6bemjg0pt64"},"id":"i5hgb8dnpwym6s7","previousOperationId":"c5isu68k87xdjmo"}
{"type":"log","timestamp":1664709783024,"level":"info","message":"Rendering anonymous template { recipe: chrome-pdf, engine: handlebars }","meta":{"rootId":"ye3n6bemjg0pt64","id":"ye3n6bemjg0pt64"},"id":"xho1yyckr9jb3it","previousOperationId":"c5isu68k87xdjmo"}
{"type":"log","timestamp":1664709783025,"level":"debug","message":"Inline data specified.","meta":{"rootId":"ye3n6bemjg0pt64","id":"ye3n6bemjg0pt64"},"id":"ochz6nh0y1hkgpz","previousOperationId":"c5isu68k87xdjmo"}
{"type":"log","timestamp":1664709783078,"level":"debug","message":"Base url not specified, skipping its injection.","meta":{"rootId":"ye3n6bemjg0pt64","id":"ye3n6bemjg0pt64"},"id":"es4d98z5juimmht","previousOperationId":"c5isu68k87xdjmo"}
{"type":"operationStart","subtype":"engine","name":"handlebars","timestamp":1664709783082,"id":"dbcp2roaa4hjasp","previousEventId":"yr23gw86o8vztkj","operationId":"wah2kigqzmte6mo","previousOperationId":"c5isu68k87xdjmo"}
{"type":"log","timestamp":1664709783082,"level":"debug","message":"Rendering engine handlebars","meta":{"rootId":"ye3n6bemjg0pt64","id":"ye3n6bemjg0pt64"},"id":"bkv1rqj7jrnyh6j","previousOperationId":"wah2kigqzmte6mo"}
{"type":"operationEnd","operationId":"wah2kigqzmte6mo","timestamp":1664709786527,"id":"ozmlt7uzuqgu12b","previousEventId":"dbcp2roaa4hjasp","previousOperationId":"wah2kigqzmte6mo"}
{"type":"operationStart","subtype":"recipe","name":"chrome-pdf","timestamp":1664709786529,"id":"0mam4ew6l5ra0v6","previousEventId":"ozmlt7uzuqgu12b","operationId":"nah1374k8l87tzq","previousOperationId":"wah2kigqzmte6mo"}
{"type":"log","timestamp":1664709786529,"level":"debug","message":"Executing recipe chrome-pdf","meta":{"rootId":"ye3n6bemjg0pt64","id":"ye3n6bemjg0pt64"},"id":"615r2ie20uoa8m6","previousOperationId":"nah1374k8l87tzq"}
{"type":"log","timestamp":1664709787178,"level":"debug","message":"Starting child request to render pdf header","meta":{"rootId":"ye3n6bemjg0pt64","id":"ye3n6bemjg0pt64"},"id":"sfxsgm1qiz80b7s","previousOperationId":"nah1374k8l87tzq"}
{"type":"operationStart","subtype":"render","name":"anonymous","previousOperationId":"nah1374k8l87tzq","timestamp":1664709787184,"id":"uu1divzcva54rh9","previousEventId":"0mam4ew6l5ra0v6","operationId":"xpu8osdrvdgvm6w"}
{"type":"log","timestamp":1664709787184,"level":"info","message":"Starting rendering request 1 (user: null)","meta":{"rootId":"ye3n6bemjg0pt64","id":"pigdffuvgc4yjiw"},"id":"axwkuy8hl7bji54","previousOperationId":"xpu8osdrvdgvm6w"}
{"type":"log","timestamp":1664709787185,"level":"info","message":"Rendering anonymous template { recipe: html, engine: handlebars }","meta":{"rootId":"ye3n6bemjg0pt64","id":"pigdffuvgc4yjiw"},"id":"3autine9igg4242","previousOperationId":"xpu8osdrvdgvm6w"}
{"type":"log","timestamp":1664709787185,"level":"debug","message":"Inline data specified.","meta":{"rootId":"ye3n6bemjg0pt64","id":"pigdffuvgc4yjiw"},"id":"5rethb9jojork79","previousOperationId":"xpu8osdrvdgvm6w"}
{"type":"log","timestamp":1664709787188,"level":"debug","message":"Base url not specified, skipping its injection.","meta":{"rootId":"ye3n6bemjg0pt64","id":"pigdffuvgc4yjiw"},"id":"z723n2pgb5wrzlu","previousOperationId":"xpu8osdrvdgvm6w"}
{"type":"log","timestamp":1664709787202,"level":"debug","message":"Replaced assets [\"./src/reporting/assets/logo.png\"]","meta":{"rootId":"ye3n6bemjg0pt64","id":"pigdffuvgc4yjiw"},"id":"yg3olqizo509my8","previousOperationId":"xpu8osdrvdgvm6w"}
{"type":"operationStart","subtype":"engine","name":"handlebars","timestamp":1664709787203,"id":"6d7we47nnlc9syj","previousEventId":"uu1divzcva54rh9","operationId":"ceut7p0im904k06","previousOperationId":"xpu8osdrvdgvm6w"}
{"type":"log","timestamp":1664709787203,"level":"debug","message":"Rendering engine handlebars","meta":{"rootId":"ye3n6bemjg0pt64","id":"pigdffuvgc4yjiw"},"id":"ijfzbipdhpvy5au","previousOperationId":"ceut7p0im904k06"}
{"type":"operationEnd","operationId":"ceut7p0im904k06","timestamp":1664709787316,"id":"etkb1k3w44460y7","previousEventId":"6d7we47nnlc9syj","previousOperationId":"ceut7p0im904k06"}
{"type":"operationStart","subtype":"recipe","name":"html","timestamp":1664709787317,"id":"8ekxygnpi56bv79","previousEventId":"etkb1k3w44460y7","operationId":"mds2o57zm6ux160","previousOperationId":"ceut7p0im904k06"}
{"type":"log","timestamp":1664709787317,"level":"debug","message":"Executing recipe html","meta":{"rootId":"ye3n6bemjg0pt64","id":"pigdffuvgc4yjiw"},"id":"i2cwa3xnpsn750g","previousOperationId":"mds2o57zm6ux160"}
{"type":"operationEnd","operationId":"mds2o57zm6ux160","timestamp":1664709787317,"id":"4eypjo1usukzm9z","previousEventId":"8ekxygnpi56bv79","previousOperationId":"mds2o57zm6ux160"}
{"type":"log","timestamp":1664709787318,"level":"debug","message":"Skipping storing report.","meta":{"rootId":"ye3n6bemjg0pt64","id":"pigdffuvgc4yjiw"},"id":"cuj6fd3jybw57xn","previousOperationId":"mds2o57zm6ux160"}
{"type":"log","timestamp":1664709787319,"level":"info","message":"Rendering request 1 finished in 4400 ms","meta":{"rootId":"ye3n6bemjg0pt64","id":"pigdffuvgc4yjiw"},"id":"hyzgprf37jnkdvm","previousOperationId":"mds2o57zm6ux160"}
{"type":"operationEnd","subtype":"render","operationId":"xpu8osdrvdgvm6w","timestamp":1664709787319,"id":"2rmt7c3i35749ux","previousEventId":"4eypjo1usukzm9z","previousOperationId":"mds2o57zm6ux160"}
{"type":"log","timestamp":1664709787319,"level":"debug","message":"Starting child request to render pdf footer","meta":{"rootId":"ye3n6bemjg0pt64","id":"ye3n6bemjg0pt64"},"id":"e0nidmgsd38suwz","previousOperationId":"nah1374k8l87tzq"}
{"type":"operationStart","subtype":"render","name":"anonymous","previousOperationId":"nah1374k8l87tzq","timestamp":1664709787319,"id":"ecjd3snd586ifjz","previousEventId":"0mam4ew6l5ra0v6","operationId":"965fa6iynyo4dhz"}
{"type":"log","timestamp":1664709787319,"level":"info","message":"Starting rendering request 1 (user: null)","meta":{"rootId":"ye3n6bemjg0pt64","id":"t9xsl5kglt7jl4k"},"id":"jd7gj5ztbyrxg5j","previousOperationId":"965fa6iynyo4dhz"}
{"type":"log","timestamp":1664709787320,"level":"info","message":"Rendering anonymous template { recipe: html, engine: handlebars }","meta":{"rootId":"ye3n6bemjg0pt64","id":"t9xsl5kglt7jl4k"},"id":"9ho7a8bj3qkikjt","previousOperationId":"965fa6iynyo4dhz"}
{"type":"log","timestamp":1664709787320,"level":"debug","message":"Inline data specified.","meta":{"rootId":"ye3n6bemjg0pt64","id":"t9xsl5kglt7jl4k"},"id":"imh8izcnrr8mqm7","previousOperationId":"965fa6iynyo4dhz"}
{"type":"log","timestamp":1664709787350,"level":"debug","message":"Base url not specified, skipping its injection.","meta":{"rootId":"ye3n6bemjg0pt64","id":"t9xsl5kglt7jl4k"},"id":"rf2ujickchcrm20","previousOperationId":"965fa6iynyo4dhz"}
{"type":"operationStart","subtype":"engine","name":"handlebars","timestamp":1664709787352,"id":"h7jzppse21n7pha","previousEventId":"ecjd3snd586ifjz","operationId":"qqxc0u3wnxvfe11","previousOperationId":"965fa6iynyo4dhz"}
{"type":"log","timestamp":1664709787352,"level":"debug","message":"Rendering engine handlebars","meta":{"rootId":"ye3n6bemjg0pt64","id":"t9xsl5kglt7jl4k"},"id":"dtyal37ryli52r6","previousOperationId":"qqxc0u3wnxvfe11"}
{"type":"operationEnd","operationId":"qqxc0u3wnxvfe11","timestamp":1664709787423,"id":"i4ycc6geiao8k84","previousEventId":"h7jzppse21n7pha","previousOperationId":"qqxc0u3wnxvfe11"}
{"type":"operationStart","subtype":"recipe","name":"html","timestamp":1664709787426,"id":"0eu1xjbpr1doqdc","previousEventId":"i4ycc6geiao8k84","operationId":"l4x2hvbnl22pybp","previousOperationId":"qqxc0u3wnxvfe11"}
{"type":"log","timestamp":1664709787426,"level":"debug","message":"Executing recipe html","meta":{"rootId":"ye3n6bemjg0pt64","id":"t9xsl5kglt7jl4k"},"id":"mpkradba4l8iemr","previousOperationId":"l4x2hvbnl22pybp"}
{"type":"operationEnd","operationId":"l4x2hvbnl22pybp","timestamp":1664709787426,"id":"yl0n2kysqx8mvhg","previousEventId":"0eu1xjbpr1doqdc","previousOperationId":"l4x2hvbnl22pybp"}
{"type":"log","timestamp":1664709787426,"level":"debug","message":"Skipping storing report.","meta":{"rootId":"ye3n6bemjg0pt64","id":"t9xsl5kglt7jl4k"},"id":"0enawbh8109a79c","previousOperationId":"l4x2hvbnl22pybp"}
{"type":"log","timestamp":1664709787426,"level":"info","message":"Rendering request 1 finished in 4507 ms","meta":{"rootId":"ye3n6bemjg0pt64","id":"t9xsl5kglt7jl4k"},"id":"i6c41bsk5fskqkm","previousOperationId":"l4x2hvbnl22pybp"}
{"type":"operationEnd","subtype":"render","operationId":"965fa6iynyo4dhz","timestamp":1664709787427,"id":"7w3mc1ymhiuvxta","previousEventId":"yl0n2kysqx8mvhg","previousOperationId":"l4x2hvbnl22pybp"}
{"type":"log","timestamp":1664709791804,"level":"debug","message":"Converting with chrome HeadlessChrome/98.0.4758.0 using chrome-pool strategy","meta":{"rootId":"ye3n6bemjg0pt64","id":"ye3n6bemjg0pt64"},"id":"tlea5o6yydz5vqp","previousOperationId":"nah1374k8l87tzq"}
{"type":"log","timestamp":1664709792932,"level":"debug","message":"Page request: GET (document) file:///var/folders/8m/98z140gs3yzbw6jqmpbh8b8m0000gn/T/jsreport/autocleanup/7d894c54-4ec8-4e67-8d96-a488896a01aa-chrome-pdf.html","meta":{"rootId":"ye3n6bemjg0pt64","id":"ye3n6bemjg0pt64"},"id":"shwjc0bnmyhzvbd","previousOperationId":"nah1374k8l87tzq"}
{"type":"log","timestamp":1664709792978,"level":"debug","message":"Page request finished: GET (document) file:///var/folders/8m/98z140gs3yzbw6jqmpbh8b8m0000gn/T/jsreport/autocleanup/7d894c54-4ec8-4e67-8d96-a488896a01aa-chrome-pdf.html","meta":{"rootId":"ye3n6bemjg0pt64","id":"ye3n6bemjg0pt64"},"id":"t8q0qcldfh9subj","previousOperationId":"nah1374k8l87tzq"}
{"type":"log","timestamp":1664709793023,"level":"debug","message":"Page request: GET (stylesheet) https://fonts.googleapis.com/css2?family=Montserrat:wght@500&family=Open+Sans:wght@300&display=swap","meta":{"rootId":"ye3n6bemjg0pt64","id":"ye3n6bemjg0pt64"},"id":"5550snb6lsdyglm","previousOperationId":"nah1374k8l87tzq"}
{"type":"log","timestamp":1664709793477,"level":"debug","message":"Page request finished: GET (stylesheet) 200 https://fonts.googleapis.com/css2?family=Montserrat:wght@500&family=Open+Sans:wght@300&display=swap","meta":{"rootId":"ye3n6bemjg0pt64","id":"ye3n6bemjg0pt64"},"id":"2shlvkx6j92r7nu","previousOperationId":"nah1374k8l87tzq"}
{"type":"log","timestamp":1664709793540,"level":"debug","message":"Page request: GET (font) https://fonts.gstatic.com/s/opensans/v34/memSYaGs126MiZpBA-UvWbX2vVnXBbObj2OVZyOOSr4dVJWUgsiH0B4gaVQUwaEQbjA.woff","meta":{"rootId":"ye3n6bemjg0pt64","id":"ye3n6bemjg0pt64"},"id":"ecr73lnp9k3r66q","previousOperationId":"nah1374k8l87tzq"}
{"type":"log","timestamp":1664709793609,"level":"debug","message":"Running chrome with params {\"scale\":1,\"displayHeaderFooter\":true,\"headerTemplate\":\"...\",\"footerTemplate\":\"...\",\"printBackground\":true,\"pageRanges\":\"\",\"format\":\"A4\",\"width\":\"\",\"height\":\"\",\"marginTop\":\"500px\",\"marginRight\":\"20px\",\"marginBottom\":\"80px\",\"marginLeft\":\"20px\",\"waitForJS\":false,\"waitForNetworkIddle\":false,\"timeout\":55492,\"waitForNetworkIdle\":false,\"margin\":{\"top\":\"500px\",\"right\":\"20px\",\"bottom\":\"80px\",\"left\":\"20px\"}}","meta":{"rootId":"ye3n6bemjg0pt64","id":"ye3n6bemjg0pt64"},"id":"snwb3vk5bnxeyoa","previousOperationId":"nah1374k8l87tzq"}
{"type":"log","timestamp":1664709793632,"level":"debug","message":"Page request: GET (font) https://fonts.gstatic.com/s/opensans/v34/memSYaGs126MiZpBA-UvWbX2vVnXBbObj2OVZyOOSr4dVJWUgsiH0B4gaVQUwaEQbjA.woff","meta":{"rootId":"ye3n6bemjg0pt64","id":"ye3n6bemjg0pt64"},"id":"rl6medj0ncpu0vp","previousOperationId":"nah1374k8l87tzq"}
{"type":"log","timestamp":1664709794123,"level":"debug","message":"Page request finished: GET (font) 200 https://fonts.gstatic.com/s/opensans/v34/memSYaGs126MiZpBA-UvWbX2vVnXBbObj2OVZyOOSr4dVJWUgsiH0B4gaVQUwaEQbjA.woff","meta":{"rootId":"ye3n6bemjg0pt64","id":"ye3n6bemjg0pt64"},"id":"dcdfelcn4dzdxao","previousOperationId":"nah1374k8l87tzq"}
{"type":"operationEnd","operationId":"nah1374k8l87tzq","timestamp":1664709794226,"id":"l7i1lie214dcab1","previousEventId":"0mam4ew6l5ra0v6","previousOperationId":"nah1374k8l87tzq"}
{"type":"log","timestamp":1664709794226,"level":"debug","message":"Skipping storing report.","meta":{"rootId":"ye3n6bemjg0pt64","id":"ye3n6bemjg0pt64"},"id":"ild30mfmlx4e3uh","previousOperationId":"nah1374k8l87tzq"}
{"type":"log","timestamp":1664709794226,"level":"info","message":"Rendering request 1 finished in 11307 ms","meta":{"rootId":"ye3n6bemjg0pt64","id":"ye3n6bemjg0pt64"},"id":"mbwwzqagnn8c6iw","previousOperationId":"nah1374k8l87tzq"}
{"type":"operationEnd","subtype":"render","operationId":"c5isu68k87xdjmo","timestamp":1664709794226,"id":"tpzaa95rt65ijrl","previousEventId":"l7i1lie214dcab1","previousOperationId":"nah1374k8l87tzq"}
{"type":"operationEnd","doDiffs":false,"previousEventId":"vad6z1by85l30mc","previousOperationId":"q4t9mge5lvyxbvx","operationId":"q4t9mge5lvyxbvx","timestamp":1664709794254,"id":"minxoakpw6hxf6h"}
