{"type":"operationStart","subtype":"profile","data":{"_id":"tigrEldjcjPwZLCq","timestamp":"2024-01-10T19:30:46.502Z","state":"queued","mode":"standard","creationDate":"2024-01-10T19:30:46.510Z","modificationDate":"2024-01-10T19:30:46.510Z","shortid":"wve_exM","$entitySet":"profiles"},"doDiffs":false,"timestamp":1704915046507,"id":"d5gzbulqoj9lf6u","previousOperationId":null,"operationId":"rf697spu4ybb7tz"}
{"type":"log","level":"info","message":"Render request 1 queued for execution and waiting for available worker","previousOperationId":"rf697spu4ybb7tz","timestamp":1704915046507,"id":"y9sbrg0ec92q2v3"}
{"type":"operationStart","subtype":"render","name":"anonymous","previousOperationId":"rf697spu4ybb7tz","timestamp":1704915046531,"id":"fqmwxrroy343gas","previousEventId":"d5gzbulqoj9lf6u","operationId":"q6pcwj5rlxvesb0"}
{"type":"log","timestamp":1704915046533,"level":"info","message":"Starting rendering request 1","meta":{"rootId":"yj0jbrjyv2vl675","id":"yj0jbrjyv2vl675"},"id":"hj2ib1j1575psgq","previousOperationId":"q6pcwj5rlxvesb0"}
{"type":"log","timestamp":1704915046535,"level":"info","message":"Rendering anonymous template { recipe: chrome-pdf, engine: handlebars }","meta":{"rootId":"yj0jbrjyv2vl675","id":"yj0jbrjyv2vl675"},"id":"g3usnqp3fxfrwof","previousOperationId":"q6pcwj5rlxvesb0"}
{"type":"log","timestamp":1704915046536,"level":"debug","message":"Inline data specified.","meta":{"rootId":"yj0jbrjyv2vl675","id":"yj0jbrjyv2vl675"},"id":"l15xkfdqm0oh6dl","previousOperationId":"q6pcwj5rlxvesb0"}
{"type":"log","timestamp":1704915046543,"level":"debug","message":"Base url not specified, skipping its injection.","meta":{"rootId":"yj0jbrjyv2vl675","id":"yj0jbrjyv2vl675"},"id":"8grecvczv4e3xbl","previousOperationId":"q6pcwj5rlxvesb0"}
{"type":"operationStart","subtype":"engine","name":"handlebars","timestamp":1704915046545,"id":"qlzwdjw6ft2lnau","previousEventId":"fqmwxrroy343gas","operationId":"inlvst08st5givk","previousOperationId":"q6pcwj5rlxvesb0"}
{"type":"log","timestamp":1704915046545,"level":"debug","message":"Rendering engine handlebars","meta":{"rootId":"yj0jbrjyv2vl675","id":"yj0jbrjyv2vl675"},"id":"v5f6nm2yjqbx46g","previousOperationId":"inlvst08st5givk"}
{"type":"operationEnd","operationId":"inlvst08st5givk","timestamp":1704915047618,"id":"96zvl431i8vpsd8","previousEventId":"qlzwdjw6ft2lnau","previousOperationId":"inlvst08st5givk"}
{"type":"operationStart","subtype":"recipe","name":"chrome-pdf","timestamp":1704915047620,"id":"nuf9r7helno84d2","previousEventId":"96zvl431i8vpsd8","operationId":"yawsbgx4d1vxqyy","previousOperationId":"inlvst08st5givk"}
{"type":"log","timestamp":1704915047620,"level":"debug","message":"Executing recipe chrome-pdf","meta":{"rootId":"yj0jbrjyv2vl675","id":"yj0jbrjyv2vl675"},"id":"i9wr8isqbudi9st","previousOperationId":"yawsbgx4d1vxqyy"}
{"type":"log","timestamp":1704915047928,"level":"debug","message":"Starting child request to render pdf header","meta":{"rootId":"yj0jbrjyv2vl675","id":"yj0jbrjyv2vl675"},"id":"k4btxzm5dvrwyhh","previousOperationId":"yawsbgx4d1vxqyy"}
{"type":"operationStart","subtype":"render","name":"anonymous","previousOperationId":"yawsbgx4d1vxqyy","timestamp":1704915047928,"id":"91eth5g8gsj6tgl","previousEventId":"nuf9r7helno84d2","operationId":"2v1hlivpoz4s2v4"}
{"type":"log","timestamp":1704915047929,"level":"info","message":"Starting rendering (child) request","meta":{"rootId":"yj0jbrjyv2vl675","id":"tcs1kwfzikesfw0"},"id":"6tyg3bgkiuxzbxs","previousOperationId":"2v1hlivpoz4s2v4"}
{"type":"log","timestamp":1704915047929,"level":"info","message":"Rendering anonymous template { recipe: html, engine: handlebars }","meta":{"rootId":"yj0jbrjyv2vl675","id":"tcs1kwfzikesfw0"},"id":"k40xfs88vr5ykbu","previousOperationId":"2v1hlivpoz4s2v4"}
{"type":"log","timestamp":1704915047929,"level":"debug","message":"Inline data specified.","meta":{"rootId":"yj0jbrjyv2vl675","id":"tcs1kwfzikesfw0"},"id":"f0dlj1yjvgo92nw","previousOperationId":"2v1hlivpoz4s2v4"}
{"type":"log","timestamp":1704915047930,"level":"debug","message":"Base url not specified, skipping its injection.","meta":{"rootId":"yj0jbrjyv2vl675","id":"tcs1kwfzikesfw0"},"id":"36zd3jwjkbe17lr","previousOperationId":"2v1hlivpoz4s2v4"}
{"type":"log","timestamp":1704915047940,"level":"debug","message":"Replaced assets [\"./src/reporting/assets/logo.png\"]","meta":{"rootId":"yj0jbrjyv2vl675","id":"tcs1kwfzikesfw0"},"id":"zgmmxhhy1ebawl0","previousOperationId":"2v1hlivpoz4s2v4"}
{"type":"operationStart","subtype":"engine","name":"handlebars","timestamp":1704915047941,"id":"9qbeakthfnv7jw7","previousEventId":"91eth5g8gsj6tgl","operationId":"l9mytdofv2fu49w","previousOperationId":"2v1hlivpoz4s2v4"}
{"type":"log","timestamp":1704915047941,"level":"debug","message":"Rendering engine handlebars","meta":{"rootId":"yj0jbrjyv2vl675","id":"tcs1kwfzikesfw0"},"id":"exl3wlm0revwnv3","previousOperationId":"l9mytdofv2fu49w"}
{"type":"operationEnd","operationId":"l9mytdofv2fu49w","timestamp":1704915047964,"id":"llcjts7kqnna898","previousEventId":"9qbeakthfnv7jw7","previousOperationId":"l9mytdofv2fu49w"}
{"type":"operationStart","subtype":"recipe","name":"html","timestamp":1704915047964,"id":"y5bfa91peiyre13","previousEventId":"llcjts7kqnna898","operationId":"j1yiuylbbuga8e9","previousOperationId":"l9mytdofv2fu49w"}
{"type":"log","timestamp":1704915047964,"level":"debug","message":"Executing recipe html","meta":{"rootId":"yj0jbrjyv2vl675","id":"tcs1kwfzikesfw0"},"id":"ongrptfe0oxuhrg","previousOperationId":"j1yiuylbbuga8e9"}
{"type":"operationEnd","operationId":"j1yiuylbbuga8e9","timestamp":1704915047964,"id":"whsrbuzo1ehst7s","previousEventId":"y5bfa91peiyre13","previousOperationId":"j1yiuylbbuga8e9"}
{"type":"log","timestamp":1704915047965,"level":"debug","message":"Skipping storing report.","meta":{"rootId":"yj0jbrjyv2vl675","id":"tcs1kwfzikesfw0"},"id":"txnch7nzz00i2dc","previousOperationId":"j1yiuylbbuga8e9"}
{"type":"log","timestamp":1704915047966,"level":"info","message":"Rendering (child) request finished in 1465 ms","meta":{"rootId":"yj0jbrjyv2vl675","id":"tcs1kwfzikesfw0"},"id":"60mcjhv2b5n7hzj","previousOperationId":"j1yiuylbbuga8e9"}
{"type":"operationEnd","subtype":"render","operationId":"2v1hlivpoz4s2v4","timestamp":1704915047966,"id":"4lxustec7ehc029","previousEventId":"whsrbuzo1ehst7s","previousOperationId":"j1yiuylbbuga8e9"}
{"type":"log","timestamp":1704915047967,"level":"debug","message":"Starting child request to render pdf footer","meta":{"rootId":"yj0jbrjyv2vl675","id":"yj0jbrjyv2vl675"},"id":"0yw9fzsp1or8epr","previousOperationId":"yawsbgx4d1vxqyy"}
{"type":"operationStart","subtype":"render","name":"anonymous","previousOperationId":"yawsbgx4d1vxqyy","timestamp":1704915047967,"id":"ltgxgcrzktuazya","previousEventId":"nuf9r7helno84d2","operationId":"vdnqaduwlh7c4x3"}
{"type":"log","timestamp":1704915047967,"level":"info","message":"Starting rendering (child) request","meta":{"rootId":"yj0jbrjyv2vl675","id":"opwjdrgtp156wma"},"id":"3ouq9bpuvk88pbs","previousOperationId":"vdnqaduwlh7c4x3"}
{"type":"log","timestamp":1704915047967,"level":"info","message":"Rendering anonymous template { recipe: html, engine: handlebars }","meta":{"rootId":"yj0jbrjyv2vl675","id":"opwjdrgtp156wma"},"id":"g76s6q9eokky3oh","previousOperationId":"vdnqaduwlh7c4x3"}
{"type":"log","timestamp":1704915047967,"level":"debug","message":"Inline data specified.","meta":{"rootId":"yj0jbrjyv2vl675","id":"opwjdrgtp156wma"},"id":"3mmezmfhffr6s7w","previousOperationId":"vdnqaduwlh7c4x3"}
{"type":"log","timestamp":1704915047969,"level":"debug","message":"Base url not specified, skipping its injection.","meta":{"rootId":"yj0jbrjyv2vl675","id":"opwjdrgtp156wma"},"id":"apywq109k546f48","previousOperationId":"vdnqaduwlh7c4x3"}
{"type":"operationStart","subtype":"engine","name":"handlebars","timestamp":1704915047970,"id":"9iwymkx2i06d6sh","previousEventId":"ltgxgcrzktuazya","operationId":"dqaejhif3t6s6f2","previousOperationId":"vdnqaduwlh7c4x3"}
{"type":"log","timestamp":1704915047970,"level":"debug","message":"Rendering engine handlebars","meta":{"rootId":"yj0jbrjyv2vl675","id":"opwjdrgtp156wma"},"id":"qwll68vdywulf69","previousOperationId":"dqaejhif3t6s6f2"}
{"type":"operationEnd","operationId":"dqaejhif3t6s6f2","timestamp":1704915047996,"id":"8osterndxlqde3n","previousEventId":"9iwymkx2i06d6sh","previousOperationId":"dqaejhif3t6s6f2"}
{"type":"operationStart","subtype":"recipe","name":"html","timestamp":1704915047996,"id":"m2ok7qfyw9h0hr8","previousEventId":"8osterndxlqde3n","operationId":"oaz3w89ymwlzgta","previousOperationId":"dqaejhif3t6s6f2"}
{"type":"log","timestamp":1704915047996,"level":"debug","message":"Executing recipe html","meta":{"rootId":"yj0jbrjyv2vl675","id":"opwjdrgtp156wma"},"id":"xumes7qcghg0d29","previousOperationId":"oaz3w89ymwlzgta"}
{"type":"operationEnd","operationId":"oaz3w89ymwlzgta","timestamp":1704915047997,"id":"qyp6ztpcdfaboxl","previousEventId":"m2ok7qfyw9h0hr8","previousOperationId":"oaz3w89ymwlzgta"}
{"type":"log","timestamp":1704915047997,"level":"debug","message":"Skipping storing report.","meta":{"rootId":"yj0jbrjyv2vl675","id":"opwjdrgtp156wma"},"id":"rmk77idd9pmdbgv","previousOperationId":"oaz3w89ymwlzgta"}
{"type":"log","timestamp":1704915047997,"level":"info","message":"Rendering (child) request finished in 1496 ms","meta":{"rootId":"yj0jbrjyv2vl675","id":"opwjdrgtp156wma"},"id":"j166ugh5jqgyzp4","previousOperationId":"oaz3w89ymwlzgta"}
{"type":"operationEnd","subtype":"render","operationId":"vdnqaduwlh7c4x3","timestamp":1704915047997,"id":"87om0yg58y6ijbh","previousEventId":"qyp6ztpcdfaboxl","previousOperationId":"oaz3w89ymwlzgta"}
{"type":"log","timestamp":1704915049044,"level":"debug","message":"Converting with chrome HeadlessChrome/105.0.5173.0 using chrome-pool strategy","meta":{"rootId":"yj0jbrjyv2vl675","id":"yj0jbrjyv2vl675"},"id":"ji9xmc43qlcw518","previousOperationId":"yawsbgx4d1vxqyy"}
{"type":"log","timestamp":1704915049617,"level":"debug","message":"Page request: GET (document) file:///C:/Users/ADMINI~1/AppData/Local/Temp/jsreport/autocleanup/01e6d9f4-7e4f-4aac-98c0-4943a1fad29a-chrome-pdf.html","meta":{"rootId":"yj0jbrjyv2vl675","id":"yj0jbrjyv2vl675"},"id":"9rfna1kfpyconbs","previousOperationId":"yawsbgx4d1vxqyy"}
{"type":"log","timestamp":1704915049647,"level":"debug","message":"Page request finished: GET (document) 200 file:///C:/Users/ADMINI~1/AppData/Local/Temp/jsreport/autocleanup/01e6d9f4-7e4f-4aac-98c0-4943a1fad29a-chrome-pdf.html","meta":{"rootId":"yj0jbrjyv2vl675","id":"yj0jbrjyv2vl675"},"id":"qfvj3yli857w5jp","previousOperationId":"yawsbgx4d1vxqyy"}
{"type":"log","timestamp":1704915049648,"level":"debug","message":"Page request: GET (stylesheet) https://fonts.googleapis.com/css2?family=Montserrat:wght@500&family=Open+Sans:wght@300&display=swap","meta":{"rootId":"yj0jbrjyv2vl675","id":"yj0jbrjyv2vl675"},"id":"xbo9fms15idu2bw","previousOperationId":"yawsbgx4d1vxqyy"}
{"type":"log","timestamp":1704915049954,"level":"debug","message":"Page request finished: GET (stylesheet) 200 https://fonts.googleapis.com/css2?family=Montserrat:wght@500&family=Open+Sans:wght@300&display=swap","meta":{"rootId":"yj0jbrjyv2vl675","id":"yj0jbrjyv2vl675"},"id":"2m8mpw5v1nojtpx","previousOperationId":"yawsbgx4d1vxqyy"}
{"type":"log","timestamp":1704915050016,"level":"debug","message":"Page request: GET (font) https://fonts.gstatic.com/s/opensans/v40/memSYaGs126MiZpBA-UvWbX2vVnXBbObj2OVZyOOSr4dVJWUgsiH0B4gaVI.woff2","meta":{"rootId":"yj0jbrjyv2vl675","id":"yj0jbrjyv2vl675"},"id":"2mmc93knsidtuy7","previousOperationId":"yawsbgx4d1vxqyy"}
{"type":"log","timestamp":1704915050019,"level":"debug","message":"Page request: GET (font) https://fonts.gstatic.com/s/opensans/v40/memSYaGs126MiZpBA-UvWbX2vVnXBbObj2OVZyOOSr4dVJWUgsiH0B4gaVI.woff2","meta":{"rootId":"yj0jbrjyv2vl675","id":"yj0jbrjyv2vl675"},"id":"oczi2j4or2fz3gm","previousOperationId":"yawsbgx4d1vxqyy"}
{"type":"log","timestamp":1704915050335,"level":"debug","message":"Page request finished: GET (font) 200 https://fonts.gstatic.com/s/opensans/v40/memSYaGs126MiZpBA-UvWbX2vVnXBbObj2OVZyOOSr4dVJWUgsiH0B4gaVI.woff2","meta":{"rootId":"yj0jbrjyv2vl675","id":"yj0jbrjyv2vl675"},"id":"radtypan1c5219i","previousOperationId":"yawsbgx4d1vxqyy"}
{"type":"log","timestamp":1704915050355,"level":"debug","message":"Running chrome with params {\"scale\":1,\"displayHeaderFooter\":true,\"headerTemplate\":\"...\",\"footerTemplate\":\"...\",\"printBackground\":true,\"pageRanges\":\"\",\"format\":\"A4\",\"width\":\"\",\"height\":\"\",\"marginTop\":\"470px\",\"marginRight\":\"20px\",\"marginBottom\":\"80px\",\"marginLeft\":\"20px\",\"waitForJS\":false,\"waitForNetworkIddle\":false,\"timeout\":58503,\"waitForNetworkIdle\":false,\"margin\":{\"top\":\"470px\",\"right\":\"20px\",\"bottom\":\"80px\",\"left\":\"20px\"}}","meta":{"rootId":"yj0jbrjyv2vl675","id":"yj0jbrjyv2vl675"},"id":"r17jv2ih3w3do95","previousOperationId":"yawsbgx4d1vxqyy"}
{"type":"operationEnd","operationId":"yawsbgx4d1vxqyy","timestamp":1704915050846,"id":"73osdhvnapl1l43","previousEventId":"nuf9r7helno84d2","previousOperationId":"yawsbgx4d1vxqyy"}
{"type":"log","timestamp":1704915050846,"level":"debug","message":"Skipping storing report.","meta":{"rootId":"yj0jbrjyv2vl675","id":"yj0jbrjyv2vl675"},"id":"yjy7wg0o66s77pp","previousOperationId":"yawsbgx4d1vxqyy"}
{"type":"log","timestamp":1704915050846,"level":"info","message":"Rendering request 1 finished in 4345 ms","meta":{"rootId":"yj0jbrjyv2vl675","id":"yj0jbrjyv2vl675"},"id":"6i4mhjvyczaqzek","previousOperationId":"yawsbgx4d1vxqyy"}
{"type":"operationEnd","subtype":"render","operationId":"q6pcwj5rlxvesb0","timestamp":1704915050846,"id":"sns5r1n729ojsn8","previousEventId":"73osdhvnapl1l43","previousOperationId":"yawsbgx4d1vxqyy"}
{"type":"operationEnd","doDiffs":false,"previousEventId":"d5gzbulqoj9lf6u","previousOperationId":"rf697spu4ybb7tz","operationId":"rf697spu4ybb7tz","timestamp":1704915050852,"id":"41f03jwsv9d7wkm"}
