{"type":"operationStart","subtype":"profile","data":{"_id":"VEpm1WmOeRADTWCq","timestamp":"2023-09-07T11:21:30.950Z","state":"queued","mode":"standard","creationDate":"2023-09-07T11:21:30.954Z","modificationDate":"2023-09-07T11:21:30.955Z","shortid":"oYUYWOZ","$entitySet":"profiles"},"doDiffs":false,"timestamp":1694085690952,"id":"rtr6j27woo91ip2","previousOperationId":null,"operationId":"o2fxyqujnf2gc60"}
{"type":"log","level":"info","message":"Render request 1 queued for execution and waiting for available worker","previousOperationId":"o2fxyqujnf2gc60","timestamp":1694085690952,"id":"06615kuxj10uufr"}
{"type":"operationStart","subtype":"render","name":"anonymous","previousOperationId":"o2fxyqujnf2gc60","timestamp":1694085690978,"id":"nb45gyxih8q1of5","previousEventId":"rtr6j27woo91ip2","operationId":"3tzj4ur9mn1ax6h"}
{"type":"log","timestamp":1694085690980,"level":"info","message":"Starting rendering request 1","meta":{"rootId":"yycgirgpu1t7qpo","id":"yycgirgpu1t7qpo"},"id":"ubc9vz95b0jwxvr","previousOperationId":"3tzj4ur9mn1ax6h"}
{"type":"log","timestamp":1694085690982,"level":"info","message":"Rendering anonymous template { recipe: chrome-pdf, engine: handlebars }","meta":{"rootId":"yycgirgpu1t7qpo","id":"yycgirgpu1t7qpo"},"id":"cri2a7a3pb7wjmb","previousOperationId":"3tzj4ur9mn1ax6h"}
{"type":"log","timestamp":1694085690983,"level":"debug","message":"Inline data specified.","meta":{"rootId":"yycgirgpu1t7qpo","id":"yycgirgpu1t7qpo"},"id":"jcyhco1c1lokg62","previousOperationId":"3tzj4ur9mn1ax6h"}
{"type":"log","timestamp":1694085690992,"level":"debug","message":"Base url not specified, skipping its injection.","meta":{"rootId":"yycgirgpu1t7qpo","id":"yycgirgpu1t7qpo"},"id":"00m107viyuhg5f9","previousOperationId":"3tzj4ur9mn1ax6h"}
{"type":"operationStart","subtype":"engine","name":"handlebars","timestamp":1694085690994,"id":"bv8v3y1wk1ch7to","previousEventId":"nb45gyxih8q1of5","operationId":"m8lgs8q3t77kjji","previousOperationId":"3tzj4ur9mn1ax6h"}
{"type":"log","timestamp":1694085690994,"level":"debug","message":"Rendering engine handlebars","meta":{"rootId":"yycgirgpu1t7qpo","id":"yycgirgpu1t7qpo"},"id":"rxcqggrt6gljryx","previousOperationId":"m8lgs8q3t77kjji"}
{"type":"operationEnd","operationId":"m8lgs8q3t77kjji","timestamp":1694085692167,"id":"5uzababmpnlxfrs","previousEventId":"bv8v3y1wk1ch7to","previousOperationId":"m8lgs8q3t77kjji"}
{"type":"operationStart","subtype":"recipe","name":"chrome-pdf","timestamp":1694085692167,"id":"nvh13umegb156zm","previousEventId":"5uzababmpnlxfrs","operationId":"k09otgicze58bsl","previousOperationId":"m8lgs8q3t77kjji"}
{"type":"log","timestamp":1694085692168,"level":"debug","message":"Executing recipe chrome-pdf","meta":{"rootId":"yycgirgpu1t7qpo","id":"yycgirgpu1t7qpo"},"id":"zctzawdqihmup2y","previousOperationId":"k09otgicze58bsl"}
{"type":"log","timestamp":1694085692401,"level":"debug","message":"Starting child request to render pdf header","meta":{"rootId":"yycgirgpu1t7qpo","id":"yycgirgpu1t7qpo"},"id":"wmdcvsrzazak6z1","previousOperationId":"k09otgicze58bsl"}
{"type":"operationStart","subtype":"render","name":"anonymous","previousOperationId":"k09otgicze58bsl","timestamp":1694085692402,"id":"ahvfn1h29cyrs1u","previousEventId":"nvh13umegb156zm","operationId":"flbd5d1tjh5llqn"}
{"type":"log","timestamp":1694085692402,"level":"info","message":"Starting rendering (child) request","meta":{"rootId":"yycgirgpu1t7qpo","id":"g199cvz8y9sigcu"},"id":"buw09whx1k862u5","previousOperationId":"flbd5d1tjh5llqn"}
{"type":"log","timestamp":1694085692402,"level":"info","message":"Rendering anonymous template { recipe: html, engine: handlebars }","meta":{"rootId":"yycgirgpu1t7qpo","id":"g199cvz8y9sigcu"},"id":"0ecn505ezp8hy5p","previousOperationId":"flbd5d1tjh5llqn"}
{"type":"log","timestamp":1694085692403,"level":"debug","message":"Inline data specified.","meta":{"rootId":"yycgirgpu1t7qpo","id":"g199cvz8y9sigcu"},"id":"zfczv1ovlneacvo","previousOperationId":"flbd5d1tjh5llqn"}
{"type":"log","timestamp":1694085692405,"level":"debug","message":"Base url not specified, skipping its injection.","meta":{"rootId":"yycgirgpu1t7qpo","id":"g199cvz8y9sigcu"},"id":"ebqkqp40f9wsxgp","previousOperationId":"flbd5d1tjh5llqn"}
{"type":"log","timestamp":1694085692412,"level":"debug","message":"Replaced assets [\"./src/reporting/assets/logo.png\"]","meta":{"rootId":"yycgirgpu1t7qpo","id":"g199cvz8y9sigcu"},"id":"kyiz42mgpqcfjc3","previousOperationId":"flbd5d1tjh5llqn"}
{"type":"operationStart","subtype":"engine","name":"handlebars","timestamp":1694085692413,"id":"a697uuk2xrie2xc","previousEventId":"ahvfn1h29cyrs1u","operationId":"2if4wk8bergs0ar","previousOperationId":"flbd5d1tjh5llqn"}
{"type":"log","timestamp":1694085692413,"level":"debug","message":"Rendering engine handlebars","meta":{"rootId":"yycgirgpu1t7qpo","id":"g199cvz8y9sigcu"},"id":"m4a30btlsm8jzyk","previousOperationId":"2if4wk8bergs0ar"}
{"type":"operationEnd","operationId":"2if4wk8bergs0ar","timestamp":1694085692436,"id":"5ykg49r602xth4g","previousEventId":"a697uuk2xrie2xc","previousOperationId":"2if4wk8bergs0ar"}
{"type":"operationStart","subtype":"recipe","name":"html","timestamp":1694085692436,"id":"1ixlt8r52xuq3h2","previousEventId":"5ykg49r602xth4g","operationId":"h68d7brsof9n935","previousOperationId":"2if4wk8bergs0ar"}
{"type":"log","timestamp":1694085692436,"level":"debug","message":"Executing recipe html","meta":{"rootId":"yycgirgpu1t7qpo","id":"g199cvz8y9sigcu"},"id":"4h2mwqr1msej2t3","previousOperationId":"h68d7brsof9n935"}
{"type":"operationEnd","operationId":"h68d7brsof9n935","timestamp":1694085692437,"id":"g4s4i1xfxgzfsrt","previousEventId":"1ixlt8r52xuq3h2","previousOperationId":"h68d7brsof9n935"}
{"type":"log","timestamp":1694085692437,"level":"debug","message":"Skipping storing report.","meta":{"rootId":"yycgirgpu1t7qpo","id":"g199cvz8y9sigcu"},"id":"6nd66wjihy26fco","previousOperationId":"h68d7brsof9n935"}
{"type":"log","timestamp":1694085692438,"level":"info","message":"Rendering (child) request finished in 1489 ms","meta":{"rootId":"yycgirgpu1t7qpo","id":"g199cvz8y9sigcu"},"id":"3cgexedxo74x2ox","previousOperationId":"h68d7brsof9n935"}
{"type":"operationEnd","subtype":"render","operationId":"flbd5d1tjh5llqn","timestamp":1694085692438,"id":"3preqj4si9fzvkp","previousEventId":"g4s4i1xfxgzfsrt","previousOperationId":"h68d7brsof9n935"}
{"type":"log","timestamp":1694085692438,"level":"debug","message":"Starting child request to render pdf footer","meta":{"rootId":"yycgirgpu1t7qpo","id":"yycgirgpu1t7qpo"},"id":"m62i965g7u0eb1d","previousOperationId":"k09otgicze58bsl"}
{"type":"operationStart","subtype":"render","name":"anonymous","previousOperationId":"k09otgicze58bsl","timestamp":1694085692438,"id":"sok83vufbdee39z","previousEventId":"nvh13umegb156zm","operationId":"koc7bn0v5xj7fjs"}
{"type":"log","timestamp":1694085692438,"level":"info","message":"Starting rendering (child) request","meta":{"rootId":"yycgirgpu1t7qpo","id":"lnbdotkenu55h1s"},"id":"8c7hsqekq0yu9wg","previousOperationId":"koc7bn0v5xj7fjs"}
{"type":"log","timestamp":1694085692438,"level":"info","message":"Rendering anonymous template { recipe: html, engine: handlebars }","meta":{"rootId":"yycgirgpu1t7qpo","id":"lnbdotkenu55h1s"},"id":"3tftf4mjj6vn0ii","previousOperationId":"koc7bn0v5xj7fjs"}
{"type":"log","timestamp":1694085692438,"level":"debug","message":"Inline data specified.","meta":{"rootId":"yycgirgpu1t7qpo","id":"lnbdotkenu55h1s"},"id":"v1isf38x2v2sbds","previousOperationId":"koc7bn0v5xj7fjs"}
{"type":"log","timestamp":1694085692441,"level":"debug","message":"Base url not specified, skipping its injection.","meta":{"rootId":"yycgirgpu1t7qpo","id":"lnbdotkenu55h1s"},"id":"hx48b8xmvpkkp2l","previousOperationId":"koc7bn0v5xj7fjs"}
{"type":"operationStart","subtype":"engine","name":"handlebars","timestamp":1694085692442,"id":"zwpgq0qy3vydex6","previousEventId":"sok83vufbdee39z","operationId":"50vila0rfx9jsw9","previousOperationId":"koc7bn0v5xj7fjs"}
{"type":"log","timestamp":1694085692442,"level":"debug","message":"Rendering engine handlebars","meta":{"rootId":"yycgirgpu1t7qpo","id":"lnbdotkenu55h1s"},"id":"ngcveojj1z3o9f6","previousOperationId":"50vila0rfx9jsw9"}
{"type":"operationEnd","operationId":"50vila0rfx9jsw9","timestamp":1694085692466,"id":"63x5fwo2z3xamsu","previousEventId":"zwpgq0qy3vydex6","previousOperationId":"50vila0rfx9jsw9"}
{"type":"operationStart","subtype":"recipe","name":"html","timestamp":1694085692467,"id":"ovi68dxnc84rz1o","previousEventId":"63x5fwo2z3xamsu","operationId":"9bg97dia47gvtt2","previousOperationId":"50vila0rfx9jsw9"}
{"type":"log","timestamp":1694085692467,"level":"debug","message":"Executing recipe html","meta":{"rootId":"yycgirgpu1t7qpo","id":"lnbdotkenu55h1s"},"id":"8ivhsqpr1i1xox4","previousOperationId":"9bg97dia47gvtt2"}
{"type":"operationEnd","operationId":"9bg97dia47gvtt2","timestamp":1694085692467,"id":"eg7yfyvk7merxcn","previousEventId":"ovi68dxnc84rz1o","previousOperationId":"9bg97dia47gvtt2"}
{"type":"log","timestamp":1694085692467,"level":"debug","message":"Skipping storing report.","meta":{"rootId":"yycgirgpu1t7qpo","id":"lnbdotkenu55h1s"},"id":"x8sb5nm1g7tmhqt","previousOperationId":"9bg97dia47gvtt2"}
{"type":"log","timestamp":1694085692467,"level":"info","message":"Rendering (child) request finished in 1518 ms","meta":{"rootId":"yycgirgpu1t7qpo","id":"lnbdotkenu55h1s"},"id":"g7stcve1vm9t3lz","previousOperationId":"9bg97dia47gvtt2"}
{"type":"operationEnd","subtype":"render","operationId":"koc7bn0v5xj7fjs","timestamp":1694085692467,"id":"cs0geqrlto90qqw","previousEventId":"eg7yfyvk7merxcn","previousOperationId":"9bg97dia47gvtt2"}
{"type":"log","timestamp":1694085693830,"level":"debug","message":"Converting with chrome HeadlessChrome/105.0.5173.0 using chrome-pool strategy","meta":{"rootId":"yycgirgpu1t7qpo","id":"yycgirgpu1t7qpo"},"id":"hupnw5kmbut66gu","previousOperationId":"k09otgicze58bsl"}
{"type":"log","timestamp":1694085694126,"level":"debug","message":"Page request: GET (document) file:///C:/Users/ADMINI~1/AppData/Local/Temp/jsreport/autocleanup/f5bab8f9-55a8-4391-b59b-6f952ca772d1-chrome-pdf.html","meta":{"rootId":"yycgirgpu1t7qpo","id":"yycgirgpu1t7qpo"},"id":"6ger68pktu81whe","previousOperationId":"k09otgicze58bsl"}
{"type":"log","timestamp":1694085694149,"level":"debug","message":"Page request finished: GET (document) 200 file:///C:/Users/ADMINI~1/AppData/Local/Temp/jsreport/autocleanup/f5bab8f9-55a8-4391-b59b-6f952ca772d1-chrome-pdf.html","meta":{"rootId":"yycgirgpu1t7qpo","id":"yycgirgpu1t7qpo"},"id":"tconi4smp7qdfbf","previousOperationId":"k09otgicze58bsl"}
{"type":"log","timestamp":1694085694150,"level":"debug","message":"Page request: GET (stylesheet) https://fonts.googleapis.com/css2?family=Montserrat:wght@500&family=Open+Sans:wght@300&display=swap","meta":{"rootId":"yycgirgpu1t7qpo","id":"yycgirgpu1t7qpo"},"id":"r59gh6fcv5km1fd","previousOperationId":"k09otgicze58bsl"}
{"type":"log","timestamp":1694085694817,"level":"debug","message":"Page request finished: GET (stylesheet) 200 https://fonts.googleapis.com/css2?family=Montserrat:wght@500&family=Open+Sans:wght@300&display=swap","meta":{"rootId":"yycgirgpu1t7qpo","id":"yycgirgpu1t7qpo"},"id":"ecpvdrgul79yuzg","previousOperationId":"k09otgicze58bsl"}
{"type":"log","timestamp":1694085694893,"level":"debug","message":"Page request: GET (font) https://fonts.gstatic.com/s/opensans/v35/memSYaGs126MiZpBA-UvWbX2vVnXBbObj2OVZyOOSr4dVJWUgsiH0B4gaVI.woff2","meta":{"rootId":"yycgirgpu1t7qpo","id":"yycgirgpu1t7qpo"},"id":"4n019aavn5iu5k4","previousOperationId":"k09otgicze58bsl"}
{"type":"log","timestamp":1694085694896,"level":"debug","message":"Page request: GET (font) https://fonts.gstatic.com/s/opensans/v35/memSYaGs126MiZpBA-UvWbX2vVnXBbObj2OVZyOOSr4dVJWUgsiH0B4gaVI.woff2","meta":{"rootId":"yycgirgpu1t7qpo","id":"yycgirgpu1t7qpo"},"id":"uhq7rdisxq1ghbw","previousOperationId":"k09otgicze58bsl"}
{"type":"log","timestamp":1694085695207,"level":"debug","message":"Page request finished: GET (font) 200 https://fonts.gstatic.com/s/opensans/v35/memSYaGs126MiZpBA-UvWbX2vVnXBbObj2OVZyOOSr4dVJWUgsiH0B4gaVI.woff2","meta":{"rootId":"yycgirgpu1t7qpo","id":"yycgirgpu1t7qpo"},"id":"jvc89u5ymzewst5","previousOperationId":"k09otgicze58bsl"}
{"type":"log","timestamp":1694085695270,"level":"debug","message":"Running chrome with params {\"scale\":1,\"displayHeaderFooter\":true,\"headerTemplate\":\"...\",\"footerTemplate\":\"...\",\"printBackground\":true,\"pageRanges\":\"\",\"format\":\"A4\",\"width\":\"\",\"height\":\"\",\"marginTop\":\"350px\",\"marginRight\":\"20px\",\"marginBottom\":\"80px\",\"marginLeft\":\"20px\",\"waitForJS\":false,\"waitForNetworkIddle\":false,\"timeout\":58482,\"waitForNetworkIdle\":false,\"margin\":{\"top\":\"350px\",\"right\":\"20px\",\"bottom\":\"80px\",\"left\":\"20px\"}}","meta":{"rootId":"yycgirgpu1t7qpo","id":"yycgirgpu1t7qpo"},"id":"3o9b8obxd27wl21","previousOperationId":"k09otgicze58bsl"}
{"type":"operationEnd","operationId":"k09otgicze58bsl","timestamp":1694085697725,"id":"4u9m2hcmefr3a2f","previousEventId":"nvh13umegb156zm","previousOperationId":"k09otgicze58bsl"}
{"type":"log","timestamp":1694085697725,"level":"debug","message":"Skipping storing report.","meta":{"rootId":"yycgirgpu1t7qpo","id":"yycgirgpu1t7qpo"},"id":"h26axjire2c67ya","previousOperationId":"k09otgicze58bsl"}
{"type":"log","timestamp":1694085697726,"level":"info","message":"Rendering request 1 finished in 6777 ms","meta":{"rootId":"yycgirgpu1t7qpo","id":"yycgirgpu1t7qpo"},"id":"tj4zjcxknm96gxg","previousOperationId":"k09otgicze58bsl"}
{"type":"operationEnd","subtype":"render","operationId":"3tzj4ur9mn1ax6h","timestamp":1694085697726,"id":"8l8fmu66e2d09za","previousEventId":"4u9m2hcmefr3a2f","previousOperationId":"k09otgicze58bsl"}
{"type":"operationEnd","doDiffs":false,"previousEventId":"rtr6j27woo91ip2","previousOperationId":"o2fxyqujnf2gc60","operationId":"o2fxyqujnf2gc60","timestamp":1694085697730,"id":"wsbnny44j0cg62i"}
