{"type":"operationStart","subtype":"profile","data":{"_id":"dFlVv9CqwaFikmVK","timestamp":"2022-10-02T11:17:34.155Z","state":"queued","mode":"standard","creationDate":"2022-10-02T11:17:34.160Z","modificationDate":"2022-10-02T11:17:34.160Z","shortid":"INLbjMN","$entitySet":"profiles"},"doDiffs":false,"timestamp":1664709454158,"id":"7e6l34ov85fk68d","previousOperationId":null,"operationId":"uv3ipidghc5lrb6"}
{"type":"log","level":"info","message":"Render request 1 queued for execution and waiting for available worker","previousOperationId":"uv3ipidghc5lrb6","timestamp":1664709454158,"id":"0vmqlcsy8iyx832"}
{"type":"operationStart","subtype":"render","name":"anonymous","previousOperationId":"uv3ipidghc5lrb6","timestamp":1664709454186,"id":"j74rewi546hta53","previousEventId":"7e6l34ov85fk68d","operationId":"u62mlmoma8ldz52"}
{"type":"log","timestamp":1664709454188,"level":"info","message":"Starting rendering request 1 (user: null)","meta":{"rootId":"zizh2yc3k2bdr2w","id":"zizh2yc3k2bdr2w"},"id":"jczazz53hqa0xkd","previousOperationId":"u62mlmoma8ldz52"}
{"type":"log","timestamp":1664709454194,"level":"info","message":"Rendering anonymous template { recipe: chrome-pdf, engine: handlebars }","meta":{"rootId":"zizh2yc3k2bdr2w","id":"zizh2yc3k2bdr2w"},"id":"h0wypapjg1xxk1f","previousOperationId":"u62mlmoma8ldz52"}
{"type":"log","timestamp":1664709454194,"level":"debug","message":"Inline data specified.","meta":{"rootId":"zizh2yc3k2bdr2w","id":"zizh2yc3k2bdr2w"},"id":"3lhn3ssi10glst9","previousOperationId":"u62mlmoma8ldz52"}
{"type":"log","timestamp":1664709454199,"level":"debug","message":"Base url not specified, skipping its injection.","meta":{"rootId":"zizh2yc3k2bdr2w","id":"zizh2yc3k2bdr2w"},"id":"ks5wriw1ojpd4r2","previousOperationId":"u62mlmoma8ldz52"}
{"type":"operationStart","subtype":"engine","name":"handlebars","timestamp":1664709454201,"id":"ag0tpc0bzv8rs4j","previousEventId":"j74rewi546hta53","operationId":"aw4rnpmmh1ijdyu","previousOperationId":"u62mlmoma8ldz52"}
{"type":"log","timestamp":1664709454201,"level":"debug","message":"Rendering engine handlebars","meta":{"rootId":"zizh2yc3k2bdr2w","id":"zizh2yc3k2bdr2w"},"id":"o78babh2lg19lzl","previousOperationId":"aw4rnpmmh1ijdyu"}
{"type":"operationEnd","operationId":"aw4rnpmmh1ijdyu","timestamp":1664709455790,"id":"lnzwh3fipdh2h0v","previousEventId":"ag0tpc0bzv8rs4j","previousOperationId":"aw4rnpmmh1ijdyu"}
{"type":"operationStart","subtype":"recipe","name":"chrome-pdf","timestamp":1664709455792,"id":"u0om4uir132y83x","previousEventId":"lnzwh3fipdh2h0v","operationId":"zq6p7mpzh62nibh","previousOperationId":"aw4rnpmmh1ijdyu"}
{"type":"log","timestamp":1664709455792,"level":"debug","message":"Executing recipe chrome-pdf","meta":{"rootId":"zizh2yc3k2bdr2w","id":"zizh2yc3k2bdr2w"},"id":"32y1jhzjkc4o7vo","previousOperationId":"zq6p7mpzh62nibh"}
{"type":"log","timestamp":1664709455960,"level":"debug","message":"Starting child request to render pdf header","meta":{"rootId":"zizh2yc3k2bdr2w","id":"zizh2yc3k2bdr2w"},"id":"5qzo1kqf6tsci5z","previousOperationId":"zq6p7mpzh62nibh"}
{"type":"operationStart","subtype":"render","name":"anonymous","previousOperationId":"zq6p7mpzh62nibh","timestamp":1664709455962,"id":"9u6cq25mvmn4kqe","previousEventId":"u0om4uir132y83x","operationId":"q7f42ca2fiv35xs"}
{"type":"log","timestamp":1664709455962,"level":"info","message":"Starting rendering request 1 (user: null)","meta":{"rootId":"zizh2yc3k2bdr2w","id":"w1ife2i2imxaa4g"},"id":"8zpo992vz40x4wc","previousOperationId":"q7f42ca2fiv35xs"}
{"type":"log","timestamp":1664709455962,"level":"info","message":"Rendering anonymous template { recipe: html, engine: handlebars }","meta":{"rootId":"zizh2yc3k2bdr2w","id":"w1ife2i2imxaa4g"},"id":"3jld3l9onwhu7cb","previousOperationId":"q7f42ca2fiv35xs"}
{"type":"log","timestamp":1664709455962,"level":"debug","message":"Inline data specified.","meta":{"rootId":"zizh2yc3k2bdr2w","id":"w1ife2i2imxaa4g"},"id":"8739izjaeam9580","previousOperationId":"q7f42ca2fiv35xs"}
{"type":"log","timestamp":1664709455968,"level":"debug","message":"Base url not specified, skipping its injection.","meta":{"rootId":"zizh2yc3k2bdr2w","id":"w1ife2i2imxaa4g"},"id":"p3iclh9hsytnuxe","previousOperationId":"q7f42ca2fiv35xs"}
{"type":"log","timestamp":1664709455981,"level":"debug","message":"Replaced assets [\"./src/reporting/assets/logo.png\"]","meta":{"rootId":"zizh2yc3k2bdr2w","id":"w1ife2i2imxaa4g"},"id":"a5gkgswmi1akvtj","previousOperationId":"q7f42ca2fiv35xs"}
{"type":"operationStart","subtype":"engine","name":"handlebars","timestamp":1664709455981,"id":"a370duda6nt95za","previousEventId":"9u6cq25mvmn4kqe","operationId":"llrl68zsj3exnun","previousOperationId":"q7f42ca2fiv35xs"}
{"type":"log","timestamp":1664709455981,"level":"debug","message":"Rendering engine handlebars","meta":{"rootId":"zizh2yc3k2bdr2w","id":"w1ife2i2imxaa4g"},"id":"3evehh4h4wpafcf","previousOperationId":"llrl68zsj3exnun"}
{"type":"operationEnd","operationId":"llrl68zsj3exnun","timestamp":1664709456013,"id":"d34tq260aup1tba","previousEventId":"a370duda6nt95za","previousOperationId":"llrl68zsj3exnun"}
{"type":"operationStart","subtype":"recipe","name":"html","timestamp":1664709456014,"id":"mvbp5108ipky8u0","previousEventId":"d34tq260aup1tba","operationId":"zxcjpx7ljl9s91d","previousOperationId":"llrl68zsj3exnun"}
{"type":"log","timestamp":1664709456014,"level":"debug","message":"Executing recipe html","meta":{"rootId":"zizh2yc3k2bdr2w","id":"w1ife2i2imxaa4g"},"id":"zhpu9k1wcx80jpv","previousOperationId":"zxcjpx7ljl9s91d"}
{"type":"operationEnd","operationId":"zxcjpx7ljl9s91d","timestamp":1664709456014,"id":"1p28agiwhmc6zql","previousEventId":"mvbp5108ipky8u0","previousOperationId":"zxcjpx7ljl9s91d"}
{"type":"log","timestamp":1664709456015,"level":"debug","message":"Skipping storing report.","meta":{"rootId":"zizh2yc3k2bdr2w","id":"w1ife2i2imxaa4g"},"id":"t543fht1ldpnfyv","previousOperationId":"zxcjpx7ljl9s91d"}
{"type":"log","timestamp":1664709456016,"level":"info","message":"Rendering request 1 finished in 1863 ms","meta":{"rootId":"zizh2yc3k2bdr2w","id":"w1ife2i2imxaa4g"},"id":"05hvgc5s55yijjr","previousOperationId":"zxcjpx7ljl9s91d"}
{"type":"operationEnd","subtype":"render","operationId":"q7f42ca2fiv35xs","timestamp":1664709456016,"id":"u5s4w30zs6cziu3","previousEventId":"1p28agiwhmc6zql","previousOperationId":"zxcjpx7ljl9s91d"}
{"type":"log","timestamp":1664709456017,"level":"debug","message":"Starting child request to render pdf footer","meta":{"rootId":"zizh2yc3k2bdr2w","id":"zizh2yc3k2bdr2w"},"id":"0gxoi7t1m2vzmqk","previousOperationId":"zq6p7mpzh62nibh"}
{"type":"operationStart","subtype":"render","name":"anonymous","previousOperationId":"zq6p7mpzh62nibh","timestamp":1664709456017,"id":"yr24z6qy5hn6yab","previousEventId":"u0om4uir132y83x","operationId":"5i94ttjk2tpn7yp"}
{"type":"log","timestamp":1664709456017,"level":"info","message":"Starting rendering request 1 (user: null)","meta":{"rootId":"zizh2yc3k2bdr2w","id":"j02hqcey7ha93f2"},"id":"qs6d4n4b0binbng","previousOperationId":"5i94ttjk2tpn7yp"}
{"type":"log","timestamp":1664709456017,"level":"info","message":"Rendering anonymous template { recipe: html, engine: handlebars }","meta":{"rootId":"zizh2yc3k2bdr2w","id":"j02hqcey7ha93f2"},"id":"j2qpqq64zbfxubb","previousOperationId":"5i94ttjk2tpn7yp"}
{"type":"log","timestamp":1664709456017,"level":"debug","message":"Inline data specified.","meta":{"rootId":"zizh2yc3k2bdr2w","id":"j02hqcey7ha93f2"},"id":"frrokbs34odup5y","previousOperationId":"5i94ttjk2tpn7yp"}
{"type":"log","timestamp":1664709456020,"level":"debug","message":"Base url not specified, skipping its injection.","meta":{"rootId":"zizh2yc3k2bdr2w","id":"j02hqcey7ha93f2"},"id":"kgpl8luj2ky07hr","previousOperationId":"5i94ttjk2tpn7yp"}
{"type":"operationStart","subtype":"engine","name":"handlebars","timestamp":1664709456020,"id":"xjsftx9mr4ob1dt","previousEventId":"yr24z6qy5hn6yab","operationId":"dd75rbpxbvfm8ne","previousOperationId":"5i94ttjk2tpn7yp"}
{"type":"log","timestamp":1664709456020,"level":"debug","message":"Rendering engine handlebars","meta":{"rootId":"zizh2yc3k2bdr2w","id":"j02hqcey7ha93f2"},"id":"lqy4bjt9gv3co4q","previousOperationId":"dd75rbpxbvfm8ne"}
{"type":"operationEnd","operationId":"dd75rbpxbvfm8ne","timestamp":1664709456049,"id":"z7du8epw89h8999","previousEventId":"xjsftx9mr4ob1dt","previousOperationId":"dd75rbpxbvfm8ne"}
{"type":"operationStart","subtype":"recipe","name":"html","timestamp":1664709456049,"id":"amygen7jkyfv04x","previousEventId":"z7du8epw89h8999","operationId":"si0imasfbz7pe9k","previousOperationId":"dd75rbpxbvfm8ne"}
{"type":"log","timestamp":1664709456049,"level":"debug","message":"Executing recipe html","meta":{"rootId":"zizh2yc3k2bdr2w","id":"j02hqcey7ha93f2"},"id":"pfmop5phc3cyzks","previousOperationId":"si0imasfbz7pe9k"}
{"type":"operationEnd","operationId":"si0imasfbz7pe9k","timestamp":1664709456049,"id":"wimtv8xftfehx4c","previousEventId":"amygen7jkyfv04x","previousOperationId":"si0imasfbz7pe9k"}
{"type":"log","timestamp":1664709456049,"level":"debug","message":"Skipping storing report.","meta":{"rootId":"zizh2yc3k2bdr2w","id":"j02hqcey7ha93f2"},"id":"xsld8idfjx1gefn","previousOperationId":"si0imasfbz7pe9k"}
{"type":"log","timestamp":1664709456049,"level":"info","message":"Rendering request 1 finished in 1896 ms","meta":{"rootId":"zizh2yc3k2bdr2w","id":"j02hqcey7ha93f2"},"id":"n8cgtdr9wdy9usn","previousOperationId":"si0imasfbz7pe9k"}
{"type":"operationEnd","subtype":"render","operationId":"5i94ttjk2tpn7yp","timestamp":1664709456050,"id":"q92jo5xqxihwsks","previousEventId":"wimtv8xftfehx4c","previousOperationId":"si0imasfbz7pe9k"}
{"type":"log","timestamp":1664709458301,"level":"debug","message":"Converting with chrome HeadlessChrome/98.0.4758.0 using chrome-pool strategy","meta":{"rootId":"zizh2yc3k2bdr2w","id":"zizh2yc3k2bdr2w"},"id":"bb6qvr68ymzcnat","previousOperationId":"zq6p7mpzh62nibh"}
{"type":"log","timestamp":1664709458605,"level":"debug","message":"Page request: GET (document) file:///var/folders/8m/98z140gs3yzbw6jqmpbh8b8m0000gn/T/jsreport/autocleanup/13a07b69-d071-406a-b8dd-3440a1809240-chrome-pdf.html","meta":{"rootId":"zizh2yc3k2bdr2w","id":"zizh2yc3k2bdr2w"},"id":"p3sb7eeq2xmdka8","previousOperationId":"zq6p7mpzh62nibh"}
{"type":"log","timestamp":1664709458630,"level":"debug","message":"Page request finished: GET (document) file:///var/folders/8m/98z140gs3yzbw6jqmpbh8b8m0000gn/T/jsreport/autocleanup/13a07b69-d071-406a-b8dd-3440a1809240-chrome-pdf.html","meta":{"rootId":"zizh2yc3k2bdr2w","id":"zizh2yc3k2bdr2w"},"id":"7yzbqv8jx7pglo2","previousOperationId":"zq6p7mpzh62nibh"}
{"type":"log","timestamp":1664709458689,"level":"debug","message":"Page request: GET (stylesheet) https://fonts.googleapis.com/css2?family=Montserrat:wght@500&family=Open+Sans:wght@300&display=swap","meta":{"rootId":"zizh2yc3k2bdr2w","id":"zizh2yc3k2bdr2w"},"id":"csapnszfuz8ly46","previousOperationId":"zq6p7mpzh62nibh"}
{"type":"log","timestamp":1664709459340,"level":"debug","message":"Page request finished: GET (stylesheet) 200 https://fonts.googleapis.com/css2?family=Montserrat:wght@500&family=Open+Sans:wght@300&display=swap","meta":{"rootId":"zizh2yc3k2bdr2w","id":"zizh2yc3k2bdr2w"},"id":"nt90te4the9h0mf","previousOperationId":"zq6p7mpzh62nibh"}
{"type":"log","timestamp":1664709459393,"level":"debug","message":"Page request: GET (font) https://fonts.gstatic.com/s/opensans/v34/memSYaGs126MiZpBA-UvWbX2vVnXBbObj2OVZyOOSr4dVJWUgsiH0B4gaVQUwaEQbjA.woff","meta":{"rootId":"zizh2yc3k2bdr2w","id":"zizh2yc3k2bdr2w"},"id":"p780xdp0c3xnbja","previousOperationId":"zq6p7mpzh62nibh"}
{"type":"log","timestamp":1664709459406,"level":"debug","message":"Page request: GET (font) https://fonts.gstatic.com/s/opensans/v34/memSYaGs126MiZpBA-UvWbX2vVnXBbObj2OVZyOOSr4dVJWUgsiH0B4gaVQUwaEQbjA.woff","meta":{"rootId":"zizh2yc3k2bdr2w","id":"zizh2yc3k2bdr2w"},"id":"thgubs6ysvvign2","previousOperationId":"zq6p7mpzh62nibh"}
{"type":"log","timestamp":1664709459744,"level":"debug","message":"Page request finished: GET (font) 200 https://fonts.gstatic.com/s/opensans/v34/memSYaGs126MiZpBA-UvWbX2vVnXBbObj2OVZyOOSr4dVJWUgsiH0B4gaVQUwaEQbjA.woff","meta":{"rootId":"zizh2yc3k2bdr2w","id":"zizh2yc3k2bdr2w"},"id":"3q4tpxqt6r8n3x6","previousOperationId":"zq6p7mpzh62nibh"}
{"type":"log","timestamp":1664709459771,"level":"debug","message":"Running chrome with params {\"scale\":1,\"displayHeaderFooter\":true,\"headerTemplate\":\"...\",\"footerTemplate\":\"...\",\"printBackground\":true,\"pageRanges\":\"\",\"format\":\"A4\",\"width\":\"\",\"height\":\"\",\"marginTop\":\"350px\",\"marginRight\":\"20px\",\"marginBottom\":\"80px\",\"marginLeft\":\"20px\",\"waitForJS\":false,\"waitForNetworkIddle\":false,\"timeout\":58103,\"waitForNetworkIdle\":false,\"margin\":{\"top\":\"350px\",\"right\":\"20px\",\"bottom\":\"80px\",\"left\":\"20px\"}}","meta":{"rootId":"zizh2yc3k2bdr2w","id":"zizh2yc3k2bdr2w"},"id":"7t2v52ajmdcgwzt","previousOperationId":"zq6p7mpzh62nibh"}
{"type":"operationEnd","operationId":"zq6p7mpzh62nibh","timestamp":1664709460161,"id":"hjag2cr1laq2r7s","previousEventId":"u0om4uir132y83x","previousOperationId":"zq6p7mpzh62nibh"}
{"type":"log","timestamp":1664709460162,"level":"debug","message":"Skipping storing report.","meta":{"rootId":"zizh2yc3k2bdr2w","id":"zizh2yc3k2bdr2w"},"id":"e080zh2dhtmq9j5","previousOperationId":"zq6p7mpzh62nibh"}
{"type":"log","timestamp":1664709460162,"level":"info","message":"Rendering request 1 finished in 6009 ms","meta":{"rootId":"zizh2yc3k2bdr2w","id":"zizh2yc3k2bdr2w"},"id":"lm5qq21xi27uka0","previousOperationId":"zq6p7mpzh62nibh"}
{"type":"operationEnd","subtype":"render","operationId":"u62mlmoma8ldz52","timestamp":1664709460162,"id":"aopetqtzxld4q31","previousEventId":"hjag2cr1laq2r7s","previousOperationId":"zq6p7mpzh62nibh"}
{"type":"operationEnd","doDiffs":false,"previousEventId":"7e6l34ov85fk68d","previousOperationId":"uv3ipidghc5lrb6","operationId":"uv3ipidghc5lrb6","timestamp":1664709460174,"id":"7gn6l23dkr5oj7d"}
