{"type":"operationStart","subtype":"profile","data":{"_id":"K784fsnmy9SOsUmf","timestamp":"2022-09-08T09:23:17.347Z","state":"queued","mode":"standard","creationDate":"2022-09-08T09:23:17.352Z","modificationDate":"2022-09-08T09:23:17.352Z","shortid":"8_zUKIj","$entitySet":"profiles"},"doDiffs":false,"timestamp":1662628997350,"id":"53cdrxomumhzgmu","previousOperationId":null,"operationId":"6rky5gelxxwjizx"}
{"type":"log","level":"info","message":"Render request 1 queued for execution and waiting for available worker","previousOperationId":"6rky5gelxxwjizx","timestamp":1662628997350,"id":"eoy61gew2bkrq89"}
{"type":"operationStart","subtype":"render","name":"anonymous","previousOperationId":"6rky5gelxxwjizx","timestamp":1662628997383,"id":"xbyg0h5srhc51qa","previousEventId":"53cdrxomumhzgmu","operationId":"2hq7xemkaw7ruls"}
{"type":"log","timestamp":1662628997385,"level":"info","message":"Starting rendering request 1 (user: null)","meta":{"rootId":"zk69fcyw97an17l","id":"zk69fcyw97an17l"},"id":"wt9gumi8sgu1qkg","previousOperationId":"2hq7xemkaw7ruls"}
{"type":"log","timestamp":1662628997387,"level":"info","message":"Rendering anonymous template { recipe: chrome-pdf, engine: handlebars }","meta":{"rootId":"zk69fcyw97an17l","id":"zk69fcyw97an17l"},"id":"l8shvy9if2hshqt","previousOperationId":"2hq7xemkaw7ruls"}
{"type":"log","timestamp":1662628997388,"level":"debug","message":"Inline data specified.","meta":{"rootId":"zk69fcyw97an17l","id":"zk69fcyw97an17l"},"id":"un5e8tlxt5nsqnn","previousOperationId":"2hq7xemkaw7ruls"}
{"type":"log","timestamp":1662628997398,"level":"debug","message":"Base url not specified, skipping its injection.","meta":{"rootId":"zk69fcyw97an17l","id":"zk69fcyw97an17l"},"id":"63wr2gojb7w0hrq","previousOperationId":"2hq7xemkaw7ruls"}
{"type":"operationStart","subtype":"engine","name":"handlebars","timestamp":1662628997401,"id":"rxcahd8dwlyk383","previousEventId":"xbyg0h5srhc51qa","operationId":"2cvw8d64suxx54z","previousOperationId":"2hq7xemkaw7ruls"}
{"type":"log","timestamp":1662628997401,"level":"debug","message":"Rendering engine handlebars","meta":{"rootId":"zk69fcyw97an17l","id":"zk69fcyw97an17l"},"id":"nccwcpsnhb6c0cj","previousOperationId":"2cvw8d64suxx54z"}
{"type":"operationEnd","operationId":"2cvw8d64suxx54z","timestamp":1662628998899,"id":"uxvc28i9vdexqzt","previousEventId":"rxcahd8dwlyk383","previousOperationId":"2cvw8d64suxx54z"}
{"type":"operationStart","subtype":"recipe","name":"chrome-pdf","timestamp":1662628998901,"id":"1n4hs53zn9okn8h","previousEventId":"uxvc28i9vdexqzt","operationId":"x5qkj3hzdlo2nlv","previousOperationId":"2cvw8d64suxx54z"}
{"type":"log","timestamp":1662628998901,"level":"debug","message":"Executing recipe chrome-pdf","meta":{"rootId":"zk69fcyw97an17l","id":"zk69fcyw97an17l"},"id":"9fxzidfdbqq33sv","previousOperationId":"x5qkj3hzdlo2nlv"}
{"type":"log","timestamp":1662628999341,"level":"debug","message":"Starting child request to render pdf header","meta":{"rootId":"zk69fcyw97an17l","id":"zk69fcyw97an17l"},"id":"784hlge6ycfkyuh","previousOperationId":"x5qkj3hzdlo2nlv"}
{"type":"operationStart","subtype":"render","name":"anonymous","previousOperationId":"x5qkj3hzdlo2nlv","timestamp":1662628999342,"id":"izc8zsxexi1sqtj","previousEventId":"1n4hs53zn9okn8h","operationId":"pjq14q9otcysos6"}
{"type":"log","timestamp":1662628999342,"level":"info","message":"Starting rendering request 1 (user: null)","meta":{"rootId":"zk69fcyw97an17l","id":"2blnozsdnd1ozm8"},"id":"4az44sazcdvogiz","previousOperationId":"pjq14q9otcysos6"}
{"type":"log","timestamp":1662628999343,"level":"info","message":"Rendering anonymous template { recipe: html, engine: handlebars }","meta":{"rootId":"zk69fcyw97an17l","id":"2blnozsdnd1ozm8"},"id":"jg8wvomkqtd6kxu","previousOperationId":"pjq14q9otcysos6"}
{"type":"log","timestamp":1662628999343,"level":"debug","message":"Inline data specified.","meta":{"rootId":"zk69fcyw97an17l","id":"2blnozsdnd1ozm8"},"id":"vy2khqek0o9kk8e","previousOperationId":"pjq14q9otcysos6"}
{"type":"log","timestamp":1662628999345,"level":"debug","message":"Base url not specified, skipping its injection.","meta":{"rootId":"zk69fcyw97an17l","id":"2blnozsdnd1ozm8"},"id":"m2yno7i9amrqnzk","previousOperationId":"pjq14q9otcysos6"}
{"type":"log","timestamp":1662628999358,"level":"debug","message":"Replaced assets [\"./src/reporting/assets/logo.png\"]","meta":{"rootId":"zk69fcyw97an17l","id":"2blnozsdnd1ozm8"},"id":"xafbty9i3e24s9h","previousOperationId":"pjq14q9otcysos6"}
{"type":"operationStart","subtype":"engine","name":"handlebars","timestamp":1662628999358,"id":"x3xis2hvzcvgvub","previousEventId":"izc8zsxexi1sqtj","operationId":"ymt6t0orv0qpl3l","previousOperationId":"pjq14q9otcysos6"}
{"type":"log","timestamp":1662628999358,"level":"debug","message":"Rendering engine handlebars","meta":{"rootId":"zk69fcyw97an17l","id":"2blnozsdnd1ozm8"},"id":"mhttey5t4adsj38","previousOperationId":"ymt6t0orv0qpl3l"}
{"type":"operationEnd","operationId":"ymt6t0orv0qpl3l","timestamp":1662628999408,"id":"3diatu18p6dl5te","previousEventId":"x3xis2hvzcvgvub","previousOperationId":"ymt6t0orv0qpl3l"}
{"type":"operationStart","subtype":"recipe","name":"html","timestamp":1662628999408,"id":"iuayvoc6j1a6c85","previousEventId":"3diatu18p6dl5te","operationId":"daykub5lelemvqw","previousOperationId":"ymt6t0orv0qpl3l"}
{"type":"log","timestamp":1662628999408,"level":"debug","message":"Executing recipe html","meta":{"rootId":"zk69fcyw97an17l","id":"2blnozsdnd1ozm8"},"id":"q9dtniro6x2d6dk","previousOperationId":"daykub5lelemvqw"}
{"type":"operationEnd","operationId":"daykub5lelemvqw","timestamp":1662628999409,"id":"apj4itrca6w8duu","previousEventId":"iuayvoc6j1a6c85","previousOperationId":"daykub5lelemvqw"}
{"type":"log","timestamp":1662628999410,"level":"debug","message":"Skipping storing report.","meta":{"rootId":"zk69fcyw97an17l","id":"2blnozsdnd1ozm8"},"id":"12w76jijo73amzn","previousOperationId":"daykub5lelemvqw"}
{"type":"log","timestamp":1662628999411,"level":"info","message":"Rendering request 1 finished in 2065 ms","meta":{"rootId":"zk69fcyw97an17l","id":"2blnozsdnd1ozm8"},"id":"r3qj4nliwuevgnr","previousOperationId":"daykub5lelemvqw"}
{"type":"operationEnd","subtype":"render","operationId":"pjq14q9otcysos6","timestamp":1662628999411,"id":"tjgh65wxgj0xm8e","previousEventId":"apj4itrca6w8duu","previousOperationId":"daykub5lelemvqw"}
{"type":"log","timestamp":1662628999411,"level":"debug","message":"Starting child request to render pdf footer","meta":{"rootId":"zk69fcyw97an17l","id":"zk69fcyw97an17l"},"id":"bo85pyqbzb9dj70","previousOperationId":"x5qkj3hzdlo2nlv"}
{"type":"operationStart","subtype":"render","name":"anonymous","previousOperationId":"x5qkj3hzdlo2nlv","timestamp":1662628999411,"id":"rwosc81knuxfcz2","previousEventId":"1n4hs53zn9okn8h","operationId":"0jn631cqgvuhr03"}
{"type":"log","timestamp":1662628999412,"level":"info","message":"Starting rendering request 1 (user: null)","meta":{"rootId":"zk69fcyw97an17l","id":"t3qkwfkqmd91qte"},"id":"mm0tdnbpc4aejm3","previousOperationId":"0jn631cqgvuhr03"}
{"type":"log","timestamp":1662628999412,"level":"info","message":"Rendering anonymous template { recipe: html, engine: handlebars }","meta":{"rootId":"zk69fcyw97an17l","id":"t3qkwfkqmd91qte"},"id":"jf9u4z2is9xn4db","previousOperationId":"0jn631cqgvuhr03"}
{"type":"log","timestamp":1662628999412,"level":"debug","message":"Inline data specified.","meta":{"rootId":"zk69fcyw97an17l","id":"t3qkwfkqmd91qte"},"id":"ltp4r77kge4nbao","previousOperationId":"0jn631cqgvuhr03"}
{"type":"log","timestamp":1662628999414,"level":"debug","message":"Base url not specified, skipping its injection.","meta":{"rootId":"zk69fcyw97an17l","id":"t3qkwfkqmd91qte"},"id":"kvlzb4xt9mk1kl7","previousOperationId":"0jn631cqgvuhr03"}
{"type":"operationStart","subtype":"engine","name":"handlebars","timestamp":1662628999415,"id":"zaplob0n53z8zns","previousEventId":"rwosc81knuxfcz2","operationId":"d0m2jqsatqkbk84","previousOperationId":"0jn631cqgvuhr03"}
{"type":"log","timestamp":1662628999415,"level":"debug","message":"Rendering engine handlebars","meta":{"rootId":"zk69fcyw97an17l","id":"t3qkwfkqmd91qte"},"id":"hrsvsd6ilgr72pa","previousOperationId":"d0m2jqsatqkbk84"}
{"type":"operationEnd","operationId":"d0m2jqsatqkbk84","timestamp":1662628999452,"id":"jly39a8rhmvvf2f","previousEventId":"zaplob0n53z8zns","previousOperationId":"d0m2jqsatqkbk84"}
{"type":"operationStart","subtype":"recipe","name":"html","timestamp":1662628999453,"id":"8fl87b5bicw45pk","previousEventId":"jly39a8rhmvvf2f","operationId":"t0m2mpdrqfwmiog","previousOperationId":"d0m2jqsatqkbk84"}
{"type":"log","timestamp":1662628999454,"level":"debug","message":"Executing recipe html","meta":{"rootId":"zk69fcyw97an17l","id":"t3qkwfkqmd91qte"},"id":"igjp9m96etseegx","previousOperationId":"t0m2mpdrqfwmiog"}
{"type":"operationEnd","operationId":"t0m2mpdrqfwmiog","timestamp":1662628999454,"id":"isc337qzlhyb86d","previousEventId":"8fl87b5bicw45pk","previousOperationId":"t0m2mpdrqfwmiog"}
{"type":"log","timestamp":1662628999454,"level":"debug","message":"Skipping storing report.","meta":{"rootId":"zk69fcyw97an17l","id":"t3qkwfkqmd91qte"},"id":"31nywcr9vsgvjvl","previousOperationId":"t0m2mpdrqfwmiog"}
{"type":"log","timestamp":1662628999454,"level":"info","message":"Rendering request 1 finished in 2109 ms","meta":{"rootId":"zk69fcyw97an17l","id":"t3qkwfkqmd91qte"},"id":"wg234o48zg6ammz","previousOperationId":"t0m2mpdrqfwmiog"}
{"type":"operationEnd","subtype":"render","operationId":"0jn631cqgvuhr03","timestamp":1662628999454,"id":"qrohxmf4fvd3mbh","previousEventId":"isc337qzlhyb86d","previousOperationId":"t0m2mpdrqfwmiog"}
{"type":"log","timestamp":1662629000499,"level":"debug","message":"Converting with chrome HeadlessChrome/98.0.4758.0 using chrome-pool strategy","meta":{"rootId":"zk69fcyw97an17l","id":"zk69fcyw97an17l"},"id":"iuxe4ie04gqfod5","previousOperationId":"x5qkj3hzdlo2nlv"}
{"type":"log","timestamp":1662629001611,"level":"debug","message":"Page request: GET (document) file:///var/folders/8m/98z140gs3yzbw6jqmpbh8b8m0000gn/T/jsreport/autocleanup/9b4e0dbd-b927-4795-b8ce-b4eabcd768c6-chrome-pdf.html","meta":{"rootId":"zk69fcyw97an17l","id":"zk69fcyw97an17l"},"id":"anic5z79xww5rli","previousOperationId":"x5qkj3hzdlo2nlv"}
{"type":"log","timestamp":1662629001631,"level":"debug","message":"Page request finished: GET (document) file:///var/folders/8m/98z140gs3yzbw6jqmpbh8b8m0000gn/T/jsreport/autocleanup/9b4e0dbd-b927-4795-b8ce-b4eabcd768c6-chrome-pdf.html","meta":{"rootId":"zk69fcyw97an17l","id":"zk69fcyw97an17l"},"id":"c8d8720rzm9t52h","previousOperationId":"x5qkj3hzdlo2nlv"}
{"type":"log","timestamp":1662629001637,"level":"debug","message":"Page request: GET (stylesheet) https://fonts.googleapis.com/css2?family=Montserrat:wght@500&family=Open+Sans:wght@300&display=swap","meta":{"rootId":"zk69fcyw97an17l","id":"zk69fcyw97an17l"},"id":"81e1zs4r0dkc8gd","previousOperationId":"x5qkj3hzdlo2nlv"}
{"type":"log","timestamp":1662629002022,"level":"debug","message":"Page request finished: GET (stylesheet) 200 https://fonts.googleapis.com/css2?family=Montserrat:wght@500&family=Open+Sans:wght@300&display=swap","meta":{"rootId":"zk69fcyw97an17l","id":"zk69fcyw97an17l"},"id":"nomjatio8o7u8hk","previousOperationId":"x5qkj3hzdlo2nlv"}
{"type":"log","timestamp":1662629002060,"level":"debug","message":"Page request: GET (font) https://fonts.gstatic.com/s/opensans/v34/memSYaGs126MiZpBA-UvWbX2vVnXBbObj2OVZyOOSr4dVJWUgsiH0B4gaVQUwaEQbjA.woff","meta":{"rootId":"zk69fcyw97an17l","id":"zk69fcyw97an17l"},"id":"gxv8c4l90vrn4jm","previousOperationId":"x5qkj3hzdlo2nlv"}
{"type":"log","timestamp":1662629002068,"level":"debug","message":"Running chrome with params {\"scale\":1,\"displayHeaderFooter\":true,\"headerTemplate\":\"...\",\"footerTemplate\":\"...\",\"printBackground\":true,\"pageRanges\":\"\",\"format\":\"A4\",\"width\":\"\",\"height\":\"\",\"marginTop\":\"350px\",\"marginRight\":\"20px\",\"marginBottom\":\"80px\",\"marginLeft\":\"20px\",\"waitForJS\":false,\"waitForNetworkIddle\":false,\"timeout\":57890,\"waitForNetworkIdle\":false,\"margin\":{\"top\":\"350px\",\"right\":\"20px\",\"bottom\":\"80px\",\"left\":\"20px\"}}","meta":{"rootId":"zk69fcyw97an17l","id":"zk69fcyw97an17l"},"id":"e8fsolpng1suj1n","previousOperationId":"x5qkj3hzdlo2nlv"}
{"type":"log","timestamp":1662629002081,"level":"debug","message":"Page request: GET (font) https://fonts.gstatic.com/s/opensans/v34/memSYaGs126MiZpBA-UvWbX2vVnXBbObj2OVZyOOSr4dVJWUgsiH0B4gaVQUwaEQbjA.woff","meta":{"rootId":"zk69fcyw97an17l","id":"zk69fcyw97an17l"},"id":"1pjuxrz76e97n9d","previousOperationId":"x5qkj3hzdlo2nlv"}
{"type":"operationEnd","operationId":"x5qkj3hzdlo2nlv","timestamp":1662629002372,"id":"jc6g1a60vzpay2h","previousEventId":"1n4hs53zn9okn8h","previousOperationId":"x5qkj3hzdlo2nlv"}
{"type":"log","timestamp":1662629002372,"level":"debug","message":"Skipping storing report.","meta":{"rootId":"zk69fcyw97an17l","id":"zk69fcyw97an17l"},"id":"l4oivxqmj592sxo","previousOperationId":"x5qkj3hzdlo2nlv"}
{"type":"log","timestamp":1662629002372,"level":"info","message":"Rendering request 1 finished in 5027 ms","meta":{"rootId":"zk69fcyw97an17l","id":"zk69fcyw97an17l"},"id":"gowe4rmozxetgsv","previousOperationId":"x5qkj3hzdlo2nlv"}
{"type":"operationEnd","subtype":"render","operationId":"2hq7xemkaw7ruls","timestamp":1662629002373,"id":"78gt6bnyn6wfkjp","previousEventId":"jc6g1a60vzpay2h","previousOperationId":"x5qkj3hzdlo2nlv"}
{"type":"operationEnd","doDiffs":false,"previousEventId":"53cdrxomumhzgmu","previousOperationId":"6rky5gelxxwjizx","operationId":"6rky5gelxxwjizx","timestamp":1662629002381,"id":"zmhk00lx1mom35z"}
