{"type":"operationStart","subtype":"profile","data":{"_id":"XQJTsx6DUeeoTy51","timestamp":"2022-10-02T11:29:31.379Z","state":"queued","mode":"standard","creationDate":"2022-10-02T11:29:31.390Z","modificationDate":"2022-10-02T11:29:31.390Z","shortid":"nT4iSe8","$entitySet":"profiles"},"doDiffs":false,"timestamp":1664710171386,"id":"s7apob3sn8dzph1","previousOperationId":null,"operationId":"422sjrfg4rlq15q"}
{"type":"log","level":"info","message":"Render request 1 queued for execution and waiting for available worker","previousOperationId":"422sjrfg4rlq15q","timestamp":1664710171387,"id":"69ivnfqley7hzy7"}
{"type":"operationStart","subtype":"render","name":"anonymous","previousOperationId":"422sjrfg4rlq15q","timestamp":1664710171575,"id":"v2f3yiz1lhksiwp","previousEventId":"s7apob3sn8dzph1","operationId":"u1v7jv9tfooltav"}
{"type":"log","timestamp":1664710171581,"level":"info","message":"Starting rendering request 1 (user: null)","meta":{"rootId":"zulub4m2eu97uue","id":"zulub4m2eu97uue"},"id":"cu73m5gysbynqtb","previousOperationId":"u1v7jv9tfooltav"}
{"type":"log","timestamp":1664710171591,"level":"info","message":"Rendering anonymous template { recipe: chrome-pdf, engine: handlebars }","meta":{"rootId":"zulub4m2eu97uue","id":"zulub4m2eu97uue"},"id":"rkd206tspwkr9ma","previousOperationId":"u1v7jv9tfooltav"}
{"type":"log","timestamp":1664710171592,"level":"debug","message":"Inline data specified.","meta":{"rootId":"zulub4m2eu97uue","id":"zulub4m2eu97uue"},"id":"v1gmscrgu8fzggo","previousOperationId":"u1v7jv9tfooltav"}
{"type":"log","timestamp":1664710171644,"level":"debug","message":"Base url not specified, skipping its injection.","meta":{"rootId":"zulub4m2eu97uue","id":"zulub4m2eu97uue"},"id":"r2uzoq2asvbuavh","previousOperationId":"u1v7jv9tfooltav"}
{"type":"operationStart","subtype":"engine","name":"handlebars","timestamp":1664710171649,"id":"k82nf6mlyghqaha","previousEventId":"v2f3yiz1lhksiwp","operationId":"9d5wc6nu6ysanfv","previousOperationId":"u1v7jv9tfooltav"}
{"type":"log","timestamp":1664710171649,"level":"debug","message":"Rendering engine handlebars","meta":{"rootId":"zulub4m2eu97uue","id":"zulub4m2eu97uue"},"id":"7ocg25vn1ftr270","previousOperationId":"9d5wc6nu6ysanfv"}
{"type":"operationEnd","operationId":"9d5wc6nu6ysanfv","timestamp":1664710174504,"id":"6akl6xt2wk1mo3u","previousEventId":"k82nf6mlyghqaha","previousOperationId":"9d5wc6nu6ysanfv"}
{"type":"operationStart","subtype":"recipe","name":"chrome-pdf","timestamp":1664710174506,"id":"0wnbhx3itoqbks2","previousEventId":"6akl6xt2wk1mo3u","operationId":"id257rqpaead1hq","previousOperationId":"9d5wc6nu6ysanfv"}
{"type":"log","timestamp":1664710174506,"level":"debug","message":"Executing recipe chrome-pdf","meta":{"rootId":"zulub4m2eu97uue","id":"zulub4m2eu97uue"},"id":"jlku35o3kb5n20y","previousOperationId":"id257rqpaead1hq"}
{"type":"log","timestamp":1664710175048,"level":"debug","message":"Starting child request to render pdf header","meta":{"rootId":"zulub4m2eu97uue","id":"zulub4m2eu97uue"},"id":"tek6n1psm5zcx4a","previousOperationId":"id257rqpaead1hq"}
{"type":"operationStart","subtype":"render","name":"anonymous","previousOperationId":"id257rqpaead1hq","timestamp":1664710175054,"id":"ea4z71c14wqwgit","previousEventId":"0wnbhx3itoqbks2","operationId":"rxtqmhqi6m7a9z7"}
{"type":"log","timestamp":1664710175054,"level":"info","message":"Starting rendering request 1 (user: null)","meta":{"rootId":"zulub4m2eu97uue","id":"ii7lckun2gekubo"},"id":"83boa4cspj9vt22","previousOperationId":"rxtqmhqi6m7a9z7"}
{"type":"log","timestamp":1664710175055,"level":"info","message":"Rendering anonymous template { recipe: html, engine: handlebars }","meta":{"rootId":"zulub4m2eu97uue","id":"ii7lckun2gekubo"},"id":"uekmh6qmj3gqgyj","previousOperationId":"rxtqmhqi6m7a9z7"}
{"type":"log","timestamp":1664710175055,"level":"debug","message":"Inline data specified.","meta":{"rootId":"zulub4m2eu97uue","id":"ii7lckun2gekubo"},"id":"bg7te4tz8tohwj6","previousOperationId":"rxtqmhqi6m7a9z7"}
{"type":"log","timestamp":1664710175062,"level":"debug","message":"Base url not specified, skipping its injection.","meta":{"rootId":"zulub4m2eu97uue","id":"ii7lckun2gekubo"},"id":"hoh43o3kuf73oeg","previousOperationId":"rxtqmhqi6m7a9z7"}
{"type":"log","timestamp":1664710175085,"level":"debug","message":"Replaced assets [\"./src/reporting/assets/logo.png\"]","meta":{"rootId":"zulub4m2eu97uue","id":"ii7lckun2gekubo"},"id":"o9xtfii4lm073be","previousOperationId":"rxtqmhqi6m7a9z7"}
{"type":"operationStart","subtype":"engine","name":"handlebars","timestamp":1664710175085,"id":"1zjxvjopgag9xfj","previousEventId":"ea4z71c14wqwgit","operationId":"rv5i9gd1uugrqd8","previousOperationId":"rxtqmhqi6m7a9z7"}
{"type":"log","timestamp":1664710175085,"level":"debug","message":"Rendering engine handlebars","meta":{"rootId":"zulub4m2eu97uue","id":"ii7lckun2gekubo"},"id":"4jqkwfw9uta6srv","previousOperationId":"rv5i9gd1uugrqd8"}
{"type":"operationEnd","operationId":"rv5i9gd1uugrqd8","timestamp":1664710175170,"id":"mq54opu4f8lxs5w","previousEventId":"1zjxvjopgag9xfj","previousOperationId":"rv5i9gd1uugrqd8"}
{"type":"operationStart","subtype":"recipe","name":"html","timestamp":1664710175171,"id":"0bb484vm0yoos7n","previousEventId":"mq54opu4f8lxs5w","operationId":"4zpqquq4feu9lt3","previousOperationId":"rv5i9gd1uugrqd8"}
{"type":"log","timestamp":1664710175171,"level":"debug","message":"Executing recipe html","meta":{"rootId":"zulub4m2eu97uue","id":"ii7lckun2gekubo"},"id":"n7i4je33xupcub2","previousOperationId":"4zpqquq4feu9lt3"}
{"type":"operationEnd","operationId":"4zpqquq4feu9lt3","timestamp":1664710175171,"id":"dyfpydoajds1yl8","previousEventId":"0bb484vm0yoos7n","previousOperationId":"4zpqquq4feu9lt3"}
{"type":"log","timestamp":1664710175183,"level":"debug","message":"Skipping storing report.","meta":{"rootId":"zulub4m2eu97uue","id":"ii7lckun2gekubo"},"id":"n7dh5x7mwcgs6wi","previousOperationId":"4zpqquq4feu9lt3"}
{"type":"log","timestamp":1664710175184,"level":"info","message":"Rendering request 1 finished in 3809 ms","meta":{"rootId":"zulub4m2eu97uue","id":"ii7lckun2gekubo"},"id":"8adymsp691rv3ey","previousOperationId":"4zpqquq4feu9lt3"}
{"type":"operationEnd","subtype":"render","operationId":"rxtqmhqi6m7a9z7","timestamp":1664710175184,"id":"9sa3scfzpvo17x1","previousEventId":"dyfpydoajds1yl8","previousOperationId":"4zpqquq4feu9lt3"}
{"type":"log","timestamp":1664710175184,"level":"debug","message":"Starting child request to render pdf footer","meta":{"rootId":"zulub4m2eu97uue","id":"zulub4m2eu97uue"},"id":"pyaqgmfibi1mawd","previousOperationId":"id257rqpaead1hq"}
{"type":"operationStart","subtype":"render","name":"anonymous","previousOperationId":"id257rqpaead1hq","timestamp":1664710175185,"id":"l9un44miq7k2hnu","previousEventId":"0wnbhx3itoqbks2","operationId":"oqj3rwubbh985c9"}
{"type":"log","timestamp":1664710175185,"level":"info","message":"Starting rendering request 1 (user: null)","meta":{"rootId":"zulub4m2eu97uue","id":"iekbr5n2irxdg2t"},"id":"o8j4eceuc99224l","previousOperationId":"oqj3rwubbh985c9"}
{"type":"log","timestamp":1664710175186,"level":"info","message":"Rendering anonymous template { recipe: html, engine: handlebars }","meta":{"rootId":"zulub4m2eu97uue","id":"iekbr5n2irxdg2t"},"id":"rqcel5t5sv0nt0t","previousOperationId":"oqj3rwubbh985c9"}
{"type":"log","timestamp":1664710175186,"level":"debug","message":"Inline data specified.","meta":{"rootId":"zulub4m2eu97uue","id":"iekbr5n2irxdg2t"},"id":"v1euw09sbbyknui","previousOperationId":"oqj3rwubbh985c9"}
{"type":"log","timestamp":1664710175193,"level":"debug","message":"Base url not specified, skipping its injection.","meta":{"rootId":"zulub4m2eu97uue","id":"iekbr5n2irxdg2t"},"id":"3o1474eshz55odd","previousOperationId":"oqj3rwubbh985c9"}
{"type":"operationStart","subtype":"engine","name":"handlebars","timestamp":1664710175194,"id":"f5vnkl35kms71mr","previousEventId":"l9un44miq7k2hnu","operationId":"kkuuao86lzjs5yd","previousOperationId":"oqj3rwubbh985c9"}
{"type":"log","timestamp":1664710175194,"level":"debug","message":"Rendering engine handlebars","meta":{"rootId":"zulub4m2eu97uue","id":"iekbr5n2irxdg2t"},"id":"aw51wgw3i6tackm","previousOperationId":"kkuuao86lzjs5yd"}
{"type":"operationEnd","operationId":"kkuuao86lzjs5yd","timestamp":1664710175300,"id":"zp9wvfovk3r3d8k","previousEventId":"f5vnkl35kms71mr","previousOperationId":"kkuuao86lzjs5yd"}
{"type":"operationStart","subtype":"recipe","name":"html","timestamp":1664710175302,"id":"puwvn6fpdwvcoea","previousEventId":"zp9wvfovk3r3d8k","operationId":"jv7kuvcexc2apmk","previousOperationId":"kkuuao86lzjs5yd"}
{"type":"log","timestamp":1664710175302,"level":"debug","message":"Executing recipe html","meta":{"rootId":"zulub4m2eu97uue","id":"iekbr5n2irxdg2t"},"id":"5dpunwtgkj7leqv","previousOperationId":"jv7kuvcexc2apmk"}
{"type":"operationEnd","operationId":"jv7kuvcexc2apmk","timestamp":1664710175305,"id":"ym1301l7fbjrud8","previousEventId":"puwvn6fpdwvcoea","previousOperationId":"jv7kuvcexc2apmk"}
{"type":"log","timestamp":1664710175305,"level":"debug","message":"Skipping storing report.","meta":{"rootId":"zulub4m2eu97uue","id":"iekbr5n2irxdg2t"},"id":"9cmro74bqgiq7uz","previousOperationId":"jv7kuvcexc2apmk"}
{"type":"log","timestamp":1664710175305,"level":"info","message":"Rendering request 1 finished in 3930 ms","meta":{"rootId":"zulub4m2eu97uue","id":"iekbr5n2irxdg2t"},"id":"1wtxpoib9z3zywu","previousOperationId":"jv7kuvcexc2apmk"}
{"type":"operationEnd","subtype":"render","operationId":"oqj3rwubbh985c9","timestamp":1664710175305,"id":"trksuc49b5q4fdd","previousEventId":"ym1301l7fbjrud8","previousOperationId":"jv7kuvcexc2apmk"}
{"type":"log","timestamp":1664710178763,"level":"debug","message":"Converting with chrome HeadlessChrome/98.0.4758.0 using chrome-pool strategy","meta":{"rootId":"zulub4m2eu97uue","id":"zulub4m2eu97uue"},"id":"z9nclas5yy718d4","previousOperationId":"id257rqpaead1hq"}
{"type":"log","timestamp":1664710179917,"level":"debug","message":"Page request: GET (document) file:///var/folders/8m/98z140gs3yzbw6jqmpbh8b8m0000gn/T/jsreport/autocleanup/555ddb5b-f33b-4009-be16-f6548ce3210e-chrome-pdf.html","meta":{"rootId":"zulub4m2eu97uue","id":"zulub4m2eu97uue"},"id":"l2e5k7en8yumg9b","previousOperationId":"id257rqpaead1hq"}
{"type":"log","timestamp":1664710180028,"level":"debug","message":"Page request finished: GET (document) file:///var/folders/8m/98z140gs3yzbw6jqmpbh8b8m0000gn/T/jsreport/autocleanup/555ddb5b-f33b-4009-be16-f6548ce3210e-chrome-pdf.html","meta":{"rootId":"zulub4m2eu97uue","id":"zulub4m2eu97uue"},"id":"373zcufos9y6uw9","previousOperationId":"id257rqpaead1hq"}
{"type":"log","timestamp":1664710180046,"level":"debug","message":"Page request: GET (stylesheet) https://fonts.googleapis.com/css2?family=Montserrat:wght@500&family=Open+Sans:wght@300&display=swap","meta":{"rootId":"zulub4m2eu97uue","id":"zulub4m2eu97uue"},"id":"ogi5h63teifj4lg","previousOperationId":"id257rqpaead1hq"}
{"type":"log","timestamp":1664710180546,"level":"debug","message":"Page request finished: GET (stylesheet) 200 https://fonts.googleapis.com/css2?family=Montserrat:wght@500&family=Open+Sans:wght@300&display=swap","meta":{"rootId":"zulub4m2eu97uue","id":"zulub4m2eu97uue"},"id":"zutwykq19n7zvye","previousOperationId":"id257rqpaead1hq"}
{"type":"log","timestamp":1664710180651,"level":"debug","message":"Page request: GET (font) https://fonts.gstatic.com/s/opensans/v34/memSYaGs126MiZpBA-UvWbX2vVnXBbObj2OVZyOOSr4dVJWUgsiH0B4gaVQUwaEQbjA.woff","meta":{"rootId":"zulub4m2eu97uue","id":"zulub4m2eu97uue"},"id":"p2op458klouj1um","previousOperationId":"id257rqpaead1hq"}
{"type":"log","timestamp":1664710180666,"level":"debug","message":"Running chrome with params {\"scale\":1,\"displayHeaderFooter\":true,\"headerTemplate\":\"...\",\"footerTemplate\":\"...\",\"printBackground\":true,\"pageRanges\":\"\",\"format\":\"A4\",\"width\":\"\",\"height\":\"\",\"marginTop\":\"500px\",\"marginRight\":\"20px\",\"marginBottom\":\"80px\",\"marginLeft\":\"20px\",\"waitForJS\":false,\"waitForNetworkIddle\":false,\"timeout\":56069,\"waitForNetworkIdle\":false,\"margin\":{\"top\":\"500px\",\"right\":\"20px\",\"bottom\":\"80px\",\"left\":\"20px\"}}","meta":{"rootId":"zulub4m2eu97uue","id":"zulub4m2eu97uue"},"id":"4ckawfkh56fqq8g","previousOperationId":"id257rqpaead1hq"}
{"type":"log","timestamp":1664710180729,"level":"debug","message":"Page request: GET (font) https://fonts.gstatic.com/s/opensans/v34/memSYaGs126MiZpBA-UvWbX2vVnXBbObj2OVZyOOSr4dVJWUgsiH0B4gaVQUwaEQbjA.woff","meta":{"rootId":"zulub4m2eu97uue","id":"zulub4m2eu97uue"},"id":"cgl9nu4xg5krww5","previousOperationId":"id257rqpaead1hq"}
{"type":"log","timestamp":1664710181252,"level":"debug","message":"Page request finished: GET (font) 200 https://fonts.gstatic.com/s/opensans/v34/memSYaGs126MiZpBA-UvWbX2vVnXBbObj2OVZyOOSr4dVJWUgsiH0B4gaVQUwaEQbjA.woff","meta":{"rootId":"zulub4m2eu97uue","id":"zulub4m2eu97uue"},"id":"ukeloiry9g5tocz","previousOperationId":"id257rqpaead1hq"}
{"type":"operationEnd","operationId":"id257rqpaead1hq","timestamp":1664710181442,"id":"sqawfa22gx8i6rd","previousEventId":"0wnbhx3itoqbks2","previousOperationId":"id257rqpaead1hq"}
{"type":"log","timestamp":1664710181442,"level":"debug","message":"Skipping storing report.","meta":{"rootId":"zulub4m2eu97uue","id":"zulub4m2eu97uue"},"id":"vppxmeussw9yru5","previousOperationId":"id257rqpaead1hq"}
{"type":"log","timestamp":1664710181443,"level":"info","message":"Rendering request 1 finished in 10068 ms","meta":{"rootId":"zulub4m2eu97uue","id":"zulub4m2eu97uue"},"id":"pj2dxt4ivbh81uv","previousOperationId":"id257rqpaead1hq"}
{"type":"operationEnd","subtype":"render","operationId":"u1v7jv9tfooltav","timestamp":1664710181443,"id":"1gc3hk3rjarl09g","previousEventId":"sqawfa22gx8i6rd","previousOperationId":"id257rqpaead1hq"}
{"type":"operationEnd","doDiffs":false,"previousEventId":"s7apob3sn8dzph1","previousOperationId":"422sjrfg4rlq15q","operationId":"422sjrfg4rlq15q","timestamp":1664710181464,"id":"b6vskqc6ri1y0t6"}
